<?xml version="1.0" encoding="utf-8"?>
<TestRun id="6b5e74df-a8ae-484e-b36f-5fd057660bd4" name="@mac 2025-09-12 21:11:07" xmlns="http://microsoft.com/schemas/VisualStudio/TeamTest/2010">
  <Times creation="2025-09-12T21:11:07.3297860-05:00" queuing="2025-09-12T21:11:07.3297860-05:00" start="2025-09-12T21:11:06.9111380-05:00" finish="2025-09-12T21:11:09.6337460-05:00" />
  <TestSettings name="default" id="ec0f9461-acff-43fa-9c6a-81d54fd105df">
    <Deployment runDeploymentRoot="_mac_2025-09-12_21_11_07" />
  </TestSettings>
  <Results>
    <UnitTestResult executionId="fd0904d6-57f7-4bb0-a6c7-979e79d879f1" testId="8e56ee2d-296c-f180-2ad1-a3abd5b19292" testName="Appostolic.Api.Tests.AgentOrchestratorTests.ToolMissing_FailsWithToolNotFound" computerName="mac" duration="00:00:00.0030818" startTime="2025-09-12T21:11:07.9099170-05:00" endTime="2025-09-12T21:11:07.9099170-05:00" testType="13cdc9d9-ddb5-4fa4-a97d-d965ccfc6d4b" outcome="Passed" testListId="8c84fa94-04c1-424b-9868-57a2d4851a1d" relativeResultsDirectory="fd0904d6-57f7-4bb0-a6c7-979e79d879f1" />
    <UnitTestResult executionId="9d9ac7ec-6a67-40c8-8764-f737744c5931" testId="811026c2-41ce-4e18-121d-862774cd6272" testName="DbQueryToolTests.Select_lessons_where_id_param_object" computerName="mac" duration="00:00:00.0098952" startTime="2025-09-12T21:11:08.3639190-05:00" endTime="2025-09-12T21:11:08.3639190-05:00" testType="13cdc9d9-ddb5-4fa4-a97d-d965ccfc6d4b" outcome="Passed" testListId="8c84fa94-04c1-424b-9868-57a2d4851a1d" relativeResultsDirectory="9d9ac7ec-6a67-40c8-8764-f737744c5931" />
    <UnitTestResult executionId="bc1b0672-1237-40c7-b515-0943ad0feb3c" testId="94524c04-7158-8472-e876-43b26f76e4f4" testName="Appostolic.Api.Tests.AgentTasks.AgentTasksListFilterPaginationTests.FreeText_Q_Search_On_Input_And_User" computerName="mac" duration="00:00:00.0202966" startTime="2025-09-12T21:11:09.5852530-05:00" endTime="2025-09-12T21:11:09.5852530-05:00" testType="13cdc9d9-ddb5-4fa4-a97d-d965ccfc6d4b" outcome="Passed" testListId="8c84fa94-04c1-424b-9868-57a2d4851a1d" relativeResultsDirectory="bc1b0672-1237-40c7-b515-0943ad0feb3c" />
    <UnitTestResult executionId="013f4e61-7148-4899-a013-a22ad380fce6" testId="cc013720-f8b7-b972-40e8-34c7328bfdae" testName="Appostolic.Api.Tests.Orchestrator.AgentOrchestratorTests.ToolNotAllowed_FailsAndTracesFailure" computerName="mac" duration="00:00:00.0033448" startTime="2025-09-12T21:11:07.9036140-05:00" endTime="2025-09-12T21:11:07.9036150-05:00" testType="13cdc9d9-ddb5-4fa4-a97d-d965ccfc6d4b" outcome="Passed" testListId="8c84fa94-04c1-424b-9868-57a2d4851a1d" relativeResultsDirectory="013f4e61-7148-4899-a013-a22ad380fce6" />
    <UnitTestResult executionId="42cf1eae-60be-4770-ab16-bffd2cbe15b7" testId="a00d92b0-35aa-1e7c-b5ff-79738a042c12" testName="Appostolic.Api.Tests.SendGridEmailSenderTests.Throws_on_400" computerName="mac" duration="00:00:00.0072654" startTime="2025-09-12T21:11:07.3277100-05:00" endTime="2025-09-12T21:11:07.3277100-05:00" testType="13cdc9d9-ddb5-4fa4-a97d-d965ccfc6d4b" outcome="Passed" testListId="8c84fa94-04c1-424b-9868-57a2d4851a1d" relativeResultsDirectory="42cf1eae-60be-4770-ab16-bffd2cbe15b7" />
    <UnitTestResult executionId="6bed713d-13d8-4928-9c2a-bc9d140f9f49" testId="b672c70e-eca2-f979-b482-5169b705a205" testName="Appostolic.Api.Tests.Api.AgentsEndpointsTests.Agents_CRUD_HappyPath" computerName="mac" duration="00:00:00.4118782" startTime="2025-09-12T21:11:08.7618770-05:00" endTime="2025-09-12T21:11:08.7618770-05:00" testType="13cdc9d9-ddb5-4fa4-a97d-d965ccfc6d4b" outcome="Passed" testListId="8c84fa94-04c1-424b-9868-57a2d4851a1d" relativeResultsDirectory="6bed713d-13d8-4928-9c2a-bc9d140f9f49" />
    <UnitTestResult executionId="b6b4e06f-1aee-4816-88f2-16cc8239186b" testId="c64a9991-8173-cdf8-9198-d5935257f1a8" testName="Appostolic.Api.Tests.E2E.AgentTasksE2E_Concurrency.Worker_Processes_Many_Tasks_Reliably" computerName="mac" duration="00:00:01.4221162" startTime="2025-09-12T21:11:09.4140930-05:00" endTime="2025-09-12T21:11:09.4140930-05:00" testType="13cdc9d9-ddb5-4fa4-a97d-d965ccfc6d4b" outcome="Passed" testListId="8c84fa94-04c1-424b-9868-57a2d4851a1d" relativeResultsDirectory="b6b4e06f-1aee-4816-88f2-16cc8239186b" />
    <UnitTestResult executionId="58b2edda-0bcd-4426-93e8-3954b3021ba3" testId="1cfc69b2-92d0-7e18-c868-129765966147" testName="Appostolic.Api.Tests.Auth.SignupTests.Signup_SelfServe_CreatesUserAndPersonalTenant" computerName="mac" duration="00:00:01.9020574" startTime="2025-09-12T21:11:09.2308650-05:00" endTime="2025-09-12T21:11:09.2308660-05:00" testType="13cdc9d9-ddb5-4fa4-a97d-d965ccfc6d4b" outcome="Passed" testListId="8c84fa94-04c1-424b-9868-57a2d4851a1d" relativeResultsDirectory="58b2edda-0bcd-4426-93e8-3954b3021ba3" />
    <UnitTestResult executionId="de3650ec-7672-4859-ae0e-b7b070ef5cdf" testId="ec039bf7-f831-a8e3-834c-89707ff2f6d2" testName="Appostolic.Api.Tests.NotificationEnqueuerTests.QueueVerification_uses_relative_when_base_missing" computerName="mac" duration="00:00:00.0019679" startTime="2025-09-12T21:11:07.9206850-05:00" endTime="2025-09-12T21:11:07.9206850-05:00" testType="13cdc9d9-ddb5-4fa4-a97d-d965ccfc6d4b" outcome="Passed" testListId="8c84fa94-04c1-424b-9868-57a2d4851a1d" relativeResultsDirectory="de3650ec-7672-4859-ae0e-b7b070ef5cdf" />
    <UnitTestResult executionId="d4cd62b7-70f9-4072-b8f9-5b19278e0c53" testId="1aa96e1c-162f-87b8-360d-29c19b3b2c73" testName="DbQueryToolTests.Unknown_table_fails" computerName="mac" duration="00:00:00.0872704" startTime="2025-09-12T21:11:08.3282920-05:00" endTime="2025-09-12T21:11:08.3282930-05:00" testType="13cdc9d9-ddb5-4fa4-a97d-d965ccfc6d4b" outcome="Passed" testListId="8c84fa94-04c1-424b-9868-57a2d4851a1d" relativeResultsDirectory="d4cd62b7-70f9-4072-b8f9-5b19278e0c53" />
    <UnitTestResult executionId="ff68d241-06c0-40ab-a647-9d10884d5f4a" testId="79403e37-7823-d8d7-7290-f467456876fa" testName="Appostolic.Api.Tests.Model.TokenEstimatorTests.EstimateTokens_Heuristic_CeilPer4Chars(text: &quot;a&quot;, expected: 1)" computerName="mac" duration="00:00:00.0000009" startTime="2025-09-12T21:11:07.3155410-05:00" endTime="2025-09-12T21:11:07.3155410-05:00" testType="13cdc9d9-ddb5-4fa4-a97d-d965ccfc6d4b" outcome="Passed" testListId="8c84fa94-04c1-424b-9868-57a2d4851a1d" relativeResultsDirectory="ff68d241-06c0-40ab-a647-9d10884d5f4a" />
    <UnitTestResult executionId="9f6f4d57-fc24-4357-a037-e6adf5e325e6" testId="c0347afe-0c6b-b0a7-12e1-3aa76a4722fc" testName="Appostolic.Api.Tests.Api.AgentTasksEndpointsTests.GetDetails_WithTracesInitiallyEmpty" computerName="mac" duration="00:00:00.0302863" startTime="2025-09-12T21:11:08.8049730-05:00" endTime="2025-09-12T21:11:08.8049730-05:00" testType="13cdc9d9-ddb5-4fa4-a97d-d965ccfc6d4b" outcome="Passed" testListId="8c84fa94-04c1-424b-9868-57a2d4851a1d" relativeResultsDirectory="9f6f4d57-fc24-4357-a037-e6adf5e325e6" />
    <UnitTestResult executionId="c010e689-6877-45fc-94f9-f680d54ba7ad" testId="e507a4d5-4aa9-7d32-05a9-ecfa3f03323d" testName="Appostolic.Api.Tests.Security.AgentTasksAuthContractTests.ListEndpoint_RequiresDevHeaders" computerName="mac" duration="00:00:01.4047324" startTime="2025-09-12T21:11:08.6659300-05:00" endTime="2025-09-12T21:11:08.6659300-05:00" testType="13cdc9d9-ddb5-4fa4-a97d-d965ccfc6d4b" outcome="Failed" testListId="8c84fa94-04c1-424b-9868-57a2d4851a1d" relativeResultsDirectory="c010e689-6877-45fc-94f9-f680d54ba7ad">
      <Output>
        <ErrorInfo>
          <Message>Expected swagger.StatusCode to be HttpStatusCode.OK {value: 200}, but found HttpStatusCode.InternalServerError {value: 500}.</Message>
          <StackTrace>   at FluentAssertions.Execution.XUnit2TestFramework.Throw(String message)
   at FluentAssertions.Execution.TestFrameworkProvider.Throw(String message)
   at FluentAssertions.Execution.DefaultAssertionStrategy.HandleFailure(String message)
   at FluentAssertions.Execution.AssertionScope.FailWith(Func`1 failReasonFunc)
   at FluentAssertions.Execution.AssertionScope.FailWith(Func`1 failReasonFunc)
   at FluentAssertions.Execution.AssertionScope.FailWith(String message, Object[] args)
   at FluentAssertions.Primitives.EnumAssertions`2.Be(TEnum expected, String because, Object[] becauseArgs)
   at Appostolic.Api.Tests.Security.AgentTasksAuthContractTests.ListEndpoint_RequiresDevHeaders() in /Users/kevinmccreary/appostolic/apps/api.tests/Security/AgentTasksAuthContractTests.cs:line 45
--- End of stack trace from previous location ---</StackTrace>
        </ErrorInfo>
      </Output>
    </UnitTestResult>
    <UnitTestResult executionId="f513a188-c0b4-489f-8851-1dd43ca92881" testId="6af85923-8d05-0c62-0cc5-a5120df2d8e5" testName="Appostolic.Api.Tests.Api.AgentTasksEndpointsTests.List_Pending_ReturnsCreatedFirst" computerName="mac" duration="00:00:00.1987142" startTime="2025-09-12T21:11:09.0041050-05:00" endTime="2025-09-12T21:11:09.0041060-05:00" testType="13cdc9d9-ddb5-4fa4-a97d-d965ccfc6d4b" outcome="Passed" testListId="8c84fa94-04c1-424b-9868-57a2d4851a1d" relativeResultsDirectory="f513a188-c0b4-489f-8851-1dd43ca92881" />
    <UnitTestResult executionId="75912fcc-4dad-4621-b9fc-e20c17a9f02e" testId="9c020064-9cbb-7975-d5c0-9dc48d581775" testName="Appostolic.Api.Tests.Api.AgentTasksEndpointsTests.CreateTask_Returns201AndSummary" computerName="mac" duration="00:00:00.1888105" startTime="2025-09-12T21:11:08.7741180-05:00" endTime="2025-09-12T21:11:08.7741180-05:00" testType="13cdc9d9-ddb5-4fa4-a97d-d965ccfc6d4b" outcome="Passed" testListId="8c84fa94-04c1-424b-9868-57a2d4851a1d" relativeResultsDirectory="75912fcc-4dad-4621-b9fc-e20c17a9f02e" />
    <UnitTestResult executionId="4ba4aca6-246c-4d9c-82b0-19b35fae8a46" testId="94ec43a1-8d1a-e493-b213-b33a5a6877b2" testName="FsWriteToolTests.Rejects_path_traversal" computerName="mac" duration="00:00:00.0008585" startTime="2025-09-12T21:11:07.9236990-05:00" endTime="2025-09-12T21:11:07.9236990-05:00" testType="13cdc9d9-ddb5-4fa4-a97d-d965ccfc6d4b" outcome="Passed" testListId="8c84fa94-04c1-424b-9868-57a2d4851a1d" relativeResultsDirectory="4ba4aca6-246c-4d9c-82b0-19b35fae8a46" />
    <UnitTestResult executionId="84127980-b774-4907-84a8-45a51fe70a5a" testId="f53587d7-cc90-0182-8a77-44034bb01e5e" testName="Appostolic.Api.Tests.ModelMappingTests.Agent_indexes_are_configured_in_model" computerName="mac" duration="00:00:00.0004781" startTime="2025-09-12T21:11:09.0258200-05:00" endTime="2025-09-12T21:11:09.0258200-05:00" testType="13cdc9d9-ddb5-4fa4-a97d-d965ccfc6d4b" outcome="Passed" testListId="8c84fa94-04c1-424b-9868-57a2d4851a1d" relativeResultsDirectory="84127980-b774-4907-84a8-45a51fe70a5a" />
    <UnitTestResult executionId="d2c156ba-2eff-4ef3-ae75-b458b602f058" testId="33c114dd-901b-348b-cb07-4ff32816218d" testName="Appostolic.Api.Tests.AgentConstraintTests.Agent_MaxSteps_out_of_range_throws_in_domain_constructor" computerName="mac" duration="00:00:00.0004223" startTime="2025-09-12T21:11:08.6976540-05:00" endTime="2025-09-12T21:11:08.6976540-05:00" testType="13cdc9d9-ddb5-4fa4-a97d-d965ccfc6d4b" outcome="Passed" testListId="8c84fa94-04c1-424b-9868-57a2d4851a1d" relativeResultsDirectory="d2c156ba-2eff-4ef3-ae75-b458b602f058" />
    <UnitTestResult executionId="9d9b3641-7009-4eb8-88d4-52926a8691bb" testId="71d5d180-2d36-ecb9-e4eb-71ca09e46ec4" testName="Appostolic.Api.Tests.AgentConstraintTests.Agent_Temperature_out_of_range_throws_in_domain_constructor" computerName="mac" duration="00:00:00.0032024" startTime="2025-09-12T21:11:08.6972770-05:00" endTime="2025-09-12T21:11:08.6972770-05:00" testType="13cdc9d9-ddb5-4fa4-a97d-d965ccfc6d4b" outcome="Passed" testListId="8c84fa94-04c1-424b-9868-57a2d4851a1d" relativeResultsDirectory="9d9b3641-7009-4eb8-88d4-52926a8691bb" />
    <UnitTestResult executionId="bcae1d9b-f3b1-49f2-af72-3abd69d5841a" testId="4f12e680-b238-5f1e-d786-32a29acea93b" testName="Appostolic.Api.Tests.EmailProviderSelectionTests.Resolves_SendGrid_sender_when_provider_sendgrid" computerName="mac" duration="00:00:00.2206983" startTime="2025-09-12T21:11:08.2084010-05:00" endTime="2025-09-12T21:11:08.2084010-05:00" testType="13cdc9d9-ddb5-4fa4-a97d-d965ccfc6d4b" outcome="Passed" testListId="8c84fa94-04c1-424b-9868-57a2d4851a1d" relativeResultsDirectory="bcae1d9b-f3b1-49f2-af72-3abd69d5841a" />
    <UnitTestResult executionId="55d15a0c-3a3c-433f-a9c2-59174c8cbe36" testId="ed8d7d20-a6f1-0500-d78a-14c17a721b87" testName="Appostolic.Api.Tests.AgentOrchestratorTests.MaxStepsExceeded_FailsAfterCap" computerName="mac" duration="00:00:00.0036415" startTime="2025-09-12T21:11:07.9002210-05:00" endTime="2025-09-12T21:11:07.9002210-05:00" testType="13cdc9d9-ddb5-4fa4-a97d-d965ccfc6d4b" outcome="Passed" testListId="8c84fa94-04c1-424b-9868-57a2d4851a1d" relativeResultsDirectory="55d15a0c-3a3c-433f-a9c2-59174c8cbe36" />
    <UnitTestResult executionId="956104da-e093-41b7-93c5-29221cb55cf3" testId="8499e5e2-c09d-d64e-ab91-715c51a15d3b" testName="Appostolic.Api.Tests.ModelMappingTests.Agent_ToolAllowlist_has_column_type_jsonb" computerName="mac" duration="00:00:00.0146493" startTime="2025-09-12T21:11:09.0252970-05:00" endTime="2025-09-12T21:11:09.0252970-05:00" testType="13cdc9d9-ddb5-4fa4-a97d-d965ccfc6d4b" outcome="Passed" testListId="8c84fa94-04c1-424b-9868-57a2d4851a1d" relativeResultsDirectory="956104da-e093-41b7-93c5-29221cb55cf3" />
    <UnitTestResult executionId="7ae96046-b1a8-428e-b88d-3d23812a0e57" testId="22ad276e-c73f-4ebf-8729-b5903439e2d9" testName="WebSearchToolTests.Query_intro_returns_expected" computerName="mac" duration="00:00:00.0025670" startTime="2025-09-12T21:11:07.3141860-05:00" endTime="2025-09-12T21:11:07.3141860-05:00" testType="13cdc9d9-ddb5-4fa4-a97d-d965ccfc6d4b" outcome="Passed" testListId="8c84fa94-04c1-424b-9868-57a2d4851a1d" relativeResultsDirectory="7ae96046-b1a8-428e-b88d-3d23812a0e57" />
    <UnitTestResult executionId="636dcbaf-d999-4008-a3fd-e751f1e22965" testId="cb3a79b8-8a20-d72b-fe66-3be39a479486" testName="Appostolic.Api.Tests.AgentOrchestratorTests.Cancellation_StopsMidRun" computerName="mac" duration="00:00:00.0761535" startTime="2025-09-12T21:11:07.9895510-05:00" endTime="2025-09-12T21:11:07.9895510-05:00" testType="13cdc9d9-ddb5-4fa4-a97d-d965ccfc6d4b" outcome="Passed" testListId="8c84fa94-04c1-424b-9868-57a2d4851a1d" relativeResultsDirectory="636dcbaf-d999-4008-a3fd-e751f1e22965" />
    <UnitTestResult executionId="603746a2-6746-4959-9c43-14fb02b15e94" testId="37b7f024-73bb-98ae-d17f-d1c0ce9f17e8" testName="Appostolic.Api.Tests.ModelMappingTests.AgentTrace_Kind_is_mapped_as_int" computerName="mac" duration="00:00:00.4293882" startTime="2025-09-12T21:11:08.7892020-05:00" endTime="2025-09-12T21:11:08.7892020-05:00" testType="13cdc9d9-ddb5-4fa4-a97d-d965ccfc6d4b" outcome="Passed" testListId="8c84fa94-04c1-424b-9868-57a2d4851a1d" relativeResultsDirectory="603746a2-6746-4959-9c43-14fb02b15e94" />
    <UnitTestResult executionId="4cf06d92-fce2-44c5-a08c-b9d4039bff2e" testId="e74b4a4d-4fe0-004f-1c01-e9508924afd9" testName="Appostolic.Api.Tests.Api.AgentsEndpointsTests.Agents_Validation_Errors" computerName="mac" duration="00:00:00.4087254" startTime="2025-09-12T21:11:08.3498940-05:00" endTime="2025-09-12T21:11:08.3498940-05:00" testType="13cdc9d9-ddb5-4fa4-a97d-d965ccfc6d4b" outcome="Passed" testListId="8c84fa94-04c1-424b-9868-57a2d4851a1d" relativeResultsDirectory="4cf06d92-fce2-44c5-a08c-b9d4039bff2e" />
    <UnitTestResult executionId="6c1994f4-0ca2-4df8-855b-d249c0f1a10e" testId="5818c4b0-5040-ff57-2a21-3715c31b378e" testName="Appostolic.Api.Tests.NotificationEnqueuerTests.QueueInvite_uses_relative_when_base_missing" computerName="mac" duration="00:00:00.0004927" startTime="2025-09-12T21:11:07.9252250-05:00" endTime="2025-09-12T21:11:07.9252250-05:00" testType="13cdc9d9-ddb5-4fa4-a97d-d965ccfc6d4b" outcome="Passed" testListId="8c84fa94-04c1-424b-9868-57a2d4851a1d" relativeResultsDirectory="6c1994f4-0ca2-4df8-855b-d249c0f1a10e" />
    <UnitTestResult executionId="2619ab26-5ecd-48d0-9252-a6fc6f010055" testId="50c609b5-3f14-814d-a1e7-5260305a9b12" testName="Appostolic.Api.Tests.AgentTasks.AgentTasksCancelRetryTests.Cancel_Terminal_Task_Returns409" computerName="mac" duration="00:00:00.4368367" startTime="2025-09-12T21:11:09.2402680-05:00" endTime="2025-09-12T21:11:09.2402680-05:00" testType="13cdc9d9-ddb5-4fa4-a97d-d965ccfc6d4b" outcome="Passed" testListId="8c84fa94-04c1-424b-9868-57a2d4851a1d" relativeResultsDirectory="2619ab26-5ecd-48d0-9252-a6fc6f010055" />
    <UnitTestResult executionId="ff027217-6dc0-42b8-882a-53c22d3b5bd0" testId="7e0d251c-aca1-3165-2651-f2996ab661b8" testName="DbQueryToolTests.Select_users_all_rows" computerName="mac" duration="00:00:00.0250920" startTime="2025-09-12T21:11:08.3534950-05:00" endTime="2025-09-12T21:11:08.3534950-05:00" testType="13cdc9d9-ddb5-4fa4-a97d-d965ccfc6d4b" outcome="Passed" testListId="8c84fa94-04c1-424b-9868-57a2d4851a1d" relativeResultsDirectory="ff027217-6dc0-42b8-882a-53c22d3b5bd0" />
    <UnitTestResult executionId="86df6ffd-5d0b-4764-817f-161e87b286f4" testId="a11d6311-0314-291e-6c87-0745cc1eace8" testName="Appostolic.Api.Tests.Observability.TelemetrySmokeTests.HappyPath_Emits_Spans_And_Metrics" computerName="mac" duration="00:00:00.0075991" startTime="2025-09-12T21:11:07.9185600-05:00" endTime="2025-09-12T21:11:07.9185600-05:00" testType="13cdc9d9-ddb5-4fa4-a97d-d965ccfc6d4b" outcome="Passed" testListId="8c84fa94-04c1-424b-9868-57a2d4851a1d" relativeResultsDirectory="86df6ffd-5d0b-4764-817f-161e87b286f4" />
    <UnitTestResult executionId="658baac1-9b8e-484f-a88b-5abdfc7a4a67" testId="efe354b5-5489-bbb2-88ee-c8f998cb6176" testName="Appostolic.Api.Tests.AgentTasks.AgentTasksListFilterPaginationTests.Agent_Filter_Returns_Only_Matching" computerName="mac" duration="00:00:00.2094456" startTime="2025-09-12T21:11:09.4346630-05:00" endTime="2025-09-12T21:11:09.4346630-05:00" testType="13cdc9d9-ddb5-4fa4-a97d-d965ccfc6d4b" outcome="Passed" testListId="8c84fa94-04c1-424b-9868-57a2d4851a1d" relativeResultsDirectory="658baac1-9b8e-484f-a88b-5abdfc7a4a67" />
    <UnitTestResult executionId="3b7f2dca-f336-4ea9-ad4f-fe127a17f623" testId="30aa5bc1-9211-739f-532d-176c6c3c3a30" testName="Appostolic.Api.Tests.Orchestrator.AgentOrchestratorTests.MaxStepsExceeded_FailsAfterCap" computerName="mac" duration="00:00:00.0036098" startTime="2025-09-12T21:11:07.9002070-05:00" endTime="2025-09-12T21:11:07.9002070-05:00" testType="13cdc9d9-ddb5-4fa4-a97d-d965ccfc6d4b" outcome="Passed" testListId="8c84fa94-04c1-424b-9868-57a2d4851a1d" relativeResultsDirectory="3b7f2dca-f336-4ea9-ad4f-fe127a17f623" />
    <UnitTestResult executionId="88fa354a-c4ea-4c87-aae2-a6b83a0a3d8f" testId="c2441ddc-565a-93d7-0c28-f73ca97b9486" testName="Appostolic.Api.Tests.Orchestrator.TokenAggregationTests.AggregatesTokens_And_ComputesCost_WhenPricingEnabled" computerName="mac" duration="00:00:00.0172240" startTime="2025-09-12T21:11:07.8882290-05:00" endTime="2025-09-12T21:11:07.8882290-05:00" testType="13cdc9d9-ddb5-4fa4-a97d-d965ccfc6d4b" outcome="Passed" testListId="8c84fa94-04c1-424b-9868-57a2d4851a1d" relativeResultsDirectory="88fa354a-c4ea-4c87-aae2-a6b83a0a3d8f" />
    <UnitTestResult executionId="759fe698-3c6f-4039-842c-575d334ef274" testId="2f6106d4-2d27-0ec0-388a-a0a0d64b80ea" testName="Appostolic.Api.Tests.Model.TokenEstimatorTests.EstimateTokens_Heuristic_CeilPer4Chars(text: &quot;abcde&quot;, expected: 2)" computerName="mac" duration="00:00:00.0000007" startTime="2025-09-12T21:11:07.3201490-05:00" endTime="2025-09-12T21:11:07.3201490-05:00" testType="13cdc9d9-ddb5-4fa4-a97d-d965ccfc6d4b" outcome="Passed" testListId="8c84fa94-04c1-424b-9868-57a2d4851a1d" relativeResultsDirectory="759fe698-3c6f-4039-842c-575d334ef274" />
    <UnitTestResult executionId="dfe40939-dcb0-4517-97f0-3ca2313dc360" testId="c561c2f6-8efd-4095-cbad-20238816bd9c" testName="Appostolic.Api.Tests.NotificationEnqueuerTests.QueueVerification_enqueues_correct_message" computerName="mac" duration="00:00:00.0005748" startTime="2025-09-12T21:11:07.9258300-05:00" endTime="2025-09-12T21:11:07.9258300-05:00" testType="13cdc9d9-ddb5-4fa4-a97d-d965ccfc6d4b" outcome="Passed" testListId="8c84fa94-04c1-424b-9868-57a2d4851a1d" relativeResultsDirectory="dfe40939-dcb0-4517-97f0-3ca2313dc360" />
    <UnitTestResult executionId="745aa9b8-8797-450c-9522-49ad8585661b" testId="8a436d67-15f2-8a6f-b3c8-3df7d72a7066" testName="Appostolic.Api.Tests.E2E.AgentTasksE2E_Allowlist.Allowlist_Denied_Tool_Produces_Failed_Task_With_Error_Trace" computerName="mac" duration="00:00:01.0400162" startTime="2025-09-12T21:11:09.4068000-05:00" endTime="2025-09-12T21:11:09.4068000-05:00" testType="13cdc9d9-ddb5-4fa4-a97d-d965ccfc6d4b" outcome="Passed" testListId="8c84fa94-04c1-424b-9868-57a2d4851a1d" relativeResultsDirectory="745aa9b8-8797-450c-9522-49ad8585661b" />
    <UnitTestResult executionId="3d0f55db-9408-4ef7-ada3-4f9e3a1d7cd1" testId="1c8df7f1-aa05-88d6-f922-5ecb50d1b5d9" testName="Appostolic.Api.Tests.ModelMappingTests.Agent_ToolAllowlist_is_jsonb_and_roundtrips_like_array" computerName="mac" duration="00:00:00.0078674" startTime="2025-09-12T21:11:08.7978580-05:00" endTime="2025-09-12T21:11:08.7978580-05:00" testType="13cdc9d9-ddb5-4fa4-a97d-d965ccfc6d4b" outcome="Passed" testListId="8c84fa94-04c1-424b-9868-57a2d4851a1d" relativeResultsDirectory="3d0f55db-9408-4ef7-ada3-4f9e3a1d7cd1" />
    <UnitTestResult executionId="b610411d-59be-4de6-96d3-3030d1d0a648" testId="4ee5f350-b89d-edd8-c84d-cd5d40909f15" testName="Appostolic.Api.Tests.SmtpEmailSenderTests.Sends_with_both_text_and_html" computerName="mac" duration="00:00:00.0046526" startTime="2025-09-12T21:11:07.3202760-05:00" endTime="2025-09-12T21:11:07.3202760-05:00" testType="13cdc9d9-ddb5-4fa4-a97d-d965ccfc6d4b" outcome="Passed" testListId="8c84fa94-04c1-424b-9868-57a2d4851a1d" relativeResultsDirectory="b610411d-59be-4de6-96d3-3030d1d0a648" />
    <UnitTestResult executionId="073f8cbb-94aa-493a-ba50-89c29dc851ef" testId="f0724dde-c441-a83f-2f8e-78db9d6adb66" testName="Appostolic.Api.Tests.AgentTasks.AgentTasksListFilterPaginationTests.Status_Filter_Is_CaseInsensitive" computerName="mac" duration="00:00:00.4500635" startTime="2025-09-12T21:11:09.2249020-05:00" endTime="2025-09-12T21:11:09.2249020-05:00" testType="13cdc9d9-ddb5-4fa4-a97d-d965ccfc6d4b" outcome="Passed" testListId="8c84fa94-04c1-424b-9868-57a2d4851a1d" relativeResultsDirectory="073f8cbb-94aa-493a-ba50-89c29dc851ef" />
    <UnitTestResult executionId="c56de913-76f8-49e6-a310-5065e166eebc" testId="691bf80d-9ec7-7de8-ad81-702e4cdb8bfd" testName="WebSearchToolTests.Take_limits_results" computerName="mac" duration="00:00:00.0588868" startTime="2025-09-12T21:11:07.3112120-05:00" endTime="2025-09-12T21:11:07.3112220-05:00" testType="13cdc9d9-ddb5-4fa4-a97d-d965ccfc6d4b" outcome="Passed" testListId="8c84fa94-04c1-424b-9868-57a2d4851a1d" relativeResultsDirectory="c56de913-76f8-49e6-a310-5065e166eebc" />
    <UnitTestResult executionId="e230ad41-92e8-4c66-a8cd-f2fb833c0e9e" testId="c8cdac31-ad32-9a02-508c-02a988e5e017" testName="DbQueryToolTests.Reject_non_select" computerName="mac" duration="00:00:00.0029914" startTime="2025-09-12T21:11:08.3664750-05:00" endTime="2025-09-12T21:11:08.3664750-05:00" testType="13cdc9d9-ddb5-4fa4-a97d-d965ccfc6d4b" outcome="Passed" testListId="8c84fa94-04c1-424b-9868-57a2d4851a1d" relativeResultsDirectory="e230ad41-92e8-4c66-a8cd-f2fb833c0e9e" />
    <UnitTestResult executionId="913626f5-f646-41a6-aa23-a46794fe6dc6" testId="4f93dd2b-351a-bca6-2b8b-95fc20f20ddd" testName="Appostolic.Api.Tests.AgentTasks.AgentTasksListFilterPaginationTests.Paging_Returns_XTotalCount_And_DescOrdering" computerName="mac" duration="00:00:00.1298031" startTime="2025-09-12T21:11:09.5647250-05:00" endTime="2025-09-12T21:11:09.5647250-05:00" testType="13cdc9d9-ddb5-4fa4-a97d-d965ccfc6d4b" outcome="Passed" testListId="8c84fa94-04c1-424b-9868-57a2d4851a1d" relativeResultsDirectory="913626f5-f646-41a6-aa23-a46794fe6dc6" />
    <UnitTestResult executionId="34a6822e-ddce-4cb4-bdb3-8d54c9c9c235" testId="39114ef2-4a94-0d20-df91-881c10164c3c" testName="Appostolic.Api.Tests.Model.TokenEstimatorTests.EstimateTokens_Heuristic_CeilPer4Chars(text: &quot;abcd&quot;, expected: 1)" computerName="mac" duration="00:00:00.0000010" startTime="2025-09-12T21:11:07.3155260-05:00" endTime="2025-09-12T21:11:07.3155260-05:00" testType="13cdc9d9-ddb5-4fa4-a97d-d965ccfc6d4b" outcome="Passed" testListId="8c84fa94-04c1-424b-9868-57a2d4851a1d" relativeResultsDirectory="34a6822e-ddce-4cb4-bdb3-8d54c9c9c235" />
    <UnitTestResult executionId="d2423af6-80e1-4e0c-b406-59e54962e779" testId="c17747a3-eb4e-63bf-0bc9-279a4928ed40" testName="Appostolic.Api.Tests.EmailDispatcherTests.Enqueue_sends_via_sender" computerName="mac" duration="00:00:00.0066172" startTime="2025-09-12T21:11:08.3565210-05:00" endTime="2025-09-12T21:11:08.3565210-05:00" testType="13cdc9d9-ddb5-4fa4-a97d-d965ccfc6d4b" outcome="Passed" testListId="8c84fa94-04c1-424b-9868-57a2d4851a1d" relativeResultsDirectory="d2423af6-80e1-4e0c-b406-59e54962e779" />
    <UnitTestResult executionId="8b2d3905-0a1b-42a7-b0c0-0bc243506a71" testId="fc170f06-7a65-44e3-9780-d428f13f33ad" testName="Appostolic.Api.Tests.SmokeTests.Health_ReturnsOk" computerName="mac" duration="00:00:00.9615537" startTime="2025-09-12T21:11:08.2134780-05:00" endTime="2025-09-12T21:11:08.2134780-05:00" testType="13cdc9d9-ddb5-4fa4-a97d-d965ccfc6d4b" outcome="Passed" testListId="8c84fa94-04c1-424b-9868-57a2d4851a1d" relativeResultsDirectory="8b2d3905-0a1b-42a7-b0c0-0bc243506a71" />
    <UnitTestResult executionId="fe42a1ba-9fa5-475f-9459-9224eb940b2d" testId="df92ad96-32d4-9c44-0398-97a52600538f" testName="Appostolic.Api.Tests.Model.TokenEstimatorTests.EstimateTokens_Heuristic_CeilPer4Chars(text: &quot;abcdefghi&quot;, expected: 3)" computerName="mac" duration="00:00:00.0000020" startTime="2025-09-12T21:11:07.3155110-05:00" endTime="2025-09-12T21:11:07.3155110-05:00" testType="13cdc9d9-ddb5-4fa4-a97d-d965ccfc6d4b" outcome="Passed" testListId="8c84fa94-04c1-424b-9868-57a2d4851a1d" relativeResultsDirectory="fe42a1ba-9fa5-475f-9459-9224eb940b2d" />
    <UnitTestResult executionId="74b23396-9dee-445e-ad2b-0a1b71bb36bb" testId="8f2edffb-b43d-5750-46cc-f6c9051abba5" testName="Appostolic.Api.AuthTests.LoginTests.Login_ValidCredentials_Returns200" computerName="mac" duration="00:00:01.2156683" startTime="2025-09-12T21:11:09.4284190-05:00" endTime="2025-09-12T21:11:09.4284190-05:00" testType="13cdc9d9-ddb5-4fa4-a97d-d965ccfc6d4b" outcome="Passed" testListId="8c84fa94-04c1-424b-9868-57a2d4851a1d" relativeResultsDirectory="74b23396-9dee-445e-ad2b-0a1b71bb36bb" />
    <UnitTestResult executionId="64effa2c-e798-406f-9718-09a66ce71a27" testId="21127838-ea89-b283-653a-0b46d8acc590" testName="Appostolic.Api.Tests.EmailDedupeTests.Dedupe_suppresses_duplicate_messages" computerName="mac" duration="00:00:00.3159167" startTime="2025-09-12T21:11:08.2411360-05:00" endTime="2025-09-12T21:11:08.2411360-05:00" testType="13cdc9d9-ddb5-4fa4-a97d-d965ccfc6d4b" outcome="Passed" testListId="8c84fa94-04c1-424b-9868-57a2d4851a1d" relativeResultsDirectory="64effa2c-e798-406f-9718-09a66ce71a27" />
    <UnitTestResult executionId="c6e61cde-974d-4403-a1df-899e6b284d17" testId="5ec8c6f8-601d-9718-1802-a15c88bb4987" testName="Appostolic.Api.Tests.AgentTasks.AgentTasksCancelRetryTests.Retry_From_Succeeded_Creates_New_Task_And_Runs" computerName="mac" duration="00:00:00.1979592" startTime="2025-09-12T21:11:09.4384690-05:00" endTime="2025-09-12T21:11:09.4384700-05:00" testType="13cdc9d9-ddb5-4fa4-a97d-d965ccfc6d4b" outcome="Passed" testListId="8c84fa94-04c1-424b-9868-57a2d4851a1d" relativeResultsDirectory="c6e61cde-974d-4403-a1df-899e6b284d17" />
    <UnitTestResult executionId="61fc97d8-f290-46a3-ae1f-634de9d6b9b5" testId="02f4c01b-4d57-cea6-940b-91f660d6b3a5" testName="Appostolic.Api.Tests.SendGridEmailSenderTests.Sends_on_202_Accepted" computerName="mac" duration="00:00:00.0003354" startTime="2025-09-12T21:11:07.3280620-05:00" endTime="2025-09-12T21:11:07.3280620-05:00" testType="13cdc9d9-ddb5-4fa4-a97d-d965ccfc6d4b" outcome="Passed" testListId="8c84fa94-04c1-424b-9868-57a2d4851a1d" relativeResultsDirectory="61fc97d8-f290-46a3-ae1f-634de9d6b9b5" />
    <UnitTestResult executionId="df292643-9a99-41c5-87a1-4c9714ab3b02" testId="40e767b4-314a-d8ef-34b1-5c49d7ef55c4" testName="Appostolic.Api.Tests.Model.TokenEstimatorTests.EstimateTokens_Heuristic_CeilPer4Chars(text: &quot;&quot;, expected: 0)" computerName="mac" duration="00:00:00.0002865" startTime="2025-09-12T21:11:07.3154120-05:00" endTime="2025-09-12T21:11:07.3154120-05:00" testType="13cdc9d9-ddb5-4fa4-a97d-d965ccfc6d4b" outcome="Passed" testListId="8c84fa94-04c1-424b-9868-57a2d4851a1d" relativeResultsDirectory="df292643-9a99-41c5-87a1-4c9714ab3b02" />
    <UnitTestResult executionId="afdd4951-32bf-4f8c-a801-51ceaf7560d9" testId="3494b3d5-98dd-209c-c4b4-d8d0bff712f0" testName="FsWriteToolTests.Writes_file_under_root_and_returns_sha" computerName="mac" duration="00:00:00.0068306" startTime="2025-09-12T21:11:07.9228080-05:00" endTime="2025-09-12T21:11:07.9228080-05:00" testType="13cdc9d9-ddb5-4fa4-a97d-d965ccfc6d4b" outcome="Passed" testListId="8c84fa94-04c1-424b-9868-57a2d4851a1d" relativeResultsDirectory="afdd4951-32bf-4f8c-a801-51ceaf7560d9" />
    <UnitTestResult executionId="06d0ebdb-76b4-4aa9-8f00-03a03f1d7cdf" testId="e654c6ff-e79b-0f0d-7ecf-a4648dc0cf91" testName="Appostolic.Api.Tests.Orchestrator.AgentOrchestratorTests.HappyPath_ModelPlansToolThenFinal_SucceedsWithTwoTraces" computerName="mac" duration="00:00:00.0039689" startTime="2025-09-12T21:11:07.9107880-05:00" endTime="2025-09-12T21:11:07.9107880-05:00" testType="13cdc9d9-ddb5-4fa4-a97d-d965ccfc6d4b" outcome="Passed" testListId="8c84fa94-04c1-424b-9868-57a2d4851a1d" relativeResultsDirectory="06d0ebdb-76b4-4aa9-8f00-03a03f1d7cdf" />
    <UnitTestResult executionId="1d237b58-29e6-4045-bcaa-672ffdedf9d7" testId="d079b60f-9bd9-c7a1-855f-178e519346dc" testName="Appostolic.Api.Tests.EmailDispatcherTests.Dispatcher_logs_correlation_fields_when_present" computerName="mac" duration="00:00:00.0296867" startTime="2025-09-12T21:11:08.3477710-05:00" endTime="2025-09-12T21:11:08.3477710-05:00" testType="13cdc9d9-ddb5-4fa4-a97d-d965ccfc6d4b" outcome="Passed" testListId="8c84fa94-04c1-424b-9868-57a2d4851a1d" relativeResultsDirectory="1d237b58-29e6-4045-bcaa-672ffdedf9d7" />
    <UnitTestResult executionId="d990a6b7-b3b9-4758-9d34-d9761fc7b2b0" testId="d9d051a9-d261-1011-dbde-e42b30d539a9" testName="Appostolic.Api.Tests.Orchestrator.AgentOrchestratorTests.ToolMissing_FailsWithToolNotFound" computerName="mac" duration="00:00:00.0031078" startTime="2025-09-12T21:11:07.9067720-05:00" endTime="2025-09-12T21:11:07.9067720-05:00" testType="13cdc9d9-ddb5-4fa4-a97d-d965ccfc6d4b" outcome="Passed" testListId="8c84fa94-04c1-424b-9868-57a2d4851a1d" relativeResultsDirectory="d990a6b7-b3b9-4758-9d34-d9761fc7b2b0" />
    <UnitTestResult executionId="9bad254e-71f7-4c7e-8fd9-38c7fabe8e91" testId="7c0f601f-632e-a9b2-aeb3-eee73bd7742c" testName="Appostolic.Api.Tests.Auth.SignupTests.Signup_WithInvalidInviteToken_ReturnsBadRequest" computerName="mac" duration="00:00:00.1895337" startTime="2025-09-12T21:11:09.4206210-05:00" endTime="2025-09-12T21:11:09.4206220-05:00" testType="13cdc9d9-ddb5-4fa4-a97d-d965ccfc6d4b" outcome="Passed" testListId="8c84fa94-04c1-424b-9868-57a2d4851a1d" relativeResultsDirectory="9bad254e-71f7-4c7e-8fd9-38c7fabe8e91" />
    <UnitTestResult executionId="01d83e57-6279-44c3-b7e1-e610f735e8ab" testId="61b122ca-f3a1-21e8-0492-e3c660390b05" testName="Appostolic.Api.Tests.EmailProviderSelectionTests.Resolves_Smtp_sender_when_provider_smtp" computerName="mac" duration="00:00:00.7365028" startTime="2025-09-12T21:11:07.9878830-05:00" endTime="2025-09-12T21:11:07.9878830-05:00" testType="13cdc9d9-ddb5-4fa4-a97d-d965ccfc6d4b" outcome="Passed" testListId="8c84fa94-04c1-424b-9868-57a2d4851a1d" relativeResultsDirectory="01d83e57-6279-44c3-b7e1-e610f735e8ab" />
    <UnitTestResult executionId="e00b9d4c-4a70-4b9e-a966-c1d620f177c1" testId="dfdd94d6-4157-31a9-a81a-18fee28467d5" testName="Appostolic.Api.Tests.AgentOrchestratorTests.HappyPath_ModelPlansToolThenFinal_SucceedsWithTwoTraces" computerName="mac" duration="00:00:00.0065376" startTime="2025-09-12T21:11:07.9068030-05:00" endTime="2025-09-12T21:11:07.9068030-05:00" testType="13cdc9d9-ddb5-4fa4-a97d-d965ccfc6d4b" outcome="Passed" testListId="8c84fa94-04c1-424b-9868-57a2d4851a1d" relativeResultsDirectory="e00b9d4c-4a70-4b9e-a966-c1d620f177c1" />
    <UnitTestResult executionId="73d448ad-6c08-4454-94ba-3b5bb1d69cae" testId="8f26075f-925c-4688-bf33-abe324c4e160" testName="Appostolic.Api.Tests.Api.ToolCatalogTests.Tools_Catalog_Lists_Registered_Tools_With_Categories" computerName="mac" duration="00:00:00.9943734" startTime="2025-09-12T21:11:08.2455530-05:00" endTime="2025-09-12T21:11:08.2455530-05:00" testType="13cdc9d9-ddb5-4fa4-a97d-d965ccfc6d4b" outcome="Passed" testListId="8c84fa94-04c1-424b-9868-57a2d4851a1d" relativeResultsDirectory="73d448ad-6c08-4454-94ba-3b5bb1d69cae" />
    <UnitTestResult executionId="bd30d247-1435-4351-bc89-e3553e566604" testId="6447b752-ca58-5092-2c5d-d1f5fe58b5dc" testName="WebSearchToolTests.Empty_query_returns_empty" computerName="mac" duration="00:00:00.0005680" startTime="2025-09-12T21:11:07.3127820-05:00" endTime="2025-09-12T21:11:07.3127820-05:00" testType="13cdc9d9-ddb5-4fa4-a97d-d965ccfc6d4b" outcome="Passed" testListId="8c84fa94-04c1-424b-9868-57a2d4851a1d" relativeResultsDirectory="bd30d247-1435-4351-bc89-e3553e566604" />
    <UnitTestResult executionId="8be83321-26ce-4f12-af85-702c648c3ed7" testId="0f0c7731-d28a-bcbe-054f-641f024437ac" testName="Appostolic.Api.Tests.ModelMappingTests.AgentTask_Status_is_converted_as_string" computerName="mac" duration="00:00:00.0043088" startTime="2025-09-12T21:11:08.8014080-05:00" endTime="2025-09-12T21:11:08.8014080-05:00" testType="13cdc9d9-ddb5-4fa4-a97d-d965ccfc6d4b" outcome="Passed" testListId="8c84fa94-04c1-424b-9868-57a2d4851a1d" relativeResultsDirectory="8be83321-26ce-4f12-af85-702c648c3ed7" />
    <UnitTestResult executionId="bd0f3316-8268-4387-80cf-36a8f64673b0" testId="03cb9965-4934-50d0-65d4-2c790e264e80" testName="Appostolic.Api.Tests.E2E.AgentTasksE2E_List.Inbox_List_Orders_By_CreatedAt_Desc_And_Pages" computerName="mac" duration="00:00:00.8262311" startTime="2025-09-12T21:11:09.5202190-05:00" endTime="2025-09-12T21:11:09.5202190-05:00" testType="13cdc9d9-ddb5-4fa4-a97d-d965ccfc6d4b" outcome="Passed" testListId="8c84fa94-04c1-424b-9868-57a2d4851a1d" relativeResultsDirectory="bd0f3316-8268-4387-80cf-36a8f64673b0" />
    <UnitTestResult executionId="ca690857-2fa4-4839-9be0-1d1e42865099" testId="3b3a68c1-1138-770e-4b05-0d7fb6b68738" testName="Appostolic.Api.Tests.Orchestrator.TokenAggregationTests.CostIsNull_WhenPricingDisabled" computerName="mac" duration="00:00:00.6194380" startTime="2025-09-12T21:11:07.8705120-05:00" endTime="2025-09-12T21:11:07.8705120-05:00" testType="13cdc9d9-ddb5-4fa4-a97d-d965ccfc6d4b" outcome="Passed" testListId="8c84fa94-04c1-424b-9868-57a2d4851a1d" relativeResultsDirectory="ca690857-2fa4-4839-9be0-1d1e42865099" />
    <UnitTestResult executionId="66850d91-8a36-489a-9194-80df8b1fde6c" testId="2c0e3ce9-5829-44ef-fbae-e96e2c0f5de9" testName="Appostolic.Api.Tests.Model.TokenEstimatorTests.EstimateTokens_Heuristic_CeilPer4Chars(text: &quot;abcdefgh&quot;, expected: 2)" computerName="mac" duration="00:00:00.0000675" startTime="2025-09-12T21:11:07.3154930-05:00" endTime="2025-09-12T21:11:07.3154930-05:00" testType="13cdc9d9-ddb5-4fa4-a97d-d965ccfc6d4b" outcome="Passed" testListId="8c84fa94-04c1-424b-9868-57a2d4851a1d" relativeResultsDirectory="66850d91-8a36-489a-9194-80df8b1fde6c" />
    <UnitTestResult executionId="f9a01637-2420-4481-a033-15f4e6c4ac25" testId="f7e247f1-8de7-594b-e638-b4ec989d69be" testName="Appostolic.Api.Tests.AgentTasks.AgentTasksCancelRetryTests.Cancel_Pending_Task_IsCanceledImmediately" computerName="mac" duration="00:00:00.4463550" startTime="2025-09-12T21:11:08.7940690-05:00" endTime="2025-09-12T21:11:08.7940690-05:00" testType="13cdc9d9-ddb5-4fa4-a97d-d965ccfc6d4b" outcome="Passed" testListId="8c84fa94-04c1-424b-9868-57a2d4851a1d" relativeResultsDirectory="f9a01637-2420-4481-a033-15f4e6c4ac25" />
    <UnitTestResult executionId="9504185a-f2a5-4710-b7af-c6b73945ad1b" testId="b9af0f84-0079-b683-0d77-346a6542b5b4" testName="Appostolic.Api.Tests.NotificationEnqueuerTests.QueueInvite_enqueues_correct_message" computerName="mac" duration="00:00:00.0039975" startTime="2025-09-12T21:11:07.9247140-05:00" endTime="2025-09-12T21:11:07.9247140-05:00" testType="13cdc9d9-ddb5-4fa4-a97d-d965ccfc6d4b" outcome="Passed" testListId="8c84fa94-04c1-424b-9868-57a2d4851a1d" relativeResultsDirectory="9504185a-f2a5-4710-b7af-c6b73945ad1b" />
    <UnitTestResult executionId="bcac2be0-e8aa-42fa-b32f-28c028b47d9a" testId="e1e10047-9c95-2461-ef88-42d3da0fbb82" testName="Appostolic.Api.Tests.E2E.AgentTasksE2E_Golden.HappyPath_projection_matches_golden_fixture" computerName="mac" duration="00:00:01.4433756" startTime="2025-09-12T21:11:08.6950430-05:00" endTime="2025-09-12T21:11:08.6950430-05:00" testType="13cdc9d9-ddb5-4fa4-a97d-d965ccfc6d4b" outcome="Passed" testListId="8c84fa94-04c1-424b-9868-57a2d4851a1d" relativeResultsDirectory="bcac2be0-e8aa-42fa-b32f-28c028b47d9a" />
    <UnitTestResult executionId="deaab090-c7a4-4f8b-b78a-7df5731d87c5" testId="ad304976-430a-8b69-e0d9-931ece855b31" testName="Appostolic.Api.Tests.AgentTasks.AgentTasksListFilterPaginationTests.Date_Range_Filter_On_CreatedAt" computerName="mac" duration="00:00:00.8852007" startTime="2025-09-12T21:11:08.7743290-05:00" endTime="2025-09-12T21:11:08.7743290-05:00" testType="13cdc9d9-ddb5-4fa4-a97d-d965ccfc6d4b" outcome="Passed" testListId="8c84fa94-04c1-424b-9868-57a2d4851a1d" relativeResultsDirectory="deaab090-c7a4-4f8b-b78a-7df5731d87c5" />
    <UnitTestResult executionId="f2350a8c-d076-4c81-a88f-01f280e66af3" testId="eba2e046-3c6c-f48b-f85f-b23828d8319b" testName="Appostolic.Api.Tests.AgentOrchestratorTests.ToolNotAllowed_FailsAndTracesFailure" computerName="mac" duration="00:00:00.6454662" startTime="2025-09-12T21:11:07.8965260-05:00" endTime="2025-09-12T21:11:07.8965260-05:00" testType="13cdc9d9-ddb5-4fa4-a97d-d965ccfc6d4b" outcome="Passed" testListId="8c84fa94-04c1-424b-9868-57a2d4851a1d" relativeResultsDirectory="f2350a8c-d076-4c81-a88f-01f280e66af3" />
    <UnitTestResult executionId="2747b176-032b-4d3d-a154-17bfd5a4f67c" testId="2a9f6824-8a17-a193-b18b-3e78fa1bbbd5" testName="Appostolic.Api.Tests.Orchestrator.AgentOrchestratorTests.Cancellation_StopsMidRun" computerName="mac" duration="00:00:00.6454579" startTime="2025-09-12T21:11:07.8965570-05:00" endTime="2025-09-12T21:11:07.8965570-05:00" testType="13cdc9d9-ddb5-4fa4-a97d-d965ccfc6d4b" outcome="Passed" testListId="8c84fa94-04c1-424b-9868-57a2d4851a1d" relativeResultsDirectory="2747b176-032b-4d3d-a154-17bfd5a4f67c" />
    <UnitTestResult executionId="740fc734-96b4-4530-b4d8-6a2e6fdc23dc" testId="6ac2577f-abec-ce9e-a92b-34035bd744e0" testName="FsWriteToolTests.Rejects_when_content_exceeds_max" computerName="mac" duration="00:00:00.0005786" startTime="2025-09-12T21:11:07.9243070-05:00" endTime="2025-09-12T21:11:07.9243070-05:00" testType="13cdc9d9-ddb5-4fa4-a97d-d965ccfc6d4b" outcome="Passed" testListId="8c84fa94-04c1-424b-9868-57a2d4851a1d" relativeResultsDirectory="740fc734-96b4-4530-b4d8-6a2e6fdc23dc" />
    <UnitTestResult executionId="6e5c7e70-1e46-4de6-a1c1-b24feea0f206" testId="87a5b8a9-e5bd-8c6e-5a6c-5815a0bd8c39" testName="Appostolic.Api.Tests.Worker.AgentTaskWorkerTests.Pending_To_Running_To_Succeeded_With_Traces" computerName="mac" duration="00:00:00.2611037" startTime="2025-09-12T21:11:08.5841420-05:00" endTime="2025-09-12T21:11:08.5841430-05:00" testType="13cdc9d9-ddb5-4fa4-a97d-d965ccfc6d4b" outcome="Passed" testListId="8c84fa94-04c1-424b-9868-57a2d4851a1d" relativeResultsDirectory="6e5c7e70-1e46-4de6-a1c1-b24feea0f206" />
    <UnitTestResult executionId="8de02a26-6382-4af8-ba59-9cdbf07e2285" testId="12c3c514-0e1a-a711-90d4-344685873f0e" testName="Appostolic.Api.AuthTests.LoginTests.Login_InvalidCredentials_Returns401" computerName="mac" duration="00:00:00.9605485" startTime="2025-09-12T21:11:08.2122570-05:00" endTime="2025-09-12T21:11:08.2122570-05:00" testType="13cdc9d9-ddb5-4fa4-a97d-d965ccfc6d4b" outcome="Passed" testListId="8c84fa94-04c1-424b-9868-57a2d4851a1d" relativeResultsDirectory="8de02a26-6382-4af8-ba59-9cdbf07e2285" />
    <UnitTestResult executionId="00e60882-25e4-4b70-a7df-631c09e6a5d3" testId="f36e146c-5e84-0e67-2982-f20e16e0dd68" testName="Appostolic.Api.Tests.ModelMappingTests.Agent_check_constraints_are_configured_in_model" computerName="mac" duration="00:00:00.2091090" startTime="2025-09-12T21:11:09.0105670-05:00" endTime="2025-09-12T21:11:09.0105670-05:00" testType="13cdc9d9-ddb5-4fa4-a97d-d965ccfc6d4b" outcome="Passed" testListId="8c84fa94-04c1-424b-9868-57a2d4851a1d" relativeResultsDirectory="00e60882-25e4-4b70-a7df-631c09e6a5d3" />
    <UnitTestResult executionId="8367c6c6-21d6-4cf3-a238-0c097ab614b6" testId="9b729b7e-a306-20a1-7040-eda547fe8bec" testName="Appostolic.Api.Tests.E2E.AgentTasksE2E_HappyPath.EndToEnd_CreatesTask_RunsToSuccess_TracesAndTokensPresent" computerName="mac" duration="00:00:01.4365214" startTime="2025-09-12T21:11:08.6887250-05:00" endTime="2025-09-12T21:11:08.6887250-05:00" testType="13cdc9d9-ddb5-4fa4-a97d-d965ccfc6d4b" outcome="Passed" testListId="8c84fa94-04c1-424b-9868-57a2d4851a1d" relativeResultsDirectory="8367c6c6-21d6-4cf3-a238-0c097ab614b6" />
    <UnitTestResult executionId="f497b9bf-ed99-4bc7-b0e5-d1f2c2cbd29c" testId="6e2b7510-d3ae-c174-2b57-710f63c82ad0" testName="TemplateRendererTests.Verification_template_renders_link_and_subject" computerName="mac" duration="00:00:00.1384057" startTime="2025-09-12T21:11:08.3471560-05:00" endTime="2025-09-12T21:11:08.3471560-05:00" testType="13cdc9d9-ddb5-4fa4-a97d-d965ccfc6d4b" outcome="Passed" testListId="8c84fa94-04c1-424b-9868-57a2d4851a1d" relativeResultsDirectory="f497b9bf-ed99-4bc7-b0e5-d1f2c2cbd29c" />
  </Results>
  <TestDefinitions>
    <UnitTest name="Appostolic.Api.Tests.EmailProviderSelectionTests.Resolves_Smtp_sender_when_provider_smtp" storage="/users/kevinmccreary/appostolic/apps/api.tests/bin/debug/net8.0/appostolic.api.tests.dll" id="61b122ca-f3a1-21e8-0492-e3c660390b05">
      <Execution id="01d83e57-6279-44c3-b7e1-e610f735e8ab" />
      <TestMethod codeBase="/Users/kevinmccreary/appostolic/apps/api.tests/bin/Debug/net8.0/Appostolic.Api.Tests.dll" adapterTypeName="executor://xunit/VsTestRunner2/netcoreapp" className="Appostolic.Api.Tests.EmailProviderSelectionTests" name="Resolves_Smtp_sender_when_provider_smtp" />
    </UnitTest>
    <UnitTest name="Appostolic.Api.Tests.AgentOrchestratorTests.ToolMissing_FailsWithToolNotFound" storage="/users/kevinmccreary/appostolic/apps/api.tests/bin/debug/net8.0/appostolic.api.tests.dll" id="8e56ee2d-296c-f180-2ad1-a3abd5b19292">
      <Execution id="fd0904d6-57f7-4bb0-a6c7-979e79d879f1" />
      <TestMethod codeBase="/Users/kevinmccreary/appostolic/apps/api.tests/bin/Debug/net8.0/Appostolic.Api.Tests.dll" adapterTypeName="executor://xunit/VsTestRunner2/netcoreapp" className="Appostolic.Api.Tests.AgentOrchestratorTests" name="ToolMissing_FailsWithToolNotFound" />
    </UnitTest>
    <UnitTest name="WebSearchToolTests.Empty_query_returns_empty" storage="/users/kevinmccreary/appostolic/apps/api.tests/bin/debug/net8.0/appostolic.api.tests.dll" id="6447b752-ca58-5092-2c5d-d1f5fe58b5dc">
      <Execution id="bd30d247-1435-4351-bc89-e3553e566604" />
      <TestMethod codeBase="/Users/kevinmccreary/appostolic/apps/api.tests/bin/Debug/net8.0/Appostolic.Api.Tests.dll" adapterTypeName="executor://xunit/VsTestRunner2/netcoreapp" className="WebSearchToolTests" name="Empty_query_returns_empty" />
    </UnitTest>
    <UnitTest name="FsWriteToolTests.Rejects_path_traversal" storage="/users/kevinmccreary/appostolic/apps/api.tests/bin/debug/net8.0/appostolic.api.tests.dll" id="94ec43a1-8d1a-e493-b213-b33a5a6877b2">
      <Execution id="4ba4aca6-246c-4d9c-82b0-19b35fae8a46" />
      <TestMethod codeBase="/Users/kevinmccreary/appostolic/apps/api.tests/bin/Debug/net8.0/Appostolic.Api.Tests.dll" adapterTypeName="executor://xunit/VsTestRunner2/netcoreapp" className="FsWriteToolTests" name="Rejects_path_traversal" />
    </UnitTest>
    <UnitTest name="Appostolic.Api.Tests.AgentTasks.AgentTasksListFilterPaginationTests.Date_Range_Filter_On_CreatedAt" storage="/users/kevinmccreary/appostolic/apps/api.tests/bin/debug/net8.0/appostolic.api.tests.dll" id="ad304976-430a-8b69-e0d9-931ece855b31">
      <Execution id="deaab090-c7a4-4f8b-b78a-7df5731d87c5" />
      <TestMethod codeBase="/Users/kevinmccreary/appostolic/apps/api.tests/bin/Debug/net8.0/Appostolic.Api.Tests.dll" adapterTypeName="executor://xunit/VsTestRunner2/netcoreapp" className="Appostolic.Api.Tests.AgentTasks.AgentTasksListFilterPaginationTests" name="Date_Range_Filter_On_CreatedAt" />
    </UnitTest>
    <UnitTest name="Appostolic.Api.Tests.Model.TokenEstimatorTests.EstimateTokens_Heuristic_CeilPer4Chars(text: &quot;a&quot;, expected: 1)" storage="/users/kevinmccreary/appostolic/apps/api.tests/bin/debug/net8.0/appostolic.api.tests.dll" id="79403e37-7823-d8d7-7290-f467456876fa">
      <Execution id="ff68d241-06c0-40ab-a647-9d10884d5f4a" />
      <TestMethod codeBase="/Users/kevinmccreary/appostolic/apps/api.tests/bin/Debug/net8.0/Appostolic.Api.Tests.dll" adapterTypeName="executor://xunit/VsTestRunner2/netcoreapp" className="Appostolic.Api.Tests.Model.TokenEstimatorTests" name="EstimateTokens_Heuristic_CeilPer4Chars" />
    </UnitTest>
    <UnitTest name="Appostolic.Api.Tests.ModelMappingTests.Agent_check_constraints_are_configured_in_model" storage="/users/kevinmccreary/appostolic/apps/api.tests/bin/debug/net8.0/appostolic.api.tests.dll" id="f36e146c-5e84-0e67-2982-f20e16e0dd68">
      <Execution id="00e60882-25e4-4b70-a7df-631c09e6a5d3" />
      <TestMethod codeBase="/Users/kevinmccreary/appostolic/apps/api.tests/bin/Debug/net8.0/Appostolic.Api.Tests.dll" adapterTypeName="executor://xunit/VsTestRunner2/netcoreapp" className="Appostolic.Api.Tests.ModelMappingTests" name="Agent_check_constraints_are_configured_in_model" />
    </UnitTest>
    <UnitTest name="Appostolic.Api.Tests.NotificationEnqueuerTests.QueueInvite_uses_relative_when_base_missing" storage="/users/kevinmccreary/appostolic/apps/api.tests/bin/debug/net8.0/appostolic.api.tests.dll" id="5818c4b0-5040-ff57-2a21-3715c31b378e">
      <Execution id="6c1994f4-0ca2-4df8-855b-d249c0f1a10e" />
      <TestMethod codeBase="/Users/kevinmccreary/appostolic/apps/api.tests/bin/Debug/net8.0/Appostolic.Api.Tests.dll" adapterTypeName="executor://xunit/VsTestRunner2/netcoreapp" className="Appostolic.Api.Tests.NotificationEnqueuerTests" name="QueueInvite_uses_relative_when_base_missing" />
    </UnitTest>
    <UnitTest name="Appostolic.Api.Tests.E2E.AgentTasksE2E_List.Inbox_List_Orders_By_CreatedAt_Desc_And_Pages" storage="/users/kevinmccreary/appostolic/apps/api.tests/bin/debug/net8.0/appostolic.api.tests.dll" id="03cb9965-4934-50d0-65d4-2c790e264e80">
      <Execution id="bd0f3316-8268-4387-80cf-36a8f64673b0" />
      <TestMethod codeBase="/Users/kevinmccreary/appostolic/apps/api.tests/bin/Debug/net8.0/Appostolic.Api.Tests.dll" adapterTypeName="executor://xunit/VsTestRunner2/netcoreapp" className="Appostolic.Api.Tests.E2E.AgentTasksE2E_List" name="Inbox_List_Orders_By_CreatedAt_Desc_And_Pages" />
    </UnitTest>
    <UnitTest name="Appostolic.Api.Tests.Api.AgentTasksEndpointsTests.CreateTask_Returns201AndSummary" storage="/users/kevinmccreary/appostolic/apps/api.tests/bin/debug/net8.0/appostolic.api.tests.dll" id="9c020064-9cbb-7975-d5c0-9dc48d581775">
      <Execution id="75912fcc-4dad-4621-b9fc-e20c17a9f02e" />
      <TestMethod codeBase="/Users/kevinmccreary/appostolic/apps/api.tests/bin/Debug/net8.0/Appostolic.Api.Tests.dll" adapterTypeName="executor://xunit/VsTestRunner2/netcoreapp" className="Appostolic.Api.Tests.Api.AgentTasksEndpointsTests" name="CreateTask_Returns201AndSummary" />
    </UnitTest>
    <UnitTest name="DbQueryToolTests.Reject_non_select" storage="/users/kevinmccreary/appostolic/apps/api.tests/bin/debug/net8.0/appostolic.api.tests.dll" id="c8cdac31-ad32-9a02-508c-02a988e5e017">
      <Execution id="e230ad41-92e8-4c66-a8cd-f2fb833c0e9e" />
      <TestMethod codeBase="/Users/kevinmccreary/appostolic/apps/api.tests/bin/Debug/net8.0/Appostolic.Api.Tests.dll" adapterTypeName="executor://xunit/VsTestRunner2/netcoreapp" className="DbQueryToolTests" name="Reject_non_select" />
    </UnitTest>
    <UnitTest name="Appostolic.Api.Tests.AgentTasks.AgentTasksListFilterPaginationTests.Agent_Filter_Returns_Only_Matching" storage="/users/kevinmccreary/appostolic/apps/api.tests/bin/debug/net8.0/appostolic.api.tests.dll" id="efe354b5-5489-bbb2-88ee-c8f998cb6176">
      <Execution id="658baac1-9b8e-484f-a88b-5abdfc7a4a67" />
      <TestMethod codeBase="/Users/kevinmccreary/appostolic/apps/api.tests/bin/Debug/net8.0/Appostolic.Api.Tests.dll" adapterTypeName="executor://xunit/VsTestRunner2/netcoreapp" className="Appostolic.Api.Tests.AgentTasks.AgentTasksListFilterPaginationTests" name="Agent_Filter_Returns_Only_Matching" />
    </UnitTest>
    <UnitTest name="Appostolic.Api.Tests.E2E.AgentTasksE2E_Golden.HappyPath_projection_matches_golden_fixture" storage="/users/kevinmccreary/appostolic/apps/api.tests/bin/debug/net8.0/appostolic.api.tests.dll" id="e1e10047-9c95-2461-ef88-42d3da0fbb82">
      <Execution id="bcac2be0-e8aa-42fa-b32f-28c028b47d9a" />
      <TestMethod codeBase="/Users/kevinmccreary/appostolic/apps/api.tests/bin/Debug/net8.0/Appostolic.Api.Tests.dll" adapterTypeName="executor://xunit/VsTestRunner2/netcoreapp" className="Appostolic.Api.Tests.E2E.AgentTasksE2E_Golden" name="HappyPath_projection_matches_golden_fixture" />
    </UnitTest>
    <UnitTest name="Appostolic.Api.Tests.Api.AgentsEndpointsTests.Agents_CRUD_HappyPath" storage="/users/kevinmccreary/appostolic/apps/api.tests/bin/debug/net8.0/appostolic.api.tests.dll" id="b672c70e-eca2-f979-b482-5169b705a205">
      <Execution id="6bed713d-13d8-4928-9c2a-bc9d140f9f49" />
      <TestMethod codeBase="/Users/kevinmccreary/appostolic/apps/api.tests/bin/Debug/net8.0/Appostolic.Api.Tests.dll" adapterTypeName="executor://xunit/VsTestRunner2/netcoreapp" className="Appostolic.Api.Tests.Api.AgentsEndpointsTests" name="Agents_CRUD_HappyPath" />
    </UnitTest>
    <UnitTest name="Appostolic.Api.Tests.Orchestrator.AgentOrchestratorTests.ToolNotAllowed_FailsAndTracesFailure" storage="/users/kevinmccreary/appostolic/apps/api.tests/bin/debug/net8.0/appostolic.api.tests.dll" id="cc013720-f8b7-b972-40e8-34c7328bfdae">
      <Execution id="013f4e61-7148-4899-a013-a22ad380fce6" />
      <TestMethod codeBase="/Users/kevinmccreary/appostolic/apps/api.tests/bin/Debug/net8.0/Appostolic.Api.Tests.dll" adapterTypeName="executor://xunit/VsTestRunner2/netcoreapp" className="Appostolic.Api.Tests.Orchestrator.AgentOrchestratorTests" name="ToolNotAllowed_FailsAndTracesFailure" />
    </UnitTest>
    <UnitTest name="Appostolic.Api.Tests.Api.AgentTasksEndpointsTests.List_Pending_ReturnsCreatedFirst" storage="/users/kevinmccreary/appostolic/apps/api.tests/bin/debug/net8.0/appostolic.api.tests.dll" id="6af85923-8d05-0c62-0cc5-a5120df2d8e5">
      <Execution id="f513a188-c0b4-489f-8851-1dd43ca92881" />
      <TestMethod codeBase="/Users/kevinmccreary/appostolic/apps/api.tests/bin/Debug/net8.0/Appostolic.Api.Tests.dll" adapterTypeName="executor://xunit/VsTestRunner2/netcoreapp" className="Appostolic.Api.Tests.Api.AgentTasksEndpointsTests" name="List_Pending_ReturnsCreatedFirst" />
    </UnitTest>
    <UnitTest name="Appostolic.Api.Tests.EmailDispatcherTests.Enqueue_sends_via_sender" storage="/users/kevinmccreary/appostolic/apps/api.tests/bin/debug/net8.0/appostolic.api.tests.dll" id="c17747a3-eb4e-63bf-0bc9-279a4928ed40">
      <Execution id="d2423af6-80e1-4e0c-b406-59e54962e779" />
      <TestMethod codeBase="/Users/kevinmccreary/appostolic/apps/api.tests/bin/Debug/net8.0/Appostolic.Api.Tests.dll" adapterTypeName="executor://xunit/VsTestRunner2/netcoreapp" className="Appostolic.Api.Tests.EmailDispatcherTests" name="Enqueue_sends_via_sender" />
    </UnitTest>
    <UnitTest name="Appostolic.Api.Tests.Api.ToolCatalogTests.Tools_Catalog_Lists_Registered_Tools_With_Categories" storage="/users/kevinmccreary/appostolic/apps/api.tests/bin/debug/net8.0/appostolic.api.tests.dll" id="8f26075f-925c-4688-bf33-abe324c4e160">
      <Execution id="73d448ad-6c08-4454-94ba-3b5bb1d69cae" />
      <TestMethod codeBase="/Users/kevinmccreary/appostolic/apps/api.tests/bin/Debug/net8.0/Appostolic.Api.Tests.dll" adapterTypeName="executor://xunit/VsTestRunner2/netcoreapp" className="Appostolic.Api.Tests.Api.ToolCatalogTests" name="Tools_Catalog_Lists_Registered_Tools_With_Categories" />
    </UnitTest>
    <UnitTest name="Appostolic.Api.AuthTests.LoginTests.Login_ValidCredentials_Returns200" storage="/users/kevinmccreary/appostolic/apps/api.tests/bin/debug/net8.0/appostolic.api.tests.dll" id="8f2edffb-b43d-5750-46cc-f6c9051abba5">
      <Execution id="74b23396-9dee-445e-ad2b-0a1b71bb36bb" />
      <TestMethod codeBase="/Users/kevinmccreary/appostolic/apps/api.tests/bin/Debug/net8.0/Appostolic.Api.Tests.dll" adapterTypeName="executor://xunit/VsTestRunner2/netcoreapp" className="Appostolic.Api.AuthTests.LoginTests" name="Login_ValidCredentials_Returns200" />
    </UnitTest>
    <UnitTest name="Appostolic.Api.Tests.ModelMappingTests.Agent_ToolAllowlist_has_column_type_jsonb" storage="/users/kevinmccreary/appostolic/apps/api.tests/bin/debug/net8.0/appostolic.api.tests.dll" id="8499e5e2-c09d-d64e-ab91-715c51a15d3b">
      <Execution id="956104da-e093-41b7-93c5-29221cb55cf3" />
      <TestMethod codeBase="/Users/kevinmccreary/appostolic/apps/api.tests/bin/Debug/net8.0/Appostolic.Api.Tests.dll" adapterTypeName="executor://xunit/VsTestRunner2/netcoreapp" className="Appostolic.Api.Tests.ModelMappingTests" name="Agent_ToolAllowlist_has_column_type_jsonb" />
    </UnitTest>
    <UnitTest name="Appostolic.Api.Tests.AgentTasks.AgentTasksListFilterPaginationTests.Status_Filter_Is_CaseInsensitive" storage="/users/kevinmccreary/appostolic/apps/api.tests/bin/debug/net8.0/appostolic.api.tests.dll" id="f0724dde-c441-a83f-2f8e-78db9d6adb66">
      <Execution id="073f8cbb-94aa-493a-ba50-89c29dc851ef" />
      <TestMethod codeBase="/Users/kevinmccreary/appostolic/apps/api.tests/bin/Debug/net8.0/Appostolic.Api.Tests.dll" adapterTypeName="executor://xunit/VsTestRunner2/netcoreapp" className="Appostolic.Api.Tests.AgentTasks.AgentTasksListFilterPaginationTests" name="Status_Filter_Is_CaseInsensitive" />
    </UnitTest>
    <UnitTest name="Appostolic.Api.Tests.Model.TokenEstimatorTests.EstimateTokens_Heuristic_CeilPer4Chars(text: &quot;&quot;, expected: 0)" storage="/users/kevinmccreary/appostolic/apps/api.tests/bin/debug/net8.0/appostolic.api.tests.dll" id="40e767b4-314a-d8ef-34b1-5c49d7ef55c4">
      <Execution id="df292643-9a99-41c5-87a1-4c9714ab3b02" />
      <TestMethod codeBase="/Users/kevinmccreary/appostolic/apps/api.tests/bin/Debug/net8.0/Appostolic.Api.Tests.dll" adapterTypeName="executor://xunit/VsTestRunner2/netcoreapp" className="Appostolic.Api.Tests.Model.TokenEstimatorTests" name="EstimateTokens_Heuristic_CeilPer4Chars" />
    </UnitTest>
    <UnitTest name="Appostolic.Api.Tests.AgentConstraintTests.Agent_MaxSteps_out_of_range_throws_in_domain_constructor" storage="/users/kevinmccreary/appostolic/apps/api.tests/bin/debug/net8.0/appostolic.api.tests.dll" id="33c114dd-901b-348b-cb07-4ff32816218d">
      <Execution id="d2c156ba-2eff-4ef3-ae75-b458b602f058" />
      <TestMethod codeBase="/Users/kevinmccreary/appostolic/apps/api.tests/bin/Debug/net8.0/Appostolic.Api.Tests.dll" adapterTypeName="executor://xunit/VsTestRunner2/netcoreapp" className="Appostolic.Api.Tests.AgentConstraintTests" name="Agent_MaxSteps_out_of_range_throws_in_domain_constructor" />
    </UnitTest>
    <UnitTest name="Appostolic.Api.Tests.Orchestrator.TokenAggregationTests.AggregatesTokens_And_ComputesCost_WhenPricingEnabled" storage="/users/kevinmccreary/appostolic/apps/api.tests/bin/debug/net8.0/appostolic.api.tests.dll" id="c2441ddc-565a-93d7-0c28-f73ca97b9486">
      <Execution id="88fa354a-c4ea-4c87-aae2-a6b83a0a3d8f" />
      <TestMethod codeBase="/Users/kevinmccreary/appostolic/apps/api.tests/bin/Debug/net8.0/Appostolic.Api.Tests.dll" adapterTypeName="executor://xunit/VsTestRunner2/netcoreapp" className="Appostolic.Api.Tests.Orchestrator.TokenAggregationTests" name="AggregatesTokens_And_ComputesCost_WhenPricingEnabled" />
    </UnitTest>
    <UnitTest name="FsWriteToolTests.Writes_file_under_root_and_returns_sha" storage="/users/kevinmccreary/appostolic/apps/api.tests/bin/debug/net8.0/appostolic.api.tests.dll" id="3494b3d5-98dd-209c-c4b4-d8d0bff712f0">
      <Execution id="afdd4951-32bf-4f8c-a801-51ceaf7560d9" />
      <TestMethod codeBase="/Users/kevinmccreary/appostolic/apps/api.tests/bin/Debug/net8.0/Appostolic.Api.Tests.dll" adapterTypeName="executor://xunit/VsTestRunner2/netcoreapp" className="FsWriteToolTests" name="Writes_file_under_root_and_returns_sha" />
    </UnitTest>
    <UnitTest name="Appostolic.Api.Tests.NotificationEnqueuerTests.QueueInvite_enqueues_correct_message" storage="/users/kevinmccreary/appostolic/apps/api.tests/bin/debug/net8.0/appostolic.api.tests.dll" id="b9af0f84-0079-b683-0d77-346a6542b5b4">
      <Execution id="9504185a-f2a5-4710-b7af-c6b73945ad1b" />
      <TestMethod codeBase="/Users/kevinmccreary/appostolic/apps/api.tests/bin/Debug/net8.0/Appostolic.Api.Tests.dll" adapterTypeName="executor://xunit/VsTestRunner2/netcoreapp" className="Appostolic.Api.Tests.NotificationEnqueuerTests" name="QueueInvite_enqueues_correct_message" />
    </UnitTest>
    <UnitTest name="Appostolic.Api.Tests.Model.TokenEstimatorTests.EstimateTokens_Heuristic_CeilPer4Chars(text: &quot;abcdefgh&quot;, expected: 2)" storage="/users/kevinmccreary/appostolic/apps/api.tests/bin/debug/net8.0/appostolic.api.tests.dll" id="2c0e3ce9-5829-44ef-fbae-e96e2c0f5de9">
      <Execution id="66850d91-8a36-489a-9194-80df8b1fde6c" />
      <TestMethod codeBase="/Users/kevinmccreary/appostolic/apps/api.tests/bin/Debug/net8.0/Appostolic.Api.Tests.dll" adapterTypeName="executor://xunit/VsTestRunner2/netcoreapp" className="Appostolic.Api.Tests.Model.TokenEstimatorTests" name="EstimateTokens_Heuristic_CeilPer4Chars" />
    </UnitTest>
    <UnitTest name="Appostolic.Api.Tests.ModelMappingTests.Agent_indexes_are_configured_in_model" storage="/users/kevinmccreary/appostolic/apps/api.tests/bin/debug/net8.0/appostolic.api.tests.dll" id="f53587d7-cc90-0182-8a77-44034bb01e5e">
      <Execution id="84127980-b774-4907-84a8-45a51fe70a5a" />
      <TestMethod codeBase="/Users/kevinmccreary/appostolic/apps/api.tests/bin/Debug/net8.0/Appostolic.Api.Tests.dll" adapterTypeName="executor://xunit/VsTestRunner2/netcoreapp" className="Appostolic.Api.Tests.ModelMappingTests" name="Agent_indexes_are_configured_in_model" />
    </UnitTest>
    <UnitTest name="Appostolic.Api.Tests.Orchestrator.AgentOrchestratorTests.MaxStepsExceeded_FailsAfterCap" storage="/users/kevinmccreary/appostolic/apps/api.tests/bin/debug/net8.0/appostolic.api.tests.dll" id="30aa5bc1-9211-739f-532d-176c6c3c3a30">
      <Execution id="3b7f2dca-f336-4ea9-ad4f-fe127a17f623" />
      <TestMethod codeBase="/Users/kevinmccreary/appostolic/apps/api.tests/bin/Debug/net8.0/Appostolic.Api.Tests.dll" adapterTypeName="executor://xunit/VsTestRunner2/netcoreapp" className="Appostolic.Api.Tests.Orchestrator.AgentOrchestratorTests" name="MaxStepsExceeded_FailsAfterCap" />
    </UnitTest>
    <UnitTest name="Appostolic.Api.Tests.Api.AgentTasksEndpointsTests.GetDetails_WithTracesInitiallyEmpty" storage="/users/kevinmccreary/appostolic/apps/api.tests/bin/debug/net8.0/appostolic.api.tests.dll" id="c0347afe-0c6b-b0a7-12e1-3aa76a4722fc">
      <Execution id="9f6f4d57-fc24-4357-a037-e6adf5e325e6" />
      <TestMethod codeBase="/Users/kevinmccreary/appostolic/apps/api.tests/bin/Debug/net8.0/Appostolic.Api.Tests.dll" adapterTypeName="executor://xunit/VsTestRunner2/netcoreapp" className="Appostolic.Api.Tests.Api.AgentTasksEndpointsTests" name="GetDetails_WithTracesInitiallyEmpty" />
    </UnitTest>
    <UnitTest name="DbQueryToolTests.Select_lessons_where_id_param_object" storage="/users/kevinmccreary/appostolic/apps/api.tests/bin/debug/net8.0/appostolic.api.tests.dll" id="811026c2-41ce-4e18-121d-862774cd6272">
      <Execution id="9d9ac7ec-6a67-40c8-8764-f737744c5931" />
      <TestMethod codeBase="/Users/kevinmccreary/appostolic/apps/api.tests/bin/Debug/net8.0/Appostolic.Api.Tests.dll" adapterTypeName="executor://xunit/VsTestRunner2/netcoreapp" className="DbQueryToolTests" name="Select_lessons_where_id_param_object" />
    </UnitTest>
    <UnitTest name="Appostolic.Api.Tests.AgentTasks.AgentTasksListFilterPaginationTests.Paging_Returns_XTotalCount_And_DescOrdering" storage="/users/kevinmccreary/appostolic/apps/api.tests/bin/debug/net8.0/appostolic.api.tests.dll" id="4f93dd2b-351a-bca6-2b8b-95fc20f20ddd">
      <Execution id="913626f5-f646-41a6-aa23-a46794fe6dc6" />
      <TestMethod codeBase="/Users/kevinmccreary/appostolic/apps/api.tests/bin/Debug/net8.0/Appostolic.Api.Tests.dll" adapterTypeName="executor://xunit/VsTestRunner2/netcoreapp" className="Appostolic.Api.Tests.AgentTasks.AgentTasksListFilterPaginationTests" name="Paging_Returns_XTotalCount_And_DescOrdering" />
    </UnitTest>
    <UnitTest name="Appostolic.Api.Tests.Auth.SignupTests.Signup_SelfServe_CreatesUserAndPersonalTenant" storage="/users/kevinmccreary/appostolic/apps/api.tests/bin/debug/net8.0/appostolic.api.tests.dll" id="1cfc69b2-92d0-7e18-c868-129765966147">
      <Execution id="58b2edda-0bcd-4426-93e8-3954b3021ba3" />
      <TestMethod codeBase="/Users/kevinmccreary/appostolic/apps/api.tests/bin/Debug/net8.0/Appostolic.Api.Tests.dll" adapterTypeName="executor://xunit/VsTestRunner2/netcoreapp" className="Appostolic.Api.Tests.Auth.SignupTests" name="Signup_SelfServe_CreatesUserAndPersonalTenant" />
    </UnitTest>
    <UnitTest name="Appostolic.Api.Tests.NotificationEnqueuerTests.QueueVerification_uses_relative_when_base_missing" storage="/users/kevinmccreary/appostolic/apps/api.tests/bin/debug/net8.0/appostolic.api.tests.dll" id="ec039bf7-f831-a8e3-834c-89707ff2f6d2">
      <Execution id="de3650ec-7672-4859-ae0e-b7b070ef5cdf" />
      <TestMethod codeBase="/Users/kevinmccreary/appostolic/apps/api.tests/bin/Debug/net8.0/Appostolic.Api.Tests.dll" adapterTypeName="executor://xunit/VsTestRunner2/netcoreapp" className="Appostolic.Api.Tests.NotificationEnqueuerTests" name="QueueVerification_uses_relative_when_base_missing" />
    </UnitTest>
    <UnitTest name="Appostolic.Api.Tests.NotificationEnqueuerTests.QueueVerification_enqueues_correct_message" storage="/users/kevinmccreary/appostolic/apps/api.tests/bin/debug/net8.0/appostolic.api.tests.dll" id="c561c2f6-8efd-4095-cbad-20238816bd9c">
      <Execution id="dfe40939-dcb0-4517-97f0-3ca2313dc360" />
      <TestMethod codeBase="/Users/kevinmccreary/appostolic/apps/api.tests/bin/Debug/net8.0/Appostolic.Api.Tests.dll" adapterTypeName="executor://xunit/VsTestRunner2/netcoreapp" className="Appostolic.Api.Tests.NotificationEnqueuerTests" name="QueueVerification_enqueues_correct_message" />
    </UnitTest>
    <UnitTest name="DbQueryToolTests.Unknown_table_fails" storage="/users/kevinmccreary/appostolic/apps/api.tests/bin/debug/net8.0/appostolic.api.tests.dll" id="1aa96e1c-162f-87b8-360d-29c19b3b2c73">
      <Execution id="d4cd62b7-70f9-4072-b8f9-5b19278e0c53" />
      <TestMethod codeBase="/Users/kevinmccreary/appostolic/apps/api.tests/bin/Debug/net8.0/Appostolic.Api.Tests.dll" adapterTypeName="executor://xunit/VsTestRunner2/netcoreapp" className="DbQueryToolTests" name="Unknown_table_fails" />
    </UnitTest>
    <UnitTest name="WebSearchToolTests.Take_limits_results" storage="/users/kevinmccreary/appostolic/apps/api.tests/bin/debug/net8.0/appostolic.api.tests.dll" id="691bf80d-9ec7-7de8-ad81-702e4cdb8bfd">
      <Execution id="c56de913-76f8-49e6-a310-5065e166eebc" />
      <TestMethod codeBase="/Users/kevinmccreary/appostolic/apps/api.tests/bin/Debug/net8.0/Appostolic.Api.Tests.dll" adapterTypeName="executor://xunit/VsTestRunner2/netcoreapp" className="WebSearchToolTests" name="Take_limits_results" />
    </UnitTest>
    <UnitTest name="Appostolic.Api.Tests.E2E.AgentTasksE2E_Allowlist.Allowlist_Denied_Tool_Produces_Failed_Task_With_Error_Trace" storage="/users/kevinmccreary/appostolic/apps/api.tests/bin/debug/net8.0/appostolic.api.tests.dll" id="8a436d67-15f2-8a6f-b3c8-3df7d72a7066">
      <Execution id="745aa9b8-8797-450c-9522-49ad8585661b" />
      <TestMethod codeBase="/Users/kevinmccreary/appostolic/apps/api.tests/bin/Debug/net8.0/Appostolic.Api.Tests.dll" adapterTypeName="executor://xunit/VsTestRunner2/netcoreapp" className="Appostolic.Api.Tests.E2E.AgentTasksE2E_Allowlist" name="Allowlist_Denied_Tool_Produces_Failed_Task_With_Error_Trace" />
    </UnitTest>
    <UnitTest name="Appostolic.Api.Tests.AgentOrchestratorTests.ToolNotAllowed_FailsAndTracesFailure" storage="/users/kevinmccreary/appostolic/apps/api.tests/bin/debug/net8.0/appostolic.api.tests.dll" id="eba2e046-3c6c-f48b-f85f-b23828d8319b">
      <Execution id="f2350a8c-d076-4c81-a88f-01f280e66af3" />
      <TestMethod codeBase="/Users/kevinmccreary/appostolic/apps/api.tests/bin/Debug/net8.0/Appostolic.Api.Tests.dll" adapterTypeName="executor://xunit/VsTestRunner2/netcoreapp" className="Appostolic.Api.Tests.AgentOrchestratorTests" name="ToolNotAllowed_FailsAndTracesFailure" />
    </UnitTest>
    <UnitTest name="Appostolic.Api.Tests.AgentConstraintTests.Agent_Temperature_out_of_range_throws_in_domain_constructor" storage="/users/kevinmccreary/appostolic/apps/api.tests/bin/debug/net8.0/appostolic.api.tests.dll" id="71d5d180-2d36-ecb9-e4eb-71ca09e46ec4">
      <Execution id="9d9b3641-7009-4eb8-88d4-52926a8691bb" />
      <TestMethod codeBase="/Users/kevinmccreary/appostolic/apps/api.tests/bin/Debug/net8.0/Appostolic.Api.Tests.dll" adapterTypeName="executor://xunit/VsTestRunner2/netcoreapp" className="Appostolic.Api.Tests.AgentConstraintTests" name="Agent_Temperature_out_of_range_throws_in_domain_constructor" />
    </UnitTest>
    <UnitTest name="Appostolic.Api.Tests.Model.TokenEstimatorTests.EstimateTokens_Heuristic_CeilPer4Chars(text: &quot;abcdefghi&quot;, expected: 3)" storage="/users/kevinmccreary/appostolic/apps/api.tests/bin/debug/net8.0/appostolic.api.tests.dll" id="df92ad96-32d4-9c44-0398-97a52600538f">
      <Execution id="fe42a1ba-9fa5-475f-9459-9224eb940b2d" />
      <TestMethod codeBase="/Users/kevinmccreary/appostolic/apps/api.tests/bin/Debug/net8.0/Appostolic.Api.Tests.dll" adapterTypeName="executor://xunit/VsTestRunner2/netcoreapp" className="Appostolic.Api.Tests.Model.TokenEstimatorTests" name="EstimateTokens_Heuristic_CeilPer4Chars" />
    </UnitTest>
    <UnitTest name="Appostolic.Api.Tests.Orchestrator.AgentOrchestratorTests.ToolMissing_FailsWithToolNotFound" storage="/users/kevinmccreary/appostolic/apps/api.tests/bin/debug/net8.0/appostolic.api.tests.dll" id="d9d051a9-d261-1011-dbde-e42b30d539a9">
      <Execution id="d990a6b7-b3b9-4758-9d34-d9761fc7b2b0" />
      <TestMethod codeBase="/Users/kevinmccreary/appostolic/apps/api.tests/bin/Debug/net8.0/Appostolic.Api.Tests.dll" adapterTypeName="executor://xunit/VsTestRunner2/netcoreapp" className="Appostolic.Api.Tests.Orchestrator.AgentOrchestratorTests" name="ToolMissing_FailsWithToolNotFound" />
    </UnitTest>
    <UnitTest name="Appostolic.Api.Tests.E2E.AgentTasksE2E_Concurrency.Worker_Processes_Many_Tasks_Reliably" storage="/users/kevinmccreary/appostolic/apps/api.tests/bin/debug/net8.0/appostolic.api.tests.dll" id="c64a9991-8173-cdf8-9198-d5935257f1a8">
      <Execution id="b6b4e06f-1aee-4816-88f2-16cc8239186b" />
      <TestMethod codeBase="/Users/kevinmccreary/appostolic/apps/api.tests/bin/Debug/net8.0/Appostolic.Api.Tests.dll" adapterTypeName="executor://xunit/VsTestRunner2/netcoreapp" className="Appostolic.Api.Tests.E2E.AgentTasksE2E_Concurrency" name="Worker_Processes_Many_Tasks_Reliably" />
    </UnitTest>
    <UnitTest name="Appostolic.Api.Tests.AgentTasks.AgentTasksListFilterPaginationTests.FreeText_Q_Search_On_Input_And_User" storage="/users/kevinmccreary/appostolic/apps/api.tests/bin/debug/net8.0/appostolic.api.tests.dll" id="94524c04-7158-8472-e876-43b26f76e4f4">
      <Execution id="bc1b0672-1237-40c7-b515-0943ad0feb3c" />
      <TestMethod codeBase="/Users/kevinmccreary/appostolic/apps/api.tests/bin/Debug/net8.0/Appostolic.Api.Tests.dll" adapterTypeName="executor://xunit/VsTestRunner2/netcoreapp" className="Appostolic.Api.Tests.AgentTasks.AgentTasksListFilterPaginationTests" name="FreeText_Q_Search_On_Input_And_User" />
    </UnitTest>
    <UnitTest name="Appostolic.Api.Tests.ModelMappingTests.AgentTrace_Kind_is_mapped_as_int" storage="/users/kevinmccreary/appostolic/apps/api.tests/bin/debug/net8.0/appostolic.api.tests.dll" id="37b7f024-73bb-98ae-d17f-d1c0ce9f17e8">
      <Execution id="603746a2-6746-4959-9c43-14fb02b15e94" />
      <TestMethod codeBase="/Users/kevinmccreary/appostolic/apps/api.tests/bin/Debug/net8.0/Appostolic.Api.Tests.dll" adapterTypeName="executor://xunit/VsTestRunner2/netcoreapp" className="Appostolic.Api.Tests.ModelMappingTests" name="AgentTrace_Kind_is_mapped_as_int" />
    </UnitTest>
    <UnitTest name="Appostolic.Api.Tests.SendGridEmailSenderTests.Sends_on_202_Accepted" storage="/users/kevinmccreary/appostolic/apps/api.tests/bin/debug/net8.0/appostolic.api.tests.dll" id="02f4c01b-4d57-cea6-940b-91f660d6b3a5">
      <Execution id="61fc97d8-f290-46a3-ae1f-634de9d6b9b5" />
      <TestMethod codeBase="/Users/kevinmccreary/appostolic/apps/api.tests/bin/Debug/net8.0/Appostolic.Api.Tests.dll" adapterTypeName="executor://xunit/VsTestRunner2/netcoreapp" className="Appostolic.Api.Tests.SendGridEmailSenderTests" name="Sends_on_202_Accepted" />
    </UnitTest>
    <UnitTest name="Appostolic.Api.Tests.EmailDedupeTests.Dedupe_suppresses_duplicate_messages" storage="/users/kevinmccreary/appostolic/apps/api.tests/bin/debug/net8.0/appostolic.api.tests.dll" id="21127838-ea89-b283-653a-0b46d8acc590">
      <Execution id="64effa2c-e798-406f-9718-09a66ce71a27" />
      <TestMethod codeBase="/Users/kevinmccreary/appostolic/apps/api.tests/bin/Debug/net8.0/Appostolic.Api.Tests.dll" adapterTypeName="executor://xunit/VsTestRunner2/netcoreapp" className="Appostolic.Api.Tests.EmailDedupeTests" name="Dedupe_suppresses_duplicate_messages" />
    </UnitTest>
    <UnitTest name="Appostolic.Api.Tests.Orchestrator.TokenAggregationTests.CostIsNull_WhenPricingDisabled" storage="/users/kevinmccreary/appostolic/apps/api.tests/bin/debug/net8.0/appostolic.api.tests.dll" id="3b3a68c1-1138-770e-4b05-0d7fb6b68738">
      <Execution id="ca690857-2fa4-4839-9be0-1d1e42865099" />
      <TestMethod codeBase="/Users/kevinmccreary/appostolic/apps/api.tests/bin/Debug/net8.0/Appostolic.Api.Tests.dll" adapterTypeName="executor://xunit/VsTestRunner2/netcoreapp" className="Appostolic.Api.Tests.Orchestrator.TokenAggregationTests" name="CostIsNull_WhenPricingDisabled" />
    </UnitTest>
    <UnitTest name="Appostolic.Api.Tests.Worker.AgentTaskWorkerTests.Pending_To_Running_To_Succeeded_With_Traces" storage="/users/kevinmccreary/appostolic/apps/api.tests/bin/debug/net8.0/appostolic.api.tests.dll" id="87a5b8a9-e5bd-8c6e-5a6c-5815a0bd8c39">
      <Execution id="6e5c7e70-1e46-4de6-a1c1-b24feea0f206" />
      <TestMethod codeBase="/Users/kevinmccreary/appostolic/apps/api.tests/bin/Debug/net8.0/Appostolic.Api.Tests.dll" adapterTypeName="executor://xunit/VsTestRunner2/netcoreapp" className="Appostolic.Api.Tests.Worker.AgentTaskWorkerTests" name="Pending_To_Running_To_Succeeded_With_Traces" />
    </UnitTest>
    <UnitTest name="TemplateRendererTests.Verification_template_renders_link_and_subject" storage="/users/kevinmccreary/appostolic/apps/api.tests/bin/debug/net8.0/appostolic.api.tests.dll" id="6e2b7510-d3ae-c174-2b57-710f63c82ad0">
      <Execution id="f497b9bf-ed99-4bc7-b0e5-d1f2c2cbd29c" />
      <TestMethod codeBase="/Users/kevinmccreary/appostolic/apps/api.tests/bin/Debug/net8.0/Appostolic.Api.Tests.dll" adapterTypeName="executor://xunit/VsTestRunner2/netcoreapp" className="TemplateRendererTests" name="Verification_template_renders_link_and_subject" />
    </UnitTest>
    <UnitTest name="Appostolic.Api.Tests.Model.TokenEstimatorTests.EstimateTokens_Heuristic_CeilPer4Chars(text: &quot;abcde&quot;, expected: 2)" storage="/users/kevinmccreary/appostolic/apps/api.tests/bin/debug/net8.0/appostolic.api.tests.dll" id="2f6106d4-2d27-0ec0-388a-a0a0d64b80ea">
      <Execution id="759fe698-3c6f-4039-842c-575d334ef274" />
      <TestMethod codeBase="/Users/kevinmccreary/appostolic/apps/api.tests/bin/Debug/net8.0/Appostolic.Api.Tests.dll" adapterTypeName="executor://xunit/VsTestRunner2/netcoreapp" className="Appostolic.Api.Tests.Model.TokenEstimatorTests" name="EstimateTokens_Heuristic_CeilPer4Chars" />
    </UnitTest>
    <UnitTest name="Appostolic.Api.Tests.Observability.TelemetrySmokeTests.HappyPath_Emits_Spans_And_Metrics" storage="/users/kevinmccreary/appostolic/apps/api.tests/bin/debug/net8.0/appostolic.api.tests.dll" id="a11d6311-0314-291e-6c87-0745cc1eace8">
      <Execution id="86df6ffd-5d0b-4764-817f-161e87b286f4" />
      <TestMethod codeBase="/Users/kevinmccreary/appostolic/apps/api.tests/bin/Debug/net8.0/Appostolic.Api.Tests.dll" adapterTypeName="executor://xunit/VsTestRunner2/netcoreapp" className="Appostolic.Api.Tests.Observability.TelemetrySmokeTests" name="HappyPath_Emits_Spans_And_Metrics" />
    </UnitTest>
    <UnitTest name="Appostolic.Api.Tests.Api.AgentsEndpointsTests.Agents_Validation_Errors" storage="/users/kevinmccreary/appostolic/apps/api.tests/bin/debug/net8.0/appostolic.api.tests.dll" id="e74b4a4d-4fe0-004f-1c01-e9508924afd9">
      <Execution id="4cf06d92-fce2-44c5-a08c-b9d4039bff2e" />
      <TestMethod codeBase="/Users/kevinmccreary/appostolic/apps/api.tests/bin/Debug/net8.0/Appostolic.Api.Tests.dll" adapterTypeName="executor://xunit/VsTestRunner2/netcoreapp" className="Appostolic.Api.Tests.Api.AgentsEndpointsTests" name="Agents_Validation_Errors" />
    </UnitTest>
    <UnitTest name="Appostolic.Api.Tests.SendGridEmailSenderTests.Throws_on_400" storage="/users/kevinmccreary/appostolic/apps/api.tests/bin/debug/net8.0/appostolic.api.tests.dll" id="a00d92b0-35aa-1e7c-b5ff-79738a042c12">
      <Execution id="42cf1eae-60be-4770-ab16-bffd2cbe15b7" />
      <TestMethod codeBase="/Users/kevinmccreary/appostolic/apps/api.tests/bin/Debug/net8.0/Appostolic.Api.Tests.dll" adapterTypeName="executor://xunit/VsTestRunner2/netcoreapp" className="Appostolic.Api.Tests.SendGridEmailSenderTests" name="Throws_on_400" />
    </UnitTest>
    <UnitTest name="Appostolic.Api.Tests.SmokeTests.Health_ReturnsOk" storage="/users/kevinmccreary/appostolic/apps/api.tests/bin/debug/net8.0/appostolic.api.tests.dll" id="fc170f06-7a65-44e3-9780-d428f13f33ad">
      <Execution id="8b2d3905-0a1b-42a7-b0c0-0bc243506a71" />
      <TestMethod codeBase="/Users/kevinmccreary/appostolic/apps/api.tests/bin/Debug/net8.0/Appostolic.Api.Tests.dll" adapterTypeName="executor://xunit/VsTestRunner2/netcoreapp" className="Appostolic.Api.Tests.SmokeTests" name="Health_ReturnsOk" />
    </UnitTest>
    <UnitTest name="Appostolic.Api.Tests.E2E.AgentTasksE2E_HappyPath.EndToEnd_CreatesTask_RunsToSuccess_TracesAndTokensPresent" storage="/users/kevinmccreary/appostolic/apps/api.tests/bin/debug/net8.0/appostolic.api.tests.dll" id="9b729b7e-a306-20a1-7040-eda547fe8bec">
      <Execution id="8367c6c6-21d6-4cf3-a238-0c097ab614b6" />
      <TestMethod codeBase="/Users/kevinmccreary/appostolic/apps/api.tests/bin/Debug/net8.0/Appostolic.Api.Tests.dll" adapterTypeName="executor://xunit/VsTestRunner2/netcoreapp" className="Appostolic.Api.Tests.E2E.AgentTasksE2E_HappyPath" name="EndToEnd_CreatesTask_RunsToSuccess_TracesAndTokensPresent" />
    </UnitTest>
    <UnitTest name="Appostolic.Api.Tests.Auth.SignupTests.Signup_WithInvalidInviteToken_ReturnsBadRequest" storage="/users/kevinmccreary/appostolic/apps/api.tests/bin/debug/net8.0/appostolic.api.tests.dll" id="7c0f601f-632e-a9b2-aeb3-eee73bd7742c">
      <Execution id="9bad254e-71f7-4c7e-8fd9-38c7fabe8e91" />
      <TestMethod codeBase="/Users/kevinmccreary/appostolic/apps/api.tests/bin/Debug/net8.0/Appostolic.Api.Tests.dll" adapterTypeName="executor://xunit/VsTestRunner2/netcoreapp" className="Appostolic.Api.Tests.Auth.SignupTests" name="Signup_WithInvalidInviteToken_ReturnsBadRequest" />
    </UnitTest>
    <UnitTest name="Appostolic.Api.Tests.Orchestrator.AgentOrchestratorTests.Cancellation_StopsMidRun" storage="/users/kevinmccreary/appostolic/apps/api.tests/bin/debug/net8.0/appostolic.api.tests.dll" id="2a9f6824-8a17-a193-b18b-3e78fa1bbbd5">
      <Execution id="2747b176-032b-4d3d-a154-17bfd5a4f67c" />
      <TestMethod codeBase="/Users/kevinmccreary/appostolic/apps/api.tests/bin/Debug/net8.0/Appostolic.Api.Tests.dll" adapterTypeName="executor://xunit/VsTestRunner2/netcoreapp" className="Appostolic.Api.Tests.Orchestrator.AgentOrchestratorTests" name="Cancellation_StopsMidRun" />
    </UnitTest>
    <UnitTest name="Appostolic.Api.Tests.AgentTasks.AgentTasksCancelRetryTests.Cancel_Pending_Task_IsCanceledImmediately" storage="/users/kevinmccreary/appostolic/apps/api.tests/bin/debug/net8.0/appostolic.api.tests.dll" id="f7e247f1-8de7-594b-e638-b4ec989d69be">
      <Execution id="f9a01637-2420-4481-a033-15f4e6c4ac25" />
      <TestMethod codeBase="/Users/kevinmccreary/appostolic/apps/api.tests/bin/Debug/net8.0/Appostolic.Api.Tests.dll" adapterTypeName="executor://xunit/VsTestRunner2/netcoreapp" className="Appostolic.Api.Tests.AgentTasks.AgentTasksCancelRetryTests" name="Cancel_Pending_Task_IsCanceledImmediately" />
    </UnitTest>
    <UnitTest name="Appostolic.Api.Tests.Security.AgentTasksAuthContractTests.ListEndpoint_RequiresDevHeaders" storage="/users/kevinmccreary/appostolic/apps/api.tests/bin/debug/net8.0/appostolic.api.tests.dll" id="e507a4d5-4aa9-7d32-05a9-ecfa3f03323d">
      <Execution id="c010e689-6877-45fc-94f9-f680d54ba7ad" />
      <TestMethod codeBase="/Users/kevinmccreary/appostolic/apps/api.tests/bin/Debug/net8.0/Appostolic.Api.Tests.dll" adapterTypeName="executor://xunit/VsTestRunner2/netcoreapp" className="Appostolic.Api.Tests.Security.AgentTasksAuthContractTests" name="ListEndpoint_RequiresDevHeaders" />
    </UnitTest>
    <UnitTest name="FsWriteToolTests.Rejects_when_content_exceeds_max" storage="/users/kevinmccreary/appostolic/apps/api.tests/bin/debug/net8.0/appostolic.api.tests.dll" id="6ac2577f-abec-ce9e-a92b-34035bd744e0">
      <Execution id="740fc734-96b4-4530-b4d8-6a2e6fdc23dc" />
      <TestMethod codeBase="/Users/kevinmccreary/appostolic/apps/api.tests/bin/Debug/net8.0/Appostolic.Api.Tests.dll" adapterTypeName="executor://xunit/VsTestRunner2/netcoreapp" className="FsWriteToolTests" name="Rejects_when_content_exceeds_max" />
    </UnitTest>
    <UnitTest name="Appostolic.Api.Tests.ModelMappingTests.AgentTask_Status_is_converted_as_string" storage="/users/kevinmccreary/appostolic/apps/api.tests/bin/debug/net8.0/appostolic.api.tests.dll" id="0f0c7731-d28a-bcbe-054f-641f024437ac">
      <Execution id="8be83321-26ce-4f12-af85-702c648c3ed7" />
      <TestMethod codeBase="/Users/kevinmccreary/appostolic/apps/api.tests/bin/Debug/net8.0/Appostolic.Api.Tests.dll" adapterTypeName="executor://xunit/VsTestRunner2/netcoreapp" className="Appostolic.Api.Tests.ModelMappingTests" name="AgentTask_Status_is_converted_as_string" />
    </UnitTest>
    <UnitTest name="Appostolic.Api.Tests.EmailProviderSelectionTests.Resolves_SendGrid_sender_when_provider_sendgrid" storage="/users/kevinmccreary/appostolic/apps/api.tests/bin/debug/net8.0/appostolic.api.tests.dll" id="4f12e680-b238-5f1e-d786-32a29acea93b">
      <Execution id="bcae1d9b-f3b1-49f2-af72-3abd69d5841a" />
[...]
    </UnitTest>
    <UnitTest name="Appostolic.Api.Tests.AgentOrchestratorTests.MaxStepsExceeded_FailsAfterCap" storage="/users/kevinmccreary/appostolic/apps/api.tests/bin/debug/net8.0/appostolic.api.tests.dll" id="ed8d7d20-a6f1-0500-d78a-14c17a721b87">
      <Execution id="55d15a0c-3a3c-433f-a9c2-59174c8cbe36" />
      <TestMethod codeBase="/Users/kevinmccreary/appostolic/apps/api.tests/bin/Debug/net8.0/Appostolic.Api.Tests.dll" adapterTypeName="executor://xunit/VsTestRunner2/netcoreapp" className="Appostolic.Api.Tests.AgentOrchestratorTests" name="MaxStepsExceeded_FailsAfterCap" />
    </UnitTest>
    <UnitTest name="Appostolic.Api.Tests.EmailDispatcherTests.Dispatcher_logs_correlation_fields_when_present" storage="/users/kevinmccreary/appostolic/apps/api.tests/bin/debug/net8.0/appostolic.api.tests.dll" id="d079b60f-9bd9-c7a1-855f-178e519346dc">
      <Execution id="1d237b58-29e6-4045-bcaa-672ffdedf9d7" />
      <TestMethod codeBase="/Users/kevinmccreary/appostolic/apps/api.tests/bin/Debug/net8.0/Appostolic.Api.Tests.dll" adapterTypeName="executor://xunit/VsTestRunner2/netcoreapp" className="Appostolic.Api.Tests.EmailDispatcherTests" name="Dispatcher_logs_correlation_fields_when_present" />
    </UnitTest>
    <UnitTest name="Appostolic.Api.Tests.Orchestrator.AgentOrchestratorTests.HappyPath_ModelPlansToolThenFinal_SucceedsWithTwoTraces" storage="/users/kevinmccreary/appostolic/apps/api.tests/bin/debug/net8.0/appostolic.api.tests.dll" id="e654c6ff-e79b-0f0d-7ecf-a4648dc0cf91">
      <Execution id="06d0ebdb-76b4-4aa9-8f00-03a03f1d7cdf" />
      <TestMethod codeBase="/Users/kevinmccreary/appostolic/apps/api.tests/bin/Debug/net8.0/Appostolic.Api.Tests.dll" adapterTypeName="executor://xunit/VsTestRunner2/netcoreapp" className="Appostolic.Api.Tests.Orchestrator.AgentOrchestratorTests" name="HappyPath_ModelPlansToolThenFinal_SucceedsWithTwoTraces" />
    </UnitTest>
    <UnitTest name="Appostolic.Api.Tests.AgentTasks.AgentTasksCancelRetryTests.Cancel_Terminal_Task_Returns409" storage="/users/kevinmccreary/appostolic/apps/api.tests/bin/debug/net8.0/appostolic.api.tests.dll" id="50c609b5-3f14-814d-a1e7-5260305a9b12">
      <Execution id="2619ab26-5ecd-48d0-9252-a6fc6f010055" />
      <TestMethod codeBase="/Users/kevinmccreary/appostolic/apps/api.tests/bin/Debug/net8.0/Appostolic.Api.Tests.dll" adapterTypeName="executor://xunit/VsTestRunner2/netcoreapp" className="Appostolic.Api.Tests.AgentTasks.AgentTasksCancelRetryTests" name="Cancel_Terminal_Task_Returns409" />
    </UnitTest>
    <UnitTest name="Appostolic.Api.Tests.AgentOrchestratorTests.Cancellation_StopsMidRun" storage="/users/kevinmccreary/appostolic/apps/api.tests/bin/debug/net8.0/appostolic.api.tests.dll" id="cb3a79b8-8a20-d72b-fe66-3be39a479486">
      <Execution id="636dcbaf-d999-4008-a3fd-e751f1e22965" />
      <TestMethod codeBase="/Users/kevinmccreary/appostolic/apps/api.tests/bin/Debug/net8.0/Appostolic.Api.Tests.dll" adapterTypeName="executor://xunit/VsTestRunner2/netcoreapp" className="Appostolic.Api.Tests.AgentOrchestratorTests" name="Cancellation_StopsMidRun" />
    </UnitTest>
    <UnitTest name="DbQueryToolTests.Select_users_all_rows" storage="/users/kevinmccreary/appostolic/apps/api.tests/bin/debug/net8.0/appostolic.api.tests.dll" id="7e0d251c-aca1-3165-2651-f2996ab661b8">
      <Execution id="ff027217-6dc0-42b8-882a-53c22d3b5bd0" />
      <TestMethod codeBase="/Users/kevinmccreary/appostolic/apps/api.tests/bin/Debug/net8.0/Appostolic.Api.Tests.dll" adapterTypeName="executor://xunit/VsTestRunner2/netcoreapp" className="DbQueryToolTests" name="Select_users_all_rows" />
    </UnitTest>
    <UnitTest name="WebSearchToolTests.Query_intro_returns_expected" storage="/users/kevinmccreary/appostolic/apps/api.tests/bin/debug/net8.0/appostolic.api.tests.dll" id="22ad276e-c73f-4ebf-8729-b5903439e2d9">
      <Execution id="7ae96046-b1a8-428e-b88d-3d23812a0e57" />
      <TestMethod codeBase="/Users/kevinmccreary/appostolic/apps/api.tests/bin/Debug/net8.0/Appostolic.Api.Tests.dll" adapterTypeName="executor://xunit/VsTestRunner2/netcoreapp" className="WebSearchToolTests" name="Query_intro_returns_expected" />
    </UnitTest>
    <UnitTest name="Appostolic.Api.Tests.AgentTasks.AgentTasksCancelRetryTests.Retry_From_Succeeded_Creates_New_Task_And_Runs" storage="/users/kevinmccreary/appostolic/apps/api.tests/bin/debug/net8.0/appostolic.api.tests.dll" id="5ec8c6f8-601d-9718-1802-a15c88bb4987">
      <Execution id="c6e61cde-974d-4403-a1df-899e6b284d17" />
      <TestMethod codeBase="/Users/kevinmccreary/appostolic/apps/api.tests/bin/Debug/net8.0/Appostolic.Api.Tests.dll" adapterTypeName="executor://xunit/VsTestRunner2/netcoreapp" className="Appostolic.Api.Tests.AgentTasks.AgentTasksCancelRetryTests" name="Retry_From_Succeeded_Creates_New_Task_And_Runs" />
    </UnitTest>
  </TestDefinitions>
  <TestEntries>
    <TestEntry testId="8e56ee2d-296c-f180-2ad1-a3abd5b19292" executionId="fd0904d6-57f7-4bb0-a6c7-979e79d879f1" testListId="8c84fa94-04c1-424b-9868-57a2d4851a1d" />
    <TestEntry testId="811026c2-41ce-4e18-121d-862774cd6272" executionId="9d9ac7ec-6a67-40c8-8764-f737744c5931" testListId="8c84fa94-04c1-424b-9868-57a2d4851a1d" />
    <TestEntry testId="94524c04-7158-8472-e876-43b26f76e4f4" executionId="bc1b0672-1237-40c7-b515-0943ad0feb3c" testListId="8c84fa94-04c1-424b-9868-57a2d4851a1d" />
    <TestEntry testId="cc013720-f8b7-b972-40e8-34c7328bfdae" executionId="013f4e61-7148-4899-a013-a22ad380fce6" testListId="8c84fa94-04c1-424b-9868-57a2d4851a1d" />
    <TestEntry testId="a00d92b0-35aa-1e7c-b5ff-79738a042c12" executionId="42cf1eae-60be-4770-ab16-bffd2cbe15b7" testListId="8c84fa94-04c1-424b-9868-57a2d4851a1d" />
    <TestEntry testId="b672c70e-eca2-f979-b482-5169b705a205" executionId="6bed713d-13d8-4928-9c2a-bc9d140f9f49" testListId="8c84fa94-04c1-424b-9868-57a2d4851a1d" />
    <TestEntry testId="c64a9991-8173-cdf8-9198-d5935257f1a8" executionId="b6b4e06f-1aee-4816-88f2-16cc8239186b" testListId="8c84fa94-04c1-424b-9868-57a2d4851a1d" />
    <TestEntry testId="1cfc69b2-92d0-7e18-c868-129765966147" executionId="58b2edda-0bcd-4426-93e8-3954b3021ba3" testListId="8c84fa94-04c1-424b-9868-57a2d4851a1d" />
    <TestEntry testId="ec039bf7-f831-a8e3-834c-89707ff2f6d2" executionId="de3650ec-7672-4859-ae0e-b7b070ef5cdf" testListId="8c84fa94-04c1-424b-9868-57a2d4851a1d" />
    <TestEntry testId="1aa96e1c-162f-87b8-360d-29c19b3b2c73" executionId="d4cd62b7-70f9-4072-b8f9-5b19278e0c53" testListId="8c84fa94-04c1-424b-9868-57a2d4851a1d" />
    <TestEntry testId="79403e37-7823-d8d7-7290-f467456876fa" executionId="ff68d241-06c0-40ab-a647-9d10884d5f4a" testListId="8c84fa94-04c1-424b-9868-57a2d4851a1d" />
    <TestEntry testId="c0347afe-0c6b-b0a7-12e1-3aa76a4722fc" executionId="9f6f4d57-fc24-4357-a037-e6adf5e325e6" testListId="8c84fa94-04c1-424b-9868-57a2d4851a1d" />
    <TestEntry testId="e507a4d5-4aa9-7d32-05a9-ecfa3f03323d" executionId="c010e689-6877-45fc-94f9-f680d54ba7ad" testListId="8c84fa94-04c1-424b-9868-57a2d4851a1d" />
    <TestEntry testId="6af85923-8d05-0c62-0cc5-a5120df2d8e5" executionId="f513a188-c0b4-489f-8851-1dd43ca92881" testListId="8c84fa94-04c1-424b-9868-57a2d4851a1d" />
    <TestEntry testId="9c020064-9cbb-7975-d5c0-9dc48d581775" executionId="75912fcc-4dad-4621-b9fc-e20c17a9f02e" testListId="8c84fa94-04c1-424b-9868-57a2d4851a1d" />
    <TestEntry testId="94ec43a1-8d1a-e493-b213-b33a5a6877b2" executionId="4ba4aca6-246c-4d9c-82b0-19b35fae8a46" testListId="8c84fa94-04c1-424b-9868-57a2d4851a1d" />
    <TestEntry testId="f53587d7-cc90-0182-8a77-44034bb01e5e" executionId="84127980-b774-4907-84a8-45a51fe70a5a" testListId="8c84fa94-04c1-424b-9868-57a2d4851a1d" />
    <TestEntry testId="33c114dd-901b-348b-cb07-4ff32816218d" executionId="d2c156ba-2eff-4ef3-ae75-b458b602f058" testListId="8c84fa94-04c1-424b-9868-57a2d4851a1d" />
    <TestEntry testId="71d5d180-2d36-ecb9-e4eb-71ca09e46ec4" executionId="9d9b3641-7009-4eb8-88d4-52926a8691bb" testListId="8c84fa94-04c1-424b-9868-57a2d4851a1d" />
    <TestEntry testId="4f12e680-b238-5f1e-d786-32a29acea93b" executionId="bcae1d9b-f3b1-49f2-af72-3abd69d5841a" testListId="8c84fa94-04c1-424b-9868-57a2d4851a1d" />
    <TestEntry testId="ed8d7d20-a6f1-0500-d78a-14c17a721b87" executionId="55d15a0c-3a3c-433f-a9c2-59174c8cbe36" testListId="8c84fa94-04c1-424b-9868-57a2d4851a1d" />
    <TestEntry testId="8499e5e2-c09d-d64e-ab91-715c51a15d3b" executionId="956104da-e093-41b7-93c5-29221cb55cf3" testListId="8c84fa94-04c1-424b-9868-57a2d4851a1d" />
    <TestEntry testId="22ad276e-c73f-4ebf-8729-b5903439e2d9" executionId="7ae96046-b1a8-428e-b88d-3d23812a0e57" testListId="8c84fa94-04c1-424b-9868-57a2d4851a1d" />
    <TestEntry testId="cb3a79b8-8a20-d72b-fe66-3be39a479486" executionId="636dcbaf-d999-4008-a3fd-e751f1e22965" testListId="8c84fa94-04c1-424b-9868-57a2d4851a1d" />
    <TestEntry testId="37b7f024-73bb-98ae-d17f-d1c0ce9f17e8" executionId="603746a2-6746-4959-9c43-14fb02b15e94" testListId="8c84fa94-04c1-424b-9868-57a2d4851a1d" />
    <TestEntry testId="e74b4a4d-4fe0-004f-1c01-e9508924afd9" executionId="4cf06d92-fce2-44c5-a08c-b9d4039bff2e" testListId="8c84fa94-04c1-424b-9868-57a2d4851a1d" />
    <TestEntry testId="5818c4b0-5040-ff57-2a21-3715c31b378e" executionId="6c1994f4-0ca2-4df8-855b-d249c0f1a10e" testListId="8c84fa94-04c1-424b-9868-57a2d4851a1d" />
    <TestEntry testId="50c609b5-3f14-814d-a1e7-5260305a9b12" executionId="2619ab26-5ecd-48d0-9252-a6fc6f010055" testListId="8c84fa94-04c1-424b-9868-57a2d4851a1d" />
    <TestEntry testId="7e0d251c-aca1-3165-2651-f2996ab661b8" executionId="ff027217-6dc0-42b8-882a-53c22d3b5bd0" testListId="8c84fa94-04c1-424b-9868-57a2d4851a1d" />
    <TestEntry testId="a11d6311-0314-291e-6c87-0745cc1eace8" executionId="86df6ffd-5d0b-4764-817f-161e87b286f4" testListId="8c84fa94-04c1-424b-9868-57a2d4851a1d" />
    <TestEntry testId="efe354b5-5489-bbb2-88ee-c8f998cb6176" executionId="658baac1-9b8e-484f-a88b-5abdfc7a4a67" testListId="8c84fa94-04c1-424b-9868-57a2d4851a1d" />
    <TestEntry testId="30aa5bc1-9211-739f-532d-176c6c3c3a30" executionId="3b7f2dca-f336-4ea9-ad4f-fe127a17f623" testListId="8c84fa94-04c1-424b-9868-57a2d4851a1d" />
    <TestEntry testId="c2441ddc-565a-93d7-0c28-f73ca97b9486" executionId="88fa354a-c4ea-4c87-aae2-a6b83a0a3d8f" testListId="8c84fa94-04c1-424b-9868-57a2d4851a1d" />
    <TestEntry testId="2f6106d4-2d27-0ec0-388a-a0a0d64b80ea" executionId="759fe698-3c6f-4039-842c-575d334ef274" testListId="8c84fa94-04c1-424b-9868-57a2d4851a1d" />
    <TestEntry testId="c561c2f6-8efd-4095-cbad-20238816bd9c" executionId="dfe40939-dcb0-4517-97f0-3ca2313dc360" testListId="8c84fa94-04c1-424b-9868-57a2d4851a1d" />
    <TestEntry testId="8a436d67-15f2-8a6f-b3c8-3df7d72a7066" executionId="745aa9b8-8797-450c-9522-49ad8585661b" testListId="8c84fa94-04c1-424b-9868-57a2d4851a1d" />
    <TestEntry testId="1c8df7f1-aa05-88d6-f922-5ecb50d1b5d9" executionId="3d0f55db-9408-4ef7-ada3-4f9e3a1d7cd1" testListId="8c84fa94-04c1-424b-9868-57a2d4851a1d" />
    <TestEntry testId="4ee5f350-b89d-edd8-c84d-cd5d40909f15" executionId="b610411d-59be-4de6-96d3-3030d1d0a648" testListId="8c84fa94-04c1-424b-9868-57a2d4851a1d" />
    <TestEntry testId="f0724dde-c441-a83f-2f8e-78db9d6adb66" executionId="073f8cbb-94aa-493a-ba50-89c29dc851ef" testListId="8c84fa94-04c1-424b-9868-57a2d4851a1d" />
    <TestEntry testId="691bf80d-9ec7-7de8-ad81-702e4cdb8bfd" executionId="c56de913-76f8-49e6-a310-5065e166eebc" testListId="8c84fa94-04c1-424b-9868-57a2d4851a1d" />
    <TestEntry testId="c8cdac31-ad32-9a02-508c-02a988e5e017" executionId="e230ad41-92e8-4c66-a8cd-f2fb833c0e9e" testListId="8c84fa94-04c1-424b-9868-57a2d4851a1d" />
    <TestEntry testId="4f93dd2b-351a-bca6-2b8b-95fc20f20ddd" executionId="913626f5-f646-41a6-aa23-a46794fe6dc6" testListId="8c84fa94-04c1-424b-9868-57a2d4851a1d" />
    <TestEntry testId="39114ef2-4a94-0d20-df91-881c10164c3c" executionId="34a6822e-ddce-4cb4-bdb3-8d54c9c9c235" testListId="8c84fa94-04c1-424b-9868-57a2d4851a1d" />
    <TestEntry testId="c17747a3-eb4e-63bf-0bc9-279a4928ed40" executionId="d2423af6-80e1-4e0c-b406-59e54962e779" testListId="8c84fa94-04c1-424b-9868-57a2d4851a1d" />
    <TestEntry testId="fc170f06-7a65-44e3-9780-d428f13f33ad" executionId="8b2d3905-0a1b-42a7-b0c0-0bc243506a71" testListId="8c84fa94-04c1-424b-9868-57a2d4851a1d" />
    <TestEntry testId="df92ad96-32d4-9c44-0398-97a52600538f" executionId="fe42a1ba-9fa5-475f-9459-9224eb940b2d" testListId="8c84fa94-04c1-424b-9868-57a2d4851a1d" />
    <TestEntry testId="8f2edffb-b43d-5750-46cc-f6c9051abba5" executionId="74b23396-9dee-445e-ad2b-0a1b71bb36bb" testListId="8c84fa94-04c1-424b-9868-57a2d4851a1d" />
    <TestEntry testId="21127838-ea89-b283-653a-0b46d8acc590" executionId="64effa2c-e798-406f-9718-09a66ce71a27" testListId="8c84fa94-04c1-424b-9868-57a2d4851a1d" />
    <TestEntry testId="5ec8c6f8-601d-9718-1802-a15c88bb4987" executionId="c6e61cde-974d-4403-a1df-899e6b284d17" testListId="8c84fa94-04c1-424b-9868-57a2d4851a1d" />
    <TestEntry testId="02f4c01b-4d57-cea6-940b-91f660d6b3a5" executionId="61fc97d8-f290-46a3-ae1f-634de9d6b9b5" testListId="8c84fa94-04c1-424b-9868-57a2d4851a1d" />
    <TestEntry testId="40e767b4-314a-d8ef-34b1-5c49d7ef55c4" executionId="df292643-9a99-41c5-87a1-4c9714ab3b02" testListId="8c84fa94-04c1-424b-9868-57a2d4851a1d" />
    <TestEntry testId="3494b3d5-98dd-209c-c4b4-d8d0bff712f0" executionId="afdd4951-32bf-4f8c-a801-51ceaf7560d9" testListId="8c84fa94-04c1-424b-9868-57a2d4851a1d" />
    <TestEntry testId="e654c6ff-e79b-0f0d-7ecf-a4648dc0cf91" executionId="06d0ebdb-76b4-4aa9-8f00-03a03f1d7cdf" testListId="8c84fa94-04c1-424b-9868-57a2d4851a1d" />
    <TestEntry testId="d079b60f-9bd9-c7a1-855f-178e519346dc" executionId="1d237b58-29e6-4045-bcaa-672ffdedf9d7" testListId="8c84fa94-04c1-424b-9868-57a2d4851a1d" />
    <TestEntry testId="d9d051a9-d261-1011-dbde-e42b30d539a9" executionId="d990a6b7-b3b9-4758-9d34-d9761fc7b2b0" testListId="8c84fa94-04c1-424b-9868-57a2d4851a1d" />
    <TestEntry testId="7c0f601f-632e-a9b2-aeb3-eee73bd7742c" executionId="9bad254e-71f7-4c7e-8fd9-38c7fabe8e91" testListId="8c84fa94-04c1-424b-9868-57a2d4851a1d" />
    <TestEntry testId="61b122ca-f3a1-21e8-0492-e3c660390b05" executionId="01d83e57-6279-44c3-b7e1-e610f735e8ab" testListId="8c84fa94-04c1-424b-9868-57a2d4851a1d" />
    <TestEntry testId="dfdd94d6-4157-31a9-a81a-18fee28467d5" executionId="e00b9d4c-4a70-4b9e-a966-c1d620f177c1" testListId="8c84fa94-04c1-424b-9868-57a2d4851a1d" />
    <TestEntry testId="8f26075f-925c-4688-bf33-abe324c4e160" executionId="73d448ad-6c08-4454-94ba-3b5bb1d69cae" testListId="8c84fa94-04c1-424b-9868-57a2d4851a1d" />
    <TestEntry testId="6447b752-ca58-5092-2c5d-d1f5fe58b5dc" executionId="bd30d247-1435-4351-bc89-e3553e566604" testListId="8c84fa94-04c1-424b-9868-57a2d4851a1d" />
    <TestEntry testId="0f0c7731-d28a-bcbe-054f-641f024437ac" executionId="8be83321-26ce-4f12-af85-702c648c3ed7" testListId="8c84fa94-04c1-424b-9868-57a2d4851a1d" />
    <TestEntry testId="03cb9965-4934-50d0-65d4-2c790e264e80" executionId="bd0f3316-8268-4387-80cf-36a8f64673b0" testListId="8c84fa94-04c1-424b-9868-57a2d4851a1d" />
    <TestEntry testId="3b3a68c1-1138-770e-4b05-0d7fb6b68738" executionId="ca690857-2fa4-4839-9be0-1d1e42865099" testListId="8c84fa94-04c1-424b-9868-57a2d4851a1d" />
    <TestEntry testId="2c0e3ce9-5829-44ef-fbae-e96e2c0f5de9" executionId="66850d91-8a36-489a-9194-80df8b1fde6c" testListId="8c84fa94-04c1-424b-9868-57a2d4851a1d" />
    <TestEntry testId="f7e247f1-8de7-594b-e638-b4ec989d69be" executionId="f9a01637-2420-4481-a033-15f4e6c4ac25" testListId="8c84fa94-04c1-424b-9868-57a2d4851a1d" />
    <TestEntry testId="b9af0f84-0079-b683-0d77-346a6542b5b4" executionId="9504185a-f2a5-4710-b7af-c6b73945ad1b" testListId="8c84fa94-04c1-424b-9868-57a2d4851a1d" />
    <TestEntry testId="e1e10047-9c95-2461-ef88-42d3da0fbb82" executionId="bcac2be0-e8aa-42fa-b32f-28c028b47d9a" testListId="8c84fa94-04c1-424b-9868-57a2d4851a1d" />
    <TestEntry testId="ad304976-430a-8b69-e0d9-931ece855b31" executionId="deaab090-c7a4-4f8b-b78a-7df5731d87c5" testListId="8c84fa94-04c1-424b-9868-57a2d4851a1d" />
    <TestEntry testId="eba2e046-3c6c-f48b-f85f-b23828d8319b" executionId="f2350a8c-d076-4c81-a88f-01f280e66af3" testListId="8c84fa94-04c1-424b-9868-57a2d4851a1d" />
    <TestEntry testId="2a9f6824-8a17-a193-b18b-3e78fa1bbbd5" executionId="2747b176-032b-4d3d-a154-17bfd5a4f67c" testListId="8c84fa94-04c1-424b-9868-57a2d4851a1d" />
    <TestEntry testId="6ac2577f-abec-ce9e-a92b-34035bd744e0" executionId="740fc734-96b4-4530-b4d8-6a2e6fdc23dc" testListId="8c84fa94-04c1-424b-9868-57a2d4851a1d" />
    <TestEntry testId="87a5b8a9-e5bd-8c6e-5a6c-5815a0bd8c39" executionId="6e5c7e70-1e46-4de6-a1c1-b24feea0f206" testListId="8c84fa94-04c1-424b-9868-57a2d4851a1d" />
    <TestEntry testId="12c3c514-0e1a-a711-90d4-344685873f0e" executionId="8de02a26-6382-4af8-ba59-9cdbf07e2285" testListId="8c84fa94-04c1-424b-9868-57a2d4851a1d" />
    <TestEntry testId="f36e146c-5e84-0e67-2982-f20e16e0dd68" executionId="00e60882-25e4-4b70-a7df-631c09e6a5d3" testListId="8c84fa94-04c1-424b-9868-57a2d4851a1d" />
    <TestEntry testId="9b729b7e-a306-20a1-7040-eda547fe8bec" executionId="8367c6c6-21d6-4cf3-a238-0c097ab614b6" testListId="8c84fa94-04c1-424b-9868-57a2d4851a1d" />
    <TestEntry testId="6e2b7510-d3ae-c174-2b57-710f63c82ad0" executionId="f497b9bf-ed99-4bc7-b0e5-d1f2c2cbd29c" testListId="8c84fa94-04c1-424b-9868-57a2d4851a1d" />
  </TestEntries>
  <TestLists>
    <TestList name="Results Not in a List" id="8c84fa94-04c1-424b-9868-57a2d4851a1d" />
    <TestList name="All Loaded Results" id="19431567-8539-422a-85d7-44ee4e166bda" />
  </TestLists>
  <ResultSummary outcome="Failed">
    <Counters total="76" executed="76" passed="75" failed="1" error="0" timeout="0" aborted="0" inconclusive="0" passedButRunAborted="0" notRunnable="0" notExecuted="0" disconnected="0" warning="0" completed="0" inProgress="0" pending="0" />
    <Output>
      <StdOut>[xUnit.net 00:00:00.00] xUnit.net VSTest Adapter v2.8.1+ce9211e970 (64-bit .NET 8.0.1)
[xUnit.net 00:00:00.04]   Discovering: Appostolic.Api.Tests
[xUnit.net 00:00:00.07]   Discovered:  Appostolic.Api.Tests
[xUnit.net 00:00:00.07]   Starting:    Appostolic.Api.Tests
[xUnit.net 00:00:01.51]       Expected swagger.StatusCode to be HttpStatusCode.OK {value: 200}, but found HttpStatusCode.InternalServerError {value: 500}.
[xUnit.net 00:00:01.51]       Stack Trace:
[xUnit.net 00:00:01.51]            at FluentAssertions.Execution.XUnit2TestFramework.Throw(String message)
[xUnit.net 00:00:01.51]            at FluentAssertions.Execution.TestFrameworkProvider.Throw(String message)
[xUnit.net 00:00:01.51]            at FluentAssertions.Execution.DefaultAssertionStrategy.HandleFailure(String message)
[xUnit.net 00:00:01.51]            at FluentAssertions.Execution.AssertionScope.FailWith(Func`1 failReasonFunc)
[xUnit.net 00:00:01.51]            at FluentAssertions.Execution.AssertionScope.FailWith(Func`1 failReasonFunc)
[xUnit.net 00:00:01.51]            at FluentAssertions.Execution.AssertionScope.FailWith(String message, Object[] args)
[xUnit.net 00:00:01.51]            at FluentAssertions.Primitives.EnumAssertions`2.Be(TEnum expected, String because, Object[] becauseArgs)
[xUnit.net 00:00:01.51]         /Users/kevinmccreary/appostolic/apps/api.tests/Security/AgentTasksAuthContractTests.cs(45,0): at Appostolic.Api.Tests.Security.AgentTasksAuthContractTests.ListEndpoint_RequiresDevHeaders()
[xUnit.net 00:00:01.51]         --- End of stack trace from previous location ---
[xUnit.net 00:00:02.44]   Finished:    Appostolic.Api.Tests
</StdOut>
    </Output>
    <RunInfos>
      <RunInfo computerName="mac" outcome="Error" timestamp="2025-09-12T21:11:08.6654010-05:00">
        <Text>[xUnit.net 00:00:01.51]     Appostolic.Api.Tests.Security.AgentTasksAuthContractTests.ListEndpoint_RequiresDevHeaders [FAIL]</Text>
      </RunInfo>
    </RunInfos>
  </ResultSummary>
</TestRun>