<?xml version="1.0" encoding="utf-8"?>
<TestRun id="99531c80-52eb-40f7-b096-3b5ff6f28866" name="@MacBook-Pro-2 2025-09-15 10:52:54" xmlns="http://microsoft.com/schemas/VisualStudio/TeamTest/2010">
  <Times creation="2025-09-15T10:52:54.4975200-05:00" queuing="2025-09-15T10:52:54.4975200-05:00" start="2025-09-15T10:52:53.0851730-05:00" finish="2025-09-15T10:53:08.2923920-05:00" />
  <TestSettings name="default" id="dd62d533-2f81-4279-8c01-ae907388118d">
    <Deployment runDeploymentRoot="_MacBook-Pro-2_2025-09-15_10_52_54" />
  </TestSettings>
  <Results>
    <UnitTestResult executionId="316a8e0e-ece3-4862-815d-65bc32281a63" testId="94ec43a1-8d1a-e493-b213-b33a5a6877b2" testName="FsWriteToolTests.Rejects_path_traversal" computerName="MacBook-Pro-2" duration="00:00:00.0006879" startTime="2025-09-15T10:53:03.3085670-05:00" endTime="2025-09-15T10:53:03.3085670-05:00" testType="13cdc9d9-ddb5-4fa4-a97d-d965ccfc6d4b" outcome="Passed" testListId="8c84fa94-04c1-424b-9868-57a2d4851a1d" relativeResultsDirectory="316a8e0e-ece3-4862-815d-65bc32281a63" />
    <UnitTestResult executionId="b773029c-e7ab-436c-8d51-c1da060ea9c7" testId="6af85923-8d05-0c62-0cc5-a5120df2d8e5" testName="Appostolic.Api.Tests.Api.AgentTasksEndpointsTests.List_Pending_ReturnsCreatedFirst" computerName="MacBook-Pro-2" duration="00:00:00.0213761" startTime="2025-09-15T10:52:58.7361370-05:00" endTime="2025-09-15T10:52:58.7361370-05:00" testType="13cdc9d9-ddb5-4fa4-a97d-d965ccfc6d4b" outcome="Passed" testListId="8c84fa94-04c1-424b-9868-57a2d4851a1d" relativeResultsDirectory="b773029c-e7ab-436c-8d51-c1da060ea9c7" />
    <UnitTestResult executionId="bc46b3f1-094a-48c6-9d40-9444ef2aee5a" testId="eb812c29-73b3-e923-42de-8821a188e94a" testName="Appostolic.Api.Tests.Notifications.NotificationsPiiScrubTests.Scrubs_before_delete_windows_and_deletes_at_cutoff" computerName="MacBook-Pro-2" duration="00:00:00.0062593" startTime="2025-09-15T10:53:02.2117680-05:00" endTime="2025-09-15T10:53:02.2117680-05:00" testType="13cdc9d9-ddb5-4fa4-a97d-d965ccfc6d4b" outcome="Passed" testListId="8c84fa94-04c1-424b-9868-57a2d4851a1d" relativeResultsDirectory="bc46b3f1-094a-48c6-9d40-9444ef2aee5a" />
    <UnitTestResult executionId="b465cbc1-c1ad-420f-95f5-c0fccb9767ca" testId="2e294ae5-fc9b-2692-1d65-f4ebb89ab5ef" testName="Appostolic.Api.Tests.Api.NotificationsAdminEndpointsTests.Dlq_replay_requeues_and_publishes_ids" computerName="MacBook-Pro-2" duration="00:00:00.1574562" startTime="2025-09-15T10:53:03.6107990-05:00" endTime="2025-09-15T10:53:03.6107990-05:00" testType="13cdc9d9-ddb5-4fa4-a97d-d965ccfc6d4b" outcome="Passed" testListId="8c84fa94-04c1-424b-9868-57a2d4851a1d" relativeResultsDirectory="b465cbc1-c1ad-420f-95f5-c0fccb9767ca" />
    <UnitTestResult executionId="9a2ec20d-cd9d-4dfb-93b1-da568cdeb8bb" testId="8e86fe7c-6239-7009-e550-a3b2b1493955" testName="Appostolic.Api.Tests.Api.MembersListTests.Viewer_gets_403_for_members_list" computerName="MacBook-Pro-2" duration="00:00:00.1563413" startTime="2025-09-15T10:52:56.0978340-05:00" endTime="2025-09-15T10:52:56.0978340-05:00" testType="13cdc9d9-ddb5-4fa4-a97d-d965ccfc6d4b" outcome="Passed" testListId="8c84fa94-04c1-424b-9868-57a2d4851a1d" relativeResultsDirectory="9a2ec20d-cd9d-4dfb-93b1-da568cdeb8bb" />
    <UnitTestResult executionId="e8b02636-272c-4574-9f7d-090f3b296201" testId="019214c2-5ff4-3fed-608d-44f050052b40" testName="Appostolic.Api.Tests.Api.AssignmentsApiTests.List_memberships_requires_admin_and_returns_roles" computerName="MacBook-Pro-2" duration="00:00:00.0144207" startTime="2025-09-15T10:52:58.4432850-05:00" endTime="2025-09-15T10:52:58.4432850-05:00" testType="13cdc9d9-ddb5-4fa4-a97d-d965ccfc6d4b" outcome="Passed" testListId="8c84fa94-04c1-424b-9868-57a2d4851a1d" relativeResultsDirectory="e8b02636-272c-4574-9f7d-090f3b296201" />
    <UnitTestResult executionId="c3dc1fea-914e-44f1-88d8-42cbcb7ca6bf" testId="c3e1478d-2cae-8f80-3a89-04eb9dac0acb" testName="Appostolic.Api.Tests.Api.NotificationsWebhookTests.SendGridWebhook_forbidden_when_token_mismatch" computerName="MacBook-Pro-2" duration="00:00:00.1505109" startTime="2025-09-15T10:52:59.7152070-05:00" endTime="2025-09-15T10:52:59.7152070-05:00" testType="13cdc9d9-ddb5-4fa4-a97d-d965ccfc6d4b" outcome="Passed" testListId="8c84fa94-04c1-424b-9868-57a2d4851a1d" relativeResultsDirectory="c3dc1fea-914e-44f1-88d8-42cbcb7ca6bf" />
    <UnitTestResult executionId="14348d83-6fe0-4b9f-9fcb-f009128dd02f" testId="80cb1a83-dede-f3ba-117a-352364082463" testName="Appostolic.Api.Tests.Api.MembersManagementTests.Owner_can_promote_editor_to_admin" computerName="MacBook-Pro-2" duration="00:00:00.0104873" startTime="2025-09-15T10:53:02.3744480-05:00" endTime="2025-09-15T10:53:02.3744480-05:00" testType="13cdc9d9-ddb5-4fa4-a97d-d965ccfc6d4b" outcome="Passed" testListId="8c84fa94-04c1-424b-9868-57a2d4851a1d" relativeResultsDirectory="14348d83-6fe0-4b9f-9fcb-f009128dd02f" />
    <UnitTestResult executionId="92e6f025-1fd1-4adc-add9-0c22386db082" testId="ed8d7d20-a6f1-0500-d78a-14c17a721b87" testName="Appostolic.Api.Tests.AgentOrchestratorTests.MaxStepsExceeded_FailsAfterCap" computerName="MacBook-Pro-2" duration="00:00:00.0083199" startTime="2025-09-15T10:52:54.4560070-05:00" endTime="2025-09-15T10:52:54.4560070-05:00" testType="13cdc9d9-ddb5-4fa4-a97d-d965ccfc6d4b" outcome="Passed" testListId="8c84fa94-04c1-424b-9868-57a2d4851a1d" relativeResultsDirectory="92e6f025-1fd1-4adc-add9-0c22386db082" />
    <UnitTestResult executionId="8f22c755-e4f2-4530-a54e-a4beabfafbea" testId="d59725be-2270-85f4-1a24-f28884383b83" testName="Appostolic.Api.Tests.Api.NotificationsAdminEndpointsTests.Resend_history_lists_children_with_paging_and_scoping" computerName="MacBook-Pro-2" duration="00:00:00.1605645" startTime="2025-09-15T10:53:04.0704970-05:00" endTime="2025-09-15T10:53:04.0704970-05:00" testType="13cdc9d9-ddb5-4fa4-a97d-d965ccfc6d4b" outcome="Passed" testListId="8c84fa94-04c1-424b-9868-57a2d4851a1d" relativeResultsDirectory="8f22c755-e4f2-4530-a54e-a4beabfafbea" />
    <UnitTestResult executionId="32fc04ac-1d8d-49c0-ac0d-764bb43d3c62" testId="5ad39d2c-d77f-b72d-621d-dc03058b3c06" testName="Appostolic.Api.Tests.Notifications.MagicLinkEmailTests.Renders_MagicLink_Snapshots_With_Link" computerName="MacBook-Pro-2" duration="00:00:00.0412876" startTime="2025-09-15T10:52:54.3230680-05:00" endTime="2025-09-15T10:52:54.3230680-05:00" testType="13cdc9d9-ddb5-4fa4-a97d-d965ccfc6d4b" outcome="Passed" testListId="8c84fa94-04c1-424b-9868-57a2d4851a1d" relativeResultsDirectory="32fc04ac-1d8d-49c0-ac0d-764bb43d3c62" />
    <UnitTestResult executionId="03f1490f-b769-45a1-a61c-4683ce66aa4b" testId="8a436d67-15f2-8a6f-b3c8-3df7d72a7066" testName="Appostolic.Api.Tests.E2E.AgentTasksE2E_Allowlist.Allowlist_Denied_Tool_Produces_Failed_Task_With_Error_Trace" computerName="MacBook-Pro-2" duration="00:00:00.2493523" startTime="2025-09-15T10:53:01.0657410-05:00" endTime="2025-09-15T10:53:01.0657410-05:00" testType="13cdc9d9-ddb5-4fa4-a97d-d965ccfc6d4b" outcome="Passed" testListId="8c84fa94-04c1-424b-9868-57a2d4851a1d" relativeResultsDirectory="03f1490f-b769-45a1-a61c-4683ce66aa4b" />
    <UnitTestResult executionId="ffc635ca-cd91-47e0-9f62-b02e1b9f2801" testId="29cdf802-09fa-4c20-1649-a919d0e03e4d" testName="Appostolic.Api.Tests.Api.AssignmentsApiTests.Set_roles_replaces_flags_and_allows_noop" computerName="MacBook-Pro-2" duration="00:00:01.7380245" startTime="2025-09-15T10:52:58.4284350-05:00" endTime="2025-09-15T10:52:58.4284410-05:00" testType="13cdc9d9-ddb5-4fa4-a97d-d965ccfc6d4b" outcome="Passed" testListId="8c84fa94-04c1-424b-9868-57a2d4851a1d" relativeResultsDirectory="ffc635ca-cd91-47e0-9f62-b02e1b9f2801" />
    <UnitTestResult executionId="64a9bbac-c697-48f8-8e61-570fbf94db8a" testId="515d6282-fd19-872e-c191-d3eda2049a23" testName="Appostolic.Api.Tests.Api.AuthPasswordFlowsTests.ForgotPassword_AcceptsAndStoresToken_SendsEmail" computerName="MacBook-Pro-2" duration="00:00:00.0145941" startTime="2025-09-15T10:53:07.2222840-05:00" endTime="2025-09-15T10:53:07.2222840-05:00" testType="13cdc9d9-ddb5-4fa4-a97d-d965ccfc6d4b" outcome="Passed" testListId="8c84fa94-04c1-424b-9868-57a2d4851a1d" relativeResultsDirectory="64a9bbac-c697-48f8-8e61-570fbf94db8a" />
    <UnitTestResult executionId="5fdb70df-5a54-4326-879c-bcb0f460c4d5" testId="f5342a6b-27a3-125c-432b-bd0ce4c9f03d" testName="Appostolic.Api.Tests.Api.InvitesRolesFlagsTests.Create_Invite_Without_Roles_Derives_From_Legacy_Role" computerName="MacBook-Pro-2" duration="00:00:00.0110812" startTime="2025-09-15T10:53:02.5768110-05:00" endTime="2025-09-15T10:53:02.5768110-05:00" testType="13cdc9d9-ddb5-4fa4-a97d-d965ccfc6d4b" outcome="Passed" testListId="8c84fa94-04c1-424b-9868-57a2d4851a1d" relativeResultsDirectory="5fdb70df-5a54-4326-879c-bcb0f460c4d5" />
    <UnitTestResult executionId="7eeae723-6d0c-4615-ab9b-0201ba26d3e6" testId="f0e4d307-078d-a4e0-f168-b961578cd197" testName="Appostolic.Api.Tests.Security.RoleAuthorizationTests.CreatorPolicy_Denies_WhenNoMembership" computerName="MacBook-Pro-2" duration="00:00:00.0125425" startTime="2025-09-15T10:52:54.5018690-05:00" endTime="2025-09-15T10:52:54.5018690-05:00" testType="13cdc9d9-ddb5-4fa4-a97d-d965ccfc6d4b" outcome="Passed" testListId="8c84fa94-04c1-424b-9868-57a2d4851a1d" relativeResultsDirectory="7eeae723-6d0c-4615-ab9b-0201ba26d3e6" />
    <UnitTestResult executionId="27806e6c-b69e-4ae1-b620-6d007d747a8f" testId="3b3a68c1-1138-770e-4b05-0d7fb6b68738" testName="Appostolic.Api.Tests.Orchestrator.TokenAggregationTests.CostIsNull_WhenPricingDisabled" computerName="MacBook-Pro-2" duration="00:00:00.0021580" startTime="2025-09-15T10:52:59.7393620-05:00" endTime="2025-09-15T10:52:59.7393620-05:00" testType="13cdc9d9-ddb5-4fa4-a97d-d965ccfc6d4b" outcome="Passed" testListId="8c84fa94-04c1-424b-9868-57a2d4851a1d" relativeResultsDirectory="27806e6c-b69e-4ae1-b620-6d007d747a8f" />
    <UnitTestResult executionId="ce328533-49b4-464e-9cba-f23b2c8106c4" testId="c0347afe-0c6b-b0a7-12e1-3aa76a4722fc" testName="Appostolic.Api.Tests.Api.AgentTasksEndpointsTests.GetDetails_WithTracesInitiallyEmpty" computerName="MacBook-Pro-2" duration="00:00:00.0107881" startTime="2025-09-15T10:52:58.7145500-05:00" endTime="2025-09-15T10:52:58.7145500-05:00" testType="13cdc9d9-ddb5-4fa4-a97d-d965ccfc6d4b" outcome="Passed" testListId="8c84fa94-04c1-424b-9868-57a2d4851a1d" relativeResultsDirectory="ce328533-49b4-464e-9cba-f23b2c8106c4" />
    <UnitTestResult executionId="e33f480e-366e-41bd-a2f4-3f26ca03ca19" testId="2c0e3ce9-5829-44ef-fbae-e96e2c0f5de9" testName="Appostolic.Api.Tests.Model.TokenEstimatorTests.EstimateTokens_Heuristic_CeilPer4Chars(text: &quot;abcdefgh&quot;, expected: 2)" computerName="MacBook-Pro-2" duration="00:00:00.0001186" startTime="2025-09-15T10:52:58.4556130-05:00" endTime="2025-09-15T10:52:58.4556130-05:00" testType="13cdc9d9-ddb5-4fa4-a97d-d965ccfc6d4b" outcome="Passed" testListId="8c84fa94-04c1-424b-9868-57a2d4851a1d" relativeResultsDirectory="e33f480e-366e-41bd-a2f4-3f26ca03ca19" />
    <UnitTestResult executionId="5c5947fb-1b81-4f88-ae4c-a397de6690a8" testId="7c805908-7267-f4aa-63a0-03f3e0715abc" testName="Appostolic.Api.Tests.Api.AssignmentsApiTests.Cannot_remove_last_admin_via_flags_returns_409" computerName="MacBook-Pro-2" duration="00:00:00.1798829" startTime="2025-09-15T10:52:56.6817760-05:00" endTime="2025-09-15T10:52:56.6817760-05:00" testType="13cdc9d9-ddb5-4fa4-a97d-d965ccfc6d4b" outcome="Passed" testListId="8c84fa94-04c1-424b-9868-57a2d4851a1d" relativeResultsDirectory="5c5947fb-1b81-4f88-ae4c-a397de6690a8" />
    <UnitTestResult executionId="ed614aa7-20c2-448b-a89e-7cabaabb631e" testId="f3139bd5-165e-b0d0-2da0-a0210810049e" testName="Appostolic.Api.Tests.Api.AuthPasswordFlowsTests.ResetPassword_WithInvalidToken_ReturnsBadRequest" computerName="MacBook-Pro-2" duration="00:00:00.1430489" startTime="2025-09-15T10:53:06.8480570-05:00" endTime="2025-09-15T10:53:06.8480570-05:00" testType="13cdc9d9-ddb5-4fa4-a97d-d965ccfc6d4b" outcome="Passed" testListId="8c84fa94-04c1-424b-9868-57a2d4851a1d" relativeResultsDirectory="ed614aa7-20c2-448b-a89e-7cabaabb631e" />
    <UnitTestResult executionId="ba7763b5-2021-4652-9931-ecdb33f3663b" testId="21127838-ea89-b283-653a-0b46d8acc590" testName="Appostolic.Api.Tests.EmailDedupeTests.Dedupe_suppresses_duplicate_messages" computerName="MacBook-Pro-2" duration="00:00:00.3046927" startTime="2025-09-15T10:53:08.2230960-05:00" endTime="2025-09-15T10:53:08.2230960-05:00" testType="13cdc9d9-ddb5-4fa4-a97d-d965ccfc6d4b" outcome="Passed" testListId="8c84fa94-04c1-424b-9868-57a2d4851a1d" relativeResultsDirectory="ba7763b5-2021-4652-9931-ecdb33f3663b" />
    <UnitTestResult executionId="b1356c95-4621-4bfa-a3bb-c1bea9e6151c" testId="1c8df7f1-aa05-88d6-f922-5ecb50d1b5d9" testName="Appostolic.Api.Tests.ModelMappingTests.Agent_ToolAllowlist_is_jsonb_and_roundtrips_like_array" computerName="MacBook-Pro-2" duration="00:00:00.0034556" startTime="2025-09-15T10:53:06.6664460-05:00" endTime="2025-09-15T10:53:06.6664460-05:00" testType="13cdc9d9-ddb5-4fa4-a97d-d965ccfc6d4b" outcome="Passed" testListId="8c84fa94-04c1-424b-9868-57a2d4851a1d" relativeResultsDirectory="b1356c95-4621-4bfa-a3bb-c1bea9e6151c" />
    <UnitTestResult executionId="f1ecd3e0-9d2d-4a48-9aeb-98a922420cf9" testId="43ab37ac-8f01-34cd-35d3-1bda726822d7" testName="Appostolic.Api.Tests.Notifications.NotificationDedupeTests.CreateQueuedAsync_blocks_duplicate_within_ttl" computerName="MacBook-Pro-2" duration="00:00:00.0515309" startTime="2025-09-15T10:52:54.3747350-05:00" endTime="2025-09-15T10:52:54.3747350-05:00" testType="13cdc9d9-ddb5-4fa4-a97d-d965ccfc6d4b" outcome="Passed" testListId="8c84fa94-04c1-424b-9868-57a2d4851a1d" relativeResultsDirectory="f1ecd3e0-9d2d-4a48-9aeb-98a922420cf9" />
    <UnitTestResult executionId="4d06bb37-d445-4eb3-bee4-8b799f0b85ff" testId="214b8407-591b-5f7a-aa16-7961a8df13e5" testName="Appostolic.Api.Tests.Api.MembersListTests.Unauthenticated_request_returns_401_or_403" computerName="MacBook-Pro-2" duration="00:00:00.0044355" startTime="2025-09-15T10:52:56.1198810-05:00" endTime="2025-09-15T10:52:56.1198810-05:00" testType="13cdc9d9-ddb5-4fa4-a97d-d965ccfc6d4b" outcome="Passed" testListId="8c84fa94-04c1-424b-9868-57a2d4851a1d" relativeResultsDirectory="4d06bb37-d445-4eb3-bee4-8b799f0b85ff" />
    <UnitTestResult executionId="fd7b85ed-233d-4a2d-8099-6da1dab7c837" testId="d5afdedc-771c-29a3-fa0a-9ebd023dd2c6" testName="Appostolic.Api.Tests.Api.InvitesEndpointsTests.Invites_Full_Lifecycle_Create_Resend_Accept_Revoke" computerName="MacBook-Pro-2" duration="00:00:00.5288643" startTime="2025-09-15T10:52:55.3251890-05:00" endTime="2025-09-15T10:52:55.3251900-05:00" testType="13cdc9d9-ddb5-4fa4-a97d-d965ccfc6d4b" outcome="Passed" testListId="8c84fa94-04c1-424b-9868-57a2d4851a1d" relativeResultsDirectory="fd7b85ed-233d-4a2d-8099-6da1dab7c837" />
    <UnitTestResult executionId="759602f3-14ba-41ac-873f-c6506d4bc52a" testId="c2441ddc-565a-93d7-0c28-f73ca97b9486" testName="Appostolic.Api.Tests.Orchestrator.TokenAggregationTests.AggregatesTokens_And_ComputesCost_WhenPricingEnabled" computerName="MacBook-Pro-2" duration="00:00:00.0023025" startTime="2025-09-15T10:52:59.7416950-05:00" endTime="2025-09-15T10:52:59.7416950-05:00" testType="13cdc9d9-ddb5-4fa4-a97d-d965ccfc6d4b" outcome="Passed" testListId="8c84fa94-04c1-424b-9868-57a2d4851a1d" relativeResultsDirectory="759602f3-14ba-41ac-873f-c6506d4bc52a" />
    <UnitTestResult executionId="58bacfc5-36a1-4326-90ae-3e538b41bf2a" testId="431e4b70-7576-ccc6-3cf3-9bbf13c26e5b" testName="Appostolic.Api.Tests.Api.MembersManagementTests.Demote_owner_allowed_when_another_admin_exists" computerName="MacBook-Pro-2" duration="00:00:00.0048007" startTime="2025-09-15T10:53:02.3929100-05:00" endTime="2025-09-15T10:53:02.3929100-05:00" testType="13cdc9d9-ddb5-4fa4-a97d-d965ccfc6d4b" outcome="Passed" testListId="8c84fa94-04c1-424b-9868-57a2d4851a1d" relativeResultsDirectory="58bacfc5-36a1-4326-90ae-3e538b41bf2a" />
    <UnitTestResult executionId="b6767f0b-f09a-4cdb-b8ad-994f67711b26" testId="e1e10047-9c95-2461-ef88-42d3da0fbb82" testName="Appostolic.Api.Tests.E2E.AgentTasksE2E_Golden.HappyPath_projection_matches_golden_fixture" computerName="MacBook-Pro-2" duration="00:00:00.2723819" startTime="2025-09-15T10:53:00.8161250-05:00" endTime="2025-09-15T10:53:00.8161250-05:00" testType="13cdc9d9-ddb5-4fa4-a97d-d965ccfc6d4b" outcome="Passed" testListId="8c84fa94-04c1-424b-9868-57a2d4851a1d" relativeResultsDirectory="b6767f0b-f09a-4cdb-b8ad-994f67711b26" />
    <UnitTestResult executionId="a44434b5-5ca3-4463-a4a0-3dd1dbe1e18b" testId="a00d92b0-35aa-1e7c-b5ff-79738a042c12" testName="Appostolic.Api.Tests.SendGridEmailSenderTests.Throws_on_400" computerName="MacBook-Pro-2" duration="00:00:00.0028263" startTime="2025-09-15T10:53:01.4958050-05:00" endTime="2025-09-15T10:53:01.4958050-05:00" testType="13cdc9d9-ddb5-4fa4-a97d-d965ccfc6d4b" outcome="Passed" testListId="8c84fa94-04c1-424b-9868-57a2d4851a1d" relativeResultsDirectory="a44434b5-5ca3-4463-a4a0-3dd1dbe1e18b" />
    <UnitTestResult executionId="188c2691-65f5-4959-b835-4f3ea6428c84" testId="7e0d251c-aca1-3165-2651-f2996ab661b8" testName="DbQueryToolTests.Select_users_all_rows" computerName="MacBook-Pro-2" duration="00:00:00.0026622" startTime="2025-09-15T10:53:01.9032480-05:00" endTime="2025-09-15T10:53:01.9032480-05:00" testType="13cdc9d9-ddb5-4fa4-a97d-d965ccfc6d4b" outcome="Passed" testListId="8c84fa94-04c1-424b-9868-57a2d4851a1d" relativeResultsDirectory="188c2691-65f5-4959-b835-4f3ea6428c84" />
    <UnitTestResult executionId="906ed060-3918-4ef8-9a0f-59269032e9db" testId="d8682838-1d38-dd8e-6c89-ae1bda81fecb" testName="Appostolic.Api.Tests.Api.MembersListTests.Owner_can_list_members" computerName="MacBook-Pro-2" duration="00:00:00.0173354" startTime="2025-09-15T10:52:56.1153010-05:00" endTime="2025-09-15T10:52:56.1153010-05:00" testType="13cdc9d9-ddb5-4fa4-a97d-d965ccfc6d4b" outcome="Passed" testListId="8c84fa94-04c1-424b-9868-57a2d4851a1d" relativeResultsDirectory="906ed060-3918-4ef8-9a0f-59269032e9db" />
    <UnitTestResult executionId="7886c14f-6b1d-4327-85f3-ba605875aaf9" testId="fc170f06-7a65-44e3-9780-d428f13f33ad" testName="Appostolic.Api.Tests.SmokeTests.Health_ReturnsOk" computerName="MacBook-Pro-2" duration="00:00:00.1287168" startTime="2025-09-15T10:53:02.9189850-05:00" endTime="2025-09-15T10:53:02.9189850-05:00" testType="13cdc9d9-ddb5-4fa4-a97d-d965ccfc6d4b" outcome="Passed" testListId="8c84fa94-04c1-424b-9868-57a2d4851a1d" relativeResultsDirectory="7886c14f-6b1d-4327-85f3-ba605875aaf9" />
    <UnitTestResult executionId="2d0f5cb0-ea22-42ff-bce8-867988138449" testId="eba2e046-3c6c-f48b-f85f-b23828d8319b" testName="Appostolic.Api.Tests.AgentOrchestratorTests.ToolNotAllowed_FailsAndTracesFailure" computerName="MacBook-Pro-2" duration="00:00:00.0727808" startTime="2025-09-15T10:52:54.4476420-05:00" endTime="2025-09-15T10:52:54.4476420-05:00" testType="13cdc9d9-ddb5-4fa4-a97d-d965ccfc6d4b" outcome="Passed" testListId="8c84fa94-04c1-424b-9868-57a2d4851a1d" relativeResultsDirectory="2d0f5cb0-ea22-42ff-bce8-867988138449" />
    <UnitTestResult executionId="89b56a25-66fe-4d80-9cdb-e19c8dbc02e0" testId="fdf88970-87c6-f740-810f-e878127ff782" testName="Appostolic.Api.Tests.Api.NotificationsProdEndpointsTests.Resend_returns_404_when_missing" computerName="MacBook-Pro-2" duration="00:00:00.1492495" startTime="2025-09-15T10:53:00.0618590-05:00" endTime="2025-09-15T10:53:00.0618590-05:00" testType="13cdc9d9-ddb5-4fa4-a97d-d965ccfc6d4b" outcome="Passed" testListId="8c84fa94-04c1-424b-9868-57a2d4851a1d" relativeResultsDirectory="89b56a25-66fe-4d80-9cdb-e19c8dbc02e0" />
    <UnitTestResult executionId="143cd221-919e-46ed-b535-d7eaaee05029" testId="61b122ca-f3a1-21e8-0492-e3c660390b05" testName="Appostolic.Api.Tests.EmailProviderSelectionTests.Resolves_Smtp_sender_when_provider_smtp" computerName="MacBook-Pro-2" duration="00:00:00.7269138" startTime="2025-09-15T10:52:54.1619230-05:00" endTime="2025-09-15T10:52:54.1619320-05:00" testType="13cdc9d9-ddb5-4fa4-a97d-d965ccfc6d4b" outcome="Passed" testListId="8c84fa94-04c1-424b-9868-57a2d4851a1d" relativeResultsDirectory="143cd221-919e-46ed-b535-d7eaaee05029" />
    <UnitTestResult executionId="49e149e1-9c8c-48c5-bcda-19973e4a3502" testId="051a87a0-4947-acab-5222-3cc970dba0ba" testName="Appostolic.Api.Tests.Notifications.NotificationsResendTests.Can_insert_child_with_resend_of_fk" computerName="MacBook-Pro-2" duration="00:00:00.0056950" startTime="2025-09-15T10:53:01.0715820-05:00" endTime="2025-09-15T10:53:01.0715820-05:00" testType="13cdc9d9-ddb5-4fa4-a97d-d965ccfc6d4b" outcome="Passed" testListId="8c84fa94-04c1-424b-9868-57a2d4851a1d" relativeResultsDirectory="49e149e1-9c8c-48c5-bcda-19973e4a3502" />
    <UnitTestResult executionId="4feef111-0c35-4def-bb71-a6d6e3947d8d" testId="90c7a127-2be9-b6e7-ec52-19cb51de49c0" testName="Appostolic.Api.Tests.Notifications.AutoResendScannerTests.Creates_resend_for_old_sent_without_children" computerName="MacBook-Pro-2" duration="00:00:00.0272217" startTime="2025-09-15T10:52:59.2515900-05:00" endTime="2025-09-15T10:52:59.2515900-05:00" testType="13cdc9d9-ddb5-4fa4-a97d-d965ccfc6d4b" outcome="Passed" testListId="8c84fa94-04c1-424b-9868-57a2d4851a1d" relativeResultsDirectory="4feef111-0c35-4def-bb71-a6d6e3947d8d" />
    <UnitTestResult executionId="62af5b6e-71a9-40b2-8a5f-0099c058a53f" testId="e74b4a4d-4fe0-004f-1c01-e9508924afd9" testName="Appostolic.Api.Tests.Api.AgentsEndpointsTests.Agents_Validation_Errors" computerName="MacBook-Pro-2" duration="00:00:00.2138514" startTime="2025-09-15T10:52:54.7223760-05:00" endTime="2025-09-15T10:52:54.7223760-05:00" testType="13cdc9d9-ddb5-4fa4-a97d-d965ccfc6d4b" outcome="Passed" testListId="8c84fa94-04c1-424b-9868-57a2d4851a1d" relativeResultsDirectory="62af5b6e-71a9-40b2-8a5f-0099c058a53f" />
    <UnitTestResult executionId="07aa9754-2307-4c60-9eaf-1f2f1a275fcc" testId="6447b752-ca58-5092-2c5d-d1f5fe58b5dc" testName="WebSearchToolTests.Empty_query_returns_empty" computerName="MacBook-Pro-2" duration="00:00:00.0004121" startTime="2025-09-15T10:53:02.7883570-05:00" endTime="2025-09-15T10:53:02.7883570-05:00" testType="13cdc9d9-ddb5-4fa4-a97d-d965ccfc6d4b" outcome="Passed" testListId="8c84fa94-04c1-424b-9868-57a2d4851a1d" relativeResultsDirectory="07aa9754-2307-4c60-9eaf-1f2f1a275fcc" />
    <UnitTestResult executionId="ab818acf-c4c5-4b87-a7d2-89839a863397" testId="c64a9991-8173-cdf8-9198-d5935257f1a8" testName="Appostolic.Api.Tests.E2E.AgentTasksE2E_Concurrency.Worker_Processes_Many_Tasks_Reliably" computerName="MacBook-Pro-2" duration="00:00:00.3092346" startTime="2025-09-15T10:52:59.5643660-05:00" endTime="2025-09-15T10:52:59.5643660-05:00" testType="13cdc9d9-ddb5-4fa4-a97d-d965ccfc6d4b" outcome="Passed" testListId="8c84fa94-04c1-424b-9868-57a2d4851a1d" relativeResultsDirectory="ab818acf-c4c5-4b87-a7d2-89839a863397" />
    <UnitTestResult executionId="834814ac-5f2c-4ca8-81f1-e4ba03575a77" testId="39114ef2-4a94-0d20-df91-881c10164c3c" testName="Appostolic.Api.Tests.Model.TokenEstimatorTests.EstimateTokens_Heuristic_CeilPer4Chars(text: &quot;abcd&quot;, expected: 1)" computerName="MacBook-Pro-2" duration="00:00:00.0000015" startTime="2025-09-15T10:52:58.4561280-05:00" endTime="2025-09-15T10:52:58.4561280-05:00" testType="13cdc9d9-ddb5-4fa4-a97d-d965ccfc6d4b" outcome="Passed" testListId="8c84fa94-04c1-424b-9868-57a2d4851a1d" relativeResultsDirectory="834814ac-5f2c-4ca8-81f1-e4ba03575a77" />
    <UnitTestResult executionId="63bce17c-b140-47d8-8cbb-f75f57b82e0e" testId="87a5b8a9-e5bd-8c6e-5a6c-5815a0bd8c39" testName="Appostolic.Api.Tests.Worker.AgentTaskWorkerTests.Pending_To_Running_To_Succeeded_With_Traces" computerName="MacBook-Pro-2" duration="00:00:00.1151780" startTime="2025-09-15T10:53:02.2053420-05:00" endTime="2025-09-15T10:53:02.2053420-05:00" testType="13cdc9d9-ddb5-4fa4-a97d-d965ccfc6d4b" outcome="Passed" testListId="8c84fa94-04c1-424b-9868-57a2d4851a1d" relativeResultsDirectory="63bce17c-b140-47d8-8cbb-f75f57b82e0e" />
    <UnitTestResult executionId="ba72b013-febf-4f0b-bd04-d353d9922527" testId="33c114dd-901b-348b-cb07-4ff32816218d" testName="Appostolic.Api.Tests.AgentConstraintTests.Agent_MaxSteps_out_of_range_throws_in_domain_constructor" computerName="MacBook-Pro-2" duration="00:00:00.0005415" startTime="2025-09-15T10:52:54.2816830-05:00" endTime="2025-09-15T10:52:54.2816830-05:00" testType="13cdc9d9-ddb5-4fa4-a97d-d965ccfc6d4b" outcome="Passed" testListId="8c84fa94-04c1-424b-9868-57a2d4851a1d" relativeResultsDirectory="ba72b013-febf-4f0b-bd04-d353d9922527" />
    <UnitTestResult executionId="c933ce64-8004-4d12-8401-211ab890eee9" testId="94524c04-7158-8472-e876-43b26f76e4f4" testName="Appostolic.Api.Tests.AgentTasks.AgentTasksListFilterPaginationTests.FreeText_Q_Search_On_Input_And_User" computerName="MacBook-Pro-2" duration="00:00:00.0224871" startTime="2025-09-15T10:53:03.2849160-05:00" endTime="2025-09-15T10:53:03.2849160-05:00" testType="13cdc9d9-ddb5-4fa4-a97d-d965ccfc6d4b" outcome="Passed" testListId="8c84fa94-04c1-424b-9868-57a2d4851a1d" relativeResultsDirectory="c933ce64-8004-4d12-8401-211ab890eee9" />
    <UnitTestResult executionId="737dbb64-74e7-47b4-94df-96a35a440ddf" testId="c17747a3-eb4e-63bf-0bc9-279a4928ed40" testName="Appostolic.Api.Tests.EmailDispatcherTests.Enqueue_sends_via_sender" computerName="MacBook-Pro-2" duration="00:00:00.0011873" startTime="2025-09-15T10:52:58.4550150-05:00" endTime="2025-09-15T10:52:58.4550150-05:00" testType="13cdc9d9-ddb5-4fa4-a97d-d965ccfc6d4b" outcome="Passed" testListId="8c84fa94-04c1-424b-9868-57a2d4851a1d" relativeResultsDirectory="737dbb64-74e7-47b4-94df-96a35a440ddf" />
    <UnitTestResult executionId="0c325471-6700-4682-839c-cda93577afef" testId="caeaccb8-00ea-302b-441d-17caf5fd9b5d" testName="Appostolic.Api.Tests.ModelMappingTests.Notification_resend_fields_are_mapped_with_indexes" computerName="MacBook-Pro-2" duration="00:00:00.0007706" startTime="2025-09-15T10:53:06.7040810-05:00" endTime="2025-09-15T10:53:06.7040810-05:00" testType="13cdc9d9-ddb5-4fa4-a97d-d965ccfc6d4b" outcome="Passed" testListId="8c84fa94-04c1-424b-9868-57a2d4851a1d" relativeResultsDirectory="0c325471-6700-4682-839c-cda93577afef" />
    <UnitTestResult executionId="ec72ae17-18bf-4089-a734-2e0e92648508" testId="4ee5f350-b89d-edd8-c84d-cd5d40909f15" testName="Appostolic.Api.Tests.SmtpEmailSenderTests.Sends_with_both_text_and_html" computerName="MacBook-Pro-2" duration="00:00:00.0037841" startTime="2025-09-15T10:52:54.5075120-05:00" endTime="2025-09-15T10:52:54.5075120-05:00" testType="13cdc9d9-ddb5-4fa4-a97d-d965ccfc6d4b" outcome="Passed" testListId="8c84fa94-04c1-424b-9868-57a2d4851a1d" relativeResultsDirectory="ec72ae17-18bf-4089-a734-2e0e92648508" />
    <UnitTestResult executionId="1e95437c-cde9-4e84-9dbe-0f8f342fb238" testId="04a8bdbc-fefc-28fe-9d41-eb27166daebb" testName="Appostolic.Api.Tests.Api.InvitesRolesFlagsTests.Create_Invite_With_Roles_Flags_Persists_And_Lists" computerName="MacBook-Pro-2" duration="00:00:00.1526598" startTime="2025-09-15T10:53:02.5461840-05:00" endTime="2025-09-15T10:53:02.5461840-05:00" testType="13cdc9d9-ddb5-4fa4-a97d-d965ccfc6d4b" outcome="Passed" testListId="8c84fa94-04c1-424b-9868-57a2d4851a1d" relativeResultsDirectory="1e95437c-cde9-4e84-9dbe-0f8f342fb238" />
    <UnitTestResult executionId="0cd2b23a-67ec-45c0-ae97-276143159f85" testId="1aa96e1c-162f-87b8-360d-29c19b3b2c73" testName="DbQueryToolTests.Unknown_table_fails" computerName="MacBook-Pro-2" duration="00:00:00.0087245" startTime="2025-09-15T10:53:01.9005390-05:00" endTime="2025-09-15T10:53:01.9005390-05:00" testType="13cdc9d9-ddb5-4fa4-a97d-d965ccfc6d4b" outcome="Passed" testListId="8c84fa94-04c1-424b-9868-57a2d4851a1d" relativeResultsDirectory="0cd2b23a-67ec-45c0-ae97-276143159f85" />
    <UnitTestResult executionId="4c4d0ff1-e1d6-46b9-a85c-fed6cf62fecc" testId="6e2b7510-d3ae-c174-2b57-710f63c82ad0" testName="TemplateRendererTests.Verification_template_renders_link_and_subject" computerName="MacBook-Pro-2" duration="00:00:00.0009886" startTime="2025-09-15T10:52:58.4479160-05:00" endTime="2025-09-15T10:52:58.4479160-05:00" testType="13cdc9d9-ddb5-4fa4-a97d-d965ccfc6d4b" outcome="Passed" testListId="8c84fa94-04c1-424b-9868-57a2d4851a1d" relativeResultsDirectory="4c4d0ff1-e1d6-46b9-a85c-fed6cf62fecc" />
    <UnitTestResult executionId="18733505-d563-4846-a55a-76538e9b8d52" testId="c561c2f6-8efd-4095-cbad-20238816bd9c" testName="Appostolic.Api.Tests.NotificationEnqueuerTests.QueueVerification_enqueues_correct_message" computerName="MacBook-Pro-2" duration="00:00:00.0008493" startTime="2025-09-15T10:53:01.0812160-05:00" endTime="2025-09-15T10:53:01.0812160-05:00" testType="13cdc9d9-ddb5-4fa4-a97d-d965ccfc6d4b" outcome="Passed" testListId="8c84fa94-04c1-424b-9868-57a2d4851a1d" relativeResultsDirectory="18733505-d563-4846-a55a-76538e9b8d52" />
    <UnitTestResult executionId="61214a63-5456-4047-887c-6e69c435ab59" testId="40e767b4-314a-d8ef-34b1-5c49d7ef55c4" testName="Appostolic.Api.Tests.Model.TokenEstimatorTests.EstimateTokens_Heuristic_CeilPer4Chars(text: &quot;&quot;, expected: 0)" computerName="MacBook-Pro-2" duration="00:00:00.0001702" startTime="2025-09-15T10:52:58.4554740-05:00" endTime="2025-09-15T10:52:58.4554740-05:00" testType="13cdc9d9-ddb5-4fa4-a97d-d965ccfc6d4b" outcome="Passed" testListId="8c84fa94-04c1-424b-9868-57a2d4851a1d" relativeResultsDirectory="61214a63-5456-4047-887c-6e69c435ab59" />
    <UnitTestResult executionId="31f42a6d-f77d-4df6-9c2c-6d152201a1f0" testId="4f12e680-b238-5f1e-d786-32a29acea93b" testName="Appostolic.Api.Tests.EmailProviderSelectionTests.Resolves_SendGrid_sender_when_provider_sendgrid" computerName="MacBook-Pro-2" duration="00:00:00.1099454" startTime="2025-09-15T10:52:54.2716560-05:00" endTime="2025-09-15T10:52:54.2716560-05:00" testType="13cdc9d9-ddb5-4fa4-a97d-d965ccfc6d4b" outcome="Passed" testListId="8c84fa94-04c1-424b-9868-57a2d4851a1d" relativeResultsDirectory="31f42a6d-f77d-4df6-9c2c-6d152201a1f0" />
    <UnitTestResult executionId="1115e49d-2dc3-43bc-a65e-b20424816429" testId="37b7f024-73bb-98ae-d17f-d1c0ce9f17e8" testName="Appostolic.Api.Tests.ModelMappingTests.AgentTrace_Kind_is_mapped_as_int" computerName="MacBook-Pro-2" duration="00:00:00.1389257" startTime="2025-09-15T10:53:06.6629730-05:00" endTime="2025-09-15T10:53:06.6629730-05:00" testType="13cdc9d9-ddb5-4fa4-a97d-d965ccfc6d4b" outcome="Passed" testListId="8c84fa94-04c1-424b-9868-57a2d4851a1d" relativeResultsDirectory="1115e49d-2dc3-43bc-a65e-b20424816429" />
    <UnitTestResult executionId="6124d38d-1226-4aac-ad9b-2852a537db3d" testId="7bfc22d7-9c12-bb6d-b1ad-6ad8a8f51b4d" testName="Appostolic.Api.Tests.Api.InvitesAcceptTests.Accept_SignedIn_User_Matches_Invite_Creates_Membership" computerName="MacBook-Pro-2" duration="00:00:00.1661212" startTime="2025-09-15T10:52:59.9081250-05:00" endTime="2025-09-15T10:52:59.9081250-05:00" testType="13cdc9d9-ddb5-4fa4-a97d-d965ccfc6d4b" outcome="Passed" testListId="8c84fa94-04c1-424b-9868-57a2d4851a1d" relativeResultsDirectory="6124d38d-1226-4aac-ad9b-2852a537db3d" />
    <UnitTestResult executionId="302a26d8-88b9-4343-955d-a85fc6655f84" testId="d079b60f-9bd9-c7a1-855f-178e519346dc" testName="Appostolic.Api.Tests.EmailDispatcherTests.Dispatcher_logs_correlation_fields_when_present" computerName="MacBook-Pro-2" duration="00:00:00.0035241" startTime="2025-09-15T10:52:58.4517460-05:00" endTime="2025-09-15T10:52:58.4517460-05:00" testType="13cdc9d9-ddb5-4fa4-a97d-d965ccfc6d4b" outcome="Passed" testListId="8c84fa94-04c1-424b-9868-57a2d4851a1d" relativeResultsDirectory="302a26d8-88b9-4343-955d-a85fc6655f84" />
    <UnitTestResult executionId="dcae8017-1716-4a82-a279-6582b17b4345" testId="cb90a4b6-5413-6334-a88c-d9e37624202c" testName="Appostolic.Api.Tests.Api.InvitesRolesFlagsTests.Create_Invite_With_Invalid_Role_Flag_Is_400" computerName="MacBook-Pro-2" duration="00:00:00.0025515" startTime="2025-09-15T10:53:02.5794960-05:00" endTime="2025-09-15T10:53:02.5794960-05:00" testType="13cdc9d9-ddb5-4fa4-a97d-d965ccfc6d4b" outcome="Passed" testListId="8c84fa94-04c1-424b-9868-57a2d4851a1d" relativeResultsDirectory="dcae8017-1716-4a82-a279-6582b17b4345" />
    <UnitTestResult executionId="10379333-2606-4dd4-a9e6-4805ed162a5c" testId="da0da417-eb80-7ca8-c2a7-2b93c4d78528" testName="Appostolic.Api.Tests.Api.InvitesRolesFlagsTests.Accept_Invite_Sets_Membership_Roles_Flags" computerName="MacBook-Pro-2" duration="00:00:00.0192177" startTime="2025-09-15T10:53:02.5655700-05:00" endTime="2025-09-15T10:53:02.5655700-05:00" testType="13cdc9d9-ddb5-4fa4-a97d-d965ccfc6d4b" outcome="Passed" testListId="8c84fa94-04c1-424b-9868-57a2d4851a1d" relativeResultsDirectory="10379333-2606-4dd4-a9e6-4805ed162a5c" />
    <UnitTestResult executionId="6e581f7b-df0e-45f1-95e6-bd41b2fa8eaa" testId="54bfc83b-71cd-70be-2e17-0d354a18b25a" testName="Appostolic.Api.Tests.Notifications.NotificationsRetentionTests.Purger_removes_expired_dedupes_and_old_notifications" computerName="MacBook-Pro-2" duration="00:00:00.0047012" startTime="2025-09-15T10:53:02.7868210-05:00" endTime="2025-09-15T10:53:02.7868210-05:00" testType="13cdc9d9-ddb5-4fa4-a97d-d965ccfc6d4b" outcome="Passed" testListId="8c84fa94-04c1-424b-9868-57a2d4851a1d" relativeResultsDirectory="6e581f7b-df0e-45f1-95e6-bd41b2fa8eaa" />
    <UnitTestResult executionId="89216657-3cd5-4e61-b0a3-3cfbc0ccfbbd" testId="eeaccddf-52e1-1db7-6606-fc19c2721862" testName="Appostolic.Api.Tests.Api.AuthPasswordFlowsTests.ResetPassword_WithValidToken_UpdatesHashAndConsumesToken" computerName="MacBook-Pro-2" duration="00:00:00.4466819" startTime="2025-09-15T10:53:07.6692090-05:00" endTime="2025-09-15T10:53:07.6692090-05:00" testType="13cdc9d9-ddb5-4fa4-a97d-d965ccfc6d4b" outcome="Passed" testListId="8c84fa94-04c1-424b-9868-57a2d4851a1d" relativeResultsDirectory="89216657-3cd5-4e61-b0a3-3cfbc0ccfbbd" />
    <UnitTestResult executionId="1638fd02-3e78-47da-bbf0-dce9f2480618" testId="e4ef9dda-68e5-63b6-ccb6-0b8c602aab58" testName="Appostolic.Api.Tests.Notifications.AutoResendScannerTests.Skips_when_disabled" computerName="MacBook-Pro-2" duration="00:00:00.0016539" startTime="2025-09-15T10:52:59.2532730-05:00" endTime="2025-09-15T10:52:59.2532730-05:00" testType="13cdc9d9-ddb5-4fa4-a97d-d965ccfc6d4b" outcome="Passed" testListId="8c84fa94-04c1-424b-9868-57a2d4851a1d" relativeResultsDirectory="1638fd02-3e78-47da-bbf0-dce9f2480618" />
    <UnitTestResult executionId="a67b2068-1d87-4aae-b185-ccb08599ba78" testId="ad304976-430a-8b69-e0d9-931ece855b31" testName="Appostolic.Api.Tests.AgentTasks.AgentTasksListFilterPaginationTests.Date_Range_Filter_On_CreatedAt" computerName="MacBook-Pro-2" duration="00:00:00.1699751" startTime="2025-09-15T10:53:03.0894360-05:00" endTime="2025-09-15T10:53:03.0894360-05:00" testType="13cdc9d9-ddb5-4fa4-a97d-d965ccfc6d4b" outcome="Passed" testListId="8c84fa94-04c1-424b-9868-57a2d4851a1d" relativeResultsDirectory="a67b2068-1d87-4aae-b185-ccb08599ba78" />
    <UnitTestResult executionId="5e5aacfc-6a68-4d6c-b97d-cb9ff3a53840" testId="8f2edffb-b43d-5750-46cc-f6c9051abba5" testName="Appostolic.Api.AuthTests.LoginTests.Login_ValidCredentials_Returns200" computerName="MacBook-Pro-2" duration="00:00:00.3280084" startTime="2025-09-15T10:52:59.2239090-05:00" endTime="2025-09-15T10:52:59.2239090-05:00" testType="13cdc9d9-ddb5-4fa4-a97d-d965ccfc6d4b" outcome="Passed" testListId="8c84fa94-04c1-424b-9868-57a2d4851a1d" relativeResultsDirectory="5e5aacfc-6a68-4d6c-b97d-cb9ff3a53840" />
    <UnitTestResult executionId="6af685e1-38ff-4310-88d1-7ac8c7a3ad9f" testId="11acc57e-e7b4-9c88-543d-dd88434937c6" testName="Appostolic.Api.Tests.Api.AuthPasswordFlowsTests.ChangePassword_WithWrongCurrent_ReturnsUnauthorized" computerName="MacBook-Pro-2" duration="00:00:00.2483464" startTime="2025-09-15T10:53:07.9177300-05:00" endTime="2025-09-15T10:53:07.9177300-05:00" testType="13cdc9d9-ddb5-4fa4-a97d-d965ccfc6d4b" outcome="Passed" testListId="8c84fa94-04c1-424b-9868-57a2d4851a1d" relativeResultsDirectory="6af685e1-38ff-4310-88d1-7ac8c7a3ad9f" />
    <UnitTestResult executionId="cb5f0ed3-ebdd-4fcd-8aeb-2d7631bdb5b5" testId="6ac2577f-abec-ce9e-a92b-34035bd744e0" testName="FsWriteToolTests.Rejects_when_content_exceeds_max" computerName="MacBook-Pro-2" duration="00:00:00.0005006" startTime="2025-09-15T10:53:03.3090870-05:00" endTime="2025-09-15T10:53:03.3090870-05:00" testType="13cdc9d9-ddb5-4fa4-a97d-d965ccfc6d4b" outcome="Passed" testListId="8c84fa94-04c1-424b-9868-57a2d4851a1d" relativeResultsDirectory="cb5f0ed3-ebdd-4fcd-8aeb-2d7631bdb5b5" />
    <UnitTestResult executionId="dd4f0dab-9ef8-47a2-bbe5-2ad3bbdfd649" testId="03cb9965-4934-50d0-65d4-2c790e264e80" testName="Appostolic.Api.Tests.E2E.AgentTasksE2E_List.Inbox_List_Orders_By_CreatedAt_Desc_And_Pages" computerName="MacBook-Pro-2" duration="00:00:00.3952974" startTime="2025-09-15T10:53:01.8916460-05:00" endTime="2025-09-15T10:53:01.8916460-05:00" testType="13cdc9d9-ddb5-4fa4-a97d-d965ccfc6d4b" outcome="Passed" testListId="8c84fa94-04c1-424b-9868-57a2d4851a1d" relativeResultsDirectory="dd4f0dab-9ef8-47a2-bbe5-2ad3bbdfd649" />
    <UnitTestResult executionId="155b17cc-39d9-49a2-b641-55c154cc9ca0" testId="5818c4b0-5040-ff57-2a21-3715c31b378e" testName="Appostolic.Api.Tests.NotificationEnqueuerTests.QueueInvite_uses_relative_when_base_missing" computerName="MacBook-Pro-2" duration="00:00:00.0010058" startTime="2025-09-15T10:53:01.0803330-05:00" endTime="2025-09-15T10:53:01.0803330-05:00" testType="13cdc9d9-ddb5-4fa4-a97d-d965ccfc6d4b" outcome="Passed" testListId="8c84fa94-04c1-424b-9868-57a2d4851a1d" relativeResultsDirectory="155b17cc-39d9-49a2-b641-55c154cc9ca0" />
    <UnitTestResult executionId="996743cd-17d6-42fd-b4b2-42abba276038" testId="b9af0f84-0079-b683-0d77-346a6542b5b4" testName="Appostolic.Api.Tests.NotificationEnqueuerTests.QueueInvite_enqueues_correct_message" computerName="MacBook-Pro-2" duration="00:00:00.0040310" startTime="2025-09-15T10:53:01.0791760-05:00" endTime="2025-09-15T10:53:01.0791760-05:00" testType="13cdc9d9-ddb5-4fa4-a97d-d965ccfc6d4b" outcome="Passed" testListId="8c84fa94-04c1-424b-9868-57a2d4851a1d" relativeResultsDirectory="996743cd-17d6-42fd-b4b2-42abba276038" />
    <UnitTestResult executionId="3e686c20-9031-462d-8a9c-f0ec717f996f" testId="50c609b5-3f14-814d-a1e7-5260305a9b12" testName="Appostolic.Api.Tests.AgentTasks.AgentTasksCancelRetryTests.Cancel_Terminal_Task_Returns409" computerName="MacBook-Pro-2" duration="00:00:00.0153270" startTime="2025-09-15T10:53:02.0779620-05:00" endTime="2025-09-15T10:53:02.0779620-05:00" testType="13cdc9d9-ddb5-4fa4-a97d-d965ccfc6d4b" outcome="Passed" testListId="8c84fa94-04c1-424b-9868-57a2d4851a1d" relativeResultsDirectory="3e686c20-9031-462d-8a9c-f0ec717f996f" />
    <UnitTestResult executionId="edf54110-f71d-4dc5-944f-646c2dc0a34c" testId="9b729b7e-a306-20a1-7040-eda547fe8bec" testName="Appostolic.Api.Tests.E2E.AgentTasksE2E_HappyPath.EndToEnd_CreatesTask_RunsToSuccess_TracesAndTokensPresent" computerName="MacBook-Pro-2" duration="00:00:00.3804262" startTime="2025-09-15T10:52:56.5014320-05:00" endTime="2025-09-15T10:52:56.5014320-05:00" testType="13cdc9d9-ddb5-4fa4-a97d-d965ccfc6d4b" outcome="Passed" testListId="8c84fa94-04c1-424b-9868-57a2d4851a1d" relativeResultsDirectory="edf54110-f71d-4dc5-944f-646c2dc0a34c" />
    <UnitTestResult executionId="9a464bab-f762-4a80-85ee-c38d4abdf379" testId="811026c2-41ce-4e18-121d-862774cd6272" testName="DbQueryToolTests.Select_lessons_where_id_param_object" computerName="MacBook-Pro-2" duration="00:00:00.0029031" startTime="2025-09-15T10:53:01.9061820-05:00" endTime="2025-09-15T10:53:01.9061820-05:00" testType="13cdc9d9-ddb5-4fa4-a97d-d965ccfc6d4b" outcome="Passed" testListId="8c84fa94-04c1-424b-9868-57a2d4851a1d" relativeResultsDirectory="9a464bab-f762-4a80-85ee-c38d4abdf379" />
    <UnitTestResult executionId="5d1bf2db-fd2d-45f0-99f5-c054183abf60" testId="a2b0d89c-f17d-2c60-2870-72017089ab94" testName="Appostolic.Api.Tests.Api.NotificationsAdminEndpointsTests.Bulk_resend_creates_with_limit_and_counts_throttled" computerName="MacBook-Pro-2" duration="00:00:00.1488909" startTime="2025-09-15T10:53:06.5238020-05:00" endTime="2025-09-15T10:53:06.5238020-05:00" testType="13cdc9d9-ddb5-4fa4-a97d-d965ccfc6d4b" outcome="Passed" testListId="8c84fa94-04c1-424b-9868-57a2d4851a1d" relativeResultsDirectory="5d1bf2db-fd2d-45f0-99f5-c054183abf60" />
    <UnitTestResult executionId="6ed2f93b-8239-493c-92c6-9859206eff09" testId="a11d6311-0314-291e-6c87-0745cc1eace8" testName="Appostolic.Api.Tests.Observability.TelemetrySmokeTests.HappyPath_Emits_Spans_And_Metrics" computerName="MacBook-Pro-2" duration="00:00:00.0060165" startTime="2025-09-15T10:52:58.7425720-05:00" endTime="2025-09-15T10:52:58.7425720-05:00" testType="13cdc9d9-ddb5-4fa4-a97d-d965ccfc6d4b" outcome="Passed" testListId="8c84fa94-04c1-424b-9868-57a2d4851a1d" relativeResultsDirectory="6ed2f93b-8239-493c-92c6-9859206eff09" />
    <UnitTestResult executionId="9c8548eb-32ac-4234-9db5-7294e160a783" testId="46ad1244-cbdb-dca6-f007-7e8a232754cc" testName="Appostolic.Api.Tests.Notifications.RedisTransportPrivacyTests.NonGuidPayload_DoesNotLogPayloadContents" computerName="MacBook-Pro-2" duration="00:00:00.0124974" startTime="2025-09-15T10:52:58.5553460-05:00" endTime="2025-09-15T10:52:58.5553460-05:00" testType="13cdc9d9-ddb5-4fa4-a97d-d965ccfc6d4b" outcome="Passed" testListId="8c84fa94-04c1-424b-9868-57a2d4851a1d" relativeResultsDirectory="9c8548eb-32ac-4234-9db5-7294e160a783" />
    <UnitTestResult executionId="5c3f6280-1a5e-42c8-8b22-293e1b4fc69d" testId="0f0c7731-d28a-bcbe-054f-641f024437ac" testName="Appostolic.Api.Tests.ModelMappingTests.AgentTask_Status_is_converted_as_string" computerName="MacBook-Pro-2" duration="00:00:00.0019699" startTime="2025-09-15T10:53:06.6684490-05:00" endTime="2025-09-15T10:53:06.6684490-05:00" testType="13cdc9d9-ddb5-4fa4-a97d-d965ccfc6d4b" outcome="Passed" testListId="8c84fa94-04c1-424b-9868-57a2d4851a1d" relativeResultsDirectory="5c3f6280-1a5e-42c8-8b22-293e1b4fc69d" />
    <UnitTestResult executionId="a350a917-93bf-4405-af43-9d7970c9ee3c" testId="c608eb38-09c4-17b8-a16b-ae9b91798432" testName="Appostolic.Api.Tests.Api.NotificationsWebhookTests.SendGridWebhook_updates_provider_status_when_token_matches" computerName="MacBook-Pro-2" duration="00:00:00.0213994" startTime="2025-09-15T10:52:59.7368130-05:00" endTime="2025-09-15T10:52:59.7368130-05:00" testType="13cdc9d9-ddb5-4fa4-a97d-d965ccfc6d4b" outcome="Passed" testListId="8c84fa94-04c1-424b-9868-57a2d4851a1d" relativeResultsDirectory="a350a917-93bf-4405-af43-9d7970c9ee3c" />
    <UnitTestResult executionId="c26acd6b-6d53-4e64-90e8-4c4a7a2cff56" testId="f7e247f1-8de7-594b-e638-b4ec989d69be" testName="Appostolic.Api.Tests.AgentTasks.AgentTasksCancelRetryTests.Cancel_Pending_Task_IsCanceledImmediately" computerName="MacBook-Pro-2" duration="00:00:00.1475489" startTime="2025-09-15T10:53:02.0624750-05:00" endTime="2025-09-15T10:53:02.0624750-05:00" testType="13cdc9d9-ddb5-4fa4-a97d-d965ccfc6d4b" outcome="Passed" testListId="8c84fa94-04c1-424b-9868-57a2d4851a1d" relativeResultsDirectory="c26acd6b-6d53-4e64-90e8-4c4a7a2cff56" />
    <UnitTestResult executionId="6437a88f-f440-4c38-88d3-0dfca3c09a16" testId="e654c6ff-e79b-0f0d-7ecf-a4648dc0cf91" testName="Appostolic.Api.Tests.Orchestrator.AgentOrchestratorTests.HappyPath_ModelPlansToolThenFinal_SucceedsWithTwoTraces" computerName="MacBook-Pro-2" duration="00:00:00.0021724" startTime="2025-09-15T10:52:58.7525640-05:00" endTime="2025-09-15T10:52:58.7525640-05:00" testType="13cdc9d9-ddb5-4fa4-a97d-d965ccfc6d4b" outcome="Passed" testListId="8c84fa94-04c1-424b-9868-57a2d4851a1d" relativeResultsDirectory="6437a88f-f440-4c38-88d3-0dfca3c09a16" />
    <UnitTestResult executionId="ed9d3c5c-da79-4751-b0c6-71aa7895a9ff" testId="d23daa8f-5725-d1c6-7d7a-83c05e893d1b" testName="Appostolic.Api.Tests.Api.NotificationsProdEndpointsTests.Superadmin_can_list_cross_tenant" computerName="MacBook-Pro-2" duration="00:00:00.1484127" startTime="2025-09-15T10:53:00.5434280-05:00" endTime="2025-09-15T10:53:00.5434280-05:00" testType="13cdc9d9-ddb5-4fa4-a97d-d965ccfc6d4b" outcome="Passed" testListId="8c84fa94-04c1-424b-9868-57a2d4851a1d" relativeResultsDirectory="ed9d3c5c-da79-4751-b0c6-71aa7895a9ff" />
    <UnitTestResult executionId="6dbb3743-c927-450e-869f-7ad87d108fe3" testId="2f6106d4-2d27-0ec0-388a-a0a0d64b80ea" testName="Appostolic.Api.Tests.Model.TokenEstimatorTests.EstimateTokens_Heuristic_CeilPer4Chars(text: &quot;abcde&quot;, expected: 2)" computerName="MacBook-Pro-2" duration="00:00:00.0000010" startTime="2025-09-15T10:52:58.4561930-05:00" endTime="2025-09-15T10:52:58.4561930-05:00" testType="13cdc9d9-ddb5-4fa4-a97d-d965ccfc6d4b" outcome="Passed" testListId="8c84fa94-04c1-424b-9868-57a2d4851a1d" relativeResultsDirectory="6dbb3743-c927-450e-869f-7ad87d108fe3" />
    <UnitTestResult executionId="8a053e5d-0832-409f-b516-022140410e91" testId="7c574249-6de4-087c-ac92-00dedf541e78" testName="Appostolic.Api.Tests.Api.NotificationsProdEndpointsTests.Tenant_owner_can_list_and_retry_within_tenant" computerName="MacBook-Pro-2" duration="00:00:00.1743594" startTime="2025-09-15T10:53:00.3947650-05:00" endTime="2025-09-15T10:53:00.3947650-05:00" testType="13cdc9d9-ddb5-4fa4-a97d-d965ccfc6d4b" outcome="Passed" testListId="8c84fa94-04c1-424b-9868-57a2d4851a1d" relativeResultsDirectory="8a053e5d-0832-409f-b516-022140410e91" />
    <UnitTestResult executionId="34b4d68a-f331-4559-af4a-d231a54a0c8e" testId="b2e4b89c-c96f-83af-e281-01d9319a9bb8" testName="Appostolic.Api.Tests.Api.MembersManagementTests.Admin_cannot_assign_owner_but_owner_can" computerName="MacBook-Pro-2" duration="00:00:00.0092196" startTime="2025-09-15T10:53:02.3878700-05:00" endTime="2025-09-15T10:53:02.3878700-05:00" testType="13cdc9d9-ddb5-4fa4-a97d-d965ccfc6d4b" outcome="Passed" testListId="8c84fa94-04c1-424b-9868-57a2d4851a1d" relativeResultsDirectory="34b4d68a-f331-4559-af4a-d231a54a0c8e" />
    <UnitTestResult executionId="85fdc264-9a1f-49d1-a09d-3ead5d9a0d7e" testId="5ec8c6f8-601d-9718-1802-a15c88bb4987" testName="Appostolic.Api.Tests.AgentTasks.AgentTasksCancelRetryTests.Retry_From_Succeeded_Creates_New_Task_And_Runs" computerName="MacBook-Pro-2" duration="00:00:00.0105672" startTime="2025-09-15T10:53:02.0886750-05:00" endTime="2025-09-15T10:53:02.0886750-05:00" testType="13cdc9d9-ddb5-4fa4-a97d-d965ccfc6d4b" outcome="Passed" testListId="8c84fa94-04c1-424b-9868-57a2d4851a1d" relativeResultsDirectory="85fdc264-9a1f-49d1-a09d-3ead5d9a0d7e" />
    <UnitTestResult executionId="9d70c942-129c-4ad6-a98f-8096c7ee0d1a" testId="7c0f601f-632e-a9b2-aeb3-eee73bd7742c" testName="Appostolic.Api.Tests.Auth.SignupTests.Signup_WithInvalidInviteToken_ReturnsBadRequest" computerName="MacBook-Pro-2" duration="00:00:00.1682754" startTime="2025-09-15T10:52:55.9407360-05:00" endTime="2025-09-15T10:52:55.9407360-05:00" testType="13cdc9d9-ddb5-4fa4-a97d-d965ccfc6d4b" outcome="Passed" testListId="8c84fa94-04c1-424b-9868-57a2d4851a1d" relativeResultsDirectory="9d70c942-129c-4ad6-a98f-8096c7ee0d1a" />
    <UnitTestResult executionId="b0909ee6-a72d-4a8a-be7f-3e418688806d" testId="e0724a8e-d699-09ac-c090-59791deb23d9" testName="Appostolic.Api.Tests.Api.NotificationsAdminEndpointsTests.Resend_dev_endpoint_creates_and_throttles" computerName="MacBook-Pro-2" duration="00:00:00.1459425" startTime="2025-09-15T10:53:03.7569570-05:00" endTime="2025-09-15T10:53:03.7569570-05:00" testType="13cdc9d9-ddb5-4fa4-a97d-d965ccfc6d4b" outcome="Passed" testListId="8c84fa94-04c1-424b-9868-57a2d4851a1d" relativeResultsDirectory="b0909ee6-a72d-4a8a-be7f-3e418688806d" />
    <UnitTestResult executionId="6ffef90e-dd61-4844-ba54-368c13568998" testId="f53587d7-cc90-0182-8a77-44034bb01e5e" testName="Appostolic.Api.Tests.ModelMappingTests.Agent_indexes_are_configured_in_model" computerName="MacBook-Pro-2" duration="00:00:00.0002910" startTime="2025-09-15T10:53:06.7046390-05:00" endTime="2025-09-15T10:53:06.7046390-05:00" testType="13cdc9d9-ddb5-4fa4-a97d-d965ccfc6d4b" outcome="Passed" testListId="8c84fa94-04c1-424b-9868-57a2d4851a1d" relativeResultsDirectory="6ffef90e-dd61-4844-ba54-368c13568998" />
    <UnitTestResult executionId="b3359c10-8a00-4233-9438-a8647a70acef" testId="9c020064-9cbb-7975-d5c0-9dc48d581775" testName="Appostolic.Api.Tests.Api.AgentTasksEndpointsTests.CreateTask_Returns201AndSummary" computerName="MacBook-Pro-2" duration="00:00:00.1478595" startTime="2025-09-15T10:52:58.7035930-05:00" endTime="2025-09-15T10:52:58.7035930-05:00" testType="13cdc9d9-ddb5-4fa4-a97d-d965ccfc6d4b" outcome="Passed" testListId="8c84fa94-04c1-424b-9868-57a2d4851a1d" relativeResultsDirectory="b3359c10-8a00-4233-9438-a8647a70acef" />
    <UnitTestResult executionId="1669410d-3729-4710-8bcc-269e76fead62" testId="dfdd94d6-4157-31a9-a81a-18fee28467d5" testName="Appostolic.Api.Tests.AgentOrchestratorTests.HappyPath_ModelPlansToolThenFinal_SucceedsWithTwoTraces" computerName="MacBook-Pro-2" duration="00:00:00.0133017" startTime="2025-09-15T10:52:54.4693720-05:00" endTime="2025-09-15T10:52:54.4693720-05:00" testType="13cdc9d9-ddb5-4fa4-a97d-d965ccfc6d4b" outcome="Passed" testListId="8c84fa94-04c1-424b-9868-57a2d4851a1d" relativeResultsDirectory="1669410d-3729-4710-8bcc-269e76fead62" />
    <UnitTestResult executionId="7740c931-4382-4a54-8424-03a4fa7bd5b7" testId="ec039bf7-f831-a8e3-834c-89707ff2f6d2" testName="Appostolic.Api.Tests.NotificationEnqueuerTests.QueueVerification_uses_relative_when_base_missing" computerName="MacBook-Pro-2" duration="00:00:00.0031790" startTime="2025-09-15T10:53:01.0749750-05:00" endTime="2025-09-15T10:53:01.0749750-05:00" testType="13cdc9d9-ddb5-4fa4-a97d-d965ccfc6d4b" outcome="Passed" testListId="8c84fa94-04c1-424b-9868-57a2d4851a1d" relativeResultsDirectory="7740c931-4382-4a54-8424-03a4fa7bd5b7" />
    <UnitTestResult executionId="84cb57c4-368a-4680-a0ce-3970c82cfc8e" testId="bde04400-fb2a-d1b4-e9d5-727f1b9bbed1" testName="Appostolic.Api.Tests.EmailDispatcherTests.Dispatcher_redacts_email_in_log_scope" computerName="MacBook-Pro-2" duration="00:00:00.0017888" startTime="2025-09-15T10:52:58.4536850-05:00" endTime="2025-09-15T10:52:58.4536850-05:00" testType="13cdc9d9-ddb5-4fa4-a97d-d965ccfc6d4b" outcome="Passed" testListId="8c84fa94-04c1-424b-9868-57a2d4851a1d" relativeResultsDirectory="84cb57c4-368a-4680-a0ce-3970c82cfc8e" />
    <UnitTestResult executionId="75794617-f865-46b3-a480-1152d2c1d5d8" testId="71d5d180-2d36-ecb9-e4eb-71ca09e46ec4" testName="Appostolic.Api.Tests.AgentConstraintTests.Agent_Temperature_out_of_range_throws_in_domain_constructor" computerName="MacBook-Pro-2" duration="00:00:00.0084804" startTime="2025-09-15T10:52:54.2811170-05:00" endTime="2025-09-15T10:52:54.2811170-05:00" testType="13cdc9d9-ddb5-4fa4-a97d-d965ccfc6d4b" outcome="Passed" testListId="8c84fa94-04c1-424b-9868-57a2d4851a1d" relativeResultsDirectory="75794617-f865-46b3-a480-1152d2c1d5d8" />
    <UnitTestResult executionId="6f4b6dd3-5c2a-405e-bd14-e7e4be5bed99" testId="bc29c184-0770-c9df-63be-2a52d76ad503" testName="Appostolic.Api.Tests.Notifications.NotificationEnqueuerMagicLinkTests.QueueMagicLink_HashesToken_And_Publishes" computerName="MacBook-Pro-2" duration="00:00:00.0157597" startTime="2025-09-15T10:53:03.3028830-05:00" endTime="2025-09-15T10:53:03.3028830-05:00" testType="13cdc9d9-ddb5-4fa4-a97d-d965ccfc6d4b" outcome="Passed" testListId="8c84fa94-04c1-424b-9868-57a2d4851a1d" relativeResultsDirectory="6f4b6dd3-5c2a-405e-bd14-e7e4be5bed99" />
    <UnitTestResult executionId="704a1a80-3364-4c3e-a027-a046837fd9d6" testId="1f65e069-4a6f-ccd5-bb6b-41fba0e75604" testName="Appostolic.Api.Tests.Api.NotificationsAdminEndpointsTests.Resend_metrics_emitted_for_manual_and_bulk" computerName="MacBook-Pro-2" duration="00:00:02.0824020" startTime="2025-09-15T10:53:06.1531230-05:00" endTime="2025-09-15T10:53:06.1531230-05:00" testType="13cdc9d9-ddb5-4fa4-a97d-d965ccfc6d4b" outcome="Passed" testListId="8c84fa94-04c1-424b-9868-57a2d4851a1d" relativeResultsDirectory="704a1a80-3364-4c3e-a027-a046837fd9d6" />
    <UnitTestResult executionId="1d4818e8-a06c-4e02-b6f7-bdc39fc3138f" testId="7831f103-663f-8d24-4a8b-6bbe466d0837" testName="Appostolic.Api.Tests.Api.AuthPasswordFlowsTests.ChangePassword_WithAuth_UpdatesPassword" computerName="MacBook-Pro-2" duration="00:00:00.3592059" startTime="2025-09-15T10:53:07.2074350-05:00" endTime="2025-09-15T10:53:07.2074350-05:00" testType="13cdc9d9-ddb5-4fa4-a97d-d965ccfc6d4b" outcome="Passed" testListId="8c84fa94-04c1-424b-9868-57a2d4851a1d" relativeResultsDirectory="1d4818e8-a06c-4e02-b6f7-bdc39fc3138f" />
    <UnitTestResult executionId="93bb3f5e-9b63-4ac3-a504-dc8d527f492a" testId="12c3c514-0e1a-a711-90d4-344685873f0e" testName="Appostolic.Api.AuthTests.LoginTests.Login_InvalidCredentials_Returns401" computerName="MacBook-Pro-2" duration="00:00:00.1428885" startTime="2025-09-15T10:52:58.8957260-05:00" endTime="2025-09-15T10:52:58.8957260-05:00" testType="13cdc9d9-ddb5-4fa4-a97d-d965ccfc6d4b" outcome="Passed" testListId="8c84fa94-04c1-424b-9868-57a2d4851a1d" relativeResultsDirectory="93bb3f5e-9b63-4ac3-a504-dc8d527f492a" />
    <UnitTestResult executionId="e488a785-ccce-48ed-8e2e-c89759f94e7d" testId="90d1f61e-9ba1-ff1a-f0a6-e17acbda2dee" testName="Appostolic.Api.Tests.Security.RoleAuthorizationTests.CreatorPolicy_Allows_WhenMembershipHasCreator" computerName="MacBook-Pro-2" duration="00:00:00.0017122" startTime="2025-09-15T10:52:54.5036290-05:00" endTime="2025-09-15T10:52:54.5036290-05:00" testType="13cdc9d9-ddb5-4fa4-a97d-d965ccfc6d4b" outcome="Passed" testListId="8c84fa94-04c1-424b-9868-57a2d4851a1d" relativeResultsDirectory="e488a785-ccce-48ed-8e2e-c89759f94e7d" />
    <UnitTestResult executionId="d7e6a9e8-df50-4fc5-8939-04143f9aaad4" testId="efe354b5-5489-bbb2-88ee-c8f998cb6176" testName="Appostolic.Api.Tests.AgentTasks.AgentTasksListFilterPaginationTests.Agent_Filter_Returns_Only_Matching" computerName="MacBook-Pro-2" duration="00:00:00.0341101" startTime="2025-09-15T10:53:03.1333680-05:00" endTime="2025-09-15T10:53:03.1333680-05:00" testType="13cdc9d9-ddb5-4fa4-a97d-d965ccfc6d4b" outcome="Passed" testListId="8c84fa94-04c1-424b-9868-57a2d4851a1d" relativeResultsDirectory="d7e6a9e8-df50-4fc5-8939-04143f9aaad4" />
    <UnitTestResult executionId="05c21d79-136b-4c51-9b58-7d5170c255e3" testId="f242966d-9728-e09e-ef23-e439d6a28402" testName="Appostolic.Api.Tests.Api.MembersManagementTests.Cannot_demote_or_remove_last_owner" computerName="MacBook-Pro-2" duration="00:00:00.1517771" startTime="2025-09-15T10:53:02.3638120-05:00" endTime="2025-09-15T10:53:02.3638120-05:00" testType="13cdc9d9-ddb5-4fa4-a97d-d965ccfc6d4b" outcome="Passed" testListId="8c84fa94-04c1-424b-9868-57a2d4851a1d" relativeResultsDirectory="05c21d79-136b-4c51-9b58-7d5170c255e3" />
    <UnitTestResult executionId="049021f4-6547-433f-b183-6c5e7a13410a" testId="57eb4321-b137-5017-063e-e3e669ff6aa8" testName="Appostolic.Api.Tests.E2E.NotificationsE2E_Mailhog.VerificationEmail_reaches_Mailhog_and_outbox_marks_Sent" computerName="MacBook-Pro-2" duration="00:00:00.4061447" startTime="2025-09-15T10:53:01.4927670-05:00" endTime="2025-09-15T10:53:01.4927670-05:00" testType="13cdc9d9-ddb5-4fa4-a97d-d965ccfc6d4b" outcome="Passed" testListId="8c84fa94-04c1-424b-9868-57a2d4851a1d" relativeResultsDirectory="049021f4-6547-433f-b183-6c5e7a13410a" />
    <UnitTestResult executionId="7b2996f1-019f-4c1c-9b6b-e7dad680a08a" testId="8499e5e2-c09d-d64e-ab91-715c51a15d3b" testName="Appostolic.Api.Tests.ModelMappingTests.Agent_ToolAllowlist_has_column_type_jsonb" computerName="MacBook-Pro-2" duration="00:00:00.0002097" startTime="2025-09-15T10:53:06.7043120-05:00" endTime="2025-09-15T10:53:06.7043120-05:00" testType="13cdc9d9-ddb5-4fa4-a97d-d965ccfc6d4b" outcome="Passed" testListId="8c84fa94-04c1-424b-9868-57a2d4851a1d" relativeResultsDirectory="7b2996f1-019f-4c1c-9b6b-e7dad680a08a" />
    <UnitTestResult executionId="cec99d02-0bbe-4a01-9e45-0793d68fa427" testId="f0724dde-c441-a83f-2f8e-78db9d6adb66" testName="Appostolic.Api.Tests.AgentTasks.AgentTasksListFilterPaginationTests.Status_Filter_Is_CaseInsensitive" computerName="MacBook-Pro-2" duration="00:00:00.0095016" startTime="2025-09-15T10:53:03.0991070-05:00" endTime="2025-09-15T10:53:03.0991070-05:00" testType="13cdc9d9-ddb5-4fa4-a97d-d965ccfc6d4b" outcome="Passed" testListId="8c84fa94-04c1-424b-9868-57a2d4851a1d" relativeResultsDirectory="cec99d02-0bbe-4a01-9e45-0793d68fa427" />
    <UnitTestResult executionId="b441da98-904e-403b-8761-aa71935b6333" testId="b672c70e-eca2-f979-b482-5169b705a205" testName="Appostolic.Api.Tests.Api.AgentsEndpointsTests.Agents_CRUD_HappyPath" computerName="MacBook-Pro-2" duration="00:00:00.0577319" startTime="2025-09-15T10:52:54.7803110-05:00" endTime="2025-09-15T10:52:54.7803110-05:00" testType="13cdc9d9-ddb5-4fa4-a97d-d965ccfc6d4b" outcome="Passed" testListId="8c84fa94-04c1-424b-9868-57a2d4851a1d" relativeResultsDirectory="b441da98-904e-403b-8761-aa71935b6333" />
    <UnitTestResult executionId="e457f44c-0f9b-42f8-b8da-42f1f2245e9b" testId="f36e146c-5e84-0e67-2982-f20e16e0dd68" testName="Appostolic.Api.Tests.ModelMappingTests.Agent_check_constraints_are_configured_in_model" computerName="MacBook-Pro-2" duration="00:00:00.0347823" startTime="2025-09-15T10:53:06.7032840-05:00" endTime="2025-09-15T10:53:06.7032850-05:00" testType="13cdc9d9-ddb5-4fa4-a97d-d965ccfc6d4b" outcome="Passed" testListId="8c84fa94-04c1-424b-9868-57a2d4851a1d" relativeResultsDirectory="e457f44c-0f9b-42f8-b8da-42f1f2245e9b" />
    <UnitTestResult executionId="56237207-3c74-4ca4-82b6-c24ca19cd4e2" testId="cc013720-f8b7-b972-40e8-34c7328bfdae" testName="Appostolic.Api.Tests.Orchestrator.AgentOrchestratorTests.ToolNotAllowed_FailsAndTracesFailure" computerName="MacBook-Pro-2" duration="00:00:00.0014993" startTime="2025-09-15T10:52:58.7491430-05:00" endTime="2025-09-15T10:52:58.7491430-05:00" testType="13cdc9d9-ddb5-4fa4-a97d-d965ccfc6d4b" outcome="Passed" testListId="8c84fa94-04c1-424b-9868-57a2d4851a1d" relativeResultsDirectory="56237207-3c74-4ca4-82b6-c24ca19cd4e2" />
    <UnitTestResult executionId="f4085be0-bf85-4c00-bdc0-537316acd22c" testId="4f93dd2b-351a-bca6-2b8b-95fc20f20ddd" testName="Appostolic.Api.Tests.AgentTasks.AgentTasksListFilterPaginationTests.Paging_Returns_XTotalCount_And_DescOrdering" computerName="MacBook-Pro-2" duration="00:00:00.1263170" startTime="2025-09-15T10:53:03.2622210-05:00" endTime="2025-09-15T10:53:03.2622210-05:00" testType="13cdc9d9-ddb5-4fa4-a97d-d965ccfc6d4b" outcome="Passed" testListId="8c84fa94-04c1-424b-9868-57a2d4851a1d" relativeResultsDirectory="f4085be0-bf85-4c00-bdc0-537316acd22c" />
    <UnitTestResult executionId="8ae3e4cd-423c-4063-900d-1c32b9dd8098" testId="544ee02e-a795-79f3-8c38-56202dce3170" testName="Appostolic.Api.Tests.Api.MembersManagementTests.Remove_non_owner_member" computerName="MacBook-Pro-2" duration="00:00:00.0038685" startTime="2025-09-15T10:53:02.3784610-05:00" endTime="2025-09-15T10:53:02.3784610-05:00" testType="13cdc9d9-ddb5-4fa4-a97d-d965ccfc6d4b" outcome="Passed" testListId="8c84fa94-04c1-424b-9868-57a2d4851a1d" relativeResultsDirectory="8ae3e4cd-423c-4063-900d-1c32b9dd8098" />
    <UnitTestResult executionId="de89c417-9bc2-43e3-b4df-c9207832e7ce" testId="9c1c1d38-5e04-c1b2-1a0f-96d8d4d8348a" testName="Appostolic.Api.Tests.Api.AssignmentsApiTests.Set_roles_returns_404_when_membership_missing_and_400_for_invalid_flag" computerName="MacBook-Pro-2" duration="00:00:00.0079550" startTime="2025-09-15T10:52:56.6899420-05:00" endTime="2025-09-15T10:52:56.6899420-05:00" testType="13cdc9d9-ddb5-4fa4-a97d-d965ccfc6d4b" outcome="Passed" testListId="8c84fa94-04c1-424b-9868-57a2d4851a1d" relativeResultsDirectory="de89c417-9bc2-43e3-b4df-c9207832e7ce" />
    <UnitTestResult executionId="804230fc-2971-4092-92b3-acca1b5dffa0" testId="30aa5bc1-9211-739f-532d-176c6c3c3a30" testName="Appostolic.Api.Tests.Orchestrator.AgentOrchestratorTests.MaxStepsExceeded_FailsAfterCap" computerName="MacBook-Pro-2" duration="00:00:00.0016549" startTime="2025-09-15T10:52:58.7475670-05:00" endTime="2025-09-15T10:52:58.7475670-05:00" testType="13cdc9d9-ddb5-4fa4-a97d-d965ccfc6d4b" outcome="Passed" testListId="8c84fa94-04c1-424b-9868-57a2d4851a1d" relativeResultsDirectory="804230fc-2971-4092-92b3-acca1b5dffa0" />
    <UnitTestResult executionId="c26ebca1-f9e1-4a90-b854-5c963987e17f" testId="3494b3d5-98dd-209c-c4b4-d8d0bff712f0" testName="FsWriteToolTests.Writes_file_under_root_and_returns_sha" computerName="MacBook-Pro-2" duration="00:00:00.0048348" startTime="2025-09-15T10:53:03.3078270-05:00" endTime="2025-09-15T10:53:03.3078270-05:00" testType="13cdc9d9-ddb5-4fa4-a97d-d965ccfc6d4b" outcome="Passed" testListId="8c84fa94-04c1-424b-9868-57a2d4851a1d" relativeResultsDirectory="c26ebca1-f9e1-4a90-b854-5c963987e17f" />
    <UnitTestResult executionId="037c5adf-3441-4c7a-a6f2-0a1b48e3110e" testId="22ad276e-c73f-4ebf-8729-b5903439e2d9" testName="WebSearchToolTests.Query_intro_returns_expected" computerName="MacBook-Pro-2" duration="00:00:00.0016624" startTime="2025-09-15T10:53:02.7900410-05:00" endTime="2025-09-15T10:53:02.7900410-05:00" testType="13cdc9d9-ddb5-4fa4-a97d-d965ccfc6d4b" outcome="Passed" testListId="8c84fa94-04c1-424b-9868-57a2d4851a1d" relativeResultsDirectory="037c5adf-3441-4c7a-a6f2-0a1b48e3110e" />
    <UnitTestResult executionId="e27ed9be-7b8f-4a9c-b2f6-57af3ace2e5e" testId="68b95691-6ef6-716d-545d-ee6cf04d94e7" testName="Appostolic.Api.Tests.Api.NotificationsAdminEndpointsTests.Dlq_list_returns_failed_and_deadletter_with_paging" computerName="MacBook-Pro-2" duration="00:00:00.2213207" startTime="2025-09-15T10:53:06.3746740-05:00" endTime="2025-09-15T10:53:06.3746740-05:00" testType="13cdc9d9-ddb5-4fa4-a97d-d965ccfc6d4b" outcome="Passed" testListId="8c84fa94-04c1-424b-9868-57a2d4851a1d" relativeResultsDirectory="e27ed9be-7b8f-4a9c-b2f6-57af3ace2e5e" />
    <UnitTestResult executionId="876bfd90-759b-4fd4-9e58-0597e9778fec" testId="8f26075f-925c-4688-bf33-abe324c4e160" testName="Appostolic.Api.Tests.Api.ToolCatalogTests.Tools_Catalog_Lists_Registered_Tools_With_Categories" computerName="MacBook-Pro-2" duration="00:00:00.1434561" startTime="2025-09-15T10:53:03.4527710-05:00" endTime="2025-09-15T10:53:03.4527710-05:00" testType="13cdc9d9-ddb5-4fa4-a97d-d965ccfc6d4b" outcome="Passed" testListId="8c84fa94-04c1-424b-9868-57a2d4851a1d" relativeResultsDirectory="876bfd90-759b-4fd4-9e58-0597e9778fec" />
    <UnitTestResult executionId="a0a11205-d6a7-42ab-a6d0-772b4fe9c7c6" testId="c8cdac31-ad32-9a02-508c-02a988e5e017" testName="DbQueryToolTests.Reject_non_select" computerName="MacBook-Pro-2" duration="00:00:00.0003878" startTime="2025-09-15T10:53:01.9065940-05:00" endTime="2025-09-15T10:53:01.9065940-05:00" testType="13cdc9d9-ddb5-4fa4-a97d-d965ccfc6d4b" outcome="Passed" testListId="8c84fa94-04c1-424b-9868-57a2d4851a1d" relativeResultsDirectory="a0a11205-d6a7-42ab-a6d0-772b4fe9c7c6" />
    <UnitTestResult executionId="ceb13b4c-eae2-4953-b494-aabfb3c39966" testId="2a9f6824-8a17-a193-b18b-3e78fa1bbbd5" testName="Appostolic.Api.Tests.Orchestrator.AgentOrchestratorTests.Cancellation_StopsMidRun" computerName="MacBook-Pro-2" duration="00:00:00.0030862" startTime="2025-09-15T10:52:58.7458240-05:00" endTime="2025-09-15T10:52:58.7458240-05:00" testType="13cdc9d9-ddb5-4fa4-a97d-d965ccfc6d4b" outcome="Passed" testListId="8c84fa94-04c1-424b-9868-57a2d4851a1d" relativeResultsDirectory="ceb13b4c-eae2-4953-b494-aabfb3c39966" />
    <UnitTestResult executionId="5cc58c44-3d24-4428-b59e-b666ef012bc1" testId="02f4c01b-4d57-cea6-940b-91f660d6b3a5" testName="Appostolic.Api.Tests.SendGridEmailSenderTests.Sends_on_202_Accepted" computerName="MacBook-Pro-2" duration="00:00:00.0002807" startTime="2025-09-15T10:53:01.4961020-05:00" endTime="2025-09-15T10:53:01.4961020-05:00" testType="13cdc9d9-ddb5-4fa4-a97d-d965ccfc6d4b" outcome="Passed" testListId="8c84fa94-04c1-424b-9868-57a2d4851a1d" relativeResultsDirectory="5cc58c44-3d24-4428-b59e-b666ef012bc1" />
    <UnitTestResult executionId="7ac39165-e77e-4a62-bf73-47f2a3ab6db1" testId="cb3a79b8-8a20-d72b-fe66-3be39a479486" testName="Appostolic.Api.Tests.AgentOrchestratorTests.Cancellation_StopsMidRun" computerName="MacBook-Pro-2" duration="00:00:00.0164064" startTime="2025-09-15T10:52:54.4880540-05:00" endTime="2025-09-15T10:52:54.4880540-05:00" testType="13cdc9d9-ddb5-4fa4-a97d-d965ccfc6d4b" outcome="Passed" testListId="8c84fa94-04c1-424b-9868-57a2d4851a1d" relativeResultsDirectory="7ac39165-e77e-4a62-bf73-47f2a3ab6db1" />
    <UnitTestResult executionId="8b683462-71eb-4a03-a87e-4abfeb5d92a1" testId="0d699ea2-79e9-9f01-d2d5-fca82a358bb0" testName="Appostolic.Api.Tests.Api.NotificationsAdminEndpointsTests.List_and_retry_notifications_work" computerName="MacBook-Pro-2" duration="00:00:00.1524461" startTime="2025-09-15T10:53:03.9097160-05:00" endTime="2025-09-15T10:53:03.9097160-05:00" testType="13cdc9d9-ddb5-4fa4-a97d-d965ccfc6d4b" outcome="Passed" testListId="8c84fa94-04c1-424b-9868-57a2d4851a1d" relativeResultsDirectory="8b683462-71eb-4a03-a87e-4abfeb5d92a1" />
    <UnitTestResult executionId="029673e0-20c1-4b04-9599-658fa0e4264c" testId="1cfc69b2-92d0-7e18-c868-129765966147" testName="Appostolic.Api.Tests.Auth.SignupTests.Signup_SelfServe_CreatesUserAndPersonalTenant" computerName="MacBook-Pro-2" duration="00:00:00.4455577" startTime="2025-09-15T10:52:55.7722680-05:00" endTime="2025-09-15T10:52:55.7722680-05:00" testType="13cdc9d9-ddb5-4fa4-a97d-d965ccfc6d4b" outcome="Passed" testListId="8c84fa94-04c1-424b-9868-57a2d4851a1d" relativeResultsDirectory="029673e0-20c1-4b04-9599-658fa0e4264c" />
    <UnitTestResult executionId="fb24b749-85bb-4517-b114-f11595956c1d" testId="6a6d73d7-7d30-455c-71a4-79ea460d8c8c" testName="Appostolic.Api.Tests.Notifications.RedisTransportPrivacyTests.EnqueueFailure_LogsErrorWithoutPayloadContents" computerName="MacBook-Pro-2" duration="00:00:00.0867633" startTime="2025-09-15T10:52:58.5426700-05:00" endTime="2025-09-15T10:52:58.5426700-05:00" testType="13cdc9d9-ddb5-4fa4-a97d-d965ccfc6d4b" outcome="Passed" testListId="8c84fa94-04c1-424b-9868-57a2d4851a1d" relativeResultsDirectory="fb24b749-85bb-4517-b114-f11595956c1d" />
    <UnitTestResult executionId="c26895e0-2674-447d-86a2-97264078bdee" testId="81f70a90-5f17-3107-1751-37f6a5b41791" testName="Appostolic.Api.Tests.Api.InvitesAcceptTests.Accept_With_Invalid_Token_Fails" computerName="MacBook-Pro-2" duration="00:00:00.0036888" startTime="2025-09-15T10:52:59.9120640-05:00" endTime="2025-09-15T10:52:59.9120640-05:00" testType="13cdc9d9-ddb5-4fa4-a97d-d965ccfc6d4b" outcome="Passed" testListId="8c84fa94-04c1-424b-9868-57a2d4851a1d" relativeResultsDirectory="c26895e0-2674-447d-86a2-97264078bdee" />
    <UnitTestResult executionId="0998fd90-8862-42cd-a04b-3514d8268ea2" testId="fc6317ac-4f9e-d443-bb9c-db2ea41d1b6d" testName="Appostolic.Api.Tests.Api.AssignmentsApiTests.Non_admin_cannot_set_roles" computerName="MacBook-Pro-2" duration="00:00:00.0028023" startTime="2025-09-15T10:52:58.4462680-05:00" endTime="2025-09-15T10:52:58.4462680-05:00" testType="13cdc9d9-ddb5-4fa4-a97d-d965ccfc6d4b" outcome="Passed" testListId="8c84fa94-04c1-424b-9868-57a2d4851a1d" relativeResultsDirectory="0998fd90-8862-42cd-a04b-3514d8268ea2" />
    <UnitTestResult executionId="d4d9275f-c5f4-4f4d-992e-51fad331a0fe" testId="e507a4d5-4aa9-7d32-05a9-ecfa3f03323d" testName="Appostolic.Api.Tests.Security.AgentTasksAuthContractTests.ListEndpoint_RequiresDevHeaders" computerName="MacBook-Pro-2" duration="00:00:00.2006862" startTime="2025-09-15T10:53:02.7807280-05:00" endTime="2025-09-15T10:53:02.7807280-05:00" testType="13cdc9d9-ddb5-4fa4-a97d-d965ccfc6d4b" outcome="Passed" testListId="8c84fa94-04c1-424b-9868-57a2d4851a1d" relativeResultsDirectory="d4d9275f-c5f4-4f4d-992e-51fad331a0fe" />
    <UnitTestResult executionId="e3e5f31e-c7af-4279-9d37-b0ff9f28b6c1" testId="784ad7dc-5a89-a731-4a54-d985f0ba330c" testName="Appostolic.Api.Tests.Notifications.AutoResendScannerTests.Respects_throttle_window" computerName="MacBook-Pro-2" duration="00:00:00.0015824" startTime="2025-09-15T10:52:59.2548830-05:00" endTime="2025-09-15T10:52:59.2548830-05:00" testType="13cdc9d9-ddb5-4fa4-a97d-d965ccfc6d4b" outcome="Passed" testListId="8c84fa94-04c1-424b-9868-57a2d4851a1d" relativeResultsDirectory="e3e5f31e-c7af-4279-9d37-b0ff9f28b6c1" />
    <UnitTestResult executionId="4f8652d3-22bb-4d69-a5b3-3b188c1fb0bf" testId="d9d051a9-d261-1011-dbde-e42b30d539a9" testName="Appostolic.Api.Tests.Orchestrator.AgentOrchestratorTests.ToolMissing_FailsWithToolNotFound" computerName="MacBook-Pro-2" duration="00:00:00.0011572" startTime="2025-09-15T10:52:58.7503420-05:00" endTime="2025-09-15T10:52:58.7503420-05:00" testType="13cdc9d9-ddb5-4fa4-a97d-d965ccfc6d4b" outcome="Passed" testListId="8c84fa94-04c1-424b-9868-57a2d4851a1d" relativeResultsDirectory="4f8652d3-22bb-4d69-a5b3-3b188c1fb0bf" />
    <UnitTestResult executionId="f4f689a9-18b1-43fb-acb1-9fbf9a7f0af1" testId="79403e37-7823-d8d7-7290-f467456876fa" testName="Appostolic.Api.Tests.Model.TokenEstimatorTests.EstimateTokens_Heuristic_CeilPer4Chars(text: &quot;a&quot;, expected: 1)" computerName="MacBook-Pro-2" duration="00:00:00.0000014" startTime="2025-09-15T10:52:58.4561590-05:00" endTime="2025-09-15T10:52:58.4561590-05:00" testType="13cdc9d9-ddb5-4fa4-a97d-d965ccfc6d4b" outcome="Passed" testListId="8c84fa94-04c1-424b-9868-57a2d4851a1d" relativeResultsDirectory="f4f689a9-18b1-43fb-acb1-9fbf9a7f0af1" />
    <UnitTestResult executionId="0f9cdead-fee0-4b14-9c45-452efe15ed94" testId="ee7b51d2-d8a7-715d-70ab-159c7293568a" testName="Appostolic.Api.Tests.Api.NotificationsProdEndpointsTests.Tenant_owner_can_resend_within_tenant_and_is_forbidden_cross_tenant" computerName="MacBook-Pro-2" duration="00:00:00.1581065" startTime="2025-09-15T10:53:00.2201800-05:00" endTime="2025-09-15T10:53:00.2201800-05:00" testType="13cdc9d9-ddb5-4fa4-a97d-d965ccfc6d4b" outcome="Passed" testListId="8c84fa94-04c1-424b-9868-57a2d4851a1d" relativeResultsDirectory="0f9cdead-fee0-4b14-9c45-452efe15ed94" />
    <UnitTestResult executionId="ea6b2cf1-5e89-4d24-8e8d-baf2916a5e72" testId="691bf80d-9ec7-7de8-ad81-702e4cdb8bfd" testName="WebSearchToolTests.Take_limits_results" computerName="MacBook-Pro-2" duration="00:00:00.0010141" startTime="2025-09-15T10:53:02.7879180-05:00" endTime="2025-09-15T10:53:02.7879180-05:00" testType="13cdc9d9-ddb5-4fa4-a97d-d965ccfc6d4b" outcome="Passed" testListId="8c84fa94-04c1-424b-9868-57a2d4851a1d" relativeResultsDirectory="ea6b2cf1-5e89-4d24-8e8d-baf2916a5e72" />
    <UnitTestResult executionId="28efae9a-9e73-42e7-9e7b-36d253b564f3" testId="df92ad96-32d4-9c44-0398-97a52600538f" testName="Appostolic.Api.Tests.Model.TokenEstimatorTests.EstimateTokens_Heuristic_CeilPer4Chars(text: &quot;abcdefghi&quot;, expected: 3)" computerName="MacBook-Pro-2" duration="00:00:00.0000041" startTime="2025-09-15T10:52:58.4560940-05:00" endTime="2025-09-15T10:52:58.4560940-05:00" testType="13cdc9d9-ddb5-4fa4-a97d-d965ccfc6d4b" outcome="Passed" testListId="8c84fa94-04c1-424b-9868-57a2d4851a1d" relativeResultsDirectory="28efae9a-9e73-42e7-9e7b-36d253b564f3" />
    <UnitTestResult executionId="0a5679f7-f049-4b6b-91dd-b0c43b157e45" testId="8e56ee2d-296c-f180-2ad1-a3abd5b19292" testName="Appostolic.Api.Tests.AgentOrchestratorTests.ToolMissing_FailsWithToolNotFound" computerName="MacBook-Pro-2" duration="00:00:00.0011132" startTime="2025-09-15T10:52:54.4806490-05:00" endTime="2025-09-15T10:52:54.4806490-05:00" testType="13cdc9d9-ddb5-4fa4-a97d-d965ccfc6d4b" outcome="Passed" testListId="8c84fa94-04c1-424b-9868-57a2d4851a1d" relativeResultsDirectory="0a5679f7-f049-4b6b-91dd-b0c43b157e45" />
    <UnitTestResult executionId="93264663-bce4-4086-8e1e-8b99750de935" testId="6305e689-cee9-6a31-93d8-755b6c5fc935" testName="Appostolic.Api.Tests.Notifications.FieldEncryptionTests.Encrypts_And_Decrypts_On_Lease" computerName="MacBook-Pro-2" duration="00:00:00.0079049" startTime="2025-09-15T10:53:01.9146070-05:00" endTime="2025-09-15T10:53:01.9146070-05:00" testType="13cdc9d9-ddb5-4fa4-a97d-d965ccfc6d4b" outcome="Passed" testListId="8c84fa94-04c1-424b-9868-57a2d4851a1d" relativeResultsDirectory="93264663-bce4-4086-8e1e-8b99750de935" />
  </Results>
  <TestDefinitions>
    <UnitTest name="Appostolic.Api.Tests.Api.InvitesEndpointsTests.Invites_Full_Lifecycle_Create_Resend_Accept_Revoke" storage="/users/kevinmccreary/appostolic/apps/api.tests/bin/debug/net8.0/appostolic.api.tests.dll" id="d5afdedc-771c-29a3-fa0a-9ebd023dd2c6">
      <Execution id="fd7b85ed-233d-4a2d-8099-6da1dab7c837" />
      <TestMethod codeBase="/Users/kevinmccreary/appostolic/apps/api.tests/bin/Debug/net8.0/Appostolic.Api.Tests.dll" adapterTypeName="executor://xunit/VsTestRunner2/netcoreapp" className="Appostolic.Api.Tests.Api.InvitesEndpointsTests" name="Invites_Full_Lifecycle_Create_Resend_Accept_Revoke" />
    </UnitTest>
    <UnitTest name="Appostolic.Api.Tests.Notifications.NotificationEnqueuerMagicLinkTests.QueueMagicLink_HashesToken_And_Publishes" storage="/users/kevinmccreary/appostolic/apps/api.tests/bin/debug/net8.0/appostolic.api.tests.dll" id="bc29c184-0770-c9df-63be-2a52d76ad503">
      <Execution id="6f4b6dd3-5c2a-405e-bd14-e7e4be5bed99" />
      <TestMethod codeBase="/Users/kevinmccreary/appostolic/apps/api.tests/bin/Debug/net8.0/Appostolic.Api.Tests.dll" adapterTypeName="executor://xunit/VsTestRunner2/netcoreapp" className="Appostolic.Api.Tests.Notifications.NotificationEnqueuerMagicLinkTests" name="QueueMagicLink_HashesToken_And_Publishes" />
    </UnitTest>
    <UnitTest name="Appostolic.Api.Tests.Notifications.FieldEncryptionTests.Encrypts_And_Decrypts_On_Lease" storage="/users/kevinmccreary/appostolic/apps/api.tests/bin/debug/net8.0/appostolic.api.tests.dll" id="6305e689-cee9-6a31-93d8-755b6c5fc935">
      <Execution id="93264663-bce4-4086-8e1e-8b99750de935" />
      <TestMethod codeBase="/Users/kevinmccreary/appostolic/apps/api.tests/bin/Debug/net8.0/Appostolic.Api.Tests.dll" adapterTypeName="executor://xunit/VsTestRunner2/netcoreapp" className="Appostolic.Api.Tests.Notifications.FieldEncryptionTests" name="Encrypts_And_Decrypts_On_Lease" />
    </UnitTest>
    <UnitTest name="Appostolic.Api.Tests.Api.NotificationsAdminEndpointsTests.Dlq_replay_requeues_and_publishes_ids" storage="/users/kevinmccreary/appostolic/apps/api.tests/bin/debug/net8.0/appostolic.api.tests.dll" id="2e294ae5-fc9b-2692-1d65-f4ebb89ab5ef">
      <Execution id="b465cbc1-c1ad-420f-95f5-c0fccb9767ca" />
      <TestMethod codeBase="/Users/kevinmccreary/appostolic/apps/api.tests/bin/Debug/net8.0/Appostolic.Api.Tests.dll" adapterTypeName="executor://xunit/VsTestRunner2/netcoreapp" className="Appostolic.Api.Tests.Api.NotificationsAdminEndpointsTests" name="Dlq_replay_requeues_and_publishes_ids" />
    </UnitTest>
    <UnitTest name="Appostolic.Api.Tests.SmokeTests.Health_ReturnsOk" storage="/users/kevinmccreary/appostolic/apps/api.tests/bin/debug/net8.0/appostolic.api.tests.dll" id="fc170f06-7a65-44e3-9780-d428f13f33ad">
      <Execution id="7886c14f-6b1d-4327-85f3-ba605875aaf9" />
      <TestMethod codeBase="/Users/kevinmccreary/appostolic/apps/api.tests/bin/Debug/net8.0/Appostolic.Api.Tests.dll" adapterTypeName="executor://xunit/VsTestRunner2/netcoreapp" className="Appostolic.Api.Tests.SmokeTests" name="Health_ReturnsOk" />
    </UnitTest>
    <UnitTest name="Appostolic.Api.Tests.AgentConstraintTests.Agent_Temperature_out_of_range_throws_in_domain_constructor" storage="/users/kevinmccreary/appostolic/apps/api.tests/bin/debug/net8.0/appostolic.api.tests.dll" id="71d5d180-2d36-ecb9-e4eb-71ca09e46ec4">
      <Execution id="75794617-f865-46b3-a480-1152d2c1d5d8" />
      <TestMethod codeBase="/Users/kevinmccreary/appostolic/apps/api.tests/bin/Debug/net8.0/Appostolic.Api.Tests.dll" adapterTypeName="executor://xunit/VsTestRunner2/netcoreapp" className="Appostolic.Api.Tests.AgentConstraintTests" name="Agent_Temperature_out_of_range_throws_in_domain_constructor" />
    </UnitTest>
    <UnitTest name="Appostolic.Api.Tests.NotificationEnqueuerTests.QueueInvite_uses_relative_when_base_missing" storage="/users/kevinmccreary/appostolic/apps/api.tests/bin/debug/net8.0/appostolic.api.tests.dll" id="5818c4b0-5040-ff57-2a21-3715c31b378e">
      <Execution id="155b17cc-39d9-49a2-b641-55c154cc9ca0" />
      <TestMethod codeBase="/Users/kevinmccreary/appostolic/apps/api.tests/bin/Debug/net8.0/Appostolic.Api.Tests.dll" adapterTypeName="executor://xunit/VsTestRunner2/netcoreapp" className="Appostolic.Api.Tests.NotificationEnqueuerTests" name="QueueInvite_uses_relative_when_base_missing" />
    </UnitTest>
    <UnitTest name="Appostolic.Api.Tests.Orchestrator.TokenAggregationTests.CostIsNull_WhenPricingDisabled" storage="/users/kevinmccreary/appostolic/apps/api.tests/bin/debug/net8.0/appostolic.api.tests.dll" id="3b3a68c1-1138-770e-4b05-0d7fb6b68738">
      <Execution id="27806e6c-b69e-4ae1-b620-6d007d747a8f" />
      <TestMethod codeBase="/Users/kevinmccreary/appostolic/apps/api.tests/bin/Debug/net8.0/Appostolic.Api.Tests.dll" adapterTypeName="executor://xunit/VsTestRunner2/netcoreapp" className="Appostolic.Api.Tests.Orchestrator.TokenAggregationTests" name="CostIsNull_WhenPricingDisabled" />
    </UnitTest>
    <UnitTest name="Appostolic.Api.Tests.Notifications.NotificationsPiiScrubTests.Scrubs_before_delete_windows_and_deletes_at_cutoff" storage="/users/kevinmccreary/appostolic/apps/api.tests/bin/debug/net8.0/appostolic.api.tests.dll" id="eb812c29-73b3-e923-42de-8821a188e94a">
      <Execution id="bc46b3f1-094a-48c6-9d40-9444ef2aee5a" />
      <TestMethod codeBase="/Users/kevinmccreary/appostolic/apps/api.tests/bin/Debug/net8.0/Appostolic.Api.Tests.dll" adapterTypeName="executor://xunit/VsTestRunner2/netcoreapp" className="Appostolic.Api.Tests.Notifications.NotificationsPiiScrubTests" name="Scrubs_before_delete_windows_and_deletes_at_cutoff" />
    </UnitTest>
    <UnitTest name="Appostolic.Api.Tests.Api.MembersManagementTests.Owner_can_promote_editor_to_admin" storage="/users/kevinmccreary/appostolic/apps/api.tests/bin/debug/net8.0/appostolic.api.tests.dll" id="80cb1a83-dede-f3ba-117a-352364082463">
      <Execution id="14348d83-6fe0-4b9f-9fcb-f009128dd02f" />
      <TestMethod codeBase="/Users/kevinmccreary/appostolic/apps/api.tests/bin/Debug/net8.0/Appostolic.Api.Tests.dll" adapterTypeName="executor://xunit/VsTestRunner2/netcoreapp" className="Appostolic.Api.Tests.Api.MembersManagementTests" name="Owner_can_promote_editor_to_admin" />
    </UnitTest>
    <UnitTest name="Appostolic.Api.Tests.E2E.NotificationsE2E_Mailhog.VerificationEmail_reaches_Mailhog_and_outbox_marks_Sent" storage="/users/kevinmccreary/appostolic/apps/api.tests/bin/debug/net8.0/appostolic.api.tests.dll" id="57eb4321-b137-5017-063e-e3e669ff6aa8">
      <Execution id="049021f4-6547-433f-b183-6c5e7a13410a" />
      <TestMethod codeBase="/Users/kevinmccreary/appostolic/apps/api.tests/bin/Debug/net8.0/Appostolic.Api.Tests.dll" adapterTypeName="executor://xunit/VsTestRunner2/netcoreapp" className="Appostolic.Api.Tests.E2E.NotificationsE2E_Mailhog" name="VerificationEmail_reaches_Mailhog_and_outbox_marks_Sent" />
    </UnitTest>
    <UnitTest name="Appostolic.Api.Tests.EmailProviderSelectionTests.Resolves_SendGrid_sender_when_provider_sendgrid" storage="/users/kevinmccreary/appostolic/apps/api.tests/bin/debug/net8.0/appostolic.api.tests.dll" id="4f12e680-b238-5f1e-d786-32a29acea93b">
      <Execution id="31f42a6d-f77d-4df6-9c2c-6d152201a1f0" />
      <TestMethod codeBase="/Users/kevinmccreary/appostolic/apps/api.tests/bin/Debug/net8.0/Appostolic.Api.Tests.dll" adapterTypeName="executor://xunit/VsTestRunner2/netcoreapp" className="Appostolic.Api.Tests.EmailProviderSelectionTests" name="Resolves_SendGrid_sender_when_provider_sendgrid" />
    </UnitTest>
    <UnitTest name="Appostolic.Api.Tests.Api.NotificationsAdminEndpointsTests.Dlq_list_returns_failed_and_deadletter_with_paging" storage="/users/kevinmccreary/appostolic/apps/api.tests/bin/debug/net8.0/appostolic.api.tests.dll" id="68b95691-6ef6-716d-545d-ee6cf04d94e7">
      <Execution id="e27ed9be-7b8f-4a9c-b2f6-57af3ace2e5e" />
[...]
    <TestEntry testId="3b3a68c1-1138-770e-4b05-0d7fb6b68738" executionId="27806e6c-b69e-4ae1-b620-6d007d747a8f" testListId="8c84fa94-04c1-424b-9868-57a2d4851a1d" />
    <TestEntry testId="c0347afe-0c6b-b0a7-12e1-3aa76a4722fc" executionId="ce328533-49b4-464e-9cba-f23b2c8106c4" testListId="8c84fa94-04c1-424b-9868-57a2d4851a1d" />
    <TestEntry testId="2c0e3ce9-5829-44ef-fbae-e96e2c0f5de9" executionId="e33f480e-366e-41bd-a2f4-3f26ca03ca19" testListId="8c84fa94-04c1-424b-9868-57a2d4851a1d" />
    <TestEntry testId="7c805908-7267-f4aa-63a0-03f3e0715abc" executionId="5c5947fb-1b81-4f88-ae4c-a397de6690a8" testListId="8c84fa94-04c1-424b-9868-57a2d4851a1d" />
    <TestEntry testId="f3139bd5-165e-b0d0-2da0-a0210810049e" executionId="ed614aa7-20c2-448b-a89e-7cabaabb631e" testListId="8c84fa94-04c1-424b-9868-57a2d4851a1d" />
    <TestEntry testId="21127838-ea89-b283-653a-0b46d8acc590" executionId="ba7763b5-2021-4652-9931-ecdb33f3663b" testListId="8c84fa94-04c1-424b-9868-57a2d4851a1d" />
    <TestEntry testId="1c8df7f1-aa05-88d6-f922-5ecb50d1b5d9" executionId="b1356c95-4621-4bfa-a3bb-c1bea9e6151c" testListId="8c84fa94-04c1-424b-9868-57a2d4851a1d" />
    <TestEntry testId="43ab37ac-8f01-34cd-35d3-1bda726822d7" executionId="f1ecd3e0-9d2d-4a48-9aeb-98a922420cf9" testListId="8c84fa94-04c1-424b-9868-57a2d4851a1d" />
    <TestEntry testId="214b8407-591b-5f7a-aa16-7961a8df13e5" executionId="4d06bb37-d445-4eb3-bee4-8b799f0b85ff" testListId="8c84fa94-04c1-424b-9868-57a2d4851a1d" />
    <TestEntry testId="d5afdedc-771c-29a3-fa0a-9ebd023dd2c6" executionId="fd7b85ed-233d-4a2d-8099-6da1dab7c837" testListId="8c84fa94-04c1-424b-9868-57a2d4851a1d" />
    <TestEntry testId="c2441ddc-565a-93d7-0c28-f73ca97b9486" executionId="759602f3-14ba-41ac-873f-c6506d4bc52a" testListId="8c84fa94-04c1-424b-9868-57a2d4851a1d" />
    <TestEntry testId="431e4b70-7576-ccc6-3cf3-9bbf13c26e5b" executionId="58bacfc5-36a1-4326-90ae-3e538b41bf2a" testListId="8c84fa94-04c1-424b-9868-57a2d4851a1d" />
    <TestEntry testId="e1e10047-9c95-2461-ef88-42d3da0fbb82" executionId="b6767f0b-f09a-4cdb-b8ad-994f67711b26" testListId="8c84fa94-04c1-424b-9868-57a2d4851a1d" />
    <TestEntry testId="a00d92b0-35aa-1e7c-b5ff-79738a042c12" executionId="a44434b5-5ca3-4463-a4a0-3dd1dbe1e18b" testListId="8c84fa94-04c1-424b-9868-57a2d4851a1d" />
    <TestEntry testId="7e0d251c-aca1-3165-2651-f2996ab661b8" executionId="188c2691-65f5-4959-b835-4f3ea6428c84" testListId="8c84fa94-04c1-424b-9868-57a2d4851a1d" />
    <TestEntry testId="d8682838-1d38-dd8e-6c89-ae1bda81fecb" executionId="906ed060-3918-4ef8-9a0f-59269032e9db" testListId="8c84fa94-04c1-424b-9868-57a2d4851a1d" />
    <TestEntry testId="fc170f06-7a65-44e3-9780-d428f13f33ad" executionId="7886c14f-6b1d-4327-85f3-ba605875aaf9" testListId="8c84fa94-04c1-424b-9868-57a2d4851a1d" />
    <TestEntry testId="eba2e046-3c6c-f48b-f85f-b23828d8319b" executionId="2d0f5cb0-ea22-42ff-bce8-867988138449" testListId="8c84fa94-04c1-424b-9868-57a2d4851a1d" />
    <TestEntry testId="fdf88970-87c6-f740-810f-e878127ff782" executionId="89b56a25-66fe-4d80-9cdb-e19c8dbc02e0" testListId="8c84fa94-04c1-424b-9868-57a2d4851a1d" />
    <TestEntry testId="61b122ca-f3a1-21e8-0492-e3c660390b05" executionId="143cd221-919e-46ed-b535-d7eaaee05029" testListId="8c84fa94-04c1-424b-9868-57a2d4851a1d" />
    <TestEntry testId="051a87a0-4947-acab-5222-3cc970dba0ba" executionId="49e149e1-9c8c-48c5-bcda-19973e4a3502" testListId="8c84fa94-04c1-424b-9868-57a2d4851a1d" />
    <TestEntry testId="90c7a127-2be9-b6e7-ec52-19cb51de49c0" executionId="4feef111-0c35-4def-bb71-a6d6e3947d8d" testListId="8c84fa94-04c1-424b-9868-57a2d4851a1d" />
    <TestEntry testId="e74b4a4d-4fe0-004f-1c01-e9508924afd9" executionId="62af5b6e-71a9-40b2-8a5f-0099c058a53f" testListId="8c84fa94-04c1-424b-9868-57a2d4851a1d" />
    <TestEntry testId="6447b752-ca58-5092-2c5d-d1f5fe58b5dc" executionId="07aa9754-2307-4c60-9eaf-1f2f1a275fcc" testListId="8c84fa94-04c1-424b-9868-57a2d4851a1d" />
    <TestEntry testId="c64a9991-8173-cdf8-9198-d5935257f1a8" executionId="ab818acf-c4c5-4b87-a7d2-89839a863397" testListId="8c84fa94-04c1-424b-9868-57a2d4851a1d" />
    <TestEntry testId="39114ef2-4a94-0d20-df91-881c10164c3c" executionId="834814ac-5f2c-4ca8-81f1-e4ba03575a77" testListId="8c84fa94-04c1-424b-9868-57a2d4851a1d" />
    <TestEntry testId="87a5b8a9-e5bd-8c6e-5a6c-5815a0bd8c39" executionId="63bce17c-b140-47d8-8cbb-f75f57b82e0e" testListId="8c84fa94-04c1-424b-9868-57a2d4851a1d" />
    <TestEntry testId="33c114dd-901b-348b-cb07-4ff32816218d" executionId="ba72b013-febf-4f0b-bd04-d353d9922527" testListId="8c84fa94-04c1-424b-9868-57a2d4851a1d" />
    <TestEntry testId="94524c04-7158-8472-e876-43b26f76e4f4" executionId="c933ce64-8004-4d12-8401-211ab890eee9" testListId="8c84fa94-04c1-424b-9868-57a2d4851a1d" />
    <TestEntry testId="c17747a3-eb4e-63bf-0bc9-279a4928ed40" executionId="737dbb64-74e7-47b4-94df-96a35a440ddf" testListId="8c84fa94-04c1-424b-9868-57a2d4851a1d" />
    <TestEntry testId="caeaccb8-00ea-302b-441d-17caf5fd9b5d" executionId="0c325471-6700-4682-839c-cda93577afef" testListId="8c84fa94-04c1-424b-9868-57a2d4851a1d" />
    <TestEntry testId="4ee5f350-b89d-edd8-c84d-cd5d40909f15" executionId="ec72ae17-18bf-4089-a734-2e0e92648508" testListId="8c84fa94-04c1-424b-9868-57a2d4851a1d" />
    <TestEntry testId="04a8bdbc-fefc-28fe-9d41-eb27166daebb" executionId="1e95437c-cde9-4e84-9dbe-0f8f342fb238" testListId="8c84fa94-04c1-424b-9868-57a2d4851a1d" />
    <TestEntry testId="1aa96e1c-162f-87b8-360d-29c19b3b2c73" executionId="0cd2b23a-67ec-45c0-ae97-276143159f85" testListId="8c84fa94-04c1-424b-9868-57a2d4851a1d" />
    <TestEntry testId="6e2b7510-d3ae-c174-2b57-710f63c82ad0" executionId="4c4d0ff1-e1d6-46b9-a85c-fed6cf62fecc" testListId="8c84fa94-04c1-424b-9868-57a2d4851a1d" />
    <TestEntry testId="c561c2f6-8efd-4095-cbad-20238816bd9c" executionId="18733505-d563-4846-a55a-76538e9b8d52" testListId="8c84fa94-04c1-424b-9868-57a2d4851a1d" />
    <TestEntry testId="40e767b4-314a-d8ef-34b1-5c49d7ef55c4" executionId="61214a63-5456-4047-887c-6e69c435ab59" testListId="8c84fa94-04c1-424b-9868-57a2d4851a1d" />
    <TestEntry testId="4f12e680-b238-5f1e-d786-32a29acea93b" executionId="31f42a6d-f77d-4df6-9c2c-6d152201a1f0" testListId="8c84fa94-04c1-424b-9868-57a2d4851a1d" />
    <TestEntry testId="37b7f024-73bb-98ae-d17f-d1c0ce9f17e8" executionId="1115e49d-2dc3-43bc-a65e-b20424816429" testListId="8c84fa94-04c1-424b-9868-57a2d4851a1d" />
    <TestEntry testId="7bfc22d7-9c12-bb6d-b1ad-6ad8a8f51b4d" executionId="6124d38d-1226-4aac-ad9b-2852a537db3d" testListId="8c84fa94-04c1-424b-9868-57a2d4851a1d" />
    <TestEntry testId="d079b60f-9bd9-c7a1-855f-178e519346dc" executionId="302a26d8-88b9-4343-955d-a85fc6655f84" testListId="8c84fa94-04c1-424b-9868-57a2d4851a1d" />
    <TestEntry testId="cb90a4b6-5413-6334-a88c-d9e37624202c" executionId="dcae8017-1716-4a82-a279-6582b17b4345" testListId="8c84fa94-04c1-424b-9868-57a2d4851a1d" />
    <TestEntry testId="da0da417-eb80-7ca8-c2a7-2b93c4d78528" executionId="10379333-2606-4dd4-a9e6-4805ed162a5c" testListId="8c84fa94-04c1-424b-9868-57a2d4851a1d" />
    <TestEntry testId="54bfc83b-71cd-70be-2e17-0d354a18b25a" executionId="6e581f7b-df0e-45f1-95e6-bd41b2fa8eaa" testListId="8c84fa94-04c1-424b-9868-57a2d4851a1d" />
    <TestEntry testId="eeaccddf-52e1-1db7-6606-fc19c2721862" executionId="89216657-3cd5-4e61-b0a3-3cfbc0ccfbbd" testListId="8c84fa94-04c1-424b-9868-57a2d4851a1d" />
    <TestEntry testId="e4ef9dda-68e5-63b6-ccb6-0b8c602aab58" executionId="1638fd02-3e78-47da-bbf0-dce9f2480618" testListId="8c84fa94-04c1-424b-9868-57a2d4851a1d" />
    <TestEntry testId="ad304976-430a-8b69-e0d9-931ece855b31" executionId="a67b2068-1d87-4aae-b185-ccb08599ba78" testListId="8c84fa94-04c1-424b-9868-57a2d4851a1d" />
    <TestEntry testId="8f2edffb-b43d-5750-46cc-f6c9051abba5" executionId="5e5aacfc-6a68-4d6c-b97d-cb9ff3a53840" testListId="8c84fa94-04c1-424b-9868-57a2d4851a1d" />
    <TestEntry testId="11acc57e-e7b4-9c88-543d-dd88434937c6" executionId="6af685e1-38ff-4310-88d1-7ac8c7a3ad9f" testListId="8c84fa94-04c1-424b-9868-57a2d4851a1d" />
    <TestEntry testId="6ac2577f-abec-ce9e-a92b-34035bd744e0" executionId="cb5f0ed3-ebdd-4fcd-8aeb-2d7631bdb5b5" testListId="8c84fa94-04c1-424b-9868-57a2d4851a1d" />
    <TestEntry testId="03cb9965-4934-50d0-65d4-2c790e264e80" executionId="dd4f0dab-9ef8-47a2-bbe5-2ad3bbdfd649" testListId="8c84fa94-04c1-424b-9868-57a2d4851a1d" />
    <TestEntry testId="5818c4b0-5040-ff57-2a21-3715c31b378e" executionId="155b17cc-39d9-49a2-b641-55c154cc9ca0" testListId="8c84fa94-04c1-424b-9868-57a2d4851a1d" />
    <TestEntry testId="b9af0f84-0079-b683-0d77-346a6542b5b4" executionId="996743cd-17d6-42fd-b4b2-42abba276038" testListId="8c84fa94-04c1-424b-9868-57a2d4851a1d" />
    <TestEntry testId="50c609b5-3f14-814d-a1e7-5260305a9b12" executionId="3e686c20-9031-462d-8a9c-f0ec717f996f" testListId="8c84fa94-04c1-424b-9868-57a2d4851a1d" />
    <TestEntry testId="9b729b7e-a306-20a1-7040-eda547fe8bec" executionId="edf54110-f71d-4dc5-944f-646c2dc0a34c" testListId="8c84fa94-04c1-424b-9868-57a2d4851a1d" />
    <TestEntry testId="811026c2-41ce-4e18-121d-862774cd6272" executionId="9a464bab-f762-4a80-85ee-c38d4abdf379" testListId="8c84fa94-04c1-424b-9868-57a2d4851a1d" />
    <TestEntry testId="a2b0d89c-f17d-2c60-2870-72017089ab94" executionId="5d1bf2db-fd2d-45f0-99f5-c054183abf60" testListId="8c84fa94-04c1-424b-9868-57a2d4851a1d" />
    <TestEntry testId="a11d6311-0314-291e-6c87-0745cc1eace8" executionId="6ed2f93b-8239-493c-92c6-9859206eff09" testListId="8c84fa94-04c1-424b-9868-57a2d4851a1d" />
    <TestEntry testId="46ad1244-cbdb-dca6-f007-7e8a232754cc" executionId="9c8548eb-32ac-4234-9db5-7294e160a783" testListId="8c84fa94-04c1-424b-9868-57a2d4851a1d" />
    <TestEntry testId="0f0c7731-d28a-bcbe-054f-641f024437ac" executionId="5c3f6280-1a5e-42c8-8b22-293e1b4fc69d" testListId="8c84fa94-04c1-424b-9868-57a2d4851a1d" />
    <TestEntry testId="c608eb38-09c4-17b8-a16b-ae9b91798432" executionId="a350a917-93bf-4405-af43-9d7970c9ee3c" testListId="8c84fa94-04c1-424b-9868-57a2d4851a1d" />
    <TestEntry testId="f7e247f1-8de7-594b-e638-b4ec989d69be" executionId="c26acd6b-6d53-4e64-90e8-4c4a7a2cff56" testListId="8c84fa94-04c1-424b-9868-57a2d4851a1d" />
    <TestEntry testId="e654c6ff-e79b-0f0d-7ecf-a4648dc0cf91" executionId="6437a88f-f440-4c38-88d3-0dfca3c09a16" testListId="8c84fa94-04c1-424b-9868-57a2d4851a1d" />
    <TestEntry testId="d23daa8f-5725-d1c6-7d7a-83c05e893d1b" executionId="ed9d3c5c-da79-4751-b0c6-71aa7895a9ff" testListId="8c84fa94-04c1-424b-9868-57a2d4851a1d" />
    <TestEntry testId="2f6106d4-2d27-0ec0-388a-a0a0d64b80ea" executionId="6dbb3743-c927-450e-869f-7ad87d108fe3" testListId="8c84fa94-04c1-424b-9868-57a2d4851a1d" />
    <TestEntry testId="7c574249-6de4-087c-ac92-00dedf541e78" executionId="8a053e5d-0832-409f-b516-022140410e91" testListId="8c84fa94-04c1-424b-9868-57a2d4851a1d" />
    <TestEntry testId="b2e4b89c-c96f-83af-e281-01d9319a9bb8" executionId="34b4d68a-f331-4559-af4a-d231a54a0c8e" testListId="8c84fa94-04c1-424b-9868-57a2d4851a1d" />
    <TestEntry testId="5ec8c6f8-601d-9718-1802-a15c88bb4987" executionId="85fdc264-9a1f-49d1-a09d-3ead5d9a0d7e" testListId="8c84fa94-04c1-424b-9868-57a2d4851a1d" />
    <TestEntry testId="7c0f601f-632e-a9b2-aeb3-eee73bd7742c" executionId="9d70c942-129c-4ad6-a98f-8096c7ee0d1a" testListId="8c84fa94-04c1-424b-9868-57a2d4851a1d" />
    <TestEntry testId="e0724a8e-d699-09ac-c090-59791deb23d9" executionId="b0909ee6-a72d-4a8a-be7f-3e418688806d" testListId="8c84fa94-04c1-424b-9868-57a2d4851a1d" />
    <TestEntry testId="f53587d7-cc90-0182-8a77-44034bb01e5e" executionId="6ffef90e-dd61-4844-ba54-368c13568998" testListId="8c84fa94-04c1-424b-9868-57a2d4851a1d" />
    <TestEntry testId="9c020064-9cbb-7975-d5c0-9dc48d581775" executionId="b3359c10-8a00-4233-9438-a8647a70acef" testListId="8c84fa94-04c1-424b-9868-57a2d4851a1d" />
    <TestEntry testId="dfdd94d6-4157-31a9-a81a-18fee28467d5" executionId="1669410d-3729-4710-8bcc-269e76fead62" testListId="8c84fa94-04c1-424b-9868-57a2d4851a1d" />
    <TestEntry testId="ec039bf7-f831-a8e3-834c-89707ff2f6d2" executionId="7740c931-4382-4a54-8424-03a4fa7bd5b7" testListId="8c84fa94-04c1-424b-9868-57a2d4851a1d" />
    <TestEntry testId="bde04400-fb2a-d1b4-e9d5-727f1b9bbed1" executionId="84cb57c4-368a-4680-a0ce-3970c82cfc8e" testListId="8c84fa94-04c1-424b-9868-57a2d4851a1d" />
    <TestEntry testId="71d5d180-2d36-ecb9-e4eb-71ca09e46ec4" executionId="75794617-f865-46b3-a480-1152d2c1d5d8" testListId="8c84fa94-04c1-424b-9868-57a2d4851a1d" />
    <TestEntry testId="bc29c184-0770-c9df-63be-2a52d76ad503" executionId="6f4b6dd3-5c2a-405e-bd14-e7e4be5bed99" testListId="8c84fa94-04c1-424b-9868-57a2d4851a1d" />
    <TestEntry testId="1f65e069-4a6f-ccd5-bb6b-41fba0e75604" executionId="704a1a80-3364-4c3e-a027-a046837fd9d6" testListId="8c84fa94-04c1-424b-9868-57a2d4851a1d" />
    <TestEntry testId="7831f103-663f-8d24-4a8b-6bbe466d0837" executionId="1d4818e8-a06c-4e02-b6f7-bdc39fc3138f" testListId="8c84fa94-04c1-424b-9868-57a2d4851a1d" />
    <TestEntry testId="12c3c514-0e1a-a711-90d4-344685873f0e" executionId="93bb3f5e-9b63-4ac3-a504-dc8d527f492a" testListId="8c84fa94-04c1-424b-9868-57a2d4851a1d" />
    <TestEntry testId="90d1f61e-9ba1-ff1a-f0a6-e17acbda2dee" executionId="e488a785-ccce-48ed-8e2e-c89759f94e7d" testListId="8c84fa94-04c1-424b-9868-57a2d4851a1d" />
    <TestEntry testId="efe354b5-5489-bbb2-88ee-c8f998cb6176" executionId="d7e6a9e8-df50-4fc5-8939-04143f9aaad4" testListId="8c84fa94-04c1-424b-9868-57a2d4851a1d" />
    <TestEntry testId="f242966d-9728-e09e-ef23-e439d6a28402" executionId="05c21d79-136b-4c51-9b58-7d5170c255e3" testListId="8c84fa94-04c1-424b-9868-57a2d4851a1d" />
    <TestEntry testId="57eb4321-b137-5017-063e-e3e669ff6aa8" executionId="049021f4-6547-433f-b183-6c5e7a13410a" testListId="8c84fa94-04c1-424b-9868-57a2d4851a1d" />
    <TestEntry testId="8499e5e2-c09d-d64e-ab91-715c51a15d3b" executionId="7b2996f1-019f-4c1c-9b6b-e7dad680a08a" testListId="8c84fa94-04c1-424b-9868-57a2d4851a1d" />
    <TestEntry testId="f0724dde-c441-a83f-2f8e-78db9d6adb66" executionId="cec99d02-0bbe-4a01-9e45-0793d68fa427" testListId="8c84fa94-04c1-424b-9868-57a2d4851a1d" />
    <TestEntry testId="b672c70e-eca2-f979-b482-5169b705a205" executionId="b441da98-904e-403b-8761-aa71935b6333" testListId="8c84fa94-04c1-424b-9868-57a2d4851a1d" />
    <TestEntry testId="f36e146c-5e84-0e67-2982-f20e16e0dd68" executionId="e457f44c-0f9b-42f8-b8da-42f1f2245e9b" testListId="8c84fa94-04c1-424b-9868-57a2d4851a1d" />
    <TestEntry testId="cc013720-f8b7-b972-40e8-34c7328bfdae" executionId="56237207-3c74-4ca4-82b6-c24ca19cd4e2" testListId="8c84fa94-04c1-424b-9868-57a2d4851a1d" />
    <TestEntry testId="4f93dd2b-351a-bca6-2b8b-95fc20f20ddd" executionId="f4085be0-bf85-4c00-bdc0-537316acd22c" testListId="8c84fa94-04c1-424b-9868-57a2d4851a1d" />
    <TestEntry testId="544ee02e-a795-79f3-8c38-56202dce3170" executionId="8ae3e4cd-423c-4063-900d-1c32b9dd8098" testListId="8c84fa94-04c1-424b-9868-57a2d4851a1d" />
    <TestEntry testId="9c1c1d38-5e04-c1b2-1a0f-96d8d4d8348a" executionId="de89c417-9bc2-43e3-b4df-c9207832e7ce" testListId="8c84fa94-04c1-424b-9868-57a2d4851a1d" />
    <TestEntry testId="30aa5bc1-9211-739f-532d-176c6c3c3a30" executionId="804230fc-2971-4092-92b3-acca1b5dffa0" testListId="8c84fa94-04c1-424b-9868-57a2d4851a1d" />
    <TestEntry testId="3494b3d5-98dd-209c-c4b4-d8d0bff712f0" executionId="c26ebca1-f9e1-4a90-b854-5c963987e17f" testListId="8c84fa94-04c1-424b-9868-57a2d4851a1d" />
    <TestEntry testId="22ad276e-c73f-4ebf-8729-b5903439e2d9" executionId="037c5adf-3441-4c7a-a6f2-0a1b48e3110e" testListId="8c84fa94-04c1-424b-9868-57a2d4851a1d" />
    <TestEntry testId="68b95691-6ef6-716d-545d-ee6cf04d94e7" executionId="e27ed9be-7b8f-4a9c-b2f6-57af3ace2e5e" testListId="8c84fa94-04c1-424b-9868-57a2d4851a1d" />
    <TestEntry testId="8f26075f-925c-4688-bf33-abe324c4e160" executionId="876bfd90-759b-4fd4-9e58-0597e9778fec" testListId="8c84fa94-04c1-424b-9868-57a2d4851a1d" />
    <TestEntry testId="c8cdac31-ad32-9a02-508c-02a988e5e017" executionId="a0a11205-d6a7-42ab-a6d0-772b4fe9c7c6" testListId="8c84fa94-04c1-424b-9868-57a2d4851a1d" />
    <TestEntry testId="2a9f6824-8a17-a193-b18b-3e78fa1bbbd5" executionId="ceb13b4c-eae2-4953-b494-aabfb3c39966" testListId="8c84fa94-04c1-424b-9868-57a2d4851a1d" />
    <TestEntry testId="02f4c01b-4d57-cea6-940b-91f660d6b3a5" executionId="5cc58c44-3d24-4428-b59e-b666ef012bc1" testListId="8c84fa94-04c1-424b-9868-57a2d4851a1d" />
    <TestEntry testId="cb3a79b8-8a20-d72b-fe66-3be39a479486" executionId="7ac39165-e77e-4a62-bf73-47f2a3ab6db1" testListId="8c84fa94-04c1-424b-9868-57a2d4851a1d" />
    <TestEntry testId="0d699ea2-79e9-9f01-d2d5-fca82a358bb0" executionId="8b683462-71eb-4a03-a87e-4abfeb5d92a1" testListId="8c84fa94-04c1-424b-9868-57a2d4851a1d" />
    <TestEntry testId="1cfc69b2-92d0-7e18-c868-129765966147" executionId="029673e0-20c1-4b04-9599-658fa0e4264c" testListId="8c84fa94-04c1-424b-9868-57a2d4851a1d" />
    <TestEntry testId="6a6d73d7-7d30-455c-71a4-79ea460d8c8c" executionId="fb24b749-85bb-4517-b114-f11595956c1d" testListId="8c84fa94-04c1-424b-9868-57a2d4851a1d" />
    <TestEntry testId="81f70a90-5f17-3107-1751-37f6a5b41791" executionId="c26895e0-2674-447d-86a2-97264078bdee" testListId="8c84fa94-04c1-424b-9868-57a2d4851a1d" />
    <TestEntry testId="fc6317ac-4f9e-d443-bb9c-db2ea41d1b6d" executionId="0998fd90-8862-42cd-a04b-3514d8268ea2" testListId="8c84fa94-04c1-424b-9868-57a2d4851a1d" />
    <TestEntry testId="e507a4d5-4aa9-7d32-05a9-ecfa3f03323d" executionId="d4d9275f-c5f4-4f4d-992e-51fad331a0fe" testListId="8c84fa94-04c1-424b-9868-57a2d4851a1d" />
    <TestEntry testId="784ad7dc-5a89-a731-4a54-d985f0ba330c" executionId="e3e5f31e-c7af-4279-9d37-b0ff9f28b6c1" testListId="8c84fa94-04c1-424b-9868-57a2d4851a1d" />
    <TestEntry testId="d9d051a9-d261-1011-dbde-e42b30d539a9" executionId="4f8652d3-22bb-4d69-a5b3-3b188c1fb0bf" testListId="8c84fa94-04c1-424b-9868-57a2d4851a1d" />
    <TestEntry testId="79403e37-7823-d8d7-7290-f467456876fa" executionId="f4f689a9-18b1-43fb-acb1-9fbf9a7f0af1" testListId="8c84fa94-04c1-424b-9868-57a2d4851a1d" />
    <TestEntry testId="ee7b51d2-d8a7-715d-70ab-159c7293568a" executionId="0f9cdead-fee0-4b14-9c45-452efe15ed94" testListId="8c84fa94-04c1-424b-9868-57a2d4851a1d" />
    <TestEntry testId="691bf80d-9ec7-7de8-ad81-702e4cdb8bfd" executionId="ea6b2cf1-5e89-4d24-8e8d-baf2916a5e72" testListId="8c84fa94-04c1-424b-9868-57a2d4851a1d" />
    <TestEntry testId="df92ad96-32d4-9c44-0398-97a52600538f" executionId="28efae9a-9e73-42e7-9e7b-36d253b564f3" testListId="8c84fa94-04c1-424b-9868-57a2d4851a1d" />
    <TestEntry testId="8e56ee2d-296c-f180-2ad1-a3abd5b19292" executionId="0a5679f7-f049-4b6b-91dd-b0c43b157e45" testListId="8c84fa94-04c1-424b-9868-57a2d4851a1d" />
    <TestEntry testId="6305e689-cee9-6a31-93d8-755b6c5fc935" executionId="93264663-bce4-4086-8e1e-8b99750de935" testListId="8c84fa94-04c1-424b-9868-57a2d4851a1d" />
  </TestEntries>
  <TestLists>
    <TestList name="Results Not in a List" id="8c84fa94-04c1-424b-9868-57a2d4851a1d" />
    <TestList name="All Loaded Results" id="19431567-8539-422a-85d7-44ee4e166bda" />
  </TestLists>
  <ResultSummary outcome="Completed">
    <Counters total="131" executed="131" passed="131" failed="0" error="0" timeout="0" aborted="0" inconclusive="0" passedButRunAborted="0" notRunnable="0" notExecuted="0" disconnected="0" warning="0" completed="0" inProgress="0" pending="0" />
    <Output>
      <StdOut>[xUnit.net 00:00:00.00] xUnit.net VSTest Adapter v2.8.1+ce9211e970 (64-bit .NET 8.0.1)
[xUnit.net 00:00:00.05]   Discovering: Appostolic.Api.Tests
[xUnit.net 00:00:00.09]   Discovered:  Appostolic.Api.Tests
[xUnit.net 00:00:00.09]   Starting:    Appostolic.Api.Tests
[xUnit.net 00:00:14.90]   Finished:    Appostolic.Api.Tests
</StdOut>
    </Output>
  </ResultSummary>
</TestRun>