<?xml version="1.0" encoding="utf-8"?>
<TestRun id="18c6dfd8-1848-4165-ac72-d6345477ea31" name="@MacBook-Pro-2 2025-09-15 12:34:31" xmlns="http://microsoft.com/schemas/VisualStudio/TeamTest/2010">
  <Times creation="2025-09-15T12:34:31.4483280-05:00" queuing="2025-09-15T12:34:31.4483280-05:00" start="2025-09-15T12:34:29.8593510-05:00" finish="2025-09-15T12:34:44.3127020-05:00" />
  <TestSettings name="default" id="80aa4f95-d378-4f49-b672-ca128a1e0af3">
    <Deployment runDeploymentRoot="_MacBook-Pro-2_2025-09-15_12_34_31" />
  </TestSettings>
  <Results>
    <UnitTestResult executionId="6aeacb57-c95c-4918-a16c-fccac1464f5e" testId="9b729b7e-a306-20a1-7040-eda547fe8bec" testName="Appostolic.Api.Tests.E2E.AgentTasksE2E_HappyPath.EndToEnd_CreatesTask_RunsToSuccess_TracesAndTokensPresent" computerName="MacBook-Pro-2" duration="00:00:00.3435303" startTime="2025-09-15T12:34:43.2132060-05:00" endTime="2025-09-15T12:34:43.2132060-05:00" testType="13cdc9d9-ddb5-4fa4-a97d-d965ccfc6d4b" outcome="Passed" testListId="8c84fa94-04c1-424b-9868-57a2d4851a1d" relativeResultsDirectory="6aeacb57-c95c-4918-a16c-fccac1464f5e" />
    <UnitTestResult executionId="aa6670f7-35f9-42c2-96db-1c3cfbfddb0a" testId="3b3a68c1-1138-770e-4b05-0d7fb6b68738" testName="Appostolic.Api.Tests.Orchestrator.TokenAggregationTests.CostIsNull_WhenPricingDisabled" computerName="MacBook-Pro-2" duration="00:00:00.0028533" startTime="2025-09-15T12:34:33.8405940-05:00" endTime="2025-09-15T12:34:33.8405940-05:00" testType="13cdc9d9-ddb5-4fa4-a97d-d965ccfc6d4b" outcome="Passed" testListId="8c84fa94-04c1-424b-9868-57a2d4851a1d" relativeResultsDirectory="aa6670f7-35f9-42c2-96db-1c3cfbfddb0a" />
    <UnitTestResult executionId="4a9a3ad1-a3fb-4b13-9363-1928427e00d0" testId="94524c04-7158-8472-e876-43b26f76e4f4" testName="Appostolic.Api.Tests.AgentTasks.AgentTasksListFilterPaginationTests.FreeText_Q_Search_On_Input_And_User" computerName="MacBook-Pro-2" duration="00:00:00.0185391" startTime="2025-09-15T12:34:38.1227990-05:00" endTime="2025-09-15T12:34:38.1227990-05:00" testType="13cdc9d9-ddb5-4fa4-a97d-d965ccfc6d4b" outcome="Passed" testListId="8c84fa94-04c1-424b-9868-57a2d4851a1d" relativeResultsDirectory="4a9a3ad1-a3fb-4b13-9363-1928427e00d0" />
    <UnitTestResult executionId="e4421833-6f8b-44c7-80eb-af5ec41e2614" testId="f0e4d307-078d-a4e0-f168-b961578cd197" testName="Appostolic.Api.Tests.Security.RoleAuthorizationTests.CreatorPolicy_Denies_WhenNoMembership" computerName="MacBook-Pro-2" duration="00:00:00.0053665" startTime="2025-09-15T12:34:31.7072350-05:00" endTime="2025-09-15T12:34:31.7072350-05:00" testType="13cdc9d9-ddb5-4fa4-a97d-d965ccfc6d4b" outcome="Passed" testListId="8c84fa94-04c1-424b-9868-57a2d4851a1d" relativeResultsDirectory="e4421833-6f8b-44c7-80eb-af5ec41e2614" />
    <UnitTestResult executionId="c91e68f3-ac57-4123-83c0-5b394758cbf6" testId="71d5d180-2d36-ecb9-e4eb-71ca09e46ec4" testName="Appostolic.Api.Tests.AgentConstraintTests.Agent_Temperature_out_of_range_throws_in_domain_constructor" computerName="MacBook-Pro-2" duration="00:00:00.0013453" startTime="2025-09-15T12:34:36.9793220-05:00" endTime="2025-09-15T12:34:36.9793220-05:00" testType="13cdc9d9-ddb5-4fa4-a97d-d965ccfc6d4b" outcome="Passed" testListId="8c84fa94-04c1-424b-9868-57a2d4851a1d" relativeResultsDirectory="c91e68f3-ac57-4123-83c0-5b394758cbf6" />
    <UnitTestResult executionId="a2e56ff1-308f-463d-b20a-e7882431d7da" testId="6447b752-ca58-5092-2c5d-d1f5fe58b5dc" testName="WebSearchToolTests.Empty_query_returns_empty" computerName="MacBook-Pro-2" duration="00:00:00.0008097" startTime="2025-09-15T12:34:30.3777710-05:00" endTime="2025-09-15T12:34:30.3777710-05:00" testType="13cdc9d9-ddb5-4fa4-a97d-d965ccfc6d4b" outcome="Passed" testListId="8c84fa94-04c1-424b-9868-57a2d4851a1d" relativeResultsDirectory="a2e56ff1-308f-463d-b20a-e7882431d7da" />
    <UnitTestResult executionId="3e723d81-d87c-48ab-9660-cba697f1b97b" testId="e4ef9dda-68e5-63b6-ccb6-0b8c602aab58" testName="Appostolic.Api.Tests.Notifications.AutoResendScannerTests.Skips_when_disabled" computerName="MacBook-Pro-2" duration="00:00:00.0018119" startTime="2025-09-15T12:34:31.4325690-05:00" endTime="2025-09-15T12:34:31.4325690-05:00" testType="13cdc9d9-ddb5-4fa4-a97d-d965ccfc6d4b" outcome="Passed" testListId="8c84fa94-04c1-424b-9868-57a2d4851a1d" relativeResultsDirectory="3e723d81-d87c-48ab-9660-cba697f1b97b" />
    <UnitTestResult executionId="b622e8ea-2cef-40eb-9efc-3ea3d1dcc75f" testId="46ad1244-cbdb-dca6-f007-7e8a232754cc" testName="Appostolic.Api.Tests.Notifications.RedisTransportPrivacyTests.NonGuidPayload_DoesNotLogPayloadContents" computerName="MacBook-Pro-2" duration="00:00:00.0133630" startTime="2025-09-15T12:34:30.3281120-05:00" endTime="2025-09-15T12:34:30.3281120-05:00" testType="13cdc9d9-ddb5-4fa4-a97d-d965ccfc6d4b" outcome="Passed" testListId="8c84fa94-04c1-424b-9868-57a2d4851a1d" relativeResultsDirectory="b622e8ea-2cef-40eb-9efc-3ea3d1dcc75f" />
    <UnitTestResult executionId="e47a9124-0104-48ae-ae10-c75e8ff4314f" testId="7e0d251c-aca1-3165-2651-f2996ab661b8" testName="DbQueryToolTests.Select_users_all_rows" computerName="MacBook-Pro-2" duration="00:00:00.0031176" startTime="2025-09-15T12:34:32.2683210-05:00" endTime="2025-09-15T12:34:32.2683220-05:00" testType="13cdc9d9-ddb5-4fa4-a97d-d965ccfc6d4b" outcome="Passed" testListId="8c84fa94-04c1-424b-9868-57a2d4851a1d" relativeResultsDirectory="e47a9124-0104-48ae-ae10-c75e8ff4314f" />
    <UnitTestResult executionId="ff00a7f4-30a3-41a7-ba4b-45d6db5e1528" testId="da0da417-eb80-7ca8-c2a7-2b93c4d78528" testName="Appostolic.Api.Tests.Api.InvitesRolesFlagsTests.Accept_Invite_Sets_Membership_Roles_Flags" computerName="MacBook-Pro-2" duration="00:00:00.0342001" startTime="2025-09-15T12:34:34.3599270-05:00" endTime="2025-09-15T12:34:34.3599270-05:00" testType="13cdc9d9-ddb5-4fa4-a97d-d965ccfc6d4b" outcome="Passed" testListId="8c84fa94-04c1-424b-9868-57a2d4851a1d" relativeResultsDirectory="ff00a7f4-30a3-41a7-ba4b-45d6db5e1528" />
    <UnitTestResult executionId="6ed462a9-1f93-4a5f-84ea-ad96e171bb70" testId="1aa96e1c-162f-87b8-360d-29c19b3b2c73" testName="DbQueryToolTests.Unknown_table_fails" computerName="MacBook-Pro-2" duration="00:00:00.0091133" startTime="2025-09-15T12:34:32.2651510-05:00" endTime="2025-09-15T12:34:32.2651510-05:00" testType="13cdc9d9-ddb5-4fa4-a97d-d965ccfc6d4b" outcome="Passed" testListId="8c84fa94-04c1-424b-9868-57a2d4851a1d" relativeResultsDirectory="6ed462a9-1f93-4a5f-84ea-ad96e171bb70" />
    <UnitTestResult executionId="a67b470a-b772-4fdf-8ad6-50f15c22d565" testId="c0347afe-0c6b-b0a7-12e1-3aa76a4722fc" testName="Appostolic.Api.Tests.Api.AgentTasksEndpointsTests.GetDetails_WithTracesInitiallyEmpty" computerName="MacBook-Pro-2" duration="00:00:00.0105898" startTime="2025-09-15T12:34:33.1779330-05:00" endTime="2025-09-15T12:34:33.1779340-05:00" testType="13cdc9d9-ddb5-4fa4-a97d-d965ccfc6d4b" outcome="Passed" testListId="8c84fa94-04c1-424b-9868-57a2d4851a1d" relativeResultsDirectory="a67b470a-b772-4fdf-8ad6-50f15c22d565" />
    <UnitTestResult executionId="74a34781-e546-4da2-913a-7b6568f1284c" testId="22ad276e-c73f-4ebf-8729-b5903439e2d9" testName="WebSearchToolTests.Query_intro_returns_expected" computerName="MacBook-Pro-2" duration="00:00:00.0024843" startTime="2025-09-15T12:34:30.3802860-05:00" endTime="2025-09-15T12:34:30.3802860-05:00" testType="13cdc9d9-ddb5-4fa4-a97d-d965ccfc6d4b" outcome="Passed" testListId="8c84fa94-04c1-424b-9868-57a2d4851a1d" relativeResultsDirectory="74a34781-e546-4da2-913a-7b6568f1284c" />
    <UnitTestResult executionId="1318db73-58d4-4f0a-b9e4-48f2531a969e" testId="eb812c29-73b3-e923-42de-8821a188e94a" testName="Appostolic.Api.Tests.Notifications.NotificationsPiiScrubTests.Scrubs_before_delete_windows_and_deletes_at_cutoff" computerName="MacBook-Pro-2" duration="00:00:00.0071335" startTime="2025-09-15T12:34:33.0166560-05:00" endTime="2025-09-15T12:34:33.0166560-05:00" testType="13cdc9d9-ddb5-4fa4-a97d-d965ccfc6d4b" outcome="Passed" testListId="8c84fa94-04c1-424b-9868-57a2d4851a1d" relativeResultsDirectory="1318db73-58d4-4f0a-b9e4-48f2531a969e" />
    <UnitTestResult executionId="95c83489-ea0e-4db0-8f34-53646711048e" testId="8f2edffb-b43d-5750-46cc-f6c9051abba5" testName="Appostolic.Api.AuthTests.LoginTests.Login_ValidCredentials_Returns200" computerName="MacBook-Pro-2" duration="00:00:00.6443880" startTime="2025-09-15T12:34:35.2047030-05:00" endTime="2025-09-15T12:34:35.2047030-05:00" testType="13cdc9d9-ddb5-4fa4-a97d-d965ccfc6d4b" outcome="Passed" testListId="8c84fa94-04c1-424b-9868-57a2d4851a1d" relativeResultsDirectory="95c83489-ea0e-4db0-8f34-53646711048e" />
    <UnitTestResult executionId="d2d2bcbd-20b9-4eed-97ef-8393845df719" testId="ec039bf7-f831-a8e3-834c-89707ff2f6d2" testName="Appostolic.Api.Tests.NotificationEnqueuerTests.QueueVerification_uses_relative_when_base_missing" computerName="MacBook-Pro-2" duration="00:00:00.0025375" startTime="2025-09-15T12:34:38.9817540-05:00" endTime="2025-09-15T12:34:38.9817540-05:00" testType="13cdc9d9-ddb5-4fa4-a97d-d965ccfc6d4b" outcome="Passed" testListId="8c84fa94-04c1-424b-9868-57a2d4851a1d" relativeResultsDirectory="d2d2bcbd-20b9-4eed-97ef-8393845df719" />
    <UnitTestResult executionId="f645ff59-6ce7-4b1f-b16e-a18b46cc01b6" testId="7bfc22d7-9c12-bb6d-b1ad-6ad8a8f51b4d" testName="Appostolic.Api.Tests.Api.InvitesAcceptTests.Accept_SignedIn_User_Matches_Invite_Creates_Membership" computerName="MacBook-Pro-2" duration="00:00:00.1731269" startTime="2025-09-15T12:34:43.3957410-05:00" endTime="2025-09-15T12:34:43.3957410-05:00" testType="13cdc9d9-ddb5-4fa4-a97d-d965ccfc6d4b" outcome="Passed" testListId="8c84fa94-04c1-424b-9868-57a2d4851a1d" relativeResultsDirectory="f645ff59-6ce7-4b1f-b16e-a18b46cc01b6" />
    <UnitTestResult executionId="ab7625ae-33c0-4a4b-b2f6-d40666e34723" testId="6ac2577f-abec-ce9e-a92b-34035bd744e0" testName="FsWriteToolTests.Rejects_when_content_exceeds_max" computerName="MacBook-Pro-2" duration="00:00:00.0003640" startTime="2025-09-15T12:34:31.9513190-05:00" endTime="2025-09-15T12:34:31.9513190-05:00" testType="13cdc9d9-ddb5-4fa4-a97d-d965ccfc6d4b" outcome="Passed" testListId="8c84fa94-04c1-424b-9868-57a2d4851a1d" relativeResultsDirectory="ab7625ae-33c0-4a4b-b2f6-d40666e34723" />
    <UnitTestResult executionId="9540d495-4ab5-4676-85f8-42c81f6e55ea" testId="6b0df781-2303-2b77-2cc6-dbbd4c3e9e73" testName="Appostolic.Api.Tests.Api.AuditTrailTests.Set_roles_writes_audit_row_with_old_and_new_roles" computerName="MacBook-Pro-2" duration="00:00:00.1741267" startTime="2025-09-15T12:34:34.0273240-05:00" endTime="2025-09-15T12:34:34.0273240-05:00" testType="13cdc9d9-ddb5-4fa4-a97d-d965ccfc6d4b" outcome="Passed" testListId="8c84fa94-04c1-424b-9868-57a2d4851a1d" relativeResultsDirectory="9540d495-4ab5-4676-85f8-42c81f6e55ea" />
    <UnitTestResult executionId="a1891206-0045-4870-9eef-8165e0c77b75" testId="68b95691-6ef6-716d-545d-ee6cf04d94e7" testName="Appostolic.Api.Tests.Api.NotificationsAdminEndpointsTests.Dlq_list_returns_failed_and_deadletter_with_paging" computerName="MacBook-Pro-2" duration="00:00:00.1652178" startTime="2025-09-15T12:34:36.5909460-05:00" endTime="2025-09-15T12:34:36.5909460-05:00" testType="13cdc9d9-ddb5-4fa4-a97d-d965ccfc6d4b" outcome="Passed" testListId="8c84fa94-04c1-424b-9868-57a2d4851a1d" relativeResultsDirectory="a1891206-0045-4870-9eef-8165e0c77b75" />
    <UnitTestResult executionId="e8267a1a-4ac6-43b4-b138-f489fb9cb99f" testId="a00d92b0-35aa-1e7c-b5ff-79738a042c12" testName="Appostolic.Api.Tests.SendGridEmailSenderTests.Throws_on_400" computerName="MacBook-Pro-2" duration="00:00:00.0033928" startTime="2025-09-15T12:34:42.8690080-05:00" endTime="2025-09-15T12:34:42.8690080-05:00" testType="13cdc9d9-ddb5-4fa4-a97d-d965ccfc6d4b" outcome="Passed" testListId="8c84fa94-04c1-424b-9868-57a2d4851a1d" relativeResultsDirectory="e8267a1a-4ac6-43b4-b138-f489fb9cb99f" />
    <UnitTestResult executionId="59823f8d-a148-457f-a43b-468f96513363" testId="431e4b70-7576-ccc6-3cf3-9bbf13c26e5b" testName="Appostolic.Api.Tests.Api.MembersManagementTests.Demote_owner_allowed_when_another_admin_exists" computerName="MacBook-Pro-2" duration="00:00:00.0060389" startTime="2025-09-15T12:34:32.6562950-05:00" endTime="2025-09-15T12:34:32.6562950-05:00" testType="13cdc9d9-ddb5-4fa4-a97d-d965ccfc6d4b" outcome="Passed" testListId="8c84fa94-04c1-424b-9868-57a2d4851a1d" relativeResultsDirectory="59823f8d-a148-457f-a43b-468f96513363" />
    <UnitTestResult executionId="d7c6446b-50d2-444b-b50c-b10bf97223b4" testId="6305e689-cee9-6a31-93d8-755b6c5fc935" testName="Appostolic.Api.Tests.Notifications.FieldEncryptionTests.Encrypts_And_Decrypts_On_Lease" computerName="MacBook-Pro-2" duration="00:00:00.0064993" startTime="2025-09-15T12:34:38.7882080-05:00" endTime="2025-09-15T12:34:38.7882080-05:00" testType="13cdc9d9-ddb5-4fa4-a97d-d965ccfc6d4b" outcome="Passed" testListId="8c84fa94-04c1-424b-9868-57a2d4851a1d" relativeResultsDirectory="d7c6446b-50d2-444b-b50c-b10bf97223b4" />
    <UnitTestResult executionId="281faa19-150d-4984-bfc0-e2999ab943c4" testId="e654c6ff-e79b-0f0d-7ecf-a4648dc0cf91" testName="Appostolic.Api.Tests.Orchestrator.AgentOrchestratorTests.HappyPath_ModelPlansToolThenFinal_SucceedsWithTwoTraces" computerName="MacBook-Pro-2" duration="00:00:00.0016355" startTime="2025-09-15T12:34:33.8528950-05:00" endTime="2025-09-15T12:34:33.8528960-05:00" testType="13cdc9d9-ddb5-4fa4-a97d-d965ccfc6d4b" outcome="Passed" testListId="8c84fa94-04c1-424b-9868-57a2d4851a1d" relativeResultsDirectory="281faa19-150d-4984-bfc0-e2999ab943c4" />
    <UnitTestResult executionId="1ca76a2e-b853-474f-bb19-379d76b8b569" testId="9c020064-9cbb-7975-d5c0-9dc48d581775" testName="Appostolic.Api.Tests.Api.AgentTasksEndpointsTests.CreateTask_Returns201AndSummary" computerName="MacBook-Pro-2" duration="00:00:00.1502475" startTime="2025-09-15T12:34:33.1671860-05:00" endTime="2025-09-15T12:34:33.1671870-05:00" testType="13cdc9d9-ddb5-4fa4-a97d-d965ccfc6d4b" outcome="Passed" testListId="8c84fa94-04c1-424b-9868-57a2d4851a1d" relativeResultsDirectory="1ca76a2e-b853-474f-bb19-379d76b8b569" />
    <UnitTestResult executionId="ced64c34-9216-472e-960d-44a41f8b9a2a" testId="7831f103-663f-8d24-4a8b-6bbe466d0837" testName="Appostolic.Api.Tests.Api.AuthPasswordFlowsTests.ChangePassword_WithAuth_UpdatesPassword" computerName="MacBook-Pro-2" duration="00:00:01.1562463" startTime="2025-09-15T12:34:41.4345030-05:00" endTime="2025-09-15T12:34:41.4345030-05:00" testType="13cdc9d9-ddb5-4fa4-a97d-d965ccfc6d4b" outcome="Passed" testListId="8c84fa94-04c1-424b-9868-57a2d4851a1d" relativeResultsDirectory="ced64c34-9216-472e-960d-44a41f8b9a2a" />
    <UnitTestResult executionId="cef2f278-9921-49d4-8e9c-e891ea722de3" testId="61b122ca-f3a1-21e8-0492-e3c660390b05" testName="Appostolic.Api.Tests.EmailProviderSelectionTests.Resolves_Smtp_sender_when_provider_smtp" computerName="MacBook-Pro-2" duration="00:00:00.1132993" startTime="2025-09-15T12:34:36.8715680-05:00" endTime="2025-09-15T12:34:36.8715680-05:00" testType="13cdc9d9-ddb5-4fa4-a97d-d965ccfc6d4b" outcome="Passed" testListId="8c84fa94-04c1-424b-9868-57a2d4851a1d" relativeResultsDirectory="cef2f278-9921-49d4-8e9c-e891ea722de3" />
    <UnitTestResult executionId="c4f5ae4a-3a35-48cd-826b-3ff19fb8ab90" testId="03cb9965-4934-50d0-65d4-2c790e264e80" testName="Appostolic.Api.Tests.E2E.AgentTasksE2E_List.Inbox_List_Orders_By_CreatedAt_Desc_And_Pages" computerName="MacBook-Pro-2" duration="00:00:00.3411989" startTime="2025-09-15T12:34:44.2588140-05:00" endTime="2025-09-15T12:34:44.2588140-05:00" testType="13cdc9d9-ddb5-4fa4-a97d-d965ccfc6d4b" outcome="Passed" testListId="8c84fa94-04c1-424b-9868-57a2d4851a1d" relativeResultsDirectory="c4f5ae4a-3a35-48cd-826b-3ff19fb8ab90" />
    <UnitTestResult executionId="9fbc1385-7719-4db1-82e3-be6b745c9e07" testId="57eb4321-b137-5017-063e-e3e669ff6aa8" testName="Appostolic.Api.Tests.E2E.NotificationsE2E_Mailhog.VerificationEmail_reaches_Mailhog_and_outbox_marks_Sent" computerName="MacBook-Pro-2" duration="00:00:00.4171068" startTime="2025-09-15T12:34:37.3974620-05:00" endTime="2025-09-15T12:34:37.3974620-05:00" testType="13cdc9d9-ddb5-4fa4-a97d-d965ccfc6d4b" outcome="Passed" testListId="8c84fa94-04c1-424b-9868-57a2d4851a1d" relativeResultsDirectory="9fbc1385-7719-4db1-82e3-be6b745c9e07" />
    <UnitTestResult executionId="1475a131-dd55-4e7a-9d5f-9538ceb8d24d" testId="cb90a4b6-5413-6334-a88c-d9e37624202c" testName="Appostolic.Api.Tests.Api.InvitesRolesFlagsTests.Create_Invite_With_Invalid_Role_Flag_Is_400" computerName="MacBook-Pro-2" duration="00:00:00.0031094" startTime="2025-09-15T12:34:34.3736590-05:00" endTime="2025-09-15T12:34:34.3736590-05:00" testType="13cdc9d9-ddb5-4fa4-a97d-d965ccfc6d4b" outcome="Passed" testListId="8c84fa94-04c1-424b-9868-57a2d4851a1d" relativeResultsDirectory="1475a131-dd55-4e7a-9d5f-9538ceb8d24d" />
    <UnitTestResult executionId="4033607e-1537-44b9-a490-f7cf28ac9672" testId="5818c4b0-5040-ff57-2a21-3715c31b378e" testName="Appostolic.Api.Tests.NotificationEnqueuerTests.QueueInvite_uses_relative_when_base_missing" computerName="MacBook-Pro-2" duration="00:00:00.0008510" startTime="2025-09-15T12:34:38.9873510-05:00" endTime="2025-09-15T12:34:38.9873510-05:00" testType="13cdc9d9-ddb5-4fa4-a97d-d965ccfc6d4b" outcome="Passed" testListId="8c84fa94-04c1-424b-9868-57a2d4851a1d" relativeResultsDirectory="4033607e-1537-44b9-a490-f7cf28ac9672" />
    <UnitTestResult executionId="985d3885-fe0d-4c4d-86ef-a4326053b524" testId="c8cdac31-ad32-9a02-508c-02a988e5e017" testName="DbQueryToolTests.Reject_non_select" computerName="MacBook-Pro-2" duration="00:00:00.0003762" startTime="2025-09-15T12:34:32.2717510-05:00" endTime="2025-09-15T12:34:32.2717510-05:00" testType="13cdc9d9-ddb5-4fa4-a97d-d965ccfc6d4b" outcome="Passed" testListId="8c84fa94-04c1-424b-9868-57a2d4851a1d" relativeResultsDirectory="985d3885-fe0d-4c4d-86ef-a4326053b524" />
    <UnitTestResult executionId="82e2c49e-79c8-4ecc-a3a7-29d32c333b84" testId="8499e5e2-c09d-d64e-ab91-715c51a15d3b" testName="Appostolic.Api.Tests.ModelMappingTests.Agent_ToolAllowlist_has_column_type_jsonb" computerName="MacBook-Pro-2" duration="00:00:00.0003408" startTime="2025-09-15T12:34:39.8983490-05:00" endTime="2025-09-15T12:34:39.8983490-05:00" testType="13cdc9d9-ddb5-4fa4-a97d-d965ccfc6d4b" outcome="Passed" testListId="8c84fa94-04c1-424b-9868-57a2d4851a1d" relativeResultsDirectory="82e2c49e-79c8-4ecc-a3a7-29d32c333b84" />
    <UnitTestResult executionId="aec487c1-b612-4c69-9295-1ba9aca20c7f" testId="37b7f024-73bb-98ae-d17f-d1c0ce9f17e8" testName="Appostolic.Api.Tests.ModelMappingTests.AgentTrace_Kind_is_mapped_as_int" computerName="MacBook-Pro-2" duration="00:00:00.1413796" startTime="2025-09-15T12:34:39.8438210-05:00" endTime="2025-09-15T12:34:39.8438220-05:00" testType="13cdc9d9-ddb5-4fa4-a97d-d965ccfc6d4b" outcome="Passed" testListId="8c84fa94-04c1-424b-9868-57a2d4851a1d" relativeResultsDirectory="aec487c1-b612-4c69-9295-1ba9aca20c7f" />
    <UnitTestResult executionId="c1d2ec3f-f152-4ed0-919d-de9366e2de89" testId="e74b4a4d-4fe0-004f-1c01-e9508924afd9" testName="Appostolic.Api.Tests.Api.AgentsEndpointsTests.Agents_Validation_Errors" computerName="MacBook-Pro-2" duration="00:00:00.1616388" startTime="2025-09-15T12:34:38.9501460-05:00" endTime="2025-09-15T12:34:38.9501460-05:00" testType="13cdc9d9-ddb5-4fa4-a97d-d965ccfc6d4b" outcome="Passed" testListId="8c84fa94-04c1-424b-9868-57a2d4851a1d" relativeResultsDirectory="c1d2ec3f-f152-4ed0-919d-de9366e2de89" />
    <UnitTestResult executionId="9e4f521c-186f-42f6-a915-078c636c7acf" testId="5ad39d2c-d77f-b72d-621d-dc03058b3c06" testName="Appostolic.Api.Tests.Notifications.MagicLinkEmailTests.Renders_MagicLink_Snapshots_With_Link" computerName="MacBook-Pro-2" duration="00:00:00.0321443" startTime="2025-09-15T12:34:31.3665810-05:00" endTime="2025-09-15T12:34:31.3665810-05:00" testType="13cdc9d9-ddb5-4fa4-a97d-d965ccfc6d4b" outcome="Passed" testListId="8c84fa94-04c1-424b-9868-57a2d4851a1d" relativeResultsDirectory="9e4f521c-186f-42f6-a915-078c636c7acf" />
    <UnitTestResult executionId="6d1419ee-ea20-41e8-bac5-f88e43ac536d" testId="02f4c01b-4d57-cea6-940b-91f660d6b3a5" testName="Appostolic.Api.Tests.SendGridEmailSenderTests.Sends_on_202_Accepted" computerName="MacBook-Pro-2" duration="00:00:00.0003153" startTime="2025-09-15T12:34:42.8693530-05:00" endTime="2025-09-15T12:34:42.8693530-05:00" testType="13cdc9d9-ddb5-4fa4-a97d-d965ccfc6d4b" outcome="Passed" testListId="8c84fa94-04c1-424b-9868-57a2d4851a1d" relativeResultsDirectory="6d1419ee-ea20-41e8-bac5-f88e43ac536d" />
    <UnitTestResult executionId="81f9d9c3-335b-4d00-80b3-9875d7ea8f91" testId="df92ad96-32d4-9c44-0398-97a52600538f" testName="Appostolic.Api.Tests.Model.TokenEstimatorTests.EstimateTokens_Heuristic_CeilPer4Chars(text: &quot;abcdefghi&quot;, expected: 3)" computerName="MacBook-Pro-2" duration="00:00:00.0000058" startTime="2025-09-15T12:34:34.3751670-05:00" endTime="2025-09-15T12:34:34.3751670-05:00" testType="13cdc9d9-ddb5-4fa4-a97d-d965ccfc6d4b" outcome="Passed" testListId="8c84fa94-04c1-424b-9868-57a2d4851a1d" relativeResultsDirectory="81f9d9c3-335b-4d00-80b3-9875d7ea8f91" />
    <UnitTestResult executionId="403faa55-b2aa-4e97-a1bf-4b4885d778e5" testId="811026c2-41ce-4e18-121d-862774cd6272" testName="DbQueryToolTests.Select_lessons_where_id_param_object" computerName="MacBook-Pro-2" duration="00:00:00.0029636" startTime="2025-09-15T12:34:32.2713120-05:00" endTime="2025-09-15T12:34:32.2713120-05:00" testType="13cdc9d9-ddb5-4fa4-a97d-d965ccfc6d4b" outcome="Passed" testListId="8c84fa94-04c1-424b-9868-57a2d4851a1d" relativeResultsDirectory="403faa55-b2aa-4e97-a1bf-4b4885d778e5" />
    <UnitTestResult executionId="e01d255a-b0c4-4dc2-85d3-3f5f548341ac" testId="8e56ee2d-296c-f180-2ad1-a3abd5b19292" testName="Appostolic.Api.Tests.AgentOrchestratorTests.ToolMissing_FailsWithToolNotFound" computerName="MacBook-Pro-2" duration="00:00:00.0008176" startTime="2025-09-15T12:34:34.3871580-05:00" endTime="2025-09-15T12:34:34.3871580-05:00" testType="13cdc9d9-ddb5-4fa4-a97d-d965ccfc6d4b" outcome="Passed" testListId="8c84fa94-04c1-424b-9868-57a2d4851a1d" relativeResultsDirectory="e01d255a-b0c4-4dc2-85d3-3f5f548341ac" />
    <UnitTestResult executionId="863e94a1-c605-461e-b9a6-1e0ec53acb3b" testId="80cb1a83-dede-f3ba-117a-352364082463" testName="Appostolic.Api.Tests.Api.MembersManagementTests.Owner_can_promote_editor_to_admin" computerName="MacBook-Pro-2" duration="00:00:00.0120001" startTime="2025-09-15T12:34:32.6322210-05:00" endTime="2025-09-15T12:34:32.6322220-05:00" testType="13cdc9d9-ddb5-4fa4-a97d-d965ccfc6d4b" outcome="Passed" testListId="8c84fa94-04c1-424b-9868-57a2d4851a1d" relativeResultsDirectory="863e94a1-c605-461e-b9a6-1e0ec53acb3b" />
    <UnitTestResult executionId="034dc841-1843-4dda-8589-ddd1334e13eb" testId="d23daa8f-5725-d1c6-7d7a-83c05e893d1b" testName="Appostolic.Api.Tests.Api.NotificationsProdEndpointsTests.Superadmin_can_list_cross_tenant" computerName="MacBook-Pro-2" duration="00:00:00.1734223" startTime="2025-09-15T12:34:38.7815240-05:00" endTime="2025-09-15T12:34:38.7815240-05:00" testType="13cdc9d9-ddb5-4fa4-a97d-d965ccfc6d4b" outcome="Passed" testListId="8c84fa94-04c1-424b-9868-57a2d4851a1d" relativeResultsDirectory="034dc841-1843-4dda-8589-ddd1334e13eb" />
    <UnitTestResult executionId="24674911-2e82-44e1-af55-06893b5d7395" testId="30aa5bc1-9211-739f-532d-176c6c3c3a30" testName="Appostolic.Api.Tests.Orchestrator.AgentOrchestratorTests.MaxStepsExceeded_FailsAfterCap" computerName="MacBook-Pro-2" duration="00:00:00.0009919" startTime="2025-09-15T12:34:33.8459850-05:00" endTime="2025-09-15T12:34:33.8459850-05:00" testType="13cdc9d9-ddb5-4fa4-a97d-d965ccfc6d4b" outcome="Passed" testListId="8c84fa94-04c1-424b-9868-57a2d4851a1d" relativeResultsDirectory="24674911-2e82-44e1-af55-06893b5d7395" />
    <UnitTestResult executionId="fc9c2d9f-3e35-4fee-91ed-00ec49230e3e" testId="bde04400-fb2a-d1b4-e9d5-727f1b9bbed1" testName="Appostolic.Api.Tests.EmailDispatcherTests.Dispatcher_redacts_email_in_log_scope" computerName="MacBook-Pro-2" duration="00:00:00.0013928" startTime="2025-09-15T12:34:34.3792770-05:00" endTime="2025-09-15T12:34:34.3792770-05:00" testType="13cdc9d9-ddb5-4fa4-a97d-d965ccfc6d4b" outcome="Passed" testListId="8c84fa94-04c1-424b-9868-57a2d4851a1d" relativeResultsDirectory="fc9c2d9f-3e35-4fee-91ed-00ec49230e3e" />
    <UnitTestResult executionId="bf298bb8-a156-4024-ac26-41bd738fc009" testId="2e294ae5-fc9b-2692-1d65-f4ebb89ab5ef" testName="Appostolic.Api.Tests.Api.NotificationsAdminEndpointsTests.Dlq_replay_requeues_and_publishes_ids" computerName="MacBook-Pro-2" duration="00:00:00.1866452" startTime="2025-09-15T12:34:35.6981030-05:00" endTime="2025-09-15T12:34:35.6981030-05:00" testType="13cdc9d9-ddb5-4fa4-a97d-d965ccfc6d4b" outcome="Passed" testListId="8c84fa94-04c1-424b-9868-57a2d4851a1d" relativeResultsDirectory="bf298bb8-a156-4024-ac26-41bd738fc009" />
    <UnitTestResult executionId="c987004d-eb8f-49db-bbf9-b0d400ce93ee" testId="c3e1478d-2cae-8f80-3a89-04eb9dac0acb" testName="Appostolic.Api.Tests.Api.NotificationsWebhookTests.SendGridWebhook_forbidden_when_token_mismatch" computerName="MacBook-Pro-2" duration="00:00:00.1566161" startTime="2025-09-15T12:34:32.9865960-05:00" endTime="2025-09-15T12:34:32.9865960-05:00" testType="13cdc9d9-ddb5-4fa4-a97d-d965ccfc6d4b" outcome="Passed" testListId="8c84fa94-04c1-424b-9868-57a2d4851a1d" relativeResultsDirectory="c987004d-eb8f-49db-bbf9-b0d400ce93ee" />
    <UnitTestResult executionId="0b82ba0f-166c-4b4e-9f5b-1445ba30ad69" testId="b672c70e-eca2-f979-b482-5169b705a205" testName="Appostolic.Api.Tests.Api.AgentsEndpointsTests.Agents_CRUD_HappyPath" computerName="MacBook-Pro-2" duration="00:00:00.0282938" startTime="2025-09-15T12:34:38.9786720-05:00" endTime="2025-09-15T12:34:38.9786720-05:00" testType="13cdc9d9-ddb5-4fa4-a97d-d965ccfc6d4b" outcome="Passed" testListId="8c84fa94-04c1-424b-9868-57a2d4851a1d" relativeResultsDirectory="0b82ba0f-166c-4b4e-9f5b-1445ba30ad69" />
    <UnitTestResult executionId="ff8ba331-90b8-4704-9c7d-47b1ce2d8cfb" testId="81f70a90-5f17-3107-1751-37f6a5b41791" testName="Appostolic.Api.Tests.Api.InvitesAcceptTests.Accept_With_Invalid_Token_Fails" computerName="MacBook-Pro-2" duration="00:00:00.0033007" startTime="2025-09-15T12:34:43.3992090-05:00" endTime="2025-09-15T12:34:43.3992090-05:00" testType="13cdc9d9-ddb5-4fa4-a97d-d965ccfc6d4b" outcome="Passed" testListId="8c84fa94-04c1-424b-9868-57a2d4851a1d" relativeResultsDirectory="ff8ba331-90b8-4704-9c7d-47b1ce2d8cfb" />
    <UnitTestResult executionId="66bdc4c9-d8ae-4159-a4fc-7de35da9050b" testId="515d6282-fd19-872e-c191-d3eda2049a23" testName="Appostolic.Api.Tests.Api.AuthPasswordFlowsTests.ForgotPassword_AcceptsAndStoresToken_SendsEmail" computerName="MacBook-Pro-2" duration="00:00:00.0145830" startTime="2025-09-15T12:34:41.4492780-05:00" endTime="2025-09-15T12:34:41.4492780-05:00" testType="13cdc9d9-ddb5-4fa4-a97d-d965ccfc6d4b" outcome="Passed" testListId="8c84fa94-04c1-424b-9868-57a2d4851a1d" relativeResultsDirectory="66bdc4c9-d8ae-4159-a4fc-7de35da9050b" />
    <UnitTestResult executionId="267b9df7-35ab-4ad8-9808-f72ca86bad33" testId="e507a4d5-4aa9-7d32-05a9-ecfa3f03323d" testName="Appostolic.Api.Tests.Security.AgentTasksAuthContractTests.ListEndpoint_RequiresDevHeaders" computerName="MacBook-Pro-2" duration="00:00:00.5921676" startTime="2025-09-15T12:34:31.3226540-05:00" endTime="2025-09-15T12:34:31.3226540-05:00" testType="13cdc9d9-ddb5-4fa4-a97d-d965ccfc6d4b" outcome="Passed" testListId="8c84fa94-04c1-424b-9868-57a2d4851a1d" relativeResultsDirectory="267b9df7-35ab-4ad8-9808-f72ca86bad33" />
    <UnitTestResult executionId="e149e5e4-6cc8-4437-b3fe-82955e861df3" testId="54bfc83b-71cd-70be-2e17-0d354a18b25a" testName="Appostolic.Api.Tests.Notifications.NotificationsRetentionTests.Purger_removes_expired_dedupes_and_old_notifications" computerName="MacBook-Pro-2" duration="00:00:00.0048859" startTime="2025-09-15T12:34:44.2693350-05:00" endTime="2025-09-15T12:34:44.2693350-05:00" testType="13cdc9d9-ddb5-4fa4-a97d-d965ccfc6d4b" outcome="Passed" testListId="8c84fa94-04c1-424b-9868-57a2d4851a1d" relativeResultsDirectory="e149e5e4-6cc8-4437-b3fe-82955e861df3" />
    <UnitTestResult executionId="714c9354-3f30-4f87-bf15-68391fc1f3c4" testId="e1e10047-9c95-2461-ef88-42d3da0fbb82" testName="Appostolic.Api.Tests.E2E.AgentTasksE2E_Golden.HappyPath_projection_matches_golden_fixture" computerName="MacBook-Pro-2" duration="00:00:00.3056214" startTime="2025-09-15T12:34:35.5110340-05:00" endTime="2025-09-15T12:34:35.5110340-05:00" testType="13cdc9d9-ddb5-4fa4-a97d-d965ccfc6d4b" outcome="Passed" testListId="8c84fa94-04c1-424b-9868-57a2d4851a1d" relativeResultsDirectory="714c9354-3f30-4f87-bf15-68391fc1f3c4" />
    <UnitTestResult executionId="d4147b67-67e0-47f9-8e35-429a54b2a7e5" testId="2f6106d4-2d27-0ec0-388a-a0a0d64b80ea" testName="Appostolic.Api.Tests.Model.TokenEstimatorTests.EstimateTokens_Heuristic_CeilPer4Chars(text: &quot;abcde&quot;, expected: 2)" computerName="MacBook-Pro-2" duration="00:00:00.0000022" startTime="2025-09-15T12:34:34.3753320-05:00" endTime="2025-09-15T12:34:34.3753320-05:00" testType="13cdc9d9-ddb5-4fa4-a97d-d965ccfc6d4b" outcome="Passed" testListId="8c84fa94-04c1-424b-9868-57a2d4851a1d" relativeResultsDirectory="d4147b67-67e0-47f9-8e35-429a54b2a7e5" />
    <UnitTestResult executionId="ec98505e-8b6f-4cce-b1b0-cbbf147e7466" testId="051a87a0-4947-acab-5222-3cc970dba0ba" testName="Appostolic.Api.Tests.Notifications.NotificationsResendTests.Can_insert_child_with_resend_of_fk" computerName="MacBook-Pro-2" duration="00:00:00.0053517" startTime="2025-09-15T12:34:44.2643280-05:00" endTime="2025-09-15T12:34:44.2643280-05:00" testType="13cdc9d9-ddb5-4fa4-a97d-d965ccfc6d4b" outcome="Passed" testListId="8c84fa94-04c1-424b-9868-57a2d4851a1d" relativeResultsDirectory="ec98505e-8b6f-4cce-b1b0-cbbf147e7466" />
    <UnitTestResult executionId="fd662e29-20d5-4915-87f4-68bbce383593" testId="d079b60f-9bd9-c7a1-855f-178e519346dc" testName="Appostolic.Api.Tests.EmailDispatcherTests.Dispatcher_logs_correlation_fields_when_present" computerName="MacBook-Pro-2" duration="00:00:00.0027497" startTime="2025-09-15T12:34:34.3777420-05:00" endTime="2025-09-15T12:34:34.3777420-05:00" testType="13cdc9d9-ddb5-4fa4-a97d-d965ccfc6d4b" outcome="Passed" testListId="8c84fa94-04c1-424b-9868-57a2d4851a1d" relativeResultsDirectory="fd662e29-20d5-4915-87f4-68bbce383593" />
    <UnitTestResult executionId="b34495b7-6d3a-482e-985f-f02df8f03f81" testId="12c3c514-0e1a-a711-90d4-344685873f0e" testName="Appostolic.Api.AuthTests.LoginTests.Login_InvalidCredentials_Returns401" computerName="MacBook-Pro-2" duration="00:00:00.1579519" startTime="2025-09-15T12:34:34.5600880-05:00" endTime="2025-09-15T12:34:34.5600880-05:00" testType="13cdc9d9-ddb5-4fa4-a97d-d965ccfc6d4b" outcome="Passed" testListId="8c84fa94-04c1-424b-9868-57a2d4851a1d" relativeResultsDirectory="b34495b7-6d3a-482e-985f-f02df8f03f81" />
    <UnitTestResult executionId="d6122e45-5855-40f8-91e8-2f9340802987" testId="50c609b5-3f14-814d-a1e7-5260305a9b12" testName="Appostolic.Api.Tests.AgentTasks.AgentTasksCancelRetryTests.Cancel_Terminal_Task_Returns409" computerName="MacBook-Pro-2" duration="00:00:00.0330998" startTime="2025-09-15T12:34:31.6874690-05:00" endTime="2025-09-15T12:34:31.6874690-05:00" testType="13cdc9d9-ddb5-4fa4-a97d-d965ccfc6d4b" outcome="Passed" testListId="8c84fa94-04c1-424b-9868-57a2d4851a1d" relativeResultsDirectory="d6122e45-5855-40f8-91e8-2f9340802987" />
    <UnitTestResult executionId="8d2a1565-c48f-4d5f-a536-86e30671e53b" testId="94ec43a1-8d1a-e493-b213-b33a5a6877b2" testName="FsWriteToolTests.Rejects_path_traversal" computerName="MacBook-Pro-2" duration="00:00:00.0006005" startTime="2025-09-15T12:34:31.9509300-05:00" endTime="2025-09-15T12:34:31.9509300-05:00" testType="13cdc9d9-ddb5-4fa4-a97d-d965ccfc6d4b" outcome="Passed" testListId="8c84fa94-04c1-424b-9868-57a2d4851a1d" relativeResultsDirectory="8d2a1565-c48f-4d5f-a536-86e30671e53b" />
    <UnitTestResult executionId="ae190387-0af4-4c6f-b65f-aab4a84012cd" testId="3494b3d5-98dd-209c-c4b4-d8d0bff712f0" testName="FsWriteToolTests.Writes_file_under_root_and_returns_sha" computerName="MacBook-Pro-2" duration="00:00:00.0050246" startTime="2025-09-15T12:34:31.9502960-05:00" endTime="2025-09-15T12:34:31.9502960-05:00" testType="13cdc9d9-ddb5-4fa4-a97d-d965ccfc6d4b" outcome="Passed" testListId="8c84fa94-04c1-424b-9868-57a2d4851a1d" relativeResultsDirectory="ae190387-0af4-4c6f-b65f-aab4a84012cd" />
    <UnitTestResult executionId="6336d353-33d2-4251-b25e-ed0be6372f51" testId="ed8d7d20-a6f1-0500-d78a-14c17a721b87" testName="Appostolic.Api.Tests.AgentOrchestratorTests.MaxStepsExceeded_FailsAfterCap" computerName="MacBook-Pro-2" duration="00:00:00.0012083" startTime="2025-09-15T12:34:34.3848090-05:00" endTime="2025-09-15T12:34:34.3848100-05:00" testType="13cdc9d9-ddb5-4fa4-a97d-d965ccfc6d4b" outcome="Passed" testListId="8c84fa94-04c1-424b-9868-57a2d4851a1d" relativeResultsDirectory="6336d353-33d2-4251-b25e-ed0be6372f51" />
    <UnitTestResult executionId="f64e1991-ce7c-404c-b256-cb5055121316" testId="6e2b7510-d3ae-c174-2b57-710f63c82ad0" testName="TemplateRendererTests.Verification_template_renders_link_and_subject" computerName="MacBook-Pro-2" duration="00:00:00.0007460" startTime="2025-09-15T12:34:32.6574940-05:00" endTime="2025-09-15T12:34:32.6574940-05:00" testType="13cdc9d9-ddb5-4fa4-a97d-d965ccfc6d4b" outcome="Passed" testListId="8c84fa94-04c1-424b-9868-57a2d4851a1d" relativeResultsDirectory="f64e1991-ce7c-404c-b256-cb5055121316" />
    <UnitTestResult executionId="09afa764-3cc0-4a20-b234-ae579a5127ff" testId="2c0e3ce9-5829-44ef-fbae-e96e2c0f5de9" testName="Appostolic.Api.Tests.Model.TokenEstimatorTests.EstimateTokens_Heuristic_CeilPer4Chars(text: &quot;abcdefgh&quot;, expected: 2)" computerName="MacBook-Pro-2" duration="00:00:00.0000870" startTime="2025-09-15T12:34:34.3747390-05:00" endTime="2025-09-15T12:34:34.3747390-05:00" testType="13cdc9d9-ddb5-4fa4-a97d-d965ccfc6d4b" outcome="Passed" testListId="8c84fa94-04c1-424b-9868-57a2d4851a1d" relativeResultsDirectory="09afa764-3cc0-4a20-b234-ae579a5127ff" />
    <UnitTestResult executionId="af056bf2-fc4f-4914-a315-8a9754cff2be" testId="e0724a8e-d699-09ac-c090-59791deb23d9" testName="Appostolic.Api.Tests.Api.NotificationsAdminEndpointsTests.Resend_dev_endpoint_creates_and_throttles" computerName="MacBook-Pro-2" duration="00:00:00.1680927" startTime="2025-09-15T12:34:35.8665170-05:00" endTime="2025-09-15T12:34:35.8665170-05:00" testType="13cdc9d9-ddb5-4fa4-a97d-d965ccfc6d4b" outcome="Passed" testListId="8c84fa94-04c1-424b-9868-57a2d4851a1d" relativeResultsDirectory="af056bf2-fc4f-4914-a315-8a9754cff2be" />
    <UnitTestResult executionId="3afbc708-9117-4032-890f-8c2ba962e5a9" testId="d8682838-1d38-dd8e-6c89-ae1bda81fecb" testName="Appostolic.Api.Tests.Api.MembersListTests.Owner_can_list_members" computerName="MacBook-Pro-2" duration="00:00:00.0131933" startTime="2025-09-15T12:34:32.8261800-05:00" endTime="2025-09-15T12:34:32.8261800-05:00" testType="13cdc9d9-ddb5-4fa4-a97d-d965ccfc6d4b" outcome="Passed" testListId="8c84fa94-04c1-424b-9868-57a2d4851a1d" relativeResultsDirectory="3afbc708-9117-4032-890f-8c2ba962e5a9" />
    <UnitTestResult executionId="fe4a48f5-12c1-430d-894c-923a5e1d8429" testId="f53587d7-cc90-0182-8a77-44034bb01e5e" testName="Appostolic.Api.Tests.ModelMappingTests.Agent_indexes_are_configured_in_model" computerName="MacBook-Pro-2" duration="00:00:00.0003182" startTime="2025-09-15T12:34:39.8986870-05:00" endTime="2025-09-15T12:34:39.8986870-05:00" testType="13cdc9d9-ddb5-4fa4-a97d-d965ccfc6d4b" outcome="Passed" testListId="8c84fa94-04c1-424b-9868-57a2d4851a1d" relativeResultsDirectory="fe4a48f5-12c1-430d-894c-923a5e1d8429" />
    <UnitTestResult executionId="5f0da7c6-f77d-4c28-a4ec-65855b7bfc65" testId="7c574249-6de4-087c-ac92-00dedf541e78" testName="Appostolic.Api.Tests.Api.NotificationsProdEndpointsTests.Tenant_owner_can_list_and_retry_within_tenant" computerName="MacBook-Pro-2" duration="00:00:00.1635031" startTime="2025-09-15T12:34:38.6078740-05:00" endTime="2025-09-15T12:34:38.6078740-05:00" testType="13cdc9d9-ddb5-4fa4-a97d-d965ccfc6d4b" outcome="Passed" testListId="8c84fa94-04c1-424b-9868-57a2d4851a1d" relativeResultsDirectory="5f0da7c6-f77d-4c28-a4ec-65855b7bfc65" />
    <UnitTestResult executionId="d0e09e5e-9aec-462a-af11-c4fa70826518" testId="4f93dd2b-351a-bca6-2b8b-95fc20f20ddd" testName="Appostolic.Api.Tests.AgentTasks.AgentTasksListFilterPaginationTests.Paging_Returns_XTotalCount_And_DescOrdering" computerName="MacBook-Pro-2" duration="00:00:00.1364793" startTime="2025-09-15T12:34:38.1040680-05:00" endTime="2025-09-15T12:34:38.1040680-05:00" testType="13cdc9d9-ddb5-4fa4-a97d-d965ccfc6d4b" outcome="Passed" testListId="8c84fa94-04c1-424b-9868-57a2d4851a1d" relativeResultsDirectory="d0e09e5e-9aec-462a-af11-c4fa70826518" />
    <UnitTestResult executionId="84032385-0dac-4465-b15e-a630c00d3da4" testId="04a8bdbc-fefc-28fe-9d41-eb27166daebb" testName="Appostolic.Api.Tests.Api.InvitesRolesFlagsTests.Create_Invite_With_Roles_Flags_Persists_And_Lists" computerName="MacBook-Pro-2" duration="00:00:00.1664749" startTime="2025-09-15T12:34:34.3255190-05:00" endTime="2025-09-15T12:34:34.3255190-05:00" testType="13cdc9d9-ddb5-4fa4-a97d-d965ccfc6d4b" outcome="Passed" testListId="8c84fa94-04c1-424b-9868-57a2d4851a1d" relativeResultsDirectory="84032385-0dac-4465-b15e-a630c00d3da4" />
    <UnitTestResult executionId="cd5e3999-a169-419f-bf37-69068abad749" testId="1c8df7f1-aa05-88d6-f922-5ecb50d1b5d9" testName="Appostolic.Api.Tests.ModelMappingTests.Agent_ToolAllowlist_is_jsonb_and_roundtrips_like_array" computerName="MacBook-Pro-2" duration="00:00:00.0040790" startTime="2025-09-15T12:34:39.8479330-05:00" endTime="2025-09-15T12:34:39.8479330-05:00" testType="13cdc9d9-ddb5-4fa4-a97d-d965ccfc6d4b" outcome="Passed" testListId="8c84fa94-04c1-424b-9868-57a2d4851a1d" relativeResultsDirectory="cd5e3999-a169-419f-bf37-69068abad749" />
    <UnitTestResult executionId="f5a29e15-05a9-4c7f-90ec-793087677b87" testId="c2441ddc-565a-93d7-0c28-f73ca97b9486" testName="Appostolic.Api.Tests.Orchestrator.TokenAggregationTests.AggregatesTokens_And_ComputesCost_WhenPricingEnabled" computerName="MacBook-Pro-2" duration="00:00:00.0016467" startTime="2025-09-15T12:34:33.8422780-05:00" endTime="2025-09-15T12:34:33.8422790-05:00" testType="13cdc9d9-ddb5-4fa4-a97d-d965ccfc6d4b" outcome="Passed" testListId="8c84fa94-04c1-424b-9868-57a2d4851a1d" relativeResultsDirectory="f5a29e15-05a9-4c7f-90ec-793087677b87" />
    <UnitTestResult executionId="25612091-41a9-4fde-b121-470adc1e5a66" testId="8a436d67-15f2-8a6f-b3c8-3df7d72a7066" testName="Appostolic.Api.Tests.E2E.AgentTasksE2E_Allowlist.Allowlist_Denied_Tool_Produces_Failed_Task_With_Error_Trace" computerName="MacBook-Pro-2" duration="00:00:00.5172371" startTime="2025-09-15T12:34:43.9170720-05:00" endTime="2025-09-15T12:34:43.9170720-05:00" testType="13cdc9d9-ddb5-4fa4-a97d-d965ccfc6d4b" outcome="Passed" testListId="8c84fa94-04c1-424b-9868-57a2d4851a1d" relativeResultsDirectory="25612091-41a9-4fde-b121-470adc1e5a66" />
    <UnitTestResult executionId="ed08faf2-b9aa-48ac-a86d-dfd5ecfbe1f4" testId="29cdf802-09fa-4c20-1649-a919d0e03e4d" testName="Appostolic.Api.Tests.Api.AssignmentsApiTests.Set_roles_replaces_flags_and_allows_noop" computerName="MacBook-Pro-2" duration="00:00:00.0144615" startTime="2025-09-15T12:34:31.9252610-05:00" endTime="2025-09-15T12:34:31.9252610-05:00" testType="13cdc9d9-ddb5-4fa4-a97d-d965ccfc6d4b" outcome="Passed" testListId="8c84fa94-04c1-424b-9868-57a2d4851a1d" relativeResultsDirectory="ed08faf2-b9aa-48ac-a86d-dfd5ecfbe1f4" />
    <UnitTestResult executionId="b0acb1c6-0567-4dd4-a0a1-a6e63f9adb0a" testId="d9d051a9-d261-1011-dbde-e42b30d539a9" testName="Appostolic.Api.Tests.Orchestrator.AgentOrchestratorTests.ToolMissing_FailsWithToolNotFound" computerName="MacBook-Pro-2" duration="00:00:00.0008241" startTime="2025-09-15T12:34:33.8512230-05:00" endTime="2025-09-15T12:34:33.8512230-05:00" testType="13cdc9d9-ddb5-4fa4-a97d-d965ccfc6d4b" outcome="Passed" testListId="8c84fa94-04c1-424b-9868-57a2d4851a1d" relativeResultsDirectory="b0acb1c6-0567-4dd4-a0a1-a6e63f9adb0a" />
    <UnitTestResult executionId="c56d7201-9d81-4d07-9a52-15b87c432557" testId="0d699ea2-79e9-9f01-d2d5-fca82a358bb0" testName="Appostolic.Api.Tests.Api.NotificationsAdminEndpointsTests.List_and_retry_notifications_work" computerName="MacBook-Pro-2" duration="00:00:00.1942650" startTime="2025-09-15T12:34:36.0610440-05:00" endTime="2025-09-15T12:34:36.0610440-05:00" testType="13cdc9d9-ddb5-4fa4-a97d-d965ccfc6d4b" outcome="Passed" testListId="8c84fa94-04c1-424b-9868-57a2d4851a1d" relativeResultsDirectory="c56d7201-9d81-4d07-9a52-15b87c432557" />
    <UnitTestResult executionId="36e2f877-c25a-407e-9578-ca354d936281" testId="21127838-ea89-b283-653a-0b46d8acc590" testName="Appostolic.Api.Tests.EmailDedupeTests.Dedupe_suppresses_duplicate_messages" computerName="MacBook-Pro-2" duration="00:00:00.3041873" startTime="2025-09-15T12:34:32.2558000-05:00" endTime="2025-09-15T12:34:32.2558000-05:00" testType="13cdc9d9-ddb5-4fa4-a97d-d965ccfc6d4b" outcome="Passed" testListId="8c84fa94-04c1-424b-9868-57a2d4851a1d" relativeResultsDirectory="36e2f877-c25a-407e-9578-ca354d936281" />
    <UnitTestResult executionId="4f65d292-8edd-4d88-ac02-15bb30a2707c" testId="d59725be-2270-85f4-1a24-f28884383b83" testName="Appostolic.Api.Tests.Api.NotificationsAdminEndpointsTests.Resend_history_lists_children_with_paging_and_scoping" computerName="MacBook-Pro-2" duration="00:00:00.1912101" startTime="2025-09-15T12:34:36.2525140-05:00" endTime="2025-09-15T12:34:36.2525140-05:00" testType="13cdc9d9-ddb5-4fa4-a97d-d965ccfc6d4b" outcome="Passed" testListId="8c84fa94-04c1-424b-9868-57a2d4851a1d" relativeResultsDirectory="4f65d292-8edd-4d88-ac02-15bb30a2707c" />
    <UnitTestResult executionId="8955db0b-e43e-4a47-907c-21c2976924fe" testId="a11d6311-0314-291e-6c87-0745cc1eace8" testName="Appostolic.Api.Tests.Observability.TelemetrySmokeTests.HappyPath_Emits_Spans_And_Metrics" computerName="MacBook-Pro-2" duration="00:00:00.3487926" startTime="2025-09-15T12:34:30.7292270-05:00" endTime="2025-09-15T12:34:30.7292270-05:00" testType="13cdc9d9-ddb5-4fa4-a97d-d965ccfc6d4b" outcome="Passed" testListId="8c84fa94-04c1-424b-9868-57a2d4851a1d" relativeResultsDirectory="8955db0b-e43e-4a47-907c-21c2976924fe" />
    <UnitTestResult executionId="e751e64f-8ab9-4f18-adca-5e601f261b2b" testId="c17747a3-eb4e-63bf-0bc9-279a4928ed40" testName="Appostolic.Api.Tests.EmailDispatcherTests.Enqueue_sends_via_sender" computerName="MacBook-Pro-2" duration="00:00:00.0013739" startTime="2025-09-15T12:34:34.3808240-05:00" endTime="2025-09-15T12:34:34.3808240-05:00" testType="13cdc9d9-ddb5-4fa4-a97d-d965ccfc6d4b" outcome="Passed" testListId="8c84fa94-04c1-424b-9868-57a2d4851a1d" relativeResultsDirectory="e751e64f-8ab9-4f18-adca-5e601f261b2b" />
    <UnitTestResult executionId="aa892ec7-b32f-4b76-ad8e-e767427d6886" testId="fc6317ac-4f9e-d443-bb9c-db2ea41d1b6d" testName="Appostolic.Api.Tests.Api.AssignmentsApiTests.Non_admin_cannot_set_roles" computerName="MacBook-Pro-2" duration="00:00:00.0020371" startTime="2025-09-15T12:34:31.9448460-05:00" endTime="2025-09-15T12:34:31.9448460-05:00" testType="13cdc9d9-ddb5-4fa4-a97d-d965ccfc6d4b" outcome="Passed" testListId="8c84fa94-04c1-424b-9868-57a2d4851a1d" relativeResultsDirectory="aa892ec7-b32f-4b76-ad8e-e767427d6886" />
    <UnitTestResult executionId="605dd4b8-02f1-4209-b23b-0cb9d9eddd03" testId="784ad7dc-5a89-a731-4a54-d985f0ba330c" testName="Appostolic.Api.Tests.Notifications.AutoResendScannerTests.Respects_throttle_window" computerName="MacBook-Pro-2" duration="00:00:00.0032956" startTime="2025-09-15T12:34:31.4326380-05:00" endTime="2025-09-15T12:34:31.4326380-05:00" testType="13cdc9d9-ddb5-4fa4-a97d-d965ccfc6d4b" outcome="Passed" testListId="8c84fa94-04c1-424b-9868-57a2d4851a1d" relativeResultsDirectory="605dd4b8-02f1-4209-b23b-0cb9d9eddd03" />
    <UnitTestResult executionId="eadc3006-d64d-4ce3-8f2f-42f9d96b17fa" testId="ad304976-430a-8b69-e0d9-931ece855b31" testName="Appostolic.Api.Tests.AgentTasks.AgentTasksListFilterPaginationTests.Date_Range_Filter_On_CreatedAt" computerName="MacBook-Pro-2" duration="00:00:00.1954573" startTime="2025-09-15T12:34:37.9292280-05:00" endTime="2025-09-15T12:34:37.9292280-05:00" testType="13cdc9d9-ddb5-4fa4-a97d-d965ccfc6d4b" outcome="Passed" testListId="8c84fa94-04c1-424b-9868-57a2d4851a1d" relativeResultsDirectory="eadc3006-d64d-4ce3-8f2f-42f9d96b17fa" />
    <UnitTestResult executionId="5e3a42b3-e899-4dda-a21d-fd0c1f5967ce" testId="1cfc69b2-92d0-7e18-c868-129765966147" testName="Appostolic.Api.Tests.Auth.SignupTests.Signup_SelfServe_CreatesUserAndPersonalTenant" computerName="MacBook-Pro-2" duration="00:00:00.4354331" startTime="2025-09-15T12:34:39.4255230-05:00" endTime="2025-09-15T12:34:39.4255230-05:00" testType="13cdc9d9-ddb5-4fa4-a97d-d965ccfc6d4b" outcome="Passed" testListId="8c84fa94-04c1-424b-9868-57a2d4851a1d" relativeResultsDirectory="5e3a42b3-e899-4dda-a21d-fd0c1f5967ce" />
    <UnitTestResult executionId="421a2b66-bd9b-4a19-aa2c-d94707ca7fc6" testId="efe354b5-5489-bbb2-88ee-c8f998cb6176" testName="Appostolic.Api.Tests.AgentTasks.AgentTasksListFilterPaginationTests.Agent_Filter_Returns_Only_Matching" computerName="MacBook-Pro-2" duration="00:00:00.0264662" startTime="2025-09-15T12:34:37.9673600-05:00" endTime="2025-09-15T12:34:37.9673600-05:00" testType="13cdc9d9-ddb5-4fa4-a97d-d965ccfc6d4b" outcome="Passed" testListId="8c84fa94-04c1-424b-9868-57a2d4851a1d" relativeResultsDirectory="421a2b66-bd9b-4a19-aa2c-d94707ca7fc6" />
    <UnitTestResult executionId="e1b01b02-c9ff-42a3-bd8b-93c547cbc4d7" testId="bc29c184-0770-c9df-63be-2a52d76ad503" testName="Appostolic.Api.Tests.Notifications.NotificationEnqueuerMagicLinkTests.QueueMagicLink_HashesToken_And_Publishes" computerName="MacBook-Pro-2" duration="00:00:00.0089442" startTime="2025-09-15T12:34:43.2223100-05:00" endTime="2025-09-15T12:34:43.2223100-05:00" testType="13cdc9d9-ddb5-4fa4-a97d-d965ccfc6d4b" outcome="Passed" testListId="8c84fa94-04c1-424b-9868-57a2d4851a1d" relativeResultsDirectory="e1b01b02-c9ff-42a3-bd8b-93c547cbc4d7" />
    <UnitTestResult executionId="79f0907b-a0bc-4230-82d8-85b1ced3a8b2" testId="f36e146c-5e84-0e67-2982-f20e16e0dd68" testName="Appostolic.Api.Tests.ModelMappingTests.Agent_check_constraints_are_configured_in_model" computerName="MacBook-Pro-2" duration="00:00:00.0284521" startTime="2025-09-15T12:34:39.8786220-05:00" endTime="2025-09-15T12:34:39.8786220-05:00" testType="13cdc9d9-ddb5-4fa4-a97d-d965ccfc6d4b" outcome="Passed" testListId="8c84fa94-04c1-424b-9868-57a2d4851a1d" relativeResultsDirectory="79f0907b-a0bc-4230-82d8-85b1ced3a8b2" />
    <UnitTestResult executionId="7ae050fa-2d73-4ab4-ae2f-edd93a3b726f" testId="43ab37ac-8f01-34cd-35d3-1bda726822d7" testName="Appostolic.Api.Tests.Notifications.NotificationDedupeTests.CreateQueuedAsync_blocks_duplicate_within_ttl" computerName="MacBook-Pro-2" duration="00:00:00.0185770" startTime="2025-09-15T12:34:31.4457180-05:00" endTime="2025-09-15T12:34:31.4457180-05:00" testType="13cdc9d9-ddb5-4fa4-a97d-d965ccfc6d4b" outcome="Passed" testListId="8c84fa94-04c1-424b-9868-57a2d4851a1d" relativeResultsDirectory="7ae050fa-2d73-4ab4-ae2f-edd93a3b726f" />
    <UnitTestResult executionId="0ae99e73-fa94-409e-a780-211409f5a71f" testId="eba2e046-3c6c-f48b-f85f-b23828d8319b" testName="Appostolic.Api.Tests.AgentOrchestratorTests.ToolNotAllowed_FailsAndTracesFailure" computerName="MacBook-Pro-2" duration="00:00:00.0025804" startTime="2025-09-15T12:34:34.3835770-05:00" endTime="2025-09-15T12:34:34.3835770-05:00" testType="13cdc9d9-ddb5-4fa4-a97d-d965ccfc6d4b" outcome="Passed" testListId="8c84fa94-04c1-424b-9868-57a2d4851a1d" relativeResultsDirectory="0ae99e73-fa94-409e-a780-211409f5a71f" />
    <UnitTestResult executionId="95a3d690-b23d-4d26-8294-c12b8d3e78c1" testId="2a9f6824-8a17-a193-b18b-3e78fa1bbbd5" testName="Appostolic.Api.Tests.Orchestrator.AgentOrchestratorTests.Cancellation_StopsMidRun" computerName="MacBook-Pro-2" duration="00:00:00.0025742" startTime="2025-09-15T12:34:33.8449670-05:00" endTime="2025-09-15T12:34:33.8449670-05:00" testType="13cdc9d9-ddb5-4fa4-a97d-d965ccfc6d4b" outcome="Passed" testListId="8c84fa94-04c1-424b-9868-57a2d4851a1d" relativeResultsDirectory="95a3d690-b23d-4d26-8294-c12b8d3e78c1" />
    <UnitTestResult executionId="b402797a-6194-46c9-9b3e-37dde1174565" testId="eeaccddf-52e1-1db7-6606-fc19c2721862" testName="Appostolic.Api.Tests.Api.AuthPasswordFlowsTests.ResetPassword_WithValidToken_UpdatesHashAndConsumesToken" computerName="MacBook-Pro-2" duration="00:00:00.3220274" startTime="2025-09-15T12:34:41.7715610-05:00" endTime="2025-09-15T12:34:41.7715610-05:00" testType="13cdc9d9-ddb5-4fa4-a97d-d965ccfc6d4b" outcome="Passed" testListId="8c84fa94-04c1-424b-9868-57a2d4851a1d" relativeResultsDirectory="b402797a-6194-46c9-9b3e-37dde1174565" />
    <UnitTestResult executionId="c6316d58-59b7-4d22-bbe8-b6354b19d636" testId="f7e247f1-8de7-594b-e638-b4ec989d69be" testName="Appostolic.Api.Tests.AgentTasks.AgentTasksCancelRetryTests.Cancel_Pending_Task_IsCanceledImmediately" computerName="MacBook-Pro-2" duration="00:00:00.1989209" startTime="2025-09-15T12:34:31.6541890-05:00" endTime="2025-09-15T12:34:31.6541890-05:00" testType="13cdc9d9-ddb5-4fa4-a97d-d965ccfc6d4b" outcome="Passed" testListId="8c84fa94-04c1-424b-9868-57a2d4851a1d" relativeResultsDirectory="c6316d58-59b7-4d22-bbe8-b6354b19d636" />
    <UnitTestResult executionId="c4134020-eb0c-42ec-a5e2-2a8aec4c7bf7" testId="0f0c7731-d28a-bcbe-054f-641f024437ac" testName="Appostolic.Api.Tests.ModelMappingTests.AgentTask_Status_is_converted_as_string" computerName="MacBook-Pro-2" duration="00:00:00.0021700" startTime="2025-09-15T12:34:39.8501450-05:00" endTime="2025-09-15T12:34:39.8501450-05:00" testType="13cdc9d9-ddb5-4fa4-a97d-d965ccfc6d4b" outcome="Passed" testListId="8c84fa94-04c1-424b-9868-57a2d4851a1d" relativeResultsDirectory="c4134020-eb0c-42ec-a5e2-2a8aec4c7bf7" />
    <UnitTestResult executionId="baba78f2-2fc7-48e7-8c5e-6b9257504396" testId="90c7a127-2be9-b6e7-ec52-19cb51de49c0" testName="Appostolic.Api.Tests.Notifications.AutoResendScannerTests.Creates_resend_for_old_sent_without_children" computerName="MacBook-Pro-2" duration="00:00:00.0551957" startTime="2025-09-15T12:34:31.4218560-05:00" endTime="2025-09-15T12:34:31.4218560-05:00" testType="13cdc9d9-ddb5-4fa4-a97d-d965ccfc6d4b" outcome="Passed" testListId="8c84fa94-04c1-424b-9868-57a2d4851a1d" relativeResultsDirectory="baba78f2-2fc7-48e7-8c5e-6b9257504396" />
    <UnitTestResult executionId="22281be6-cb70-4b47-8ef1-ffa311be2aa6" testId="9c1c1d38-5e04-c1b2-1a0f-96d8d4d8348a" testName="Appostolic.Api.Tests.Api.AssignmentsApiTests.Set_roles_returns_404_when_membership_missing_and_400_for_invalid_flag" computerName="MacBook-Pro-2" duration="00:00:00.0089643" startTime="2025-09-15T12:34:31.9106080-05:00" endTime="2025-09-15T12:34:31.9106080-05:00" testType="13cdc9d9-ddb5-4fa4-a97d-d965ccfc6d4b" outcome="Passed" testListId="8c84fa94-04c1-424b-9868-57a2d4851a1d" relativeResultsDirectory="22281be6-cb70-4b47-8ef1-ffa311be2aa6" />
    <UnitTestResult executionId="45ffbd45-31f1-49a7-982a-581d3339adda" testId="214b8407-591b-5f7a-aa16-7961a8df13e5" testName="Appostolic.Api.Tests.Api.MembersListTests.Unauthenticated_request_returns_401_or_403" computerName="MacBook-Pro-2" duration="00:00:00.0031046" startTime="2025-09-15T12:34:32.8294340-05:00" endTime="2025-09-15T12:34:32.8294340-05:00" testType="13cdc9d9-ddb5-4fa4-a97d-d965ccfc6d4b" outcome="Passed" testListId="8c84fa94-04c1-424b-9868-57a2d4851a1d" relativeResultsDirectory="45ffbd45-31f1-49a7-982a-581d3339adda" />
    <UnitTestResult executionId="fa7b1d20-2429-4622-92e5-241ccfa8b29f" testId="7c805908-7267-f4aa-63a0-03f3e0715abc" testName="Appostolic.Api.Tests.Api.AssignmentsApiTests.Cannot_remove_last_admin_via_flags_returns_409" computerName="MacBook-Pro-2" duration="00:00:00.1923200" startTime="2025-09-15T12:34:31.9014850-05:00" endTime="2025-09-15T12:34:31.9014850-05:00" testType="13cdc9d9-ddb5-4fa4-a97d-d965ccfc6d4b" outcome="Passed" testListId="8c84fa94-04c1-424b-9868-57a2d4851a1d" relativeResultsDirectory="fa7b1d20-2429-4622-92e5-241ccfa8b29f" />
    <UnitTestResult executionId="07e86355-e0d4-4586-9e79-d9686a88e399" testId="39114ef2-4a94-0d20-df91-881c10164c3c" testName="Appostolic.Api.Tests.Model.TokenEstimatorTests.EstimateTokens_Heuristic_CeilPer4Chars(text: &quot;abcd&quot;, expected: 1)" computerName="MacBook-Pro-2" duration="00:00:00.0000024" startTime="2025-09-15T12:34:34.3752240-05:00" endTime="2025-09-15T12:34:34.3752240-05:00" testType="13cdc9d9-ddb5-4fa4-a97d-d965ccfc6d4b" outcome="Passed" testListId="8c84fa94-04c1-424b-9868-57a2d4851a1d" relativeResultsDirectory="07e86355-e0d4-4586-9e79-d9686a88e399" />
    <UnitTestResult executionId="c8c97589-e92e-4ded-8d06-4b3a6df64bc0" testId="b9af0f84-0079-b683-0d77-346a6542b5b4" testName="Appostolic.Api.Tests.NotificationEnqueuerTests.QueueInvite_enqueues_correct_message" computerName="MacBook-Pro-2" duration="00:00:00.0045564" startTime="2025-09-15T12:34:38.9864690-05:00" endTime="2025-09-15T12:34:38.9864690-05:00" testType="13cdc9d9-ddb5-4fa4-a97d-d965ccfc6d4b" outcome="Passed" testListId="8c84fa94-04c1-424b-9868-57a2d4851a1d" relativeResultsDirectory="c8c97589-e92e-4ded-8d06-4b3a6df64bc0" />
    <UnitTestResult executionId="45efba26-f4a5-4794-9cff-d504d15bdf3e" testId="caeaccb8-00ea-302b-441d-17caf5fd9b5d" testName="Appostolic.Api.Tests.ModelMappingTests.Notification_resend_fields_are_mapped_with_indexes" computerName="MacBook-Pro-2" duration="00:00:00.0193243" startTime="2025-09-15T12:34:39.8979940-05:00" endTime="2025-09-15T12:34:39.8979940-05:00" testType="13cdc9d9-ddb5-4fa4-a97d-d965ccfc6d4b" outcome="Passed" testListId="8c84fa94-04c1-424b-9868-57a2d4851a1d" relativeResultsDirectory="45efba26-f4a5-4794-9cff-d504d15bdf3e" />
    <UnitTestResult executionId="901b001e-3d68-45fe-a2a4-fc12dbabffe1" testId="b2e4b89c-c96f-83af-e281-01d9319a9bb8" testName="Appostolic.Api.Tests.Api.MembersManagementTests.Admin_cannot_assign_owner_but_owner_can" computerName="MacBook-Pro-2" duration="00:00:00.0130911" startTime="2025-09-15T12:34:32.6500870-05:00" endTime="2025-09-15T12:34:32.6500870-05:00" testType="13cdc9d9-ddb5-4fa4-a97d-d965ccfc6d4b" outcome="Passed" testListId="8c84fa94-04c1-424b-9868-57a2d4851a1d" relativeResultsDirectory="901b001e-3d68-45fe-a2a4-fc12dbabffe1" />
    <UnitTestResult executionId="0d996e0a-4150-4805-aa62-0ac063b6a7ee" testId="019214c2-5ff4-3fed-608d-44f050052b40" testName="Appostolic.Api.Tests.Api.AssignmentsApiTests.List_memberships_requires_admin_and_returns_roles" computerName="MacBook-Pro-2" duration="00:00:00.0172256" startTime="2025-09-15T12:34:31.9426430-05:00" endTime="2025-09-15T12:34:31.9426430-05:00" testType="13cdc9d9-ddb5-4fa4-a97d-d965ccfc6d4b" outcome="Passed" testListId="8c84fa94-04c1-424b-9868-57a2d4851a1d" relativeResultsDirectory="0d996e0a-4150-4805-aa62-0ac063b6a7ee" />
    <UnitTestResult executionId="572daa5a-e624-4cc5-acea-907ee810dbd8" testId="90d1f61e-9ba1-ff1a-f0a6-e17acbda2dee" testName="Appostolic.Api.Tests.Security.RoleAuthorizationTests.CreatorPolicy_Allows_WhenMembershipHasCreator" computerName="MacBook-Pro-2" duration="00:00:00.0015986" startTime="2025-09-15T12:34:31.7088640-05:00" endTime="2025-09-15T12:34:31.7088640-05:00" testType="13cdc9d9-ddb5-4fa4-a97d-d965ccfc6d4b" outcome="Passed" testListId="8c84fa94-04c1-424b-9868-57a2d4851a1d" relativeResultsDirectory="572daa5a-e624-4cc5-acea-907ee810dbd8" />
    <UnitTestResult executionId="eba5db2b-c489-4940-b795-0ef8b03fba4f" testId="fdf88970-87c6-f740-810f-e878127ff782" testName="Appostolic.Api.Tests.Api.NotificationsProdEndpointsTests.Resend_returns_404_when_missing" computerName="MacBook-Pro-2" duration="00:00:00.1604318" startTime="2025-09-15T12:34:38.2851990-05:00" endTime="2025-09-15T12:34:38.2851990-05:00" testType="13cdc9d9-ddb5-4fa4-a97d-d965ccfc6d4b" outcome="Passed" testListId="8c84fa94-04c1-424b-9868-57a2d4851a1d" relativeResultsDirectory="eba5db2b-c489-4940-b795-0ef8b03fba4f" />
    <UnitTestResult executionId="1ae910d1-6f69-4b41-9f52-3cda272b226b" testId="5aebb0bd-a461-dea6-b51f-abbdbf65c34a" testName="Appostolic.Api.Tests.Api.AuditsListingEndpointTests.Supports_optional_filters_user_actor_and_date_range" computerName="MacBook-Pro-2" duration="00:00:00.0250442" startTime="2025-09-15T12:34:42.8651910-05:00" endTime="2025-09-15T12:34:42.8651910-05:00" testType="13cdc9d9-ddb5-4fa4-a97d-d965ccfc6d4b" outcome="Passed" testListId="8c84fa94-04c1-424b-9868-57a2d4851a1d" relativeResultsDirectory="1ae910d1-6f69-4b41-9f52-3cda272b226b" />
    <UnitTestResult executionId="98f11549-1cb3-47e2-b82c-bff2368db3d8" testId="87a5b8a9-e5bd-8c6e-5a6c-5815a0bd8c39" testName="Appostolic.Api.Tests.Worker.AgentTaskWorkerTests.Pending_To_Running_To_Succeeded_With_Traces" computerName="MacBook-Pro-2" duration="00:00:00.1309370" startTime="2025-09-15T12:34:34.1586810-05:00" endTime="2025-09-15T12:34:34.1586810-05:00" testType="13cdc9d9-ddb5-4fa4-a97d-d965ccfc6d4b" outcome="Passed" testListId="8c84fa94-04c1-424b-9868-57a2d4851a1d" relativeResultsDirectory="98f11549-1cb3-47e2-b82c-bff2368db3d8" />
    <UnitTestResult executionId="d0c6cd97-763f-4b58-8a92-e902f61691f6" testId="691bf80d-9ec7-7de8-ad81-702e4cdb8bfd" testName="WebSearchToolTests.Take_limits_results" computerName="MacBook-Pro-2" duration="00:00:00.0470156" startTime="2025-09-15T12:34:30.3769310-05:00" endTime="2025-09-15T12:34:30.3769310-05:00" testType="13cdc9d9-ddb5-4fa4-a97d-d965ccfc6d4b" outcome="Passed" testListId="8c84fa94-04c1-424b-9868-57a2d4851a1d" relativeResultsDirectory="d0c6cd97-763f-4b58-8a92-e902f61691f6" />
    <UnitTestResult executionId="26b7e71f-6c53-44a3-9971-be11a10d3384" testId="d5afdedc-771c-29a3-fa0a-9ebd023dd2c6" testName="Appostolic.Api.Tests.Api.InvitesEndpointsTests.Invites_Full_Lifecycle_Create_Resend_Accept_Revoke" computerName="MacBook-Pro-2" duration="00:00:00.6495223" startTime="2025-09-15T12:34:33.8372410-05:00" endTime="2025-09-15T12:34:33.8372410-05:00" testType="13cdc9d9-ddb5-4fa4-a97d-d965ccfc6d4b" outcome="Passed" testListId="8c84fa94-04c1-424b-9868-57a2d4851a1d" relativeResultsDirectory="26b7e71f-6c53-44a3-9971-be11a10d3384" />
    <UnitTestResult executionId="b72b57e0-5078-44bc-97e9-2e57bde1a123" testId="6af85923-8d05-0c62-0cc5-a5120df2d8e5" testName="Appostolic.Api.Tests.Api.AgentTasksEndpointsTests.List_Pending_ReturnsCreatedFirst" computerName="MacBook-Pro-2" duration="00:00:00.0089908" startTime="2025-09-15T12:34:33.1870980-05:00" endTime="2025-09-15T12:34:33.1870980-05:00" testType="13cdc9d9-ddb5-4fa4-a97d-d965ccfc6d4b" outcome="Passed" testListId="8c84fa94-04c1-424b-9868-57a2d4851a1d" relativeResultsDirectory="b72b57e0-5078-44bc-97e9-2e57bde1a123" />
    <UnitTestResult executionId="48656485-f287-4930-ad63-1b37e4bd1b7c" testId="4f12e680-b238-5f1e-d786-32a29acea93b" testName="Appostolic.Api.Tests.EmailProviderSelectionTests.Resolves_SendGrid_sender_when_provider_sendgrid" computerName="MacBook-Pro-2" duration="00:00:00.1062137" startTime="2025-09-15T12:34:36.9778340-05:00" endTime="2025-09-15T12:34:36.9778340-05:00" testType="13cdc9d9-ddb5-4fa4-a97d-d965ccfc6d4b" outcome="Passed" testListId="8c84fa94-04c1-424b-9868-57a2d4851a1d" relativeResultsDirectory="48656485-f287-4930-ad63-1b37e4bd1b7c" />
    <UnitTestResult executionId="ab92a99d-c0eb-4c8b-9feb-4d2e1564b55c" testId="c64a9991-8173-cdf8-9198-d5935257f1a8" testName="Appostolic.Api.Tests.E2E.AgentTasksE2E_Concurrency.Worker_Processes_Many_Tasks_Reliably" computerName="MacBook-Pro-2" duration="00:00:00.3355477" startTime="2025-09-15T12:34:37.7334090-05:00" endTime="2025-09-15T12:34:37.7334090-05:00" testType="13cdc9d9-ddb5-4fa4-a97d-d965ccfc6d4b" outcome="Passed" testListId="8c84fa94-04c1-424b-9868-57a2d4851a1d" relativeResultsDirectory="ab92a99d-c0eb-4c8b-9feb-4d2e1564b55c" />
    <UnitTestResult executionId="6621faae-6558-4f33-a2b4-2cc23ad6d468" testId="8f26075f-925c-4688-bf33-abe324c4e160" testName="Appostolic.Api.Tests.Api.ToolCatalogTests.Tools_Catalog_Lists_Registered_Tools_With_Categories" computerName="MacBook-Pro-2" duration="00:00:00.1728924" startTime="2025-09-15T12:34:32.4449680-05:00" endTime="2025-09-15T12:34:32.4449680-05:00" testType="13cdc9d9-ddb5-4fa4-a97d-d965ccfc6d4b" outcome="Passed" testListId="8c84fa94-04c1-424b-9868-57a2d4851a1d" relativeResultsDirectory="6621faae-6558-4f33-a2b4-2cc23ad6d468" />
    <UnitTestResult executionId="0d823628-0266-4db4-9abb-3f7e45b78d17" testId="8e86fe7c-6239-7009-e550-a3b2b1493955" testName="Appostolic.Api.Tests.Api.MembersListTests.Viewer_gets_403_for_members_list" computerName="MacBook-Pro-2" duration="00:00:00.1528775" startTime="2025-09-15T12:34:32.8128580-05:00" endTime="2025-09-15T12:34:32.8128580-05:00" testType="13cdc9d9-ddb5-4fa4-a97d-d965ccfc6d4b" outcome="Passed" testListId="8c84fa94-04c1-424b-9868-57a2d4851a1d" relativeResultsDirectory="0d823628-0266-4db4-9abb-3f7e45b78d17" />
    <UnitTestResult executionId="3a510ae7-aee3-4db9-805d-ce6e15c2580c" testId="4ee5f350-b89d-edd8-c84d-cd5d40909f15" testName="Appostolic.Api.Tests.SmtpEmailSenderTests.Sends_with_both_text_and_html" computerName="MacBook-Pro-2" duration="00:00:00.0021242" startTime="2025-09-15T12:34:32.6597330-05:00" endTime="2025-09-15T12:34:32.6597330-05:00" testType="13cdc9d9-ddb5-4fa4-a97d-d965ccfc6d4b" outcome="Passed" testListId="8c84fa94-04c1-424b-9868-57a2d4851a1d" relativeResultsDirectory="3a510ae7-aee3-4db9-805d-ce6e15c2580c" />
    <UnitTestResult executionId="a25c4e99-11c4-419e-89a0-8ba1051561b8" testId="79403e37-7823-d8d7-7290-f467456876fa" testName="Appostolic.Api.Tests.Model.TokenEstimatorTests.EstimateTokens_Heuristic_CeilPer4Chars(text: &quot;a&quot;, expected: 1)" computerName="MacBook-Pro-2" duration="00:00:00.0000018" startTime="2025-09-15T12:34:34.3752780-05:00" endTime="2025-09-15T12:34:34.3752780-05:00" testType="13cdc9d9-ddb5-4fa4-a97d-d965ccfc6d4b" outcome="Passed" testListId="8c84fa94-04c1-424b-9868-57a2d4851a1d" relativeResultsDirectory="a25c4e99-11c4-419e-89a0-8ba1051561b8" />
    <UnitTestResult executionId="eadfde81-b99c-4763-9349-1154de3d9601" testId="544ee02e-a795-79f3-8c38-56202dce3170" testName="Appostolic.Api.Tests.Api.MembersManagementTests.Remove_non_owner_member" computerName="MacBook-Pro-2" duration="00:00:00.0044457" startTime="2025-09-15T12:34:32.6368170-05:00" endTime="2025-09-15T12:34:32.6368170-05:00" testType="13cdc9d9-ddb5-4fa4-a97d-d965ccfc6d4b" outcome="Passed" testListId="8c84fa94-04c1-424b-9868-57a2d4851a1d" relativeResultsDirectory="eadfde81-b99c-4763-9349-1154de3d9601" />
    <UnitTestResult executionId="1c14d880-9137-4bca-9ee5-666a15fdba7c" testId="fc170f06-7a65-44e3-9780-d428f13f33ad" testName="Appostolic.Api.Tests.SmokeTests.Health_ReturnsOk" computerName="MacBook-Pro-2" duration="00:00:00.3285823" startTime="2025-09-15T12:34:42.6733320-05:00" endTime="2025-09-15T12:34:42.6733320-05:00" testType="13cdc9d9-ddb5-4fa4-a97d-d965ccfc6d4b" outcome="Passed" testListId="8c84fa94-04c1-424b-9868-57a2d4851a1d" relativeResultsDirectory="1c14d880-9137-4bca-9ee5-666a15fdba7c" />
    <UnitTestResult executionId="45a348f3-83ea-442b-aae8-b03baeb7218a" testId="a2b0d89c-f17d-2c60-2870-72017089ab94" testName="Appostolic.Api.Tests.Api.NotificationsAdminEndpointsTests.Bulk_resend_creates_with_limit_and_counts_throttled" computerName="MacBook-Pro-2" duration="00:00:00.1669208" startTime="2025-09-15T12:34:36.7580880-05:00" endTime="2025-09-15T12:34:36.7580890-05:00" testType="13cdc9d9-ddb5-4fa4-a97d-d965ccfc6d4b" outcome="Passed" testListId="8c84fa94-04c1-424b-9868-57a2d4851a1d" relativeResultsDirectory="45a348f3-83ea-442b-aae8-b03baeb7218a" />
    <UnitTestResult executionId="a0e39638-2255-4486-b464-503e6b373731" testId="6a6d73d7-7d30-455c-71a4-79ea460d8c8c" testName="Appostolic.Api.Tests.Notifications.RedisTransportPrivacyTests.EnqueueFailure_LogsErrorWithoutPayloadContents" computerName="MacBook-Pro-2" duration="00:00:00.0626426" startTime="2025-09-15T12:34:30.3142810-05:00" endTime="2025-09-15T12:34:30.3142910-05:00" testType="13cdc9d9-ddb5-4fa4-a97d-d965ccfc6d4b" outcome="Passed" testListId="8c84fa94-04c1-424b-9868-57a2d4851a1d" relativeResultsDirectory="a0e39638-2255-4486-b464-503e6b373731" />
    <UnitTestResult executionId="386d4ec2-41ec-46f0-b11b-e4fbd8b48026" testId="f3139bd5-165e-b0d0-2da0-a0210810049e" testName="Appostolic.Api.Tests.Api.AuthPasswordFlowsTests.ResetPassword_WithInvalidToken_ReturnsBadRequest" computerName="MacBook-Pro-2" duration="00:00:00.3789506" startTime="2025-09-15T12:34:40.2780120-05:00" endTime="2025-09-15T12:34:40.2780120-05:00" testType="13cdc9d9-ddb5-4fa4-a97d-d965ccfc6d4b" outcome="Passed" testListId="8c84fa94-04c1-424b-9868-57a2d4851a1d" relativeResultsDirectory="386d4ec2-41ec-46f0-b11b-e4fbd8b48026" />
    <UnitTestResult executionId="2d890cb5-dd0b-477b-bff7-9f2cdffc7c21" testId="1f65e069-4a6f-ccd5-bb6b-41fba0e75604" testName="Appostolic.Api.Tests.Api.NotificationsAdminEndpointsTests.Resend_metrics_emitted_for_manual_and_bulk" computerName="MacBook-Pro-2" duration="00:00:00.1727376" startTime="2025-09-15T12:34:36.4255180-05:00" endTime="2025-09-15T12:34:36.4255180-05:00" testType="13cdc9d9-ddb5-4fa4-a97d-d965ccfc6d4b" outcome="Passed" testListId="8c84fa94-04c1-424b-9868-57a2d4851a1d" relativeResultsDirectory="2d890cb5-dd0b-477b-bff7-9f2cdffc7c21" />
    <UnitTestResult executionId="aeb45cbd-5b4a-4f42-b64f-335aff30d796" testId="cb3a79b8-8a20-d72b-fe66-3be39a479486" testName="Appostolic.Api.Tests.AgentOrchestratorTests.Cancellation_StopsMidRun" computerName="MacBook-Pro-2" duration="00:00:00.0144523" startTime="2025-09-15T12:34:34.4017630-05:00" endTime="2025-09-15T12:34:34.4017630-05:00" testType="13cdc9d9-ddb5-4fa4-a97d-d965ccfc6d4b" outcome="Passed" testListId="8c84fa94-04c1-424b-9868-57a2d4851a1d" relativeResultsDirectory="aeb45cbd-5b4a-4f42-b64f-335aff30d796" />
    <UnitTestResult executionId="07763a59-32f6-4806-b89e-e338e003cb5a" testId="40e767b4-314a-d8ef-34b1-5c49d7ef55c4" testName="Appostolic.Api.Tests.Model.TokenEstimatorTests.EstimateTokens_Heuristic_CeilPer4Chars(text: &quot;&quot;, expected: 0)" computerName="MacBook-Pro-2" duration="00:00:00.0003824" startTime="2025-09-15T12:34:34.3746300-05:00" endTime="2025-09-15T12:34:34.3746300-05:00" testType="13cdc9d9-ddb5-4fa4-a97d-d965ccfc6d4b" outcome="Passed" testListId="8c84fa94-04c1-424b-9868-57a2d4851a1d" relativeResultsDirectory="07763a59-32f6-4806-b89e-e338e003cb5a" />
    <UnitTestResult executionId="3514d051-7f74-4d9a-abf7-f1957b62ba40" testId="f242966d-9728-e09e-ef23-e439d6a28402" testName="Appostolic.Api.Tests.Api.MembersManagementTests.Cannot_demote_or_remove_last_owner" computerName="MacBook-Pro-2" duration="00:00:00.1744306" startTime="2025-09-15T12:34:32.6200410-05:00" endTime="2025-09-15T12:34:32.6200410-05:00" testType="13cdc9d9-ddb5-4fa4-a97d-d965ccfc6d4b" outcome="Passed" testListId="8c84fa94-04c1-424b-9868-57a2d4851a1d" relativeResultsDirectory="3514d051-7f74-4d9a-abf7-f1957b62ba40" />
    <UnitTestResult executionId="cb8fdf02-5838-46cf-a29b-02a2c67c74da" testId="cc013720-f8b7-b972-40e8-34c7328bfdae" testName="Appostolic.Api.Tests.Orchestrator.AgentOrchestratorTests.ToolNotAllowed_FailsAndTracesFailure" computerName="MacBook-Pro-2" duration="00:00:00.0043534" startTime="2025-09-15T12:34:33.8503730-05:00" endTime="2025-09-15T12:34:33.8503730-05:00" testType="13cdc9d9-ddb5-4fa4-a97d-d965ccfc6d4b" outcome="Passed" testListId="8c84fa94-04c1-424b-9868-57a2d4851a1d" relativeResultsDirectory="cb8fdf02-5838-46cf-a29b-02a2c67c74da" />
    <UnitTestResult executionId="b00764a5-da5e-430a-840f-715b5d0022a7" testId="f5342a6b-27a3-125c-432b-bd0ce4c9f03d" testName="Appostolic.Api.Tests.Api.InvitesRolesFlagsTests.Create_Invite_Without_Roles_Derives_From_Legacy_Role" computerName="MacBook-Pro-2" duration="00:00:00.0102764" startTime="2025-09-15T12:34:34.3703740-05:00" endTime="2025-09-15T12:34:34.3703740-05:00" testType="13cdc9d9-ddb5-4fa4-a97d-d965ccfc6d4b" outcome="Passed" testListId="8c84fa94-04c1-424b-9868-57a2d4851a1d" relativeResultsDirectory="b00764a5-da5e-430a-840f-715b5d0022a7" />
    <UnitTestResult executionId="4f99fda1-dd6e-4b54-8634-99bf2129883f" testId="ee7b51d2-d8a7-715d-70ab-159c7293568a" testName="Appostolic.Api.Tests.Api.NotificationsProdEndpointsTests.Tenant_owner_can_resend_within_tenant_and_is_forbidden_cross_tenant" computerName="MacBook-Pro-2" duration="00:00:00.1587155" startTime="2025-09-15T12:34:38.4441360-05:00" endTime="2025-09-15T12:34:38.4441360-05:00" testType="13cdc9d9-ddb5-4fa4-a97d-d965ccfc6d4b" outcome="Passed" testListId="8c84fa94-04c1-424b-9868-57a2d4851a1d" relativeResultsDirectory="4f99fda1-dd6e-4b54-8634-99bf2129883f" />
    <UnitTestResult executionId="15acb8a0-6852-487e-a90f-5428e3ab4509" testId="5ec8c6f8-601d-9718-1802-a15c88bb4987" testName="Appostolic.Api.Tests.AgentTasks.AgentTasksCancelRetryTests.Retry_From_Succeeded_Creates_New_Task_And_Runs" computerName="MacBook-Pro-2" duration="00:00:00.0116924" startTime="2025-09-15T12:34:31.6993460-05:00" endTime="2025-09-15T12:34:31.6993460-05:00" testType="13cdc9d9-ddb5-4fa4-a97d-d965ccfc6d4b" outcome="Passed" testListId="8c84fa94-04c1-424b-9868-57a2d4851a1d" relativeResultsDirectory="15acb8a0-6852-487e-a90f-5428e3ab4509" />
    <UnitTestResult executionId="570fa5f6-1509-4632-9e58-3aa318b0ed90" testId="66fffdff-2dff-cbe5-8750-30f31bf1db7c" testName="Appostolic.Api.Tests.Api.AuditsListingEndpointTests.Lists_audits_with_paging_and_total_count" computerName="MacBook-Pro-2" duration="00:00:00.1660048" startTime="2025-09-15T12:34:42.8399180-05:00" endTime="2025-09-15T12:34:42.8399180-05:00" testType="13cdc9d9-ddb5-4fa4-a97d-d965ccfc6d4b" outcome="Passed" testListId="8c84fa94-04c1-424b-9868-57a2d4851a1d" relativeResultsDirectory="570fa5f6-1509-4632-9e58-3aa318b0ed90" />
    <UnitTestResult executionId="f1873023-aa32-4c0d-898d-31e425d564f2" testId="f0724dde-c441-a83f-2f8e-78db9d6adb66" testName="Appostolic.Api.Tests.AgentTasks.AgentTasksListFilterPaginationTests.Status_Filter_Is_CaseInsensitive" computerName="MacBook-Pro-2" duration="00:00:00.0112894" startTime="2025-09-15T12:34:37.9407250-05:00" endTime="2025-09-15T12:34:37.9407250-05:00" testType="13cdc9d9-ddb5-4fa4-a97d-d965ccfc6d4b" outcome="Passed" testListId="8c84fa94-04c1-424b-9868-57a2d4851a1d" relativeResultsDirectory="f1873023-aa32-4c0d-898d-31e425d564f2" />
    <UnitTestResult executionId="5a047474-95e5-452c-80e2-3085b4d625c2" testId="7c0f601f-632e-a9b2-aeb3-eee73bd7742c" testName="Appostolic.Api.Tests.Auth.SignupTests.Signup_WithInvalidInviteToken_ReturnsBadRequest" computerName="MacBook-Pro-2" duration="00:00:00.2762439" startTime="2025-09-15T12:34:39.7019530-05:00" endTime="2025-09-15T12:34:39.7019530-05:00" testType="13cdc9d9-ddb5-4fa4-a97d-d965ccfc6d4b" outcome="Passed" testListId="8c84fa94-04c1-424b-9868-57a2d4851a1d" relativeResultsDirectory="5a047474-95e5-452c-80e2-3085b4d625c2" />
    <UnitTestResult executionId="ad211e7c-b9a7-44f0-93c2-b592a13592bc" testId="dfdd94d6-4157-31a9-a81a-18fee28467d5" testName="Appostolic.Api.Tests.AgentOrchestratorTests.HappyPath_ModelPlansToolThenFinal_SucceedsWithTwoTraces" computerName="MacBook-Pro-2" duration="00:00:00.0014729" startTime="2025-09-15T12:34:34.3863110-05:00" endTime="2025-09-15T12:34:34.3863110-05:00" testType="13cdc9d9-ddb5-4fa4-a97d-d965ccfc6d4b" outcome="Passed" testListId="8c84fa94-04c1-424b-9868-57a2d4851a1d" relativeResultsDirectory="ad211e7c-b9a7-44f0-93c2-b592a13592bc" />
    <UnitTestResult executionId="7e1575f8-25c1-47da-8463-94ffe22201b4" testId="c608eb38-09c4-17b8-a16b-ae9b91798432" testName="Appostolic.Api.Tests.Api.NotificationsWebhookTests.SendGridWebhook_updates_provider_status_when_token_matches" computerName="MacBook-Pro-2" duration="00:00:00.0223067" startTime="2025-09-15T12:34:33.0090880-05:00" endTime="2025-09-15T12:34:33.0090880-05:00" testType="13cdc9d9-ddb5-4fa4-a97d-d965ccfc6d4b" outcome="Passed" testListId="8c84fa94-04c1-424b-9868-57a2d4851a1d" relativeResultsDirectory="7e1575f8-25c1-47da-8463-94ffe22201b4" />
    <UnitTestResult executionId="40439408-f2b1-4dff-b798-13f58151d7ac" testId="11acc57e-e7b4-9c88-543d-dd88434937c6" testName="Appostolic.Api.Tests.Api.AuthPasswordFlowsTests.ChangePassword_WithWrongCurrent_ReturnsUnauthorized" computerName="MacBook-Pro-2" duration="00:00:00.5721971" startTime="2025-09-15T12:34:42.3439780-05:00" endTime="2025-09-15T12:34:42.3439780-05:00" testType="13cdc9d9-ddb5-4fa4-a97d-d965ccfc6d4b" outcome="Passed" testListId="8c84fa94-04c1-424b-9868-57a2d4851a1d" relativeResultsDirectory="40439408-f2b1-4dff-b798-13f58151d7ac" />
    <UnitTestResult executionId="e50608a4-c39a-4c88-af64-9e04d3bff0c4" testId="33c114dd-901b-348b-cb07-4ff32816218d" testName="Appostolic.Api.Tests.AgentConstraintTests.Agent_MaxSteps_out_of_range_throws_in_domain_constructor" computerName="MacBook-Pro-2" duration="00:00:00.0006123" startTime="2025-09-15T12:34:36.9799550-05:00" endTime="2025-09-15T12:34:36.9799550-05:00" testType="13cdc9d9-ddb5-4fa4-a97d-d965ccfc6d4b" outcome="Passed" testListId="8c84fa94-04c1-424b-9868-57a2d4851a1d" relativeResultsDirectory="e50608a4-c39a-4c88-af64-9e04d3bff0c4" />
    <UnitTestResult executionId="b6f1d83b-d13c-45f6-87ae-b410b201e660" testId="c561c2f6-8efd-4095-cbad-20238816bd9c" testName="Appostolic.Api.Tests.NotificationEnqueuerTests.QueueVerification_enqueues_correct_message" computerName="MacBook-Pro-2" duration="00:00:00.0023311" startTime="2025-09-15T12:34:38.9898210-05:00" endTime="2025-09-15T12:34:38.9898210-05:00" testType="13cdc9d9-ddb5-4fa4-a97d-d965ccfc6d4b" outcome="Passed" testListId="8c84fa94-04c1-424b-9868-57a2d4851a1d" relativeResultsDirectory="b6f1d83b-d13c-45f6-87ae-b410b201e660" />
  </Results>
  <TestDefinitions>
    <UnitTest name="Appostolic.Api.Tests.Api.InvitesEndpointsTests.Invites_Full_Lifecycle_Create_Resend_Accept_Revoke" storage="/users/kevinmccreary/appostolic/apps/api.tests/bin/debug/net8.0/appostolic.api.tests.dll" id="d5afdedc-771c-29a3-fa0a-9ebd023dd2c6">
      <Execution id="26b7e71f-6c53-44a3-9971-be11a10d3384" />
      <TestMethod codeBase="/Users/kevinmccreary/appostolic/apps/api.tests/bin/Debug/net8.0/Appostolic.Api.Tests.dll" adapterTypeName="executor://xunit/VsTestRunner2/netcoreapp" className="Appostolic.Api.Tests.Api.InvitesEndpointsTests" name="Invites_Full_Lifecycle_Create_Resend_Accept_Revoke" />
    </UnitTest>
    <UnitTest name="Appostolic.Api.Tests.Notifications.NotificationEnqueuerMagicLinkTests.QueueMagicLink_HashesToken_And_Publishes" storage="/users/kevinmccreary/appostolic/apps/api.tests/bin/debug/net8.0/appostolic.api.tests.dll" id="bc29c184-0770-c9df-63be-2a52d76ad503">
      <Execution id="e1b01b02-c9ff-42a3-bd8b-93c547cbc4d7" />
      <TestMethod codeBase="/Users/kevinmccreary/appostolic/apps/api.tests/bin/Debug/net8.0/Appostolic.Api.Tests.dll" adapterTypeName="executor://xunit/VsTestRunner2/netcoreapp" className="Appostolic.Api.Tests.Notifications.NotificationEnqueuerMagicLinkTests" name="QueueMagicLink_HashesToken_And_Publishes" />
    </UnitTest>
    <UnitTest name="Appostolic.Api.Tests.Notifications.FieldEncryptionTests.Encrypts_And_Decrypts_On_Lease" storage="/users/kevinmccreary/appostolic/apps/api.tests/bin/debug/net8.0/appostolic.api.tests.dll" id="6305e689-cee9-6a31-93d8-755b6c5fc935">
      <Execution id="d7c6446b-50d2-444b-b50c-b10bf97223b4" />
      <TestMethod codeBase="/Users/kevinmccreary/appostolic/apps/api.tests/bin/Debug/net8.0/Appostolic.Api.Tests.dll" adapterTypeName="executor://xunit/VsTestRunner2/netcoreapp" className="Appostolic.Api.Tests.Notifications.FieldEncryptionTests" name="Encrypts_And_Decrypts_On_Lease" />
    </UnitTest>
    <UnitTest name="Appostolic.Api.Tests.Api.NotificationsAdminEndpointsTests.Dlq_replay_requeues_and_publishes_ids" storage="/users/kevinmccreary/appostolic/apps/api.tests/bin/debug/net8.0/appostolic.api.tests.dll" id="2e294ae5-fc9b-2692-1d65-f4ebb89ab5ef">
      <Execution id="bf298bb8-a156-4024-ac26-41bd738fc009" />
      <TestMethod codeBase="/Users/kevinmccreary/appostolic/apps/api.tests/bin/Debug/net8.0/Appostolic.Api.Tests.dll" adapterTypeName="executor://xunit/VsTestRunner2/netcoreapp" className="Appostolic.Api.Tests.Api.NotificationsAdminEndpointsTests" name="Dlq_replay_requeues_and_publishes_ids" />
    </UnitTest>
    <UnitTest name="Appostolic.Api.Tests.SmokeTests.Health_ReturnsOk" storage="/users/kevinmccreary/appostolic/apps/api.tests/bin/debug/net8.0/appostolic.api.tests.dll" id="fc170f06-7a65-44e3-9780-d428f13f33ad">
      <Execution id="1c14d880-9137-4bca-9ee5-666a15fdba7c" />
      <TestMethod codeBase="/Users/kevinmccreary/appostolic/apps/api.tests/bin/Debug/net8.0/Appostolic.Api.Tests.dll" adapterTypeName="executor://xunit/VsTestRunner2/netcoreapp" className="Appostolic.Api.Tests.SmokeTests" name="Health_ReturnsOk" />
    </UnitTest>
    <UnitTest name="Appostolic.Api.Tests.AgentConstraintTests.Agent_Temperature_out_of_range_throws_in_domain_constructor" storage="/users/kevinmccreary/appostolic/apps/api.tests/bin/debug/net8.0/appostolic.api.tests.dll" id="71d5d180-2d36-ecb9-e4eb-71ca09e46ec4">
      <Execution id="c91e68f3-ac57-4123-83c0-5b394758cbf6" />
      <TestMethod codeBase="/Users/kevinmccreary/appostolic/apps/api.tests/bin/Debug/net8.0/Appostolic.Api.Tests.dll" adapterTypeName="executor://xunit/VsTestRunner2/netcoreapp" className="Appostolic.Api.Tests.AgentConstraintTests" name="Agent_Temperature_out_of_range_throws_in_domain_constructor" />
    </UnitTest>
    <UnitTest name="Appostolic.Api.Tests.NotificationEnqueuerTests.QueueInvite_uses_relative_when_base_missing" storage="/users/kevinmccreary/appostolic/apps/api.tests/bin/debug/net8.0/appostolic.api.tests.dll" id="5818c4b0-5040-ff57-2a21-3715c31b378e">
      <Execution id="4033607e-1537-44b9-a490-f7cf28ac9672" />
      <TestMethod codeBase="/Users/kevinmccreary/appostolic/apps/api.tests/bin/Debug/net8.0/Appostolic.Api.Tests.dll" adapterTypeName="executor://xunit/VsTestRunner2/netcoreapp" className="Appostolic.Api.Tests.NotificationEnqueuerTests" name="QueueInvite_uses_relative_when_base_missing" />
    </UnitTest>
    <UnitTest name="Appostolic.Api.Tests.Orchestrator.TokenAggregationTests.CostIsNull_WhenPricingDisabled" storage="/users/kevinmccreary/appostolic/apps/api.tests/bin/debug/net8.0/appostolic.api.tests.dll" id="3b3a68c1-1138-770e-4b05-0d7fb6b68738">
      <Execution id="aa6670f7-35f9-42c2-96db-1c3cfbfddb0a" />
      <TestMethod codeBase="/Users/kevinmccreary/appostolic/apps/api.tests/bin/Debug/net8.0/Appostolic.Api.Tests.dll" adapterTypeName="executor://xunit/VsTestRunner2/netcoreapp" className="Appostolic.Api.Tests.Orchestrator.TokenAggregationTests" name="CostIsNull_WhenPricingDisabled" />
    </UnitTest>
    <UnitTest name="Appostolic.Api.Tests.Notifications.NotificationsPiiScrubTests.Scrubs_before_delete_windows_and_deletes_at_cutoff" storage="/users/kevinmccreary/appostolic/apps/api.tests/bin/debug/net8.0/appostolic.api.tests.dll" id="eb812c29-73b3-e923-42de-8821a188e94a">
      <Execution id="1318db73-58d4-4f0a-b9e4-48f2531a969e" />
      <TestMethod codeBase="/Users/kevinmccreary/appostolic/apps/api.tests/bin/Debug/net8.0/Appostolic.Api.Tests.dll" adapterTypeName="executor://xunit/VsTestRunner2/netcoreapp" className="Appostolic.Api.Tests.Notifications.NotificationsPiiScrubTests" name="Scrubs_before_delete_windows_and_deletes_at_cutoff" />
    </UnitTest>
    <UnitTest name="Appostolic.Api.Tests.Api.MembersManagementTests.Owner_can_promote_editor_to_admin" storage="/users/kevinmccreary/appostolic/apps/api.tests/bin/debug/net8.0/appostolic.api.tests.dll" id="80cb1a83-dede-f3ba-117a-352364082463">
      <Execution id="863e94a1-c605-461e-b9a6-1e0ec53acb3b" />
      <TestMethod codeBase="/Users/kevinmccreary/appostolic/apps/api.tests/bin/Debug/net8.0/Appostolic.Api.Tests.dll" adapterTypeName="executor://xunit/VsTestRunner2/netcoreapp" className="Appostolic.Api.Tests.Api.MembersManagementTests" name="Owner_can_promote_editor_to_admin" />
[...]
    <TestEntry testId="68b95691-6ef6-716d-545d-ee6cf04d94e7" executionId="a1891206-0045-4870-9eef-8165e0c77b75" testListId="8c84fa94-04c1-424b-9868-57a2d4851a1d" />
    <TestEntry testId="a00d92b0-35aa-1e7c-b5ff-79738a042c12" executionId="e8267a1a-4ac6-43b4-b138-f489fb9cb99f" testListId="8c84fa94-04c1-424b-9868-57a2d4851a1d" />
    <TestEntry testId="431e4b70-7576-ccc6-3cf3-9bbf13c26e5b" executionId="59823f8d-a148-457f-a43b-468f96513363" testListId="8c84fa94-04c1-424b-9868-57a2d4851a1d" />
    <TestEntry testId="6305e689-cee9-6a31-93d8-755b6c5fc935" executionId="d7c6446b-50d2-444b-b50c-b10bf97223b4" testListId="8c84fa94-04c1-424b-9868-57a2d4851a1d" />
    <TestEntry testId="e654c6ff-e79b-0f0d-7ecf-a4648dc0cf91" executionId="281faa19-150d-4984-bfc0-e2999ab943c4" testListId="8c84fa94-04c1-424b-9868-57a2d4851a1d" />
    <TestEntry testId="9c020064-9cbb-7975-d5c0-9dc48d581775" executionId="1ca76a2e-b853-474f-bb19-379d76b8b569" testListId="8c84fa94-04c1-424b-9868-57a2d4851a1d" />
    <TestEntry testId="7831f103-663f-8d24-4a8b-6bbe466d0837" executionId="ced64c34-9216-472e-960d-44a41f8b9a2a" testListId="8c84fa94-04c1-424b-9868-57a2d4851a1d" />
    <TestEntry testId="61b122ca-f3a1-21e8-0492-e3c660390b05" executionId="cef2f278-9921-49d4-8e9c-e891ea722de3" testListId="8c84fa94-04c1-424b-9868-57a2d4851a1d" />
    <TestEntry testId="03cb9965-4934-50d0-65d4-2c790e264e80" executionId="c4f5ae4a-3a35-48cd-826b-3ff19fb8ab90" testListId="8c84fa94-04c1-424b-9868-57a2d4851a1d" />
    <TestEntry testId="57eb4321-b137-5017-063e-e3e669ff6aa8" executionId="9fbc1385-7719-4db1-82e3-be6b745c9e07" testListId="8c84fa94-04c1-424b-9868-57a2d4851a1d" />
    <TestEntry testId="cb90a4b6-5413-6334-a88c-d9e37624202c" executionId="1475a131-dd55-4e7a-9d5f-9538ceb8d24d" testListId="8c84fa94-04c1-424b-9868-57a2d4851a1d" />
    <TestEntry testId="5818c4b0-5040-ff57-2a21-3715c31b378e" executionId="4033607e-1537-44b9-a490-f7cf28ac9672" testListId="8c84fa94-04c1-424b-9868-57a2d4851a1d" />
    <TestEntry testId="c8cdac31-ad32-9a02-508c-02a988e5e017" executionId="985d3885-fe0d-4c4d-86ef-a4326053b524" testListId="8c84fa94-04c1-424b-9868-57a2d4851a1d" />
    <TestEntry testId="8499e5e2-c09d-d64e-ab91-715c51a15d3b" executionId="82e2c49e-79c8-4ecc-a3a7-29d32c333b84" testListId="8c84fa94-04c1-424b-9868-57a2d4851a1d" />
    <TestEntry testId="37b7f024-73bb-98ae-d17f-d1c0ce9f17e8" executionId="aec487c1-b612-4c69-9295-1ba9aca20c7f" testListId="8c84fa94-04c1-424b-9868-57a2d4851a1d" />
    <TestEntry testId="e74b4a4d-4fe0-004f-1c01-e9508924afd9" executionId="c1d2ec3f-f152-4ed0-919d-de9366e2de89" testListId="8c84fa94-04c1-424b-9868-57a2d4851a1d" />
    <TestEntry testId="5ad39d2c-d77f-b72d-621d-dc03058b3c06" executionId="9e4f521c-186f-42f6-a915-078c636c7acf" testListId="8c84fa94-04c1-424b-9868-57a2d4851a1d" />
    <TestEntry testId="02f4c01b-4d57-cea6-940b-91f660d6b3a5" executionId="6d1419ee-ea20-41e8-bac5-f88e43ac536d" testListId="8c84fa94-04c1-424b-9868-57a2d4851a1d" />
    <TestEntry testId="df92ad96-32d4-9c44-0398-97a52600538f" executionId="81f9d9c3-335b-4d00-80b3-9875d7ea8f91" testListId="8c84fa94-04c1-424b-9868-57a2d4851a1d" />
    <TestEntry testId="811026c2-41ce-4e18-121d-862774cd6272" executionId="403faa55-b2aa-4e97-a1bf-4b4885d778e5" testListId="8c84fa94-04c1-424b-9868-57a2d4851a1d" />
    <TestEntry testId="8e56ee2d-296c-f180-2ad1-a3abd5b19292" executionId="e01d255a-b0c4-4dc2-85d3-3f5f548341ac" testListId="8c84fa94-04c1-424b-9868-57a2d4851a1d" />
    <TestEntry testId="80cb1a83-dede-f3ba-117a-352364082463" executionId="863e94a1-c605-461e-b9a6-1e0ec53acb3b" testListId="8c84fa94-04c1-424b-9868-57a2d4851a1d" />
    <TestEntry testId="d23daa8f-5725-d1c6-7d7a-83c05e893d1b" executionId="034dc841-1843-4dda-8589-ddd1334e13eb" testListId="8c84fa94-04c1-424b-9868-57a2d4851a1d" />
    <TestEntry testId="30aa5bc1-9211-739f-532d-176c6c3c3a30" executionId="24674911-2e82-44e1-af55-06893b5d7395" testListId="8c84fa94-04c1-424b-9868-57a2d4851a1d" />
    <TestEntry testId="bde04400-fb2a-d1b4-e9d5-727f1b9bbed1" executionId="fc9c2d9f-3e35-4fee-91ed-00ec49230e3e" testListId="8c84fa94-04c1-424b-9868-57a2d4851a1d" />
    <TestEntry testId="2e294ae5-fc9b-2692-1d65-f4ebb89ab5ef" executionId="bf298bb8-a156-4024-ac26-41bd738fc009" testListId="8c84fa94-04c1-424b-9868-57a2d4851a1d" />
    <TestEntry testId="c3e1478d-2cae-8f80-3a89-04eb9dac0acb" executionId="c987004d-eb8f-49db-bbf9-b0d400ce93ee" testListId="8c84fa94-04c1-424b-9868-57a2d4851a1d" />
    <TestEntry testId="b672c70e-eca2-f979-b482-5169b705a205" executionId="0b82ba0f-166c-4b4e-9f5b-1445ba30ad69" testListId="8c84fa94-04c1-424b-9868-57a2d4851a1d" />
    <TestEntry testId="81f70a90-5f17-3107-1751-37f6a5b41791" executionId="ff8ba331-90b8-4704-9c7d-47b1ce2d8cfb" testListId="8c84fa94-04c1-424b-9868-57a2d4851a1d" />
    <TestEntry testId="515d6282-fd19-872e-c191-d3eda2049a23" executionId="66bdc4c9-d8ae-4159-a4fc-7de35da9050b" testListId="8c84fa94-04c1-424b-9868-57a2d4851a1d" />
    <TestEntry testId="e507a4d5-4aa9-7d32-05a9-ecfa3f03323d" executionId="267b9df7-35ab-4ad8-9808-f72ca86bad33" testListId="8c84fa94-04c1-424b-9868-57a2d4851a1d" />
    <TestEntry testId="54bfc83b-71cd-70be-2e17-0d354a18b25a" executionId="e149e5e4-6cc8-4437-b3fe-82955e861df3" testListId="8c84fa94-04c1-424b-9868-57a2d4851a1d" />
    <TestEntry testId="e1e10047-9c95-2461-ef88-42d3da0fbb82" executionId="714c9354-3f30-4f87-bf15-68391fc1f3c4" testListId="8c84fa94-04c1-424b-9868-57a2d4851a1d" />
    <TestEntry testId="2f6106d4-2d27-0ec0-388a-a0a0d64b80ea" executionId="d4147b67-67e0-47f9-8e35-429a54b2a7e5" testListId="8c84fa94-04c1-424b-9868-57a2d4851a1d" />
    <TestEntry testId="051a87a0-4947-acab-5222-3cc970dba0ba" executionId="ec98505e-8b6f-4cce-b1b0-cbbf147e7466" testListId="8c84fa94-04c1-424b-9868-57a2d4851a1d" />
    <TestEntry testId="d079b60f-9bd9-c7a1-855f-178e519346dc" executionId="fd662e29-20d5-4915-87f4-68bbce383593" testListId="8c84fa94-04c1-424b-9868-57a2d4851a1d" />
    <TestEntry testId="12c3c514-0e1a-a711-90d4-344685873f0e" executionId="b34495b7-6d3a-482e-985f-f02df8f03f81" testListId="8c84fa94-04c1-424b-9868-57a2d4851a1d" />
    <TestEntry testId="50c609b5-3f14-814d-a1e7-5260305a9b12" executionId="d6122e45-5855-40f8-91e8-2f9340802987" testListId="8c84fa94-04c1-424b-9868-57a2d4851a1d" />
    <TestEntry testId="94ec43a1-8d1a-e493-b213-b33a5a6877b2" executionId="8d2a1565-c48f-4d5f-a536-86e30671e53b" testListId="8c84fa94-04c1-424b-9868-57a2d4851a1d" />
    <TestEntry testId="3494b3d5-98dd-209c-c4b4-d8d0bff712f0" executionId="ae190387-0af4-4c6f-b65f-aab4a84012cd" testListId="8c84fa94-04c1-424b-9868-57a2d4851a1d" />
    <TestEntry testId="ed8d7d20-a6f1-0500-d78a-14c17a721b87" executionId="6336d353-33d2-4251-b25e-ed0be6372f51" testListId="8c84fa94-04c1-424b-9868-57a2d4851a1d" />
    <TestEntry testId="6e2b7510-d3ae-c174-2b57-710f63c82ad0" executionId="f64e1991-ce7c-404c-b256-cb5055121316" testListId="8c84fa94-04c1-424b-9868-57a2d4851a1d" />
    <TestEntry testId="2c0e3ce9-5829-44ef-fbae-e96e2c0f5de9" executionId="09afa764-3cc0-4a20-b234-ae579a5127ff" testListId="8c84fa94-04c1-424b-9868-57a2d4851a1d" />
    <TestEntry testId="e0724a8e-d699-09ac-c090-59791deb23d9" executionId="af056bf2-fc4f-4914-a315-8a9754cff2be" testListId="8c84fa94-04c1-424b-9868-57a2d4851a1d" />
    <TestEntry testId="d8682838-1d38-dd8e-6c89-ae1bda81fecb" executionId="3afbc708-9117-4032-890f-8c2ba962e5a9" testListId="8c84fa94-04c1-424b-9868-57a2d4851a1d" />
    <TestEntry testId="f53587d7-cc90-0182-8a77-44034bb01e5e" executionId="fe4a48f5-12c1-430d-894c-923a5e1d8429" testListId="8c84fa94-04c1-424b-9868-57a2d4851a1d" />
    <TestEntry testId="7c574249-6de4-087c-ac92-00dedf541e78" executionId="5f0da7c6-f77d-4c28-a4ec-65855b7bfc65" testListId="8c84fa94-04c1-424b-9868-57a2d4851a1d" />
    <TestEntry testId="4f93dd2b-351a-bca6-2b8b-95fc20f20ddd" executionId="d0e09e5e-9aec-462a-af11-c4fa70826518" testListId="8c84fa94-04c1-424b-9868-57a2d4851a1d" />
    <TestEntry testId="04a8bdbc-fefc-28fe-9d41-eb27166daebb" executionId="84032385-0dac-4465-b15e-a630c00d3da4" testListId="8c84fa94-04c1-424b-9868-57a2d4851a1d" />
    <TestEntry testId="1c8df7f1-aa05-88d6-f922-5ecb50d1b5d9" executionId="cd5e3999-a169-419f-bf37-69068abad749" testListId="8c84fa94-04c1-424b-9868-57a2d4851a1d" />
    <TestEntry testId="c2441ddc-565a-93d7-0c28-f73ca97b9486" executionId="f5a29e15-05a9-4c7f-90ec-793087677b87" testListId="8c84fa94-04c1-424b-9868-57a2d4851a1d" />
    <TestEntry testId="8a436d67-15f2-8a6f-b3c8-3df7d72a7066" executionId="25612091-41a9-4fde-b121-470adc1e5a66" testListId="8c84fa94-04c1-424b-9868-57a2d4851a1d" />
    <TestEntry testId="29cdf802-09fa-4c20-1649-a919d0e03e4d" executionId="ed08faf2-b9aa-48ac-a86d-dfd5ecfbe1f4" testListId="8c84fa94-04c1-424b-9868-57a2d4851a1d" />
    <TestEntry testId="d9d051a9-d261-1011-dbde-e42b30d539a9" executionId="b0acb1c6-0567-4dd4-a0a1-a6e63f9adb0a" testListId="8c84fa94-04c1-424b-9868-57a2d4851a1d" />
    <TestEntry testId="0d699ea2-79e9-9f01-d2d5-fca82a358bb0" executionId="c56d7201-9d81-4d07-9a52-15b87c432557" testListId="8c84fa94-04c1-424b-9868-57a2d4851a1d" />
    <TestEntry testId="21127838-ea89-b283-653a-0b46d8acc590" executionId="36e2f877-c25a-407e-9578-ca354d936281" testListId="8c84fa94-04c1-424b-9868-57a2d4851a1d" />
    <TestEntry testId="d59725be-2270-85f4-1a24-f28884383b83" executionId="4f65d292-8edd-4d88-ac02-15bb30a2707c" testListId="8c84fa94-04c1-424b-9868-57a2d4851a1d" />
    <TestEntry testId="a11d6311-0314-291e-6c87-0745cc1eace8" executionId="8955db0b-e43e-4a47-907c-21c2976924fe" testListId="8c84fa94-04c1-424b-9868-57a2d4851a1d" />
    <TestEntry testId="c17747a3-eb4e-63bf-0bc9-279a4928ed40" executionId="e751e64f-8ab9-4f18-adca-5e601f261b2b" testListId="8c84fa94-04c1-424b-9868-57a2d4851a1d" />
    <TestEntry testId="fc6317ac-4f9e-d443-bb9c-db2ea41d1b6d" executionId="aa892ec7-b32f-4b76-ad8e-e767427d6886" testListId="8c84fa94-04c1-424b-9868-57a2d4851a1d" />
    <TestEntry testId="784ad7dc-5a89-a731-4a54-d985f0ba330c" executionId="605dd4b8-02f1-4209-b23b-0cb9d9eddd03" testListId="8c84fa94-04c1-424b-9868-57a2d4851a1d" />
    <TestEntry testId="ad304976-430a-8b69-e0d9-931ece855b31" executionId="eadc3006-d64d-4ce3-8f2f-42f9d96b17fa" testListId="8c84fa94-04c1-424b-9868-57a2d4851a1d" />
    <TestEntry testId="1cfc69b2-92d0-7e18-c868-129765966147" executionId="5e3a42b3-e899-4dda-a21d-fd0c1f5967ce" testListId="8c84fa94-04c1-424b-9868-57a2d4851a1d" />
    <TestEntry testId="efe354b5-5489-bbb2-88ee-c8f998cb6176" executionId="421a2b66-bd9b-4a19-aa2c-d94707ca7fc6" testListId="8c84fa94-04c1-424b-9868-57a2d4851a1d" />
    <TestEntry testId="bc29c184-0770-c9df-63be-2a52d76ad503" executionId="e1b01b02-c9ff-42a3-bd8b-93c547cbc4d7" testListId="8c84fa94-04c1-424b-9868-57a2d4851a1d" />
    <TestEntry testId="f36e146c-5e84-0e67-2982-f20e16e0dd68" executionId="79f0907b-a0bc-4230-82d8-85b1ced3a8b2" testListId="8c84fa94-04c1-424b-9868-57a2d4851a1d" />
    <TestEntry testId="43ab37ac-8f01-34cd-35d3-1bda726822d7" executionId="7ae050fa-2d73-4ab4-ae2f-edd93a3b726f" testListId="8c84fa94-04c1-424b-9868-57a2d4851a1d" />
    <TestEntry testId="eba2e046-3c6c-f48b-f85f-b23828d8319b" executionId="0ae99e73-fa94-409e-a780-211409f5a71f" testListId="8c84fa94-04c1-424b-9868-57a2d4851a1d" />
    <TestEntry testId="2a9f6824-8a17-a193-b18b-3e78fa1bbbd5" executionId="95a3d690-b23d-4d26-8294-c12b8d3e78c1" testListId="8c84fa94-04c1-424b-9868-57a2d4851a1d" />
    <TestEntry testId="eeaccddf-52e1-1db7-6606-fc19c2721862" executionId="b402797a-6194-46c9-9b3e-37dde1174565" testListId="8c84fa94-04c1-424b-9868-57a2d4851a1d" />
    <TestEntry testId="f7e247f1-8de7-594b-e638-b4ec989d69be" executionId="c6316d58-59b7-4d22-bbe8-b6354b19d636" testListId="8c84fa94-04c1-424b-9868-57a2d4851a1d" />
    <TestEntry testId="0f0c7731-d28a-bcbe-054f-641f024437ac" executionId="c4134020-eb0c-42ec-a5e2-2a8aec4c7bf7" testListId="8c84fa94-04c1-424b-9868-57a2d4851a1d" />
    <TestEntry testId="90c7a127-2be9-b6e7-ec52-19cb51de49c0" executionId="baba78f2-2fc7-48e7-8c5e-6b9257504396" testListId="8c84fa94-04c1-424b-9868-57a2d4851a1d" />
    <TestEntry testId="9c1c1d38-5e04-c1b2-1a0f-96d8d4d8348a" executionId="22281be6-cb70-4b47-8ef1-ffa311be2aa6" testListId="8c84fa94-04c1-424b-9868-57a2d4851a1d" />
    <TestEntry testId="214b8407-591b-5f7a-aa16-7961a8df13e5" executionId="45ffbd45-31f1-49a7-982a-581d3339adda" testListId="8c84fa94-04c1-424b-9868-57a2d4851a1d" />
    <TestEntry testId="7c805908-7267-f4aa-63a0-03f3e0715abc" executionId="fa7b1d20-2429-4622-92e5-241ccfa8b29f" testListId="8c84fa94-04c1-424b-9868-57a2d4851a1d" />
    <TestEntry testId="39114ef2-4a94-0d20-df91-881c10164c3c" executionId="07e86355-e0d4-4586-9e79-d9686a88e399" testListId="8c84fa94-04c1-424b-9868-57a2d4851a1d" />
    <TestEntry testId="b9af0f84-0079-b683-0d77-346a6542b5b4" executionId="c8c97589-e92e-4ded-8d06-4b3a6df64bc0" testListId="8c84fa94-04c1-424b-9868-57a2d4851a1d" />
    <TestEntry testId="caeaccb8-00ea-302b-441d-17caf5fd9b5d" executionId="45efba26-f4a5-4794-9cff-d504d15bdf3e" testListId="8c84fa94-04c1-424b-9868-57a2d4851a1d" />
    <TestEntry testId="b2e4b89c-c96f-83af-e281-01d9319a9bb8" executionId="901b001e-3d68-45fe-a2a4-fc12dbabffe1" testListId="8c84fa94-04c1-424b-9868-57a2d4851a1d" />
    <TestEntry testId="019214c2-5ff4-3fed-608d-44f050052b40" executionId="0d996e0a-4150-4805-aa62-0ac063b6a7ee" testListId="8c84fa94-04c1-424b-9868-57a2d4851a1d" />
    <TestEntry testId="90d1f61e-9ba1-ff1a-f0a6-e17acbda2dee" executionId="572daa5a-e624-4cc5-acea-907ee810dbd8" testListId="8c84fa94-04c1-424b-9868-57a2d4851a1d" />
    <TestEntry testId="fdf88970-87c6-f740-810f-e878127ff782" executionId="eba5db2b-c489-4940-b795-0ef8b03fba4f" testListId="8c84fa94-04c1-424b-9868-57a2d4851a1d" />
    <TestEntry testId="5aebb0bd-a461-dea6-b51f-abbdbf65c34a" executionId="1ae910d1-6f69-4b41-9f52-3cda272b226b" testListId="8c84fa94-04c1-424b-9868-57a2d4851a1d" />
    <TestEntry testId="87a5b8a9-e5bd-8c6e-5a6c-5815a0bd8c39" executionId="98f11549-1cb3-47e2-b82c-bff2368db3d8" testListId="8c84fa94-04c1-424b-9868-57a2d4851a1d" />
    <TestEntry testId="691bf80d-9ec7-7de8-ad81-702e4cdb8bfd" executionId="d0c6cd97-763f-4b58-8a92-e902f61691f6" testListId="8c84fa94-04c1-424b-9868-57a2d4851a1d" />
    <TestEntry testId="d5afdedc-771c-29a3-fa0a-9ebd023dd2c6" executionId="26b7e71f-6c53-44a3-9971-be11a10d3384" testListId="8c84fa94-04c1-424b-9868-57a2d4851a1d" />
    <TestEntry testId="6af85923-8d05-0c62-0cc5-a5120df2d8e5" executionId="b72b57e0-5078-44bc-97e9-2e57bde1a123" testListId="8c84fa94-04c1-424b-9868-57a2d4851a1d" />
    <TestEntry testId="4f12e680-b238-5f1e-d786-32a29acea93b" executionId="48656485-f287-4930-ad63-1b37e4bd1b7c" testListId="8c84fa94-04c1-424b-9868-57a2d4851a1d" />
    <TestEntry testId="c64a9991-8173-cdf8-9198-d5935257f1a8" executionId="ab92a99d-c0eb-4c8b-9feb-4d2e1564b55c" testListId="8c84fa94-04c1-424b-9868-57a2d4851a1d" />
    <TestEntry testId="8f26075f-925c-4688-bf33-abe324c4e160" executionId="6621faae-6558-4f33-a2b4-2cc23ad6d468" testListId="8c84fa94-04c1-424b-9868-57a2d4851a1d" />
    <TestEntry testId="8e86fe7c-6239-7009-e550-a3b2b1493955" executionId="0d823628-0266-4db4-9abb-3f7e45b78d17" testListId="8c84fa94-04c1-424b-9868-57a2d4851a1d" />
    <TestEntry testId="4ee5f350-b89d-edd8-c84d-cd5d40909f15" executionId="3a510ae7-aee3-4db9-805d-ce6e15c2580c" testListId="8c84fa94-04c1-424b-9868-57a2d4851a1d" />
    <TestEntry testId="79403e37-7823-d8d7-7290-f467456876fa" executionId="a25c4e99-11c4-419e-89a0-8ba1051561b8" testListId="8c84fa94-04c1-424b-9868-57a2d4851a1d" />
    <TestEntry testId="544ee02e-a795-79f3-8c38-56202dce3170" executionId="eadfde81-b99c-4763-9349-1154de3d9601" testListId="8c84fa94-04c1-424b-9868-57a2d4851a1d" />
    <TestEntry testId="fc170f06-7a65-44e3-9780-d428f13f33ad" executionId="1c14d880-9137-4bca-9ee5-666a15fdba7c" testListId="8c84fa94-04c1-424b-9868-57a2d4851a1d" />
    <TestEntry testId="a2b0d89c-f17d-2c60-2870-72017089ab94" executionId="45a348f3-83ea-442b-aae8-b03baeb7218a" testListId="8c84fa94-04c1-424b-9868-57a2d4851a1d" />
    <TestEntry testId="6a6d73d7-7d30-455c-71a4-79ea460d8c8c" executionId="a0e39638-2255-4486-b464-503e6b373731" testListId="8c84fa94-04c1-424b-9868-57a2d4851a1d" />
    <TestEntry testId="f3139bd5-165e-b0d0-2da0-a0210810049e" executionId="386d4ec2-41ec-46f0-b11b-e4fbd8b48026" testListId="8c84fa94-04c1-424b-9868-57a2d4851a1d" />
    <TestEntry testId="1f65e069-4a6f-ccd5-bb6b-41fba0e75604" executionId="2d890cb5-dd0b-477b-bff7-9f2cdffc7c21" testListId="8c84fa94-04c1-424b-9868-57a2d4851a1d" />
    <TestEntry testId="cb3a79b8-8a20-d72b-fe66-3be39a479486" executionId="aeb45cbd-5b4a-4f42-b64f-335aff30d796" testListId="8c84fa94-04c1-424b-9868-57a2d4851a1d" />
    <TestEntry testId="40e767b4-314a-d8ef-34b1-5c49d7ef55c4" executionId="07763a59-32f6-4806-b89e-e338e003cb5a" testListId="8c84fa94-04c1-424b-9868-57a2d4851a1d" />
    <TestEntry testId="f242966d-9728-e09e-ef23-e439d6a28402" executionId="3514d051-7f74-4d9a-abf7-f1957b62ba40" testListId="8c84fa94-04c1-424b-9868-57a2d4851a1d" />
    <TestEntry testId="cc013720-f8b7-b972-40e8-34c7328bfdae" executionId="cb8fdf02-5838-46cf-a29b-02a2c67c74da" testListId="8c84fa94-04c1-424b-9868-57a2d4851a1d" />
    <TestEntry testId="f5342a6b-27a3-125c-432b-bd0ce4c9f03d" executionId="b00764a5-da5e-430a-840f-715b5d0022a7" testListId="8c84fa94-04c1-424b-9868-57a2d4851a1d" />
    <TestEntry testId="ee7b51d2-d8a7-715d-70ab-159c7293568a" executionId="4f99fda1-dd6e-4b54-8634-99bf2129883f" testListId="8c84fa94-04c1-424b-9868-57a2d4851a1d" />
    <TestEntry testId="5ec8c6f8-601d-9718-1802-a15c88bb4987" executionId="15acb8a0-6852-487e-a90f-5428e3ab4509" testListId="8c84fa94-04c1-424b-9868-57a2d4851a1d" />
    <TestEntry testId="66fffdff-2dff-cbe5-8750-30f31bf1db7c" executionId="570fa5f6-1509-4632-9e58-3aa318b0ed90" testListId="8c84fa94-04c1-424b-9868-57a2d4851a1d" />
    <TestEntry testId="f0724dde-c441-a83f-2f8e-78db9d6adb66" executionId="f1873023-aa32-4c0d-898d-31e425d564f2" testListId="8c84fa94-04c1-424b-9868-57a2d4851a1d" />
    <TestEntry testId="7c0f601f-632e-a9b2-aeb3-eee73bd7742c" executionId="5a047474-95e5-452c-80e2-3085b4d625c2" testListId="8c84fa94-04c1-424b-9868-57a2d4851a1d" />
    <TestEntry testId="dfdd94d6-4157-31a9-a81a-18fee28467d5" executionId="ad211e7c-b9a7-44f0-93c2-b592a13592bc" testListId="8c84fa94-04c1-424b-9868-57a2d4851a1d" />
    <TestEntry testId="c608eb38-09c4-17b8-a16b-ae9b91798432" executionId="7e1575f8-25c1-47da-8463-94ffe22201b4" testListId="8c84fa94-04c1-424b-9868-57a2d4851a1d" />
    <TestEntry testId="11acc57e-e7b4-9c88-543d-dd88434937c6" executionId="40439408-f2b1-4dff-b798-13f58151d7ac" testListId="8c84fa94-04c1-424b-9868-57a2d4851a1d" />
    <TestEntry testId="33c114dd-901b-348b-cb07-4ff32816218d" executionId="e50608a4-c39a-4c88-af64-9e04d3bff0c4" testListId="8c84fa94-04c1-424b-9868-57a2d4851a1d" />
    <TestEntry testId="c561c2f6-8efd-4095-cbad-20238816bd9c" executionId="b6f1d83b-d13c-45f6-87ae-b410b201e660" testListId="8c84fa94-04c1-424b-9868-57a2d4851a1d" />
  </TestEntries>
  <TestLists>
    <TestList name="Results Not in a List" id="8c84fa94-04c1-424b-9868-57a2d4851a1d" />
    <TestList name="All Loaded Results" id="19431567-8539-422a-85d7-44ee4e166bda" />
  </TestLists>
  <ResultSummary outcome="Completed">
    <Counters total="134" executed="134" passed="134" failed="0" error="0" timeout="0" aborted="0" inconclusive="0" passedButRunAborted="0" notRunnable="0" notExecuted="0" disconnected="0" warning="0" completed="0" inProgress="0" pending="0" />
    <Output>
      <StdOut>[xUnit.net 00:00:00.00] xUnit.net VSTest Adapter v2.8.1+ce9211e970 (64-bit .NET 8.0.1)
[xUnit.net 00:00:00.05]   Discovering: Appostolic.Api.Tests
[xUnit.net 00:00:00.08]   Discovered:  Appostolic.Api.Tests
[xUnit.net 00:00:00.08]   Starting:    Appostolic.Api.Tests
[xUnit.net 00:00:14.12]   Finished:    Appostolic.Api.Tests
</StdOut>
    </Output>
  </ResultSummary>
</TestRun>