<?xml version="1.0" encoding="utf-8"?>
<TestRun id="9f69c291-d7ad-4358-9ae8-d4e653989879" name="@MacBook-Pro-2 2025-09-15 08:33:09" xmlns="http://microsoft.com/schemas/VisualStudio/TeamTest/2010">
  <Times creation="2025-09-15T08:33:09.5096960-05:00" queuing="2025-09-15T08:33:09.5096960-05:00" start="2025-09-15T08:33:07.7490380-05:00" finish="2025-09-15T08:33:19.6800260-05:00" />
  <TestSettings name="default" id="b677b7a5-21e8-4068-aa57-9ff135eeb936">
    <Deployment runDeploymentRoot="_MacBook-Pro-2_2025-09-15_08_33_09" />
  </TestSettings>
  <Results>
    <UnitTestResult executionId="93187396-ed6e-4f61-821a-9bfee5a3b6e5" testId="9b729b7e-a306-20a1-7040-eda547fe8bec" testName="Appostolic.Api.Tests.E2E.AgentTasksE2E_HappyPath.EndToEnd_CreatesTask_RunsToSuccess_TracesAndTokensPresent" computerName="MacBook-Pro-2" duration="00:00:00.2968437" startTime="2025-09-15T08:33:16.5981000-05:00" endTime="2025-09-15T08:33:16.5981000-05:00" testType="13cdc9d9-ddb5-4fa4-a97d-d965ccfc6d4b" outcome="Passed" testListId="8c84fa94-04c1-424b-9868-57a2d4851a1d" relativeResultsDirectory="93187396-ed6e-4f61-821a-9bfee5a3b6e5" />
    <UnitTestResult executionId="a1906283-ff46-422d-9a6a-66fc0661b48c" testId="90d1f61e-9ba1-ff1a-f0a6-e17acbda2dee" testName="Appostolic.Api.Tests.Security.RoleAuthorizationTests.CreatorPolicy_Allows_WhenMembershipHasCreator" computerName="MacBook-Pro-2" duration="00:00:00.0008504" startTime="2025-09-15T08:33:16.2971690-05:00" endTime="2025-09-15T08:33:16.2971690-05:00" testType="13cdc9d9-ddb5-4fa4-a97d-d965ccfc6d4b" outcome="Failed" testListId="8c84fa94-04c1-424b-9868-57a2d4851a1d" relativeResultsDirectory="a1906283-ff46-422d-9a6a-66fc0661b48c">
      <Output>
        <ErrorInfo>
          <Message>System.InvalidOperationException : Unable to resolve service for type 'Microsoft.Extensions.Logging.ILogger`1[Microsoft.AspNetCore.Authorization.DefaultAuthorizationService]' while attempting to activate 'Microsoft.AspNetCore.Authorization.DefaultAuthorizationService'.</Message>
          <StackTrace>   at Microsoft.Extensions.DependencyInjection.ServiceLookup.CallSiteFactory.CreateArgumentCallSites(ServiceIdentifier serviceIdentifier, Type implementationType, CallSiteChain callSiteChain, ParameterInfo[] parameters, Boolean throwIfCallSiteNotFound)
   at Microsoft.Extensions.DependencyInjection.ServiceLookup.CallSiteFactory.CreateConstructorCallSite(ResultCache lifetime, ServiceIdentifier serviceIdentifier, Type implementationType, CallSiteChain callSiteChain)
   at Microsoft.Extensions.DependencyInjection.ServiceLookup.CallSiteFactory.TryCreateExact(ServiceDescriptor descriptor, ServiceIdentifier serviceIdentifier, CallSiteChain callSiteChain, Int32 slot)
   at Microsoft.Extensions.DependencyInjection.ServiceLookup.CallSiteFactory.TryCreateExact(ServiceIdentifier serviceIdentifier, CallSiteChain callSiteChain)
   at Microsoft.Extensions.DependencyInjection.ServiceLookup.CallSiteFactory.CreateCallSite(ServiceIdentifier serviceIdentifier, CallSiteChain callSiteChain)
   at Microsoft.Extensions.DependencyInjection.ServiceLookup.CallSiteFactory.GetCallSite(ServiceIdentifier serviceIdentifier, CallSiteChain callSiteChain)
   at Microsoft.Extensions.DependencyInjection.ServiceProvider.CreateServiceAccessor(ServiceIdentifier serviceIdentifier)
   at System.Collections.Concurrent.ConcurrentDictionary`2.GetOrAdd(TKey key, Func`2 valueFactory)
   at Microsoft.Extensions.DependencyInjection.ServiceProvider.GetService(ServiceIdentifier serviceIdentifier, ServiceProviderEngineScope serviceProviderEngineScope)
   at Microsoft.Extensions.DependencyInjection.ServiceProvider.GetService(Type serviceType)
   at Microsoft.Extensions.DependencyInjection.ServiceProviderServiceExtensions.GetRequiredService(IServiceProvider provider, Type serviceType)
   at Microsoft.Extensions.DependencyInjection.ServiceProviderServiceExtensions.GetRequiredService[T](IServiceProvider provider)
   at Appostolic.Api.Tests.Security.RoleAuthorizationTests.MakeServices() in /Users/kevinmccreary/appostolic/apps/api.tests/Security/RoleAuthorizationTests.cs:line 24
   at Appostolic.Api.Tests.Security.RoleAuthorizationTests.CreatorPolicy_Allows_WhenMembershipHasCreator() in /Users/kevinmccreary/appostolic/apps/api.tests/Security/RoleAuthorizationTests.cs:line 30
--- End of stack trace from previous location ---</StackTrace>
        </ErrorInfo>
      </Output>
    </UnitTestResult>
    <UnitTestResult executionId="931fb25f-73d5-462b-96c9-ef92ad3362d5" testId="ad304976-430a-8b69-e0d9-931ece855b31" testName="Appostolic.Api.Tests.AgentTasks.AgentTasksListFilterPaginationTests.Date_Range_Filter_On_CreatedAt" computerName="MacBook-Pro-2" duration="00:00:00.2046315" startTime="2025-09-15T08:33:17.6632890-05:00" endTime="2025-09-15T08:33:17.6632890-05:00" testType="13cdc9d9-ddb5-4fa4-a97d-d965ccfc6d4b" outcome="Passed" testListId="8c84fa94-04c1-424b-9868-57a2d4851a1d" relativeResultsDirectory="931fb25f-73d5-462b-96c9-ef92ad3362d5" />
    <UnitTestResult executionId="21d45892-fb76-4559-bb4c-6433bd79422e" testId="33c114dd-901b-348b-cb07-4ff32816218d" testName="Appostolic.Api.Tests.AgentConstraintTests.Agent_MaxSteps_out_of_range_throws_in_domain_constructor" computerName="MacBook-Pro-2" duration="00:00:00.0012609" startTime="2025-09-15T08:33:13.9953670-05:00" endTime="2025-09-15T08:33:13.9953670-05:00" testType="13cdc9d9-ddb5-4fa4-a97d-d965ccfc6d4b" outcome="Passed" testListId="8c84fa94-04c1-424b-9868-57a2d4851a1d" relativeResultsDirectory="21d45892-fb76-4559-bb4c-6433bd79422e" />
    <UnitTestResult executionId="a0e9b5e6-f637-46ce-8e57-a9bf637183e8" testId="2e294ae5-fc9b-2692-1d65-f4ebb89ab5ef" testName="Appostolic.Api.Tests.Api.NotificationsAdminEndpointsTests.Dlq_replay_requeues_and_publishes_ids" computerName="MacBook-Pro-2" duration="00:00:00.1825259" startTime="2025-09-15T08:33:12.6839810-05:00" endTime="2025-09-15T08:33:12.6839810-05:00" testType="13cdc9d9-ddb5-4fa4-a97d-d965ccfc6d4b" outcome="Passed" testListId="8c84fa94-04c1-424b-9868-57a2d4851a1d" relativeResultsDirectory="a0e9b5e6-f637-46ce-8e57-a9bf637183e8" />
    <UnitTestResult executionId="86e8015c-2d76-46a8-8529-aa5cf2292265" testId="8a436d67-15f2-8a6f-b3c8-3df7d72a7066" testName="Appostolic.Api.Tests.E2E.AgentTasksE2E_Allowlist.Allowlist_Denied_Tool_Produces_Failed_Task_With_Error_Trace" computerName="MacBook-Pro-2" duration="00:00:00.3446444" startTime="2025-09-15T08:33:10.4504100-05:00" endTime="2025-09-15T08:33:10.4504100-05:00" testType="13cdc9d9-ddb5-4fa4-a97d-d965ccfc6d4b" outcome="Passed" testListId="8c84fa94-04c1-424b-9868-57a2d4851a1d" relativeResultsDirectory="86e8015c-2d76-46a8-8529-aa5cf2292265" />
    <UnitTestResult executionId="b759edac-87ff-4c41-a52f-d36e4f9f0515" testId="8f26075f-925c-4688-bf33-abe324c4e160" testName="Appostolic.Api.Tests.Api.ToolCatalogTests.Tools_Catalog_Lists_Registered_Tools_With_Categories" computerName="MacBook-Pro-2" duration="00:00:00.1603229" startTime="2025-09-15T08:33:18.0740650-05:00" endTime="2025-09-15T08:33:18.0740650-05:00" testType="13cdc9d9-ddb5-4fa4-a97d-d965ccfc6d4b" outcome="Passed" testListId="8c84fa94-04c1-424b-9868-57a2d4851a1d" relativeResultsDirectory="b759edac-87ff-4c41-a52f-d36e4f9f0515" />
    <UnitTestResult executionId="4cefb0a9-e8a1-4fd5-8042-cbff0330de4d" testId="50c609b5-3f14-814d-a1e7-5260305a9b12" testName="Appostolic.Api.Tests.AgentTasks.AgentTasksCancelRetryTests.Cancel_Terminal_Task_Returns409" computerName="MacBook-Pro-2" duration="00:00:00.0114733" startTime="2025-09-15T08:33:18.4504030-05:00" endTime="2025-09-15T08:33:18.4504030-05:00" testType="13cdc9d9-ddb5-4fa4-a97d-d965ccfc6d4b" outcome="Passed" testListId="8c84fa94-04c1-424b-9868-57a2d4851a1d" relativeResultsDirectory="4cefb0a9-e8a1-4fd5-8042-cbff0330de4d" />
    <UnitTestResult executionId="4b2c6acf-3de3-4910-8fe7-f20bb10a9d5b" testId="7e0d251c-aca1-3165-2651-f2996ab661b8" testName="DbQueryToolTests.Select_users_all_rows" computerName="MacBook-Pro-2" duration="00:00:00.0023978" startTime="2025-09-15T08:33:19.4145760-05:00" endTime="2025-09-15T08:33:19.4145760-05:00" testType="13cdc9d9-ddb5-4fa4-a97d-d965ccfc6d4b" outcome="Passed" testListId="8c84fa94-04c1-424b-9868-57a2d4851a1d" relativeResultsDirectory="4b2c6acf-3de3-4910-8fe7-f20bb10a9d5b" />
    <UnitTestResult executionId="bd8051b2-fd67-4b94-8f6b-05593244802a" testId="fc170f06-7a65-44e3-9780-d428f13f33ad" testName="Appostolic.Api.Tests.SmokeTests.Health_ReturnsOk" computerName="MacBook-Pro-2" duration="00:00:00.1434011" startTime="2025-09-15T08:33:13.9902120-05:00" endTime="2025-09-15T08:33:13.9902120-05:00" testType="13cdc9d9-ddb5-4fa4-a97d-d965ccfc6d4b" outcome="Passed" testListId="8c84fa94-04c1-424b-9868-57a2d4851a1d" relativeResultsDirectory="bd8051b2-fd67-4b94-8f6b-05593244802a" />
    <UnitTestResult executionId="97ef869f-aafd-40a3-8665-dafcc5f5154d" testId="6305e689-cee9-6a31-93d8-755b6c5fc935" testName="Appostolic.Api.Tests.Notifications.FieldEncryptionTests.Encrypts_And_Decrypts_On_Lease" computerName="MacBook-Pro-2" duration="00:00:00.0131592" startTime="2025-09-15T08:33:14.0092620-05:00" endTime="2025-09-15T08:33:14.0092620-05:00" testType="13cdc9d9-ddb5-4fa4-a97d-d965ccfc6d4b" outcome="Passed" testListId="8c84fa94-04c1-424b-9868-57a2d4851a1d" relativeResultsDirectory="97ef869f-aafd-40a3-8665-dafcc5f5154d" />
    <UnitTestResult executionId="b136d00a-ead8-40a8-9bfb-385841215953" testId="1c8df7f1-aa05-88d6-f922-5ecb50d1b5d9" testName="Appostolic.Api.Tests.ModelMappingTests.Agent_ToolAllowlist_is_jsonb_and_roundtrips_like_array" computerName="MacBook-Pro-2" duration="00:00:00.0164378" startTime="2025-09-15T08:33:17.3992330-05:00" endTime="2025-09-15T08:33:17.3992330-05:00" testType="13cdc9d9-ddb5-4fa4-a97d-d965ccfc6d4b" outcome="Passed" testListId="8c84fa94-04c1-424b-9868-57a2d4851a1d" relativeResultsDirectory="b136d00a-ead8-40a8-9bfb-385841215953" />
    <UnitTestResult executionId="4a2e0b46-ea28-4903-bf37-5e5ebfabd0ac" testId="eeaccddf-52e1-1db7-6606-fc19c2721862" testName="Appostolic.Api.Tests.Api.AuthPasswordFlowsTests.ResetPassword_WithValidToken_UpdatesHashAndConsumesToken" computerName="MacBook-Pro-2" duration="00:00:00.1470825" startTime="2025-09-15T08:33:11.4586270-05:00" endTime="2025-09-15T08:33:11.4586270-05:00" testType="13cdc9d9-ddb5-4fa4-a97d-d965ccfc6d4b" outcome="Passed" testListId="8c84fa94-04c1-424b-9868-57a2d4851a1d" relativeResultsDirectory="4a2e0b46-ea28-4903-bf37-5e5ebfabd0ac" />
    <UnitTestResult executionId="40317d1f-61f9-4ad8-8dfe-2ef83ca12759" testId="1f65e069-4a6f-ccd5-bb6b-41fba0e75604" testName="Appostolic.Api.Tests.Api.NotificationsAdminEndpointsTests.Resend_metrics_emitted_for_manual_and_bulk" computerName="MacBook-Pro-2" duration="00:00:00.1741117" startTime="2025-09-15T08:33:13.4913530-05:00" endTime="2025-09-15T08:33:13.4913530-05:00" testType="13cdc9d9-ddb5-4fa4-a97d-d965ccfc6d4b" outcome="Passed" testListId="8c84fa94-04c1-424b-9868-57a2d4851a1d" relativeResultsDirectory="40317d1f-61f9-4ad8-8dfe-2ef83ca12759" />
    <UnitTestResult executionId="b7bb846e-4159-4410-aa06-d6777070ee88" testId="e4ef9dda-68e5-63b6-ccb6-0b8c602aab58" testName="Appostolic.Api.Tests.Notifications.AutoResendScannerTests.Skips_when_disabled" computerName="MacBook-Pro-2" duration="00:00:00.0078475" startTime="2025-09-15T08:33:17.2294880-05:00" endTime="2025-09-15T08:33:17.2294880-05:00" testType="13cdc9d9-ddb5-4fa4-a97d-d965ccfc6d4b" outcome="Passed" testListId="8c84fa94-04c1-424b-9868-57a2d4851a1d" relativeResultsDirectory="b7bb846e-4159-4410-aa06-d6777070ee88" />
    <UnitTestResult executionId="70bc534d-c9b9-41a7-b8e6-7f322edc8175" testId="8e86fe7c-6239-7009-e550-a3b2b1493955" testName="Appostolic.Api.Tests.Api.MembersListTests.Viewer_gets_403_for_members_list" computerName="MacBook-Pro-2" duration="00:00:00.1703757" startTime="2025-09-15T08:33:16.2736180-05:00" endTime="2025-09-15T08:33:16.2736180-05:00" testType="13cdc9d9-ddb5-4fa4-a97d-d965ccfc6d4b" outcome="Passed" testListId="8c84fa94-04c1-424b-9868-57a2d4851a1d" relativeResultsDirectory="70bc534d-c9b9-41a7-b8e6-7f322edc8175" />
    <UnitTestResult executionId="a45c527d-91ed-4ad7-99f3-005b2fc8394b" testId="fdf88970-87c6-f740-810f-e878127ff782" testName="Appostolic.Api.Tests.Api.NotificationsProdEndpointsTests.Resend_returns_404_when_missing" computerName="MacBook-Pro-2" duration="00:00:00.1653642" startTime="2025-09-15T08:33:09.2752670-05:00" endTime="2025-09-15T08:33:09.2752670-05:00" testType="13cdc9d9-ddb5-4fa4-a97d-d965ccfc6d4b" outcome="Passed" testListId="8c84fa94-04c1-424b-9868-57a2d4851a1d" relativeResultsDirectory="a45c527d-91ed-4ad7-99f3-005b2fc8394b" />
    <UnitTestResult executionId="b70ac09f-c7d6-4f83-9f23-309cf35bf281" testId="784ad7dc-5a89-a731-4a54-d985f0ba330c" testName="Appostolic.Api.Tests.Notifications.AutoResendScannerTests.Respects_throttle_window" computerName="MacBook-Pro-2" duration="00:00:00.0016767" startTime="2025-09-15T08:33:17.2311990-05:00" endTime="2025-09-15T08:33:17.2311990-05:00" testType="13cdc9d9-ddb5-4fa4-a97d-d965ccfc6d4b" outcome="Passed" testListId="8c84fa94-04c1-424b-9868-57a2d4851a1d" relativeResultsDirectory="b70ac09f-c7d6-4f83-9f23-309cf35bf281" />
    <UnitTestResult executionId="18ac594c-7fe3-41d7-8d01-36c05fa9770f" testId="f0724dde-c441-a83f-2f8e-78db9d6adb66" testName="Appostolic.Api.Tests.AgentTasks.AgentTasksListFilterPaginationTests.Status_Filter_Is_CaseInsensitive" computerName="MacBook-Pro-2" duration="00:00:00.0089734" startTime="2025-09-15T08:33:17.6724780-05:00" endTime="2025-09-15T08:33:17.6724780-05:00" testType="13cdc9d9-ddb5-4fa4-a97d-d965ccfc6d4b" outcome="Passed" testListId="8c84fa94-04c1-424b-9868-57a2d4851a1d" relativeResultsDirectory="18ac594c-7fe3-41d7-8d01-36c05fa9770f" />
    <UnitTestResult executionId="e18fae75-2165-4123-ab09-6c688c60e4d5" testId="f0e4d307-078d-a4e0-f168-b961578cd197" testName="Appostolic.Api.Tests.Security.RoleAuthorizationTests.CreatorPolicy_Denies_WhenNoMembership" computerName="MacBook-Pro-2" duration="00:00:00.0012253" startTime="2025-09-15T08:33:16.2966030-05:00" endTime="2025-09-15T08:33:16.2966030-05:00" testType="13cdc9d9-ddb5-4fa4-a97d-d965ccfc6d4b" outcome="Failed" testListId="8c84fa94-04c1-424b-9868-57a2d4851a1d" relativeResultsDirectory="e18fae75-2165-4123-ab09-6c688c60e4d5">
      <Output>
        <ErrorInfo>
          <Message>System.InvalidOperationException : Unable to resolve service for type 'Microsoft.Extensions.Logging.ILogger`1[Microsoft.AspNetCore.Authorization.DefaultAuthorizationService]' while attempting to activate 'Microsoft.AspNetCore.Authorization.DefaultAuthorizationService'.</Message>
          <StackTrace>   at Microsoft.Extensions.DependencyInjection.ServiceLookup.CallSiteFactory.CreateArgumentCallSites(ServiceIdentifier serviceIdentifier, Type implementationType, CallSiteChain callSiteChain, ParameterInfo[] parameters, Boolean throwIfCallSiteNotFound)
   at Microsoft.Extensions.DependencyInjection.ServiceLookup.CallSiteFactory.CreateConstructorCallSite(ResultCache lifetime, ServiceIdentifier serviceIdentifier, Type implementationType, CallSiteChain callSiteChain)
   at Microsoft.Extensions.DependencyInjection.ServiceLookup.CallSiteFactory.TryCreateExact(ServiceDescriptor descriptor, ServiceIdentifier serviceIdentifier, CallSiteChain callSiteChain, Int32 slot)
   at Microsoft.Extensions.DependencyInjection.ServiceLookup.CallSiteFactory.TryCreateExact(ServiceIdentifier serviceIdentifier, CallSiteChain callSiteChain)
   at Microsoft.Extensions.DependencyInjection.ServiceLookup.CallSiteFactory.CreateCallSite(ServiceIdentifier serviceIdentifier, CallSiteChain callSiteChain)
   at Microsoft.Extensions.DependencyInjection.ServiceLookup.CallSiteFactory.GetCallSite(ServiceIdentifier serviceIdentifier, CallSiteChain callSiteChain)
   at Microsoft.Extensions.DependencyInjection.ServiceProvider.CreateServiceAccessor(ServiceIdentifier serviceIdentifier)
   at System.Collections.Concurrent.ConcurrentDictionary`2.GetOrAdd(TKey key, Func`2 valueFactory)
   at Microsoft.Extensions.DependencyInjection.ServiceProvider.GetService(ServiceIdentifier serviceIdentifier, ServiceProviderEngineScope serviceProviderEngineScope)
   at Microsoft.Extensions.DependencyInjection.ServiceProvider.GetService(Type serviceType)
   at Microsoft.Extensions.DependencyInjection.ServiceProviderServiceExtensions.GetRequiredService(IServiceProvider provider, Type serviceType)
   at Microsoft.Extensions.DependencyInjection.ServiceProviderServiceExtensions.GetRequiredService[T](IServiceProvider provider)
   at Appostolic.Api.Tests.Security.RoleAuthorizationTests.MakeServices() in /Users/kevinmccreary/appostolic/apps/api.tests/Security/RoleAuthorizationTests.cs:line 24
   at Appostolic.Api.Tests.Security.RoleAuthorizationTests.CreatorPolicy_Denies_WhenNoMembership() in /Users/kevinmccreary/appostolic/apps/api.tests/Security/RoleAuthorizationTests.cs:line 51
--- End of stack trace from previous location ---</StackTrace>
        </ErrorInfo>
      </Output>
    </UnitTestResult>
    <UnitTestResult executionId="b1172cfc-7079-413f-8b9f-2da29a8a1e75" testId="6447b752-ca58-5092-2c5d-d1f5fe58b5dc" testName="WebSearchToolTests.Empty_query_returns_empty" computerName="MacBook-Pro-2" duration="00:00:00.0007997" startTime="2025-09-15T08:33:09.8912140-05:00" endTime="2025-09-15T08:33:09.8912140-05:00" testType="13cdc9d9-ddb5-4fa4-a97d-d965ccfc6d4b" outcome="Passed" testListId="8c84fa94-04c1-424b-9868-57a2d4851a1d" relativeResultsDirectory="b1172cfc-7079-413f-8b9f-2da29a8a1e75" />
    <UnitTestResult executionId="83a516cf-5dda-4df0-aacf-64feb4fa772d" testId="bc29c184-0770-c9df-63be-2a52d76ad503" testName="Appostolic.Api.Tests.Notifications.NotificationEnqueuerMagicLinkTests.QueueMagicLink_HashesToken_And_Publishes" computerName="MacBook-Pro-2" duration="00:00:00.0542565" startTime="2025-09-15T08:33:14.5352170-05:00" endTime="2025-09-15T08:33:14.5352170-05:00" testType="13cdc9d9-ddb5-4fa4-a97d-d965ccfc6d4b" outcome="Passed" testListId="8c84fa94-04c1-424b-9868-57a2d4851a1d" relativeResultsDirectory="83a516cf-5dda-4df0-aacf-64feb4fa772d" />
    <UnitTestResult executionId="91623f5c-4265-47ba-b5f6-66f938e8d8ea" testId="6a6d73d7-7d30-455c-71a4-79ea460d8c8c" testName="Appostolic.Api.Tests.Notifications.RedisTransportPrivacyTests.EnqueueFailure_LogsErrorWithoutPayloadContents" computerName="MacBook-Pro-2" duration="00:00:00.0313296" startTime="2025-09-15T08:33:17.8993420-05:00" endTime="2025-09-15T08:33:17.8993420-05:00" testType="13cdc9d9-ddb5-4fa4-a97d-d965ccfc6d4b" outcome="Passed" testListId="8c84fa94-04c1-424b-9868-57a2d4851a1d" relativeResultsDirectory="91623f5c-4265-47ba-b5f6-66f938e8d8ea" />
    <UnitTestResult executionId="3685068b-2d52-427b-90a1-d26542559ed6" testId="4f12e680-b238-5f1e-d786-32a29acea93b" testName="Appostolic.Api.Tests.EmailProviderSelectionTests.Resolves_SendGrid_sender_when_provider_sendgrid" computerName="MacBook-Pro-2" duration="00:00:00.1164384" startTime="2025-09-15T08:33:15.2198370-05:00" endTime="2025-09-15T08:33:15.2198370-05:00" testType="13cdc9d9-ddb5-4fa4-a97d-d965ccfc6d4b" outcome="Passed" testListId="8c84fa94-04c1-424b-9868-57a2d4851a1d" relativeResultsDirectory="3685068b-2d52-427b-90a1-d26542559ed6" />
    <UnitTestResult executionId="a6ec868f-d112-49fe-9211-bcd1eaa45a4f" testId="d23daa8f-5725-d1c6-7d7a-83c05e893d1b" testName="Appostolic.Api.Tests.Api.NotificationsProdEndpointsTests.Superadmin_can_list_cross_tenant" computerName="MacBook-Pro-2" duration="00:00:00.1684983" startTime="2025-09-15T08:33:09.8706650-05:00" endTime="2025-09-15T08:33:09.8706650-05:00" testType="13cdc9d9-ddb5-4fa4-a97d-d965ccfc6d4b" outcome="Passed" testListId="8c84fa94-04c1-424b-9868-57a2d4851a1d" relativeResultsDirectory="a6ec868f-d112-49fe-9211-bcd1eaa45a4f" />
    <UnitTestResult executionId="75e4f64a-23f5-4702-906e-9a7f511061a7" testId="b2e4b89c-c96f-83af-e281-01d9319a9bb8" testName="Appostolic.Api.Tests.Api.MembersManagementTests.Admin_cannot_assign_owner_but_owner_can" computerName="MacBook-Pro-2" duration="00:00:00.0083330" startTime="2025-09-15T08:33:10.1043480-05:00" endTime="2025-09-15T08:33:10.1043480-05:00" testType="13cdc9d9-ddb5-4fa4-a97d-d965ccfc6d4b" outcome="Passed" testListId="8c84fa94-04c1-424b-9868-57a2d4851a1d" relativeResultsDirectory="75e4f64a-23f5-4702-906e-9a7f511061a7" />
    <UnitTestResult executionId="8a34d0da-4354-455f-a4f7-2f6faa84a3c2" testId="7bfc22d7-9c12-bb6d-b1ad-6ad8a8f51b4d" testName="Appostolic.Api.Tests.Api.InvitesAcceptTests.Accept_SignedIn_User_Matches_Invite_Creates_Membership" computerName="MacBook-Pro-2" duration="00:00:00.1884039" startTime="2025-09-15T08:33:18.2630350-05:00" endTime="2025-09-15T08:33:18.2630350-05:00" testType="13cdc9d9-ddb5-4fa4-a97d-d965ccfc6d4b" outcome="Passed" testListId="8c84fa94-04c1-424b-9868-57a2d4851a1d" relativeResultsDirectory="8a34d0da-4354-455f-a4f7-2f6faa84a3c2" />
    <UnitTestResult executionId="c07a008e-9232-486a-aa7d-df38098fafbf" testId="f242966d-9728-e09e-ef23-e439d6a28402" testName="Appostolic.Api.Tests.Api.MembersManagementTests.Cannot_demote_or_remove_last_owner" computerName="MacBook-Pro-2" duration="00:00:00.1711951" startTime="2025-09-15T08:33:10.0654200-05:00" endTime="2025-09-15T08:33:10.0654200-05:00" testType="13cdc9d9-ddb5-4fa4-a97d-d965ccfc6d4b" outcome="Passed" testListId="8c84fa94-04c1-424b-9868-57a2d4851a1d" relativeResultsDirectory="c07a008e-9232-486a-aa7d-df38098fafbf" />
    <UnitTestResult executionId="b52c8ba7-4332-4658-bdc3-46f32526ecad" testId="7831f103-663f-8d24-4a8b-6bbe466d0837" testName="Appostolic.Api.Tests.Api.AuthPasswordFlowsTests.ChangePassword_WithAuth_UpdatesPassword" computerName="MacBook-Pro-2" duration="00:00:00.6153020" startTime="2025-09-15T08:33:11.2803240-05:00" endTime="2025-09-15T08:33:11.2803240-05:00" testType="13cdc9d9-ddb5-4fa4-a97d-d965ccfc6d4b" outcome="Passed" testListId="8c84fa94-04c1-424b-9868-57a2d4851a1d" relativeResultsDirectory="b52c8ba7-4332-4658-bdc3-46f32526ecad" />
    <UnitTestResult executionId="dc6a0593-aec6-4227-ad45-3fffc9160e8a" testId="cc013720-f8b7-b972-40e8-34c7328bfdae" testName="Appostolic.Api.Tests.Orchestrator.AgentOrchestratorTests.ToolNotAllowed_FailsAndTracesFailure" computerName="MacBook-Pro-2" duration="00:00:00.0021601" startTime="2025-09-15T08:33:18.4797560-05:00" endTime="2025-09-15T08:33:18.4797560-05:00" testType="13cdc9d9-ddb5-4fa4-a97d-d965ccfc6d4b" outcome="Passed" testListId="8c84fa94-04c1-424b-9868-57a2d4851a1d" relativeResultsDirectory="dc6a0593-aec6-4227-ad45-3fffc9160e8a" />
    <UnitTestResult executionId="743b9b64-80dc-4232-912f-03511e48f948" testId="c17747a3-eb4e-63bf-0bc9-279a4928ed40" testName="Appostolic.Api.Tests.EmailDispatcherTests.Enqueue_sends_via_sender" computerName="MacBook-Pro-2" duration="00:00:00.0013496" startTime="2025-09-15T08:33:15.2765110-05:00" endTime="2025-09-15T08:33:15.2765110-05:00" testType="13cdc9d9-ddb5-4fa4-a97d-d965ccfc6d4b" outcome="Passed" testListId="8c84fa94-04c1-424b-9868-57a2d4851a1d" relativeResultsDirectory="743b9b64-80dc-4232-912f-03511e48f948" />
    <UnitTestResult executionId="77ae9588-2dc3-4bbf-8c3a-972449230d5d" testId="46ad1244-cbdb-dca6-f007-7e8a232754cc" testName="Appostolic.Api.Tests.Notifications.RedisTransportPrivacyTests.NonGuidPayload_DoesNotLogPayloadContents" computerName="MacBook-Pro-2" duration="00:00:00.0138458" startTime="2025-09-15T08:33:17.9134020-05:00" endTime="2025-09-15T08:33:17.9134020-05:00" testType="13cdc9d9-ddb5-4fa4-a97d-d965ccfc6d4b" outcome="Passed" testListId="8c84fa94-04c1-424b-9868-57a2d4851a1d" relativeResultsDirectory="77ae9588-2dc3-4bbf-8c3a-972449230d5d" />
    <UnitTestResult executionId="461ce969-cb3e-466f-a219-2502c6e70932" testId="6ac2577f-abec-ce9e-a92b-34035bd744e0" testName="FsWriteToolTests.Rejects_when_content_exceeds_max" computerName="MacBook-Pro-2" duration="00:00:00.0004427" startTime="2025-09-15T08:33:18.8458290-05:00" endTime="2025-09-15T08:33:18.8458290-05:00" testType="13cdc9d9-ddb5-4fa4-a97d-d965ccfc6d4b" outcome="Passed" testListId="8c84fa94-04c1-424b-9868-57a2d4851a1d" relativeResultsDirectory="461ce969-cb3e-466f-a219-2502c6e70932" />
    <UnitTestResult executionId="6e8d6bac-7837-4d4f-b546-2ca3c8f56097" testId="eba2e046-3c6c-f48b-f85f-b23828d8319b" testName="Appostolic.Api.Tests.AgentOrchestratorTests.ToolNotAllowed_FailsAndTracesFailure" computerName="MacBook-Pro-2" duration="00:00:00.0248090" startTime="2025-09-15T08:33:15.2448850-05:00" endTime="2025-09-15T08:33:15.2448850-05:00" testType="13cdc9d9-ddb5-4fa4-a97d-d965ccfc6d4b" outcome="Passed" testListId="8c84fa94-04c1-424b-9868-57a2d4851a1d" relativeResultsDirectory="6e8d6bac-7837-4d4f-b546-2ca3c8f56097" />
    <UnitTestResult executionId="f451ed2e-a041-4209-8de7-2007d27235fc" testId="80cb1a83-dede-f3ba-117a-352364082463" testName="Appostolic.Api.Tests.Api.MembersManagementTests.Owner_can_promote_editor_to_admin" computerName="MacBook-Pro-2" duration="00:00:00.0179746" startTime="2025-09-15T08:33:10.0836380-05:00" endTime="2025-09-15T08:33:10.0836380-05:00" testType="13cdc9d9-ddb5-4fa4-a97d-d965ccfc6d4b" outcome="Passed" testListId="8c84fa94-04c1-424b-9868-57a2d4851a1d" relativeResultsDirectory="f451ed2e-a041-4209-8de7-2007d27235fc" />
    <UnitTestResult executionId="9a96a479-ac36-496a-9b09-88f8a255e4cb" testId="2c0e3ce9-5829-44ef-fbae-e96e2c0f5de9" testName="Appostolic.Api.Tests.Model.TokenEstimatorTests.EstimateTokens_Heuristic_CeilPer4Chars(text: &quot;abcdefgh&quot;, expected: 2)" computerName="MacBook-Pro-2" duration="00:00:00.0001417" startTime="2025-09-15T08:33:13.9961730-05:00" endTime="2025-09-15T08:33:13.9961730-05:00" testType="13cdc9d9-ddb5-4fa4-a97d-d965ccfc6d4b" outcome="Passed" testListId="8c84fa94-04c1-424b-9868-57a2d4851a1d" relativeResultsDirectory="9a96a479-ac36-496a-9b09-88f8a255e4cb" />
    <UnitTestResult executionId="c30bb6ca-ff5d-4970-9a1e-454881d59c5e" testId="691bf80d-9ec7-7de8-ad81-702e4cdb8bfd" testName="WebSearchToolTests.Take_limits_results" computerName="MacBook-Pro-2" duration="00:00:00.0193802" startTime="2025-09-15T08:33:09.8904030-05:00" endTime="2025-09-15T08:33:09.8904030-05:00" testType="13cdc9d9-ddb5-4fa4-a97d-d965ccfc6d4b" outcome="Passed" testListId="8c84fa94-04c1-424b-9868-57a2d4851a1d" relativeResultsDirectory="c30bb6ca-ff5d-4970-9a1e-454881d59c5e" />
    <UnitTestResult executionId="ee6f4bcb-a7ab-4b8f-945d-7726f6484118" testId="dfdd94d6-4157-31a9-a81a-18fee28467d5" testName="Appostolic.Api.Tests.AgentOrchestratorTests.HappyPath_ModelPlansToolThenFinal_SucceedsWithTwoTraces" computerName="MacBook-Pro-2" duration="00:00:00.0025993" startTime="2025-09-15T08:33:15.2501090-05:00" endTime="2025-09-15T08:33:15.2501090-05:00" testType="13cdc9d9-ddb5-4fa4-a97d-d965ccfc6d4b" outcome="Passed" testListId="8c84fa94-04c1-424b-9868-57a2d4851a1d" relativeResultsDirectory="ee6f4bcb-a7ab-4b8f-945d-7726f6484118" />
    <UnitTestResult executionId="6c45aec9-4a2e-4026-b479-b10c4c10dd9f" testId="f7e247f1-8de7-594b-e638-b4ec989d69be" testName="Appostolic.Api.Tests.AgentTasks.AgentTasksCancelRetryTests.Cancel_Pending_Task_IsCanceledImmediately" computerName="MacBook-Pro-2" duration="00:00:00.1709606" startTime="2025-09-15T08:33:18.4386390-05:00" endTime="2025-09-15T08:33:18.4386390-05:00" testType="13cdc9d9-ddb5-4fa4-a97d-d965ccfc6d4b" outcome="Passed" testListId="8c84fa94-04c1-424b-9868-57a2d4851a1d" relativeResultsDirectory="6c45aec9-4a2e-4026-b479-b10c4c10dd9f" />
    <UnitTestResult executionId="6013a4dc-6ed5-4f36-94fe-e03a84c68f38" testId="ed8d7d20-a6f1-0500-d78a-14c17a721b87" testName="Appostolic.Api.Tests.AgentOrchestratorTests.MaxStepsExceeded_FailsAfterCap" computerName="MacBook-Pro-2" duration="00:00:00.0025487" startTime="2025-09-15T08:33:15.2474530-05:00" endTime="2025-09-15T08:33:15.2474530-05:00" testType="13cdc9d9-ddb5-4fa4-a97d-d965ccfc6d4b" outcome="Passed" testListId="8c84fa94-04c1-424b-9868-57a2d4851a1d" relativeResultsDirectory="6013a4dc-6ed5-4f36-94fe-e03a84c68f38" />
    <UnitTestResult executionId="8f6609c8-25e5-4f67-8246-4eab4df39bed" testId="57eb4321-b137-5017-063e-e3e669ff6aa8" testName="Appostolic.Api.Tests.E2E.NotificationsE2E_Mailhog.VerificationEmail_reaches_Mailhog_and_outbox_marks_Sent" computerName="MacBook-Pro-2" duration="00:00:00.4496896" startTime="2025-09-15T08:33:14.9901760-05:00" endTime="2025-09-15T08:33:14.9901760-05:00" testType="13cdc9d9-ddb5-4fa4-a97d-d965ccfc6d4b" outcome="Passed" testListId="8c84fa94-04c1-424b-9868-57a2d4851a1d" relativeResultsDirectory="8f6609c8-25e5-4f67-8246-4eab4df39bed" />
    <UnitTestResult executionId="4572f2ee-9f3e-45c8-8c4c-3c2acc088a11" testId="0f0c7731-d28a-bcbe-054f-641f024437ac" testName="Appostolic.Api.Tests.ModelMappingTests.AgentTask_Status_is_converted_as_string" computerName="MacBook-Pro-2" duration="00:00:00.0021757" startTime="2025-09-15T08:33:17.4014280-05:00" endTime="2025-09-15T08:33:17.4014280-05:00" testType="13cdc9d9-ddb5-4fa4-a97d-d965ccfc6d4b" outcome="Passed" testListId="8c84fa94-04c1-424b-9868-57a2d4851a1d" relativeResultsDirectory="4572f2ee-9f3e-45c8-8c4c-3c2acc088a11" />
    <UnitTestResult executionId="fe42890b-078a-4383-b4fb-dc27050ad605" testId="c8cdac31-ad32-9a02-508c-02a988e5e017" testName="DbQueryToolTests.Reject_non_select" computerName="MacBook-Pro-2" duration="00:00:00.0004379" startTime="2025-09-15T08:33:19.4184500-05:00" endTime="2025-09-15T08:33:19.4184500-05:00" testType="13cdc9d9-ddb5-4fa4-a97d-d965ccfc6d4b" outcome="Passed" testListId="8c84fa94-04c1-424b-9868-57a2d4851a1d" relativeResultsDirectory="fe42890b-078a-4383-b4fb-dc27050ad605" />
    <UnitTestResult executionId="1c12fa4e-0e84-4f75-b980-c5d5b3a6b8bc" testId="d079b60f-9bd9-c7a1-855f-178e519346dc" testName="Appostolic.Api.Tests.EmailDispatcherTests.Dispatcher_logs_correlation_fields_when_present" computerName="MacBook-Pro-2" duration="00:00:00.0041945" startTime="2025-09-15T08:33:15.2729740-05:00" endTime="2025-09-15T08:33:15.2729740-05:00" testType="13cdc9d9-ddb5-4fa4-a97d-d965ccfc6d4b" outcome="Passed" testListId="8c84fa94-04c1-424b-9868-57a2d4851a1d" relativeResultsDirectory="1c12fa4e-0e84-4f75-b980-c5d5b3a6b8bc" />
    <UnitTestResult executionId="3d3981e4-ffef-48fa-b3a0-2d9f6cf8bce1" testId="4ee5f350-b89d-edd8-c84d-cd5d40909f15" testName="Appostolic.Api.Tests.SmtpEmailSenderTests.Sends_with_both_text_and_html" computerName="MacBook-Pro-2" duration="00:00:00.0008710" startTime="2025-09-15T08:33:14.9913000-05:00" endTime="2025-09-15T08:33:14.9913000-05:00" testType="13cdc9d9-ddb5-4fa4-a97d-d965ccfc6d4b" outcome="Passed" testListId="8c84fa94-04c1-424b-9868-57a2d4851a1d" relativeResultsDirectory="3d3981e4-ffef-48fa-b3a0-2d9f6cf8bce1" />
    <UnitTestResult executionId="7b5b00f1-c93d-420e-ad4c-06f34e72decd" testId="a11d6311-0314-291e-6c87-0745cc1eace8" testName="Appostolic.Api.Tests.Observability.TelemetrySmokeTests.HappyPath_Emits_Spans_And_Metrics" computerName="MacBook-Pro-2" duration="00:00:00.0029856" startTime="2025-09-15T08:33:18.8489170-05:00" endTime="2025-09-15T08:33:18.8489170-05:00" testType="13cdc9d9-ddb5-4fa4-a97d-d965ccfc6d4b" outcome="Passed" testListId="8c84fa94-04c1-424b-9868-57a2d4851a1d" relativeResultsDirectory="7b5b00f1-c93d-420e-ad4c-06f34e72decd" />
    <UnitTestResult executionId="d16917bf-4325-4477-9f23-6cb5b3e748b6" testId="c3e1478d-2cae-8f80-3a89-04eb9dac0acb" testName="Appostolic.Api.Tests.Api.NotificationsWebhookTests.SendGridWebhook_forbidden_when_token_mismatch" computerName="MacBook-Pro-2" duration="00:00:00.1631358" startTime="2025-09-15T08:33:12.4803130-05:00" endTime="2025-09-15T08:33:12.4803130-05:00" testType="13cdc9d9-ddb5-4fa4-a97d-d965ccfc6d4b" outcome="Passed" testListId="8c84fa94-04c1-424b-9868-57a2d4851a1d" relativeResultsDirectory="d16917bf-4325-4477-9f23-6cb5b3e748b6" />
    <UnitTestResult executionId="5f7b5a09-93b2-4880-8522-76beaa4ca1f5" testId="68b95691-6ef6-716d-545d-ee6cf04d94e7" testName="Appostolic.Api.Tests.Api.NotificationsAdminEndpointsTests.Dlq_list_returns_failed_and_deadletter_with_paging" computerName="MacBook-Pro-2" duration="00:00:00.1683915" startTime="2025-09-15T08:33:13.6601940-05:00" endTime="2025-09-15T08:33:13.6601940-05:00" testType="13cdc9d9-ddb5-4fa4-a97d-d965ccfc6d4b" outcome="Passed" testListId="8c84fa94-04c1-424b-9868-57a2d4851a1d" relativeResultsDirectory="5f7b5a09-93b2-4880-8522-76beaa4ca1f5" />
    <UnitTestResult executionId="f96a3454-28b1-483a-8659-ab8cfbf51624" testId="214b8407-591b-5f7a-aa16-7961a8df13e5" testName="Appostolic.Api.Tests.Api.MembersListTests.Unauthenticated_request_returns_401_or_403" computerName="MacBook-Pro-2" duration="00:00:00.0040187" startTime="2025-09-15T08:33:16.2910960-05:00" endTime="2025-09-15T08:33:16.2910960-05:00" testType="13cdc9d9-ddb5-4fa4-a97d-d965ccfc6d4b" outcome="Passed" testListId="8c84fa94-04c1-424b-9868-57a2d4851a1d" relativeResultsDirectory="f96a3454-28b1-483a-8659-ab8cfbf51624" />
    <UnitTestResult executionId="0cec1c77-834f-4908-a77a-48268a52ee0d" testId="ec039bf7-f831-a8e3-834c-89707ff2f6d2" testName="Appostolic.Api.Tests.NotificationEnqueuerTests.QueueVerification_uses_relative_when_base_missing" computerName="MacBook-Pro-2" duration="00:00:00.0027372" startTime="2025-09-15T08:33:19.6260060-05:00" endTime="2025-09-15T08:33:19.6260070-05:00" testType="13cdc9d9-ddb5-4fa4-a97d-d965ccfc6d4b" outcome="Passed" testListId="8c84fa94-04c1-424b-9868-57a2d4851a1d" relativeResultsDirectory="0cec1c77-834f-4908-a77a-48268a52ee0d" />
    <UnitTestResult executionId="4100f560-1a47-4843-a592-fdfda919c983" testId="c608eb38-09c4-17b8-a16b-ae9b91798432" testName="Appostolic.Api.Tests.Api.NotificationsWebhookTests.SendGridWebhook_updates_provider_status_when_token_matches" computerName="MacBook-Pro-2" duration="00:00:00.0200682" startTime="2025-09-15T08:33:12.5006300-05:00" endTime="2025-09-15T08:33:12.5006300-05:00" testType="13cdc9d9-ddb5-4fa4-a97d-d965ccfc6d4b" outcome="Passed" testListId="8c84fa94-04c1-424b-9868-57a2d4851a1d" relativeResultsDirectory="4100f560-1a47-4843-a592-fdfda919c983" />
    <UnitTestResult executionId="07d0b737-daeb-4b55-8300-e13a61ecdfe8" testId="0d699ea2-79e9-9f01-d2d5-fca82a358bb0" testName="Appostolic.Api.Tests.Api.NotificationsAdminEndpointsTests.List_and_retry_notifications_work" computerName="MacBook-Pro-2" duration="00:00:00.1940372" startTime="2025-09-15T08:33:13.1441960-05:00" endTime="2025-09-15T08:33:13.1441960-05:00" testType="13cdc9d9-ddb5-4fa4-a97d-d965ccfc6d4b" outcome="Passed" testListId="8c84fa94-04c1-424b-9868-57a2d4851a1d" relativeResultsDirectory="07d0b737-daeb-4b55-8300-e13a61ecdfe8" />
    <UnitTestResult executionId="ec6f8cdb-295b-43ce-b324-9c8e7205fc09" testId="12c3c514-0e1a-a711-90d4-344685873f0e" testName="Appostolic.Api.AuthTests.LoginTests.Login_InvalidCredentials_Returns401" computerName="MacBook-Pro-2" duration="00:00:00.1698214" startTime="2025-09-15T08:33:14.1793930-05:00" endTime="2025-09-15T08:33:14.1793930-05:00" testType="13cdc9d9-ddb5-4fa4-a97d-d965ccfc6d4b" outcome="Passed" testListId="8c84fa94-04c1-424b-9868-57a2d4851a1d" relativeResultsDirectory="ec6f8cdb-295b-43ce-b324-9c8e7205fc09" />
    <UnitTestResult executionId="ff2519d5-c812-4b8a-bf09-4fca6028470a" testId="e74b4a4d-4fe0-004f-1c01-e9508924afd9" testName="Appostolic.Api.Tests.Api.AgentsEndpointsTests.Agents_Validation_Errors" computerName="MacBook-Pro-2" duration="00:00:00.1629018" startTime="2025-09-15T08:33:19.5817520-05:00" endTime="2025-09-15T08:33:19.5817520-05:00" testType="13cdc9d9-ddb5-4fa4-a97d-d965ccfc6d4b" outcome="Passed" testListId="8c84fa94-04c1-424b-9868-57a2d4851a1d" relativeResultsDirectory="ff2519d5-c812-4b8a-bf09-4fca6028470a" />
    <UnitTestResult executionId="bc661abb-a38f-4cc4-bef2-abe7fdb40972" testId="9c020064-9cbb-7975-d5c0-9dc48d581775" testName="Appostolic.Api.Tests.Api.AgentTasksEndpointsTests.CreateTask_Returns201AndSummary" computerName="MacBook-Pro-2" duration="00:00:00.8830847" startTime="2025-09-15T08:33:08.9996910-05:00" endTime="2025-09-15T08:33:08.9997010-05:00" testType="13cdc9d9-ddb5-4fa4-a97d-d965ccfc6d4b" outcome="Passed" testListId="8c84fa94-04c1-424b-9868-57a2d4851a1d" relativeResultsDirectory="bc661abb-a38f-4cc4-bef2-abe7fdb40972" />
    <UnitTestResult executionId="5bef2859-d485-48ff-873e-3ff4957c7eb6" testId="ee7b51d2-d8a7-715d-70ab-159c7293568a" testName="Appostolic.Api.Tests.Api.NotificationsProdEndpointsTests.Tenant_owner_can_resend_within_tenant_and_is_forbidden_cross_tenant" computerName="MacBook-Pro-2" duration="00:00:00.2263732" startTime="2025-09-15T08:33:09.5020500-05:00" endTime="2025-09-15T08:33:09.5020500-05:00" testType="13cdc9d9-ddb5-4fa4-a97d-d965ccfc6d4b" outcome="Passed" testListId="8c84fa94-04c1-424b-9868-57a2d4851a1d" relativeResultsDirectory="5bef2859-d485-48ff-873e-3ff4957c7eb6" />
    <UnitTestResult executionId="78253705-2c3f-4883-bdc6-760efdc100fa" testId="8f2edffb-b43d-5750-46cc-f6c9051abba5" testName="Appostolic.Api.AuthTests.LoginTests.Login_ValidCredentials_Returns200" computerName="MacBook-Pro-2" duration="00:00:00.3007092" startTime="2025-09-15T08:33:14.4803070-05:00" endTime="2025-09-15T08:33:14.4803070-05:00" testType="13cdc9d9-ddb5-4fa4-a97d-d965ccfc6d4b" outcome="Passed" testListId="8c84fa94-04c1-424b-9868-57a2d4851a1d" relativeResultsDirectory="78253705-2c3f-4883-bdc6-760efdc100fa" />
    <UnitTestResult executionId="5c1983e2-ced6-4c6f-9b47-8dec2dd0fe7b" testId="1cfc69b2-92d0-7e18-c868-129765966147" testName="Appostolic.Api.Tests.Auth.SignupTests.Signup_SelfServe_CreatesUserAndPersonalTenant" computerName="MacBook-Pro-2" duration="00:00:00.2855783" startTime="2025-09-15T08:33:16.8903000-05:00" endTime="2025-09-15T08:33:16.8903000-05:00" testType="13cdc9d9-ddb5-4fa4-a97d-d965ccfc6d4b" outcome="Passed" testListId="8c84fa94-04c1-424b-9868-57a2d4851a1d" relativeResultsDirectory="5c1983e2-ced6-4c6f-9b47-8dec2dd0fe7b" />
    <UnitTestResult executionId="c80fc75f-49c4-44dd-846f-e1e1f0c8c113" testId="3b3a68c1-1138-770e-4b05-0d7fb6b68738" testName="Appostolic.Api.Tests.Orchestrator.TokenAggregationTests.CostIsNull_WhenPricingDisabled" computerName="MacBook-Pro-2" duration="00:00:00.0033799" startTime="2025-09-15T08:33:17.8656460-05:00" endTime="2025-09-15T08:33:17.8656460-05:00" testType="13cdc9d9-ddb5-4fa4-a97d-d965ccfc6d4b" outcome="Passed" testListId="8c84fa94-04c1-424b-9868-57a2d4851a1d" relativeResultsDirectory="c80fc75f-49c4-44dd-846f-e1e1f0c8c113" />
    <UnitTestResult executionId="116a2fdb-b8c1-4393-a048-a86a1f2afa7f" testId="e507a4d5-4aa9-7d32-05a9-ecfa3f03323d" testName="Appostolic.Api.Tests.Security.AgentTasksAuthContractTests.ListEndpoint_RequiresDevHeaders" computerName="MacBook-Pro-2" duration="00:00:00.2085550" startTime="2025-09-15T08:33:19.0577060-05:00" endTime="2025-09-15T08:33:19.0577060-05:00" testType="13cdc9d9-ddb5-4fa4-a97d-d965ccfc6d4b" outcome="Passed" testListId="8c84fa94-04c1-424b-9868-57a2d4851a1d" relativeResultsDirectory="116a2fdb-b8c1-4393-a048-a86a1f2afa7f" />
    <UnitTestResult executionId="2462b288-7742-40bd-a95f-2a2f6625ffdc" testId="90c7a127-2be9-b6e7-ec52-19cb51de49c0" testName="Appostolic.Api.Tests.Notifications.AutoResendScannerTests.Creates_resend_for_old_sent_without_children" computerName="MacBook-Pro-2" duration="00:00:00.0158851" startTime="2025-09-15T08:33:17.2215500-05:00" endTime="2025-09-15T08:33:17.2215500-05:00" testType="13cdc9d9-ddb5-4fa4-a97d-d965ccfc6d4b" outcome="Passed" testListId="8c84fa94-04c1-424b-9868-57a2d4851a1d" relativeResultsDirectory="2462b288-7742-40bd-a95f-2a2f6625ffdc" />
    <UnitTestResult executionId="30b26dcd-5a05-4df9-9ac0-517a8ca2a6d7" testId="cb3a79b8-8a20-d72b-fe66-3be39a479486" testName="Appostolic.Api.Tests.AgentOrchestratorTests.Cancellation_StopsMidRun" computerName="MacBook-Pro-2" duration="00:00:00.0167741" startTime="2025-09-15T08:33:15.2684450-05:00" endTime="2025-09-15T08:33:15.2684450-05:00" testType="13cdc9d9-ddb5-4fa4-a97d-d965ccfc6d4b" outcome="Passed" testListId="8c84fa94-04c1-424b-9868-57a2d4851a1d" relativeResultsDirectory="30b26dcd-5a05-4df9-9ac0-517a8ca2a6d7" />
    <UnitTestResult executionId="e4bad5fe-1149-4ab4-9980-a3795e85403e" testId="4f93dd2b-351a-bca6-2b8b-95fc20f20ddd" testName="Appostolic.Api.Tests.AgentTasks.AgentTasksListFilterPaginationTests.Paging_Returns_XTotalCount_And_DescOrdering" computerName="MacBook-Pro-2" duration="00:00:00.1390123" startTime="2025-09-15T08:33:17.8405760-05:00" endTime="2025-09-15T08:33:17.8405760-05:00" testType="13cdc9d9-ddb5-4fa4-a97d-d965ccfc6d4b" outcome="Passed" testListId="8c84fa94-04c1-424b-9868-57a2d4851a1d" relativeResultsDirectory="e4bad5fe-1149-4ab4-9980-a3795e85403e" />
    <UnitTestResult executionId="f09803c5-833f-486f-a4d7-5a4a3f8ed0c3" testId="b672c70e-eca2-f979-b482-5169b705a205" testName="Appostolic.Api.Tests.Api.AgentsEndpointsTests.Agents_CRUD_HappyPath" computerName="MacBook-Pro-2" duration="00:00:00.0357549" startTime="2025-09-15T08:33:19.6178890-05:00" endTime="2025-09-15T08:33:19.6178890-05:00" testType="13cdc9d9-ddb5-4fa4-a97d-d965ccfc6d4b" outcome="Passed" testListId="8c84fa94-04c1-424b-9868-57a2d4851a1d" relativeResultsDirectory="f09803c5-833f-486f-a4d7-5a4a3f8ed0c3" />
    <UnitTestResult executionId="a6578d80-f377-4565-a1e8-71dee704062b" testId="c2441ddc-565a-93d7-0c28-f73ca97b9486" testName="Appostolic.Api.Tests.Orchestrator.TokenAggregationTests.AggregatesTokens_And_ComputesCost_WhenPricingEnabled" computerName="MacBook-Pro-2" duration="00:00:00.0020678" startTime="2025-09-15T08:33:17.8677540-05:00" endTime="2025-09-15T08:33:17.8677540-05:00" testType="13cdc9d9-ddb5-4fa4-a97d-d965ccfc6d4b" outcome="Passed" testListId="8c84fa94-04c1-424b-9868-57a2d4851a1d" relativeResultsDirectory="a6578d80-f377-4565-a1e8-71dee704062b" />
    <UnitTestResult executionId="66d3e0b5-5556-45e0-87b7-9b387cd3c50a" testId="37b7f024-73bb-98ae-d17f-d1c0ce9f17e8" testName="Appostolic.Api.Tests.ModelMappingTests.AgentTrace_Kind_is_mapped_as_int" computerName="MacBook-Pro-2" duration="00:00:00.1451980" startTime="2025-09-15T08:33:17.3826860-05:00" endTime="2025-09-15T08:33:17.3826860-05:00" testType="13cdc9d9-ddb5-4fa4-a97d-d965ccfc6d4b" outcome="Passed" testListId="8c84fa94-04c1-424b-9868-57a2d4851a1d" relativeResultsDirectory="66d3e0b5-5556-45e0-87b7-9b387cd3c50a" />
    <UnitTestResult executionId="ff036b13-42fb-4a85-ae8c-870c2bf5cd54" testId="87a5b8a9-e5bd-8c6e-5a6c-5815a0bd8c39" testName="Appostolic.Api.Tests.Worker.AgentTaskWorkerTests.Pending_To_Running_To_Succeeded_With_Traces" computerName="MacBook-Pro-2" duration="00:00:00.1349570" startTime="2025-09-15T08:33:12.3105800-05:00" endTime="2025-09-15T08:33:12.3105800-05:00" testType="13cdc9d9-ddb5-4fa4-a97d-d965ccfc6d4b" outcome="Passed" testListId="8c84fa94-04c1-424b-9868-57a2d4851a1d" relativeResultsDirectory="ff036b13-42fb-4a85-ae8c-870c2bf5cd54" />
    <UnitTestResult executionId="fb4bd80e-c5e5-45d1-9cbe-df9caa515929" testId="c64a9991-8173-cdf8-9198-d5935257f1a8" testName="Appostolic.Api.Tests.E2E.AgentTasksE2E_Concurrency.Worker_Processes_Many_Tasks_Reliably" computerName="MacBook-Pro-2" duration="00:00:00.3418831" startTime="2025-09-15T08:33:19.4015190-05:00" endTime="2025-09-15T08:33:19.4015190-05:00" testType="13cdc9d9-ddb5-4fa4-a97d-d965ccfc6d4b" outcome="Passed" testListId="8c84fa94-04c1-424b-9868-57a2d4851a1d" relativeResultsDirectory="fb4bd80e-c5e5-45d1-9cbe-df9caa515929" />
    <UnitTestResult executionId="1ea6dc55-46eb-4c9d-8919-37a098fdb2c8" testId="43ab37ac-8f01-34cd-35d3-1bda726822d7" testName="Appostolic.Api.Tests.Notifications.NotificationDedupeTests.CreateQueuedAsync_blocks_duplicate_within_ttl" computerName="MacBook-Pro-2" duration="00:00:00.0035329" startTime="2025-09-15T08:33:19.6230820-05:00" endTime="2025-09-15T08:33:19.6230820-05:00" testType="13cdc9d9-ddb5-4fa4-a97d-d965ccfc6d4b" outcome="Passed" testListId="8c84fa94-04c1-424b-9868-57a2d4851a1d" relativeResultsDirectory="1ea6dc55-46eb-4c9d-8919-37a098fdb2c8" />
    <UnitTestResult executionId="aa23e12c-d9eb-44ad-9079-7864558e2f98" testId="a2b0d89c-f17d-2c60-2870-72017089ab94" testName="Appostolic.Api.Tests.Api.NotificationsAdminEndpointsTests.Bulk_resend_creates_with_limit_and_counts_throttled" computerName="MacBook-Pro-2" duration="00:00:00.1859666" startTime="2025-09-15T08:33:13.8464030-05:00" endTime="2025-09-15T08:33:13.8464030-05:00" testType="13cdc9d9-ddb5-4fa4-a97d-d965ccfc6d4b" outcome="Passed" testListId="8c84fa94-04c1-424b-9868-57a2d4851a1d" relativeResultsDirectory="aa23e12c-d9eb-44ad-9079-7864558e2f98" />
    <UnitTestResult executionId="0930787a-de50-4f9a-9998-e083786e1b8e" testId="051a87a0-4947-acab-5222-3cc970dba0ba" testName="Appostolic.Api.Tests.Notifications.NotificationsResendTests.Can_insert_child_with_resend_of_fk" computerName="MacBook-Pro-2" duration="00:00:00.0060384" startTime="2025-09-15T08:33:12.3168400-05:00" endTime="2025-09-15T08:33:12.3168400-05:00" testType="13cdc9d9-ddb5-4fa4-a97d-d965ccfc6d4b" outcome="Passed" testListId="8c84fa94-04c1-424b-9868-57a2d4851a1d" relativeResultsDirectory="0930787a-de50-4f9a-9998-e083786e1b8e" />
    <UnitTestResult executionId="62d71c2e-bba9-4d35-847e-4a9552a19361" testId="3494b3d5-98dd-209c-c4b4-d8d0bff712f0" testName="FsWriteToolTests.Writes_file_under_root_and_returns_sha" computerName="MacBook-Pro-2" duration="00:00:00.0056215" startTime="2025-09-15T08:33:18.8445470-05:00" endTime="2025-09-15T08:33:18.8445480-05:00" testType="13cdc9d9-ddb5-4fa4-a97d-d965ccfc6d4b" outcome="Passed" testListId="8c84fa94-04c1-424b-9868-57a2d4851a1d" relativeResultsDirectory="62d71c2e-bba9-4d35-847e-4a9552a19361" />
    <UnitTestResult executionId="09c99c01-b155-440f-af66-b0033d9e9f68" testId="39114ef2-4a94-0d20-df91-881c10164c3c" testName="Appostolic.Api.Tests.Model.TokenEstimatorTests.EstimateTokens_Heuristic_CeilPer4Chars(text: &quot;abcd&quot;, expected: 1)" computerName="MacBook-Pro-2" duration="00:00:00.0000014" startTime="2025-09-15T08:33:13.9962650-05:00" endTime="2025-09-15T08:33:13.9962650-05:00" testType="13cdc9d9-ddb5-4fa4-a97d-d965ccfc6d4b" outcome="Passed" testListId="8c84fa94-04c1-424b-9868-57a2d4851a1d" relativeResultsDirectory="09c99c01-b155-440f-af66-b0033d9e9f68" />
    <UnitTestResult executionId="b318f185-0827-49c2-8e85-1c19265b756c" testId="d59725be-2270-85f4-1a24-f28884383b83" testName="Appostolic.Api.Tests.Api.NotificationsAdminEndpointsTests.Resend_history_lists_children_with_paging_and_scoping" computerName="MacBook-Pro-2" duration="00:00:00.1723404" startTime="2025-09-15T08:33:13.3168410-05:00" endTime="2025-09-15T08:33:13.3168410-05:00" testType="13cdc9d9-ddb5-4fa4-a97d-d965ccfc6d4b" outcome="Passed" testListId="8c84fa94-04c1-424b-9868-57a2d4851a1d" relativeResultsDirectory="b318f185-0827-49c2-8e85-1c19265b756c" />
    <UnitTestResult executionId="7dee1fe8-7791-498e-a035-f9a0974795e3" testId="caeaccb8-00ea-302b-441d-17caf5fd9b5d" testName="Appostolic.Api.Tests.ModelMappingTests.Notification_resend_fields_are_mapped_with_indexes" computerName="MacBook-Pro-2" duration="00:00:00.0149751" startTime="2025-09-15T08:33:17.4574840-05:00" endTime="2025-09-15T08:33:17.4574840-05:00" testType="13cdc9d9-ddb5-4fa4-a97d-d965ccfc6d4b" outcome="Passed" testListId="8c84fa94-04c1-424b-9868-57a2d4851a1d" relativeResultsDirectory="7dee1fe8-7791-498e-a035-f9a0974795e3" />
    <UnitTestResult executionId="f6a7df30-c18a-4a71-bdba-113389cb67ef" testId="f3139bd5-165e-b0d0-2da0-a0210810049e" testName="Appostolic.Api.Tests.Api.AuthPasswordFlowsTests.ResetPassword_WithInvalidToken_ReturnsBadRequest" computerName="MacBook-Pro-2" duration="00:00:00.2138938" startTime="2025-09-15T08:33:10.6647670-05:00" endTime="2025-09-15T08:33:10.6647670-05:00" testType="13cdc9d9-ddb5-4fa4-a97d-d965ccfc6d4b" outcome="Passed" testListId="8c84fa94-04c1-424b-9868-57a2d4851a1d" relativeResultsDirectory="f6a7df30-c18a-4a71-bdba-113389cb67ef" />
    <UnitTestResult executionId="0ad676f5-b0a3-4eb3-8b10-b19737542db9" testId="1aa96e1c-162f-87b8-360d-29c19b3b2c73" testName="DbQueryToolTests.Unknown_table_fails" computerName="MacBook-Pro-2" duration="00:00:00.0103797" startTime="2025-09-15T08:33:19.4121320-05:00" endTime="2025-09-15T08:33:19.4121320-05:00" testType="13cdc9d9-ddb5-4fa4-a97d-d965ccfc6d4b" outcome="Passed" testListId="8c84fa94-04c1-424b-9868-57a2d4851a1d" relativeResultsDirectory="0ad676f5-b0a3-4eb3-8b10-b19737542db9" />
    <UnitTestResult executionId="098edef6-ee8c-467b-87f8-da3f351428dd" testId="2a9f6824-8a17-a193-b18b-3e78fa1bbbd5" testName="Appostolic.Api.Tests.Orchestrator.AgentOrchestratorTests.Cancellation_StopsMidRun" computerName="MacBook-Pro-2" duration="00:00:00.0050364" startTime="2025-09-15T08:33:18.4759750-05:00" endTime="2025-09-15T08:33:18.4759760-05:00" testType="13cdc9d9-ddb5-4fa4-a97d-d965ccfc6d4b" outcome="Passed" testListId="8c84fa94-04c1-424b-9868-57a2d4851a1d" relativeResultsDirectory="098edef6-ee8c-467b-87f8-da3f351428dd" />
    <UnitTestResult executionId="9b751015-d860-425e-a100-1ba587152e76" testId="f36e146c-5e84-0e67-2982-f20e16e0dd68" testName="Appostolic.Api.Tests.ModelMappingTests.Agent_check_constraints_are_configured_in_model" computerName="MacBook-Pro-2" duration="00:00:00.0409628" startTime="2025-09-15T08:33:17.4424830-05:00" endTime="2025-09-15T08:33:17.4424830-05:00" testType="13cdc9d9-ddb5-4fa4-a97d-d965ccfc6d4b" outcome="Passed" testListId="8c84fa94-04c1-424b-9868-57a2d4851a1d" relativeResultsDirectory="9b751015-d860-425e-a100-1ba587152e76" />
    <UnitTestResult executionId="2cf0fb0a-d9a2-4f09-b414-24393c2dde87" testId="bde04400-fb2a-d1b4-e9d5-727f1b9bbed1" testName="Appostolic.Api.Tests.EmailDispatcherTests.Dispatcher_redacts_email_in_log_scope" computerName="MacBook-Pro-2" duration="00:00:00.0017129" startTime="2025-09-15T08:33:15.2748520-05:00" endTime="2025-09-15T08:33:15.2748530-05:00" testType="13cdc9d9-ddb5-4fa4-a97d-d965ccfc6d4b" outcome="Passed" testListId="8c84fa94-04c1-424b-9868-57a2d4851a1d" relativeResultsDirectory="2cf0fb0a-d9a2-4f09-b414-24393c2dde87" />
    <UnitTestResult executionId="0977818f-18eb-45e0-a371-53d1d53ee636" testId="eb812c29-73b3-e923-42de-8821a188e94a" testName="Appostolic.Api.Tests.Notifications.NotificationsPiiScrubTests.Scrubs_before_delete_windows_and_deletes_at_cutoff" computerName="MacBook-Pro-2" duration="00:00:00.0060374" startTime="2025-09-15T08:33:17.2373870-05:00" endTime="2025-09-15T08:33:17.2373870-05:00" testType="13cdc9d9-ddb5-4fa4-a97d-d965ccfc6d4b" outcome="Passed" testListId="8c84fa94-04c1-424b-9868-57a2d4851a1d" relativeResultsDirectory="0977818f-18eb-45e0-a371-53d1d53ee636" />
    <UnitTestResult executionId="1d116322-4a3d-4cb4-a34d-39ade7e399cf" testId="d5afdedc-771c-29a3-fa0a-9ebd023dd2c6" testName="Appostolic.Api.Tests.Api.InvitesEndpointsTests.Invites_Full_Lifecycle_Create_Resend_Accept_Revoke" computerName="MacBook-Pro-2" duration="00:00:00.5221245" startTime="2025-09-15T08:33:15.7990270-05:00" endTime="2025-09-15T08:33:15.7990270-05:00" testType="13cdc9d9-ddb5-4fa4-a97d-d965ccfc6d4b" outcome="Passed" testListId="8c84fa94-04c1-424b-9868-57a2d4851a1d" relativeResultsDirectory="1d116322-4a3d-4cb4-a34d-39ade7e399cf" />
    <UnitTestResult executionId="970f0642-d70d-4ff8-9416-e9088a1c1bcc" testId="5ad39d2c-d77f-b72d-621d-dc03058b3c06" testName="Appostolic.Api.Tests.Notifications.MagicLinkEmailTests.Renders_MagicLink_Snapshots_With_Link" computerName="MacBook-Pro-2" duration="00:00:00.0056790" startTime="2025-09-15T08:33:16.3009030-05:00" endTime="2025-09-15T08:33:16.3009030-05:00" testType="13cdc9d9-ddb5-4fa4-a97d-d965ccfc6d4b" outcome="Passed" testListId="8c84fa94-04c1-424b-9868-57a2d4851a1d" relativeResultsDirectory="970f0642-d70d-4ff8-9416-e9088a1c1bcc" />
    <UnitTestResult executionId="5e1138e8-f72e-4f05-94bb-3c6a64d89034" testId="e1e10047-9c95-2461-ef88-42d3da0fbb82" testName="Appostolic.Api.Tests.E2E.AgentTasksE2E_Golden.HappyPath_projection_matches_golden_fixture" computerName="MacBook-Pro-2" duration="00:00:00.3531409" startTime="2025-09-15T08:33:18.8387530-05:00" endTime="2025-09-15T08:33:18.8387530-05:00" testType="13cdc9d9-ddb5-4fa4-a97d-d965ccfc6d4b" outcome="Passed" testListId="8c84fa94-04c1-424b-9868-57a2d4851a1d" relativeResultsDirectory="5e1138e8-f72e-4f05-94bb-3c6a64d89034" />
    <UnitTestResult executionId="c8c99904-34b7-4263-b537-07b60875d1c6" testId="03cb9965-4934-50d0-65d4-2c790e264e80" testName="Appostolic.Api.Tests.E2E.AgentTasksE2E_List.Inbox_List_Orders_By_CreatedAt_Desc_And_Pages" computerName="MacBook-Pro-2" duration="00:00:00.4017025" startTime="2025-09-15T08:33:12.1753190-05:00" endTime="2025-09-15T08:33:12.1753190-05:00" testType="13cdc9d9-ddb5-4fa4-a97d-d965ccfc6d4b" outcome="Passed" testListId="8c84fa94-04c1-424b-9868-57a2d4851a1d" relativeResultsDirectory="c8c99904-34b7-4263-b537-07b60875d1c6" />
    <UnitTestResult executionId="a8b04102-8321-443c-97a3-2d3ef586d0e9" testId="79403e37-7823-d8d7-7290-f467456876fa" testName="Appostolic.Api.Tests.Model.TokenEstimatorTests.EstimateTokens_Heuristic_CeilPer4Chars(text: &quot;a&quot;, expected: 1)" computerName="MacBook-Pro-2" duration="00:00:00.0000012" startTime="2025-09-15T08:33:13.9963120-05:00" endTime="2025-09-15T08:33:13.9963120-05:00" testType="13cdc9d9-ddb5-4fa4-a97d-d965ccfc6d4b" outcome="Passed" testListId="8c84fa94-04c1-424b-9868-57a2d4851a1d" relativeResultsDirectory="a8b04102-8321-443c-97a3-2d3ef586d0e9" />
    <UnitTestResult executionId="c557f29b-1cbe-4329-abe9-14d9d79b9c43" testId="7c0f601f-632e-a9b2-aeb3-eee73bd7742c" testName="Appostolic.Api.Tests.Auth.SignupTests.Signup_WithInvalidInviteToken_ReturnsBadRequest" computerName="MacBook-Pro-2" duration="00:00:00.3146333" startTime="2025-09-15T08:33:17.2051600-05:00" endTime="2025-09-15T08:33:17.2051600-05:00" testType="13cdc9d9-ddb5-4fa4-a97d-d965ccfc6d4b" outcome="Passed" testListId="8c84fa94-04c1-424b-9868-57a2d4851a1d" relativeResultsDirectory="c557f29b-1cbe-4329-abe9-14d9d79b9c43" />
    <UnitTestResult executionId="62cae871-a5dc-4f4b-a07c-287503c7aa45" testId="6e2b7510-d3ae-c174-2b57-710f63c82ad0" testName="TemplateRendererTests.Verification_template_renders_link_and_subject" computerName="MacBook-Pro-2" duration="00:00:00.0318506" startTime="2025-09-15T08:33:09.1095310-05:00" endTime="2025-09-15T08:33:09.1095310-05:00" testType="13cdc9d9-ddb5-4fa4-a97d-d965ccfc6d4b" outcome="Passed" testListId="8c84fa94-04c1-424b-9868-57a2d4851a1d" relativeResultsDirectory="62cae871-a5dc-4f4b-a07c-287503c7aa45" />
    <UnitTestResult executionId="9022ff0f-51a3-4f43-8555-c752676268d6" testId="21127838-ea89-b283-653a-0b46d8acc590" testName="Appostolic.Api.Tests.EmailDedupeTests.Dedupe_suppresses_duplicate_messages" computerName="MacBook-Pro-2" duration="00:00:00.3031612" startTime="2025-09-15T08:33:16.1028730-05:00" endTime="2025-09-15T08:33:16.1028730-05:00" testType="13cdc9d9-ddb5-4fa4-a97d-d965ccfc6d4b" outcome="Passed" testListId="8c84fa94-04c1-424b-9868-57a2d4851a1d" relativeResultsDirectory="9022ff0f-51a3-4f43-8555-c752676268d6" />
    <UnitTestResult executionId="a5a23b50-66b8-41e8-8983-4017f1bb5f7b" testId="81f70a90-5f17-3107-1751-37f6a5b41791" testName="Appostolic.Api.Tests.Api.InvitesAcceptTests.Accept_With_Invalid_Token_Fails" computerName="MacBook-Pro-2" duration="00:00:00.0037175" startTime="2025-09-15T08:33:18.2669830-05:00" endTime="2025-09-15T08:33:18.2669830-05:00" testType="13cdc9d9-ddb5-4fa4-a97d-d965ccfc6d4b" outcome="Passed" testListId="8c84fa94-04c1-424b-9868-57a2d4851a1d" relativeResultsDirectory="a5a23b50-66b8-41e8-8983-4017f1bb5f7b" />
    <UnitTestResult executionId="d562ba0d-476c-4581-8cd1-ba9d61f80a12" testId="d9d051a9-d261-1011-dbde-e42b30d539a9" testName="Appostolic.Api.Tests.Orchestrator.AgentOrchestratorTests.ToolMissing_FailsWithToolNotFound" computerName="MacBook-Pro-2" duration="00:00:00.0035292" startTime="2025-09-15T08:33:18.4833310-05:00" endTime="2025-09-15T08:33:18.4833310-05:00" testType="13cdc9d9-ddb5-4fa4-a97d-d965ccfc6d4b" outcome="Passed" testListId="8c84fa94-04c1-424b-9868-57a2d4851a1d" relativeResultsDirectory="d562ba0d-476c-4581-8cd1-ba9d61f80a12" />
    <UnitTestResult executionId="bf627044-6017-4667-ae6b-a8e5faab35df" testId="94ec43a1-8d1a-e493-b213-b33a5a6877b2" testName="FsWriteToolTests.Rejects_path_traversal" computerName="MacBook-Pro-2" duration="00:00:00.0007085" startTime="2025-09-15T08:33:18.8453650-05:00" endTime="2025-09-15T08:33:18.8453650-05:00" testType="13cdc9d9-ddb5-4fa4-a97d-d965ccfc6d4b" outcome="Passed" testListId="8c84fa94-04c1-424b-9868-57a2d4851a1d" relativeResultsDirectory="bf627044-6017-4667-ae6b-a8e5faab35df" />
    <UnitTestResult executionId="88fa9b6c-473b-4abf-8ab3-020f6365ad67" testId="61b122ca-f3a1-21e8-0492-e3c660390b05" testName="Appostolic.Api.Tests.EmailProviderSelectionTests.Resolves_Smtp_sender_when_provider_smtp" computerName="MacBook-Pro-2" duration="00:00:00.1119174" startTime="2025-09-15T08:33:15.1033130-05:00" endTime="2025-09-15T08:33:15.1033130-05:00" testType="13cdc9d9-ddb5-4fa4-a97d-d965ccfc6d4b" outcome="Passed" testListId="8c84fa94-04c1-424b-9868-57a2d4851a1d" relativeResultsDirectory="88fa9b6c-473b-4abf-8ab3-020f6365ad67" />
    <UnitTestResult executionId="b8c6dd44-f563-4f9a-ae13-9ad100073371" testId="e654c6ff-e79b-0f0d-7ecf-a4648dc0cf91" testName="Appostolic.Api.Tests.Orchestrator.AgentOrchestratorTests.HappyPath_ModelPlansToolThenFinal_SucceedsWithTwoTraces" computerName="MacBook-Pro-2" duration="00:00:00.0018888" startTime="2025-09-15T08:33:18.4852650-05:00" endTime="2025-09-15T08:33:18.4852650-05:00" testType="13cdc9d9-ddb5-4fa4-a97d-d965ccfc6d4b" outcome="Passed" testListId="8c84fa94-04c1-424b-9868-57a2d4851a1d" relativeResultsDirectory="b8c6dd44-f563-4f9a-ae13-9ad100073371" />
    <UnitTestResult executionId="9933bb79-1ded-4492-9d3f-ee6a7a2b3abe" testId="02f4c01b-4d57-cea6-940b-91f660d6b3a5" testName="Appostolic.Api.Tests.SendGridEmailSenderTests.Sends_on_202_Accepted" computerName="MacBook-Pro-2" duration="00:00:00.0004205" startTime="2025-09-15T08:33:14.5401300-05:00" endTime="2025-09-15T08:33:14.5401300-05:00" testType="13cdc9d9-ddb5-4fa4-a97d-d965ccfc6d4b" outcome="Passed" testListId="8c84fa94-04c1-424b-9868-57a2d4851a1d" relativeResultsDirectory="9933bb79-1ded-4492-9d3f-ee6a7a2b3abe" />
    <UnitTestResult executionId="d4684d70-e50a-4b33-bac3-3db78f2e13f0" testId="5818c4b0-5040-ff57-2a21-3715c31b378e" testName="Appostolic.Api.Tests.NotificationEnqueuerTests.QueueInvite_uses_relative_when_base_missing" computerName="MacBook-Pro-2" duration="00:00:00.0011573" startTime="2025-09-15T08:33:19.6318090-05:00" endTime="2025-09-15T08:33:19.6318090-05:00" testType="13cdc9d9-ddb5-4fa4-a97d-d965ccfc6d4b" outcome="Passed" testListId="8c84fa94-04c1-424b-9868-57a2d4851a1d" relativeResultsDirectory="d4684d70-e50a-4b33-bac3-3db78f2e13f0" />
    <UnitTestResult executionId="9ce11574-ad9a-4b11-9430-40f21a1b7430" testId="2f6106d4-2d27-0ec0-388a-a0a0d64b80ea" testName="Appostolic.Api.Tests.Model.TokenEstimatorTests.EstimateTokens_Heuristic_CeilPer4Chars(text: &quot;abcde&quot;, expected: 2)" computerName="MacBook-Pro-2" duration="00:00:00.0000013" startTime="2025-09-15T08:33:13.9963660-05:00" endTime="2025-09-15T08:33:13.9963660-05:00" testType="13cdc9d9-ddb5-4fa4-a97d-d965ccfc6d4b" outcome="Passed" testListId="8c84fa94-04c1-424b-9868-57a2d4851a1d" relativeResultsDirectory="9ce11574-ad9a-4b11-9430-40f21a1b7430" />
    <UnitTestResult executionId="3f379fce-5589-4883-a128-42cee26390d9" testId="c561c2f6-8efd-4095-cbad-20238816bd9c" testName="Appostolic.Api.Tests.NotificationEnqueuerTests.QueueVerification_enqueues_correct_message" computerName="MacBook-Pro-2" duration="00:00:00.0008974" startTime="2025-09-15T08:33:19.6327400-05:00" endTime="2025-09-15T08:33:19.6327400-05:00" testType="13cdc9d9-ddb5-4fa4-a97d-d965ccfc6d4b" outcome="Passed" testListId="8c84fa94-04c1-424b-9868-57a2d4851a1d" relativeResultsDirectory="3f379fce-5589-4883-a128-42cee26390d9" />
    <UnitTestResult executionId="07c0983f-12df-4393-bc8d-ef437c346457" testId="efe354b5-5489-bbb2-88ee-c8f998cb6176" testName="Appostolic.Api.Tests.AgentTasks.AgentTasksListFilterPaginationTests.Agent_Filter_Returns_Only_Matching" computerName="MacBook-Pro-2" duration="00:00:00.0285544" startTime="2025-09-15T08:33:17.7012760-05:00" endTime="2025-09-15T08:33:17.7012760-05:00" testType="13cdc9d9-ddb5-4fa4-a97d-d965ccfc6d4b" outcome="Passed" testListId="8c84fa94-04c1-424b-9868-57a2d4851a1d" relativeResultsDirectory="07c0983f-12df-4393-bc8d-ef437c346457" />
    <UnitTestResult executionId="e57a4a82-6e75-4815-88c4-c208e573f156" testId="544ee02e-a795-79f3-8c38-56202dce3170" testName="Appostolic.Api.Tests.Api.MembersManagementTests.Remove_non_owner_member" computerName="MacBook-Pro-2" duration="00:00:00.0118433" startTime="2025-09-15T08:33:10.0958210-05:00" endTime="2025-09-15T08:33:10.0958210-05:00" testType="13cdc9d9-ddb5-4fa4-a97d-d965ccfc6d4b" outcome="Passed" testListId="8c84fa94-04c1-424b-9868-57a2d4851a1d" relativeResultsDirectory="e57a4a82-6e75-4815-88c4-c208e573f156" />
    <UnitTestResult executionId="d7db3322-a4c0-4c77-b3d6-8c60aff05535" testId="e0724a8e-d699-09ac-c090-59791deb23d9" testName="Appostolic.Api.Tests.Api.NotificationsAdminEndpointsTests.Resend_dev_endpoint_creates_and_throttles" computerName="MacBook-Pro-2" duration="00:00:00.2655377" startTime="2025-09-15T08:33:12.9498020-05:00" endTime="2025-09-15T08:33:12.9498020-05:00" testType="13cdc9d9-ddb5-4fa4-a97d-d965ccfc6d4b" outcome="Passed" testListId="8c84fa94-04c1-424b-9868-57a2d4851a1d" relativeResultsDirectory="d7db3322-a4c0-4c77-b3d6-8c60aff05535" />
    <UnitTestResult executionId="7cc9b30a-33c4-447f-85ab-e22fcaa6e81e" testId="71d5d180-2d36-ecb9-e4eb-71ca09e46ec4" testName="Appostolic.Api.Tests.AgentConstraintTests.Agent_Temperature_out_of_range_throws_in_domain_constructor" computerName="MacBook-Pro-2" duration="00:00:00.0034074" startTime="2025-09-15T08:33:13.9940380-05:00" endTime="2025-09-15T08:33:13.9940380-05:00" testType="13cdc9d9-ddb5-4fa4-a97d-d965ccfc6d4b" outcome="Passed" testListId="8c84fa94-04c1-424b-9868-57a2d4851a1d" relativeResultsDirectory="7cc9b30a-33c4-447f-85ab-e22fcaa6e81e" />
    <UnitTestResult executionId="4441a2d8-0376-4f98-857d-4de946db928c" testId="11acc57e-e7b4-9c88-543d-dd88434937c6" testName="Appostolic.Api.Tests.Api.AuthPasswordFlowsTests.ChangePassword_WithWrongCurrent_ReturnsUnauthorized" computerName="MacBook-Pro-2" duration="00:00:00.3140318" startTime="2025-09-15T08:33:11.7728900-05:00" endTime="2025-09-15T08:33:11.7728900-05:00" testType="13cdc9d9-ddb5-4fa4-a97d-d965ccfc6d4b" outcome="Passed" testListId="8c84fa94-04c1-424b-9868-57a2d4851a1d" relativeResultsDirectory="4441a2d8-0376-4f98-857d-4de946db928c" />
    <UnitTestResult executionId="69c2aacb-fdd4-428d-a292-b461f6095737" testId="22ad276e-c73f-4ebf-8729-b5903439e2d9" testName="WebSearchToolTests.Query_intro_returns_expected" computerName="MacBook-Pro-2" duration="00:00:00.0025597" startTime="2025-09-15T08:33:09.8938140-05:00" endTime="2025-09-15T08:33:09.8938140-05:00" testType="13cdc9d9-ddb5-4fa4-a97d-d965ccfc6d4b" outcome="Passed" testListId="8c84fa94-04c1-424b-9868-57a2d4851a1d" relativeResultsDirectory="69c2aacb-fdd4-428d-a292-b461f6095737" />
    <UnitTestResult executionId="56fc65f2-0cd8-4b15-af04-d002425843cb" testId="8e56ee2d-296c-f180-2ad1-a3abd5b19292" testName="Appostolic.Api.Tests.AgentOrchestratorTests.ToolMissing_FailsWithToolNotFound" computerName="MacBook-Pro-2" duration="00:00:00.0013320" startTime="2025-09-15T08:33:15.2514810-05:00" endTime="2025-09-15T08:33:15.2514810-05:00" testType="13cdc9d9-ddb5-4fa4-a97d-d965ccfc6d4b" outcome="Passed" testListId="8c84fa94-04c1-424b-9868-57a2d4851a1d" relativeResultsDirectory="56fc65f2-0cd8-4b15-af04-d002425843cb" />
    <UnitTestResult executionId="90d028a4-5dfe-4945-923c-aa2576170cd2" testId="a00d92b0-35aa-1e7c-b5ff-79738a042c12" testName="Appostolic.Api.Tests.SendGridEmailSenderTests.Throws_on_400" computerName="MacBook-Pro-2" duration="00:00:00.0042452" startTime="2025-09-15T08:33:14.5396220-05:00" endTime="2025-09-15T08:33:14.5396230-05:00" testType="13cdc9d9-ddb5-4fa4-a97d-d965ccfc6d4b" outcome="Passed" testListId="8c84fa94-04c1-424b-9868-57a2d4851a1d" relativeResultsDirectory="90d028a4-5dfe-4945-923c-aa2576170cd2" />
    <UnitTestResult executionId="ffb37750-c433-42fd-bb38-efac96ed25ae" testId="811026c2-41ce-4e18-121d-862774cd6272" testName="DbQueryToolTests.Select_lessons_where_id_param_object" computerName="MacBook-Pro-2" duration="00:00:00.0033445" startTime="2025-09-15T08:33:19.4179680-05:00" endTime="2025-09-15T08:33:19.4179680-05:00" testType="13cdc9d9-ddb5-4fa4-a97d-d965ccfc6d4b" outcome="Passed" testListId="8c84fa94-04c1-424b-9868-57a2d4851a1d" relativeResultsDirectory="ffb37750-c433-42fd-bb38-efac96ed25ae" />
    <UnitTestResult executionId="761fc9b9-fc30-497b-bb8c-4922a0960958" testId="30aa5bc1-9211-739f-532d-176c6c3c3a30" testName="Appostolic.Api.Tests.Orchestrator.AgentOrchestratorTests.MaxStepsExceeded_FailsAfterCap" computerName="MacBook-Pro-2" duration="00:00:00.0015298" startTime="2025-09-15T08:33:18.4775430-05:00" endTime="2025-09-15T08:33:18.4775430-05:00" testType="13cdc9d9-ddb5-4fa4-a97d-d965ccfc6d4b" outcome="Passed" testListId="8c84fa94-04c1-424b-9868-57a2d4851a1d" relativeResultsDirectory="761fc9b9-fc30-497b-bb8c-4922a0960958" />
    <UnitTestResult executionId="2d212887-76f4-4efc-aa9f-5c28afcd0f27" testId="515d6282-fd19-872e-c191-d3eda2049a23" testName="Appostolic.Api.Tests.Api.AuthPasswordFlowsTests.ForgotPassword_AcceptsAndStoresToken_SendsEmail" computerName="MacBook-Pro-2" duration="00:00:00.0306488" startTime="2025-09-15T08:33:11.3112290-05:00" endTime="2025-09-15T08:33:11.3112290-05:00" testType="13cdc9d9-ddb5-4fa4-a97d-d965ccfc6d4b" outcome="Passed" testListId="8c84fa94-04c1-424b-9868-57a2d4851a1d" relativeResultsDirectory="2d212887-76f4-4efc-aa9f-5c28afcd0f27" />
    <UnitTestResult executionId="bfd333c2-3aae-442c-ac7d-b22b8a162ad3" testId="df92ad96-32d4-9c44-0398-97a52600538f" testName="Appostolic.Api.Tests.Model.TokenEstimatorTests.EstimateTokens_Heuristic_CeilPer4Chars(text: &quot;abcdefghi&quot;, expected: 3)" computerName="MacBook-Pro-2" duration="00:00:00.0000040" startTime="2025-09-15T08:33:13.9962210-05:00" endTime="2025-09-15T08:33:13.9962210-05:00" testType="13cdc9d9-ddb5-4fa4-a97d-d965ccfc6d4b" outcome="Passed" testListId="8c84fa94-04c1-424b-9868-57a2d4851a1d" relativeResultsDirectory="bfd333c2-3aae-442c-ac7d-b22b8a162ad3" />
    <UnitTestResult executionId="16f91f84-02ca-4fa7-a63d-5e923c25b602" testId="94524c04-7158-8472-e876-43b26f76e4f4" testName="Appostolic.Api.Tests.AgentTasks.AgentTasksListFilterPaginationTests.FreeText_Q_Search_On_Input_And_User" computerName="MacBook-Pro-2" duration="00:00:00.0190905" startTime="2025-09-15T08:33:17.8598810-05:00" endTime="2025-09-15T08:33:17.8598810-05:00" testType="13cdc9d9-ddb5-4fa4-a97d-d965ccfc6d4b" outcome="Passed" testListId="8c84fa94-04c1-424b-9868-57a2d4851a1d" relativeResultsDirectory="16f91f84-02ca-4fa7-a63d-5e923c25b602" />
    <UnitTestResult executionId="e4359a53-1b42-4a96-8530-9ea05d39b17b" testId="40e767b4-314a-d8ef-34b1-5c49d7ef55c4" testName="Appostolic.Api.Tests.Model.TokenEstimatorTests.EstimateTokens_Heuristic_CeilPer4Chars(text: &quot;&quot;, expected: 0)" computerName="MacBook-Pro-2" duration="00:00:00.0001208" startTime="2025-09-15T08:33:13.9957300-05:00" endTime="2025-09-15T08:33:13.9957310-05:00" testType="13cdc9d9-ddb5-4fa4-a97d-d965ccfc6d4b" outcome="Passed" testListId="8c84fa94-04c1-424b-9868-57a2d4851a1d" relativeResultsDirectory="e4359a53-1b42-4a96-8530-9ea05d39b17b" />
    <UnitTestResult executionId="e2134152-87cc-4896-a3e3-4ab8601c8cc6" testId="c0347afe-0c6b-b0a7-12e1-3aa76a4722fc" testName="Appostolic.Api.Tests.Api.AgentTasksEndpointsTests.GetDetails_WithTracesInitiallyEmpty" computerName="MacBook-Pro-2" duration="00:00:00.0327435" startTime="2025-09-15T08:33:09.0328860-05:00" endTime="2025-09-15T08:33:09.0328860-05:00" testType="13cdc9d9-ddb5-4fa4-a97d-d965ccfc6d4b" outcome="Passed" testListId="8c84fa94-04c1-424b-9868-57a2d4851a1d" relativeResultsDirectory="e2134152-87cc-4896-a3e3-4ab8601c8cc6" />
    <UnitTestResult executionId="83a3fc81-b9fc-4962-aa41-bce2440a702e" testId="7c574249-6de4-087c-ac92-00dedf541e78" testName="Appostolic.Api.Tests.Api.NotificationsProdEndpointsTests.Tenant_owner_can_list_and_retry_within_tenant" computerName="MacBook-Pro-2" duration="00:00:00.1995637" startTime="2025-09-15T08:33:09.7019290-05:00" endTime="2025-09-15T08:33:09.7019290-05:00" testType="13cdc9d9-ddb5-4fa4-a97d-d965ccfc6d4b" outcome="Passed" testListId="8c84fa94-04c1-424b-9868-57a2d4851a1d" relativeResultsDirectory="83a3fc81-b9fc-4962-aa41-bce2440a702e" />
    <UnitTestResult executionId="5125a07b-3dfd-486d-8819-1a0bb7a58e6e" testId="5ec8c6f8-601d-9718-1802-a15c88bb4987" testName="Appostolic.Api.Tests.AgentTasks.AgentTasksCancelRetryTests.Retry_From_Succeeded_Creates_New_Task_And_Runs" computerName="MacBook-Pro-2" duration="00:00:00.0177575" startTime="2025-09-15T08:33:18.4684580-05:00" endTime="2025-09-15T08:33:18.4684580-05:00" testType="13cdc9d9-ddb5-4fa4-a97d-d965ccfc6d4b" outcome="Passed" testListId="8c84fa94-04c1-424b-9868-57a2d4851a1d" relativeResultsDirectory="5125a07b-3dfd-486d-8819-1a0bb7a58e6e" />
    <UnitTestResult executionId="5de319b8-a946-41b7-93c2-151540239547" testId="8499e5e2-c09d-d64e-ab91-715c51a15d3b" testName="Appostolic.Api.Tests.ModelMappingTests.Agent_ToolAllowlist_has_column_type_jsonb" computerName="MacBook-Pro-2" duration="00:00:00.0003385" startTime="2025-09-15T08:33:17.4579060-05:00" endTime="2025-09-15T08:33:17.4579060-05:00" testType="13cdc9d9-ddb5-4fa4-a97d-d965ccfc6d4b" outcome="Passed" testListId="8c84fa94-04c1-424b-9868-57a2d4851a1d" relativeResultsDirectory="5de319b8-a946-41b7-93c2-151540239547" />
    <UnitTestResult executionId="fbb6fa91-8b37-4122-8859-816579062c80" testId="54bfc83b-71cd-70be-2e17-0d354a18b25a" testName="Appostolic.Api.Tests.Notifications.NotificationsRetentionTests.Purger_removes_expired_dedupes_and_old_notifications" computerName="MacBook-Pro-2" duration="00:00:00.0059886" startTime="2025-09-15T08:33:16.6043320-05:00" endTime="2025-09-15T08:33:16.6043320-05:00" testType="13cdc9d9-ddb5-4fa4-a97d-d965ccfc6d4b" outcome="Passed" testListId="8c84fa94-04c1-424b-9868-57a2d4851a1d" relativeResultsDirectory="fbb6fa91-8b37-4122-8859-816579062c80" />
    <UnitTestResult executionId="1315621c-0b3e-4cc0-8cfc-c8a13315b6f6" testId="6af85923-8d05-0c62-0cc5-a5120df2d8e5" testName="Appostolic.Api.Tests.Api.AgentTasksEndpointsTests.List_Pending_ReturnsCreatedFirst" computerName="MacBook-Pro-2" duration="00:00:00.0307998" startTime="2025-09-15T08:33:09.0638450-05:00" endTime="2025-09-15T08:33:09.0638450-05:00" testType="13cdc9d9-ddb5-4fa4-a97d-d965ccfc6d4b" outcome="Passed" testListId="8c84fa94-04c1-424b-9868-57a2d4851a1d" relativeResultsDirectory="1315621c-0b3e-4cc0-8cfc-c8a13315b6f6" />
    <UnitTestResult executionId="1c62f38d-bb0b-4755-9ad9-2aae229d9f43" testId="f53587d7-cc90-0182-8a77-44034bb01e5e" testName="Appostolic.Api.Tests.ModelMappingTests.Agent_indexes_are_configured_in_model" computerName="MacBook-Pro-2" duration="00:00:00.0003286" startTime="2025-09-15T08:33:17.4584240-05:00" endTime="2025-09-15T08:33:17.4584240-05:00" testType="13cdc9d9-ddb5-4fa4-a97d-d965ccfc6d4b" outcome="Passed" testListId="8c84fa94-04c1-424b-9868-57a2d4851a1d" relativeResultsDirectory="1c62f38d-bb0b-4755-9ad9-2aae229d9f43" />
    <UnitTestResult executionId="d519f721-8929-469f-8922-4456e4c7c7be" testId="d8682838-1d38-dd8e-6c89-ae1bda81fecb" testName="Appostolic.Api.Tests.Api.MembersListTests.Owner_can_list_members" computerName="MacBook-Pro-2" duration="00:00:00.0130207" startTime="2025-09-15T08:33:16.2868870-05:00" endTime="2025-09-15T08:33:16.2868880-05:00" testType="13cdc9d9-ddb5-4fa4-a97d-d965ccfc6d4b" outcome="Passed" testListId="8c84fa94-04c1-424b-9868-57a2d4851a1d" relativeResultsDirectory="d519f721-8929-469f-8922-4456e4c7c7be" />
    <UnitTestResult executionId="ff2d7c50-b13c-4d33-b8eb-a228996d7993" testId="b9af0f84-0079-b683-0d77-346a6542b5b4" testName="Appostolic.Api.Tests.NotificationEnqueuerTests.QueueInvite_enqueues_correct_message" computerName="MacBook-Pro-2" duration="00:00:00.0043301" startTime="2025-09-15T08:33:19.6305160-05:00" endTime="2025-09-15T08:33:19.6305160-05:00" testType="13cdc9d9-ddb5-4fa4-a97d-d965ccfc6d4b" outcome="Passed" testListId="8c84fa94-04c1-424b-9868-57a2d4851a1d" relativeResultsDirectory="ff2d7c50-b13c-4d33-b8eb-a228996d7993" />
  </Results>
  <TestDefinitions>
    <UnitTest name="Appostolic.Api.Tests.Api.InvitesEndpointsTests.Invites_Full_Lifecycle_Create_Resend_Accept_Revoke" storage="/users/kevinmccreary/appostolic/apps/api.tests/bin/debug/net8.0/appostolic.api.tests.dll" id="d5afdedc-771c-29a3-fa0a-9ebd023dd2c6">
      <Execution id="1d116322-4a3d-4cb4-a34d-39ade7e399cf" />
      <TestMethod codeBase="/Users/kevinmccreary/appostolic/apps/api.tests/bin/Debug/net8.0/Appostolic.Api.Tests.dll" adapterTypeName="executor://xunit/VsTestRunner2/netcoreapp" className="Appostolic.Api.Tests.Api.InvitesEndpointsTests" name="Invites_Full_Lifecycle_Create_Resend_Accept_Revoke" />
    </UnitTest>
    <UnitTest name="Appostolic.Api.Tests.Notifications.NotificationEnqueuerMagicLinkTests.QueueMagicLink_HashesToken_And_Publishes" storage="/users/kevinmccreary/appostolic/apps/api.tests/bin/debug/net8.0/appostolic.api.tests.dll" id="bc29c184-0770-c9df-63be-2a52d76ad503">
      <Execution id="83a516cf-5dda-4df0-aacf-64feb4fa772d" />
      <TestMethod codeBase="/Users/kevinmccreary/appostolic/apps/api.tests/bin/Debug/net8.0/Appostolic.Api.Tests.dll" adapterTypeName="executor://xunit/VsTestRunner2/netcoreapp" className="Appostolic.Api.Tests.Notifications.NotificationEnqueuerMagicLinkTests" name="QueueMagicLink_HashesToken_And_Publishes" />
    </UnitTest>
    <UnitTest name="Appostolic.Api.Tests.Notifications.FieldEncryptionTests.Encrypts_And_Decrypts_On_Lease" storage="/users/kevinmccreary/appostolic/apps/api.tests/bin/debug/net8.0/appostolic.api.tests.dll" id="6305e689-cee9-6a31-93d8-755b6c5fc935">
      <Execution id="97ef869f-aafd-40a3-8665-dafcc5f5154d" />
      <TestMethod codeBase="/Users/kevinmccreary/appostolic/apps/api.tests/bin/Debug/net8.0/Appostolic.Api.Tests.dll" adapterTypeName="executor://xunit/VsTestRunner2/netcoreapp" className="Appostolic.Api.Tests.Notifications.FieldEncryptionTests" name="Encrypts_And_Decrypts_On_Lease" />
    </UnitTest>
    <UnitTest name="Appostolic.Api.Tests.Api.NotificationsAdminEndpointsTests.Dlq_replay_requeues_and_publishes_ids" storage="/users/kevinmccreary/appostolic/apps/api.tests/bin/debug/net8.0/appostolic.api.tests.dll" id="2e294ae5-fc9b-2692-1d65-f4ebb89ab5ef">
      <Execution id="a0e9b5e6-f637-46ce-8e57-a9bf637183e8" />
      <TestMethod codeBase="/Users/kevinmccreary/appostolic/apps/api.tests/bin/Debug/net8.0/Appostolic.Api.Tests.dll" adapterTypeName="executor://xunit/VsTestRunner2/netcoreapp" className="Appostolic.Api.Tests.Api.NotificationsAdminEndpointsTests" name="Dlq_replay_requeues_and_publishes_ids" />
    </UnitTest>
    <UnitTest name="Appostolic.Api.Tests.SmokeTests.Health_ReturnsOk" storage="/users/kevinmccreary/appostolic/apps/api.tests/bin/debug/net8.0/appostolic.api.tests.dll" id="fc170f06-7a65-44e3-9780-d428f13f33ad">
      <Execution id="bd8051b2-fd67-4b94-8f6b-05593244802a" />
      <TestMethod codeBase="/Users/kevinmccreary/appostolic/apps/api.tests/bin/Debug/net8.0/Appostolic.Api.Tests.dll" adapterTypeName="executor://xunit/VsTestRunner2/netcoreapp" className="Appostolic.Api.Tests.SmokeTests" name="Health_ReturnsOk" />
    </UnitTest>
    <UnitTest name="Appostolic.Api.Tests.AgentConstraintTests.Agent_Temperature_out_of_range_throws_in_domain_constructor" storage="/users/kevinmccreary/appostolic/apps/api.tests/bin/debug/net8.0/appostolic.api.tests.dll" id="71d5d180-2d36-ecb9-e4eb-71ca09e46ec4">
      <Execution id="7cc9b30a-33c4-447f-85ab-e22fcaa6e81e" />
      <TestMethod codeBase="/Users/kevinmccreary/appostolic/apps/api.tests/bin/Debug/net8.0/Appostolic.Api.Tests.dll" adapterTypeName="executor://xunit/VsTestRunner2/netcoreapp" className="Appostolic.Api.Tests.AgentConstraintTests" name="Agent_Temperature_out_of_range_throws_in_domain_constructor" />
    </UnitTest>
    <UnitTest name="Appostolic.Api.Tests.NotificationEnqueuerTests.QueueInvite_uses_relative_when_base_missing" storage="/users/kevinmccreary/appostolic/apps/api.tests/bin/debug/net8.0/appostolic.api.tests.dll" id="5818c4b0-5040-ff57-2a21-3715c31b378e">
      <Execution id="d4684d70-e50a-4b33-bac3-3db78f2e13f0" />
      <TestMethod codeBase="/Users/kevinmccreary/appostolic/apps/api.tests/bin/Debug/net8.0/Appostolic.Api.Tests.dll" adapterTypeName="executor://xunit/VsTestRunner2/netcoreapp" className="Appostolic.Api.Tests.NotificationEnqueuerTests" name="QueueInvite_uses_relative_when_base_missing" />
    </UnitTest>
    <UnitTest name="Appostolic.Api.Tests.Orchestrator.TokenAggregationTests.CostIsNull_WhenPricingDisabled" storage="/users/kevinmccreary/appostolic/apps/api.tests/bin/debug/net8.0/appostolic.api.tests.dll" id="3b3a68c1-1138-770e-4b05-0d7fb6b68738">
      <Execution id="c80fc75f-49c4-44dd-846f-e1e1f0c8c113" />
      <TestMethod codeBase="/Users/kevinmccreary/appostolic/apps/api.tests/bin/Debug/net8.0/Appostolic.Api.Tests.dll" adapterTypeName="executor://xunit/VsTestRunner2/netcoreapp" className="Appostolic.Api.Tests.Orchestrator.TokenAggregationTests" name="CostIsNull_WhenPricingDisabled" />
    </UnitTest>
    <UnitTest name="Appostolic.Api.Tests.Notifications.NotificationsPiiScrubTests.Scrubs_before_delete_windows_and_deletes_at_cutoff" storage="/users/kevinmccreary/appostolic/apps/api.tests/bin/debug/net8.0/appostolic.api.tests.dll" id="eb812c29-73b3-e923-42de-8821a188e94a">
      <Execution id="0977818f-18eb-45e0-a371-53d1d53ee636" />
      <TestMethod codeBase="/Users/kevinmccreary/appostolic/apps/api.tests/bin/Debug/net8.0/Appostolic.Api.Tests.dll" adapterTypeName="executor://xunit/VsTestRunner2/netcoreapp" className="Appostolic.Api.Tests.Notifications.NotificationsPiiScrubTests" name="Scrubs_before_delete_windows_and_deletes_at_cutoff" />
    </UnitTest>
    <UnitTest name="Appostolic.Api.Tests.Api.MembersManagementTests.Owner_can_promote_editor_to_admin" storage="/users/kevinmccreary/appostolic/apps/api.tests/bin/debug/net8.0/appostolic.api.tests.dll" id="80cb1a83-dede-f3ba-117a-352364082463">
      <Execution id="f451ed2e-a041-4209-8de7-2007d27235fc" />
      <TestMethod codeBase="/Users/kevinmccreary/appostolic/apps/api.tests/bin/Debug/net8.0/Appostolic.Api.Tests.dll" adapterTypeName="executor://xunit/VsTestRunner2/netcoreapp" className="Appostolic.Api.Tests.Api.MembersManagementTests" name="Owner_can_promote_editor_to_admin" />
    </UnitTest>
    <UnitTest name="Appostolic.Api.Tests.E2E.NotificationsE2E_Mailhog.VerificationEmail_reaches_Mailhog_and_outbox_marks_Sent" storage="/users/kevinmccreary/appostolic/apps/api.tests/bin/debug/net8.0/appostolic.api.tests.dll" id="57eb4321-b137-5017-063e-e3e669ff6aa8">
      <Execution id="8f6609c8-25e5-4f67-8246-4eab4df39bed" />
      <TestMethod codeBase="/Users/kevinmccreary/appostolic/apps/api.tests/bin/Debug/net8.0/Appostolic.Api.Tests.dll" adapterTypeName="executor://xunit/VsTestRunner2/netcoreapp" className="Appostolic.Api.Tests.E2E.NotificationsE2E_Mailhog" name="VerificationEmail_reaches_Mailhog_and_outbox_marks_Sent" />
    </UnitTest>
    <UnitTest name="Appostolic.Api.Tests.EmailProviderSelectionTests.Resolves_SendGrid_sender_when_provider_sendgrid" storage="/users/kevinmccreary/appostolic/apps/api.tests/bin/debug/net8.0/appostolic.api.tests.dll" id="4f12e680-b238-5f1e-d786-32a29acea93b">
      <Execution id="3685068b-2d52-427b-90a1-d26542559ed6" />
      <TestMethod codeBase="/Users/kevinmccreary/appostolic/apps/api.tests/bin/Debug/net8.0/Appostolic.Api.Tests.dll" adapterTypeName="executor://xunit/VsTestRunner2/netcoreapp" className="Appostolic.Api.Tests.EmailProviderSelectionTests" name="Resolves_SendGrid_sender_when_provider_sendgrid" />
    </UnitTest>
    <UnitTest name="Appostolic.Api.Tests.Api.NotificationsAdminEndpointsTests.Dlq_list_returns_failed_and_deadletter_with_paging" storage="/users/kevinmccreary/appostolic/apps/api.tests/bin/debug/net8.0/appostolic.api.tests.dll" id="68b95691-6ef6-716d-545d-ee6cf04d94e7">
      <Execution id="5f7b5a09-93b2-4880-8522-76beaa4ca1f5" />
[...]
    <TestEntry testId="68b95691-6ef6-716d-545d-ee6cf04d94e7" executionId="5f7b5a09-93b2-4880-8522-76beaa4ca1f5" testListId="8c84fa94-04c1-424b-9868-57a2d4851a1d" />
    <TestEntry testId="214b8407-591b-5f7a-aa16-7961a8df13e5" executionId="f96a3454-28b1-483a-8659-ab8cfbf51624" testListId="8c84fa94-04c1-424b-9868-57a2d4851a1d" />
    <TestEntry testId="ec039bf7-f831-a8e3-834c-89707ff2f6d2" executionId="0cec1c77-834f-4908-a77a-48268a52ee0d" testListId="8c84fa94-04c1-424b-9868-57a2d4851a1d" />
    <TestEntry testId="c608eb38-09c4-17b8-a16b-ae9b91798432" executionId="4100f560-1a47-4843-a592-fdfda919c983" testListId="8c84fa94-04c1-424b-9868-57a2d4851a1d" />
    <TestEntry testId="0d699ea2-79e9-9f01-d2d5-fca82a358bb0" executionId="07d0b737-daeb-4b55-8300-e13a61ecdfe8" testListId="8c84fa94-04c1-424b-9868-57a2d4851a1d" />
    <TestEntry testId="12c3c514-0e1a-a711-90d4-344685873f0e" executionId="ec6f8cdb-295b-43ce-b324-9c8e7205fc09" testListId="8c84fa94-04c1-424b-9868-57a2d4851a1d" />
    <TestEntry testId="e74b4a4d-4fe0-004f-1c01-e9508924afd9" executionId="ff2519d5-c812-4b8a-bf09-4fca6028470a" testListId="8c84fa94-04c1-424b-9868-57a2d4851a1d" />
    <TestEntry testId="9c020064-9cbb-7975-d5c0-9dc48d581775" executionId="bc661abb-a38f-4cc4-bef2-abe7fdb40972" testListId="8c84fa94-04c1-424b-9868-57a2d4851a1d" />
    <TestEntry testId="ee7b51d2-d8a7-715d-70ab-159c7293568a" executionId="5bef2859-d485-48ff-873e-3ff4957c7eb6" testListId="8c84fa94-04c1-424b-9868-57a2d4851a1d" />
    <TestEntry testId="8f2edffb-b43d-5750-46cc-f6c9051abba5" executionId="78253705-2c3f-4883-bdc6-760efdc100fa" testListId="8c84fa94-04c1-424b-9868-57a2d4851a1d" />
    <TestEntry testId="1cfc69b2-92d0-7e18-c868-129765966147" executionId="5c1983e2-ced6-4c6f-9b47-8dec2dd0fe7b" testListId="8c84fa94-04c1-424b-9868-57a2d4851a1d" />
    <TestEntry testId="3b3a68c1-1138-770e-4b05-0d7fb6b68738" executionId="c80fc75f-49c4-44dd-846f-e1e1f0c8c113" testListId="8c84fa94-04c1-424b-9868-57a2d4851a1d" />
    <TestEntry testId="e507a4d5-4aa9-7d32-05a9-ecfa3f03323d" executionId="116a2fdb-b8c1-4393-a048-a86a1f2afa7f" testListId="8c84fa94-04c1-424b-9868-57a2d4851a1d" />
    <TestEntry testId="90c7a127-2be9-b6e7-ec52-19cb51de49c0" executionId="2462b288-7742-40bd-a95f-2a2f6625ffdc" testListId="8c84fa94-04c1-424b-9868-57a2d4851a1d" />
    <TestEntry testId="cb3a79b8-8a20-d72b-fe66-3be39a479486" executionId="30b26dcd-5a05-4df9-9ac0-517a8ca2a6d7" testListId="8c84fa94-04c1-424b-9868-57a2d4851a1d" />
    <TestEntry testId="4f93dd2b-351a-bca6-2b8b-95fc20f20ddd" executionId="e4bad5fe-1149-4ab4-9980-a3795e85403e" testListId="8c84fa94-04c1-424b-9868-57a2d4851a1d" />
    <TestEntry testId="b672c70e-eca2-f979-b482-5169b705a205" executionId="f09803c5-833f-486f-a4d7-5a4a3f8ed0c3" testListId="8c84fa94-04c1-424b-9868-57a2d4851a1d" />
    <TestEntry testId="c2441ddc-565a-93d7-0c28-f73ca97b9486" executionId="a6578d80-f377-4565-a1e8-71dee704062b" testListId="8c84fa94-04c1-424b-9868-57a2d4851a1d" />
    <TestEntry testId="37b7f024-73bb-98ae-d17f-d1c0ce9f17e8" executionId="66d3e0b5-5556-45e0-87b7-9b387cd3c50a" testListId="8c84fa94-04c1-424b-9868-57a2d4851a1d" />
    <TestEntry testId="87a5b8a9-e5bd-8c6e-5a6c-5815a0bd8c39" executionId="ff036b13-42fb-4a85-ae8c-870c2bf5cd54" testListId="8c84fa94-04c1-424b-9868-57a2d4851a1d" />
    <TestEntry testId="c64a9991-8173-cdf8-9198-d5935257f1a8" executionId="fb4bd80e-c5e5-45d1-9cbe-df9caa515929" testListId="8c84fa94-04c1-424b-9868-57a2d4851a1d" />
    <TestEntry testId="43ab37ac-8f01-34cd-35d3-1bda726822d7" executionId="1ea6dc55-46eb-4c9d-8919-37a098fdb2c8" testListId="8c84fa94-04c1-424b-9868-57a2d4851a1d" />
    <TestEntry testId="a2b0d89c-f17d-2c60-2870-72017089ab94" executionId="aa23e12c-d9eb-44ad-9079-7864558e2f98" testListId="8c84fa94-04c1-424b-9868-57a2d4851a1d" />
    <TestEntry testId="051a87a0-4947-acab-5222-3cc970dba0ba" executionId="0930787a-de50-4f9a-9998-e083786e1b8e" testListId="8c84fa94-04c1-424b-9868-57a2d4851a1d" />
    <TestEntry testId="3494b3d5-98dd-209c-c4b4-d8d0bff712f0" executionId="62d71c2e-bba9-4d35-847e-4a9552a19361" testListId="8c84fa94-04c1-424b-9868-57a2d4851a1d" />
    <TestEntry testId="39114ef2-4a94-0d20-df91-881c10164c3c" executionId="09c99c01-b155-440f-af66-b0033d9e9f68" testListId="8c84fa94-04c1-424b-9868-57a2d4851a1d" />
    <TestEntry testId="d59725be-2270-85f4-1a24-f28884383b83" executionId="b318f185-0827-49c2-8e85-1c19265b756c" testListId="8c84fa94-04c1-424b-9868-57a2d4851a1d" />
    <TestEntry testId="caeaccb8-00ea-302b-441d-17caf5fd9b5d" executionId="7dee1fe8-7791-498e-a035-f9a0974795e3" testListId="8c84fa94-04c1-424b-9868-57a2d4851a1d" />
    <TestEntry testId="f3139bd5-165e-b0d0-2da0-a0210810049e" executionId="f6a7df30-c18a-4a71-bdba-113389cb67ef" testListId="8c84fa94-04c1-424b-9868-57a2d4851a1d" />
    <TestEntry testId="1aa96e1c-162f-87b8-360d-29c19b3b2c73" executionId="0ad676f5-b0a3-4eb3-8b10-b19737542db9" testListId="8c84fa94-04c1-424b-9868-57a2d4851a1d" />
    <TestEntry testId="2a9f6824-8a17-a193-b18b-3e78fa1bbbd5" executionId="098edef6-ee8c-467b-87f8-da3f351428dd" testListId="8c84fa94-04c1-424b-9868-57a2d4851a1d" />
    <TestEntry testId="f36e146c-5e84-0e67-2982-f20e16e0dd68" executionId="9b751015-d860-425e-a100-1ba587152e76" testListId="8c84fa94-04c1-424b-9868-57a2d4851a1d" />
    <TestEntry testId="bde04400-fb2a-d1b4-e9d5-727f1b9bbed1" executionId="2cf0fb0a-d9a2-4f09-b414-24393c2dde87" testListId="8c84fa94-04c1-424b-9868-57a2d4851a1d" />
    <TestEntry testId="eb812c29-73b3-e923-42de-8821a188e94a" executionId="0977818f-18eb-45e0-a371-53d1d53ee636" testListId="8c84fa94-04c1-424b-9868-57a2d4851a1d" />
    <TestEntry testId="d5afdedc-771c-29a3-fa0a-9ebd023dd2c6" executionId="1d116322-4a3d-4cb4-a34d-39ade7e399cf" testListId="8c84fa94-04c1-424b-9868-57a2d4851a1d" />
    <TestEntry testId="5ad39d2c-d77f-b72d-621d-dc03058b3c06" executionId="970f0642-d70d-4ff8-9416-e9088a1c1bcc" testListId="8c84fa94-04c1-424b-9868-57a2d4851a1d" />
    <TestEntry testId="e1e10047-9c95-2461-ef88-42d3da0fbb82" executionId="5e1138e8-f72e-4f05-94bb-3c6a64d89034" testListId="8c84fa94-04c1-424b-9868-57a2d4851a1d" />
    <TestEntry testId="03cb9965-4934-50d0-65d4-2c790e264e80" executionId="c8c99904-34b7-4263-b537-07b60875d1c6" testListId="8c84fa94-04c1-424b-9868-57a2d4851a1d" />
    <TestEntry testId="79403e37-7823-d8d7-7290-f467456876fa" executionId="a8b04102-8321-443c-97a3-2d3ef586d0e9" testListId="8c84fa94-04c1-424b-9868-57a2d4851a1d" />
    <TestEntry testId="7c0f601f-632e-a9b2-aeb3-eee73bd7742c" executionId="c557f29b-1cbe-4329-abe9-14d9d79b9c43" testListId="8c84fa94-04c1-424b-9868-57a2d4851a1d" />
    <TestEntry testId="6e2b7510-d3ae-c174-2b57-710f63c82ad0" executionId="62cae871-a5dc-4f4b-a07c-287503c7aa45" testListId="8c84fa94-04c1-424b-9868-57a2d4851a1d" />
    <TestEntry testId="21127838-ea89-b283-653a-0b46d8acc590" executionId="9022ff0f-51a3-4f43-8555-c752676268d6" testListId="8c84fa94-04c1-424b-9868-57a2d4851a1d" />
    <TestEntry testId="81f70a90-5f17-3107-1751-37f6a5b41791" executionId="a5a23b50-66b8-41e8-8983-4017f1bb5f7b" testListId="8c84fa94-04c1-424b-9868-57a2d4851a1d" />
    <TestEntry testId="d9d051a9-d261-1011-dbde-e42b30d539a9" executionId="d562ba0d-476c-4581-8cd1-ba9d61f80a12" testListId="8c84fa94-04c1-424b-9868-57a2d4851a1d" />
    <TestEntry testId="94ec43a1-8d1a-e493-b213-b33a5a6877b2" executionId="bf627044-6017-4667-ae6b-a8e5faab35df" testListId="8c84fa94-04c1-424b-9868-57a2d4851a1d" />
    <TestEntry testId="61b122ca-f3a1-21e8-0492-e3c660390b05" executionId="88fa9b6c-473b-4abf-8ab3-020f6365ad67" testListId="8c84fa94-04c1-424b-9868-57a2d4851a1d" />
    <TestEntry testId="e654c6ff-e79b-0f0d-7ecf-a4648dc0cf91" executionId="b8c6dd44-f563-4f9a-ae13-9ad100073371" testListId="8c84fa94-04c1-424b-9868-57a2d4851a1d" />
    <TestEntry testId="02f4c01b-4d57-cea6-940b-91f660d6b3a5" executionId="9933bb79-1ded-4492-9d3f-ee6a7a2b3abe" testListId="8c84fa94-04c1-424b-9868-57a2d4851a1d" />
    <TestEntry testId="5818c4b0-5040-ff57-2a21-3715c31b378e" executionId="d4684d70-e50a-4b33-bac3-3db78f2e13f0" testListId="8c84fa94-04c1-424b-9868-57a2d4851a1d" />
    <TestEntry testId="2f6106d4-2d27-0ec0-388a-a0a0d64b80ea" executionId="9ce11574-ad9a-4b11-9430-40f21a1b7430" testListId="8c84fa94-04c1-424b-9868-57a2d4851a1d" />
    <TestEntry testId="c561c2f6-8efd-4095-cbad-20238816bd9c" executionId="3f379fce-5589-4883-a128-42cee26390d9" testListId="8c84fa94-04c1-424b-9868-57a2d4851a1d" />
    <TestEntry testId="efe354b5-5489-bbb2-88ee-c8f998cb6176" executionId="07c0983f-12df-4393-bc8d-ef437c346457" testListId="8c84fa94-04c1-424b-9868-57a2d4851a1d" />
    <TestEntry testId="544ee02e-a795-79f3-8c38-56202dce3170" executionId="e57a4a82-6e75-4815-88c4-c208e573f156" testListId="8c84fa94-04c1-424b-9868-57a2d4851a1d" />
    <TestEntry testId="e0724a8e-d699-09ac-c090-59791deb23d9" executionId="d7db3322-a4c0-4c77-b3d6-8c60aff05535" testListId="8c84fa94-04c1-424b-9868-57a2d4851a1d" />
    <TestEntry testId="71d5d180-2d36-ecb9-e4eb-71ca09e46ec4" executionId="7cc9b30a-33c4-447f-85ab-e22fcaa6e81e" testListId="8c84fa94-04c1-424b-9868-57a2d4851a1d" />
    <TestEntry testId="11acc57e-e7b4-9c88-543d-dd88434937c6" executionId="4441a2d8-0376-4f98-857d-4de946db928c" testListId="8c84fa94-04c1-424b-9868-57a2d4851a1d" />
    <TestEntry testId="22ad276e-c73f-4ebf-8729-b5903439e2d9" executionId="69c2aacb-fdd4-428d-a292-b461f6095737" testListId="8c84fa94-04c1-424b-9868-57a2d4851a1d" />
    <TestEntry testId="8e56ee2d-296c-f180-2ad1-a3abd5b19292" executionId="56fc65f2-0cd8-4b15-af04-d002425843cb" testListId="8c84fa94-04c1-424b-9868-57a2d4851a1d" />
    <TestEntry testId="a00d92b0-35aa-1e7c-b5ff-79738a042c12" executionId="90d028a4-5dfe-4945-923c-aa2576170cd2" testListId="8c84fa94-04c1-424b-9868-57a2d4851a1d" />
    <TestEntry testId="811026c2-41ce-4e18-121d-862774cd6272" executionId="ffb37750-c433-42fd-bb38-efac96ed25ae" testListId="8c84fa94-04c1-424b-9868-57a2d4851a1d" />
    <TestEntry testId="30aa5bc1-9211-739f-532d-176c6c3c3a30" executionId="761fc9b9-fc30-497b-bb8c-4922a0960958" testListId="8c84fa94-04c1-424b-9868-57a2d4851a1d" />
    <TestEntry testId="515d6282-fd19-872e-c191-d3eda2049a23" executionId="2d212887-76f4-4efc-aa9f-5c28afcd0f27" testListId="8c84fa94-04c1-424b-9868-57a2d4851a1d" />
    <TestEntry testId="df92ad96-32d4-9c44-0398-97a52600538f" executionId="bfd333c2-3aae-442c-ac7d-b22b8a162ad3" testListId="8c84fa94-04c1-424b-9868-57a2d4851a1d" />
    <TestEntry testId="94524c04-7158-8472-e876-43b26f76e4f4" executionId="16f91f84-02ca-4fa7-a63d-5e923c25b602" testListId="8c84fa94-04c1-424b-9868-57a2d4851a1d" />
    <TestEntry testId="40e767b4-314a-d8ef-34b1-5c49d7ef55c4" executionId="e4359a53-1b42-4a96-8530-9ea05d39b17b" testListId="8c84fa94-04c1-424b-9868-57a2d4851a1d" />
    <TestEntry testId="c0347afe-0c6b-b0a7-12e1-3aa76a4722fc" executionId="e2134152-87cc-4896-a3e3-4ab8601c8cc6" testListId="8c84fa94-04c1-424b-9868-57a2d4851a1d" />
    <TestEntry testId="7c574249-6de4-087c-ac92-00dedf541e78" executionId="83a3fc81-b9fc-4962-aa41-bce2440a702e" testListId="8c84fa94-04c1-424b-9868-57a2d4851a1d" />
    <TestEntry testId="5ec8c6f8-601d-9718-1802-a15c88bb4987" executionId="5125a07b-3dfd-486d-8819-1a0bb7a58e6e" testListId="8c84fa94-04c1-424b-9868-57a2d4851a1d" />
    <TestEntry testId="8499e5e2-c09d-d64e-ab91-715c51a15d3b" executionId="5de319b8-a946-41b7-93c2-151540239547" testListId="8c84fa94-04c1-424b-9868-57a2d4851a1d" />
    <TestEntry testId="54bfc83b-71cd-70be-2e17-0d354a18b25a" executionId="fbb6fa91-8b37-4122-8859-816579062c80" testListId="8c84fa94-04c1-424b-9868-57a2d4851a1d" />
    <TestEntry testId="6af85923-8d05-0c62-0cc5-a5120df2d8e5" executionId="1315621c-0b3e-4cc0-8cfc-c8a13315b6f6" testListId="8c84fa94-04c1-424b-9868-57a2d4851a1d" />
    <TestEntry testId="f53587d7-cc90-0182-8a77-44034bb01e5e" executionId="1c62f38d-bb0b-4755-9ad9-2aae229d9f43" testListId="8c84fa94-04c1-424b-9868-57a2d4851a1d" />
    <TestEntry testId="d8682838-1d38-dd8e-6c89-ae1bda81fecb" executionId="d519f721-8929-469f-8922-4456e4c7c7be" testListId="8c84fa94-04c1-424b-9868-57a2d4851a1d" />
    <TestEntry testId="b9af0f84-0079-b683-0d77-346a6542b5b4" executionId="ff2d7c50-b13c-4d33-b8eb-a228996d7993" testListId="8c84fa94-04c1-424b-9868-57a2d4851a1d" />
  </TestEntries>
  <TestLists>
    <TestList name="Results Not in a List" id="8c84fa94-04c1-424b-9868-57a2d4851a1d" />
    <TestList name="All Loaded Results" id="19431567-8539-422a-85d7-44ee4e166bda" />
  </TestLists>
  <ResultSummary outcome="Failed">
    <Counters total="121" executed="121" passed="119" failed="2" error="0" timeout="0" aborted="0" inconclusive="0" passedButRunAborted="0" notRunnable="0" notExecuted="0" disconnected="0" warning="0" completed="0" inProgress="0" pending="0" />
    <Output>
      <StdOut>[xUnit.net 00:00:00.00] xUnit.net VSTest Adapter v2.8.1+ce9211e970 (64-bit .NET 8.0.1)
[xUnit.net 00:00:00.06]   Discovering: Appostolic.Api.Tests
[xUnit.net 00:00:00.09]   Discovered:  Appostolic.Api.Tests
[xUnit.net 00:00:00.09]   Starting:    Appostolic.Api.Tests
[xUnit.net 00:00:08.29]       System.InvalidOperationException : Unable to resolve service for type 'Microsoft.Extensions.Logging.ILogger`1[Microsoft.AspNetCore.Authorization.DefaultAuthorizationService]' while attempting to activate 'Microsoft.AspNetCore.Authorization.DefaultAuthorizationService'.
[xUnit.net 00:00:08.29]       Stack Trace:
[xUnit.net 00:00:08.29]            at Microsoft.Extensions.DependencyInjection.ServiceLookup.CallSiteFactory.CreateArgumentCallSites(ServiceIdentifier serviceIdentifier, Type implementationType, CallSiteChain callSiteChain, ParameterInfo[] parameters, Boolean throwIfCallSiteNotFound)
[xUnit.net 00:00:08.29]            at Microsoft.Extensions.DependencyInjection.ServiceLookup.CallSiteFactory.CreateConstructorCallSite(ResultCache lifetime, ServiceIdentifier serviceIdentifier, Type implementationType, CallSiteChain callSiteChain)
[xUnit.net 00:00:08.29]            at Microsoft.Extensions.DependencyInjection.ServiceLookup.CallSiteFactory.TryCreateExact(ServiceDescriptor descriptor, ServiceIdentifier serviceIdentifier, CallSiteChain callSiteChain, Int32 slot)
[xUnit.net 00:00:08.29]            at Microsoft.Extensions.DependencyInjection.ServiceLookup.CallSiteFactory.TryCreateExact(ServiceIdentifier serviceIdentifier, CallSiteChain callSiteChain)
[xUnit.net 00:00:08.29]            at Microsoft.Extensions.DependencyInjection.ServiceLookup.CallSiteFactory.CreateCallSite(ServiceIdentifier serviceIdentifier, CallSiteChain callSiteChain)
[xUnit.net 00:00:08.29]            at Microsoft.Extensions.DependencyInjection.ServiceLookup.CallSiteFactory.GetCallSite(ServiceIdentifier serviceIdentifier, CallSiteChain callSiteChain)
[xUnit.net 00:00:08.29]            at Microsoft.Extensions.DependencyInjection.ServiceProvider.CreateServiceAccessor(ServiceIdentifier serviceIdentifier)
[xUnit.net 00:00:08.29]            at System.Collections.Concurrent.ConcurrentDictionary`2.GetOrAdd(TKey key, Func`2 valueFactory)
[xUnit.net 00:00:08.29]            at Microsoft.Extensions.DependencyInjection.ServiceProvider.GetService(ServiceIdentifier serviceIdentifier, ServiceProviderEngineScope serviceProviderEngineScope)
[xUnit.net 00:00:08.29]            at Microsoft.Extensions.DependencyInjection.ServiceProvider.GetService(Type serviceType)
[xUnit.net 00:00:08.29]            at Microsoft.Extensions.DependencyInjection.ServiceProviderServiceExtensions.GetRequiredService(IServiceProvider provider, Type serviceType)
[xUnit.net 00:00:08.29]            at Microsoft.Extensions.DependencyInjection.ServiceProviderServiceExtensions.GetRequiredService[T](IServiceProvider provider)
[xUnit.net 00:00:08.29]         /Users/kevinmccreary/appostolic/apps/api.tests/Security/RoleAuthorizationTests.cs(24,0): at Appostolic.Api.Tests.Security.RoleAuthorizationTests.MakeServices()
[xUnit.net 00:00:08.29]         /Users/kevinmccreary/appostolic/apps/api.tests/Security/RoleAuthorizationTests.cs(51,0): at Appostolic.Api.Tests.Security.RoleAuthorizationTests.CreatorPolicy_Denies_WhenNoMembership()
[xUnit.net 00:00:08.29]         --- End of stack trace from previous location ---
[xUnit.net 00:00:08.29]       System.InvalidOperationException : Unable to resolve service for type 'Microsoft.Extensions.Logging.ILogger`1[Microsoft.AspNetCore.Authorization.DefaultAuthorizationService]' while attempting to activate 'Microsoft.AspNetCore.Authorization.DefaultAuthorizationService'.
[xUnit.net 00:00:08.29]       Stack Trace:
[xUnit.net 00:00:08.29]            at Microsoft.Extensions.DependencyInjection.ServiceLookup.CallSiteFactory.CreateArgumentCallSites(ServiceIdentifier serviceIdentifier, Type implementationType, CallSiteChain callSiteChain, ParameterInfo[] parameters, Boolean throwIfCallSiteNotFound)
[xUnit.net 00:00:08.29]            at Microsoft.Extensions.DependencyInjection.ServiceLookup.CallSiteFactory.CreateConstructorCallSite(ResultCache lifetime, ServiceIdentifier serviceIdentifier, Type implementationType, CallSiteChain callSiteChain)
[xUnit.net 00:00:08.29]            at Microsoft.Extensions.DependencyInjection.ServiceLookup.CallSiteFactory.TryCreateExact(ServiceDescriptor descriptor, ServiceIdentifier serviceIdentifier, CallSiteChain callSiteChain, Int32 slot)
[xUnit.net 00:00:08.29]            at Microsoft.Extensions.DependencyInjection.ServiceLookup.CallSiteFactory.TryCreateExact(ServiceIdentifier serviceIdentifier, CallSiteChain callSiteChain)
[xUnit.net 00:00:08.29]            at Microsoft.Extensions.DependencyInjection.ServiceLookup.CallSiteFactory.CreateCallSite(ServiceIdentifier serviceIdentifier, CallSiteChain callSiteChain)
[xUnit.net 00:00:08.29]            at Microsoft.Extensions.DependencyInjection.ServiceLookup.CallSiteFactory.GetCallSite(ServiceIdentifier serviceIdentifier, CallSiteChain callSiteChain)
[xUnit.net 00:00:08.29]            at Microsoft.Extensions.DependencyInjection.ServiceProvider.CreateServiceAccessor(ServiceIdentifier serviceIdentifier)
[xUnit.net 00:00:08.29]            at System.Collections.Concurrent.ConcurrentDictionary`2.GetOrAdd(TKey key, Func`2 valueFactory)
[xUnit.net 00:00:08.29]            at Microsoft.Extensions.DependencyInjection.ServiceProvider.GetService(ServiceIdentifier serviceIdentifier, ServiceProviderEngineScope serviceProviderEngineScope)
[xUnit.net 00:00:08.29]            at Microsoft.Extensions.DependencyInjection.ServiceProvider.GetService(Type serviceType)
[xUnit.net 00:00:08.29]            at Microsoft.Extensions.DependencyInjection.ServiceProviderServiceExtensions.GetRequiredService(IServiceProvider provider, Type serviceType)
[xUnit.net 00:00:08.29]            at Microsoft.Extensions.DependencyInjection.ServiceProviderServiceExtensions.GetRequiredService[T](IServiceProvider provider)
[xUnit.net 00:00:08.29]         /Users/kevinmccreary/appostolic/apps/api.tests/Security/RoleAuthorizationTests.cs(24,0): at Appostolic.Api.Tests.Security.RoleAuthorizationTests.MakeServices()
[xUnit.net 00:00:08.29]         /Users/kevinmccreary/appostolic/apps/api.tests/Security/RoleAuthorizationTests.cs(30,0): at Appostolic.Api.Tests.Security.RoleAuthorizationTests.CreatorPolicy_Allows_WhenMembershipHasCreator()
[xUnit.net 00:00:08.29]         --- End of stack trace from previous location ---
[xUnit.net 00:00:11.63]   Finished:    Appostolic.Api.Tests
</StdOut>
    </Output>
    <RunInfos>
      <RunInfo computerName="MacBook-Pro-2" outcome="Error" timestamp="2025-09-15T08:33:16.2955680-05:00">
        <Text>[xUnit.net 00:00:08.29]     Appostolic.Api.Tests.Security.RoleAuthorizationTests.CreatorPolicy_Denies_WhenNoMembership [FAIL]</Text>
      </RunInfo>
      <RunInfo computerName="MacBook-Pro-2" outcome="Error" timestamp="2025-09-15T08:33:16.2968860-05:00">
        <Text>[xUnit.net 00:00:08.29]     Appostolic.Api.Tests.Security.RoleAuthorizationTests.CreatorPolicy_Allows_WhenMembershipHasCreator [FAIL]</Text>
      </RunInfo>
    </RunInfos>
  </ResultSummary>
</TestRun>