<?xml version="1.0" encoding="utf-8"?>
<TestRun id="4d91c8c1-d6ff-4550-8074-1a3649f24a55" name="@mac 2025-09-19 16:26:24" xmlns="http://microsoft.com/schemas/VisualStudio/TeamTest/2010">
  <Times creation="2025-09-19T16:26:24.2619960-05:00" queuing="2025-09-19T16:26:24.2619960-05:00" start="2025-09-19T16:26:22.5344590-05:00" finish="2025-09-19T16:26:40.4862530-05:00" />
  <TestSettings name="default" id="4eff6706-6d63-4452-97b9-ba23b1e16289">
    <Deployment runDeploymentRoot="_mac_2025-09-19_16_26_24" />
  </TestSettings>
  <Results>
    <UnitTestResult executionId="f3b4d7ef-c992-4a8e-8437-efe0f391f8a6" testId="a2b0d89c-f17d-2c60-2870-72017089ab94" testName="Appostolic.Api.Tests.Api.NotificationsAdminEndpointsTests.Bulk_resend_creates_with_limit_and_counts_throttled" computerName="mac" duration="00:00:00.2543743" startTime="2025-09-19T16:26:29.5940960-05:00" endTime="2025-09-19T16:26:29.5940960-05:00" testType="13cdc9d9-ddb5-4fa4-a97d-d965ccfc6d4b" outcome="Passed" testListId="8c84fa94-04c1-424b-9868-57a2d4851a1d" relativeResultsDirectory="f3b4d7ef-c992-4a8e-8437-efe0f391f8a6" />
    <UnitTestResult executionId="7b2d6e52-8e47-406c-9275-9d03efacf7b6" testId="f36e146c-5e84-0e67-2982-f20e16e0dd68" testName="Appostolic.Api.Tests.ModelMappingTests.Agent_check_constraints_are_configured_in_model" computerName="mac" duration="00:00:00.0231805" startTime="2025-09-19T16:26:38.8905960-05:00" endTime="2025-09-19T16:26:38.8905960-05:00" testType="13cdc9d9-ddb5-4fa4-a97d-d965ccfc6d4b" outcome="Passed" testListId="8c84fa94-04c1-424b-9868-57a2d4851a1d" relativeResultsDirectory="7b2d6e52-8e47-406c-9275-9d03efacf7b6" />
    <UnitTestResult executionId="1c2f44a9-f0df-4169-829c-233ac2f85b7d" testId="9b729b7e-a306-20a1-7040-eda547fe8bec" testName="Appostolic.Api.Tests.E2E.AgentTasksE2E_HappyPath.EndToEnd_CreatesTask_RunsToSuccess_TracesAndTokensPresent" computerName="mac" duration="00:00:00.2916495" startTime="2025-09-19T16:26:34.6305340-05:00" endTime="2025-09-19T16:26:34.6305340-05:00" testType="13cdc9d9-ddb5-4fa4-a97d-d965ccfc6d4b" outcome="Passed" testListId="8c84fa94-04c1-424b-9868-57a2d4851a1d" relativeResultsDirectory="1c2f44a9-f0df-4169-829c-233ac2f85b7d" />
    <UnitTestResult executionId="5b3e12b8-6f9a-4617-bb21-90000ffb6838" testId="f242966d-9728-e09e-ef23-e439d6a28402" testName="Appostolic.Api.Tests.Api.MembersManagementTests.Cannot_demote_or_remove_last_owner" computerName="mac" duration="00:00:00.3080478" startTime="2025-09-19T16:26:37.1155370-05:00" endTime="2025-09-19T16:26:37.1155370-05:00" testType="13cdc9d9-ddb5-4fa4-a97d-d965ccfc6d4b" outcome="Passed" testListId="8c84fa94-04c1-424b-9868-57a2d4851a1d" relativeResultsDirectory="5b3e12b8-6f9a-4617-bb21-90000ffb6838" />
    <UnitTestResult executionId="3df0f41f-ceda-4383-8b35-5e10391cb632" testId="8a436d67-15f2-8a6f-b3c8-3df7d72a7066" testName="Appostolic.Api.Tests.E2E.AgentTasksE2E_Allowlist.Allowlist_Denied_Tool_Produces_Failed_Task_With_Error_Trace" computerName="mac" duration="00:00:00.2915575" startTime="2025-09-19T16:26:25.4010390-05:00" endTime="2025-09-19T16:26:25.4010390-05:00" testType="13cdc9d9-ddb5-4fa4-a97d-d965ccfc6d4b" outcome="Passed" testListId="8c84fa94-04c1-424b-9868-57a2d4851a1d" relativeResultsDirectory="3df0f41f-ceda-4383-8b35-5e10391cb632" />
    <UnitTestResult executionId="4fffb543-742a-4ac0-b0d8-c4eea7e22b72" testId="a11d6311-0314-291e-6c87-0745cc1eace8" testName="Appostolic.Api.Tests.Observability.TelemetrySmokeTests.HappyPath_Emits_Spans_And_Metrics" computerName="mac" duration="00:00:00.0039759" startTime="2025-09-19T16:26:36.4449840-05:00" endTime="2025-09-19T16:26:36.4449840-05:00" testType="13cdc9d9-ddb5-4fa4-a97d-d965ccfc6d4b" outcome="Passed" testListId="8c84fa94-04c1-424b-9868-57a2d4851a1d" relativeResultsDirectory="4fffb543-742a-4ac0-b0d8-c4eea7e22b72" />
    <UnitTestResult executionId="b5c0fcad-c35e-4d61-b481-57ae98408d31" testId="c643053b-60cb-940b-5d09-78107183b82f" testName="Appostolic.Api.Tests.Api.UserAvatarEndpointsTests.UploadAvatar_TransparentLogo_PreservesDimensions_Webp" computerName="mac" duration="00:00:00.0038432" startTime="2025-09-19T16:26:35.7728530-05:00" endTime="2025-09-19T16:26:35.7728530-05:00" testType="13cdc9d9-ddb5-4fa4-a97d-d965ccfc6d4b" outcome="Passed" testListId="8c84fa94-04c1-424b-9868-57a2d4851a1d" relativeResultsDirectory="b5c0fcad-c35e-4d61-b481-57ae98408d31" />
    <UnitTestResult executionId="0fcd97ed-4ad9-4946-bac2-f25d9aa0509d" testId="3b3a68c1-1138-770e-4b05-0d7fb6b68738" testName="Appostolic.Api.Tests.Orchestrator.TokenAggregationTests.CostIsNull_WhenPricingDisabled" computerName="mac" duration="00:00:00.0020058" startTime="2025-09-19T16:26:39.4590820-05:00" endTime="2025-09-19T16:26:39.4590820-05:00" testType="13cdc9d9-ddb5-4fa4-a97d-d965ccfc6d4b" outcome="Passed" testListId="8c84fa94-04c1-424b-9868-57a2d4851a1d" relativeResultsDirectory="0fcd97ed-4ad9-4946-bac2-f25d9aa0509d" />
    <UnitTestResult executionId="b3bfbb13-9dd2-4476-8ede-a6ed0994d9ff" testId="29cdf802-09fa-4c20-1649-a919d0e03e4d" testName="Appostolic.Api.Tests.Api.AssignmentsApiTests.Set_roles_replaces_flags_and_allows_noop" computerName="mac" duration="00:00:00.0027611" startTime="2025-09-19T16:26:39.9459270-05:00" endTime="2025-09-19T16:26:39.9459270-05:00" testType="13cdc9d9-ddb5-4fa4-a97d-d965ccfc6d4b" outcome="Passed" testListId="8c84fa94-04c1-424b-9868-57a2d4851a1d" relativeResultsDirectory="b3bfbb13-9dd2-4476-8ede-a6ed0994d9ff" />
    <UnitTestResult executionId="74411fdb-cc54-4473-af57-a55ad432c680" testId="12d55566-a633-1346-b69a-1c8b4115db86" testName="Appostolic.Api.Tests.Api.LegacyRoleWritePathDeprecationTests.Invite_with_legacy_role_only_is_rejected" computerName="mac" duration="00:00:00.2152611" startTime="2025-09-19T16:26:25.6257300-05:00" endTime="2025-09-19T16:26:25.6257300-05:00" testType="13cdc9d9-ddb5-4fa4-a97d-d965ccfc6d4b" outcome="Failed" testListId="8c84fa94-04c1-424b-9868-57a2d4851a1d" relativeResultsDirectory="74411fdb-cc54-4473-af57-a55ad432c680">
      <Output>
        <ErrorInfo>
          <Message>Expected payload!["code"] to be "LEGACY_ROLE_DEPRECATED", but found LEGACY_ROLE_DEPRECATED.</Message>
          <StackTrace>   at FluentAssertions.Execution.XUnit2TestFramework.Throw(String message)
   at FluentAssertions.Execution.TestFrameworkProvider.Throw(String message)
   at FluentAssertions.Execution.DefaultAssertionStrategy.HandleFailure(String message)
   at FluentAssertions.Execution.AssertionScope.FailWith(Func`1 failReasonFunc)
   at FluentAssertions.Execution.AssertionScope.FailWith(Func`1 failReasonFunc)
   at FluentAssertions.Execution.AssertionScope.FailWith(String message, Object[] args)
   at FluentAssertions.Primitives.ObjectAssertions`2.Be(TSubject expected, String because, Object[] becauseArgs)
   at Appostolic.Api.Tests.Api.LegacyRoleWritePathDeprecationTests.Invite_with_legacy_role_only_is_rejected() in /Users/kevinmccreary/appostolic/apps/api.tests/Api/LegacyRoleWritePathDeprecationTests.cs:line 42
--- End of stack trace from previous location ---</StackTrace>
        </ErrorInfo>
      </Output>
    </UnitTestResult>
    <UnitTestResult executionId="5f0847cb-4e76-4e1d-9f2b-0e9fb98b2c63" testId="c561c2f6-8efd-4095-cbad-20238816bd9c" testName="Appostolic.Api.Tests.NotificationEnqueuerTests.QueueVerification_enqueues_correct_message" computerName="mac" duration="00:00:00.0008002" startTime="2025-09-19T16:26:29.8493340-05:00" endTime="2025-09-19T16:26:29.8493340-05:00" testType="13cdc9d9-ddb5-4fa4-a97d-d965ccfc6d4b" outcome="Passed" testListId="8c84fa94-04c1-424b-9868-57a2d4851a1d" relativeResultsDirectory="5f0847cb-4e76-4e1d-9f2b-0e9fb98b2c63" />
    <UnitTestResult executionId="6112fa8a-1c63-4b88-ac02-5e35614e7b99" testId="5aebb0bd-a461-dea6-b51f-abbdbf65c34a" testName="Appostolic.Api.Tests.Api.AuditsListingEndpointTests.Supports_optional_filters_user_actor_and_date_range" computerName="mac" duration="00:00:00.0247915" startTime="2025-09-19T16:26:30.0640350-05:00" endTime="2025-09-19T16:26:30.0640350-05:00" testType="13cdc9d9-ddb5-4fa4-a97d-d965ccfc6d4b" outcome="Passed" testListId="8c84fa94-04c1-424b-9868-57a2d4851a1d" relativeResultsDirectory="6112fa8a-1c63-4b88-ac02-5e35614e7b99" />
    <UnitTestResult executionId="86dba510-9ce9-4e94-9749-db84ccaef2e5" testId="c35bbf40-7110-f612-4b6b-649678070e6a" testName="Appostolic.Api.Tests.Storage.S3ObjectStorageServiceTests.UploadAsync_FallbacksToBucketRegionUrl_WhenNoPublicBaseUrl" computerName="mac" duration="00:00:00.0027872" startTime="2025-09-19T16:26:29.8393640-05:00" endTime="2025-09-19T16:26:29.8393640-05:00" testType="13cdc9d9-ddb5-4fa4-a97d-d965ccfc6d4b" outcome="Passed" testListId="8c84fa94-04c1-424b-9868-57a2d4851a1d" relativeResultsDirectory="86dba510-9ce9-4e94-9749-db84ccaef2e5" />
    <UnitTestResult executionId="e34f45f2-ce7f-4424-bdfb-7e480cd9f462" testId="aba3fbd3-bcbc-9249-c5c5-7eefeb58f8d5" testName="Appostolic.Api.Tests.Api.TenantSettingsEndpointsTests.Delete_Logo_Removes_Metadata" computerName="mac" duration="00:00:00.0128158" startTime="2025-09-19T16:26:37.7151090-05:00" endTime="2025-09-19T16:26:37.7151090-05:00" testType="13cdc9d9-ddb5-4fa4-a97d-d965ccfc6d4b" outcome="Passed" testListId="8c84fa94-04c1-424b-9868-57a2d4851a1d" relativeResultsDirectory="e34f45f2-ce7f-4424-bdfb-7e480cd9f462" />
    <UnitTestResult executionId="0cbd6d05-2ec7-46dc-95cd-a38ef9684fef" testId="86313928-0630-412d-b92d-2c5039f70d0a" testName="Appostolic.Api.Tests.Api.LegacyRolesConvergedTests.All_memberships_have_consistent_nonzero_roles_bitmask" computerName="mac" duration="00:00:00.1237845" startTime="2025-09-19T16:26:37.4621000-05:00" endTime="2025-09-19T16:26:37.4621000-05:00" testType="13cdc9d9-ddb5-4fa4-a97d-d965ccfc6d4b" outcome="Passed" testListId="8c84fa94-04c1-424b-9868-57a2d4851a1d" relativeResultsDirectory="0cbd6d05-2ec7-46dc-95cd-a38ef9684fef" />
    <UnitTestResult executionId="715f7b98-5079-4a4a-9883-b8fe9d6be1dd" testId="87a5b8a9-e5bd-8c6e-5a6c-5815a0bd8c39" testName="Appostolic.Api.Tests.Worker.AgentTaskWorkerTests.Pending_To_Running_To_Succeeded_With_Traces" computerName="mac" duration="00:00:00.1170788" startTime="2025-09-19T16:26:39.7831740-05:00" endTime="2025-09-19T16:26:39.7831740-05:00" testType="13cdc9d9-ddb5-4fa4-a97d-d965ccfc6d4b" outcome="Passed" testListId="8c84fa94-04c1-424b-9868-57a2d4851a1d" relativeResultsDirectory="715f7b98-5079-4a4a-9883-b8fe9d6be1dd" />
    <UnitTestResult executionId="4b4ae3ef-8011-434c-af68-757e26ae3f54" testId="051a87a0-4947-acab-5222-3cc970dba0ba" testName="Appostolic.Api.Tests.Notifications.NotificationsResendTests.Can_insert_child_with_resend_of_fk" computerName="mac" duration="00:00:00.0107075" startTime="2025-09-19T16:26:24.2779430-05:00" endTime="2025-09-19T16:26:24.2779430-05:00" testType="13cdc9d9-ddb5-4fa4-a97d-d965ccfc6d4b" outcome="Passed" testListId="8c84fa94-04c1-424b-9868-57a2d4851a1d" relativeResultsDirectory="4b4ae3ef-8011-434c-af68-757e26ae3f54" />
    <UnitTestResult executionId="5ad845fe-3ad7-4f59-8ced-e49b42f972de" testId="c64a9991-8173-cdf8-9198-d5935257f1a8" testName="Appostolic.Api.Tests.E2E.AgentTasksE2E_Concurrency.Worker_Processes_Many_Tasks_Reliably" computerName="mac" duration="00:00:00.3365996" startTime="2025-09-19T16:26:25.0352160-05:00" endTime="2025-09-19T16:26:25.0352160-05:00" testType="13cdc9d9-ddb5-4fa4-a97d-d965ccfc6d4b" outcome="Passed" testListId="8c84fa94-04c1-424b-9868-57a2d4851a1d" relativeResultsDirectory="5ad845fe-3ad7-4f59-8ced-e49b42f972de" />
    <UnitTestResult executionId="aa71be34-83fc-4fb9-bd79-f21ff6ca6c15" testId="d079b60f-9bd9-c7a1-855f-178e519346dc" testName="Appostolic.Api.Tests.EmailDispatcherTests.Dispatcher_logs_correlation_fields_when_present" computerName="mac" duration="00:00:00.0027036" startTime="2025-09-19T16:26:39.7861370-05:00" endTime="2025-09-19T16:26:39.7861370-05:00" testType="13cdc9d9-ddb5-4fa4-a97d-d965ccfc6d4b" outcome="Passed" testListId="8c84fa94-04c1-424b-9868-57a2d4851a1d" relativeResultsDirectory="aa71be34-83fc-4fb9-bd79-f21ff6ca6c15" />
    <UnitTestResult executionId="ee5548ff-134a-4a50-b187-acfbce2f0ec6" testId="e654c6ff-e79b-0f0d-7ecf-a4648dc0cf91" testName="Appostolic.Api.Tests.Orchestrator.AgentOrchestratorTests.HappyPath_ModelPlansToolThenFinal_SucceedsWithTwoTraces" computerName="mac" duration="00:00:00.0013839" startTime="2025-09-19T16:26:34.1133190-05:00" endTime="2025-09-19T16:26:34.1133190-05:00" testType="13cdc9d9-ddb5-4fa4-a97d-d965ccfc6d4b" outcome="Passed" testListId="8c84fa94-04c1-424b-9868-57a2d4851a1d" relativeResultsDirectory="ee5548ff-134a-4a50-b187-acfbce2f0ec6" />
    <UnitTestResult executionId="6e2840c6-05c8-4c20-b419-6f0f7efe539b" testId="515d6282-fd19-872e-c191-d3eda2049a23" testName="Appostolic.Api.Tests.Api.AuthPasswordFlowsTests.ForgotPassword_AcceptsAndStoresToken_SendsEmail" computerName="mac" duration="00:00:00.0106794" startTime="2025-09-19T16:26:30.6704830-05:00" endTime="2025-09-19T16:26:30.6704830-05:00" testType="13cdc9d9-ddb5-4fa4-a97d-d965ccfc6d4b" outcome="Passed" testListId="8c84fa94-04c1-424b-9868-57a2d4851a1d" relativeResultsDirectory="6e2840c6-05c8-4c20-b419-6f0f7efe539b" />
    <UnitTestResult executionId="8bcd8e6a-f08f-41e6-960a-a06d41b730ca" testId="f5342a6b-27a3-125c-432b-bd0ce4c9f03d" testName="Appostolic.Api.Tests.Api.InvitesRolesFlagsTests.Create_Invite_Without_Roles_Derives_From_Legacy_Role" computerName="mac" duration="00:00:00.0059605" startTime="2025-09-19T16:26:40.1219200-05:00" endTime="2025-09-19T16:26:40.1219200-05:00" testType="13cdc9d9-ddb5-4fa4-a97d-d965ccfc6d4b" outcome="Failed" testListId="8c84fa94-04c1-424b-9868-57a2d4851a1d" relativeResultsDirectory="8bcd8e6a-f08f-41e6-960a-a06d41b730ca">
      <Output>
        <ErrorInfo>
          <Message>Expected create.StatusCode to be HttpStatusCode.Created {value: 201}, but found HttpStatusCode.BadRequest {value: 400}.</Message>
          <StackTrace>   at FluentAssertions.Execution.XUnit2TestFramework.Throw(String message)
   at FluentAssertions.Execution.TestFrameworkProvider.Throw(String message)
   at FluentAssertions.Execution.DefaultAssertionStrategy.HandleFailure(String message)
   at FluentAssertions.Execution.AssertionScope.FailWith(Func`1 failReasonFunc)
   at FluentAssertions.Execution.AssertionScope.FailWith(Func`1 failReasonFunc)
   at FluentAssertions.Execution.AssertionScope.FailWith(String message, Object[] args)
   at FluentAssertions.Primitives.EnumAssertions`2.Be(TEnum expected, String because, Object[] becauseArgs)
   at Appostolic.Api.Tests.Api.InvitesRolesFlagsTests.Create_Invite_Without_Roles_Derives_From_Legacy_Role() in /Users/kevinmccreary/appostolic/apps/api.tests/Api/InvitesRolesFlagsTests.cs:line 60
--- End of stack trace from previous location ---</StackTrace>
        </ErrorInfo>
      </Output>
    </UnitTestResult>
    <UnitTestResult executionId="f01c9c73-e34c-470d-81cc-b414a4219b9a" testId="6447b752-ca58-5092-2c5d-d1f5fe58b5dc" testName="WebSearchToolTests.Empty_query_returns_empty" computerName="mac" duration="00:00:00.0003786" startTime="2025-09-19T16:26:29.8089640-05:00" endTime="2025-09-19T16:26:29.8089640-05:00" testType="13cdc9d9-ddb5-4fa4-a97d-d965ccfc6d4b" outcome="Passed" testListId="8c84fa94-04c1-424b-9868-57a2d4851a1d" relativeResultsDirectory="f01c9c73-e34c-470d-81cc-b414a4219b9a" />
    <UnitTestResult executionId="2566eb86-ca81-48f6-9bc0-8868e89c4e31" testId="94ec43a1-8d1a-e493-b213-b33a5a6877b2" testName="FsWriteToolTests.Rejects_path_traversal" computerName="mac" duration="00:00:00.0008716" startTime="2025-09-19T16:26:25.0428500-05:00" endTime="2025-09-19T16:26:25.0428510-05:00" testType="13cdc9d9-ddb5-4fa4-a97d-d965ccfc6d4b" outcome="Passed" testListId="8c84fa94-04c1-424b-9868-57a2d4851a1d" relativeResultsDirectory="2566eb86-ca81-48f6-9bc0-8868e89c4e31" />
    <UnitTestResult executionId="8be2f2c4-42c0-44f0-a471-0fa7351e1ebd" testId="d4f44d27-452c-a77e-5891-0807797b42c9" testName="Appostolic.Api.Tests.SwaggerEndpointTests.SwaggerUI_ReturnsHtml" computerName="mac" duration="00:00:00.1740462" startTime="2025-09-19T16:26:34.2876340-05:00" endTime="2025-09-19T16:26:34.2876340-05:00" testType="13cdc9d9-ddb5-4fa4-a97d-d965ccfc6d4b" outcome="Passed" testListId="8c84fa94-04c1-424b-9868-57a2d4851a1d" relativeResultsDirectory="8be2f2c4-42c0-44f0-a471-0fa7351e1ebd" />
    <UnitTestResult executionId="637a553d-504f-477d-b177-121ac86c5420" testId="026b2dbe-3807-3b71-c8bf-ce6df5f75ed6" testName="Appostolic.Api.AuthTests.LoginRolesConvergenceDisabledFlagTests.Login_DoesNotCorrect_MismatchedRolesBitmask_WhenFlagEnabled" computerName="mac" duration="00:00:00.4885310" startTime="2025-09-19T16:26:27.5630730-05:00" endTime="2025-09-19T16:26:27.5630730-05:00" testType="13cdc9d9-ddb5-4fa4-a97d-d965ccfc6d4b" outcome="Passed" testListId="8c84fa94-04c1-424b-9868-57a2d4851a1d" relativeResultsDirectory="637a553d-504f-477d-b177-121ac86c5420" />
    <UnitTestResult executionId="10da6f22-4b03-4f68-a7fb-cd1b1ceb05b6" testId="ad304976-430a-8b69-e0d9-931ece855b31" testName="Appostolic.Api.Tests.AgentTasks.AgentTasksListFilterPaginationTests.Date_Range_Filter_On_CreatedAt" computerName="mac" duration="00:00:00.1898434" startTime="2025-09-19T16:26:32.4617640-05:00" endTime="2025-09-19T16:26:32.4617640-05:00" testType="13cdc9d9-ddb5-4fa4-a97d-d965ccfc6d4b" outcome="Passed" testListId="8c84fa94-04c1-424b-9868-57a2d4851a1d" relativeResultsDirectory="10da6f22-4b03-4f68-a7fb-cd1b1ceb05b6" />
    <UnitTestResult executionId="0b96a7a7-6395-4bcb-8ef3-f2408c8c38d6" testId="4f93dd2b-351a-bca6-2b8b-95fc20f20ddd" testName="Appostolic.Api.Tests.AgentTasks.AgentTasksListFilterPaginationTests.Paging_Returns_XTotalCount_And_DescOrdering" computerName="mac" duration="00:00:00.1270930" startTime="2025-09-19T16:26:32.6230330-05:00" endTime="2025-09-19T16:26:32.6230330-05:00" testType="13cdc9d9-ddb5-4fa4-a97d-d965ccfc6d4b" outcome="Passed" testListId="8c84fa94-04c1-424b-9868-57a2d4851a1d" relativeResultsDirectory="0b96a7a7-6395-4bcb-8ef3-f2408c8c38d6" />
    <UnitTestResult executionId="165061f0-8d3d-4959-8803-75891b89f5b5" testId="c2441ddc-565a-93d7-0c28-f73ca97b9486" testName="Appostolic.Api.Tests.Orchestrator.TokenAggregationTests.AggregatesTokens_And_ComputesCost_WhenPricingEnabled" computerName="mac" duration="00:00:00.0013982" startTime="2025-09-19T16:26:39.4605050-05:00" endTime="2025-09-19T16:26:39.4605050-05:00" testType="13cdc9d9-ddb5-4fa4-a97d-d965ccfc6d4b" outcome="Passed" testListId="8c84fa94-04c1-424b-9868-57a2d4851a1d" relativeResultsDirectory="165061f0-8d3d-4959-8803-75891b89f5b5" />
    <UnitTestResult executionId="689e614f-99fb-44cb-a686-2232c92ae8e2" testId="7831f103-663f-8d24-4a8b-6bbe466d0837" testName="Appostolic.Api.Tests.Api.AuthPasswordFlowsTests.ChangePassword_WithAuth_UpdatesPassword" computerName="mac" duration="00:00:00.3893201" startTime="2025-09-19T16:26:30.6596540-05:00" endTime="2025-09-19T16:26:30.6596540-05:00" testType="13cdc9d9-ddb5-4fa4-a97d-d965ccfc6d4b" outcome="Passed" testListId="8c84fa94-04c1-424b-9868-57a2d4851a1d" relativeResultsDirectory="689e614f-99fb-44cb-a686-2232c92ae8e2" />
    <UnitTestResult executionId="604eb87e-0c0d-4eef-ba0d-4a73f97a8bb7" testId="adb4d425-e330-40e4-2ea6-b182e56ebe7d" testName="Appostolic.Api.Tests.Api.UserProfileEndpointsTests.Put_me_merges_profile_and_trims_and_validates_social_urls" computerName="mac" duration="00:00:00.1700012" startTime="2025-09-19T16:26:35.2071890-05:00" endTime="2025-09-19T16:26:35.2071890-05:00" testType="13cdc9d9-ddb5-4fa4-a97d-d965ccfc6d4b" outcome="Passed" testListId="8c84fa94-04c1-424b-9868-57a2d4851a1d" relativeResultsDirectory="604eb87e-0c0d-4eef-ba0d-4a73f97a8bb7" />
    <UnitTestResult executionId="0fd07112-be14-4fdc-8664-00af3eefacc9" testId="9c020064-9cbb-7975-d5c0-9dc48d581775" testName="Appostolic.Api.Tests.Api.AgentTasksEndpointsTests.CreateTask_Returns201AndSummary" computerName="mac" duration="00:00:00.1580582" startTime="2025-09-19T16:26:32.2506250-05:00" endTime="2025-09-19T16:26:32.2506250-05:00" testType="13cdc9d9-ddb5-4fa4-a97d-d965ccfc6d4b" outcome="Passed" testListId="8c84fa94-04c1-424b-9868-57a2d4851a1d" relativeResultsDirectory="0fd07112-be14-4fdc-8664-00af3eefacc9" />
    <UnitTestResult executionId="d8cb801e-91f3-48f2-bc94-ee3db63a6c0a" testId="fc170f06-7a65-44e3-9780-d428f13f33ad" testName="Appostolic.Api.Tests.SmokeTests.Health_ReturnsOk" computerName="mac" duration="00:00:00.1725385" startTime="2025-09-19T16:26:32.8136390-05:00" endTime="2025-09-19T16:26:32.8136390-05:00" testType="13cdc9d9-ddb5-4fa4-a97d-d965ccfc6d4b" outcome="Passed" testListId="8c84fa94-04c1-424b-9868-57a2d4851a1d" relativeResultsDirectory="d8cb801e-91f3-48f2-bc94-ee3db63a6c0a" />
    <UnitTestResult executionId="305c7107-daff-47b5-abf3-676eacc2ae23" testId="5404549b-a3b0-871f-9a8d-c5b5f387dff4" testName="Appostolic.Api.Tests.Api.UserProfileEndpointsTests.Get_me_returns_user_with_profile" computerName="mac" duration="00:00:00.0055957" startTime="2025-09-19T16:26:35.2129510-05:00" endTime="2025-09-19T16:26:35.2129510-05:00" testType="13cdc9d9-ddb5-4fa4-a97d-d965ccfc6d4b" outcome="Passed" testListId="8c84fa94-04c1-424b-9868-57a2d4851a1d" relativeResultsDirectory="305c7107-daff-47b5-abf3-676eacc2ae23" />
    <UnitTestResult executionId="18bf5e2c-14ba-45fe-8e42-36156fc732d5" testId="6a6d73d7-7d30-455c-71a4-79ea460d8c8c" testName="Appostolic.Api.Tests.Notifications.RedisTransportPrivacyTests.EnqueueFailure_LogsErrorWithoutPayloadContents" computerName="mac" duration="00:00:00.0293424" startTime="2025-09-19T16:26:31.3757000-05:00" endTime="2025-09-19T16:26:31.3757000-05:00" testType="13cdc9d9-ddb5-4fa4-a97d-d965ccfc6d4b" outcome="Passed" testListId="8c84fa94-04c1-424b-9868-57a2d4851a1d" relativeResultsDirectory="18bf5e2c-14ba-45fe-8e42-36156fc732d5" />
    <UnitTestResult executionId="3d325077-0bbe-4c92-8323-580c10013945" testId="4ee5f350-b89d-edd8-c84d-cd5d40909f15" testName="Appostolic.Api.Tests.SmtpEmailSenderTests.Sends_with_both_text_and_html" computerName="mac" duration="00:00:00.0023022" startTime="2025-09-19T16:26:37.4651150-05:00" endTime="2025-09-19T16:26:37.4651150-05:00" testType="13cdc9d9-ddb5-4fa4-a97d-d965ccfc6d4b" outcome="Passed" testListId="8c84fa94-04c1-424b-9868-57a2d4851a1d" relativeResultsDirectory="3d325077-0bbe-4c92-8323-580c10013945" />
    <UnitTestResult executionId="2fe12af8-27b2-45b2-8d2d-5ed9ac13a9e7" testId="6e2b7510-d3ae-c174-2b57-710f63c82ad0" testName="TemplateRendererTests.Verification_template_renders_link_and_subject" computerName="mac" duration="00:00:00.0008162" startTime="2025-09-19T16:26:36.8071120-05:00" endTime="2025-09-19T16:26:36.8071120-05:00" testType="13cdc9d9-ddb5-4fa4-a97d-d965ccfc6d4b" outcome="Passed" testListId="8c84fa94-04c1-424b-9868-57a2d4851a1d" relativeResultsDirectory="2fe12af8-27b2-45b2-8d2d-5ed9ac13a9e7" />
    <UnitTestResult executionId="ff206a58-fa67-400b-af2e-c1c1b46f6824" testId="214b8407-591b-5f7a-aa16-7961a8df13e5" testName="Appostolic.Api.Tests.Api.MembersListTests.Unauthenticated_request_returns_401_or_403" computerName="mac" duration="00:00:00.0037063" startTime="2025-09-19T16:26:26.3644570-05:00" endTime="2025-09-19T16:26:26.3644570-05:00" testType="13cdc9d9-ddb5-4fa4-a97d-d965ccfc6d4b" outcome="Passed" testListId="8c84fa94-04c1-424b-9868-57a2d4851a1d" relativeResultsDirectory="ff206a58-fa67-400b-af2e-c1c1b46f6824" />
    <UnitTestResult executionId="a442da3a-6471-468b-9c16-8d10d2a91cb7" testId="1cde006b-fa5b-9bb3-7b8a-0a89c0448d58" testName="Appostolic.Api.Tests.Api.DevGrantRolesEndpointTests.Updates_existing_membership_roles_writes_audit" computerName="mac" duration="00:00:00.0107146" startTime="2025-09-19T16:26:35.9668910-05:00" endTime="2025-09-19T16:26:35.9668910-05:00" testType="13cdc9d9-ddb5-4fa4-a97d-d965ccfc6d4b" outcome="Passed" testListId="8c84fa94-04c1-424b-9868-57a2d4851a1d" relativeResultsDirectory="a442da3a-6471-468b-9c16-8d10d2a91cb7" />
    <UnitTestResult executionId="14e7030b-6cd1-48f6-8755-0c180a9f53da" testId="1aa96e1c-162f-87b8-360d-29c19b3b2c73" testName="DbQueryToolTests.Unknown_table_fails" computerName="mac" duration="00:00:00.0085506" startTime="2025-09-19T16:26:38.1814470-05:00" endTime="2025-09-19T16:26:38.1814480-05:00" testType="13cdc9d9-ddb5-4fa4-a97d-d965ccfc6d4b" outcome="Passed" testListId="8c84fa94-04c1-424b-9868-57a2d4851a1d" relativeResultsDirectory="14e7030b-6cd1-48f6-8755-0c180a9f53da" />
    <UnitTestResult executionId="566457f2-b11e-4f9e-954a-0c41d004251f" testId="f0e4d307-078d-a4e0-f168-b961578cd197" testName="Appostolic.Api.Tests.Security.RoleAuthorizationTests.CreatorPolicy_Denies_WhenNoMembership" computerName="mac" duration="00:00:00.0011896" startTime="2025-09-19T16:26:39.4562440-05:00" endTime="2025-09-19T16:26:39.4562440-05:00" testType="13cdc9d9-ddb5-4fa4-a97d-d965ccfc6d4b" outcome="Passed" testListId="8c84fa94-04c1-424b-9868-57a2d4851a1d" relativeResultsDirectory="566457f2-b11e-4f9e-954a-0c41d004251f" />
    <UnitTestResult executionId="946d4efd-4b01-42ef-9a7e-c18bf7b482e3" testId="71d5d180-2d36-ecb9-e4eb-71ca09e46ec4" testName="Appostolic.Api.Tests.AgentConstraintTests.Agent_Temperature_out_of_range_throws_in_domain_constructor" computerName="mac" duration="00:00:00.0027903" startTime="2025-09-19T16:26:36.6249800-05:00" endTime="2025-09-19T16:26:36.6249800-05:00" testType="13cdc9d9-ddb5-4fa4-a97d-d965ccfc6d4b" outcome="Passed" testListId="8c84fa94-04c1-424b-9868-57a2d4851a1d" relativeResultsDirectory="946d4efd-4b01-42ef-9a7e-c18bf7b482e3" />
    <UnitTestResult executionId="bb44f8cc-fc6d-4797-86c9-95d5a4545b70" testId="d3e47fb0-198c-5eff-c3a7-e584b9e9130b" testName="Appostolic.Api.Tests.Api.AuditsListingEndpointTests.Returns_400_on_invalid_guid_filters" computerName="mac" duration="00:00:00.0234683" startTime="2025-09-19T16:26:30.0878170-05:00" endTime="2025-09-19T16:26:30.0878170-05:00" testType="13cdc9d9-ddb5-4fa4-a97d-d965ccfc6d4b" outcome="Passed" testListId="8c84fa94-04c1-424b-9868-57a2d4851a1d" relativeResultsDirectory="bb44f8cc-fc6d-4797-86c9-95d5a4545b70" />
    <UnitTestResult executionId="4aeebb12-e250-4c10-8444-f420cef9461d" testId="0d699ea2-79e9-9f01-d2d5-fca82a358bb0" testName="Appostolic.Api.Tests.Api.NotificationsAdminEndpointsTests.List_and_retry_notifications_work" computerName="mac" duration="00:00:00.1983914" startTime="2025-09-19T16:26:28.8144370-05:00" endTime="2025-09-19T16:26:28.8144370-05:00" testType="13cdc9d9-ddb5-4fa4-a97d-d965ccfc6d4b" outcome="Passed" testListId="8c84fa94-04c1-424b-9868-57a2d4851a1d" relativeResultsDirectory="4aeebb12-e250-4c10-8444-f420cef9461d" />
    <UnitTestResult executionId="f4618c74-da99-4778-8639-46ba2fd9b2b1" testId="90c7a127-2be9-b6e7-ec52-19cb51de49c0" testName="Appostolic.Api.Tests.Notifications.AutoResendScannerTests.Creates_resend_for_old_sent_without_children" computerName="mac" duration="00:00:00.0269814" startTime="2025-09-19T16:26:25.0703470-05:00" endTime="2025-09-19T16:26:25.0703470-05:00" testType="13cdc9d9-ddb5-4fa4-a97d-d965ccfc6d4b" outcome="Passed" testListId="8c84fa94-04c1-424b-9868-57a2d4851a1d" relativeResultsDirectory="f4618c74-da99-4778-8639-46ba2fd9b2b1" />
    <UnitTestResult executionId="dd0bb0f4-c2bd-4622-b041-aafd7c168303" testId="897896ab-cee9-9ca5-ec01-253d0f0d6b3c" testName="Appostolic.Api.Tests.Api.DevGrantRolesEndpointTests.Grants_roles_to_new_user_and_membership" computerName="mac" duration="00:00:00.1745568" startTime="2025-09-19T16:26:35.9479690-05:00" endTime="2025-09-19T16:26:35.9479690-05:00" testType="13cdc9d9-ddb5-4fa4-a97d-d965ccfc6d4b" outcome="Passed" testListId="8c84fa94-04c1-424b-9868-57a2d4851a1d" relativeResultsDirectory="dd0bb0f4-c2bd-4622-b041-aafd7c168303" />
    <UnitTestResult executionId="2cc576da-ffdc-46f1-9bfe-1ef0061cab5b" testId="ad4c69db-d5c6-f4c3-9052-619bff8dd14e" testName="Appostolic.Api.Tests.Privacy.PIIRedactorTests.RedactPhone_Works(input: &quot;1234&quot;, expected: &quot;***1234&quot;)" computerName="mac" duration="00:00:00.0001176" startTime="2025-09-19T16:26:22.8808260-05:00" endTime="2025-09-19T16:26:22.8808260-05:00" testType="13cdc9d9-ddb5-4fa4-a97d-d965ccfc6d4b" outcome="Passed" testListId="8c84fa94-04c1-424b-9868-57a2d4851a1d" relativeResultsDirectory="2cc576da-ffdc-46f1-9bfe-1ef0061cab5b" />
    <UnitTestResult executionId="6a6c2f5d-ebd9-43a7-938a-341122a1fdec" testId="bde04400-fb2a-d1b4-e9d5-727f1b9bbed1" testName="Appostolic.Api.Tests.EmailDispatcherTests.Dispatcher_redacts_email_in_log_scope" computerName="mac" duration="00:00:00.0014254" startTime="2025-09-19T16:26:39.7876930-05:00" endTime="2025-09-19T16:26:39.7876930-05:00" testType="13cdc9d9-ddb5-4fa4-a97d-d965ccfc6d4b" outcome="Passed" testListId="8c84fa94-04c1-424b-9868-57a2d4851a1d" relativeResultsDirectory="6a6c2f5d-ebd9-43a7-938a-341122a1fdec" />
    <UnitTestResult executionId="7230cd7f-d696-47ad-8bb5-09c708c6284a" testId="8854a7b9-94ef-f7db-fb3b-47e96aa6663a" testName="Appostolic.Api.Tests.Security.RoleAuthorizationTests.RoleChange_Updates_RolesBitmask_FromLegacyRole" computerName="mac" duration="00:00:00.1647917" startTime="2025-09-19T16:26:39.4550230-05:00" endTime="2025-09-19T16:26:39.4550230-05:00" testType="13cdc9d9-ddb5-4fa4-a97d-d965ccfc6d4b" outcome="Passed" testListId="8c84fa94-04c1-424b-9868-57a2d4851a1d" relativeResultsDirectory="7230cd7f-d696-47ad-8bb5-09c708c6284a" />
    <UnitTestResult executionId="64f56408-44f0-45e3-a0a2-73e0833f2541" testId="1cfc69b2-92d0-7e18-c868-129765966147" testName="Appostolic.Api.Tests.Auth.SignupTests.Signup_SelfServe_CreatesUserAndPersonalTenant" computerName="mac" duration="00:00:00.2581573" startTime="2025-09-19T16:26:39.1682790-05:00" endTime="2025-09-19T16:26:39.1682790-05:00" testType="13cdc9d9-ddb5-4fa4-a97d-d965ccfc6d4b" outcome="Passed" testListId="8c84fa94-04c1-424b-9868-57a2d4851a1d" relativeResultsDirectory="64f56408-44f0-45e3-a0a2-73e0833f2541" />
    <UnitTestResult executionId="48a7e5b3-87c5-4677-a8d8-2af38f62d121" testId="e0490bb8-aa59-1f9f-bf54-68d5345c1ea9" testName="Appostolic.Api.Tests.Api._GenerateValid1x1PngBase64Tests.Print_Base64_For_Valid_1x1_Png" computerName="mac" duration="00:00:00.0006617" startTime="2025-09-19T16:26:38.1727940-05:00" endTime="2025-09-19T16:26:38.1727940-05:00" testType="13cdc9d9-ddb5-4fa4-a97d-d965ccfc6d4b" outcome="Passed" testListId="8c84fa94-04c1-424b-9868-57a2d4851a1d" relativeResultsDirectory="48a7e5b3-87c5-4677-a8d8-2af38f62d121" />
    <UnitTestResult executionId="555a26d2-69e3-4f7f-8333-5711c6844193" testId="f6f9c7c7-2034-4809-9600-0c0282164e3f" testName="Appostolic.Api.Tests.Api.UserPasswordEndpointsTests.Change_password_rejects_invalid_current" computerName="mac" duration="00:00:00.4369940" startTime="2025-09-19T16:26:33.2512400-05:00" endTime="2025-09-19T16:26:33.2512400-05:00" testType="13cdc9d9-ddb5-4fa4-a97d-d965ccfc6d4b" outcome="Passed" testListId="8c84fa94-04c1-424b-9868-57a2d4851a1d" relativeResultsDirectory="555a26d2-69e3-4f7f-8333-5711c6844193" />
    <UnitTestResult executionId="d48d4a53-a1d3-4f8b-902a-ff1488f671d4" testId="6ac2577f-abec-ce9e-a92b-34035bd744e0" testName="FsWriteToolTests.Rejects_when_content_exceeds_max" computerName="mac" duration="00:00:00.0003734" startTime="2025-09-19T16:26:25.0432420-05:00" endTime="2025-09-19T16:26:25.0432420-05:00" testType="13cdc9d9-ddb5-4fa4-a97d-d965ccfc6d4b" outcome="Passed" testListId="8c84fa94-04c1-424b-9868-57a2d4851a1d" relativeResultsDirectory="d48d4a53-a1d3-4f8b-902a-ff1488f671d4" />
    <UnitTestResult executionId="d142e430-4ec2-42f2-b683-6618092f30f1" testId="90d1f61e-9ba1-ff1a-f0a6-e17acbda2dee" testName="Appostolic.Api.Tests.Security.RoleAuthorizationTests.CreatorPolicy_Allows_WhenMembershipHasCreator" computerName="mac" duration="00:00:00.0007004" startTime="2025-09-19T16:26:39.4569640-05:00" endTime="2025-09-19T16:26:39.4569640-05:00" testType="13cdc9d9-ddb5-4fa4-a97d-d965ccfc6d4b" outcome="Passed" testListId="8c84fa94-04c1-424b-9868-57a2d4851a1d" relativeResultsDirectory="d142e430-4ec2-42f2-b683-6618092f30f1" />
    <UnitTestResult executionId="df6d6377-b677-43f2-a24f-1f306d0883b3" testId="c0347afe-0c6b-b0a7-12e1-3aa76a4722fc" testName="Appostolic.Api.Tests.Api.AgentTasksEndpointsTests.GetDetails_WithTracesInitiallyEmpty" computerName="mac" duration="00:00:00.0065018" startTime="2025-09-19T16:26:32.2572640-05:00" endTime="2025-09-19T16:26:32.2572640-05:00" testType="13cdc9d9-ddb5-4fa4-a97d-d965ccfc6d4b" outcome="Passed" testListId="8c84fa94-04c1-424b-9868-57a2d4851a1d" relativeResultsDirectory="df6d6377-b677-43f2-a24f-1f306d0883b3" />
    <UnitTestResult executionId="bd951c19-24eb-4afb-9820-a41d0515f4fb" testId="7c805908-7267-f4aa-63a0-03f3e0715abc" testName="Appostolic.Api.Tests.Api.AssignmentsApiTests.Cannot_remove_last_admin_via_flags_returns_409" computerName="mac" duration="00:00:00.1475966" startTime="2025-09-19T16:26:39.9368030-05:00" endTime="2025-09-19T16:26:39.9368030-05:00" testType="13cdc9d9-ddb5-4fa4-a97d-d965ccfc6d4b" outcome="Passed" testListId="8c84fa94-04c1-424b-9868-57a2d4851a1d" relativeResultsDirectory="bd951c19-24eb-4afb-9820-a41d0515f4fb" />
    <UnitTestResult executionId="373c9fa0-06a9-45f5-b8e8-332f1e9b3efd" testId="eeaccddf-52e1-1db7-6606-fc19c2721862" testName="Appostolic.Api.Tests.Api.AuthPasswordFlowsTests.ResetPassword_WithValidToken_UpdatesHashAndConsumesToken" computerName="mac" duration="00:00:00.1387421" startTime="2025-09-19T16:26:30.8094360-05:00" endTime="2025-09-19T16:26:30.8094360-05:00" testType="13cdc9d9-ddb5-4fa4-a97d-d965ccfc6d4b" outcome="Passed" testListId="8c84fa94-04c1-424b-9868-57a2d4851a1d" relativeResultsDirectory="373c9fa0-06a9-45f5-b8e8-332f1e9b3efd" />
    <UnitTestResult executionId="4e6202c6-442b-47ea-b407-acfe575c24aa" testId="471ada29-d1b9-b714-f87d-61c9b416c255" testName="Appostolic.Api.Tests.Privacy.PIIRedactorTests.RedactPhone_Works(input: &quot;+1 (555) 123-4567&quot;, expected: &quot;***4567&quot;)" computerName="mac" duration="00:00:00.0000035" startTime="2025-09-19T16:26:22.8808420-05:00" endTime="2025-09-19T16:26:22.8808420-05:00" testType="13cdc9d9-ddb5-4fa4-a97d-d965ccfc6d4b" outcome="Passed" testListId="8c84fa94-04c1-424b-9868-57a2d4851a1d" relativeResultsDirectory="4e6202c6-442b-47ea-b407-acfe575c24aa" />
    <UnitTestResult executionId="3e56ab80-3fd4-4dea-a65a-19d5e5f4585e" testId="80cb1a83-dede-f3ba-117a-352364082463" testName="Appostolic.Api.Tests.Api.MembersManagementTests.Owner_can_promote_editor_to_admin" computerName="mac" duration="00:00:00.0110923" startTime="2025-09-19T16:26:37.1272990-05:00" endTime="2025-09-19T16:26:37.1272990-05:00" testType="13cdc9d9-ddb5-4fa4-a97d-d965ccfc6d4b" outcome="Passed" testListId="8c84fa94-04c1-424b-9868-57a2d4851a1d" relativeResultsDirectory="3e56ab80-3fd4-4dea-a65a-19d5e5f4585e" />
    <UnitTestResult executionId="8a099c9f-8371-4d03-a9cd-5fd873220546" testId="eba2e046-3c6c-f48b-f85f-b23828d8319b" testName="Appostolic.Api.Tests.AgentOrchestratorTests.ToolNotAllowed_FailsAndTracesFailure" computerName="mac" duration="00:00:00.0288947" startTime="2025-09-19T16:26:27.0508340-05:00" endTime="2025-09-19T16:26:27.0508340-05:00" testType="13cdc9d9-ddb5-4fa4-a97d-d965ccfc6d4b" outcome="Passed" testListId="8c84fa94-04c1-424b-9868-57a2d4851a1d" relativeResultsDirectory="8a099c9f-8371-4d03-a9cd-5fd873220546" />
    <UnitTestResult executionId="69c754f2-51a3-46c9-8795-12a0e1929978" testId="22ad276e-c73f-4ebf-8729-b5903439e2d9" testName="WebSearchToolTests.Query_intro_returns_expected" computerName="mac" duration="00:00:00.0017294" startTime="2025-09-19T16:26:29.8107160-05:00" endTime="2025-09-19T16:26:29.8107160-05:00" testType="13cdc9d9-ddb5-4fa4-a97d-d965ccfc6d4b" outcome="Passed" testListId="8c84fa94-04c1-424b-9868-57a2d4851a1d" relativeResultsDirectory="69c754f2-51a3-46c9-8795-12a0e1929978" />
    <UnitTestResult executionId="33bcdcdf-c0d8-4864-918d-f9ef31814750" testId="545ffb6d-3098-01fc-1bfd-d18b0f6ea861" testName="Appostolic.Api.AuthTests.LoginRolesSerializationTests.Login_IncludesRolesBitmaskOnMembership" computerName="mac" duration="00:00:00.3988589" startTime="2025-09-19T16:26:28.1552450-05:00" endTime="2025-09-19T16:26:28.1552450-05:00" testType="13cdc9d9-ddb5-4fa4-a97d-d965ccfc6d4b" outcome="Passed" testListId="8c84fa94-04c1-424b-9868-57a2d4851a1d" relativeResultsDirectory="33bcdcdf-c0d8-4864-918d-f9ef31814750" />
    <UnitTestResult executionId="0d644e31-2e08-4da8-b179-f6ce7f225667" testId="6af85923-8d05-0c62-0cc5-a5120df2d8e5" testName="Appostolic.Api.Tests.Api.AgentTasksEndpointsTests.List_Pending_ReturnsCreatedFirst" computerName="mac" duration="00:00:00.0139823" startTime="2025-09-19T16:26:32.2713760-05:00" endTime="2025-09-19T16:26:32.2713760-05:00" testType="13cdc9d9-ddb5-4fa4-a97d-d965ccfc6d4b" outcome="Passed" testListId="8c84fa94-04c1-424b-9868-57a2d4851a1d" relativeResultsDirectory="0d644e31-2e08-4da8-b179-f6ce7f225667" />
    <UnitTestResult executionId="9ea46d78-1a91-46dd-9ec7-ffddb2492ead" testId="c3e1478d-2cae-8f80-3a89-04eb9dac0acb" testName="Appostolic.Api.Tests.Api.NotificationsWebhookTests.SendGridWebhook_forbidden_when_token_mismatch" computerName="mac" duration="00:00:00.1600677" startTime="2025-09-19T16:26:26.5250680-05:00" endTime="2025-09-19T16:26:26.5250680-05:00" testType="13cdc9d9-ddb5-4fa4-a97d-d965ccfc6d4b" outcome="Passed" testListId="8c84fa94-04c1-424b-9868-57a2d4851a1d" relativeResultsDirectory="9ea46d78-1a91-46dd-9ec7-ffddb2492ead" />
    <UnitTestResult executionId="611ebde3-eb58-457a-9999-0fe67a2b8815" testId="94524c04-7158-8472-e876-43b26f76e4f4" testName="Appostolic.Api.Tests.AgentTasks.AgentTasksListFilterPaginationTests.FreeText_Q_Search_On_Input_And_User" computerName="mac" duration="00:00:00.0159597" startTime="2025-09-19T16:26:32.6391860-05:00" endTime="2025-09-19T16:26:32.6391860-05:00" testType="13cdc9d9-ddb5-4fa4-a97d-d965ccfc6d4b" outcome="Passed" testListId="8c84fa94-04c1-424b-9868-57a2d4851a1d" relativeResultsDirectory="611ebde3-eb58-457a-9999-0fe67a2b8815" />
    <UnitTestResult executionId="e64f96db-ade2-4666-834d-5f467469d922" testId="efe354b5-5489-bbb2-88ee-c8f998cb6176" testName="Appostolic.Api.Tests.AgentTasks.AgentTasksListFilterPaginationTests.Agent_Filter_Returns_Only_Matching" computerName="mac" duration="00:00:00.0275528" startTime="2025-09-19T16:26:32.4957470-05:00" endTime="2025-09-19T16:26:32.4957470-05:00" testType="13cdc9d9-ddb5-4fa4-a97d-d965ccfc6d4b" outcome="Passed" testListId="8c84fa94-04c1-424b-9868-57a2d4851a1d" relativeResultsDirectory="e64f96db-ade2-4666-834d-5f467469d922" />
    <UnitTestResult executionId="3e1c8928-c969-4000-a872-b026a592e488" testId="80249d75-0754-365e-161d-4f69eb53fd73" testName="Appostolic.Api.Tests.Privacy.LoggingPIIScopeTests.EmailScope_OnlyRedacted_WhenHashingDisabled" computerName="mac" duration="00:00:00.0001290" startTime="2025-09-19T16:26:29.8365040-05:00" endTime="2025-09-19T16:26:29.8365040-05:00" testType="13cdc9d9-ddb5-4fa4-a97d-d965ccfc6d4b" outcome="Passed" testListId="8c84fa94-04c1-424b-9868-57a2d4851a1d" relativeResultsDirectory="3e1c8928-c969-4000-a872-b026a592e488" />
    <UnitTestResult executionId="3e9186de-8c93-4f8f-a4d5-316d83cfe21a" testId="eb812c29-73b3-e923-42de-8821a188e94a" testName="Appostolic.Api.Tests.Notifications.NotificationsPiiScrubTests.Scrubs_before_delete_windows_and_deletes_at_cutoff" computerName="mac" duration="00:00:00.0343507" startTime="2025-09-19T16:26:25.1091570-05:00" endTime="2025-09-19T16:26:25.1091570-05:00" testType="13cdc9d9-ddb5-4fa4-a97d-d965ccfc6d4b" outcome="Passed" testListId="8c84fa94-04c1-424b-9868-57a2d4851a1d" relativeResultsDirectory="3e9186de-8c93-4f8f-a4d5-316d83cfe21a" />
    <UnitTestResult executionId="7ba9c23c-9322-400e-b058-39540410f9af" testId="5385030b-1302-b289-00d9-288b4f75839d" testName="Appostolic.Api.Tests.Privacy.PIIRedactorTests.RedactEmail_Works(input: &quot;user@example.com&quot;, expected: &quot;u***@example.com&quot;)" computerName="mac" duration="00:00:00.0031619" startTime="2025-09-19T16:26:22.8791010-05:00" endTime="2025-09-19T16:26:22.8791110-05:00" testType="13cdc9d9-ddb5-4fa4-a97d-d965ccfc6d4b" outcome="Passed" testListId="8c84fa94-04c1-424b-9868-57a2d4851a1d" relativeResultsDirectory="7ba9c23c-9322-400e-b058-39540410f9af" />
    <UnitTestResult executionId="7f7ba670-ee9a-4d5f-8cbd-1bc17979a15d" testId="e0724a8e-d699-09ac-c090-59791deb23d9" testName="Appostolic.Api.Tests.Api.NotificationsAdminEndpointsTests.Resend_dev_endpoint_creates_and_throttles" computerName="mac" duration="00:00:00.2739683" startTime="2025-09-19T16:26:28.6158430-05:00" endTime="2025-09-19T16:26:28.6158430-05:00" testType="13cdc9d9-ddb5-4fa4-a97d-d965ccfc6d4b" outcome="Passed" testListId="8c84fa94-04c1-424b-9868-57a2d4851a1d" relativeResultsDirectory="7f7ba670-ee9a-4d5f-8cbd-1bc17979a15d" />
    <UnitTestResult executionId="fdb10a93-6651-4840-a812-82c5a755074c" testId="dfdd94d6-4157-31a9-a81a-18fee28467d5" testName="Appostolic.Api.Tests.AgentOrchestratorTests.HappyPath_ModelPlansToolThenFinal_SucceedsWithTwoTraces" computerName="mac" duration="00:00:00.0047437" startTime="2025-09-19T16:26:27.0574760-05:00" endTime="2025-09-19T16:26:27.0574760-05:00" testType="13cdc9d9-ddb5-4fa4-a97d-d965ccfc6d4b" outcome="Passed" testListId="8c84fa94-04c1-424b-9868-57a2d4851a1d" relativeResultsDirectory="fdb10a93-6651-4840-a812-82c5a755074c" />
    <UnitTestResult executionId="b00d26ca-d5f6-4336-9a11-5b876449f41a" testId="40e767b4-314a-d8ef-34b1-5c49d7ef55c4" testName="Appostolic.Api.Tests.Model.TokenEstimatorTests.EstimateTokens_Heuristic_CeilPer4Chars(text: &quot;&quot;, expected: 0)" computerName="mac" duration="00:00:00.0001576" startTime="2025-09-19T16:26:40.4395720-05:00" endTime="2025-09-19T16:26:40.4395720-05:00" testType="13cdc9d9-ddb5-4fa4-a97d-d965ccfc6d4b" outcome="Passed" testListId="8c84fa94-04c1-424b-9868-57a2d4851a1d" relativeResultsDirectory="b00d26ca-d5f6-4336-9a11-5b876449f41a" />
    <UnitTestResult executionId="a5c51eb6-d423-487b-b02e-c02141eeac50" testId="b9af0f84-0079-b683-0d77-346a6542b5b4" testName="Appostolic.Api.Tests.NotificationEnqueuerTests.QueueInvite_enqueues_correct_message" computerName="mac" duration="00:00:00.0029822" startTime="2025-09-19T16:26:29.8477740-05:00" endTime="2025-09-19T16:26:29.8477740-05:00" testType="13cdc9d9-ddb5-4fa4-a97d-d965ccfc6d4b" outcome="Passed" testListId="8c84fa94-04c1-424b-9868-57a2d4851a1d" relativeResultsDirectory="a5c51eb6-d423-487b-b02e-c02141eeac50" />
    <UnitTestResult executionId="5cb29021-e589-415a-b207-a026fe01e135" testId="ed8d7d20-a6f1-0500-d78a-14c17a721b87" testName="Appostolic.Api.Tests.AgentOrchestratorTests.MaxStepsExceeded_FailsAfterCap" computerName="mac" duration="00:00:00.0018239" startTime="2025-09-19T16:26:27.0526890-05:00" endTime="2025-09-19T16:26:27.0526890-05:00" testType="13cdc9d9-ddb5-4fa4-a97d-d965ccfc6d4b" outcome="Passed" testListId="8c84fa94-04c1-424b-9868-57a2d4851a1d" relativeResultsDirectory="5cb29021-e589-415a-b207-a026fe01e135" />
    <UnitTestResult executionId="470c60d7-ca95-45d2-8e2e-5329d7a035e8" testId="f53587d7-cc90-0182-8a77-44034bb01e5e" testName="Appostolic.Api.Tests.ModelMappingTests.Agent_indexes_are_configured_in_model" computerName="mac" duration="00:00:00.0002718" startTime="2025-09-19T16:26:38.9098450-05:00" endTime="2025-09-19T16:26:38.9098450-05:00" testType="13cdc9d9-ddb5-4fa4-a97d-d965ccfc6d4b" outcome="Passed" testListId="8c84fa94-04c1-424b-9868-57a2d4851a1d" relativeResultsDirectory="470c60d7-ca95-45d2-8e2e-5329d7a035e8" />
    <UnitTestResult executionId="c8474a05-7741-419b-b33e-80ffdd24de15" testId="6b0df781-2303-2b77-2cc6-dbbd4c3e9e73" testName="Appostolic.Api.Tests.Api.AuditTrailTests.Set_roles_writes_audit_row_with_old_and_new_roles" computerName="mac" duration="00:00:00.1778388" startTime="2025-09-19T16:26:36.8057850-05:00" endTime="2025-09-19T16:26:36.8057850-05:00" testType="13cdc9d9-ddb5-4fa4-a97d-d965ccfc6d4b" outcome="Passed" testListId="8c84fa94-04c1-424b-9868-57a2d4851a1d" relativeResultsDirectory="c8474a05-7741-419b-b33e-80ffdd24de15" />
    <UnitTestResult executionId="e007ba06-1b89-4957-a480-56a947dafac7" testId="c608eb38-09c4-17b8-a16b-ae9b91798432" testName="Appostolic.Api.Tests.Api.NotificationsWebhookTests.SendGridWebhook_updates_provider_status_when_token_matches" computerName="mac" duration="00:00:00.0198656" startTime="2025-09-19T16:26:26.5451000-05:00" endTime="2025-09-19T16:26:26.5451000-05:00" testType="13cdc9d9-ddb5-4fa4-a97d-d965ccfc6d4b" outcome="Passed" testListId="8c84fa94-04c1-424b-9868-57a2d4851a1d" relativeResultsDirectory="e007ba06-1b89-4957-a480-56a947dafac7" />
    <UnitTestResult executionId="89619bb9-4cb7-4753-9eea-a0d6ff1621ea" testId="a00d92b0-35aa-1e7c-b5ff-79738a042c12" testName="Appostolic.Api.Tests.SendGridEmailSenderTests.Throws_on_400" computerName="mac" duration="00:00:00.0034754" startTime="2025-09-19T16:26:38.0650370-05:00" endTime="2025-09-19T16:26:38.0650370-05:00" testType="13cdc9d9-ddb5-4fa4-a97d-d965ccfc6d4b" outcome="Passed" testListId="8c84fa94-04c1-424b-9868-57a2d4851a1d" relativeResultsDirectory="89619bb9-4cb7-4753-9eea-a0d6ff1621ea" />
    <UnitTestResult executionId="3939d021-203f-475a-b482-02ad392726bf" testId="544ee02e-a795-79f3-8c38-56202dce3170" testName="Appostolic.Api.Tests.Api.MembersManagementTests.Remove_non_owner_member" computerName="mac" duration="00:00:00.0047237" startTime="2025-09-19T16:26:37.1327550-05:00" endTime="2025-09-19T16:26:37.1327550-05:00" testType="13cdc9d9-ddb5-4fa4-a97d-d965ccfc6d4b" outcome="Passed" testListId="8c84fa94-04c1-424b-9868-57a2d4851a1d" relativeResultsDirectory="3939d021-203f-475a-b482-02ad392726bf" />
    <UnitTestResult executionId="9087d845-c08a-43f9-8073-471ba7156505" testId="e507a4d5-4aa9-7d32-05a9-ecfa3f03323d" testName="Appostolic.Api.Tests.Security.AgentTasksAuthContractTests.ListEndpoint_RequiresDevHeaders" computerName="mac" duration="00:00:00.3927186" startTime="2025-09-19T16:26:38.7279980-05:00" endTime="2025-09-19T16:26:38.7279980-05:00" testType="13cdc9d9-ddb5-4fa4-a97d-d965ccfc6d4b" outcome="Passed" testListId="8c84fa94-04c1-424b-9868-57a2d4851a1d" relativeResultsDirectory="9087d845-c08a-43f9-8073-471ba7156505" />
    <UnitTestResult executionId="63f67d25-dbea-40f7-a818-58e60f3702bc" testId="9e2bc8ee-63e7-247f-c2c7-e16759561a39" testName="Appostolic.Api.Tests.Api.TenantSettingsEndpointsTests.Upload_Logo_Rejects_Unsupported_Media_Type" computerName="mac" duration="00:00:00.0013167" startTime="2025-09-19T16:26:37.7165430-05:00" endTime="2025-09-19T16:26:37.7165430-05:00" testType="13cdc9d9-ddb5-4fa4-a97d-d965ccfc6d4b" outcome="Passed" testListId="8c84fa94-04c1-424b-9868-57a2d4851a1d" relativeResultsDirectory="63f67d25-dbea-40f7-a818-58e60f3702bc" />
    <UnitTestResult executionId="83d5247a-2ea7-417c-bd68-142caba8edfb" testId="02f4c01b-4d57-cea6-940b-91f660d6b3a5" testName="Appostolic.Api.Tests.SendGridEmailSenderTests.Sends_on_202_Accepted" computerName="mac" duration="00:00:00.0002859" startTime="2025-09-19T16:26:38.0653470-05:00" endTime="2025-09-19T16:26:38.0653470-05:00" testType="13cdc9d9-ddb5-4fa4-a97d-d965ccfc6d4b" outcome="Passed" testListId="8c84fa94-04c1-424b-9868-57a2d4851a1d" relativeResultsDirectory="83d5247a-2ea7-417c-bd68-142caba8edfb" />
    <UnitTestResult executionId="044a86e1-937c-43c6-a445-baa6d1c98a7c" testId="e7a0570b-32c5-3b4e-7767-9ca541c22b6e" testName="Appostolic.Api.Tests.Privacy.LoggingPIIScopeTests.PhoneScope_OnlyRedacted_WhenDisabled" computerName="mac" duration="00:00:00.0014659" startTime="2025-09-19T16:26:29.8358100-05:00" endTime="2025-09-19T16:26:29.8358100-05:00" testType="13cdc9d9-ddb5-4fa4-a97d-d965ccfc6d4b" outcome="Passed" testListId="8c84fa94-04c1-424b-9868-57a2d4851a1d" relativeResultsDirectory="044a86e1-937c-43c6-a445-baa6d1c98a7c" />
    <UnitTestResult executionId="2efe3861-1fcb-498a-b2d7-86f39682e4d5" testId="0210a45e-88de-5f73-c8f5-588d89c200fa" testName="Appostolic.Api.Tests.Api.UserPasswordEndpointsTests.Change_password_rejects_weak_password" computerName="mac" duration="00:00:00.1200045" startTime="2025-09-19T16:26:33.3713820-05:00" endTime="2025-09-19T16:26:33.3713820-05:00" testType="13cdc9d9-ddb5-4fa4-a97d-d965ccfc6d4b" outcome="Passed" testListId="8c84fa94-04c1-424b-9868-57a2d4851a1d" relativeResultsDirectory="2efe3861-1fcb-498a-b2d7-86f39682e4d5" />
    <UnitTestResult executionId="5011e390-8392-4a66-8919-b914f9e5e1b3" testId="2e294ae5-fc9b-2692-1d65-f4ebb89ab5ef" testName="Appostolic.Api.Tests.Api.NotificationsAdminEndpointsTests.Dlq_replay_requeues_and_publishes_ids" computerName="mac" duration="00:00:00.1857061" startTime="2025-09-19T16:26:28.3416670-05:00" endTime="2025-09-19T16:26:28.3416670-05:00" testType="13cdc9d9-ddb5-4fa4-a97d-d965ccfc6d4b" outcome="Passed" testListId="8c84fa94-04c1-424b-9868-57a2d4851a1d" relativeResultsDirectory="5011e390-8392-4a66-8919-b914f9e5e1b3" />
    <UnitTestResult executionId="ea4af4ca-9fef-4936-a788-f4be1720a40d" testId="39114ef2-4a94-0d20-df91-881c10164c3c" testName="Appostolic.Api.Tests.Model.TokenEstimatorTests.EstimateTokens_Heuristic_CeilPer4Chars(text: &quot;abcd&quot;, expected: 1)" computerName="mac" duration="00:00:00.0000010" startTime="2025-09-19T16:26:40.4396980-05:00" endTime="2025-09-19T16:26:40.4396980-05:00" testType="13cdc9d9-ddb5-4fa4-a97d-d965ccfc6d4b" outcome="Passed" testListId="8c84fa94-04c1-424b-9868-57a2d4851a1d" relativeResultsDirectory="ea4af4ca-9fef-4936-a788-f4be1720a40d" />
    <UnitTestResult executionId="35dcd267-2918-4400-887d-5eb20be55b92" testId="0f0c7731-d28a-bcbe-054f-641f024437ac" testName="Appostolic.Api.Tests.ModelMappingTests.AgentTask_Status_is_converted_as_string" computerName="mac" duration="00:00:00.0020020" startTime="2025-09-19T16:26:38.8673670-05:00" endTime="2025-09-19T16:26:38.8673680-05:00" testType="13cdc9d9-ddb5-4fa4-a97d-d965ccfc6d4b" outcome="Passed" testListId="8c84fa94-04c1-424b-9868-57a2d4851a1d" relativeResultsDirectory="35dcd267-2918-4400-887d-5eb20be55b92" />
    <UnitTestResult executionId="ab96f8a5-4840-488e-b3b4-a4e7c09dbd5e" testId="f3139bd5-165e-b0d0-2da0-a0210810049e" testName="Appostolic.Api.Tests.Api.AuthPasswordFlowsTests.ResetPassword_WithInvalidToken_ReturnsBadRequest" computerName="mac" duration="00:00:00.1816348" startTime="2025-09-19T16:26:30.2701280-05:00" endTime="2025-09-19T16:26:30.2701280-05:00" testType="13cdc9d9-ddb5-4fa4-a97d-d965ccfc6d4b" outcome="Passed" testListId="8c84fa94-04c1-424b-9868-57a2d4851a1d" relativeResultsDirectory="ab96f8a5-4840-488e-b3b4-a4e7c09dbd5e" />
    <UnitTestResult executionId="eaad7415-a085-41b3-92a8-16d70423b85b" testId="d5afdedc-771c-29a3-fa0a-9ebd023dd2c6" testName="Appostolic.Api.Tests.Api.InvitesEndpointsTests.Invites_Full_Lifecycle_Create_Resend_Accept_Revoke" computerName="mac" duration="00:00:00.1894087" startTime="2025-09-19T16:26:27.7562930-05:00" endTime="2025-09-19T16:26:27.7562930-05:00" testType="13cdc9d9-ddb5-4fa4-a97d-d965ccfc6d4b" outcome="Failed" testListId="8c84fa94-04c1-424b-9868-57a2d4851a1d" relativeResultsDirectory="eaad7415-a085-41b3-92a8-16d70423b85b">
      <Output>
        <ErrorInfo>
          <Message>Expected createResp.StatusCode to be HttpStatusCode.Created {value: 201}, but found HttpStatusCode.BadRequest {value: 400}.</Message>
          <StackTrace>   at FluentAssertions.Execution.XUnit2TestFramework.Throw(String message)
   at FluentAssertions.Execution.TestFrameworkProvider.Throw(String message)
   at FluentAssertions.Execution.DefaultAssertionStrategy.HandleFailure(String message)
   at FluentAssertions.Execution.AssertionScope.FailWith(Func`1 failReasonFunc)
   at FluentAssertions.Execution.AssertionScope.FailWith(Func`1 failReasonFunc)
   at FluentAssertions.Execution.AssertionScope.FailWith(String message, Object[] args)
   at FluentAssertions.Primitives.EnumAssertions`2.Be(TEnum expected, String because, Object[] becauseArgs)
   at Appostolic.Api.Tests.Api.InvitesEndpointsTests.Invites_Full_Lifecycle_Create_Resend_Accept_Revoke() in /Users/kevinmccreary/appostolic/apps/api.tests/Api/InvitesEndpointsTests.cs:line 50
--- End of stack trace from previous location ---</StackTrace>
        </ErrorInfo>
      </Output>
    </UnitTestResult>
    <UnitTestResult executionId="a7107ff3-6a5b-4529-a227-9c3e41640ffd" testId="019214c2-5ff4-3fed-608d-44f050052b40" testName="Appostolic.Api.Tests.Api.AssignmentsApiTests.List_memberships_requires_admin_and_returns_roles" computerName="mac" duration="00:00:00.0093240" startTime="2025-09-19T16:26:39.9554210-05:00" endTime="2025-09-19T16:26:39.9554210-05:00" testType="13cdc9d9-ddb5-4fa4-a97d-d965ccfc6d4b" outcome="Passed" testListId="8c84fa94-04c1-424b-9868-57a2d4851a1d" relativeResultsDirectory="a7107ff3-6a5b-4529-a227-9c3e41640ffd" />
    <UnitTestResult executionId="3767068a-bce5-4404-9d46-f3d95f897697" testId="c17747a3-eb4e-63bf-0bc9-279a4928ed40" testName="Appostolic.Api.Tests.EmailDispatcherTests.Enqueue_sends_via_sender" computerName="mac" duration="00:00:00.0010838" startTime="2025-09-19T16:26:39.7889270-05:00" endTime="2025-09-19T16:26:39.7889270-05:00" testType="13cdc9d9-ddb5-4fa4-a97d-d965ccfc6d4b" outcome="Passed" testListId="8c84fa94-04c1-424b-9868-57a2d4851a1d" relativeResultsDirectory="3767068a-bce5-4404-9d46-f3d95f897697" />
    <UnitTestResult executionId="fcccc9d4-138f-4ffa-bc0a-c10f2ea1a052" testId="f0724dde-c441-a83f-2f8e-78db9d6adb66" testName="Appostolic.Api.Tests.AgentTasks.AgentTasksListFilterPaginationTests.Status_Filter_Is_CaseInsensitive" computerName="mac" duration="00:00:00.0061139" startTime="2025-09-19T16:26:32.4680340-05:00" endTime="2025-09-19T16:26:32.4680340-05:00" testType="13cdc9d9-ddb5-4fa4-a97d-d965ccfc6d4b" outcome="Passed" testListId="8c84fa94-04c1-424b-9868-57a2d4851a1d" relativeResultsDirectory="fcccc9d4-138f-4ffa-bc0a-c10f2ea1a052" />
    <UnitTestResult executionId="787219de-f8bb-450e-b742-8f95d22da611" testId="7b4d03a5-c5c2-9d47-3b72-108b3108a4ac" testName="Appostolic.Api.Tests.Api.UserAvatarEndpointsTests.UploadAvatar_Downscales_LargeImage_To512Webp" computerName="mac" duration="00:00:00.1326778" startTime="2025-09-19T16:26:35.7688600-05:00" endTime="2025-09-19T16:26:35.7688600-05:00" testType="13cdc9d9-ddb5-4fa4-a97d-d965ccfc6d4b" outcome="Passed" testListId="8c84fa94-04c1-424b-9868-57a2d4851a1d" relativeResultsDirectory="787219de-f8bb-450e-b742-8f95d22da611" />
    <UnitTestResult executionId="fd8306a6-bd34-41f4-9e07-909b727ef301" testId="8c322062-c901-cc6c-6cc7-399543893d6b" testName="Appostolic.Api.Tests.Privacy.PIIHasherTests.HashEmail_Differs_WithDifferentPepper" computerName="mac" duration="00:00:00.0000821" startTime="2025-09-19T16:26:27.5658030-05:00" endTime="2025-09-19T16:26:27.5658030-05:00" testType="13cdc9d9-ddb5-4fa4-a97d-d965ccfc6d4b" outcome="Passed" testListId="8c84fa94-04c1-424b-9868-57a2d4851a1d" relativeResultsDirectory="fd8306a6-bd34-41f4-9e07-909b727ef301" />
    <UnitTestResult executionId="755d16a6-4028-4586-81c9-5abb15ba4dce" testId="e74b4a4d-4fe0-004f-1c01-e9508924afd9" testName="Appostolic.Api.Tests.Api.AgentsEndpointsTests.Agents_Validation_Errors" computerName="mac" duration="00:00:00.1715903" startTime="2025-09-19T16:26:25.8090420-05:00" endTime="2025-09-19T16:26:25.8090420-05:00" testType="13cdc9d9-ddb5-4fa4-a97d-d965ccfc6d4b" outcome="Passed" testListId="8c84fa94-04c1-424b-9868-57a2d4851a1d" relativeResultsDirectory="755d16a6-4028-4586-81c9-5abb15ba4dce" />
    <UnitTestResult executionId="60739173-b824-4a94-90e9-fafe895e99e3" testId="33c114dd-901b-348b-cb07-4ff32816218d" testName="Appostolic.Api.Tests.AgentConstraintTests.Agent_MaxSteps_out_of_range_throws_in_domain_constructor" computerName="mac" duration="00:00:00.0006604" startTime="2025-09-19T16:26:36.6256760-05:00" endTime="2025-09-19T16:26:36.6256760-05:00" testType="13cdc9d9-ddb5-4fa4-a97d-d965ccfc6d4b" outcome="Passed" testListId="8c84fa94-04c1-424b-9868-57a2d4851a1d" relativeResultsDirectory="60739173-b824-4a94-90e9-fafe895e99e3" />
    <UnitTestResult executionId="fdb8c936-4306-4202-be54-1b77762c59fb" testId="b0d19a9b-4021-9eed-3094-0cb81617cae0" testName="Appostolic.Api.Tests.Api.TenantSettingsEndpointsTests.Get_Settings_Returns_Empty_Object_When_Null" computerName="mac" duration="00:00:00.0014950" startTime="2025-09-19T16:26:37.7181440-05:00" endTime="2025-09-19T16:26:37.7181450-05:00" testType="13cdc9d9-ddb5-4fa4-a97d-d965ccfc6d4b" outcome="Passed" testListId="8c84fa94-04c1-424b-9868-57a2d4851a1d" relativeResultsDirectory="fdb8c936-4306-4202-be54-1b77762c59fb" />
    <UnitTestResult executionId="3b2b55dc-5fd2-4cbf-a659-771081e6c759" testId="43ab37ac-8f01-34cd-35d3-1bda726822d7" testName="Appostolic.Api.Tests.Notifications.NotificationDedupeTests.CreateQueuedAsync_blocks_duplicate_within_ttl" computerName="mac" duration="00:00:00.0030595" startTime="2025-09-19T16:26:40.1359850-05:00" endTime="2025-09-19T16:26:40.1359850-05:00" testType="13cdc9d9-ddb5-4fa4-a97d-d965ccfc6d4b" outcome="Passed" testListId="8c84fa94-04c1-424b-9868-57a2d4851a1d" relativeResultsDirectory="3b2b55dc-5fd2-4cbf-a659-771081e6c759" />
    <UnitTestResult executionId="4ac8ae7e-0327-4366-b97c-a6d0a1b1d4cd" testId="1a80fecc-6ef5-c4ed-4650-dbe09ce92e46" testName="Appostolic.Api.Tests.Api.UserProfileEndpointsTests.Put_me_rejects_non_object_body" computerName="mac" duration="00:00:00.0012833" startTime="2025-09-19T16:26:35.2143700-05:00" endTime="2025-09-19T16:26:35.2143700-05:00" testType="13cdc9d9-ddb5-4fa4-a97d-d965ccfc6d4b" outcome="Passed" testListId="8c84fa94-04c1-424b-9868-57a2d4851a1d" relativeResultsDirectory="4ac8ae7e-0327-4366-b97c-a6d0a1b1d4cd" />
    <UnitTestResult executionId="c7f818fb-a9cd-4b2e-af1b-207cb493790b" testId="7c574249-6de4-087c-ac92-00dedf541e78" testName="Appostolic.Api.Tests.Api.NotificationsProdEndpointsTests.Tenant_owner_can_list_and_retry_within_tenant" computerName="mac" duration="00:00:00.1723545" startTime="2025-09-19T16:26:31.9131140-05:00" endTime="2025-09-19T16:26:31.9131140-05:00" testType="13cdc9d9-ddb5-4fa4-a97d-d965ccfc6d4b" outcome="Passed" testListId="8c84fa94-04c1-424b-9868-57a2d4851a1d" relativeResultsDirectory="c7f818fb-a9cd-4b2e-af1b-207cb493790b" />
    <UnitTestResult executionId="2029e09c-53c5-48f6-acf8-8cd2a965cc92" testId="598c0784-1cd9-c9b4-915a-4a09f637e246" testName="Appostolic.Api.Tests.Api.MinimalPngDecodeTests.MinimalPng_1x1_Decodes_With_ImageSharp" computerName="mac" duration="00:00:00.0004398" startTime="2025-09-19T16:26:38.3350460-05:00" endTime="2025-09-19T16:26:38.3350470-05:00" testType="13cdc9d9-ddb5-4fa4-a97d-d965ccfc6d4b" outcome="Passed" testListId="8c84fa94-04c1-424b-9868-57a2d4851a1d" relativeResultsDirectory="2029e09c-53c5-48f6-acf8-8cd2a965cc92" />
    <UnitTestResult executionId="051833c4-76e2-42ce-ba7a-3f755546e50f" testId="3494b3d5-98dd-209c-c4b4-d8d0bff712f0" testName="FsWriteToolTests.Writes_file_under_root_and_returns_sha" computerName="mac" duration="00:00:00.0064951" startTime="2025-09-19T16:26:25.0419270-05:00" endTime="2025-09-19T16:26:25.0419270-05:00" testType="13cdc9d9-ddb5-4fa4-a97d-d965ccfc6d4b" outcome="Passed" testListId="8c84fa94-04c1-424b-9868-57a2d4851a1d" relativeResultsDirectory="051833c4-76e2-42ce-ba7a-3f755546e50f" />
    <UnitTestResult executionId="123cf599-0a7d-4e9b-8c36-cf7290d493ea" testId="f7ebc4d6-d0ec-6ad3-fd73-f4c53b67f8a0" testName="Appostolic.Api.AuthTests.MagicConsumeRolesSerializationTests.MagicConsume_IncludesRolesBitmaskOnMembership" computerName="mac" duration="00:00:01.3156431" startTime="2025-09-19T16:26:24.2640760-05:00" endTime="2025-09-19T16:26:24.2640760-05:00" testType="13cdc9d9-ddb5-4fa4-a97d-d965ccfc6d4b" outcome="Passed" testListId="8c84fa94-04c1-424b-9868-57a2d4851a1d" relativeResultsDirectory="123cf599-0a7d-4e9b-8c36-cf7290d493ea" />
    <UnitTestResult executionId="0762743b-42c5-45f8-8d06-0767db7cd15b" testId="8499e5e2-c09d-d64e-ab91-715c51a15d3b" testName="Appostolic.Api.Tests.ModelMappingTests.Agent_ToolAllowlist_has_column_type_jsonb" computerName="mac" duration="00:00:00.0002864" startTime="2025-09-19T16:26:38.9095540-05:00" endTime="2025-09-19T16:26:38.9095540-05:00" testType="13cdc9d9-ddb5-4fa4-a97d-d965ccfc6d4b" outcome="Passed" testListId="8c84fa94-04c1-424b-9868-57a2d4851a1d" relativeResultsDirectory="0762743b-42c5-45f8-8d06-0767db7cd15b" />
    <UnitTestResult executionId="5b8ea5b6-9c3e-4180-a09d-699d4c88d9ad" testId="04a8bdbc-fefc-28fe-9d41-eb27166daebb" testName="Appostolic.Api.Tests.Api.InvitesRolesFlagsTests.Create_Invite_With_Roles_Flags_Persists_And_Lists" computerName="mac" duration="00:00:00.1526122" startTime="2025-09-19T16:26:40.1107990-05:00" endTime="2025-09-19T16:26:40.1108000-05:00" testType="13cdc9d9-ddb5-4fa4-a97d-d965ccfc6d4b" outcome="Failed" testListId="8c84fa94-04c1-424b-9868-57a2d4851a1d" relativeResultsDirectory="5b8ea5b6-9c3e-4180-a09d-699d4c88d9ad">
      <Output>
        <ErrorInfo>
          <Message>Expected create.StatusCode to be HttpStatusCode.Created {value: 201}, but found HttpStatusCode.BadRequest {value: 400}.</Message>
          <StackTrace>   at FluentAssertions.Execution.XUnit2TestFramework.Throw(String message)
   at FluentAssertions.Execution.TestFrameworkProvider.Throw(String message)
   at FluentAssertions.Execution.DefaultAssertionStrategy.HandleFailure(String message)
   at FluentAssertions.Execution.AssertionScope.FailWith(Func`1 failReasonFunc)
   at FluentAssertions.Execution.AssertionScope.FailWith(Func`1 failReasonFunc)
   at FluentAssertions.Execution.AssertionScope.FailWith(String message, Object[] args)
   at FluentAssertions.Primitives.EnumAssertions`2.Be(TEnum expected, String because, Object[] becauseArgs)
   at Appostolic.Api.Tests.Api.InvitesRolesFlagsTests.Create_Invite_With_Roles_Flags_Persists_And_Lists() in /Users/kevinmccreary/appostolic/apps/api.tests/Api/InvitesRolesFlagsTests.cs:line 40
--- End of stack trace from previous location ---</StackTrace>
        </ErrorInfo>
      </Output>
    </UnitTestResult>
    <UnitTestResult executionId="1608de83-d017-41fb-acb4-f3b60dd726a9" testId="65bd3a03-5d21-067f-5d94-19d0f92f350a" testName="Appostolic.Api.Tests.Api.UserAvatarEndpointsTests.UploadAvatar_Rejects_UnsupportedMediaType" computerName="mac" duration="00:00:00.0012578" startTime="2025-09-19T16:26:35.6360260-05:00" endTime="2025-09-19T16:26:35.6360260-05:00" testType="13cdc9d9-ddb5-4fa4-a97d-d965ccfc6d4b" outcome="Passed" testListId="8c84fa94-04c1-424b-9868-57a2d4851a1d" relativeResultsDirectory="1608de83-d017-41fb-acb4-f3b60dd726a9" />
    <UnitTestResult executionId="92deb8b4-41e8-4751-8892-4d24bb450a21" testId="8de6077c-5e1e-7144-f76f-09a36a8fcab6" testName="Appostolic.Api.Tests.Privacy.UserProfileLoggingTests.GetMe_EmitsRedactedAndHash_NoRawEmail" computerName="mac" duration="00:00:00.1525966" startTime="2025-09-19T16:26:26.1754840-05:00" endTime="2025-09-19T16:26:26.1754840-05:00" testType="13cdc9d9-ddb5-4fa4-a97d-d965ccfc6d4b" outcome="Passed" testListId="8c84fa94-04c1-424b-9868-57a2d4851a1d" relativeResultsDirectory="92deb8b4-41e8-4751-8892-4d24bb450a21" />
    <UnitTestResult executionId="7419c869-c391-4084-9915-3b66d6c64c83" testId="5db463f9-ccc7-6f1c-39df-99b8fb7acbbb" testName="Appostolic.Api.Tests.Api.LegacyRoleWritePathDeprecationTests.Member_role_change_with_legacy_role_is_still_currently_accepted_pending_refactor" computerName="mac" duration="00:00:00.0133566" startTime="2025-09-19T16:26:25.6368970-05:00" endTime="2025-09-19T16:26:25.6368970-05:00" testType="13cdc9d9-ddb5-4fa4-a97d-d965ccfc6d4b" outcome="Passed" testListId="8c84fa94-04c1-424b-9868-57a2d4851a1d" relativeResultsDirectory="7419c869-c391-4084-9915-3b66d6c64c83" />
    <UnitTestResult executionId="b698a3f9-c4c8-4b75-b051-7f616fdf6cee" testId="8f26075f-925c-4688-bf33-abe324c4e160" testName="Appostolic.Api.Tests.Api.ToolCatalogTests.Tools_Catalog_Lists_Registered_Tools_With_Categories" computerName="mac" duration="00:00:00.1471098" startTime="2025-09-19T16:26:38.3342970-05:00" endTime="2025-09-19T16:26:38.3342970-05:00" testType="13cdc9d9-ddb5-4fa4-a97d-d965ccfc6d4b" outcome="Passed" testListId="8c84fa94-04c1-424b-9868-57a2d4851a1d" relativeResultsDirectory="b698a3f9-c4c8-4b75-b051-7f616fdf6cee" />
    <UnitTestResult executionId="c4bff6cf-3439-4fbc-b503-12da493f3be2" testId="691bf80d-9ec7-7de8-ad81-702e4cdb8bfd" testName="WebSearchToolTests.Take_limits_results" computerName="mac" duration="00:00:00.0010744" startTime="2025-09-19T16:26:29.8085580-05:00" endTime="2025-09-19T16:26:29.8085580-05:00" testType="13cdc9d9-ddb5-4fa4-a97d-d965ccfc6d4b" outcome="Passed" testListId="8c84fa94-04c1-424b-9868-57a2d4851a1d" relativeResultsDirectory="c4bff6cf-3439-4fbc-b503-12da493f3be2" />
    <UnitTestResult executionId="24edac3e-446c-46d8-9a3b-225daff01beb" testId="03cb9965-4934-50d0-65d4-2c790e264e80" testName="Appostolic.Api.Tests.E2E.AgentTasksE2E_List.Inbox_List_Orders_By_CreatedAt_Desc_And_Pages" computerName="mac" duration="00:00:00.3371502" startTime="2025-09-19T16:26:38.0614320-05:00" endTime="2025-09-19T16:26:38.0614320-05:00" testType="13cdc9d9-ddb5-4fa4-a97d-d965ccfc6d4b" outcome="Passed" testListId="8c84fa94-04c1-424b-9868-57a2d4851a1d" relativeResultsDirectory="24edac3e-446c-46d8-9a3b-225daff01beb" />
    <UnitTestResult executionId="63dee7f2-a2b5-4f4d-b5d7-89a443be47fa" testId="d9d051a9-d261-1011-dbde-e42b30d539a9" testName="Appostolic.Api.Tests.Orchestrator.AgentOrchestratorTests.ToolMissing_FailsWithToolNotFound" computerName="mac" duration="00:00:00.0005996" startTime="2025-09-19T16:26:34.1119020-05:00" endTime="2025-09-19T16:26:34.1119020-05:00" testType="13cdc9d9-ddb5-4fa4-a97d-d965ccfc6d4b" outcome="Passed" testListId="8c84fa94-04c1-424b-9868-57a2d4851a1d" relativeResultsDirectory="63dee7f2-a2b5-4f4d-b5d7-89a443be47fa" />
    <UnitTestResult executionId="56a89c47-177f-4604-9ae2-f43f9bd4910a" testId="be1de379-3abe-1f02-3816-c02bcfed7529" testName="Appostolic.Api.Tests.Api.UserPasswordEndpointsTests.Change_password_succeeds_with_valid_current" computerName="mac" duration="00:00:00.7337469" startTime="2025-09-19T16:26:34.1053400-05:00" endTime="2025-09-19T16:26:34.1053400-05:00" testType="13cdc9d9-ddb5-4fa4-a97d-d965ccfc6d4b" outcome="Passed" testListId="8c84fa94-04c1-424b-9868-57a2d4851a1d" relativeResultsDirectory="56a89c47-177f-4604-9ae2-f43f9bd4910a" />
    <UnitTestResult executionId="739ce50e-6642-4b1f-bdeb-37dbf6962cee" testId="d23daa8f-5725-d1c6-7d7a-83c05e893d1b" testName="Appostolic.Api.Tests.Api.NotificationsProdEndpointsTests.Superadmin_can_list_cross_tenant" computerName="mac" duration="00:00:00.1788518" startTime="2025-09-19T16:26:32.0921750-05:00" endTime="2025-09-19T16:26:32.0921750-05:00" testType="13cdc9d9-ddb5-4fa4-a97d-d965ccfc6d4b" outcome="Passed" testListId="8c84fa94-04c1-424b-9868-57a2d4851a1d" relativeResultsDirectory="739ce50e-6642-4b1f-bdeb-37dbf6962cee" />
    <UnitTestResult executionId="97b49f3d-02bc-4d9c-92a9-35096b2e733a" testId="e8b4dc71-a5d7-b1f7-a555-6150128fc2af" testName="Appostolic.Api.Tests.Privacy.PIIHasherTests.HashEmail_IsDeterministic_ForSamePepper" computerName="mac" duration="00:00:00.0000382" startTime="2025-09-19T16:26:27.5658580-05:00" endTime="2025-09-19T16:26:27.5658580-05:00" testType="13cdc9d9-ddb5-4fa4-a97d-d965ccfc6d4b" outcome="Passed" testListId="8c84fa94-04c1-424b-9868-57a2d4851a1d" relativeResultsDirectory="97b49f3d-02bc-4d9c-92a9-35096b2e733a" />
    <UnitTestResult executionId="add042bf-8fad-4a6c-a3c3-77a02b749bd6" testId="66fffdff-2dff-cbe5-8750-30f31bf1db7c" testName="Appostolic.Api.Tests.Api.AuditsListingEndpointTests.Lists_audits_with_paging_and_total_count" computerName="mac" duration="00:00:00.1894260" startTime="2025-09-19T16:26:30.0390440-05:00" endTime="2025-09-19T16:26:30.0390440-05:00" testType="13cdc9d9-ddb5-4fa4-a97d-d965ccfc6d4b" outcome="Passed" testListId="8c84fa94-04c1-424b-9868-57a2d4851a1d" relativeResultsDirectory="add042bf-8fad-4a6c-a3c3-77a02b749bd6" />
    <UnitTestResult executionId="f96e2723-8a6e-426b-b9cf-4dd6a2f86ccb" testId="cce5835b-2056-6d46-0527-d09fc0f9f6fc" testName="Appostolic.Api.Tests.Api.TenantSettingsEndpointsTests.Upload_Logo_Rejects_Payload_Too_Large" computerName="mac" duration="00:00:00.0073791" startTime="2025-09-19T16:26:37.7021510-05:00" endTime="2025-09-19T16:26:37.7021510-05:00" testType="13cdc9d9-ddb5-4fa4-a97d-d965ccfc6d4b" outcome="Passed" testListId="8c84fa94-04c1-424b-9868-57a2d4851a1d" relativeResultsDirectory="f96e2723-8a6e-426b-b9cf-4dd6a2f86ccb" />
    <UnitTestResult executionId="6e4601af-77c3-4746-b5eb-94805950b0e2" testId="30aa5bc1-9211-739f-532d-176c6c3c3a30" testName="Appostolic.Api.Tests.Orchestrator.AgentOrchestratorTests.MaxStepsExceeded_FailsAfterCap" computerName="mac" duration="00:00:00.0008033" startTime="2025-09-19T16:26:34.1102280-05:00" endTime="2025-09-19T16:26:34.1102280-05:00" testType="13cdc9d9-ddb5-4fa4-a97d-d965ccfc6d4b" outcome="Passed" testListId="8c84fa94-04c1-424b-9868-57a2d4851a1d" relativeResultsDirectory="6e4601af-77c3-4746-b5eb-94805950b0e2" />
    <UnitTestResult executionId="dff983ab-b3cc-4dc2-a1e3-82337ffec963" testId="37b7f024-73bb-98ae-d17f-d1c0ce9f17e8" testName="Appostolic.Api.Tests.ModelMappingTests.AgentTrace_Kind_is_mapped_as_int" computerName="mac" duration="00:00:00.1327313" startTime="2025-09-19T16:26:38.8621460-05:00" endTime="2025-09-19T16:26:38.8621460-05:00" testType="13cdc9d9-ddb5-4fa4-a97d-d965ccfc6d4b" outcome="Passed" testListId="8c84fa94-04c1-424b-9868-57a2d4851a1d" relativeResultsDirectory="dff983ab-b3cc-4dc2-a1e3-82337ffec963" />
    <UnitTestResult executionId="d09e3fb3-0ece-4904-a89b-590c5af3cc12" testId="46ad1244-cbdb-dca6-f007-7e8a232754cc" testName="Appostolic.Api.Tests.Notifications.RedisTransportPrivacyTests.NonGuidPayload_DoesNotLogPayloadContents" computerName="mac" duration="00:00:00.0126624" startTime="2025-09-19T16:26:31.3885490-05:00" endTime="2025-09-19T16:26:31.3885490-05:00" testType="13cdc9d9-ddb5-4fa4-a97d-d965ccfc6d4b" outcome="Passed" testListId="8c84fa94-04c1-424b-9868-57a2d4851a1d" relativeResultsDirectory="d09e3fb3-0ece-4904-a89b-590c5af3cc12" />
    <UnitTestResult executionId="87d5e337-a5bd-42d9-9068-33d06045daa8" testId="21127838-ea89-b283-653a-0b46d8acc590" testName="Appostolic.Api.Tests.EmailDedupeTests.Dedupe_suppresses_duplicate_messages" computerName="mac" duration="00:00:00.3030530" startTime="2025-09-19T16:26:40.4392500-05:00" endTime="2025-09-19T16:26:40.4392500-05:00" testType="13cdc9d9-ddb5-4fa4-a97d-d965ccfc6d4b" outcome="Passed" testListId="8c84fa94-04c1-424b-9868-57a2d4851a1d" relativeResultsDirectory="87d5e337-a5bd-42d9-9068-33d06045daa8" />
    <UnitTestResult executionId="c873566f-6156-4212-bd22-954845b34779" testId="df92ad96-32d4-9c44-0398-97a52600538f" testName="Appostolic.Api.Tests.Model.TokenEstimatorTests.EstimateTokens_Heuristic_CeilPer4Chars(text: &quot;abcdefghi&quot;, expected: 3)" computerName="mac" duration="00:00:00.0000020" startTime="2025-09-19T16:26:40.4396860-05:00" endTime="2025-09-19T16:26:40.4396870-05:00" testType="13cdc9d9-ddb5-4fa4-a97d-d965ccfc6d4b" outcome="Passed" testListId="8c84fa94-04c1-424b-9868-57a2d4851a1d" relativeResultsDirectory="c873566f-6156-4212-bd22-954845b34779" />
    <UnitTestResult executionId="0afa992d-6416-4317-aebc-df8c9f29cb4c" testId="e4ef9dda-68e5-63b6-ccb6-0b8c602aab58" testName="Appostolic.Api.Tests.Notifications.AutoResendScannerTests.Skips_when_disabled" computerName="mac" duration="00:00:00.0018252" startTime="2025-09-19T16:26:25.0722050-05:00" endTime="2025-09-19T16:26:25.0722050-05:00" testType="13cdc9d9-ddb5-4fa4-a97d-d965ccfc6d4b" outcome="Passed" testListId="8c84fa94-04c1-424b-9868-57a2d4851a1d" relativeResultsDirectory="0afa992d-6416-4317-aebc-df8c9f29cb4c" />
    <UnitTestResult executionId="260a5cb0-a392-47c8-a851-466f7c79d6d8" testId="d8682838-1d38-dd8e-6c89-ae1bda81fecb" testName="Appostolic.Api.Tests.Api.MembersListTests.Owner_can_list_members" computerName="mac" duration="00:00:00.0161509" startTime="2025-09-19T16:26:26.3605240-05:00" endTime="2025-09-19T16:26:26.3605240-05:00" testType="13cdc9d9-ddb5-4fa4-a97d-d965ccfc6d4b" outcome="Passed" testListId="8c84fa94-04c1-424b-9868-57a2d4851a1d" relativeResultsDirectory="260a5cb0-a392-47c8-a851-466f7c79d6d8" />
    <UnitTestResult executionId="0cdb0a39-ff99-40ff-9d52-3aca18a2960a" testId="46709c0e-39a7-32eb-a6b2-6f7ada21050d" testName="Appostolic.Api.Tests.Api.TenantSettingsEndpointsTests.Upload_Logo_Succeeds_And_Stores_Metadata" computerName="mac" duration="00:00:00.2292922" startTime="2025-09-19T16:26:37.6946480-05:00" endTime="2025-09-19T16:26:37.6946480-05:00" testType="13cdc9d9-ddb5-4fa4-a97d-d965ccfc6d4b" outcome="Passed" testListId="8c84fa94-04c1-424b-9868-57a2d4851a1d" relativeResultsDirectory="0cdb0a39-ff99-40ff-9d52-3aca18a2960a" />
    <UnitTestResult executionId="e0bd88a2-9b72-4ccc-a128-c73a4e6177ca" testId="cb90a4b6-5413-6334-a88c-d9e37624202c" testName="Appostolic.Api.Tests.Api.InvitesRolesFlagsTests.Create_Invite_With_Invalid_Role_Flag_Is_400" computerName="mac" duration="00:00:00.0018497" startTime="2025-09-19T16:26:40.1236090-05:00" endTime="2025-09-19T16:26:40.1236090-05:00" testType="13cdc9d9-ddb5-4fa4-a97d-d965ccfc6d4b" outcome="Passed" testListId="8c84fa94-04c1-424b-9868-57a2d4851a1d" relativeResultsDirectory="e0bd88a2-9b72-4ccc-a128-c73a4e6177ca" />
    <UnitTestResult executionId="7e702c40-d5f0-4d83-b98d-44fad6c210a0" testId="b672c70e-eca2-f979-b482-5169b705a205" testName="Appostolic.Api.Tests.Api.AgentsEndpointsTests.Agents_CRUD_HappyPath" computerName="mac" duration="00:00:00.0411744" startTime="2025-09-19T16:26:25.8504220-05:00" endTime="2025-09-19T16:26:25.8504220-05:00" testType="13cdc9d9-ddb5-4fa4-a97d-d965ccfc6d4b" outcome="Passed" testListId="8c84fa94-04c1-424b-9868-57a2d4851a1d" relativeResultsDirectory="7e702c40-d5f0-4d83-b98d-44fad6c210a0" />
    <UnitTestResult executionId="dc627cbe-61db-4df7-bb28-05ae9d9ebd90" testId="2a9f6824-8a17-a193-b18b-3e78fa1bbbd5" testName="Appostolic.Api.Tests.Orchestrator.AgentOrchestratorTests.Cancellation_StopsMidRun" computerName="mac" duration="00:00:00.0035147" startTime="2025-09-19T16:26:34.1093760-05:00" endTime="2025-09-19T16:26:34.1093760-05:00" testType="13cdc9d9-ddb5-4fa4-a97d-d965ccfc6d4b" outcome="Passed" testListId="8c84fa94-04c1-424b-9868-57a2d4851a1d" relativeResultsDirectory="dc627cbe-61db-4df7-bb28-05ae9d9ebd90" />
    <UnitTestResult executionId="c433759e-1eda-45ec-b466-f5629782212d" testId="67c9746f-1f57-937b-6598-3968df73012b" testName="Appostolic.Api.Tests.Api.DevGrantRolesEndpointTests.Updates_existing_membership_roles" computerName="mac" duration="00:00:00.0045679" startTime="2025-09-19T16:26:35.9559990-05:00" endTime="2025-09-19T16:26:35.9559990-05:00" testType="13cdc9d9-ddb5-4fa4-a97d-d965ccfc6d4b" outcome="Passed" testListId="8c84fa94-04c1-424b-9868-57a2d4851a1d" relativeResultsDirectory="c433759e-1eda-45ec-b466-f5629782212d" />
    <UnitTestResult executionId="4c9a1203-5bae-4fc6-bb45-1f54773baaf3" testId="b2e4b89c-c96f-83af-e281-01d9319a9bb8" testName="Appostolic.Api.Tests.Api.MembersManagementTests.Admin_cannot_assign_owner_but_owner_can" computerName="mac" duration="00:00:00.0128988" startTime="2025-09-19T16:26:37.1468510-05:00" endTime="2025-09-19T16:26:37.1468520-05:00" testType="13cdc9d9-ddb5-4fa4-a97d-d965ccfc6d4b" outcome="Failed" testListId="8c84fa94-04c1-424b-9868-57a2d4851a1d" relativeResultsDirectory="4c9a1203-5bae-4fc6-bb45-1f54773baaf3">
      <Output>
        <ErrorInfo>
          <Message>Expected ownerResp.StatusCode to be HttpStatusCode.NoContent {value: 204}, but found HttpStatusCode.Forbidden {value: 403}.</Message>
          <StackTrace>   at FluentAssertions.Execution.XUnit2TestFramework.Throw(String message)
   at FluentAssertions.Execution.TestFrameworkProvider.Throw(String message)
   at FluentAssertions.Execution.DefaultAssertionStrategy.HandleFailure(String message)
   at FluentAssertions.Execution.AssertionScope.FailWith(Func`1 failReasonFunc)
   at FluentAssertions.Execution.AssertionScope.FailWith(Func`1 failReasonFunc)
   at FluentAssertions.Execution.AssertionScope.FailWith(String message, Object[] args)
   at FluentAssertions.Primitives.EnumAssertions`2.Be(TEnum expected, String because, Object[] becauseArgs)
   at Appostolic.Api.Tests.Api.MembersManagementTests.Admin_cannot_assign_owner_but_owner_can() in /Users/kevinmccreary/appostolic/apps/api.tests/Api/MembersManagementTests.cs:line 126
--- End of stack trace from previous location ---</StackTrace>
        </ErrorInfo>
      </Output>
    </UnitTestResult>
    <UnitTestResult executionId="8df0d100-7df6-49cb-b5bb-afa45883441e" testId="bc29c184-0770-c9df-63be-2a52d76ad503" testName="Appostolic.Api.Tests.Notifications.NotificationEnqueuerMagicLinkTests.QueueMagicLink_HashesToken_And_Publishes" computerName="mac" duration="00:00:00.0655925" startTime="2025-09-19T16:26:22.9460870-05:00" endTime="2025-09-19T16:26:22.9460870-05:00" testType="13cdc9d9-ddb5-4fa4-a97d-d965ccfc6d4b" outcome="Passed" testListId="8c84fa94-04c1-424b-9868-57a2d4851a1d" relativeResultsDirectory="8df0d100-7df6-49cb-b5bb-afa45883441e" />
    <UnitTestResult executionId="211fa12b-aab2-41bd-8e38-d6eb6451a97e" testId="c14df636-a969-3c53-ec76-0aeb4c5b250c" testName="Appostolic.Api.Tests.Api.DevGrantRolesEndpointTests.Returns_400_for_invalid_role_name" computerName="mac" duration="00:00:00.0031789" startTime="2025-09-19T16:26:35.9512940-05:00" endTime="2025-09-19T16:26:35.9512940-05:00" testType="13cdc9d9-ddb5-4fa4-a97d-d965ccfc6d4b" outcome="Passed" testListId="8c84fa94-04c1-424b-9868-57a2d4851a1d" relativeResultsDirectory="211fa12b-aab2-41bd-8e38-d6eb6451a97e" />
    <UnitTestResult executionId="98860d9e-b99c-474d-8260-675a0184adad" testId="12982ac4-b6b0-e458-3676-ece493490c27" testName="Appostolic.Api.Tests.Storage.S3ObjectStorageServiceTests.UploadAsync_UploadsWithPublicReadAndCacheControl_ReturnsPublicBaseUrl" computerName="mac" duration="00:00:00.0023141" startTime="2025-09-19T16:26:29.8417020-05:00" endTime="2025-09-19T16:26:29.8417020-05:00" testType="13cdc9d9-ddb5-4fa4-a97d-d965ccfc6d4b" outcome="Passed" testListId="8c84fa94-04c1-424b-9868-57a2d4851a1d" relativeResultsDirectory="98860d9e-b99c-474d-8260-675a0184adad" />
    <UnitTestResult executionId="2b67f410-16b6-43ac-8dbf-a04cd02324e3" testId="ec039bf7-f831-a8e3-834c-89707ff2f6d2" testName="Appostolic.Api.Tests.NotificationEnqueuerTests.QueueVerification_uses_relative_when_base_missing" computerName="mac" duration="00:00:00.0027746" startTime="2025-09-19T16:26:29.8446430-05:00" endTime="2025-09-19T16:26:29.8446430-05:00" testType="13cdc9d9-ddb5-4fa4-a97d-d965ccfc6d4b" outcome="Passed" testListId="8c84fa94-04c1-424b-9868-57a2d4851a1d" relativeResultsDirectory="2b67f410-16b6-43ac-8dbf-a04cd02324e3" />
    <UnitTestResult executionId="f8a9b511-56de-4fbd-aa1d-024e8245fb94" testId="79403e37-7823-d8d7-7290-f467456876fa" testName="Appostolic.Api.Tests.Model.TokenEstimatorTests.EstimateTokens_Heuristic_CeilPer4Chars(text: &quot;a&quot;, expected: 1)" computerName="mac" duration="00:00:00.0000008" startTime="2025-09-19T16:26:40.4397090-05:00" endTime="2025-09-19T16:26:40.4397090-05:00" testType="13cdc9d9-ddb5-4fa4-a97d-d965ccfc6d4b" outcome="Passed" testListId="8c84fa94-04c1-424b-9868-57a2d4851a1d" relativeResultsDirectory="f8a9b511-56de-4fbd-aa1d-024e8245fb94" />
    <UnitTestResult executionId="a41c82d1-0a13-42a1-a067-3ad0b63d953b" testId="5ec8c6f8-601d-9718-1802-a15c88bb4987" testName="Appostolic.Api.Tests.AgentTasks.AgentTasksCancelRetryTests.Retry_From_Succeeded_Creates_New_Task_And_Runs" computerName="mac" duration="00:00:00.0098678" startTime="2025-09-19T16:26:29.8056720-05:00" endTime="2025-09-19T16:26:29.8056720-05:00" testType="13cdc9d9-ddb5-4fa4-a97d-d965ccfc6d4b" outcome="Passed" testListId="8c84fa94-04c1-424b-9868-57a2d4851a1d" relativeResultsDirectory="a41c82d1-0a13-42a1-a067-3ad0b63d953b" />
    <UnitTestResult executionId="cab2bcd1-cee4-42c3-96e5-e78323b35445" testId="e7581818-0663-f767-821c-25fbea112d88" testName="Appostolic.Api.Tests.Privacy.PIIHasherTests.HashPhone_Differs_WithDifferentPepper" computerName="mac" duration="00:00:00.0018331" startTime="2025-09-19T16:26:27.5656690-05:00" endTime="2025-09-19T16:26:27.5656690-05:00" testType="13cdc9d9-ddb5-4fa4-a97d-d965ccfc6d4b" outcome="Passed" testListId="8c84fa94-04c1-424b-9868-57a2d4851a1d" relativeResultsDirectory="cab2bcd1-cee4-42c3-96e5-e78323b35445" />
[...]
    <TestEntry testId="7bfc22d7-9c12-bb6d-b1ad-6ad8a8f51b4d" executionId="eee6ffed-1004-4602-b7ba-4d6162868288" testListId="8c84fa94-04c1-424b-9868-57a2d4851a1d" />
    <TestEntry testId="21ae461c-c70e-da1d-6ae3-1fc6937d571a" executionId="d0c0e3cd-9b07-4cad-888b-033264daec6d" testListId="8c84fa94-04c1-424b-9868-57a2d4851a1d" />
    <TestEntry testId="61b122ca-f3a1-21e8-0492-e3c660390b05" executionId="b46dc0c9-6141-480c-b9f4-779f09017f19" testListId="8c84fa94-04c1-424b-9868-57a2d4851a1d" />
    <TestEntry testId="8e86fe7c-6239-7009-e550-a3b2b1493955" executionId="2b903536-5d8b-4278-a13b-3eae5eb5acea" testListId="8c84fa94-04c1-424b-9868-57a2d4851a1d" />
    <TestEntry testId="6305e689-cee9-6a31-93d8-755b6c5fc935" executionId="bff32075-bd20-4937-be5a-d228c288ab8e" testListId="8c84fa94-04c1-424b-9868-57a2d4851a1d" />
    <TestEntry testId="c8cdac31-ad32-9a02-508c-02a988e5e017" executionId="eff20cc5-1691-48df-b4f0-7e3365ff5e1d" testListId="8c84fa94-04c1-424b-9868-57a2d4851a1d" />
    <TestEntry testId="7c0f601f-632e-a9b2-aeb3-eee73bd7742c" executionId="829fa6c4-15d1-4735-a998-b76895e1c6f1" testListId="8c84fa94-04c1-424b-9868-57a2d4851a1d" />
    <TestEntry testId="784ad7dc-5a89-a731-4a54-d985f0ba330c" executionId="9b10ed65-0155-49aa-a887-75edd3280ab2" testListId="8c84fa94-04c1-424b-9868-57a2d4851a1d" />
    <TestEntry testId="4f12e680-b238-5f1e-d786-32a29acea93b" executionId="4ce76a66-64a7-4734-b668-560ffb33c674" testListId="8c84fa94-04c1-424b-9868-57a2d4851a1d" />
    <TestEntry testId="c62ff6f8-900b-a165-229e-1d83d314982c" executionId="380b6b5b-1cef-4216-80dc-6c3dbb99de64" testListId="8c84fa94-04c1-424b-9868-57a2d4851a1d" />
    <TestEntry testId="68b95691-6ef6-716d-545d-ee6cf04d94e7" executionId="b40a6f25-7097-4145-a046-162b2c580283" testListId="8c84fa94-04c1-424b-9868-57a2d4851a1d" />
    <TestEntry testId="04bcbc12-4d94-6002-177c-d4c323bf07a7" executionId="25ac45d0-2fb1-4401-a87c-1b62d9776c07" testListId="8c84fa94-04c1-424b-9868-57a2d4851a1d" />
    <TestEntry testId="7e0d251c-aca1-3165-2651-f2996ab661b8" executionId="85a8f99c-83b6-47f5-8f5a-65d223a489c8" testListId="8c84fa94-04c1-424b-9868-57a2d4851a1d" />
    <TestEntry testId="11acc57e-e7b4-9c88-543d-dd88434937c6" executionId="cd47f06b-90a2-4cc6-8f3d-abb5d22f47ae" testListId="8c84fa94-04c1-424b-9868-57a2d4851a1d" />
    <TestEntry testId="e1e10047-9c95-2461-ef88-42d3da0fbb82" executionId="9f933d9b-bbb0-4909-84f2-0a3f6a706b86" testListId="8c84fa94-04c1-424b-9868-57a2d4851a1d" />
    <TestEntry testId="689d43e4-6cb5-4009-1ac6-7e50bf4ccc94" executionId="836e0bd3-1ff4-498a-b7af-e4c9c92304f7" testListId="8c84fa94-04c1-424b-9868-57a2d4851a1d" />
    <TestEntry testId="1c8df7f1-aa05-88d6-f922-5ecb50d1b5d9" executionId="69a11654-1ba7-4a28-9337-2605a9f52833" testListId="8c84fa94-04c1-424b-9868-57a2d4851a1d" />
    <TestEntry testId="a8bb0fab-56c6-938a-460b-3d46baedbbb6" executionId="da7ac621-f6c3-4207-a7e0-85b4e88a02f6" testListId="8c84fa94-04c1-424b-9868-57a2d4851a1d" />
    <TestEntry testId="81f70a90-5f17-3107-1751-37f6a5b41791" executionId="5c5ec069-8b34-4fc6-975e-98fe2da26d12" testListId="8c84fa94-04c1-424b-9868-57a2d4851a1d" />
    <TestEntry testId="b3de0f6b-2ac2-0bee-ef58-144a8741a412" executionId="cf4ad02f-e236-4a1a-bd4d-04ca4aa7edfe" testListId="8c84fa94-04c1-424b-9868-57a2d4851a1d" />
    <TestEntry testId="fc6317ac-4f9e-d443-bb9c-db2ea41d1b6d" executionId="0b84f549-d26f-44fa-83b4-20dfdb05c992" testListId="8c84fa94-04c1-424b-9868-57a2d4851a1d" />
    <TestEntry testId="4f65136b-b885-5c0a-1650-385c2d5ff86d" executionId="1220e2d8-af19-4dcb-aa12-31b5a539b861" testListId="8c84fa94-04c1-424b-9868-57a2d4851a1d" />
  </TestEntries>
  <TestLists>
    <TestList name="Results Not in a List" id="8c84fa94-04c1-424b-9868-57a2d4851a1d" />
    <TestList name="All Loaded Results" id="19431567-8539-422a-85d7-44ee4e166bda" />
  </TestLists>
  <ResultSummary outcome="Failed">
    <Counters total="191" executed="191" passed="181" failed="10" error="0" timeout="0" aborted="0" inconclusive="0" passedButRunAborted="0" notRunnable="0" notExecuted="0" disconnected="0" warning="0" completed="0" inProgress="0" pending="0" />
    <Output>
      <StdOut>[xUnit.net 00:00:00.00] xUnit.net VSTest Adapter v2.8.1+ce9211e970 (64-bit .NET 8.0.1)
[xUnit.net 00:00:00.06]   Discovering: Appostolic.Api.Tests
[xUnit.net 00:00:00.09]   Discovered:  Appostolic.Api.Tests
[xUnit.net 00:00:00.09]   Starting:    Appostolic.Api.Tests
[xUnit.net 00:00:02.86]       Expected payload!["code"] to be "LEGACY_ROLE_DEPRECATED", but found LEGACY_ROLE_DEPRECATED.
[xUnit.net 00:00:02.86]       Stack Trace:
[xUnit.net 00:00:02.86]            at FluentAssertions.Execution.XUnit2TestFramework.Throw(String message)
[xUnit.net 00:00:02.86]            at FluentAssertions.Execution.TestFrameworkProvider.Throw(String message)
[xUnit.net 00:00:02.86]            at FluentAssertions.Execution.DefaultAssertionStrategy.HandleFailure(String message)
[xUnit.net 00:00:02.86]            at FluentAssertions.Execution.AssertionScope.FailWith(Func`1 failReasonFunc)
[xUnit.net 00:00:02.86]            at FluentAssertions.Execution.AssertionScope.FailWith(Func`1 failReasonFunc)
[xUnit.net 00:00:02.86]            at FluentAssertions.Execution.AssertionScope.FailWith(String message, Object[] args)
[xUnit.net 00:00:02.86]            at FluentAssertions.Primitives.ObjectAssertions`2.Be(TSubject expected, String because, Object[] becauseArgs)
[xUnit.net 00:00:02.86]         /Users/kevinmccreary/appostolic/apps/api.tests/Api/LegacyRoleWritePathDeprecationTests.cs(42,0): at Appostolic.Api.Tests.Api.LegacyRoleWritePathDeprecationTests.Invite_with_legacy_role_only_is_rejected()
[xUnit.net 00:00:02.86]         --- End of stack trace from previous location ---
[xUnit.net 00:00:04.99]       Expected createResp.StatusCode to be HttpStatusCode.Created {value: 201}, but found HttpStatusCode.BadRequest {value: 400}.
[xUnit.net 00:00:04.99]       Stack Trace:
[xUnit.net 00:00:04.99]            at FluentAssertions.Execution.XUnit2TestFramework.Throw(String message)
[xUnit.net 00:00:04.99]            at FluentAssertions.Execution.TestFrameworkProvider.Throw(String message)
[xUnit.net 00:00:04.99]            at FluentAssertions.Execution.DefaultAssertionStrategy.HandleFailure(String message)
[xUnit.net 00:00:04.99]            at FluentAssertions.Execution.AssertionScope.FailWith(Func`1 failReasonFunc)
[xUnit.net 00:00:04.99]            at FluentAssertions.Execution.AssertionScope.FailWith(Func`1 failReasonFunc)
[xUnit.net 00:00:04.99]            at FluentAssertions.Execution.AssertionScope.FailWith(String message, Object[] args)
[xUnit.net 00:00:04.99]            at FluentAssertions.Primitives.EnumAssertions`2.Be(TEnum expected, String because, Object[] becauseArgs)
[xUnit.net 00:00:04.99]         /Users/kevinmccreary/appostolic/apps/api.tests/Api/InvitesEndpointsTests.cs(50,0): at Appostolic.Api.Tests.Api.InvitesEndpointsTests.Invites_Full_Lifecycle_Create_Resend_Accept_Revoke()
[xUnit.net 00:00:04.99]         --- End of stack trace from previous location ---
[xUnit.net 00:00:13.68]       Expected m.roles to be 15, but found 6 (difference of -9).
[xUnit.net 00:00:13.68]       Stack Trace:
[xUnit.net 00:00:13.68]            at FluentAssertions.Execution.XUnit2TestFramework.Throw(String message)
[xUnit.net 00:00:13.68]            at FluentAssertions.Execution.TestFrameworkProvider.Throw(String message)
[xUnit.net 00:00:13.68]            at FluentAssertions.Execution.DefaultAssertionStrategy.HandleFailure(String message)
[xUnit.net 00:00:13.68]            at FluentAssertions.Execution.AssertionScope.FailWith(Func`1 failReasonFunc)
[xUnit.net 00:00:13.68]            at FluentAssertions.Execution.AssertionScope.FailWith(Func`1 failReasonFunc)
[xUnit.net 00:00:13.68]            at FluentAssertions.Execution.AssertionScope.FailWith(String message, Object[] args)
[xUnit.net 00:00:13.68]            at FluentAssertions.Numeric.NumericAssertions`2.Be(T expected, String because, Object[] becauseArgs)
[xUnit.net 00:00:13.68]         /Users/kevinmccreary/appostolic/apps/api.tests/Auth/LoginRolesConvergenceTests.cs(43,0): at Appostolic.Api.AuthTests.LoginRolesConvergenceTests.Login_Corrects_MismatchedRolesBitmask()
[xUnit.net 00:00:13.68]         --- End of stack trace from previous location ---
[xUnit.net 00:00:14.38]       Expected ownerResp.StatusCode to be HttpStatusCode.NoContent {value: 204}, but found HttpStatusCode.Forbidden {value: 403}.
[xUnit.net 00:00:14.39]       Stack Trace:
[xUnit.net 00:00:14.39]            at FluentAssertions.Execution.XUnit2TestFramework.Throw(String message)
[xUnit.net 00:00:14.39]            at FluentAssertions.Execution.TestFrameworkProvider.Throw(String message)
[xUnit.net 00:00:14.39]            at FluentAssertions.Execution.DefaultAssertionStrategy.HandleFailure(String message)
[xUnit.net 00:00:14.39]            at FluentAssertions.Execution.AssertionScope.FailWith(Func`1 failReasonFunc)
[xUnit.net 00:00:14.39]            at FluentAssertions.Execution.AssertionScope.FailWith(Func`1 failReasonFunc)
[xUnit.net 00:00:14.39]            at FluentAssertions.Execution.AssertionScope.FailWith(String message, Object[] args)
[xUnit.net 00:00:14.39]            at FluentAssertions.Primitives.EnumAssertions`2.Be(TEnum expected, String because, Object[] becauseArgs)
[xUnit.net 00:00:14.39]         /Users/kevinmccreary/appostolic/apps/api.tests/Api/MembersManagementTests.cs(126,0): at Appostolic.Api.Tests.Api.MembersManagementTests.Admin_cannot_assign_owner_but_owner_can()
[xUnit.net 00:00:14.39]         --- End of stack trace from previous location ---
[xUnit.net 00:00:14.40]       Expected demoteResp.StatusCode to be HttpStatusCode.NoContent {value: 204}, but found HttpStatusCode.Forbidden {value: 403}.
[xUnit.net 00:00:14.40]       Stack Trace:
[xUnit.net 00:00:14.40]            at FluentAssertions.Execution.XUnit2TestFramework.Throw(String message)
[xUnit.net 00:00:14.40]            at FluentAssertions.Execution.TestFrameworkProvider.Throw(String message)
[xUnit.net 00:00:14.40]            at FluentAssertions.Execution.DefaultAssertionStrategy.HandleFailure(String message)
[xUnit.net 00:00:14.40]            at FluentAssertions.Execution.AssertionScope.FailWith(Func`1 failReasonFunc)
[xUnit.net 00:00:14.40]            at FluentAssertions.Execution.AssertionScope.FailWith(Func`1 failReasonFunc)
[xUnit.net 00:00:14.40]            at FluentAssertions.Execution.AssertionScope.FailWith(String message, Object[] args)
[xUnit.net 00:00:14.40]            at FluentAssertions.Primitives.EnumAssertions`2.Be(TEnum expected, String because, Object[] becauseArgs)
[xUnit.net 00:00:14.40]         /Users/kevinmccreary/appostolic/apps/api.tests/Api/MembersManagementTests.cs(238,0): at Appostolic.Api.Tests.Api.MembersManagementTests.Demote_owner_allowed_when_another_admin_exists()
[xUnit.net 00:00:14.40]         --- End of stack trace from previous location ---
[xUnit.net 00:00:14.57]       Expected createResp.StatusCode to be HttpStatusCode.Created {value: 201}, but found HttpStatusCode.BadRequest {value: 400}.
[xUnit.net 00:00:14.57]       Stack Trace:
[xUnit.net 00:00:14.57]            at FluentAssertions.Execution.XUnit2TestFramework.Throw(String message)
[xUnit.net 00:00:14.57]            at FluentAssertions.Execution.TestFrameworkProvider.Throw(String message)
[xUnit.net 00:00:14.57]            at FluentAssertions.Execution.DefaultAssertionStrategy.HandleFailure(String message)
[xUnit.net 00:00:14.57]            at FluentAssertions.Execution.AssertionScope.FailWith(Func`1 failReasonFunc)
[xUnit.net 00:00:14.57]            at FluentAssertions.Execution.AssertionScope.FailWith(Func`1 failReasonFunc)
[xUnit.net 00:00:14.57]            at FluentAssertions.Execution.AssertionScope.FailWith(String message, Object[] args)
[xUnit.net 00:00:14.57]            at FluentAssertions.Primitives.EnumAssertions`2.Be(TEnum expected, String because, Object[] becauseArgs)
[xUnit.net 00:00:14.57]         /Users/kevinmccreary/appostolic/apps/api.tests/Api/InvitesAcceptTests.cs(41,0): at Appostolic.Api.Tests.Api.InvitesAcceptTests.Accept_SignedIn_User_Matches_Invite_Creates_Membership()
[xUnit.net 00:00:14.57]         --- End of stack trace from previous location ---
[xUnit.net 00:00:15.41]       Expected prop!.GetColumnName(storeObject) to be "role", but found &lt;null&gt;.
[xUnit.net 00:00:15.41]       Stack Trace:
[xUnit.net 00:00:15.41]            at FluentAssertions.Execution.XUnit2TestFramework.Throw(String message)
[xUnit.net 00:00:15.41]            at FluentAssertions.Execution.TestFrameworkProvider.Throw(String message)
[xUnit.net 00:00:15.41]            at FluentAssertions.Execution.DefaultAssertionStrategy.HandleFailure(String message)
[xUnit.net 00:00:15.41]            at FluentAssertions.Execution.AssertionScope.FailWith(Func`1 failReasonFunc)
[xUnit.net 00:00:15.41]            at FluentAssertions.Execution.AssertionScope.FailWith(Func`1 failReasonFunc)
[xUnit.net 00:00:15.41]            at FluentAssertions.Execution.AssertionScope.FailWith(String message, Object[] args)
[xUnit.net 00:00:15.41]            at FluentAssertions.Primitives.StringValidator.ValidateAgainstNulls()
[xUnit.net 00:00:15.41]            at FluentAssertions.Primitives.StringValidator.Validate()
[xUnit.net 00:00:15.41]            at FluentAssertions.Primitives.StringAssertions`1.Be(String expected, String because, Object[] becauseArgs)
[xUnit.net 00:00:15.41]         /Users/kevinmccreary/appostolic/apps/api.tests/Schema/LegacyRoleColumnPresenceTests.cs(31,0): at Appostolic.Api.Tests.Schema.LegacyRoleColumnPresenceTests.Membership_entity_still_has_Legacy_Role_property_mapped()
[xUnit.net 00:00:15.41]            at System.RuntimeMethodHandle.InvokeMethod(Object target, Void** arguments, Signature sig, Boolean isConstructor)
[xUnit.net 00:00:15.41]            at System.Reflection.MethodBaseInvoker.InvokeWithNoArgs(Object obj, BindingFlags invokeAttr)
[xUnit.net 00:00:17.35]       Expected create.StatusCode to be HttpStatusCode.Created {value: 201}, but found HttpStatusCode.BadRequest {value: 400}.
[xUnit.net 00:00:17.35]       Stack Trace:
[xUnit.net 00:00:17.35]            at FluentAssertions.Execution.XUnit2TestFramework.Throw(String message)
[xUnit.net 00:00:17.35]            at FluentAssertions.Execution.TestFrameworkProvider.Throw(String message)
[xUnit.net 00:00:17.35]            at FluentAssertions.Execution.DefaultAssertionStrategy.HandleFailure(String message)
[xUnit.net 00:00:17.35]            at FluentAssertions.Execution.AssertionScope.FailWith(Func`1 failReasonFunc)
[xUnit.net 00:00:17.35]            at FluentAssertions.Execution.AssertionScope.FailWith(Func`1 failReasonFunc)
[xUnit.net 00:00:17.35]            at FluentAssertions.Execution.AssertionScope.FailWith(String message, Object[] args)
[xUnit.net 00:00:17.35]            at FluentAssertions.Primitives.EnumAssertions`2.Be(TEnum expected, String because, Object[] becauseArgs)
[xUnit.net 00:00:17.35]         /Users/kevinmccreary/appostolic/apps/api.tests/Api/InvitesRolesFlagsTests.cs(40,0): at Appostolic.Api.Tests.Api.InvitesRolesFlagsTests.Create_Invite_With_Roles_Flags_Persists_And_Lists()
[xUnit.net 00:00:17.35]         --- End of stack trace from previous location ---
[xUnit.net 00:00:17.35]       System.Net.Http.HttpRequestException : Response status code does not indicate success: 400 (Bad Request).
[xUnit.net 00:00:17.35]       Stack Trace:
[xUnit.net 00:00:17.35]            at System.Net.Http.HttpResponseMessage.EnsureSuccessStatusCode()
[xUnit.net 00:00:17.35]         /Users/kevinmccreary/appostolic/apps/api.tests/Api/InvitesRolesFlagsTests.cs(74,0): at Appostolic.Api.Tests.Api.InvitesRolesFlagsTests.Accept_Invite_Sets_Membership_Roles_Flags()
[xUnit.net 00:00:17.35]         --- End of stack trace from previous location ---
[xUnit.net 00:00:17.36]       Expected create.StatusCode to be HttpStatusCode.Created {value: 201}, but found HttpStatusCode.BadRequest {value: 400}.
[xUnit.net 00:00:17.36]       Stack Trace:
[xUnit.net 00:00:17.36]            at FluentAssertions.Execution.XUnit2TestFramework.Throw(String message)
[xUnit.net 00:00:17.36]            at FluentAssertions.Execution.TestFrameworkProvider.Throw(String message)
[xUnit.net 00:00:17.36]            at FluentAssertions.Execution.DefaultAssertionStrategy.HandleFailure(String message)
[xUnit.net 00:00:17.36]            at FluentAssertions.Execution.AssertionScope.FailWith(Func`1 failReasonFunc)
[xUnit.net 00:00:17.36]            at FluentAssertions.Execution.AssertionScope.FailWith(Func`1 failReasonFunc)
[xUnit.net 00:00:17.36]            at FluentAssertions.Execution.AssertionScope.FailWith(String message, Object[] args)
[xUnit.net 00:00:17.36]            at FluentAssertions.Primitives.EnumAssertions`2.Be(TEnum expected, String because, Object[] becauseArgs)
[xUnit.net 00:00:17.36]         /Users/kevinmccreary/appostolic/apps/api.tests/Api/InvitesRolesFlagsTests.cs(60,0): at Appostolic.Api.Tests.Api.InvitesRolesFlagsTests.Create_Invite_Without_Roles_Derives_From_Legacy_Role()
[xUnit.net 00:00:17.36]         --- End of stack trace from previous location ---
[xUnit.net 00:00:17.68]   Finished:    Appostolic.Api.Tests
</StdOut>
    </Output>
    <RunInfos>
      <RunInfo computerName="mac" outcome="Error" timestamp="2025-09-19T16:26:25.6249990-05:00">
        <Text>[xUnit.net 00:00:02.86]     Appostolic.Api.Tests.Api.LegacyRoleWritePathDeprecationTests.Invite_with_legacy_role_only_is_rejected [FAIL]</Text>
      </RunInfo>
      <RunInfo computerName="mac" outcome="Error" timestamp="2025-09-19T16:26:27.7561760-05:00">
        <Text>[xUnit.net 00:00:04.99]     Appostolic.Api.Tests.Api.InvitesEndpointsTests.Invites_Full_Lifecycle_Create_Resend_Accept_Revoke [FAIL]</Text>
      </RunInfo>
      <RunInfo computerName="mac" outcome="Error" timestamp="2025-09-19T16:26:36.4404900-05:00">
        <Text>[xUnit.net 00:00:13.68]     Appostolic.Api.AuthTests.LoginRolesConvergenceTests.Login_Corrects_MismatchedRolesBitmask [FAIL]</Text>
      </RunInfo>
      <RunInfo computerName="mac" outcome="Error" timestamp="2025-09-19T16:26:37.1468470-05:00">
        <Text>[xUnit.net 00:00:14.38]     Appostolic.Api.Tests.Api.MembersManagementTests.Admin_cannot_assign_owner_but_owner_can [FAIL]</Text>
      </RunInfo>
      <RunInfo computerName="mac" outcome="Error" timestamp="2025-09-19T16:26:37.1569210-05:00">
        <Text>[xUnit.net 00:00:14.39]     Appostolic.Api.Tests.Api.MembersManagementTests.Demote_owner_allowed_when_another_admin_exists [FAIL]</Text>
      </RunInfo>
      <RunInfo computerName="mac" outcome="Error" timestamp="2025-09-19T16:26:37.3278800-05:00">
        <Text>[xUnit.net 00:00:14.57]     Appostolic.Api.Tests.Api.InvitesAcceptTests.Accept_SignedIn_User_Matches_Invite_Creates_Membership [FAIL]</Text>
      </RunInfo>
      <RunInfo computerName="mac" outcome="Error" timestamp="2025-09-19T16:26:38.1720920-05:00">
        <Text>[xUnit.net 00:00:15.41]     Appostolic.Api.Tests.Schema.LegacyRoleColumnPresenceTests.Membership_entity_still_has_Legacy_Role_property_mapped [FAIL]</Text>
      </RunInfo>
      <RunInfo computerName="mac" outcome="Error" timestamp="2025-09-19T16:26:40.1106020-05:00">
        <Text>[xUnit.net 00:00:17.35]     Appostolic.Api.Tests.Api.InvitesRolesFlagsTests.Create_Invite_With_Roles_Flags_Persists_And_Lists [FAIL]</Text>
      </RunInfo>
      <RunInfo computerName="mac" outcome="Error" timestamp="2025-09-19T16:26:40.1156030-05:00">
        <Text>[xUnit.net 00:00:17.35]     Appostolic.Api.Tests.Api.InvitesRolesFlagsTests.Accept_Invite_Sets_Membership_Roles_Flags [FAIL]</Text>
      </RunInfo>
      <RunInfo computerName="mac" outcome="Error" timestamp="2025-09-19T16:26:40.1217830-05:00">
        <Text>[xUnit.net 00:00:17.36]     Appostolic.Api.Tests.Api.InvitesRolesFlagsTests.Create_Invite_Without_Roles_Derives_From_Legacy_Role [FAIL]</Text>
      </RunInfo>
    </RunInfos>
  </ResultSummary>
</TestRun>