<?xml version="1.0" encoding="utf-8"?>
<TestRun id="0084005c-d16f-4813-98ce-2544c52c9b1a" name="@MacBook-Pro-2 2025-09-15 14:07:20" xmlns="http://microsoft.com/schemas/VisualStudio/TeamTest/2010">
  <Times creation="2025-09-15T14:07:20.1316120-05:00" queuing="2025-09-15T14:07:20.1316120-05:00" start="2025-09-15T14:07:18.7488720-05:00" finish="2025-09-15T14:07:32.9360790-05:00" />
  <TestSettings name="default" id="39ff5b99-b255-4fb2-997d-595c50fd60ac">
    <Deployment runDeploymentRoot="_MacBook-Pro-2_2025-09-15_14_07_20" />
  </TestSettings>
  <Results>
    <UnitTestResult executionId="fc936e5c-40a3-4020-ac8f-cd60c5c03226" testId="3b3a68c1-1138-770e-4b05-0d7fb6b68738" testName="Appostolic.Api.Tests.Orchestrator.TokenAggregationTests.CostIsNull_WhenPricingDisabled" computerName="MacBook-Pro-2" duration="00:00:00.0048018" startTime="2025-09-15T14:07:31.4706060-05:00" endTime="2025-09-15T14:07:31.4706060-05:00" testType="13cdc9d9-ddb5-4fa4-a97d-d965ccfc6d4b" outcome="Passed" testListId="8c84fa94-04c1-424b-9868-57a2d4851a1d" relativeResultsDirectory="fc936e5c-40a3-4020-ac8f-cd60c5c03226" />
    <UnitTestResult executionId="f2f81d79-861d-4c37-a63a-c4818566335b" testId="90d1f61e-9ba1-ff1a-f0a6-e17acbda2dee" testName="Appostolic.Api.Tests.Security.RoleAuthorizationTests.CreatorPolicy_Allows_WhenMembershipHasCreator" computerName="MacBook-Pro-2" duration="00:00:00.0007289" startTime="2025-09-15T14:07:32.4592190-05:00" endTime="2025-09-15T14:07:32.4592190-05:00" testType="13cdc9d9-ddb5-4fa4-a97d-d965ccfc6d4b" outcome="Passed" testListId="8c84fa94-04c1-424b-9868-57a2d4851a1d" relativeResultsDirectory="f2f81d79-861d-4c37-a63a-c4818566335b" />
    <UnitTestResult executionId="86656e43-4ea2-4c23-9924-694f89907dae" testId="691bf80d-9ec7-7de8-ad81-702e4cdb8bfd" testName="WebSearchToolTests.Take_limits_results" computerName="MacBook-Pro-2" duration="00:00:00.0008979" startTime="2025-09-15T14:07:23.4258080-05:00" endTime="2025-09-15T14:07:23.4258080-05:00" testType="13cdc9d9-ddb5-4fa4-a97d-d965ccfc6d4b" outcome="Passed" testListId="8c84fa94-04c1-424b-9868-57a2d4851a1d" relativeResultsDirectory="86656e43-4ea2-4c23-9924-694f89907dae" />
    <UnitTestResult executionId="229d24c7-313c-415a-911c-949ca6705f3f" testId="e507a4d5-4aa9-7d32-05a9-ecfa3f03323d" testName="Appostolic.Api.Tests.Security.AgentTasksAuthContractTests.ListEndpoint_RequiresDevHeaders" computerName="MacBook-Pro-2" duration="00:00:00.2160386" startTime="2025-09-15T14:07:29.2489940-05:00" endTime="2025-09-15T14:07:29.2489940-05:00" testType="13cdc9d9-ddb5-4fa4-a97d-d965ccfc6d4b" outcome="Passed" testListId="8c84fa94-04c1-424b-9868-57a2d4851a1d" relativeResultsDirectory="229d24c7-313c-415a-911c-949ca6705f3f" />
    <UnitTestResult executionId="1abc1ea9-c3b7-470b-bb3d-63bd7de27b90" testId="051a87a0-4947-acab-5222-3cc970dba0ba" testName="Appostolic.Api.Tests.Notifications.NotificationsResendTests.Can_insert_child_with_resend_of_fk" computerName="MacBook-Pro-2" duration="00:00:00.0053243" startTime="2025-09-15T14:07:22.1991410-05:00" endTime="2025-09-15T14:07:22.1991410-05:00" testType="13cdc9d9-ddb5-4fa4-a97d-d965ccfc6d4b" outcome="Passed" testListId="8c84fa94-04c1-424b-9868-57a2d4851a1d" relativeResultsDirectory="1abc1ea9-c3b7-470b-bb3d-63bd7de27b90" />
    <UnitTestResult executionId="55df80cb-9652-4f36-bc04-cf97852c6e11" testId="3494b3d5-98dd-209c-c4b4-d8d0bff712f0" testName="FsWriteToolTests.Writes_file_under_root_and_returns_sha" computerName="MacBook-Pro-2" duration="00:00:00.0053610" startTime="2025-09-15T14:07:25.9396390-05:00" endTime="2025-09-15T14:07:25.9396390-05:00" testType="13cdc9d9-ddb5-4fa4-a97d-d965ccfc6d4b" outcome="Passed" testListId="8c84fa94-04c1-424b-9868-57a2d4851a1d" relativeResultsDirectory="55df80cb-9652-4f36-bc04-cf97852c6e11" />
    <UnitTestResult executionId="e0896ea6-48c8-4c32-8de3-9b38fa954377" testId="30aa5bc1-9211-739f-532d-176c6c3c3a30" testName="Appostolic.Api.Tests.Orchestrator.AgentOrchestratorTests.MaxStepsExceeded_FailsAfterCap" computerName="MacBook-Pro-2" duration="00:00:00.0008594" startTime="2025-09-15T14:07:23.4179070-05:00" endTime="2025-09-15T14:07:23.4179070-05:00" testType="13cdc9d9-ddb5-4fa4-a97d-d965ccfc6d4b" outcome="Passed" testListId="8c84fa94-04c1-424b-9868-57a2d4851a1d" relativeResultsDirectory="e0896ea6-48c8-4c32-8de3-9b38fa954377" />
    <UnitTestResult executionId="69ad706a-2024-4158-b415-559290f71840" testId="e4ef9dda-68e5-63b6-ccb6-0b8c602aab58" testName="Appostolic.Api.Tests.Notifications.AutoResendScannerTests.Skips_when_disabled" computerName="MacBook-Pro-2" duration="00:00:00.0019500" startTime="2025-09-15T14:07:22.1860350-05:00" endTime="2025-09-15T14:07:22.1860350-05:00" testType="13cdc9d9-ddb5-4fa4-a97d-d965ccfc6d4b" outcome="Passed" testListId="8c84fa94-04c1-424b-9868-57a2d4851a1d" relativeResultsDirectory="69ad706a-2024-4158-b415-559290f71840" />
    <UnitTestResult executionId="475f7487-83b9-4977-8081-8305a5ceff9e" testId="4f93dd2b-351a-bca6-2b8b-95fc20f20ddd" testName="Appostolic.Api.Tests.AgentTasks.AgentTasksListFilterPaginationTests.Paging_Returns_XTotalCount_And_DescOrdering" computerName="MacBook-Pro-2" duration="00:00:00.1289269" startTime="2025-09-15T14:07:20.9008100-05:00" endTime="2025-09-15T14:07:20.9008100-05:00" testType="13cdc9d9-ddb5-4fa4-a97d-d965ccfc6d4b" outcome="Passed" testListId="8c84fa94-04c1-424b-9868-57a2d4851a1d" relativeResultsDirectory="475f7487-83b9-4977-8081-8305a5ceff9e" />
    <UnitTestResult executionId="0fd4e012-4de2-44f6-8045-4f43ef2b57a3" testId="a00d92b0-35aa-1e7c-b5ff-79738a042c12" testName="Appostolic.Api.Tests.SendGridEmailSenderTests.Throws_on_400" computerName="MacBook-Pro-2" duration="00:00:00.0028378" startTime="2025-09-15T14:07:32.4621390-05:00" endTime="2025-09-15T14:07:32.4621390-05:00" testType="13cdc9d9-ddb5-4fa4-a97d-d965ccfc6d4b" outcome="Passed" testListId="8c84fa94-04c1-424b-9868-57a2d4851a1d" relativeResultsDirectory="0fd4e012-4de2-44f6-8045-4f43ef2b57a3" />
    <UnitTestResult executionId="001fe4b2-84b3-43ff-923a-490981a40f55" testId="544ee02e-a795-79f3-8c38-56202dce3170" testName="Appostolic.Api.Tests.Api.MembersManagementTests.Remove_non_owner_member" computerName="MacBook-Pro-2" duration="00:00:00.0043055" startTime="2025-09-15T14:07:32.4399300-05:00" endTime="2025-09-15T14:07:32.4399300-05:00" testType="13cdc9d9-ddb5-4fa4-a97d-d965ccfc6d4b" outcome="Passed" testListId="8c84fa94-04c1-424b-9868-57a2d4851a1d" relativeResultsDirectory="001fe4b2-84b3-43ff-923a-490981a40f55" />
    <UnitTestResult executionId="3976fe51-c946-4566-b2fe-9a96a5013a50" testId="12c3c514-0e1a-a711-90d4-344685873f0e" testName="Appostolic.Api.AuthTests.LoginTests.Login_InvalidCredentials_Returns401" computerName="MacBook-Pro-2" duration="00:00:00.1550952" startTime="2025-09-15T14:07:31.6287450-05:00" endTime="2025-09-15T14:07:31.6287450-05:00" testType="13cdc9d9-ddb5-4fa4-a97d-d965ccfc6d4b" outcome="Passed" testListId="8c84fa94-04c1-424b-9868-57a2d4851a1d" relativeResultsDirectory="3976fe51-c946-4566-b2fe-9a96a5013a50" />
    <UnitTestResult executionId="f00ef59e-b014-4b40-854d-ab3591dcbf8d" testId="0f0c7731-d28a-bcbe-054f-641f024437ac" testName="Appostolic.Api.Tests.ModelMappingTests.AgentTask_Status_is_converted_as_string" computerName="MacBook-Pro-2" duration="00:00:00.0021268" startTime="2025-09-15T14:07:28.9816570-05:00" endTime="2025-09-15T14:07:28.9816570-05:00" testType="13cdc9d9-ddb5-4fa4-a97d-d965ccfc6d4b" outcome="Passed" testListId="8c84fa94-04c1-424b-9868-57a2d4851a1d" relativeResultsDirectory="f00ef59e-b014-4b40-854d-ab3591dcbf8d" />
    <UnitTestResult executionId="da9e5f04-43e7-4c0c-bd4f-8cad281067fa" testId="ad304976-430a-8b69-e0d9-931ece855b31" testName="Appostolic.Api.Tests.AgentTasks.AgentTasksListFilterPaginationTests.Date_Range_Filter_On_CreatedAt" computerName="MacBook-Pro-2" duration="00:00:00.3027567" startTime="2025-09-15T14:07:20.7275610-05:00" endTime="2025-09-15T14:07:20.7275610-05:00" testType="13cdc9d9-ddb5-4fa4-a97d-d965ccfc6d4b" outcome="Passed" testListId="8c84fa94-04c1-424b-9868-57a2d4851a1d" relativeResultsDirectory="da9e5f04-43e7-4c0c-bd4f-8cad281067fa" />
    <UnitTestResult executionId="a96653d0-92cb-49a7-a256-6af58a9c4a5f" testId="eeaccddf-52e1-1db7-6606-fc19c2721862" testName="Appostolic.Api.Tests.Api.AuthPasswordFlowsTests.ResetPassword_WithValidToken_UpdatesHashAndConsumesToken" computerName="MacBook-Pro-2" duration="00:00:00.2979891" startTime="2025-09-15T14:07:30.8363500-05:00" endTime="2025-09-15T14:07:30.8363500-05:00" testType="13cdc9d9-ddb5-4fa4-a97d-d965ccfc6d4b" outcome="Passed" testListId="8c84fa94-04c1-424b-9868-57a2d4851a1d" relativeResultsDirectory="a96653d0-92cb-49a7-a256-6af58a9c4a5f" />
    <UnitTestResult executionId="f74a8f18-ba77-4cb2-af8f-943a7fa3fbf6" testId="a2b0d89c-f17d-2c60-2870-72017089ab94" testName="Appostolic.Api.Tests.Api.NotificationsAdminEndpointsTests.Bulk_resend_creates_with_limit_and_counts_throttled" computerName="MacBook-Pro-2" duration="00:00:00.1648200" startTime="2025-09-15T14:07:28.8291080-05:00" endTime="2025-09-15T14:07:28.8291080-05:00" testType="13cdc9d9-ddb5-4fa4-a97d-d965ccfc6d4b" outcome="Passed" testListId="8c84fa94-04c1-424b-9868-57a2d4851a1d" relativeResultsDirectory="f74a8f18-ba77-4cb2-af8f-943a7fa3fbf6" />
    <UnitTestResult executionId="df65329d-d4ba-429f-ac9e-685f5b7a0553" testId="f36e146c-5e84-0e67-2982-f20e16e0dd68" testName="Appostolic.Api.Tests.ModelMappingTests.Agent_check_constraints_are_configured_in_model" computerName="MacBook-Pro-2" duration="00:00:00.0365736" startTime="2025-09-15T14:07:29.0182900-05:00" endTime="2025-09-15T14:07:29.0182900-05:00" testType="13cdc9d9-ddb5-4fa4-a97d-d965ccfc6d4b" outcome="Passed" testListId="8c84fa94-04c1-424b-9868-57a2d4851a1d" relativeResultsDirectory="df65329d-d4ba-429f-ac9e-685f5b7a0553" />
    <UnitTestResult executionId="1565b7dc-12c7-48ad-b8fe-7c2fc694f18d" testId="6a6d73d7-7d30-455c-71a4-79ea460d8c8c" testName="Appostolic.Api.Tests.Notifications.RedisTransportPrivacyTests.EnqueueFailure_LogsErrorWithoutPayloadContents" computerName="MacBook-Pro-2" duration="00:00:00.0599321" startTime="2025-09-15T14:07:22.3846020-05:00" endTime="2025-09-15T14:07:22.3846020-05:00" testType="13cdc9d9-ddb5-4fa4-a97d-d965ccfc6d4b" outcome="Passed" testListId="8c84fa94-04c1-424b-9868-57a2d4851a1d" relativeResultsDirectory="1565b7dc-12c7-48ad-b8fe-7c2fc694f18d" />
    <UnitTestResult executionId="e3bdd6e2-17d5-4042-aa8b-e02c1d916494" testId="6af85923-8d05-0c62-0cc5-a5120df2d8e5" testName="Appostolic.Api.Tests.Api.AgentTasksEndpointsTests.List_Pending_ReturnsCreatedFirst" computerName="MacBook-Pro-2" duration="00:00:00.0028740" startTime="2025-09-15T14:07:32.6244760-05:00" endTime="2025-09-15T14:07:32.6244760-05:00" testType="13cdc9d9-ddb5-4fa4-a97d-d965ccfc6d4b" outcome="Passed" testListId="8c84fa94-04c1-424b-9868-57a2d4851a1d" relativeResultsDirectory="e3bdd6e2-17d5-4042-aa8b-e02c1d916494" />
    <UnitTestResult executionId="8a29ef37-e43a-4843-a689-6f5cba6488e6" testId="fdf88970-87c6-f740-810f-e878127ff782" testName="Appostolic.Api.Tests.Api.NotificationsProdEndpointsTests.Resend_returns_404_when_missing" computerName="MacBook-Pro-2" duration="00:00:00.1576543" startTime="2025-09-15T14:07:23.9139250-05:00" endTime="2025-09-15T14:07:23.9139250-05:00" testType="13cdc9d9-ddb5-4fa4-a97d-d965ccfc6d4b" outcome="Passed" testListId="8c84fa94-04c1-424b-9868-57a2d4851a1d" relativeResultsDirectory="8a29ef37-e43a-4843-a689-6f5cba6488e6" />
    <UnitTestResult executionId="316a5fe8-53c6-4a0b-a95f-36eca3edb046" testId="c608eb38-09c4-17b8-a16b-ae9b91798432" testName="Appostolic.Api.Tests.Api.NotificationsWebhookTests.SendGridWebhook_updates_provider_status_when_token_matches" computerName="MacBook-Pro-2" duration="00:00:00.0230985" startTime="2025-09-15T14:07:21.1572930-05:00" endTime="2025-09-15T14:07:21.1572930-05:00" testType="13cdc9d9-ddb5-4fa4-a97d-d965ccfc6d4b" outcome="Passed" testListId="8c84fa94-04c1-424b-9868-57a2d4851a1d" relativeResultsDirectory="316a5fe8-53c6-4a0b-a95f-36eca3edb046" />
    <UnitTestResult executionId="7f30beb6-fe7d-407f-a0db-17870c6a0844" testId="33c114dd-901b-348b-cb07-4ff32816218d" testName="Appostolic.Api.Tests.AgentConstraintTests.Agent_MaxSteps_out_of_range_throws_in_domain_constructor" computerName="MacBook-Pro-2" duration="00:00:00.0005795" startTime="2025-09-15T14:07:20.2422810-05:00" endTime="2025-09-15T14:07:20.2422810-05:00" testType="13cdc9d9-ddb5-4fa4-a97d-d965ccfc6d4b" outcome="Passed" testListId="8c84fa94-04c1-424b-9868-57a2d4851a1d" relativeResultsDirectory="7f30beb6-fe7d-407f-a0db-17870c6a0844" />
    <UnitTestResult executionId="6af0d9b9-f9f9-4a89-a613-9765df1a2904" testId="6e2b7510-d3ae-c174-2b57-710f63c82ad0" testName="TemplateRendererTests.Verification_template_renders_link_and_subject" computerName="MacBook-Pro-2" duration="00:00:00.0303571" startTime="2025-09-15T14:07:21.1881630-05:00" endTime="2025-09-15T14:07:21.1881630-05:00" testType="13cdc9d9-ddb5-4fa4-a97d-d965ccfc6d4b" outcome="Passed" testListId="8c84fa94-04c1-424b-9868-57a2d4851a1d" relativeResultsDirectory="6af0d9b9-f9f9-4a89-a613-9765df1a2904" />
    <UnitTestResult executionId="c9b379dc-ab65-4a27-81eb-4a4e0dd803dd" testId="019214c2-5ff4-3fed-608d-44f050052b40" testName="Appostolic.Api.Tests.Api.AssignmentsApiTests.List_memberships_requires_admin_and_returns_roles" computerName="MacBook-Pro-2" duration="00:00:00.0278541" startTime="2025-09-15T14:07:20.1582400-05:00" endTime="2025-09-15T14:07:20.1582400-05:00" testType="13cdc9d9-ddb5-4fa4-a97d-d965ccfc6d4b" outcome="Passed" testListId="8c84fa94-04c1-424b-9868-57a2d4851a1d" relativeResultsDirectory="c9b379dc-ab65-4a27-81eb-4a4e0dd803dd" />
    <UnitTestResult executionId="1bffffea-93fc-415b-b9b7-849ee7fa1521" testId="ec039bf7-f831-a8e3-834c-89707ff2f6d2" testName="Appostolic.Api.Tests.NotificationEnqueuerTests.QueueVerification_uses_relative_when_base_missing" computerName="MacBook-Pro-2" duration="00:00:00.0026113" startTime="2025-09-15T14:07:22.6350120-05:00" endTime="2025-09-15T14:07:22.6350120-05:00" testType="13cdc9d9-ddb5-4fa4-a97d-d965ccfc6d4b" outcome="Passed" testListId="8c84fa94-04c1-424b-9868-57a2d4851a1d" relativeResultsDirectory="1bffffea-93fc-415b-b9b7-849ee7fa1521" />
    <UnitTestResult executionId="ea885e1b-8eed-4519-bba2-1f7fb89134af" testId="f0e4d307-078d-a4e0-f168-b961578cd197" testName="Appostolic.Api.Tests.Security.RoleAuthorizationTests.CreatorPolicy_Denies_WhenNoMembership" computerName="MacBook-Pro-2" duration="00:00:00.0014521" startTime="2025-09-15T14:07:32.4584610-05:00" endTime="2025-09-15T14:07:32.4584610-05:00" testType="13cdc9d9-ddb5-4fa4-a97d-d965ccfc6d4b" outcome="Passed" testListId="8c84fa94-04c1-424b-9868-57a2d4851a1d" relativeResultsDirectory="ea885e1b-8eed-4519-bba2-1f7fb89134af" />
    <UnitTestResult executionId="89b03de7-29a2-4d0e-abe0-4f58606c34e8" testId="68b95691-6ef6-716d-545d-ee6cf04d94e7" testName="Appostolic.Api.Tests.Api.NotificationsAdminEndpointsTests.Dlq_list_returns_failed_and_deadletter_with_paging" computerName="MacBook-Pro-2" duration="00:00:00.2322221" startTime="2025-09-15T14:07:28.6640750-05:00" endTime="2025-09-15T14:07:28.6640750-05:00" testType="13cdc9d9-ddb5-4fa4-a97d-d965ccfc6d4b" outcome="Passed" testListId="8c84fa94-04c1-424b-9868-57a2d4851a1d" relativeResultsDirectory="89b03de7-29a2-4d0e-abe0-4f58606c34e8" />
    <UnitTestResult executionId="04525eca-1fd9-478d-9821-496b763ace18" testId="caeaccb8-00ea-302b-441d-17caf5fd9b5d" testName="Appostolic.Api.Tests.ModelMappingTests.Notification_resend_fields_are_mapped_with_indexes" computerName="MacBook-Pro-2" duration="00:00:00.0136761" startTime="2025-09-15T14:07:29.0319850-05:00" endTime="2025-09-15T14:07:29.0319850-05:00" testType="13cdc9d9-ddb5-4fa4-a97d-d965ccfc6d4b" outcome="Passed" testListId="8c84fa94-04c1-424b-9868-57a2d4851a1d" relativeResultsDirectory="04525eca-1fd9-478d-9821-496b763ace18" />
    <UnitTestResult executionId="b158d3f2-d8db-447e-ad4a-a510b0429dff" testId="f5342a6b-27a3-125c-432b-bd0ce4c9f03d" testName="Appostolic.Api.Tests.Api.InvitesRolesFlagsTests.Create_Invite_Without_Roles_Derives_From_Legacy_Role" computerName="MacBook-Pro-2" duration="00:00:00.0079095" startTime="2025-09-15T14:07:24.6261640-05:00" endTime="2025-09-15T14:07:24.6261640-05:00" testType="13cdc9d9-ddb5-4fa4-a97d-d965ccfc6d4b" outcome="Passed" testListId="8c84fa94-04c1-424b-9868-57a2d4851a1d" relativeResultsDirectory="b158d3f2-d8db-447e-ad4a-a510b0429dff" />
    <UnitTestResult executionId="c53662c1-accf-4988-91ee-36a20df3f308" testId="37b7f024-73bb-98ae-d17f-d1c0ce9f17e8" testName="Appostolic.Api.Tests.ModelMappingTests.AgentTrace_Kind_is_mapped_as_int" computerName="MacBook-Pro-2" duration="00:00:00.1462582" startTime="2025-09-15T14:07:28.9755850-05:00" endTime="2025-09-15T14:07:28.9755850-05:00" testType="13cdc9d9-ddb5-4fa4-a97d-d965ccfc6d4b" outcome="Passed" testListId="8c84fa94-04c1-424b-9868-57a2d4851a1d" relativeResultsDirectory="c53662c1-accf-4988-91ee-36a20df3f308" />
    <UnitTestResult executionId="c3f168cd-770f-45ca-b986-588c4dedb64a" testId="efe354b5-5489-bbb2-88ee-c8f998cb6176" testName="Appostolic.Api.Tests.AgentTasks.AgentTasksListFilterPaginationTests.Agent_Filter_Returns_Only_Matching" computerName="MacBook-Pro-2" duration="00:00:00.0280580" startTime="2025-09-15T14:07:20.7717210-05:00" endTime="2025-09-15T14:07:20.7717210-05:00" testType="13cdc9d9-ddb5-4fa4-a97d-d965ccfc6d4b" outcome="Passed" testListId="8c84fa94-04c1-424b-9868-57a2d4851a1d" relativeResultsDirectory="c3f168cd-770f-45ca-b986-588c4dedb64a" />
    <UnitTestResult executionId="b8732bb5-bba9-4a5e-9ec6-ebbfabd5fd45" testId="eba2e046-3c6c-f48b-f85f-b23828d8319b" testName="Appostolic.Api.Tests.AgentOrchestratorTests.ToolNotAllowed_FailsAndTracesFailure" computerName="MacBook-Pro-2" duration="00:00:00.0024583" startTime="2025-09-15T14:07:25.4027820-05:00" endTime="2025-09-15T14:07:25.4027820-05:00" testType="13cdc9d9-ddb5-4fa4-a97d-d965ccfc6d4b" outcome="Passed" testListId="8c84fa94-04c1-424b-9868-57a2d4851a1d" relativeResultsDirectory="b8732bb5-bba9-4a5e-9ec6-ebbfabd5fd45" />
    <UnitTestResult executionId="93a9b6ff-cdff-4380-81dd-c117d68c0f4d" testId="57eb4321-b137-5017-063e-e3e669ff6aa8" testName="Appostolic.Api.Tests.E2E.NotificationsE2E_Mailhog.VerificationEmail_reaches_Mailhog_and_outbox_marks_Sent" computerName="MacBook-Pro-2" duration="00:00:00.4337687" startTime="2025-09-15T14:07:21.8668970-05:00" endTime="2025-09-15T14:07:21.8668970-05:00" testType="13cdc9d9-ddb5-4fa4-a97d-d965ccfc6d4b" outcome="Passed" testListId="8c84fa94-04c1-424b-9868-57a2d4851a1d" relativeResultsDirectory="93a9b6ff-cdff-4380-81dd-c117d68c0f4d" />
    <UnitTestResult executionId="d68f6c64-8a2c-4f4d-bc73-7ce00ae9ab47" testId="d9d051a9-d261-1011-dbde-e42b30d539a9" testName="Appostolic.Api.Tests.Orchestrator.AgentOrchestratorTests.ToolMissing_FailsWithToolNotFound" computerName="MacBook-Pro-2" duration="00:00:00.0010571" startTime="2025-09-15T14:07:23.4232260-05:00" endTime="2025-09-15T14:07:23.4232260-05:00" testType="13cdc9d9-ddb5-4fa4-a97d-d965ccfc6d4b" outcome="Passed" testListId="8c84fa94-04c1-424b-9868-57a2d4851a1d" relativeResultsDirectory="d68f6c64-8a2c-4f4d-bc73-7ce00ae9ab47" />
    <UnitTestResult executionId="45098a81-7949-4dd5-a00d-f5344ef86fb4" testId="04a8bdbc-fefc-28fe-9d41-eb27166daebb" testName="Appostolic.Api.Tests.Api.InvitesRolesFlagsTests.Create_Invite_With_Roles_Flags_Persists_And_Lists" computerName="MacBook-Pro-2" duration="00:00:00.1745547" startTime="2025-09-15T14:07:24.5955050-05:00" endTime="2025-09-15T14:07:24.5955050-05:00" testType="13cdc9d9-ddb5-4fa4-a97d-d965ccfc6d4b" outcome="Passed" testListId="8c84fa94-04c1-424b-9868-57a2d4851a1d" relativeResultsDirectory="45098a81-7949-4dd5-a00d-f5344ef86fb4" />
    <UnitTestResult executionId="3ffd6d7b-b24d-46b2-b57c-7c5a7b036d02" testId="1c8df7f1-aa05-88d6-f922-5ecb50d1b5d9" testName="Appostolic.Api.Tests.ModelMappingTests.Agent_ToolAllowlist_is_jsonb_and_roundtrips_like_array" computerName="MacBook-Pro-2" duration="00:00:00.0038911" startTime="2025-09-15T14:07:28.9795090-05:00" endTime="2025-09-15T14:07:28.9795090-05:00" testType="13cdc9d9-ddb5-4fa4-a97d-d965ccfc6d4b" outcome="Passed" testListId="8c84fa94-04c1-424b-9868-57a2d4851a1d" relativeResultsDirectory="3ffd6d7b-b24d-46b2-b57c-7c5a7b036d02" />
    <UnitTestResult executionId="efd5d26c-5b14-494b-8d22-bb902dc557e6" testId="2e294ae5-fc9b-2692-1d65-f4ebb89ab5ef" testName="Appostolic.Api.Tests.Api.NotificationsAdminEndpointsTests.Dlq_replay_requeues_and_publishes_ids" computerName="MacBook-Pro-2" duration="00:00:00.1814062" startTime="2025-09-15T14:07:27.7464020-05:00" endTime="2025-09-15T14:07:27.7464020-05:00" testType="13cdc9d9-ddb5-4fa4-a97d-d965ccfc6d4b" outcome="Passed" testListId="8c84fa94-04c1-424b-9868-57a2d4851a1d" relativeResultsDirectory="efd5d26c-5b14-494b-8d22-bb902dc557e6" />
    <UnitTestResult executionId="cd2ffd7b-3ad4-442c-86b6-cedc91484c9e" testId="02f4c01b-4d57-cea6-940b-91f660d6b3a5" testName="Appostolic.Api.Tests.SendGridEmailSenderTests.Sends_on_202_Accepted" computerName="MacBook-Pro-2" duration="00:00:00.0003206" startTime="2025-09-15T14:07:32.4624990-05:00" endTime="2025-09-15T14:07:32.4624990-05:00" testType="13cdc9d9-ddb5-4fa4-a97d-d965ccfc6d4b" outcome="Passed" testListId="8c84fa94-04c1-424b-9868-57a2d4851a1d" relativeResultsDirectory="cd2ffd7b-3ad4-442c-86b6-cedc91484c9e" />
    <UnitTestResult executionId="1dff6c2d-fb47-4cc4-9afd-32715258b493" testId="6447b752-ca58-5092-2c5d-d1f5fe58b5dc" testName="WebSearchToolTests.Empty_query_returns_empty" computerName="MacBook-Pro-2" duration="00:00:00.0003387" startTime="2025-09-15T14:07:23.4261770-05:00" endTime="2025-09-15T14:07:23.4261770-05:00" testType="13cdc9d9-ddb5-4fa4-a97d-d965ccfc6d4b" outcome="Passed" testListId="8c84fa94-04c1-424b-9868-57a2d4851a1d" relativeResultsDirectory="1dff6c2d-fb47-4cc4-9afd-32715258b493" />
    <UnitTestResult executionId="e94513b5-2bdb-4cc8-a7ea-05643452a2ae" testId="b9af0f84-0079-b683-0d77-346a6542b5b4" testName="Appostolic.Api.Tests.NotificationEnqueuerTests.QueueInvite_enqueues_correct_message" computerName="MacBook-Pro-2" duration="00:00:00.0048064" startTime="2025-09-15T14:07:22.6399770-05:00" endTime="2025-09-15T14:07:22.6399770-05:00" testType="13cdc9d9-ddb5-4fa4-a97d-d965ccfc6d4b" outcome="Passed" testListId="8c84fa94-04c1-424b-9868-57a2d4851a1d" relativeResultsDirectory="e94513b5-2bdb-4cc8-a7ea-05643452a2ae" />
    <UnitTestResult executionId="b23407d8-bccc-48a7-83dd-a2078c8ff979" testId="e1e10047-9c95-2461-ef88-42d3da0fbb82" testName="Appostolic.Api.Tests.E2E.AgentTasksE2E_Golden.HappyPath_projection_matches_golden_fixture" computerName="MacBook-Pro-2" duration="00:00:00.2900984" startTime="2025-09-15T14:07:23.4057250-05:00" endTime="2025-09-15T14:07:23.4057250-05:00" testType="13cdc9d9-ddb5-4fa4-a97d-d965ccfc6d4b" outcome="Passed" testListId="8c84fa94-04c1-424b-9868-57a2d4851a1d" relativeResultsDirectory="b23407d8-bccc-48a7-83dd-a2078c8ff979" />
    <UnitTestResult executionId="f50d44de-e29d-43c5-bba1-70baaa541bb7" testId="94ec43a1-8d1a-e493-b213-b33a5a6877b2" testName="FsWriteToolTests.Rejects_path_traversal" computerName="MacBook-Pro-2" duration="00:00:00.0011470" startTime="2025-09-15T14:07:25.9408590-05:00" endTime="2025-09-15T14:07:25.9408590-05:00" testType="13cdc9d9-ddb5-4fa4-a97d-d965ccfc6d4b" outcome="Passed" testListId="8c84fa94-04c1-424b-9868-57a2d4851a1d" relativeResultsDirectory="f50d44de-e29d-43c5-bba1-70baaa541bb7" />
    <UnitTestResult executionId="22d44a0e-2896-4d2e-9ad7-fda1fd99d161" testId="f242966d-9728-e09e-ef23-e439d6a28402" testName="Appostolic.Api.Tests.Api.MembersManagementTests.Cannot_demote_or_remove_last_owner" computerName="MacBook-Pro-2" duration="00:00:00.1668594" startTime="2025-09-15T14:07:32.4241050-05:00" endTime="2025-09-15T14:07:32.4241050-05:00" testType="13cdc9d9-ddb5-4fa4-a97d-d965ccfc6d4b" outcome="Passed" testListId="8c84fa94-04c1-424b-9868-57a2d4851a1d" relativeResultsDirectory="22d44a0e-2896-4d2e-9ad7-fda1fd99d161" />
    <UnitTestResult executionId="d510eb0d-4bbf-4258-ad32-0d915b0ac6fb" testId="8f2edffb-b43d-5750-46cc-f6c9051abba5" testName="Appostolic.Api.AuthTests.LoginTests.Login_ValidCredentials_Returns200" computerName="MacBook-Pro-2" duration="00:00:00.6272257" startTime="2025-09-15T14:07:32.2562600-05:00" endTime="2025-09-15T14:07:32.2562600-05:00" testType="13cdc9d9-ddb5-4fa4-a97d-d965ccfc6d4b" outcome="Passed" testListId="8c84fa94-04c1-424b-9868-57a2d4851a1d" relativeResultsDirectory="d510eb0d-4bbf-4258-ad32-0d915b0ac6fb" />
    <UnitTestResult executionId="62e85b0f-9352-4f06-bdea-79d5046a316c" testId="6b0df781-2303-2b77-2cc6-dbbd4c3e9e73" testName="Appostolic.Api.Tests.Api.AuditTrailTests.Set_roles_writes_audit_row_with_old_and_new_roles" computerName="MacBook-Pro-2" duration="00:00:00.3312030" startTime="2025-09-15T14:07:26.2728940-05:00" endTime="2025-09-15T14:07:26.2728940-05:00" testType="13cdc9d9-ddb5-4fa4-a97d-d965ccfc6d4b" outcome="Passed" testListId="8c84fa94-04c1-424b-9868-57a2d4851a1d" relativeResultsDirectory="62e85b0f-9352-4f06-bdea-79d5046a316c" />
    <UnitTestResult executionId="bd5146a6-a940-46cf-bba2-894a1c799eaf" testId="515d6282-fd19-872e-c191-d3eda2049a23" testName="Appostolic.Api.Tests.Api.AuthPasswordFlowsTests.ForgotPassword_AcceptsAndStoresToken_SendsEmail" computerName="MacBook-Pro-2" duration="00:00:00.0153266" startTime="2025-09-15T14:07:30.5381340-05:00" endTime="2025-09-15T14:07:30.5381340-05:00" testType="13cdc9d9-ddb5-4fa4-a97d-d965ccfc6d4b" outcome="Passed" testListId="8c84fa94-04c1-424b-9868-57a2d4851a1d" relativeResultsDirectory="bd5146a6-a940-46cf-bba2-894a1c799eaf" />
    <UnitTestResult executionId="8ccb479e-4c90-4e49-9b3f-285061621895" testId="4f12e680-b238-5f1e-d786-32a29acea93b" testName="Appostolic.Api.Tests.EmailProviderSelectionTests.Resolves_SendGrid_sender_when_provider_sendgrid" computerName="MacBook-Pro-2" duration="00:00:00.1127988" startTime="2025-09-15T14:07:24.8433720-05:00" endTime="2025-09-15T14:07:24.8433730-05:00" testType="13cdc9d9-ddb5-4fa4-a97d-d965ccfc6d4b" outcome="Passed" testListId="8c84fa94-04c1-424b-9868-57a2d4851a1d" relativeResultsDirectory="8ccb479e-4c90-4e49-9b3f-285061621895" />
    <UnitTestResult executionId="d0b22f2b-e95a-4b62-8de3-469efb2d7edb" testId="214b8407-591b-5f7a-aa16-7961a8df13e5" testName="Appostolic.Api.Tests.Api.MembersListTests.Unauthenticated_request_returns_401_or_403" computerName="MacBook-Pro-2" duration="00:00:00.0040162" startTime="2025-09-15T14:07:22.8113340-05:00" endTime="2025-09-15T14:07:22.8113350-05:00" testType="13cdc9d9-ddb5-4fa4-a97d-d965ccfc6d4b" outcome="Passed" testListId="8c84fa94-04c1-424b-9868-57a2d4851a1d" relativeResultsDirectory="d0b22f2b-e95a-4b62-8de3-469efb2d7edb" />
    <UnitTestResult executionId="820b69fe-31fc-4c61-a479-7fb1e5022736" testId="8a436d67-15f2-8a6f-b3c8-3df7d72a7066" testName="Appostolic.Api.Tests.E2E.AgentTasksE2E_Allowlist.Allowlist_Denied_Tool_Produces_Failed_Task_With_Error_Trace" computerName="MacBook-Pro-2" duration="00:00:00.2913767" startTime="2025-09-15T14:07:22.1586730-05:00" endTime="2025-09-15T14:07:22.1586730-05:00" testType="13cdc9d9-ddb5-4fa4-a97d-d965ccfc6d4b" outcome="Passed" testListId="8c84fa94-04c1-424b-9868-57a2d4851a1d" relativeResultsDirectory="820b69fe-31fc-4c61-a479-7fb1e5022736" />
    <UnitTestResult executionId="8c546d3f-2f2c-4bbf-8fb3-c45fa08fa175" testId="29cdf802-09fa-4c20-1649-a919d0e03e4d" testName="Appostolic.Api.Tests.Api.AssignmentsApiTests.Set_roles_replaces_flags_and_allows_noop" computerName="MacBook-Pro-2" duration="00:00:00.0312329" startTime="2025-09-15T14:07:20.1299510-05:00" endTime="2025-09-15T14:07:20.1299510-05:00" testType="13cdc9d9-ddb5-4fa4-a97d-d965ccfc6d4b" outcome="Passed" testListId="8c84fa94-04c1-424b-9868-57a2d4851a1d" relativeResultsDirectory="8c546d3f-2f2c-4bbf-8fb3-c45fa08fa175" />
    <UnitTestResult executionId="6b80ce14-ab0d-4377-adab-2db46abf556a" testId="c0347afe-0c6b-b0a7-12e1-3aa76a4722fc" testName="Appostolic.Api.Tests.Api.AgentTasksEndpointsTests.GetDetails_WithTracesInitiallyEmpty" computerName="MacBook-Pro-2" duration="00:00:00.0067795" startTime="2025-09-15T14:07:32.6213920-05:00" endTime="2025-09-15T14:07:32.6213920-05:00" testType="13cdc9d9-ddb5-4fa4-a97d-d965ccfc6d4b" outcome="Passed" testListId="8c84fa94-04c1-424b-9868-57a2d4851a1d" relativeResultsDirectory="6b80ce14-ab0d-4377-adab-2db46abf556a" />
    <UnitTestResult executionId="8c7ba6f6-6316-4093-a10a-6d309d44827d" testId="fc6317ac-4f9e-d443-bb9c-db2ea41d1b6d" testName="Appostolic.Api.Tests.Api.AssignmentsApiTests.Non_admin_cannot_set_roles" computerName="MacBook-Pro-2" duration="00:00:00.0043323" startTime="2025-09-15T14:07:20.1628640-05:00" endTime="2025-09-15T14:07:20.1628640-05:00" testType="13cdc9d9-ddb5-4fa4-a97d-d965ccfc6d4b" outcome="Passed" testListId="8c84fa94-04c1-424b-9868-57a2d4851a1d" relativeResultsDirectory="8c7ba6f6-6316-4093-a10a-6d309d44827d" />
    <UnitTestResult executionId="d95c3f0b-ad1c-4d1e-9358-43b238936e96" testId="8499e5e2-c09d-d64e-ab91-715c51a15d3b" testName="Appostolic.Api.Tests.ModelMappingTests.Agent_ToolAllowlist_has_column_type_jsonb" computerName="MacBook-Pro-2" duration="00:00:00.0002955" startTime="2025-09-15T14:07:29.0323070-05:00" endTime="2025-09-15T14:07:29.0323070-05:00" testType="13cdc9d9-ddb5-4fa4-a97d-d965ccfc6d4b" outcome="Passed" testListId="8c84fa94-04c1-424b-9868-57a2d4851a1d" relativeResultsDirectory="d95c3f0b-ad1c-4d1e-9358-43b238936e96" />
    <UnitTestResult executionId="9ff4519a-dfe6-481d-afb9-ea4bdd453d25" testId="81f70a90-5f17-3107-1751-37f6a5b41791" testName="Appostolic.Api.Tests.Api.InvitesAcceptTests.Accept_With_Invalid_Token_Fails" computerName="MacBook-Pro-2" duration="00:00:00.0038202" startTime="2025-09-15T14:07:21.4324280-05:00" endTime="2025-09-15T14:07:21.4324280-05:00" testType="13cdc9d9-ddb5-4fa4-a97d-d965ccfc6d4b" outcome="Passed" testListId="8c84fa94-04c1-424b-9868-57a2d4851a1d" relativeResultsDirectory="9ff4519a-dfe6-481d-afb9-ea4bdd453d25" />
    <UnitTestResult executionId="e1adff2e-7fb5-4d1a-81b2-cd402e3f3d4b" testId="4ee5f350-b89d-edd8-c84d-cd5d40909f15" testName="Appostolic.Api.Tests.SmtpEmailSenderTests.Sends_with_both_text_and_html" computerName="MacBook-Pro-2" duration="00:00:00.0006920" startTime="2025-09-15T14:07:32.6255770-05:00" endTime="2025-09-15T14:07:32.6255770-05:00" testType="13cdc9d9-ddb5-4fa4-a97d-d965ccfc6d4b" outcome="Passed" testListId="8c84fa94-04c1-424b-9868-57a2d4851a1d" relativeResultsDirectory="e1adff2e-7fb5-4d1a-81b2-cd402e3f3d4b" />
    <UnitTestResult executionId="56cffd14-e2b9-4683-88e6-06126dd72278" testId="0d699ea2-79e9-9f01-d2d5-fca82a358bb0" testName="Appostolic.Api.Tests.Api.NotificationsAdminEndpointsTests.List_and_retry_notifications_work" computerName="MacBook-Pro-2" duration="00:00:00.1762536" startTime="2025-09-15T14:07:28.0915560-05:00" endTime="2025-09-15T14:07:28.0915560-05:00" testType="13cdc9d9-ddb5-4fa4-a97d-d965ccfc6d4b" outcome="Passed" testListId="8c84fa94-04c1-424b-9868-57a2d4851a1d" relativeResultsDirectory="56cffd14-e2b9-4683-88e6-06126dd72278" />
    <UnitTestResult executionId="bedad845-6c08-4869-bcf0-f37e31dd42d6" testId="5ec8c6f8-601d-9718-1802-a15c88bb4987" testName="Appostolic.Api.Tests.AgentTasks.AgentTasksCancelRetryTests.Retry_From_Succeeded_Creates_New_Task_And_Runs" computerName="MacBook-Pro-2" duration="00:00:00.0124424" startTime="2025-09-15T14:07:25.3933850-05:00" endTime="2025-09-15T14:07:25.3933850-05:00" testType="13cdc9d9-ddb5-4fa4-a97d-d965ccfc6d4b" outcome="Passed" testListId="8c84fa94-04c1-424b-9868-57a2d4851a1d" relativeResultsDirectory="bedad845-6c08-4869-bcf0-f37e31dd42d6" />
    <UnitTestResult executionId="50aa831c-d350-4ff5-8419-e903b42fcb68" testId="811026c2-41ce-4e18-121d-862774cd6272" testName="DbQueryToolTests.Select_lessons_where_id_param_object" computerName="MacBook-Pro-2" duration="00:00:00.0030538" startTime="2025-09-15T14:07:25.4391960-05:00" endTime="2025-09-15T14:07:25.4391960-05:00" testType="13cdc9d9-ddb5-4fa4-a97d-d965ccfc6d4b" outcome="Passed" testListId="8c84fa94-04c1-424b-9868-57a2d4851a1d" relativeResultsDirectory="50aa831c-d350-4ff5-8419-e903b42fcb68" />
    <UnitTestResult executionId="964e728d-4a56-4d65-a46c-904a084beb0b" testId="cb90a4b6-5413-6334-a88c-d9e37624202c" testName="Appostolic.Api.Tests.Api.InvitesRolesFlagsTests.Create_Invite_With_Invalid_Role_Flag_Is_400" computerName="MacBook-Pro-2" duration="00:00:00.0029996" startTime="2025-09-15T14:07:24.6293500-05:00" endTime="2025-09-15T14:07:24.6293500-05:00" testType="13cdc9d9-ddb5-4fa4-a97d-d965ccfc6d4b" outcome="Passed" testListId="8c84fa94-04c1-424b-9868-57a2d4851a1d" relativeResultsDirectory="964e728d-4a56-4d65-a46c-904a084beb0b" />
    <UnitTestResult executionId="a91ffe88-d106-4185-ac9e-cd8505b7a28d" testId="22ad276e-c73f-4ebf-8729-b5903439e2d9" testName="WebSearchToolTests.Query_intro_returns_expected" computerName="MacBook-Pro-2" duration="00:00:00.0017555" startTime="2025-09-15T14:07:23.4279540-05:00" endTime="2025-09-15T14:07:23.4279540-05:00" testType="13cdc9d9-ddb5-4fa4-a97d-d965ccfc6d4b" outcome="Passed" testListId="8c84fa94-04c1-424b-9868-57a2d4851a1d" relativeResultsDirectory="a91ffe88-d106-4185-ac9e-cd8505b7a28d" />
    <UnitTestResult executionId="04bd81bb-8646-4be9-8008-96fb679c3f70" testId="bde04400-fb2a-d1b4-e9d5-727f1b9bbed1" testName="Appostolic.Api.Tests.EmailDispatcherTests.Dispatcher_redacts_email_in_log_scope" computerName="MacBook-Pro-2" duration="00:00:00.0018336" startTime="2025-09-15T14:07:21.2029830-05:00" endTime="2025-09-15T14:07:21.2029840-05:00" testType="13cdc9d9-ddb5-4fa4-a97d-d965ccfc6d4b" outcome="Passed" testListId="8c84fa94-04c1-424b-9868-57a2d4851a1d" relativeResultsDirectory="04bd81bb-8646-4be9-8008-96fb679c3f70" />
    <UnitTestResult executionId="95f9833d-82cc-4fcb-a2e7-e469280dab6d" testId="5ad39d2c-d77f-b72d-621d-dc03058b3c06" testName="Appostolic.Api.Tests.Notifications.MagicLinkEmailTests.Renders_MagicLink_Snapshots_With_Link" computerName="MacBook-Pro-2" duration="00:00:00.0055061" startTime="2025-09-15T14:07:22.1937030-05:00" endTime="2025-09-15T14:07:22.1937030-05:00" testType="13cdc9d9-ddb5-4fa4-a97d-d965ccfc6d4b" outcome="Passed" testListId="8c84fa94-04c1-424b-9868-57a2d4851a1d" relativeResultsDirectory="95f9833d-82cc-4fcb-a2e7-e469280dab6d" />
    <UnitTestResult executionId="1f3075c5-36e9-45c7-b8cb-05e540a04b98" testId="fc170f06-7a65-44e3-9780-d428f13f33ad" testName="Appostolic.Api.Tests.SmokeTests.Health_ReturnsOk" computerName="MacBook-Pro-2" duration="00:00:00.7773481" startTime="2025-09-15T14:07:19.8572040-05:00" endTime="2025-09-15T14:07:19.8572040-05:00" testType="13cdc9d9-ddb5-4fa4-a97d-d965ccfc6d4b" outcome="Passed" testListId="8c84fa94-04c1-424b-9868-57a2d4851a1d" relativeResultsDirectory="1f3075c5-36e9-45c7-b8cb-05e540a04b98" />
    <UnitTestResult executionId="993066c8-1270-47cc-9fc3-cb9fd02b61ce" testId="6ac2577f-abec-ce9e-a92b-34035bd744e0" testName="FsWriteToolTests.Rejects_when_content_exceeds_max" computerName="MacBook-Pro-2" duration="00:00:00.0004925" startTime="2025-09-15T14:07:25.9413900-05:00" endTime="2025-09-15T14:07:25.9413900-05:00" testType="13cdc9d9-ddb5-4fa4-a97d-d965ccfc6d4b" outcome="Passed" testListId="8c84fa94-04c1-424b-9868-57a2d4851a1d" relativeResultsDirectory="993066c8-1270-47cc-9fc3-cb9fd02b61ce" />
    <UnitTestResult executionId="b148aa62-ca7d-415b-9e0a-90c55e7987ba" testId="94524c04-7158-8472-e876-43b26f76e4f4" testName="Appostolic.Api.Tests.AgentTasks.AgentTasksListFilterPaginationTests.FreeText_Q_Search_On_Input_And_User" computerName="MacBook-Pro-2" duration="00:00:00.0191089" startTime="2025-09-15T14:07:20.9203230-05:00" endTime="2025-09-15T14:07:20.9203230-05:00" testType="13cdc9d9-ddb5-4fa4-a97d-d965ccfc6d4b" outcome="Passed" testListId="8c84fa94-04c1-424b-9868-57a2d4851a1d" relativeResultsDirectory="b148aa62-ca7d-415b-9e0a-90c55e7987ba" />
    <UnitTestResult executionId="59447875-8eda-4df0-8b59-5be76e7b38da" testId="b2e4b89c-c96f-83af-e281-01d9319a9bb8" testName="Appostolic.Api.Tests.Api.MembersManagementTests.Admin_cannot_assign_owner_but_owner_can" computerName="MacBook-Pro-2" duration="00:00:00.0101764" startTime="2025-09-15T14:07:32.4503920-05:00" endTime="2025-09-15T14:07:32.4503920-05:00" testType="13cdc9d9-ddb5-4fa4-a97d-d965ccfc6d4b" outcome="Passed" testListId="8c84fa94-04c1-424b-9868-57a2d4851a1d" relativeResultsDirectory="59447875-8eda-4df0-8b59-5be76e7b38da" />
    <UnitTestResult executionId="0d3ca25d-1db2-4222-bc86-7d3ffd0ed88b" testId="ee7b51d2-d8a7-715d-70ab-159c7293568a" testName="Appostolic.Api.Tests.Api.NotificationsProdEndpointsTests.Tenant_owner_can_resend_within_tenant_and_is_forbidden_cross_tenant" computerName="MacBook-Pro-2" duration="00:00:00.1607492" startTime="2025-09-15T14:07:24.0749320-05:00" endTime="2025-09-15T14:07:24.0749320-05:00" testType="13cdc9d9-ddb5-4fa4-a97d-d965ccfc6d4b" outcome="Passed" testListId="8c84fa94-04c1-424b-9868-57a2d4851a1d" relativeResultsDirectory="0d3ca25d-1db2-4222-bc86-7d3ffd0ed88b" />
    <UnitTestResult executionId="53b40b0d-f1b3-413f-a3fa-885a0bb99ae9" testId="c3e1478d-2cae-8f80-3a89-04eb9dac0acb" testName="Appostolic.Api.Tests.Api.NotificationsWebhookTests.SendGridWebhook_forbidden_when_token_mismatch" computerName="MacBook-Pro-2" duration="00:00:00.1620819" startTime="2025-09-15T14:07:21.1339460-05:00" endTime="2025-09-15T14:07:21.1339460-05:00" testType="13cdc9d9-ddb5-4fa4-a97d-d965ccfc6d4b" outcome="Passed" testListId="8c84fa94-04c1-424b-9868-57a2d4851a1d" relativeResultsDirectory="53b40b0d-f1b3-413f-a3fa-885a0bb99ae9" />
    <UnitTestResult executionId="a63fb150-ca2b-4747-80df-ef6742679bfe" testId="eb812c29-73b3-e923-42de-8821a188e94a" testName="Appostolic.Api.Tests.Notifications.NotificationsPiiScrubTests.Scrubs_before_delete_windows_and_deletes_at_cutoff" computerName="MacBook-Pro-2" duration="00:00:00.0084846" startTime="2025-09-15T14:07:21.1968180-05:00" endTime="2025-09-15T14:07:21.1968180-05:00" testType="13cdc9d9-ddb5-4fa4-a97d-d965ccfc6d4b" outcome="Passed" testListId="8c84fa94-04c1-424b-9868-57a2d4851a1d" relativeResultsDirectory="a63fb150-ca2b-4747-80df-ef6742679bfe" />
    <UnitTestResult executionId="0c503c42-b2ad-45d8-ae50-25d43519d4ee" testId="9c020064-9cbb-7975-d5c0-9dc48d581775" testName="Appostolic.Api.Tests.Api.AgentTasksEndpointsTests.CreateTask_Returns201AndSummary" computerName="MacBook-Pro-2" duration="00:00:00.1515662" startTime="2025-09-15T14:07:32.6144200-05:00" endTime="2025-09-15T14:07:32.6144200-05:00" testType="13cdc9d9-ddb5-4fa4-a97d-d965ccfc6d4b" outcome="Passed" testListId="8c84fa94-04c1-424b-9868-57a2d4851a1d" relativeResultsDirectory="0c503c42-b2ad-45d8-ae50-25d43519d4ee" />
    <UnitTestResult executionId="e5ad0414-fb7e-437b-bfe1-6de35ee99ac1" testId="50c609b5-3f14-814d-a1e7-5260305a9b12" testName="Appostolic.Api.Tests.AgentTasks.AgentTasksCancelRetryTests.Cancel_Terminal_Task_Returns409" computerName="MacBook-Pro-2" duration="00:00:00.0088510" startTime="2025-09-15T14:07:25.3807100-05:00" endTime="2025-09-15T14:07:25.3807100-05:00" testType="13cdc9d9-ddb5-4fa4-a97d-d965ccfc6d4b" outcome="Passed" testListId="8c84fa94-04c1-424b-9868-57a2d4851a1d" relativeResultsDirectory="e5ad0414-fb7e-437b-bfe1-6de35ee99ac1" />
    <UnitTestResult executionId="b945fe42-7f83-4dc7-8a95-3e7b162bf8f5" testId="71d5d180-2d36-ecb9-e4eb-71ca09e46ec4" testName="Appostolic.Api.Tests.AgentConstraintTests.Agent_Temperature_out_of_range_throws_in_domain_constructor" computerName="MacBook-Pro-2" duration="00:00:00.0029933" startTime="2025-09-15T14:07:20.2416760-05:00" endTime="2025-09-15T14:07:20.2416760-05:00" testType="13cdc9d9-ddb5-4fa4-a97d-d965ccfc6d4b" outcome="Passed" testListId="8c84fa94-04c1-424b-9868-57a2d4851a1d" relativeResultsDirectory="b945fe42-7f83-4dc7-8a95-3e7b162bf8f5" />
    <UnitTestResult executionId="7325ae9b-a105-43ae-8a6d-4f2d0494fe9f" testId="5aebb0bd-a461-dea6-b51f-abbdbf65c34a" testName="Appostolic.Api.Tests.Api.AuditsListingEndpointTests.Supports_optional_filters_user_actor_and_date_range" computerName="MacBook-Pro-2" duration="00:00:00.0248032" startTime="2025-09-15T14:07:22.6149480-05:00" endTime="2025-09-15T14:07:22.6149480-05:00" testType="13cdc9d9-ddb5-4fa4-a97d-d965ccfc6d4b" outcome="Passed" testListId="8c84fa94-04c1-424b-9868-57a2d4851a1d" relativeResultsDirectory="7325ae9b-a105-43ae-8a6d-4f2d0494fe9f" />
    <UnitTestResult executionId="7a474c2a-fa49-41e0-b183-a592bc9767f1" testId="7bfc22d7-9c12-bb6d-b1ad-6ad8a8f51b4d" testName="Appostolic.Api.Tests.Api.InvitesAcceptTests.Accept_SignedIn_User_Matches_Invite_Creates_Membership" computerName="MacBook-Pro-2" duration="00:00:00.2233988" startTime="2025-09-15T14:07:21.4284390-05:00" endTime="2025-09-15T14:07:21.4284390-05:00" testType="13cdc9d9-ddb5-4fa4-a97d-d965ccfc6d4b" outcome="Passed" testListId="8c84fa94-04c1-424b-9868-57a2d4851a1d" relativeResultsDirectory="7a474c2a-fa49-41e0-b183-a592bc9767f1" />
    <UnitTestResult executionId="f68cda75-83f5-4287-b167-1db8000671ba" testId="c17747a3-eb4e-63bf-0bc9-279a4928ed40" testName="Appostolic.Api.Tests.EmailDispatcherTests.Enqueue_sends_via_sender" computerName="MacBook-Pro-2" duration="00:00:00.0014145" startTime="2025-09-15T14:07:21.2045870-05:00" endTime="2025-09-15T14:07:21.2045870-05:00" testType="13cdc9d9-ddb5-4fa4-a97d-d965ccfc6d4b" outcome="Passed" testListId="8c84fa94-04c1-424b-9868-57a2d4851a1d" relativeResultsDirectory="f68cda75-83f5-4287-b167-1db8000671ba" />
    <UnitTestResult executionId="810bf44a-c0e1-4f17-8e48-9fa845e3bffd" testId="46ad1244-cbdb-dca6-f007-7e8a232754cc" testName="Appostolic.Api.Tests.Notifications.RedisTransportPrivacyTests.NonGuidPayload_DoesNotLogPayloadContents" computerName="MacBook-Pro-2" duration="00:00:00.0138413" startTime="2025-09-15T14:07:22.3986150-05:00" endTime="2025-09-15T14:07:22.3986150-05:00" testType="13cdc9d9-ddb5-4fa4-a97d-d965ccfc6d4b" outcome="Passed" testListId="8c84fa94-04c1-424b-9868-57a2d4851a1d" relativeResultsDirectory="810bf44a-c0e1-4f17-8e48-9fa845e3bffd" />
    <UnitTestResult executionId="68d68b12-a2de-46e3-b4e3-bdd39e3ca6b9" testId="b672c70e-eca2-f979-b482-5169b705a205" testName="Appostolic.Api.Tests.Api.AgentsEndpointsTests.Agents_CRUD_HappyPath" computerName="MacBook-Pro-2" duration="00:00:00.0286822" startTime="2025-09-15T14:07:27.5607510-05:00" endTime="2025-09-15T14:07:27.5607510-05:00" testType="13cdc9d9-ddb5-4fa4-a97d-d965ccfc6d4b" outcome="Passed" testListId="8c84fa94-04c1-424b-9868-57a2d4851a1d" relativeResultsDirectory="68d68b12-a2de-46e3-b4e3-bdd39e3ca6b9" />
    <UnitTestResult executionId="fd371ec1-37a5-4495-86a6-abb745ea17c4" testId="67c9746f-1f57-937b-6598-3968df73012b" testName="Appostolic.Api.Tests.Api.DevGrantRolesEndpointTests.Updates_existing_membership_roles" computerName="MacBook-Pro-2" duration="00:00:00.0064093" startTime="2025-09-15T14:07:26.4699730-05:00" endTime="2025-09-15T14:07:26.4699730-05:00" testType="13cdc9d9-ddb5-4fa4-a97d-d965ccfc6d4b" outcome="Failed" testListId="8c84fa94-04c1-424b-9868-57a2d4851a1d" relativeResultsDirectory="fd371ec1-37a5-4495-86a6-abb745ea17c4">
      <Output>
        <ErrorInfo>
          <Message>Expected resp.StatusCode to be HttpStatusCode.OK {value: 200}, but found HttpStatusCode.NotFound {value: 404}.</Message>
          <StackTrace>   at FluentAssertions.Execution.XUnit2TestFramework.Throw(String message)
   at FluentAssertions.Execution.TestFrameworkProvider.Throw(String message)
   at FluentAssertions.Execution.DefaultAssertionStrategy.HandleFailure(String message)
   at FluentAssertions.Execution.AssertionScope.FailWith(Func`1 failReasonFunc)
   at FluentAssertions.Execution.AssertionScope.FailWith(Func`1 failReasonFunc)
   at FluentAssertions.Execution.AssertionScope.FailWith(String message, Object[] args)
   at FluentAssertions.Primitives.EnumAssertions`2.Be(TEnum expected, String because, Object[] becauseArgs)
   at Appostolic.Api.Tests.Api.DevGrantRolesEndpointTests.Updates_existing_membership_roles() in /Users/kevinmccreary/appostolic/apps/api.tests/Api/DevGrantRolesEndpointTests.cs:line 83
--- End of stack trace from previous location ---</StackTrace>
        </ErrorInfo>
      </Output>
    </UnitTestResult>
    <UnitTestResult executionId="3e3a4f86-d23a-432f-a19b-af5aa3a1f82e" testId="43ab37ac-8f01-34cd-35d3-1bda726822d7" testName="Appostolic.Api.Tests.Notifications.NotificationDedupeTests.CreateQueuedAsync_blocks_duplicate_within_ttl" computerName="MacBook-Pro-2" duration="00:00:00.0033752" startTime="2025-09-15T14:07:27.5646170-05:00" endTime="2025-09-15T14:07:27.5646170-05:00" testType="13cdc9d9-ddb5-4fa4-a97d-d965ccfc6d4b" outcome="Passed" testListId="8c84fa94-04c1-424b-9868-57a2d4851a1d" relativeResultsDirectory="3e3a4f86-d23a-432f-a19b-af5aa3a1f82e" />
    <UnitTestResult executionId="ebfbefe8-8ef6-441d-b8bb-77567e92360e" testId="ed8d7d20-a6f1-0500-d78a-14c17a721b87" testName="Appostolic.Api.Tests.AgentOrchestratorTests.MaxStepsExceeded_FailsAfterCap" computerName="MacBook-Pro-2" duration="00:00:00.0023626" startTime="2025-09-15T14:07:25.4051850-05:00" endTime="2025-09-15T14:07:25.4051850-05:00" testType="13cdc9d9-ddb5-4fa4-a97d-d965ccfc6d4b" outcome="Passed" testListId="8c84fa94-04c1-424b-9868-57a2d4851a1d" relativeResultsDirectory="ebfbefe8-8ef6-441d-b8bb-77567e92360e" />
    <UnitTestResult executionId="fb81ebd7-6985-406e-9c27-390971bf2f16" testId="8e56ee2d-296c-f180-2ad1-a3abd5b19292" testName="Appostolic.Api.Tests.AgentOrchestratorTests.ToolMissing_FailsWithToolNotFound" computerName="MacBook-Pro-2" duration="00:00:00.0011528" startTime="2025-09-15T14:07:25.4084110-05:00" endTime="2025-09-15T14:07:25.4084110-05:00" testType="13cdc9d9-ddb5-4fa4-a97d-d965ccfc6d4b" outcome="Passed" testListId="8c84fa94-04c1-424b-9868-57a2d4851a1d" relativeResultsDirectory="fb81ebd7-6985-406e-9c27-390971bf2f16" />
    <UnitTestResult executionId="9d8b4db5-7cd0-42d6-bbae-5085dbd04981" testId="80cb1a83-dede-f3ba-117a-352364082463" testName="Appostolic.Api.Tests.Api.MembersManagementTests.Owner_can_promote_editor_to_admin" computerName="MacBook-Pro-2" duration="00:00:00.0111822" startTime="2025-09-15T14:07:32.4354540-05:00" endTime="2025-09-15T14:07:32.4354540-05:00" testType="13cdc9d9-ddb5-4fa4-a97d-d965ccfc6d4b" outcome="Passed" testListId="8c84fa94-04c1-424b-9868-57a2d4851a1d" relativeResultsDirectory="9d8b4db5-7cd0-42d6-bbae-5085dbd04981" />
    <UnitTestResult executionId="b1daa685-571e-4f3f-b14d-1d9dd4fc2771" testId="c64a9991-8173-cdf8-9198-d5935257f1a8" testName="Appostolic.Api.Tests.E2E.AgentTasksE2E_Concurrency.Worker_Processes_Many_Tasks_Reliably" computerName="MacBook-Pro-2" duration="00:00:00.3275989" startTime="2025-09-15T14:07:23.7558880-05:00" endTime="2025-09-15T14:07:23.7558880-05:00" testType="13cdc9d9-ddb5-4fa4-a97d-d965ccfc6d4b" outcome="Passed" testListId="8c84fa94-04c1-424b-9868-57a2d4851a1d" relativeResultsDirectory="b1daa685-571e-4f3f-b14d-1d9dd4fc2771" />
    <UnitTestResult executionId="fda8c17a-be5b-45a7-bfdc-63b538ec50e6" testId="784ad7dc-5a89-a731-4a54-d985f0ba330c" testName="Appostolic.Api.Tests.Notifications.AutoResendScannerTests.Respects_throttle_window" computerName="MacBook-Pro-2" duration="00:00:00.0020150" startTime="2025-09-15T14:07:22.1880910-05:00" endTime="2025-09-15T14:07:22.1880910-05:00" testType="13cdc9d9-ddb5-4fa4-a97d-d965ccfc6d4b" outcome="Passed" testListId="8c84fa94-04c1-424b-9868-57a2d4851a1d" relativeResultsDirectory="fda8c17a-be5b-45a7-bfdc-63b538ec50e6" />
    <UnitTestResult executionId="94a7f284-07c7-4ea7-a008-f483fb6a139d" testId="f3139bd5-165e-b0d0-2da0-a0210810049e" testName="Appostolic.Api.Tests.Api.AuthPasswordFlowsTests.ResetPassword_WithInvalidToken_ReturnsBadRequest" computerName="MacBook-Pro-2" duration="00:00:00.1533548" startTime="2025-09-15T14:07:29.4043250-05:00" endTime="2025-09-15T14:07:29.4043250-05:00" testType="13cdc9d9-ddb5-4fa4-a97d-d965ccfc6d4b" outcome="Passed" testListId="8c84fa94-04c1-424b-9868-57a2d4851a1d" relativeResultsDirectory="94a7f284-07c7-4ea7-a008-f483fb6a139d" />
    <UnitTestResult executionId="a8bc545a-1e08-4a10-8b83-c31a8d821ae1" testId="66fffdff-2dff-cbe5-8750-30f31bf1db7c" testName="Appostolic.Api.Tests.Api.AuditsListingEndpointTests.Lists_audits_with_paging_and_total_count" computerName="MacBook-Pro-2" duration="00:00:00.1909360" startTime="2025-09-15T14:07:22.5899290-05:00" endTime="2025-09-15T14:07:22.5899290-05:00" testType="13cdc9d9-ddb5-4fa4-a97d-d965ccfc6d4b" outcome="Passed" testListId="8c84fa94-04c1-424b-9868-57a2d4851a1d" relativeResultsDirectory="a8bc545a-1e08-4a10-8b83-c31a8d821ae1" />
    <UnitTestResult executionId="eab3f68c-8a8a-43e4-b1b5-bcc3d0a65091" testId="03cb9965-4934-50d0-65d4-2c790e264e80" testName="Appostolic.Api.Tests.E2E.AgentTasksE2E_List.Inbox_List_Orders_By_CreatedAt_Desc_And_Pages" computerName="MacBook-Pro-2" duration="00:00:00.3574616" startTime="2025-09-15T14:07:25.2066680-05:00" endTime="2025-09-15T14:07:25.2066680-05:00" testType="13cdc9d9-ddb5-4fa4-a97d-d965ccfc6d4b" outcome="Passed" testListId="8c84fa94-04c1-424b-9868-57a2d4851a1d" relativeResultsDirectory="eab3f68c-8a8a-43e4-b1b5-bcc3d0a65091" />
    <UnitTestResult executionId="6de0c212-9e4f-4004-abfd-3c09f2800606" testId="9c1c1d38-5e04-c1b2-1a0f-96d8d4d8348a" testName="Appostolic.Api.Tests.Api.AssignmentsApiTests.Set_roles_returns_404_when_membership_missing_and_400_for_invalid_flag" computerName="MacBook-Pro-2" duration="00:00:00.0116009" startTime="2025-09-15T14:07:20.0984930-05:00" endTime="2025-09-15T14:07:20.0984930-05:00" testType="13cdc9d9-ddb5-4fa4-a97d-d965ccfc6d4b" outcome="Passed" testListId="8c84fa94-04c1-424b-9868-57a2d4851a1d" relativeResultsDirectory="6de0c212-9e4f-4004-abfd-3c09f2800606" />
    <UnitTestResult executionId="d7cb7514-f796-4f2c-bf57-fbd1a5584d23" testId="d8682838-1d38-dd8e-6c89-ae1bda81fecb" testName="Appostolic.Api.Tests.Api.MembersListTests.Owner_can_list_members" computerName="MacBook-Pro-2" duration="00:00:00.0109177" startTime="2025-09-15T14:07:22.8071610-05:00" endTime="2025-09-15T14:07:22.8071610-05:00" testType="13cdc9d9-ddb5-4fa4-a97d-d965ccfc6d4b" outcome="Passed" testListId="8c84fa94-04c1-424b-9868-57a2d4851a1d" relativeResultsDirectory="d7cb7514-f796-4f2c-bf57-fbd1a5584d23" />
    <UnitTestResult executionId="7c5181a8-c63d-40d0-9223-008948a292d8" testId="e654c6ff-e79b-0f0d-7ecf-a4648dc0cf91" testName="Appostolic.Api.Tests.Orchestrator.AgentOrchestratorTests.HappyPath_ModelPlansToolThenFinal_SucceedsWithTwoTraces" computerName="MacBook-Pro-2" duration="00:00:00.0014933" startTime="2025-09-15T14:07:23.4247450-05:00" endTime="2025-09-15T14:07:23.4247450-05:00" testType="13cdc9d9-ddb5-4fa4-a97d-d965ccfc6d4b" outcome="Passed" testListId="8c84fa94-04c1-424b-9868-57a2d4851a1d" relativeResultsDirectory="7c5181a8-c63d-40d0-9223-008948a292d8" />
    <UnitTestResult executionId="e3725158-ab9a-41aa-aee3-b7bd08e2fa75" testId="2f6106d4-2d27-0ec0-388a-a0a0d64b80ea" testName="Appostolic.Api.Tests.Model.TokenEstimatorTests.EstimateTokens_Heuristic_CeilPer4Chars(text: &quot;abcde&quot;, expected: 2)" computerName="MacBook-Pro-2" duration="00:00:00.0000014" startTime="2025-09-15T14:07:19.0783100-05:00" endTime="2025-09-15T14:07:19.0783100-05:00" testType="13cdc9d9-ddb5-4fa4-a97d-d965ccfc6d4b" outcome="Passed" testListId="8c84fa94-04c1-424b-9868-57a2d4851a1d" relativeResultsDirectory="e3725158-ab9a-41aa-aee3-b7bd08e2fa75" />
    <UnitTestResult executionId="f2625d92-cfb7-4627-831d-e9e57b18b4f8" testId="da0da417-eb80-7ca8-c2a7-2b93c4d78528" testName="Appostolic.Api.Tests.Api.InvitesRolesFlagsTests.Accept_Invite_Sets_Membership_Roles_Flags" computerName="MacBook-Pro-2" duration="00:00:00.0223822" startTime="2025-09-15T14:07:24.6180850-05:00" endTime="2025-09-15T14:07:24.6180850-05:00" testType="13cdc9d9-ddb5-4fa4-a97d-d965ccfc6d4b" outcome="Passed" testListId="8c84fa94-04c1-424b-9868-57a2d4851a1d" relativeResultsDirectory="f2625d92-cfb7-4627-831d-e9e57b18b4f8" />
    <UnitTestResult executionId="1aa2a38d-67e1-4bcf-81fb-e5ac4b0e2fb7" testId="cc013720-f8b7-b972-40e8-34c7328bfdae" testName="Appostolic.Api.Tests.Orchestrator.AgentOrchestratorTests.ToolNotAllowed_FailsAndTracesFailure" computerName="MacBook-Pro-2" duration="00:00:00.0041823" startTime="2025-09-15T14:07:23.4221210-05:00" endTime="2025-09-15T14:07:23.4221210-05:00" testType="13cdc9d9-ddb5-4fa4-a97d-d965ccfc6d4b" outcome="Passed" testListId="8c84fa94-04c1-424b-9868-57a2d4851a1d" relativeResultsDirectory="1aa2a38d-67e1-4bcf-81fb-e5ac4b0e2fb7" />
    <UnitTestResult executionId="9fbc5385-e7dc-418b-ba75-e20e10299380" testId="cb3a79b8-8a20-d72b-fe66-3be39a479486" testName="Appostolic.Api.Tests.AgentOrchestratorTests.Cancellation_StopsMidRun" computerName="MacBook-Pro-2" duration="00:00:00.0155421" startTime="2025-09-15T14:07:25.4241170-05:00" endTime="2025-09-15T14:07:25.4241170-05:00" testType="13cdc9d9-ddb5-4fa4-a97d-d965ccfc6d4b" outcome="Passed" testListId="8c84fa94-04c1-424b-9868-57a2d4851a1d" relativeResultsDirectory="9fbc5385-e7dc-418b-ba75-e20e10299380" />
    <UnitTestResult executionId="c1a259ba-25f1-4048-bd12-019c045a55c3" testId="a11d6311-0314-291e-6c87-0745cc1eace8" testName="Appostolic.Api.Tests.Observability.TelemetrySmokeTests.HappyPath_Emits_Spans_And_Metrics" computerName="MacBook-Pro-2" duration="00:00:00.0696731" startTime="2025-09-15T14:07:20.2385490-05:00" endTime="2025-09-15T14:07:20.2385490-05:00" testType="13cdc9d9-ddb5-4fa4-a97d-d965ccfc6d4b" outcome="Passed" testListId="8c84fa94-04c1-424b-9868-57a2d4851a1d" relativeResultsDirectory="c1a259ba-25f1-4048-bd12-019c045a55c3" />
    <UnitTestResult executionId="16d31b68-9c89-4ba4-9587-7a6b2261d958" testId="6305e689-cee9-6a31-93d8-755b6c5fc935" testName="Appostolic.Api.Tests.Notifications.FieldEncryptionTests.Encrypts_And_Decrypts_On_Lease" computerName="MacBook-Pro-2" duration="00:00:00.0468900" startTime="2025-09-15T14:07:20.9715130-05:00" endTime="2025-09-15T14:07:20.9715130-05:00" testType="13cdc9d9-ddb5-4fa4-a97d-d965ccfc6d4b" outcome="Passed" testListId="8c84fa94-04c1-424b-9868-57a2d4851a1d" relativeResultsDirectory="16d31b68-9c89-4ba4-9587-7a6b2261d958" />
    <UnitTestResult executionId="3af64365-5b16-4f65-a8c8-2ca15544deef" testId="7831f103-663f-8d24-4a8b-6bbe466d0837" testName="Appostolic.Api.Tests.Api.AuthPasswordFlowsTests.ChangePassword_WithAuth_UpdatesPassword" computerName="MacBook-Pro-2" duration="00:00:01.1180798" startTime="2025-09-15T14:07:30.5226280-05:00" endTime="2025-09-15T14:07:30.5226280-05:00" testType="13cdc9d9-ddb5-4fa4-a97d-d965ccfc6d4b" outcome="Passed" testListId="8c84fa94-04c1-424b-9868-57a2d4851a1d" relativeResultsDirectory="3af64365-5b16-4f65-a8c8-2ca15544deef" />
    <UnitTestResult executionId="e7f59c1e-138a-4955-91f2-dac1002c01d4" testId="d59725be-2270-85f4-1a24-f28884383b83" testName="Appostolic.Api.Tests.Api.NotificationsAdminEndpointsTests.Resend_history_lists_children_with_paging_and_scoping" computerName="MacBook-Pro-2" duration="00:00:00.1662107" startTime="2025-09-15T14:07:28.2579980-05:00" endTime="2025-09-15T14:07:28.2579980-05:00" testType="13cdc9d9-ddb5-4fa4-a97d-d965ccfc6d4b" outcome="Passed" testListId="8c84fa94-04c1-424b-9868-57a2d4851a1d" relativeResultsDirectory="e7f59c1e-138a-4955-91f2-dac1002c01d4" />
    <UnitTestResult executionId="38f8c4c4-9000-4e23-b86e-bf91219cc24c" testId="90c7a127-2be9-b6e7-ec52-19cb51de49c0" testName="Appostolic.Api.Tests.Notifications.AutoResendScannerTests.Creates_resend_for_old_sent_without_children" computerName="MacBook-Pro-2" duration="00:00:00.0251734" startTime="2025-09-15T14:07:22.1840340-05:00" endTime="2025-09-15T14:07:22.1840340-05:00" testType="13cdc9d9-ddb5-4fa4-a97d-d965ccfc6d4b" outcome="Passed" testListId="8c84fa94-04c1-424b-9868-57a2d4851a1d" relativeResultsDirectory="38f8c4c4-9000-4e23-b86e-bf91219cc24c" />
    <UnitTestResult executionId="ac93acd2-4dd2-44cd-9be0-cb2d00ae541b" testId="bc29c184-0770-c9df-63be-2a52d76ad503" testName="Appostolic.Api.Tests.Notifications.NotificationEnqueuerMagicLinkTests.QueueMagicLink_HashesToken_And_Publishes" computerName="MacBook-Pro-2" duration="00:00:00.0079542" startTime="2025-09-15T14:07:22.6321920-05:00" endTime="2025-09-15T14:07:22.6321920-05:00" testType="13cdc9d9-ddb5-4fa4-a97d-d965ccfc6d4b" outcome="Passed" testListId="8c84fa94-04c1-424b-9868-57a2d4851a1d" relativeResultsDirectory="ac93acd2-4dd2-44cd-9be0-cb2d00ae541b" />
    <UnitTestResult executionId="99b861b5-e5eb-4a80-af4a-f66144f12ae1" testId="c561c2f6-8efd-4095-cbad-20238816bd9c" testName="Appostolic.Api.Tests.NotificationEnqueuerTests.QueueVerification_enqueues_correct_message" computerName="MacBook-Pro-2" duration="00:00:00.0011489" startTime="2025-09-15T14:07:22.6421020-05:00" endTime="2025-09-15T14:07:22.6421020-05:00" testType="13cdc9d9-ddb5-4fa4-a97d-d965ccfc6d4b" outcome="Passed" testListId="8c84fa94-04c1-424b-9868-57a2d4851a1d" relativeResultsDirectory="99b861b5-e5eb-4a80-af4a-f66144f12ae1" />
    <UnitTestResult executionId="22223561-afad-4fcc-af0f-e92a71056bee" testId="87a5b8a9-e5bd-8c6e-5a6c-5815a0bd8c39" testName="Appostolic.Api.Tests.Worker.AgentTaskWorkerTests.Pending_To_Running_To_Succeeded_With_Traces" computerName="MacBook-Pro-2" duration="00:00:00.1249577" startTime="2025-09-15T14:07:22.3242790-05:00" endTime="2025-09-15T14:07:22.3242790-05:00" testType="13cdc9d9-ddb5-4fa4-a97d-d965ccfc6d4b" outcome="Passed" testListId="8c84fa94-04c1-424b-9868-57a2d4851a1d" relativeResultsDirectory="22223561-afad-4fcc-af0f-e92a71056bee" />
    <UnitTestResult executionId="7ebd4f16-ed7b-4272-94b6-74104f8e3d64" testId="2a9f6824-8a17-a193-b18b-3e78fa1bbbd5" testName="Appostolic.Api.Tests.Orchestrator.AgentOrchestratorTests.Cancellation_StopsMidRun" computerName="MacBook-Pro-2" duration="00:00:00.0110743" startTime="2025-09-15T14:07:23.4170120-05:00" endTime="2025-09-15T14:07:23.4170120-05:00" testType="13cdc9d9-ddb5-4fa4-a97d-d965ccfc6d4b" outcome="Passed" testListId="8c84fa94-04c1-424b-9868-57a2d4851a1d" relativeResultsDirectory="7ebd4f16-ed7b-4272-94b6-74104f8e3d64" />
    <UnitTestResult executionId="a8689832-c85c-4f78-bcb1-6eb7d32363fc" testId="df92ad96-32d4-9c44-0398-97a52600538f" testName="Appostolic.Api.Tests.Model.TokenEstimatorTests.EstimateTokens_Heuristic_CeilPer4Chars(text: &quot;abcdefghi&quot;, expected: 3)" computerName="MacBook-Pro-2" duration="00:00:00.0000027" startTime="2025-09-15T14:07:19.0782580-05:00" endTime="2025-09-15T14:07:19.0782580-05:00" testType="13cdc9d9-ddb5-4fa4-a97d-d965ccfc6d4b" outcome="Passed" testListId="8c84fa94-04c1-424b-9868-57a2d4851a1d" relativeResultsDirectory="a8689832-c85c-4f78-bcb1-6eb7d32363fc" />
    <UnitTestResult executionId="55580cc0-ddf5-44ab-a588-f71387880a67" testId="54bfc83b-71cd-70be-2e17-0d354a18b25a" testName="Appostolic.Api.Tests.Notifications.NotificationsRetentionTests.Purger_removes_expired_dedupes_and_old_notifications" computerName="MacBook-Pro-2" duration="00:00:00.0054002" startTime="2025-09-15T14:07:24.8489340-05:00" endTime="2025-09-15T14:07:24.8489340-05:00" testType="13cdc9d9-ddb5-4fa4-a97d-d965ccfc6d4b" outcome="Passed" testListId="8c84fa94-04c1-424b-9868-57a2d4851a1d" relativeResultsDirectory="55580cc0-ddf5-44ab-a588-f71387880a67" />
    <UnitTestResult executionId="0b5d1c87-4ea8-4b7b-bb9c-a0b5375a6a9a" testId="7c574249-6de4-087c-ac92-00dedf541e78" testName="Appostolic.Api.Tests.Api.NotificationsProdEndpointsTests.Tenant_owner_can_list_and_retry_within_tenant" computerName="MacBook-Pro-2" duration="00:00:00.1701363" startTime="2025-09-15T14:07:24.2454580-05:00" endTime="2025-09-15T14:07:24.2454580-05:00" testType="13cdc9d9-ddb5-4fa4-a97d-d965ccfc6d4b" outcome="Passed" testListId="8c84fa94-04c1-424b-9868-57a2d4851a1d" relativeResultsDirectory="0b5d1c87-4ea8-4b7b-bb9c-a0b5375a6a9a" />
    <UnitTestResult executionId="6e0f34b8-aff4-414d-9968-b39fc268430b" testId="d3e47fb0-198c-5eff-c3a7-e584b9e9130b" testName="Appostolic.Api.Tests.Api.AuditsListingEndpointTests.Returns_400_on_invalid_guid_filters" computerName="MacBook-Pro-2" duration="00:00:00.0085904" startTime="2025-09-15T14:07:22.6237760-05:00" endTime="2025-09-15T14:07:22.6237760-05:00" testType="13cdc9d9-ddb5-4fa4-a97d-d965ccfc6d4b" outcome="Passed" testListId="8c84fa94-04c1-424b-9868-57a2d4851a1d" relativeResultsDirectory="6e0f34b8-aff4-414d-9968-b39fc268430b" />
    <UnitTestResult executionId="c4e7ceca-723b-4885-a0e3-e4da8b61b4fd" testId="1cfc69b2-92d0-7e18-c868-129765966147" testName="Appostolic.Api.Tests.Auth.SignupTests.Signup_SelfServe_CreatesUserAndPersonalTenant" computerName="MacBook-Pro-2" duration="00:00:00.4271710" startTime="2025-09-15T14:07:26.8974430-05:00" endTime="2025-09-15T14:07:26.8974430-05:00" testType="13cdc9d9-ddb5-4fa4-a97d-d965ccfc6d4b" outcome="Passed" testListId="8c84fa94-04c1-424b-9868-57a2d4851a1d" relativeResultsDirectory="c4e7ceca-723b-4885-a0e3-e4da8b61b4fd" />
    <UnitTestResult executionId="6dac773f-053a-4a25-893f-6f5dbcd73263" testId="5818c4b0-5040-ff57-2a21-3715c31b378e" testName="Appostolic.Api.Tests.NotificationEnqueuerTests.QueueInvite_uses_relative_when_base_missing" computerName="MacBook-Pro-2" duration="00:00:00.0007714" startTime="2025-09-15T14:07:22.6407890-05:00" endTime="2025-09-15T14:07:22.6407890-05:00" testType="13cdc9d9-ddb5-4fa4-a97d-d965ccfc6d4b" outcome="Passed" testListId="8c84fa94-04c1-424b-9868-57a2d4851a1d" relativeResultsDirectory="6dac773f-053a-4a25-893f-6f5dbcd73263" />
    <UnitTestResult executionId="63ed8e50-52f8-4846-969c-47bb9967570c" testId="40e767b4-314a-d8ef-34b1-5c49d7ef55c4" testName="Appostolic.Api.Tests.Model.TokenEstimatorTests.EstimateTokens_Heuristic_CeilPer4Chars(text: &quot;&quot;, expected: 0)" computerName="MacBook-Pro-2" duration="00:00:00.0057088" startTime="2025-09-15T14:07:19.0765330-05:00" endTime="2025-09-15T14:07:19.0765430-05:00" testType="13cdc9d9-ddb5-4fa4-a97d-d965ccfc6d4b" outcome="Passed" testListId="8c84fa94-04c1-424b-9868-57a2d4851a1d" relativeResultsDirectory="63ed8e50-52f8-4846-969c-47bb9967570c" />
    <UnitTestResult executionId="51415781-d1ea-45c6-94b5-6fc6b054bbbb" testId="39114ef2-4a94-0d20-df91-881c10164c3c" testName="Appostolic.Api.Tests.Model.TokenEstimatorTests.EstimateTokens_Heuristic_CeilPer4Chars(text: &quot;abcd&quot;, expected: 1)" computerName="MacBook-Pro-2" duration="00:00:00.0000011" startTime="2025-09-15T14:07:19.0782760-05:00" endTime="2025-09-15T14:07:19.0782760-05:00" testType="13cdc9d9-ddb5-4fa4-a97d-d965ccfc6d4b" outcome="Passed" testListId="8c84fa94-04c1-424b-9868-57a2d4851a1d" relativeResultsDirectory="51415781-d1ea-45c6-94b5-6fc6b054bbbb" />
    <UnitTestResult executionId="329d3c9a-af23-47a7-9c2b-0854b4ed6b43" testId="d5afdedc-771c-29a3-fa0a-9ebd023dd2c6" testName="Appostolic.Api.Tests.Api.InvitesEndpointsTests.Invites_Full_Lifecycle_Create_Resend_Accept_Revoke" computerName="MacBook-Pro-2" duration="00:00:00.4938579" startTime="2025-09-15T14:07:25.9338280-05:00" endTime="2025-09-15T14:07:25.9338280-05:00" testType="13cdc9d9-ddb5-4fa4-a97d-d965ccfc6d4b" outcome="Passed" testListId="8c84fa94-04c1-424b-9868-57a2d4851a1d" relativeResultsDirectory="329d3c9a-af23-47a7-9c2b-0854b4ed6b43" />
    <UnitTestResult executionId="b5b8a4fc-6114-4356-ae04-bd4c28039c4c" testId="d23daa8f-5725-d1c6-7d7a-83c05e893d1b" testName="Appostolic.Api.Tests.Api.NotificationsProdEndpointsTests.Superadmin_can_list_cross_tenant" computerName="MacBook-Pro-2" duration="00:00:00.1747576" startTime="2025-09-15T14:07:24.4204430-05:00" endTime="2025-09-15T14:07:24.4204430-05:00" testType="13cdc9d9-ddb5-4fa4-a97d-d965ccfc6d4b" outcome="Passed" testListId="8c84fa94-04c1-424b-9868-57a2d4851a1d" relativeResultsDirectory="b5b8a4fc-6114-4356-ae04-bd4c28039c4c" />
    <UnitTestResult executionId="6b7759e5-34bf-4647-895b-46d404293b8d" testId="e74b4a4d-4fe0-004f-1c01-e9508924afd9" testName="Appostolic.Api.Tests.Api.AgentsEndpointsTests.Agents_Validation_Errors" computerName="MacBook-Pro-2" duration="00:00:00.1654506" startTime="2025-09-15T14:07:27.5317890-05:00" endTime="2025-09-15T14:07:27.5317890-05:00" testType="13cdc9d9-ddb5-4fa4-a97d-d965ccfc6d4b" outcome="Passed" testListId="8c84fa94-04c1-424b-9868-57a2d4851a1d" relativeResultsDirectory="6b7759e5-34bf-4647-895b-46d404293b8d" />
    <UnitTestResult executionId="ef8f336c-ed54-45a8-bc0a-c4477ddaf329" testId="1f65e069-4a6f-ccd5-bb6b-41fba0e75604" testName="Appostolic.Api.Tests.Api.NotificationsAdminEndpointsTests.Resend_metrics_emitted_for_manual_and_bulk" computerName="MacBook-Pro-2" duration="00:00:00.1734077" startTime="2025-09-15T14:07:28.4316560-05:00" endTime="2025-09-15T14:07:28.4316560-05:00" testType="13cdc9d9-ddb5-4fa4-a97d-d965ccfc6d4b" outcome="Passed" testListId="8c84fa94-04c1-424b-9868-57a2d4851a1d" relativeResultsDirectory="ef8f336c-ed54-45a8-bc0a-c4477ddaf329" />
    <UnitTestResult executionId="d721cf1e-447b-4674-a85b-57e5d5bff007" testId="8e86fe7c-6239-7009-e550-a3b2b1493955" testName="Appostolic.Api.Tests.Api.MembersListTests.Viewer_gets_403_for_members_list" computerName="MacBook-Pro-2" duration="00:00:00.1537046" startTime="2025-09-15T14:07:22.7960840-05:00" endTime="2025-09-15T14:07:22.7960840-05:00" testType="13cdc9d9-ddb5-4fa4-a97d-d965ccfc6d4b" outcome="Passed" testListId="8c84fa94-04c1-424b-9868-57a2d4851a1d" relativeResultsDirectory="d721cf1e-447b-4674-a85b-57e5d5bff007" />
    <UnitTestResult executionId="8ee191df-a9dd-428e-89bf-54ee5e7a7a76" testId="c8cdac31-ad32-9a02-508c-02a988e5e017" testName="DbQueryToolTests.Reject_non_select" computerName="MacBook-Pro-2" duration="00:00:00.0003633" startTime="2025-09-15T14:07:25.4395740-05:00" endTime="2025-09-15T14:07:25.4395740-05:00" testType="13cdc9d9-ddb5-4fa4-a97d-d965ccfc6d4b" outcome="Passed" testListId="8c84fa94-04c1-424b-9868-57a2d4851a1d" relativeResultsDirectory="8ee191df-a9dd-428e-89bf-54ee5e7a7a76" />
    <UnitTestResult executionId="6bd647ca-d9a0-4ce0-b1c7-3e6ae9a4b137" testId="897896ab-cee9-9ca5-ec01-253d0f0d6b3c" testName="Appostolic.Api.Tests.Api.DevGrantRolesEndpointTests.Grants_roles_to_new_user_and_membership" computerName="MacBook-Pro-2" duration="00:00:00.1839698" startTime="2025-09-15T14:07:26.4610660-05:00" endTime="2025-09-15T14:07:26.4610660-05:00" testType="13cdc9d9-ddb5-4fa4-a97d-d965ccfc6d4b" outcome="Failed" testListId="8c84fa94-04c1-424b-9868-57a2d4851a1d" relativeResultsDirectory="6bd647ca-d9a0-4ce0-b1c7-3e6ae9a4b137">
      <Output>
        <ErrorInfo>
          <Message>Expected resp.StatusCode to be HttpStatusCode.OK {value: 200}, but found HttpStatusCode.NotFound {value: 404}.</Message>
          <StackTrace>   at FluentAssertions.Execution.XUnit2TestFramework.Throw(String message)
   at FluentAssertions.Execution.TestFrameworkProvider.Throw(String message)
   at FluentAssertions.Execution.DefaultAssertionStrategy.HandleFailure(String message)
   at FluentAssertions.Execution.AssertionScope.FailWith(Func`1 failReasonFunc)
   at FluentAssertions.Execution.AssertionScope.FailWith(Func`1 failReasonFunc)
   at FluentAssertions.Execution.AssertionScope.FailWith(String message, Object[] args)
   at FluentAssertions.Primitives.EnumAssertions`2.Be(TEnum expected, String because, Object[] becauseArgs)
   at Appostolic.Api.Tests.Api.DevGrantRolesEndpointTests.Grants_roles_to_new_user_and_membership() in /Users/kevinmccreary/appostolic/apps/api.tests/Api/DevGrantRolesEndpointTests.cs:line 37
--- End of stack trace from previous location ---</StackTrace>
        </ErrorInfo>
      </Output>
    </UnitTestResult>
    <UnitTestResult executionId="540c17ab-3453-4f14-8144-976a9deb8106" testId="7c0f601f-632e-a9b2-aeb3-eee73bd7742c" testName="Appostolic.Api.Tests.Auth.SignupTests.Signup_WithInvalidInviteToken_ReturnsBadRequest" computerName="MacBook-Pro-2" duration="00:00:00.4678924" startTime="2025-09-15T14:07:27.3655210-05:00" endTime="2025-09-15T14:07:27.3655210-05:00" testType="13cdc9d9-ddb5-4fa4-a97d-d965ccfc6d4b" outcome="Passed" testListId="8c84fa94-04c1-424b-9868-57a2d4851a1d" relativeResultsDirectory="540c17ab-3453-4f14-8144-976a9deb8106" />
    <UnitTestResult executionId="175a32e5-a947-4a4e-8e3e-a1e48f84cd5d" testId="11acc57e-e7b4-9c88-543d-dd88434937c6" testName="Appostolic.Api.Tests.Api.AuthPasswordFlowsTests.ChangePassword_WithWrongCurrent_ReturnsUnauthorized" computerName="MacBook-Pro-2" duration="00:00:00.6283680" startTime="2025-09-15T14:07:31.4649790-05:00" endTime="2025-09-15T14:07:31.4649800-05:00" testType="13cdc9d9-ddb5-4fa4-a97d-d965ccfc6d4b" outcome="Passed" testListId="8c84fa94-04c1-424b-9868-57a2d4851a1d" relativeResultsDirectory="175a32e5-a947-4a4e-8e3e-a1e48f84cd5d" />
    <UnitTestResult executionId="bd6cc155-a8a6-44fd-a4a1-70c58abba746" testId="d079b60f-9bd9-c7a1-855f-178e519346dc" testName="Appostolic.Api.Tests.EmailDispatcherTests.Dispatcher_logs_correlation_fields_when_present" computerName="MacBook-Pro-2" duration="00:00:00.0038063" startTime="2025-09-15T14:07:21.2009040-05:00" endTime="2025-09-15T14:07:21.2009040-05:00" testType="13cdc9d9-ddb5-4fa4-a97d-d965ccfc6d4b" outcome="Passed" testListId="8c84fa94-04c1-424b-9868-57a2d4851a1d" relativeResultsDirectory="bd6cc155-a8a6-44fd-a4a1-70c58abba746" />
    <UnitTestResult executionId="b150afb9-9c0a-4d09-b4f1-39277e13b515" testId="7e0d251c-aca1-3165-2651-f2996ab661b8" testName="DbQueryToolTests.Select_users_all_rows" computerName="MacBook-Pro-2" duration="00:00:00.0024673" startTime="2025-09-15T14:07:25.4361160-05:00" endTime="2025-09-15T14:07:25.4361160-05:00" testType="13cdc9d9-ddb5-4fa4-a97d-d965ccfc6d4b" outcome="Passed" testListId="8c84fa94-04c1-424b-9868-57a2d4851a1d" relativeResultsDirectory="b150afb9-9c0a-4d09-b4f1-39277e13b515" />
    <UnitTestResult executionId="a55fd33a-47ef-4f7e-ab43-2aed0e48602f" testId="f53587d7-cc90-0182-8a77-44034bb01e5e" testName="Appostolic.Api.Tests.ModelMappingTests.Agent_indexes_are_configured_in_model" computerName="MacBook-Pro-2" duration="00:00:00.0003066" startTime="2025-09-15T14:07:29.0326290-05:00" endTime="2025-09-15T14:07:29.0326290-05:00" testType="13cdc9d9-ddb5-4fa4-a97d-d965ccfc6d4b" outcome="Passed" testListId="8c84fa94-04c1-424b-9868-57a2d4851a1d" relativeResultsDirectory="a55fd33a-47ef-4f7e-ab43-2aed0e48602f" />
    <UnitTestResult executionId="bfa28761-6499-419b-a8e6-193aba266c5e" testId="c14df636-a969-3c53-ec76-0aeb4c5b250c" testName="Appostolic.Api.Tests.Api.DevGrantRolesEndpointTests.Returns_400_for_invalid_role_name" computerName="MacBook-Pro-2" duration="00:00:00.0039696" startTime="2025-09-15T14:07:26.4633310-05:00" endTime="2025-09-15T14:07:26.4633310-05:00" testType="13cdc9d9-ddb5-4fa4-a97d-d965ccfc6d4b" outcome="Failed" testListId="8c84fa94-04c1-424b-9868-57a2d4851a1d" relativeResultsDirectory="bfa28761-6499-419b-a8e6-193aba266c5e">
      <Output>
        <ErrorInfo>
          <Message>Expected resp.StatusCode to be HttpStatusCode.BadRequest {value: 400}, but found HttpStatusCode.NotFound {value: 404}.</Message>
          <StackTrace>   at FluentAssertions.Execution.XUnit2TestFramework.Throw(String message)
   at FluentAssertions.Execution.TestFrameworkProvider.Throw(String message)
   at FluentAssertions.Execution.DefaultAssertionStrategy.HandleFailure(String message)
   at FluentAssertions.Execution.AssertionScope.FailWith(Func`1 failReasonFunc)
   at FluentAssertions.Execution.AssertionScope.FailWith(Func`1 failReasonFunc)
   at FluentAssertions.Execution.AssertionScope.FailWith(String message, Object[] args)
   at FluentAssertions.Primitives.EnumAssertions`2.Be(TEnum expected, String because, Object[] becauseArgs)
   at Appostolic.Api.Tests.Api.DevGrantRolesEndpointTests.Returns_400_for_invalid_role_name() in /Users/kevinmccreary/appostolic/apps/api.tests/Api/DevGrantRolesEndpointTests.cs:line 99
--- End of stack trace from previous location ---</StackTrace>
        </ErrorInfo>
      </Output>
    </UnitTestResult>
    <UnitTestResult executionId="474a661a-49c2-47c9-a5e6-b1a0e8f8668e" testId="1aa96e1c-162f-87b8-360d-29c19b3b2c73" testName="DbQueryToolTests.Unknown_table_fails" computerName="MacBook-Pro-2" duration="00:00:00.0093557" startTime="2025-09-15T14:07:25.4336350-05:00" endTime="2025-09-15T14:07:25.4336350-05:00" testType="13cdc9d9-ddb5-4fa4-a97d-d965ccfc6d4b" outcome="Passed" testListId="8c84fa94-04c1-424b-9868-57a2d4851a1d" relativeResultsDirectory="474a661a-49c2-47c9-a5e6-b1a0e8f8668e" />
    <UnitTestResult executionId="7fcfa6e9-baaf-4a39-af35-454f417d5d3a" testId="f0724dde-c441-a83f-2f8e-78db9d6adb66" testName="Appostolic.Api.Tests.AgentTasks.AgentTasksListFilterPaginationTests.Status_Filter_Is_CaseInsensitive" computerName="MacBook-Pro-2" duration="00:00:00.0156496" startTime="2025-09-15T14:07:20.7434560-05:00" endTime="2025-09-15T14:07:20.7434560-05:00" testType="13cdc9d9-ddb5-4fa4-a97d-d965ccfc6d4b" outcome="Passed" testListId="8c84fa94-04c1-424b-9868-57a2d4851a1d" relativeResultsDirectory="7fcfa6e9-baaf-4a39-af35-454f417d5d3a" />
    <UnitTestResult executionId="b2d9ab3d-2de5-4d9a-b187-ab713408f95b" testId="8f26075f-925c-4688-bf33-abe324c4e160" testName="Appostolic.Api.Tests.Api.ToolCatalogTests.Tools_Catalog_Lists_Registered_Tools_With_Categories" computerName="MacBook-Pro-2" duration="00:00:00.1808211" startTime="2025-09-15T14:07:20.4233790-05:00" endTime="2025-09-15T14:07:20.4233790-05:00" testType="13cdc9d9-ddb5-4fa4-a97d-d965ccfc6d4b" outcome="Passed" testListId="8c84fa94-04c1-424b-9868-57a2d4851a1d" relativeResultsDirectory="b2d9ab3d-2de5-4d9a-b187-ab713408f95b" />
    <UnitTestResult executionId="d08b8e49-d735-4f10-aea6-24cb192477e1" testId="2c0e3ce9-5829-44ef-fbae-e96e2c0f5de9" testName="Appostolic.Api.Tests.Model.TokenEstimatorTests.EstimateTokens_Heuristic_CeilPer4Chars(text: &quot;abcdefgh&quot;, expected: 2)" computerName="MacBook-Pro-2" duration="00:00:00.0000989" startTime="2025-09-15T14:07:19.0781010-05:00" endTime="2025-09-15T14:07:19.0781010-05:00" testType="13cdc9d9-ddb5-4fa4-a97d-d965ccfc6d4b" outcome="Passed" testListId="8c84fa94-04c1-424b-9868-57a2d4851a1d" relativeResultsDirectory="d08b8e49-d735-4f10-aea6-24cb192477e1" />
    <UnitTestResult executionId="ffeec363-9af3-4611-a843-73b71a28ae22" testId="431e4b70-7576-ccc6-3cf3-9bbf13c26e5b" testName="Appostolic.Api.Tests.Api.MembersManagementTests.Demote_owner_allowed_when_another_admin_exists" computerName="MacBook-Pro-2" duration="00:00:00.0059085" startTime="2025-09-15T14:07:32.4565730-05:00" endTime="2025-09-15T14:07:32.4565740-05:00" testType="13cdc9d9-ddb5-4fa4-a97d-d965ccfc6d4b" outcome="Passed" testListId="8c84fa94-04c1-424b-9868-57a2d4851a1d" relativeResultsDirectory="ffeec363-9af3-4611-a843-73b71a28ae22" />
    <UnitTestResult executionId="05e7634e-9438-418b-9e18-1405cb3239f5" testId="dfdd94d6-4157-31a9-a81a-18fee28467d5" testName="Appostolic.Api.Tests.AgentOrchestratorTests.HappyPath_ModelPlansToolThenFinal_SucceedsWithTwoTraces" computerName="MacBook-Pro-2" duration="00:00:00.0020045" startTime="2025-09-15T14:07:25.4072240-05:00" endTime="2025-09-15T14:07:25.4072240-05:00" testType="13cdc9d9-ddb5-4fa4-a97d-d965ccfc6d4b" outcome="Passed" testListId="8c84fa94-04c1-424b-9868-57a2d4851a1d" relativeResultsDirectory="05e7634e-9438-418b-9e18-1405cb3239f5" />
    <UnitTestResult executionId="ff39288e-c45d-4aee-89cf-a2fdfaad137d" testId="21127838-ea89-b283-653a-0b46d8acc590" testName="Appostolic.Api.Tests.EmailDedupeTests.Dedupe_suppresses_duplicate_messages" computerName="MacBook-Pro-2" duration="00:00:00.3032486" startTime="2025-09-15T14:07:23.1152700-05:00" endTime="2025-09-15T14:07:23.1152710-05:00" testType="13cdc9d9-ddb5-4fa4-a97d-d965ccfc6d4b" outcome="Passed" testListId="8c84fa94-04c1-424b-9868-57a2d4851a1d" relativeResultsDirectory="ff39288e-c45d-4aee-89cf-a2fdfaad137d" />
    <UnitTestResult executionId="fef18e7f-8510-40d4-a6e3-3cf4afa6ded0" testId="f7e247f1-8de7-594b-e638-b4ec989d69be" testName="Appostolic.Api.Tests.AgentTasks.AgentTasksCancelRetryTests.Cancel_Pending_Task_IsCanceledImmediately" computerName="MacBook-Pro-2" duration="00:00:00.1645624" startTime="2025-09-15T14:07:25.3716450-05:00" endTime="2025-09-15T14:07:25.3716450-05:00" testType="13cdc9d9-ddb5-4fa4-a97d-d965ccfc6d4b" outcome="Passed" testListId="8c84fa94-04c1-424b-9868-57a2d4851a1d" relativeResultsDirectory="fef18e7f-8510-40d4-a6e3-3cf4afa6ded0" />
    <UnitTestResult executionId="2ef0c98a-af35-4ef0-ad3b-df93a836ba51" testId="c2441ddc-565a-93d7-0c28-f73ca97b9486" testName="Appostolic.Api.Tests.Orchestrator.TokenAggregationTests.AggregatesTokens_And_ComputesCost_WhenPricingEnabled" computerName="MacBook-Pro-2" duration="00:00:00.0026075" startTime="2025-09-15T14:07:31.4732770-05:00" endTime="2025-09-15T14:07:31.4732770-05:00" testType="13cdc9d9-ddb5-4fa4-a97d-d965ccfc6d4b" outcome="Passed" testListId="8c84fa94-04c1-424b-9868-57a2d4851a1d" relativeResultsDirectory="2ef0c98a-af35-4ef0-ad3b-df93a836ba51" />
    <UnitTestResult executionId="9c611ff3-14fa-41a4-b88f-36afb4cbff67" testId="9b729b7e-a306-20a1-7040-eda547fe8bec" testName="Appostolic.Api.Tests.E2E.AgentTasksE2E_HappyPath.EndToEnd_CreatesTask_RunsToSuccess_TracesAndTokensPresent" computerName="MacBook-Pro-2" duration="00:00:00.2594782" startTime="2025-09-15T14:07:32.8852720-05:00" endTime="2025-09-15T14:07:32.8852720-05:00" testType="13cdc9d9-ddb5-4fa4-a97d-d965ccfc6d4b" outcome="Passed" testListId="8c84fa94-04c1-424b-9868-57a2d4851a1d" relativeResultsDirectory="9c611ff3-14fa-41a4-b88f-36afb4cbff67" />
    <UnitTestResult executionId="dd3283b6-56f3-4f83-b033-85f53282dab4" testId="61b122ca-f3a1-21e8-0492-e3c660390b05" testName="Appostolic.Api.Tests.EmailProviderSelectionTests.Resolves_Smtp_sender_when_provider_smtp" computerName="MacBook-Pro-2" duration="00:00:00.1007107" startTime="2025-09-15T14:07:24.7305040-05:00" endTime="2025-09-15T14:07:24.7305040-05:00" testType="13cdc9d9-ddb5-4fa4-a97d-d965ccfc6d4b" outcome="Passed" testListId="8c84fa94-04c1-424b-9868-57a2d4851a1d" relativeResultsDirectory="dd3283b6-56f3-4f83-b033-85f53282dab4" />
    <UnitTestResult executionId="6e2e67c9-160a-4f2a-99c1-0a9029536804" testId="79403e37-7823-d8d7-7290-f467456876fa" testName="Appostolic.Api.Tests.Model.TokenEstimatorTests.EstimateTokens_Heuristic_CeilPer4Chars(text: &quot;a&quot;, expected: 1)" computerName="MacBook-Pro-2" duration="00:00:00.0000009" startTime="2025-09-15T14:07:19.0782910-05:00" endTime="2025-09-15T14:07:19.0782910-05:00" testType="13cdc9d9-ddb5-4fa4-a97d-d965ccfc6d4b" outcome="Passed" testListId="8c84fa94-04c1-424b-9868-57a2d4851a1d" relativeResultsDirectory="6e2e67c9-160a-4f2a-99c1-0a9029536804" />
    <UnitTestResult executionId="e720f91a-3ca1-494d-b080-011c68175c14" testId="e0724a8e-d699-09ac-c090-59791deb23d9" testName="Appostolic.Api.Tests.Api.NotificationsAdminEndpointsTests.Resend_dev_endpoint_creates_and_throttles" computerName="MacBook-Pro-2" duration="00:00:00.1683852" startTime="2025-09-15T14:07:27.9150410-05:00" endTime="2025-09-15T14:07:27.9150410-05:00" testType="13cdc9d9-ddb5-4fa4-a97d-d965ccfc6d4b" outcome="Passed" testListId="8c84fa94-04c1-424b-9868-57a2d4851a1d" relativeResultsDirectory="e720f91a-3ca1-494d-b080-011c68175c14" />
    <UnitTestResult executionId="6472333c-8df9-4700-b332-9f13f0598e7d" testId="7c805908-7267-f4aa-63a0-03f3e0715abc" testName="Appostolic.Api.Tests.Api.AssignmentsApiTests.Cannot_remove_last_admin_via_flags_returns_409" computerName="MacBook-Pro-2" duration="00:00:00.2258322" startTime="2025-09-15T14:07:20.0866610-05:00" endTime="2025-09-15T14:07:20.0866610-05:00" testType="13cdc9d9-ddb5-4fa4-a97d-d965ccfc6d4b" outcome="Passed" testListId="8c84fa94-04c1-424b-9868-57a2d4851a1d" relativeResultsDirectory="6472333c-8df9-4700-b332-9f13f0598e7d" />
  </Results>
  <TestDefinitions>
    <UnitTest name="Appostolic.Api.Tests.Api.InvitesEndpointsTests.Invites_Full_Lifecycle_Create_Resend_Accept_Revoke" storage="/users/kevinmccreary/appostolic/apps/api.tests/bin/debug/net8.0/appostolic.api.tests.dll" id="d5afdedc-771c-29a3-fa0a-9ebd023dd2c6">
      <Execution id="329d3c9a-af23-47a7-9c2b-0854b4ed6b43" />
      <TestMethod codeBase="/Users/kevinmccreary/appostolic/apps/api.tests/bin/Debug/net8.0/Appostolic.Api.Tests.dll" adapterTypeName="executor://xunit/VsTestRunner2/netcoreapp" className="Appostolic.Api.Tests.Api.InvitesEndpointsTests" name="Invites_Full_Lifecycle_Create_Resend_Accept_Revoke" />
    </UnitTest>
[...]
    <TestEntry testId="8499e5e2-c09d-d64e-ab91-715c51a15d3b" executionId="d95c3f0b-ad1c-4d1e-9358-43b238936e96" testListId="8c84fa94-04c1-424b-9868-57a2d4851a1d" />
    <TestEntry testId="81f70a90-5f17-3107-1751-37f6a5b41791" executionId="9ff4519a-dfe6-481d-afb9-ea4bdd453d25" testListId="8c84fa94-04c1-424b-9868-57a2d4851a1d" />
    <TestEntry testId="4ee5f350-b89d-edd8-c84d-cd5d40909f15" executionId="e1adff2e-7fb5-4d1a-81b2-cd402e3f3d4b" testListId="8c84fa94-04c1-424b-9868-57a2d4851a1d" />
    <TestEntry testId="0d699ea2-79e9-9f01-d2d5-fca82a358bb0" executionId="56cffd14-e2b9-4683-88e6-06126dd72278" testListId="8c84fa94-04c1-424b-9868-57a2d4851a1d" />
    <TestEntry testId="5ec8c6f8-601d-9718-1802-a15c88bb4987" executionId="bedad845-6c08-4869-bcf0-f37e31dd42d6" testListId="8c84fa94-04c1-424b-9868-57a2d4851a1d" />
    <TestEntry testId="811026c2-41ce-4e18-121d-862774cd6272" executionId="50aa831c-d350-4ff5-8419-e903b42fcb68" testListId="8c84fa94-04c1-424b-9868-57a2d4851a1d" />
    <TestEntry testId="cb90a4b6-5413-6334-a88c-d9e37624202c" executionId="964e728d-4a56-4d65-a46c-904a084beb0b" testListId="8c84fa94-04c1-424b-9868-57a2d4851a1d" />
    <TestEntry testId="22ad276e-c73f-4ebf-8729-b5903439e2d9" executionId="a91ffe88-d106-4185-ac9e-cd8505b7a28d" testListId="8c84fa94-04c1-424b-9868-57a2d4851a1d" />
    <TestEntry testId="bde04400-fb2a-d1b4-e9d5-727f1b9bbed1" executionId="04bd81bb-8646-4be9-8008-96fb679c3f70" testListId="8c84fa94-04c1-424b-9868-57a2d4851a1d" />
    <TestEntry testId="5ad39d2c-d77f-b72d-621d-dc03058b3c06" executionId="95f9833d-82cc-4fcb-a2e7-e469280dab6d" testListId="8c84fa94-04c1-424b-9868-57a2d4851a1d" />
    <TestEntry testId="fc170f06-7a65-44e3-9780-d428f13f33ad" executionId="1f3075c5-36e9-45c7-b8cb-05e540a04b98" testListId="8c84fa94-04c1-424b-9868-57a2d4851a1d" />
    <TestEntry testId="6ac2577f-abec-ce9e-a92b-34035bd744e0" executionId="993066c8-1270-47cc-9fc3-cb9fd02b61ce" testListId="8c84fa94-04c1-424b-9868-57a2d4851a1d" />
    <TestEntry testId="94524c04-7158-8472-e876-43b26f76e4f4" executionId="b148aa62-ca7d-415b-9e0a-90c55e7987ba" testListId="8c84fa94-04c1-424b-9868-57a2d4851a1d" />
    <TestEntry testId="b2e4b89c-c96f-83af-e281-01d9319a9bb8" executionId="59447875-8eda-4df0-8b59-5be76e7b38da" testListId="8c84fa94-04c1-424b-9868-57a2d4851a1d" />
    <TestEntry testId="ee7b51d2-d8a7-715d-70ab-159c7293568a" executionId="0d3ca25d-1db2-4222-bc86-7d3ffd0ed88b" testListId="8c84fa94-04c1-424b-9868-57a2d4851a1d" />
    <TestEntry testId="c3e1478d-2cae-8f80-3a89-04eb9dac0acb" executionId="53b40b0d-f1b3-413f-a3fa-885a0bb99ae9" testListId="8c84fa94-04c1-424b-9868-57a2d4851a1d" />
    <TestEntry testId="eb812c29-73b3-e923-42de-8821a188e94a" executionId="a63fb150-ca2b-4747-80df-ef6742679bfe" testListId="8c84fa94-04c1-424b-9868-57a2d4851a1d" />
    <TestEntry testId="9c020064-9cbb-7975-d5c0-9dc48d581775" executionId="0c503c42-b2ad-45d8-ae50-25d43519d4ee" testListId="8c84fa94-04c1-424b-9868-57a2d4851a1d" />
    <TestEntry testId="50c609b5-3f14-814d-a1e7-5260305a9b12" executionId="e5ad0414-fb7e-437b-bfe1-6de35ee99ac1" testListId="8c84fa94-04c1-424b-9868-57a2d4851a1d" />
    <TestEntry testId="71d5d180-2d36-ecb9-e4eb-71ca09e46ec4" executionId="b945fe42-7f83-4dc7-8a95-3e7b162bf8f5" testListId="8c84fa94-04c1-424b-9868-57a2d4851a1d" />
    <TestEntry testId="5aebb0bd-a461-dea6-b51f-abbdbf65c34a" executionId="7325ae9b-a105-43ae-8a6d-4f2d0494fe9f" testListId="8c84fa94-04c1-424b-9868-57a2d4851a1d" />
    <TestEntry testId="7bfc22d7-9c12-bb6d-b1ad-6ad8a8f51b4d" executionId="7a474c2a-fa49-41e0-b183-a592bc9767f1" testListId="8c84fa94-04c1-424b-9868-57a2d4851a1d" />
    <TestEntry testId="c17747a3-eb4e-63bf-0bc9-279a4928ed40" executionId="f68cda75-83f5-4287-b167-1db8000671ba" testListId="8c84fa94-04c1-424b-9868-57a2d4851a1d" />
    <TestEntry testId="46ad1244-cbdb-dca6-f007-7e8a232754cc" executionId="810bf44a-c0e1-4f17-8e48-9fa845e3bffd" testListId="8c84fa94-04c1-424b-9868-57a2d4851a1d" />
    <TestEntry testId="b672c70e-eca2-f979-b482-5169b705a205" executionId="68d68b12-a2de-46e3-b4e3-bdd39e3ca6b9" testListId="8c84fa94-04c1-424b-9868-57a2d4851a1d" />
    <TestEntry testId="67c9746f-1f57-937b-6598-3968df73012b" executionId="fd371ec1-37a5-4495-86a6-abb745ea17c4" testListId="8c84fa94-04c1-424b-9868-57a2d4851a1d" />
    <TestEntry testId="43ab37ac-8f01-34cd-35d3-1bda726822d7" executionId="3e3a4f86-d23a-432f-a19b-af5aa3a1f82e" testListId="8c84fa94-04c1-424b-9868-57a2d4851a1d" />
    <TestEntry testId="ed8d7d20-a6f1-0500-d78a-14c17a721b87" executionId="ebfbefe8-8ef6-441d-b8bb-77567e92360e" testListId="8c84fa94-04c1-424b-9868-57a2d4851a1d" />
    <TestEntry testId="8e56ee2d-296c-f180-2ad1-a3abd5b19292" executionId="fb81ebd7-6985-406e-9c27-390971bf2f16" testListId="8c84fa94-04c1-424b-9868-57a2d4851a1d" />
    <TestEntry testId="80cb1a83-dede-f3ba-117a-352364082463" executionId="9d8b4db5-7cd0-42d6-bbae-5085dbd04981" testListId="8c84fa94-04c1-424b-9868-57a2d4851a1d" />
    <TestEntry testId="c64a9991-8173-cdf8-9198-d5935257f1a8" executionId="b1daa685-571e-4f3f-b14d-1d9dd4fc2771" testListId="8c84fa94-04c1-424b-9868-57a2d4851a1d" />
    <TestEntry testId="784ad7dc-5a89-a731-4a54-d985f0ba330c" executionId="fda8c17a-be5b-45a7-bfdc-63b538ec50e6" testListId="8c84fa94-04c1-424b-9868-57a2d4851a1d" />
    <TestEntry testId="f3139bd5-165e-b0d0-2da0-a0210810049e" executionId="94a7f284-07c7-4ea7-a008-f483fb6a139d" testListId="8c84fa94-04c1-424b-9868-57a2d4851a1d" />
    <TestEntry testId="66fffdff-2dff-cbe5-8750-30f31bf1db7c" executionId="a8bc545a-1e08-4a10-8b83-c31a8d821ae1" testListId="8c84fa94-04c1-424b-9868-57a2d4851a1d" />
    <TestEntry testId="03cb9965-4934-50d0-65d4-2c790e264e80" executionId="eab3f68c-8a8a-43e4-b1b5-bcc3d0a65091" testListId="8c84fa94-04c1-424b-9868-57a2d4851a1d" />
    <TestEntry testId="9c1c1d38-5e04-c1b2-1a0f-96d8d4d8348a" executionId="6de0c212-9e4f-4004-abfd-3c09f2800606" testListId="8c84fa94-04c1-424b-9868-57a2d4851a1d" />
    <TestEntry testId="d8682838-1d38-dd8e-6c89-ae1bda81fecb" executionId="d7cb7514-f796-4f2c-bf57-fbd1a5584d23" testListId="8c84fa94-04c1-424b-9868-57a2d4851a1d" />
    <TestEntry testId="e654c6ff-e79b-0f0d-7ecf-a4648dc0cf91" executionId="7c5181a8-c63d-40d0-9223-008948a292d8" testListId="8c84fa94-04c1-424b-9868-57a2d4851a1d" />
    <TestEntry testId="2f6106d4-2d27-0ec0-388a-a0a0d64b80ea" executionId="e3725158-ab9a-41aa-aee3-b7bd08e2fa75" testListId="8c84fa94-04c1-424b-9868-57a2d4851a1d" />
    <TestEntry testId="da0da417-eb80-7ca8-c2a7-2b93c4d78528" executionId="f2625d92-cfb7-4627-831d-e9e57b18b4f8" testListId="8c84fa94-04c1-424b-9868-57a2d4851a1d" />
    <TestEntry testId="cc013720-f8b7-b972-40e8-34c7328bfdae" executionId="1aa2a38d-67e1-4bcf-81fb-e5ac4b0e2fb7" testListId="8c84fa94-04c1-424b-9868-57a2d4851a1d" />
    <TestEntry testId="cb3a79b8-8a20-d72b-fe66-3be39a479486" executionId="9fbc5385-e7dc-418b-ba75-e20e10299380" testListId="8c84fa94-04c1-424b-9868-57a2d4851a1d" />
    <TestEntry testId="a11d6311-0314-291e-6c87-0745cc1eace8" executionId="c1a259ba-25f1-4048-bd12-019c045a55c3" testListId="8c84fa94-04c1-424b-9868-57a2d4851a1d" />
    <TestEntry testId="6305e689-cee9-6a31-93d8-755b6c5fc935" executionId="16d31b68-9c89-4ba4-9587-7a6b2261d958" testListId="8c84fa94-04c1-424b-9868-57a2d4851a1d" />
    <TestEntry testId="7831f103-663f-8d24-4a8b-6bbe466d0837" executionId="3af64365-5b16-4f65-a8c8-2ca15544deef" testListId="8c84fa94-04c1-424b-9868-57a2d4851a1d" />
    <TestEntry testId="d59725be-2270-85f4-1a24-f28884383b83" executionId="e7f59c1e-138a-4955-91f2-dac1002c01d4" testListId="8c84fa94-04c1-424b-9868-57a2d4851a1d" />
    <TestEntry testId="90c7a127-2be9-b6e7-ec52-19cb51de49c0" executionId="38f8c4c4-9000-4e23-b86e-bf91219cc24c" testListId="8c84fa94-04c1-424b-9868-57a2d4851a1d" />
    <TestEntry testId="bc29c184-0770-c9df-63be-2a52d76ad503" executionId="ac93acd2-4dd2-44cd-9be0-cb2d00ae541b" testListId="8c84fa94-04c1-424b-9868-57a2d4851a1d" />
    <TestEntry testId="c561c2f6-8efd-4095-cbad-20238816bd9c" executionId="99b861b5-e5eb-4a80-af4a-f66144f12ae1" testListId="8c84fa94-04c1-424b-9868-57a2d4851a1d" />
    <TestEntry testId="87a5b8a9-e5bd-8c6e-5a6c-5815a0bd8c39" executionId="22223561-afad-4fcc-af0f-e92a71056bee" testListId="8c84fa94-04c1-424b-9868-57a2d4851a1d" />
    <TestEntry testId="2a9f6824-8a17-a193-b18b-3e78fa1bbbd5" executionId="7ebd4f16-ed7b-4272-94b6-74104f8e3d64" testListId="8c84fa94-04c1-424b-9868-57a2d4851a1d" />
    <TestEntry testId="df92ad96-32d4-9c44-0398-97a52600538f" executionId="a8689832-c85c-4f78-bcb1-6eb7d32363fc" testListId="8c84fa94-04c1-424b-9868-57a2d4851a1d" />
    <TestEntry testId="54bfc83b-71cd-70be-2e17-0d354a18b25a" executionId="55580cc0-ddf5-44ab-a588-f71387880a67" testListId="8c84fa94-04c1-424b-9868-57a2d4851a1d" />
    <TestEntry testId="7c574249-6de4-087c-ac92-00dedf541e78" executionId="0b5d1c87-4ea8-4b7b-bb9c-a0b5375a6a9a" testListId="8c84fa94-04c1-424b-9868-57a2d4851a1d" />
    <TestEntry testId="d3e47fb0-198c-5eff-c3a7-e584b9e9130b" executionId="6e0f34b8-aff4-414d-9968-b39fc268430b" testListId="8c84fa94-04c1-424b-9868-57a2d4851a1d" />
    <TestEntry testId="1cfc69b2-92d0-7e18-c868-129765966147" executionId="c4e7ceca-723b-4885-a0e3-e4da8b61b4fd" testListId="8c84fa94-04c1-424b-9868-57a2d4851a1d" />
    <TestEntry testId="5818c4b0-5040-ff57-2a21-3715c31b378e" executionId="6dac773f-053a-4a25-893f-6f5dbcd73263" testListId="8c84fa94-04c1-424b-9868-57a2d4851a1d" />
    <TestEntry testId="40e767b4-314a-d8ef-34b1-5c49d7ef55c4" executionId="63ed8e50-52f8-4846-969c-47bb9967570c" testListId="8c84fa94-04c1-424b-9868-57a2d4851a1d" />
    <TestEntry testId="39114ef2-4a94-0d20-df91-881c10164c3c" executionId="51415781-d1ea-45c6-94b5-6fc6b054bbbb" testListId="8c84fa94-04c1-424b-9868-57a2d4851a1d" />
    <TestEntry testId="d5afdedc-771c-29a3-fa0a-9ebd023dd2c6" executionId="329d3c9a-af23-47a7-9c2b-0854b4ed6b43" testListId="8c84fa94-04c1-424b-9868-57a2d4851a1d" />
    <TestEntry testId="d23daa8f-5725-d1c6-7d7a-83c05e893d1b" executionId="b5b8a4fc-6114-4356-ae04-bd4c28039c4c" testListId="8c84fa94-04c1-424b-9868-57a2d4851a1d" />
    <TestEntry testId="e74b4a4d-4fe0-004f-1c01-e9508924afd9" executionId="6b7759e5-34bf-4647-895b-46d404293b8d" testListId="8c84fa94-04c1-424b-9868-57a2d4851a1d" />
    <TestEntry testId="1f65e069-4a6f-ccd5-bb6b-41fba0e75604" executionId="ef8f336c-ed54-45a8-bc0a-c4477ddaf329" testListId="8c84fa94-04c1-424b-9868-57a2d4851a1d" />
    <TestEntry testId="8e86fe7c-6239-7009-e550-a3b2b1493955" executionId="d721cf1e-447b-4674-a85b-57e5d5bff007" testListId="8c84fa94-04c1-424b-9868-57a2d4851a1d" />
    <TestEntry testId="c8cdac31-ad32-9a02-508c-02a988e5e017" executionId="8ee191df-a9dd-428e-89bf-54ee5e7a7a76" testListId="8c84fa94-04c1-424b-9868-57a2d4851a1d" />
    <TestEntry testId="897896ab-cee9-9ca5-ec01-253d0f0d6b3c" executionId="6bd647ca-d9a0-4ce0-b1c7-3e6ae9a4b137" testListId="8c84fa94-04c1-424b-9868-57a2d4851a1d" />
    <TestEntry testId="7c0f601f-632e-a9b2-aeb3-eee73bd7742c" executionId="540c17ab-3453-4f14-8144-976a9deb8106" testListId="8c84fa94-04c1-424b-9868-57a2d4851a1d" />
    <TestEntry testId="11acc57e-e7b4-9c88-543d-dd88434937c6" executionId="175a32e5-a947-4a4e-8e3e-a1e48f84cd5d" testListId="8c84fa94-04c1-424b-9868-57a2d4851a1d" />
    <TestEntry testId="d079b60f-9bd9-c7a1-855f-178e519346dc" executionId="bd6cc155-a8a6-44fd-a4a1-70c58abba746" testListId="8c84fa94-04c1-424b-9868-57a2d4851a1d" />
    <TestEntry testId="7e0d251c-aca1-3165-2651-f2996ab661b8" executionId="b150afb9-9c0a-4d09-b4f1-39277e13b515" testListId="8c84fa94-04c1-424b-9868-57a2d4851a1d" />
    <TestEntry testId="f53587d7-cc90-0182-8a77-44034bb01e5e" executionId="a55fd33a-47ef-4f7e-ab43-2aed0e48602f" testListId="8c84fa94-04c1-424b-9868-57a2d4851a1d" />
    <TestEntry testId="c14df636-a969-3c53-ec76-0aeb4c5b250c" executionId="bfa28761-6499-419b-a8e6-193aba266c5e" testListId="8c84fa94-04c1-424b-9868-57a2d4851a1d" />
    <TestEntry testId="1aa96e1c-162f-87b8-360d-29c19b3b2c73" executionId="474a661a-49c2-47c9-a5e6-b1a0e8f8668e" testListId="8c84fa94-04c1-424b-9868-57a2d4851a1d" />
    <TestEntry testId="f0724dde-c441-a83f-2f8e-78db9d6adb66" executionId="7fcfa6e9-baaf-4a39-af35-454f417d5d3a" testListId="8c84fa94-04c1-424b-9868-57a2d4851a1d" />
    <TestEntry testId="8f26075f-925c-4688-bf33-abe324c4e160" executionId="b2d9ab3d-2de5-4d9a-b187-ab713408f95b" testListId="8c84fa94-04c1-424b-9868-57a2d4851a1d" />
    <TestEntry testId="2c0e3ce9-5829-44ef-fbae-e96e2c0f5de9" executionId="d08b8e49-d735-4f10-aea6-24cb192477e1" testListId="8c84fa94-04c1-424b-9868-57a2d4851a1d" />
    <TestEntry testId="431e4b70-7576-ccc6-3cf3-9bbf13c26e5b" executionId="ffeec363-9af3-4611-a843-73b71a28ae22" testListId="8c84fa94-04c1-424b-9868-57a2d4851a1d" />
    <TestEntry testId="dfdd94d6-4157-31a9-a81a-18fee28467d5" executionId="05e7634e-9438-418b-9e18-1405cb3239f5" testListId="8c84fa94-04c1-424b-9868-57a2d4851a1d" />
    <TestEntry testId="21127838-ea89-b283-653a-0b46d8acc590" executionId="ff39288e-c45d-4aee-89cf-a2fdfaad137d" testListId="8c84fa94-04c1-424b-9868-57a2d4851a1d" />
    <TestEntry testId="f7e247f1-8de7-594b-e638-b4ec989d69be" executionId="fef18e7f-8510-40d4-a6e3-3cf4afa6ded0" testListId="8c84fa94-04c1-424b-9868-57a2d4851a1d" />
    <TestEntry testId="c2441ddc-565a-93d7-0c28-f73ca97b9486" executionId="2ef0c98a-af35-4ef0-ad3b-df93a836ba51" testListId="8c84fa94-04c1-424b-9868-57a2d4851a1d" />
    <TestEntry testId="9b729b7e-a306-20a1-7040-eda547fe8bec" executionId="9c611ff3-14fa-41a4-b88f-36afb4cbff67" testListId="8c84fa94-04c1-424b-9868-57a2d4851a1d" />
    <TestEntry testId="61b122ca-f3a1-21e8-0492-e3c660390b05" executionId="dd3283b6-56f3-4f83-b033-85f53282dab4" testListId="8c84fa94-04c1-424b-9868-57a2d4851a1d" />
    <TestEntry testId="79403e37-7823-d8d7-7290-f467456876fa" executionId="6e2e67c9-160a-4f2a-99c1-0a9029536804" testListId="8c84fa94-04c1-424b-9868-57a2d4851a1d" />
    <TestEntry testId="e0724a8e-d699-09ac-c090-59791deb23d9" executionId="e720f91a-3ca1-494d-b080-011c68175c14" testListId="8c84fa94-04c1-424b-9868-57a2d4851a1d" />
    <TestEntry testId="7c805908-7267-f4aa-63a0-03f3e0715abc" executionId="6472333c-8df9-4700-b332-9f13f0598e7d" testListId="8c84fa94-04c1-424b-9868-57a2d4851a1d" />
  </TestEntries>
  <TestLists>
    <TestList name="Results Not in a List" id="8c84fa94-04c1-424b-9868-57a2d4851a1d" />
    <TestList name="All Loaded Results" id="19431567-8539-422a-85d7-44ee4e166bda" />
  </TestLists>
  <ResultSummary outcome="Failed">
    <Counters total="138" executed="138" passed="135" failed="3" error="0" timeout="0" aborted="0" inconclusive="0" passedButRunAborted="0" notRunnable="0" notExecuted="0" disconnected="0" warning="0" completed="0" inProgress="0" pending="0" />
    <Output>
      <StdOut>[xUnit.net 00:00:00.00] xUnit.net VSTest Adapter v2.8.1+ce9211e970 (64-bit .NET 8.0.1)
[xUnit.net 00:00:00.05]   Discovering: Appostolic.Api.Tests
[xUnit.net 00:00:00.08]   Discovered:  Appostolic.Api.Tests
[xUnit.net 00:00:00.08]   Starting:    Appostolic.Api.Tests
[xUnit.net 00:00:07.49]       Expected resp.StatusCode to be HttpStatusCode.OK {value: 200}, but found HttpStatusCode.NotFound {value: 404}.
[xUnit.net 00:00:07.49]       Stack Trace:
[xUnit.net 00:00:07.49]            at FluentAssertions.Execution.XUnit2TestFramework.Throw(String message)
[xUnit.net 00:00:07.49]            at FluentAssertions.Execution.TestFrameworkProvider.Throw(String message)
[xUnit.net 00:00:07.49]            at FluentAssertions.Execution.DefaultAssertionStrategy.HandleFailure(String message)
[xUnit.net 00:00:07.49]            at FluentAssertions.Execution.AssertionScope.FailWith(Func`1 failReasonFunc)
[xUnit.net 00:00:07.49]            at FluentAssertions.Execution.AssertionScope.FailWith(Func`1 failReasonFunc)
[xUnit.net 00:00:07.49]            at FluentAssertions.Execution.AssertionScope.FailWith(String message, Object[] args)
[xUnit.net 00:00:07.49]            at FluentAssertions.Primitives.EnumAssertions`2.Be(TEnum expected, String because, Object[] becauseArgs)
[xUnit.net 00:00:07.49]         /Users/kevinmccreary/appostolic/apps/api.tests/Api/DevGrantRolesEndpointTests.cs(37,0): at Appostolic.Api.Tests.Api.DevGrantRolesEndpointTests.Grants_roles_to_new_user_and_membership()
[xUnit.net 00:00:07.49]         --- End of stack trace from previous location ---
[xUnit.net 00:00:07.49]       Expected resp.StatusCode to be HttpStatusCode.BadRequest {value: 400}, but found HttpStatusCode.NotFound {value: 404}.
[xUnit.net 00:00:07.49]       Stack Trace:
[xUnit.net 00:00:07.49]            at FluentAssertions.Execution.XUnit2TestFramework.Throw(String message)
[xUnit.net 00:00:07.49]            at FluentAssertions.Execution.TestFrameworkProvider.Throw(String message)
[xUnit.net 00:00:07.49]            at FluentAssertions.Execution.DefaultAssertionStrategy.HandleFailure(String message)
[xUnit.net 00:00:07.49]            at FluentAssertions.Execution.AssertionScope.FailWith(Func`1 failReasonFunc)
[xUnit.net 00:00:07.49]            at FluentAssertions.Execution.AssertionScope.FailWith(Func`1 failReasonFunc)
[xUnit.net 00:00:07.49]            at FluentAssertions.Execution.AssertionScope.FailWith(String message, Object[] args)
[xUnit.net 00:00:07.49]            at FluentAssertions.Primitives.EnumAssertions`2.Be(TEnum expected, String because, Object[] becauseArgs)
[xUnit.net 00:00:07.49]         /Users/kevinmccreary/appostolic/apps/api.tests/Api/DevGrantRolesEndpointTests.cs(99,0): at Appostolic.Api.Tests.Api.DevGrantRolesEndpointTests.Returns_400_for_invalid_role_name()
[xUnit.net 00:00:07.49]         --- End of stack trace from previous location ---
[xUnit.net 00:00:07.50]       Expected resp.StatusCode to be HttpStatusCode.OK {value: 200}, but found HttpStatusCode.NotFound {value: 404}.
[xUnit.net 00:00:07.50]       Stack Trace:
[xUnit.net 00:00:07.50]            at FluentAssertions.Execution.XUnit2TestFramework.Throw(String message)
[xUnit.net 00:00:07.50]            at FluentAssertions.Execution.TestFrameworkProvider.Throw(String message)
[xUnit.net 00:00:07.50]            at FluentAssertions.Execution.DefaultAssertionStrategy.HandleFailure(String message)
[xUnit.net 00:00:07.50]            at FluentAssertions.Execution.AssertionScope.FailWith(Func`1 failReasonFunc)
[xUnit.net 00:00:07.50]            at FluentAssertions.Execution.AssertionScope.FailWith(Func`1 failReasonFunc)
[xUnit.net 00:00:07.50]            at FluentAssertions.Execution.AssertionScope.FailWith(String message, Object[] args)
[xUnit.net 00:00:07.50]            at FluentAssertions.Primitives.EnumAssertions`2.Be(TEnum expected, String because, Object[] becauseArgs)
[xUnit.net 00:00:07.50]         /Users/kevinmccreary/appostolic/apps/api.tests/Api/DevGrantRolesEndpointTests.cs(83,0): at Appostolic.Api.Tests.Api.DevGrantRolesEndpointTests.Updates_existing_membership_roles()
[xUnit.net 00:00:07.50]         --- End of stack trace from previous location ---
[xUnit.net 00:00:13.91]   Finished:    Appostolic.Api.Tests
</StdOut>
    </Output>
    <RunInfos>
      <RunInfo computerName="MacBook-Pro-2" outcome="Error" timestamp="2025-09-15T14:07:26.4602810-05:00">
        <Text>[xUnit.net 00:00:07.49]     Appostolic.Api.Tests.Api.DevGrantRolesEndpointTests.Grants_roles_to_new_user_and_membership [FAIL]</Text>
      </RunInfo>
      <RunInfo computerName="MacBook-Pro-2" outcome="Error" timestamp="2025-09-15T14:07:26.4631650-05:00">
        <Text>[xUnit.net 00:00:07.49]     Appostolic.Api.Tests.Api.DevGrantRolesEndpointTests.Returns_400_for_invalid_role_name [FAIL]</Text>
      </RunInfo>
      <RunInfo computerName="MacBook-Pro-2" outcome="Error" timestamp="2025-09-15T14:07:26.4698930-05:00">
        <Text>[xUnit.net 00:00:07.50]     Appostolic.Api.Tests.Api.DevGrantRolesEndpointTests.Updates_existing_membership_roles [FAIL]</Text>
      </RunInfo>
    </RunInfos>
  </ResultSummary>
</TestRun>