<?xml version="1.0" encoding="utf-8"?>
<TestRun id="ccbc06d1-4738-4f91-a0a6-817efca006fc" name="@MacBook-Pro-2 2025-09-22 13:18:08" xmlns="http://microsoft.com/schemas/VisualStudio/TeamTest/2010">
  <Times creation="2025-09-22T13:18:08.1340690-05:00" queuing="2025-09-22T13:18:08.1340690-05:00" start="2025-09-22T13:18:06.4353820-05:00" finish="2025-09-22T13:18:36.0584800-05:00" />
  <TestSettings name="default" id="c399d014-308a-4576-9464-59804884c30f">
    <Deployment runDeploymentRoot="_MacBook-Pro-2_2025-09-22_13_18_08" />
  </TestSettings>
  <Results>
    <UnitTestResult executionId="4930b3e9-fe13-439f-8483-49ddc2a9cf37" testId="cce5835b-2056-6d46-0527-d09fc0f9f6fc" testName="Appostolic.Api.Tests.Api.TenantSettingsEndpointsTests.Upload_Logo_Rejects_Payload_Too_Large" computerName="MacBook-Pro-2" duration="00:00:00.0074248" startTime="2025-09-22T13:18:27.2670970-05:00" endTime="2025-09-22T13:18:27.2670970-05:00" testType="13cdc9d9-ddb5-4fa4-a97d-d965ccfc6d4b" outcome="Passed" testListId="8c84fa94-04c1-424b-9868-57a2d4851a1d" relativeResultsDirectory="4930b3e9-fe13-439f-8483-49ddc2a9cf37" />
    <UnitTestResult executionId="d9114be5-4b75-423a-b99a-d786de9b56b8" testId="21127838-ea89-b283-653a-0b46d8acc590" testName="Appostolic.Api.Tests.EmailDedupeTests.Dedupe_suppresses_duplicate_messages" computerName="MacBook-Pro-2" duration="00:00:00.3024779" startTime="2025-09-22T13:18:29.3542860-05:00" endTime="2025-09-22T13:18:29.3542860-05:00" testType="13cdc9d9-ddb5-4fa4-a97d-d965ccfc6d4b" outcome="Passed" testListId="8c84fa94-04c1-424b-9868-57a2d4851a1d" relativeResultsDirectory="d9114be5-4b75-423a-b99a-d786de9b56b8" />
    <UnitTestResult executionId="0c2132d0-9213-49fd-af77-c14593182d5e" testId="1a80fecc-6ef5-c4ed-4650-dbe09ce92e46" testName="Appostolic.Api.Tests.Api.UserProfileEndpointsTests.Put_me_rejects_non_object_body" computerName="MacBook-Pro-2" duration="00:00:00.0030705" startTime="2025-09-22T13:18:11.3448200-05:00" endTime="2025-09-22T13:18:11.3448200-05:00" testType="13cdc9d9-ddb5-4fa4-a97d-d965ccfc6d4b" outcome="Passed" testListId="8c84fa94-04c1-424b-9868-57a2d4851a1d" relativeResultsDirectory="0c2132d0-9213-49fd-af77-c14593182d5e" />
    <UnitTestResult executionId="36bf70ed-6468-466c-9e8b-59a3a496c128" testId="90d1f61e-9ba1-ff1a-f0a6-e17acbda2dee" testName="Appostolic.Api.Tests.Security.RoleAuthorizationTests.CreatorPolicy_Allows_WhenMembershipHasCreator" computerName="MacBook-Pro-2" duration="00:00:00.0006407" startTime="2025-09-22T13:18:25.2407130-05:00" endTime="2025-09-22T13:18:25.2407130-05:00" testType="13cdc9d9-ddb5-4fa4-a97d-d965ccfc6d4b" outcome="Passed" testListId="8c84fa94-04c1-424b-9868-57a2d4851a1d" relativeResultsDirectory="36bf70ed-6468-466c-9e8b-59a3a496c128" />
    <UnitTestResult executionId="28624cb3-8033-40f4-8e59-bccb764ced50" testId="80249d75-0754-365e-161d-4f69eb53fd73" testName="Appostolic.Api.Tests.Privacy.LoggingPIIScopeTests.EmailScope_OnlyRedacted_WhenHashingDisabled" computerName="MacBook-Pro-2" duration="00:00:00.0001484" startTime="2025-09-22T13:18:09.2871860-05:00" endTime="2025-09-22T13:18:09.2871860-05:00" testType="13cdc9d9-ddb5-4fa4-a97d-d965ccfc6d4b" outcome="Passed" testListId="8c84fa94-04c1-424b-9868-57a2d4851a1d" relativeResultsDirectory="28624cb3-8033-40f4-8e59-bccb764ced50" />
    <UnitTestResult executionId="2042b142-5ee5-411f-b699-85afc94fe9a9" testId="22ad276e-c73f-4ebf-8729-b5903439e2d9" testName="WebSearchToolTests.Query_intro_returns_expected" computerName="MacBook-Pro-2" duration="00:00:00.0036364" startTime="2025-09-22T13:18:29.3618010-05:00" endTime="2025-09-22T13:18:29.3618010-05:00" testType="13cdc9d9-ddb5-4fa4-a97d-d965ccfc6d4b" outcome="Passed" testListId="8c84fa94-04c1-424b-9868-57a2d4851a1d" relativeResultsDirectory="2042b142-5ee5-411f-b699-85afc94fe9a9" />
    <UnitTestResult executionId="d06863e1-57da-4bc3-a77e-9ac074458906" testId="39114ef2-4a94-0d20-df91-881c10164c3c" testName="Appostolic.Api.Tests.Model.TokenEstimatorTests.EstimateTokens_Heuristic_CeilPer4Chars(text: &quot;abcd&quot;, expected: 1)" computerName="MacBook-Pro-2" duration="00:00:00.0000008" startTime="2025-09-22T13:18:27.8601240-05:00" endTime="2025-09-22T13:18:27.8601240-05:00" testType="13cdc9d9-ddb5-4fa4-a97d-d965ccfc6d4b" outcome="Passed" testListId="8c84fa94-04c1-424b-9868-57a2d4851a1d" relativeResultsDirectory="d06863e1-57da-4bc3-a77e-9ac074458906" />
    <UnitTestResult executionId="8d46a75c-b471-4f33-a495-5b2f6bb1209c" testId="2c0e3ce9-5829-44ef-fbae-e96e2c0f5de9" testName="Appostolic.Api.Tests.Model.TokenEstimatorTests.EstimateTokens_Heuristic_CeilPer4Chars(text: &quot;abcdefgh&quot;, expected: 2)" computerName="MacBook-Pro-2" duration="00:00:00.0000745" startTime="2025-09-22T13:18:27.8601010-05:00" endTime="2025-09-22T13:18:27.8601010-05:00" testType="13cdc9d9-ddb5-4fa4-a97d-d965ccfc6d4b" outcome="Passed" testListId="8c84fa94-04c1-424b-9868-57a2d4851a1d" relativeResultsDirectory="8d46a75c-b471-4f33-a495-5b2f6bb1209c" />
    <UnitTestResult executionId="22bd1c82-bb55-49e1-ac87-06fc591b0b99" testId="c35bbf40-7110-f612-4b6b-649678070e6a" testName="Appostolic.Api.Tests.Storage.S3ObjectStorageServiceTests.UploadAsync_FallbacksToBucketRegionUrl_WhenNoPublicBaseUrl" computerName="MacBook-Pro-2" duration="00:00:00.0019730" startTime="2025-09-22T13:18:27.4091200-05:00" endTime="2025-09-22T13:18:27.4091200-05:00" testType="13cdc9d9-ddb5-4fa4-a97d-d965ccfc6d4b" outcome="Passed" testListId="8c84fa94-04c1-424b-9868-57a2d4851a1d" relativeResultsDirectory="22bd1c82-bb55-49e1-ac87-06fc591b0b99" />
    <UnitTestResult executionId="bbfee202-8eb9-4c64-b044-558021c0cc69" testId="e8c4a7c6-1768-b5a4-13dd-f7ecf6e1f6d0" testName="Appostolic.Api.Tests.Api.NotificationsAdminEndpointsTests.Resend_manual_endpoint_creates_and_throttles" computerName="MacBook-Pro-2" duration="00:00:00.1632799" startTime="2025-09-22T13:18:18.2972030-05:00" endTime="2025-09-22T13:18:18.2972030-05:00" testType="13cdc9d9-ddb5-4fa4-a97d-d965ccfc6d4b" outcome="Passed" testListId="8c84fa94-04c1-424b-9868-57a2d4851a1d" relativeResultsDirectory="bbfee202-8eb9-4c64-b044-558021c0cc69" />
    <UnitTestResult executionId="ff379de4-874f-40b4-b6fc-b9cc0f34755a" testId="99e95904-b1cc-e8af-b41d-62aea87d238b" testName="Appostolic.Api.Tests.Auth.RefreshEndpointTests.Refresh_Fails_When_Token_Revoked_Reused" computerName="MacBook-Pro-2" duration="00:00:00.3677074" startTime="2025-09-22T13:18:33.4993720-05:00" endTime="2025-09-22T13:18:33.4993720-05:00" testType="13cdc9d9-ddb5-4fa4-a97d-d965ccfc6d4b" outcome="Passed" testListId="8c84fa94-04c1-424b-9868-57a2d4851a1d" relativeResultsDirectory="ff379de4-874f-40b4-b6fc-b9cc0f34755a" />
    <UnitTestResult executionId="782e2d55-46c9-46b5-b445-6b627b9fcafe" testId="1cfc69b2-92d0-7e18-c868-129765966147" testName="Appostolic.Api.Tests.Auth.SignupTests.Signup_SelfServe_CreatesUserAndPersonalTenant" computerName="MacBook-Pro-2" duration="00:00:00.2819547" startTime="2025-09-22T13:18:12.8024320-05:00" endTime="2025-09-22T13:18:12.8024330-05:00" testType="13cdc9d9-ddb5-4fa4-a97d-d965ccfc6d4b" outcome="Passed" testListId="8c84fa94-04c1-424b-9868-57a2d4851a1d" relativeResultsDirectory="782e2d55-46c9-46b5-b445-6b627b9fcafe" />
    <UnitTestResult executionId="2cc722af-6ee8-4af8-9bef-655ebf20a2be" testId="7831f103-663f-8d24-4a8b-6bbe466d0837" testName="Appostolic.Api.Tests.Api.AuthPasswordFlowsTests.ChangePassword_WithAuth_UpdatesPassword" computerName="MacBook-Pro-2" duration="00:00:00.3870797" startTime="2025-09-22T13:18:09.8599920-05:00" endTime="2025-09-22T13:18:09.8599920-05:00" testType="13cdc9d9-ddb5-4fa4-a97d-d965ccfc6d4b" outcome="Passed" testListId="8c84fa94-04c1-424b-9868-57a2d4851a1d" relativeResultsDirectory="2cc722af-6ee8-4af8-9bef-655ebf20a2be" />
    <UnitTestResult executionId="ffcd4823-d083-4353-9238-ecfc02e72ffc" testId="5ad39d2c-d77f-b72d-621d-dc03058b3c06" testName="Appostolic.Api.Tests.Notifications.MagicLinkEmailTests.Renders_MagicLink_Snapshots_With_Link" computerName="MacBook-Pro-2" duration="00:00:00.0048724" startTime="2025-09-22T13:18:16.3850730-05:00" endTime="2025-09-22T13:18:16.3850730-05:00" testType="13cdc9d9-ddb5-4fa4-a97d-d965ccfc6d4b" outcome="Passed" testListId="8c84fa94-04c1-424b-9868-57a2d4851a1d" relativeResultsDirectory="ffcd4823-d083-4353-9238-ecfc02e72ffc" />
    <UnitTestResult executionId="a22fc202-9c86-445e-b9c5-c36ce9316684" testId="adb4d425-e330-40e4-2ea6-b182e56ebe7d" testName="Appostolic.Api.Tests.Api.UserProfileEndpointsTests.Put_me_merges_profile_and_trims_and_validates_social_urls" computerName="MacBook-Pro-2" duration="00:00:00.1952871" startTime="2025-09-22T13:18:11.3347110-05:00" endTime="2025-09-22T13:18:11.3347110-05:00" testType="13cdc9d9-ddb5-4fa4-a97d-d965ccfc6d4b" outcome="Passed" testListId="8c84fa94-04c1-424b-9868-57a2d4851a1d" relativeResultsDirectory="a22fc202-9c86-445e-b9c5-c36ce9316684" />
    <UnitTestResult executionId="4fadd160-8370-439a-ade9-a163d42d677a" testId="7b4d03a5-c5c2-9d47-3b72-108b3108a4ac" testName="Appostolic.Api.Tests.Api.UserAvatarEndpointsTests.UploadAvatar_Downscales_LargeImage_To512Webp" computerName="MacBook-Pro-2" duration="00:00:00.1233632" startTime="2025-09-22T13:18:16.3285810-05:00" endTime="2025-09-22T13:18:16.3285810-05:00" testType="13cdc9d9-ddb5-4fa4-a97d-d965ccfc6d4b" outcome="Passed" testListId="8c84fa94-04c1-424b-9868-57a2d4851a1d" relativeResultsDirectory="4fadd160-8370-439a-ade9-a163d42d677a" />
    <UnitTestResult executionId="4f9bf73d-4238-42af-8308-6d42261b6782" testId="f7e247f1-8de7-594b-e638-b4ec989d69be" testName="Appostolic.Api.Tests.AgentTasks.AgentTasksCancelRetryTests.Cancel_Pending_Task_IsCanceledImmediately" computerName="MacBook-Pro-2" duration="00:00:00.1458480" startTime="2025-09-22T13:18:23.8118120-05:00" endTime="2025-09-22T13:18:23.8118120-05:00" testType="13cdc9d9-ddb5-4fa4-a97d-d965ccfc6d4b" outcome="Failed" testListId="8c84fa94-04c1-424b-9868-57a2d4851a1d" relativeResultsDirectory="4f9bf73d-4238-42af-8308-6d42261b6782">
      <Output>
        <ErrorInfo>
          <Message>System.Net.Http.HttpRequestException : Response status code does not indicate success: 401 (Unauthorized).</Message>
          <StackTrace>   at System.Net.Http.HttpResponseMessage.EnsureSuccessStatusCode()
   at Appostolic.Api.Tests.AgentTasks.AgentTasksTestBase.CreateTaskAsync(Guid agentId, Object input, Nullable`1 enqueueDelayMs, Boolean suppressEnqueue) in /Users/kevinmccreary/appostolic/apps/api.tests/AgentTasks/AgentTasksTestBase.cs:line 89
   at Appostolic.Api.Tests.AgentTasks.AgentTasksCancelRetryTests.Cancel_Pending_Task_IsCanceledImmediately() in /Users/kevinmccreary/appostolic/apps/api.tests/AgentTasks/AgentTasksCancelRetryTests.cs:line 16
--- End of stack trace from previous location ---</StackTrace>
        </ErrorInfo>
      </Output>
    </UnitTestResult>
    <UnitTestResult executionId="72170a73-1616-4a37-a7c1-331e12908090" testId="b672c70e-eca2-f979-b482-5169b705a205" testName="Appostolic.Api.Tests.Api.AgentsEndpointsTests.Agents_CRUD_HappyPath" computerName="MacBook-Pro-2" duration="00:00:00.0211225" startTime="2025-09-22T13:18:27.5852800-05:00" endTime="2025-09-22T13:18:27.5852800-05:00" testType="13cdc9d9-ddb5-4fa4-a97d-d965ccfc6d4b" outcome="Passed" testListId="8c84fa94-04c1-424b-9868-57a2d4851a1d" relativeResultsDirectory="72170a73-1616-4a37-a7c1-331e12908090" />
    <UnitTestResult executionId="543e201b-e4b8-496b-8a75-958ec2cf45fc" testId="ae52c100-f2a8-a5be-ad09-0052606abe6b" testName="Appostolic.Api.AuthTests.TestTokenFactoryTests.MintTenantToken_SingleMembership_AutoTenantYieldsTenantToken" computerName="MacBook-Pro-2" duration="00:00:00.0037147" startTime="2025-09-22T13:18:25.1784490-05:00" endTime="2025-09-22T13:18:25.1784490-05:00" testType="13cdc9d9-ddb5-4fa4-a97d-d965ccfc6d4b" outcome="Passed" testListId="8c84fa94-04c1-424b-9868-57a2d4851a1d" relativeResultsDirectory="543e201b-e4b8-496b-8a75-958ec2cf45fc" />
    <UnitTestResult executionId="9e0b50b8-f23a-4c48-aac7-44928b87c096" testId="5f9c27d4-50bb-efe1-e416-35702c9fd2c6" testName="Appostolic.Api.AuthTests.SelectTenantTests.SelectTenant_ForbiddenTenant_Returns403" computerName="MacBook-Pro-2" duration="00:00:00.2189206" startTime="2025-09-22T13:18:26.8794420-05:00" endTime="2025-09-22T13:18:26.8794420-05:00" testType="13cdc9d9-ddb5-4fa4-a97d-d965ccfc6d4b" outcome="Passed" testListId="8c84fa94-04c1-424b-9868-57a2d4851a1d" relativeResultsDirectory="9e0b50b8-f23a-4c48-aac7-44928b87c096" />
    <UnitTestResult executionId="05085734-ab97-4ce4-904b-fe0f43048e98" testId="c608eb38-09c4-17b8-a16b-ae9b91798432" testName="Appostolic.Api.Tests.Api.NotificationsWebhookTests.SendGridWebhook_updates_provider_status_when_token_matches" computerName="MacBook-Pro-2" duration="00:00:00.0236853" startTime="2025-09-22T13:18:11.6125960-05:00" endTime="2025-09-22T13:18:11.6125960-05:00" testType="13cdc9d9-ddb5-4fa4-a97d-d965ccfc6d4b" outcome="Passed" testListId="8c84fa94-04c1-424b-9868-57a2d4851a1d" relativeResultsDirectory="05085734-ab97-4ce4-904b-fe0f43048e98" />
    <UnitTestResult executionId="331f4f95-8fe5-4f3a-9e28-5fd90df2d0ac" testId="f3e5a7ef-e593-cb9e-e437-d0f4fab69d89" testName="Appostolic.Api.Tests.Api.AuthJwtSmokeTests.AuthSmoke_Ping_WithIssuedToken_Succeeds" computerName="MacBook-Pro-2" duration="00:00:00.1900445" startTime="2025-09-22T13:18:12.0589220-05:00" endTime="2025-09-22T13:18:12.0589220-05:00" testType="13cdc9d9-ddb5-4fa4-a97d-d965ccfc6d4b" outcome="Passed" testListId="8c84fa94-04c1-424b-9868-57a2d4851a1d" relativeResultsDirectory="331f4f95-8fe5-4f3a-9e28-5fd90df2d0ac" />
    <UnitTestResult executionId="d3353b45-7102-413d-95f6-ee4cc4a1e39a" testId="c2441ddc-565a-93d7-0c28-f73ca97b9486" testName="Appostolic.Api.Tests.Orchestrator.TokenAggregationTests.AggregatesTokens_And_ComputesCost_WhenPricingEnabled" computerName="MacBook-Pro-2" duration="00:00:00.0081279" startTime="2025-09-22T13:18:25.2368220-05:00" endTime="2025-09-22T13:18:25.2368220-05:00" testType="13cdc9d9-ddb5-4fa4-a97d-d965ccfc6d4b" outcome="Passed" testListId="8c84fa94-04c1-424b-9868-57a2d4851a1d" relativeResultsDirectory="d3353b45-7102-413d-95f6-ee4cc4a1e39a" />
    <UnitTestResult executionId="f19231e4-7f9a-407b-b113-031099a32097" testId="66fffdff-2dff-cbe5-8750-30f31bf1db7c" testName="Appostolic.Api.Tests.Api.AuditsListingEndpointTests.Lists_audits_with_paging_and_total_count" computerName="MacBook-Pro-2" duration="00:00:00.1775657" startTime="2025-09-22T13:18:13.1159750-05:00" endTime="2025-09-22T13:18:13.1159750-05:00" testType="13cdc9d9-ddb5-4fa4-a97d-d965ccfc6d4b" outcome="Passed" testListId="8c84fa94-04c1-424b-9868-57a2d4851a1d" relativeResultsDirectory="f19231e4-7f9a-407b-b113-031099a32097" />
    <UnitTestResult executionId="491b0704-869d-41b3-a370-af053d3d619c" testId="3ff15350-3cc9-12ef-e4db-8ff403fcec20" testName="Appostolic.Api.Tests.Privacy.PIIRedactorTests.RedactPhone_Works(input: &quot;5551234567&quot;, expected: &quot;***4567&quot;)" computerName="MacBook-Pro-2" duration="00:00:00.0000326" startTime="2025-09-22T13:18:29.0514510-05:00" endTime="2025-09-22T13:18:29.0514510-05:00" testType="13cdc9d9-ddb5-4fa4-a97d-d965ccfc6d4b" outcome="Passed" testListId="8c84fa94-04c1-424b-9868-57a2d4851a1d" relativeResultsDirectory="491b0704-869d-41b3-a370-af053d3d619c" />
    <UnitTestResult executionId="ebb34d3c-4218-4a2b-8d02-ff4237f7dd76" testId="02f4c01b-4d57-cea6-940b-91f660d6b3a5" testName="Appostolic.Api.Tests.SendGridEmailSenderTests.Sends_on_202_Accepted" computerName="MacBook-Pro-2" duration="00:00:00.0002725" startTime="2025-09-22T13:18:12.9256460-05:00" endTime="2025-09-22T13:18:12.9256460-05:00" testType="13cdc9d9-ddb5-4fa4-a97d-d965ccfc6d4b" outcome="Passed" testListId="8c84fa94-04c1-424b-9868-57a2d4851a1d" relativeResultsDirectory="ebb34d3c-4218-4a2b-8d02-ff4237f7dd76" />
    <UnitTestResult executionId="e3ccb68d-c4f7-4764-8d23-71ad351aad83" testId="f29c304c-de8d-5b22-7419-b529648ccc86" testName="Appostolic.Api.Tests.Auth.RefreshEndpointTests.Refresh_Succeeds_With_Cookie_Rotation" computerName="MacBook-Pro-2" duration="00:00:00.2310238" startTime="2025-09-22T13:18:33.9479660-05:00" endTime="2025-09-22T13:18:33.9479660-05:00" testType="13cdc9d9-ddb5-4fa4-a97d-d965ccfc6d4b" outcome="Passed" testListId="8c84fa94-04c1-424b-9868-57a2d4851a1d" relativeResultsDirectory="e3ccb68d-c4f7-4764-8d23-71ad351aad83" />
    <UnitTestResult executionId="e1e6e83a-1cdd-4423-81b5-ce4cf6e125a5" testId="a2b0d89c-f17d-2c60-2870-72017089ab94" testName="Appostolic.Api.Tests.Api.NotificationsAdminEndpointsTests.Bulk_resend_creates_with_limit_and_counts_throttled" computerName="MacBook-Pro-2" duration="00:00:00.1720762" startTime="2025-09-22T13:18:18.4695540-05:00" endTime="2025-09-22T13:18:18.4695540-05:00" testType="13cdc9d9-ddb5-4fa4-a97d-d965ccfc6d4b" outcome="Passed" testListId="8c84fa94-04c1-424b-9868-57a2d4851a1d" relativeResultsDirectory="e1e6e83a-1cdd-4423-81b5-ce4cf6e125a5" />
    <UnitTestResult executionId="6ecbe20d-bb14-4d45-939c-1d47670155c0" testId="3ffc4814-431f-dd81-00b0-abbedd27b7ad" testName="Appostolic.Api.Tests.Api.MembersManagementTests.Non_admin_cannot_change_roles" computerName="MacBook-Pro-2" duration="00:00:00.0046432" startTime="2025-09-22T13:18:12.5199480-05:00" endTime="2025-09-22T13:18:12.5199480-05:00" testType="13cdc9d9-ddb5-4fa4-a97d-d965ccfc6d4b" outcome="Passed" testListId="8c84fa94-04c1-424b-9868-57a2d4851a1d" relativeResultsDirectory="6ecbe20d-bb14-4d45-939c-1d47670155c0" />
    <UnitTestResult executionId="60cc8cea-ddfa-4a83-945c-a87b270d9334" testId="dfdd94d6-4157-31a9-a81a-18fee28467d5" testName="Appostolic.Api.Tests.AgentOrchestratorTests.HappyPath_ModelPlansToolThenFinal_SucceedsWithTwoTraces" computerName="MacBook-Pro-2" duration="00:00:00.0024809" startTime="2025-09-22T13:18:25.5382750-05:00" endTime="2025-09-22T13:18:25.5382750-05:00" testType="13cdc9d9-ddb5-4fa4-a97d-d965ccfc6d4b" outcome="Passed" testListId="8c84fa94-04c1-424b-9868-57a2d4851a1d" relativeResultsDirectory="60cc8cea-ddfa-4a83-945c-a87b270d9334" />
    <UnitTestResult executionId="3c5d09a9-7c50-47cb-ac82-5cbe6f644947" testId="d3eea64b-9431-a4f4-6e46-77927988bd60" testName="Appostolic.Api.AuthTests.SelectTenantTests.SelectTenant_ExpiredRefresh_Returns401" computerName="MacBook-Pro-2" duration="00:00:00.6258700" startTime="2025-09-22T13:18:26.6602790-05:00" endTime="2025-09-22T13:18:26.6602790-05:00" testType="13cdc9d9-ddb5-4fa4-a97d-d965ccfc6d4b" outcome="Passed" testListId="8c84fa94-04c1-424b-9868-57a2d4851a1d" relativeResultsDirectory="3c5d09a9-7c50-47cb-ac82-5cbe6f644947" />
    <UnitTestResult executionId="4d0ba909-ddb6-4eb4-aabb-b435ae49bb96" testId="29cdf802-09fa-4c20-1649-a919d0e03e4d" testName="Appostolic.Api.Tests.Api.AssignmentsApiTests.Set_roles_replaces_flags_and_allows_noop" computerName="MacBook-Pro-2" duration="00:00:00.0052561" startTime="2025-09-22T13:18:14.0531810-05:00" endTime="2025-09-22T13:18:14.0531810-05:00" testType="13cdc9d9-ddb5-4fa4-a97d-d965ccfc6d4b" outcome="Passed" testListId="8c84fa94-04c1-424b-9868-57a2d4851a1d" relativeResultsDirectory="4d0ba909-ddb6-4eb4-aabb-b435ae49bb96" />
    <UnitTestResult executionId="309dda45-1582-422d-b3aa-4e33ca0fcccb" testId="94524c04-7158-8472-e876-43b26f76e4f4" testName="Appostolic.Api.Tests.AgentTasks.AgentTasksListFilterPaginationTests.FreeText_Q_Search_On_Input_And_User" computerName="MacBook-Pro-2" duration="00:00:00.0020951" startTime="2025-09-22T13:18:12.2883970-05:00" endTime="2025-09-22T13:18:12.2883970-05:00" testType="13cdc9d9-ddb5-4fa4-a97d-d965ccfc6d4b" outcome="Failed" testListId="8c84fa94-04c1-424b-9868-57a2d4851a1d" relativeResultsDirectory="309dda45-1582-422d-b3aa-4e33ca0fcccb">
      <Output>
        <ErrorInfo>
          <Message>System.Net.Http.HttpRequestException : Response status code does not indicate success: 401 (Unauthorized).</Message>
          <StackTrace>   at System.Net.Http.HttpResponseMessage.EnsureSuccessStatusCode()
   at Appostolic.Api.Tests.AgentTasks.AgentTasksTestBase.CreateTaskAsync(Guid agentId, Object input, Nullable`1 enqueueDelayMs, Boolean suppressEnqueue) in /Users/kevinmccreary/appostolic/apps/api.tests/AgentTasks/AgentTasksTestBase.cs:line 89
   at Appostolic.Api.Tests.AgentTasks.AgentTasksListFilterPaginationTests.FreeText_Q_Search_On_Input_And_User() in /Users/kevinmccreary/appostolic/apps/api.tests/AgentTasks/AgentTasksListFilterPaginationTests.cs:line 105
--- End of stack trace from previous location ---</StackTrace>
        </ErrorInfo>
      </Output>
    </UnitTestResult>
    <UnitTestResult executionId="557db7b5-1867-46bd-9aaf-3265ff472f80" testId="bc29c184-0770-c9df-63be-2a52d76ad503" testName="Appostolic.Api.Tests.Notifications.NotificationEnqueuerMagicLinkTests.QueueMagicLink_HashesToken_And_Publishes" computerName="MacBook-Pro-2" duration="00:00:00.0065985" startTime="2025-09-22T13:18:29.7333140-05:00" endTime="2025-09-22T13:18:29.7333140-05:00" testType="13cdc9d9-ddb5-4fa4-a97d-d965ccfc6d4b" outcome="Passed" testListId="8c84fa94-04c1-424b-9868-57a2d4851a1d" relativeResultsDirectory="557db7b5-1867-46bd-9aaf-3265ff472f80" />
    <UnitTestResult executionId="ce1e28cc-51d8-4aa1-8259-7f56faa4a580" testId="ec039bf7-f831-a8e3-834c-89707ff2f6d2" testName="Appostolic.Api.Tests.NotificationEnqueuerTests.QueueVerification_uses_relative_when_base_missing" computerName="MacBook-Pro-2" duration="00:00:00.0028811" startTime="2025-09-22T13:18:11.4190320-05:00" endTime="2025-09-22T13:18:11.4190320-05:00" testType="13cdc9d9-ddb5-4fa4-a97d-d965ccfc6d4b" outcome="Passed" testListId="8c84fa94-04c1-424b-9868-57a2d4851a1d" relativeResultsDirectory="ce1e28cc-51d8-4aa1-8259-7f56faa4a580" />
    <UnitTestResult executionId="1622ebfb-ca3b-41e2-acf9-a04740fa58f3" testId="1beb15ab-fe09-2511-98ef-cddbeaaa10ed" testName="Appostolic.Api.Tests.Api.LegacyRoleWritePathDeprecationTests.Invite_with_legacy_role_only_is_rejected_with_NO_FLAGS" computerName="MacBook-Pro-2" duration="00:00:00.1638103" startTime="2025-09-22T13:18:19.1788930-05:00" endTime="2025-09-22T13:18:19.1788930-05:00" testType="13cdc9d9-ddb5-4fa4-a97d-d965ccfc6d4b" outcome="Passed" testListId="8c84fa94-04c1-424b-9868-57a2d4851a1d" relativeResultsDirectory="1622ebfb-ca3b-41e2-acf9-a04740fa58f3" />
    <UnitTestResult executionId="584afa4a-da02-4727-8616-ba706c60f498" testId="71d5d180-2d36-ecb9-e4eb-71ca09e46ec4" testName="Appostolic.Api.Tests.AgentConstraintTests.Agent_Temperature_out_of_range_throws_in_domain_constructor" computerName="MacBook-Pro-2" duration="00:00:00.0012685" startTime="2025-09-22T13:18:23.8265720-05:00" endTime="2025-09-22T13:18:23.8265720-05:00" testType="13cdc9d9-ddb5-4fa4-a97d-d965ccfc6d4b" outcome="Passed" testListId="8c84fa94-04c1-424b-9868-57a2d4851a1d" relativeResultsDirectory="584afa4a-da02-4727-8616-ba706c60f498" />
    <UnitTestResult executionId="11a7fdae-d4c6-4255-8ecc-f47c7a9cda27" testId="da0da417-eb80-7ca8-c2a7-2b93c4d78528" testName="Appostolic.Api.Tests.Api.InvitesRolesFlagsTests.Accept_Invite_Sets_Membership_Roles_Flags" computerName="MacBook-Pro-2" duration="00:00:00.0051941" startTime="2025-09-22T13:18:27.0439330-05:00" endTime="2025-09-22T13:18:27.0439330-05:00" testType="13cdc9d9-ddb5-4fa4-a97d-d965ccfc6d4b" outcome="Failed" testListId="8c84fa94-04c1-424b-9868-57a2d4851a1d" relativeResultsDirectory="11a7fdae-d4c6-4255-8ecc-f47c7a9cda27">
      <Output>
        <ErrorInfo>
          <Message>System.InvalidOperationException : Expected tenant token for slug 'kevin-personal' but helper returned null.</Message>
          <StackTrace>   at Appostolic.Api.AuthTests.AuthTestClient.UseTenantAsync(HttpClient client, String email, String tenantSlug, Nullable`1 forceAllRoles) in /Users/kevinmccreary/appostolic/apps/api.tests/Auth/AuthTestClient.cs:line 36
   at Appostolic.Api.Tests.Api.InvitesRolesFlagsTests.Accept_Invite_Sets_Membership_Roles_Flags() in /Users/kevinmccreary/appostolic/apps/api.tests/Api/InvitesRolesFlagsTests.cs:line 81
--- End of stack trace from previous location ---</StackTrace>
        </ErrorInfo>
      </Output>
    </UnitTestResult>
    <UnitTestResult executionId="d8d635d4-50f2-4180-86c0-d26cc7d83c22" testId="0d8e7961-edc8-5f2f-d398-1131ab5c1262" testName="Appostolic.Api.Tests.Auth.RefreshEndpointTests.Refresh_Can_Issue_TenantToken" computerName="MacBook-Pro-2" duration="00:00:00.2346334" startTime="2025-09-22T13:18:34.1827580-05:00" endTime="2025-09-22T13:18:34.1827580-05:00" testType="13cdc9d9-ddb5-4fa4-a97d-d965ccfc6d4b" outcome="Passed" testListId="8c84fa94-04c1-424b-9868-57a2d4851a1d" relativeResultsDirectory="d8d635d4-50f2-4180-86c0-d26cc7d83c22" />
    <UnitTestResult executionId="0bd0c22e-77e1-4c70-acfd-25c03c9cd9a6" testId="df92ad96-32d4-9c44-0398-97a52600538f" testName="Appostolic.Api.Tests.Model.TokenEstimatorTests.EstimateTokens_Heuristic_CeilPer4Chars(text: &quot;abcdefghi&quot;, expected: 3)" computerName="MacBook-Pro-2" duration="00:00:00.0000013" startTime="2025-09-22T13:18:27.8601140-05:00" endTime="2025-09-22T13:18:27.8601140-05:00" testType="13cdc9d9-ddb5-4fa4-a97d-d965ccfc6d4b" outcome="Passed" testListId="8c84fa94-04c1-424b-9868-57a2d4851a1d" relativeResultsDirectory="0bd0c22e-77e1-4c70-acfd-25c03c9cd9a6" />
    <UnitTestResult executionId="0d26cbff-a733-4513-b4bb-3240a20473dc" testId="3494b3d5-98dd-209c-c4b4-d8d0bff712f0" testName="FsWriteToolTests.Writes_file_under_root_and_returns_sha" computerName="MacBook-Pro-2" duration="00:00:00.0047913" startTime="2025-09-22T13:18:19.5735340-05:00" endTime="2025-09-22T13:18:19.5735340-05:00" testType="13cdc9d9-ddb5-4fa4-a97d-d965ccfc6d4b" outcome="Passed" testListId="8c84fa94-04c1-424b-9868-57a2d4851a1d" relativeResultsDirectory="0d26cbff-a733-4513-b4bb-3240a20473dc" />
    <UnitTestResult executionId="7ffafad7-f0de-4e8b-a816-4f18d0719369" testId="08f6a7e9-7601-1519-2953-5bafd6576a90" testName="Appostolic.Api.AuthTests.LoginTenantSelectionTests.Login_MultiMembership_TenantSlug_EmitsTenantToken" computerName="MacBook-Pro-2" duration="00:00:00.4588908" startTime="2025-09-22T13:18:21.2715720-05:00" endTime="2025-09-22T13:18:21.2715720-05:00" testType="13cdc9d9-ddb5-4fa4-a97d-d965ccfc6d4b" outcome="Passed" testListId="8c84fa94-04c1-424b-9868-57a2d4851a1d" relativeResultsDirectory="7ffafad7-f0de-4e8b-a816-4f18d0719369" />
    <UnitTestResult executionId="efbfa4cc-3a1b-44f6-b179-2f9cfd915866" testId="5aebb0bd-a461-dea6-b51f-abbdbf65c34a" testName="Appostolic.Api.Tests.Api.AuditsListingEndpointTests.Supports_optional_filters_user_actor_and_date_range" computerName="MacBook-Pro-2" duration="00:00:00.0223677" startTime="2025-09-22T13:18:13.1385300-05:00" endTime="2025-09-22T13:18:13.1385300-05:00" testType="13cdc9d9-ddb5-4fa4-a97d-d965ccfc6d4b" outcome="Passed" testListId="8c84fa94-04c1-424b-9868-57a2d4851a1d" relativeResultsDirectory="efbfa4cc-3a1b-44f6-b179-2f9cfd915866" />
    <UnitTestResult executionId="c60dc0bb-69b8-4d89-ba55-26b0a83385bb" testId="3c6aaba6-8a28-5651-a334-5a8347c8e9db" testName="Appostolic.Api.Tests.Security.RoleAuthorizationTests.ApplyRoleChange_NoAudit_WhenSame" computerName="MacBook-Pro-2" duration="00:00:00.0000710" startTime="2025-09-22T13:18:25.2408000-05:00" endTime="2025-09-22T13:18:25.2408000-05:00" testType="13cdc9d9-ddb5-4fa4-a97d-d965ccfc6d4b" outcome="Passed" testListId="8c84fa94-04c1-424b-9868-57a2d4851a1d" relativeResultsDirectory="c60dc0bb-69b8-4d89-ba55-26b0a83385bb" />
    <UnitTestResult executionId="3141d012-b8d2-44ed-9a65-8ca69b27af87" testId="9e2bc8ee-63e7-247f-c2c7-e16759561a39" testName="Appostolic.Api.Tests.Api.TenantSettingsEndpointsTests.Upload_Logo_Rejects_Unsupported_Media_Type" computerName="MacBook-Pro-2" duration="00:00:00.0139434" startTime="2025-09-22T13:18:27.2971410-05:00" endTime="2025-09-22T13:18:27.2971410-05:00" testType="13cdc9d9-ddb5-4fa4-a97d-d965ccfc6d4b" outcome="Passed" testListId="8c84fa94-04c1-424b-9868-57a2d4851a1d" relativeResultsDirectory="3141d012-b8d2-44ed-9a65-8ca69b27af87" />
    <UnitTestResult executionId="7a352e12-6a9b-4343-9f6c-5a86e8a25be5" testId="303a8ec4-1283-c55c-ceff-908085b877fe" testName="Appostolic.Api.Tests.Auth.AuthMetricsTests.Story9_NewCountersAndDurations" computerName="MacBook-Pro-2" duration="00:00:00.0005421" startTime="2025-09-22T13:18:10.2891890-05:00" endTime="2025-09-22T13:18:10.2891890-05:00" testType="13cdc9d9-ddb5-4fa4-a97d-d965ccfc6d4b" outcome="Passed" testListId="8c84fa94-04c1-424b-9868-57a2d4851a1d" relativeResultsDirectory="7a352e12-6a9b-4343-9f6c-5a86e8a25be5" />
    <UnitTestResult executionId="0921a351-a6ea-4f9d-a7ca-fb95803cf52d" testId="691bf80d-9ec7-7de8-ad81-702e4cdb8bfd" testName="WebSearchToolTests.Take_limits_results" computerName="MacBook-Pro-2" duration="00:00:00.0023024" startTime="2025-09-22T13:18:29.3567810-05:00" endTime="2025-09-22T13:18:29.3567810-05:00" testType="13cdc9d9-ddb5-4fa4-a97d-d965ccfc6d4b" outcome="Passed" testListId="8c84fa94-04c1-424b-9868-57a2d4851a1d" relativeResultsDirectory="0921a351-a6ea-4f9d-a7ca-fb95803cf52d" />
    <UnitTestResult executionId="92187666-c3da-4aa3-9533-90135b49d3ca" testId="d8682838-1d38-dd8e-6c89-ae1bda81fecb" testName="Appostolic.Api.Tests.Api.MembersListTests.Owner_can_list_members" computerName="MacBook-Pro-2" duration="00:00:00.0106600" startTime="2025-09-22T13:18:36.0050330-05:00" endTime="2025-09-22T13:18:36.0050330-05:00" testType="13cdc9d9-ddb5-4fa4-a97d-d965ccfc6d4b" outcome="Passed" testListId="8c84fa94-04c1-424b-9868-57a2d4851a1d" relativeResultsDirectory="92187666-c3da-4aa3-9533-90135b49d3ca" />
    <UnitTestResult executionId="c566875f-5c4c-4a8a-b495-1eaa5b47adae" testId="4a92a767-460d-55d3-4f0a-171bb9bfa6db" testName="Appostolic.Api.Tests.Auth.LogoutTests.MissingRefreshToken_OnSingleLogout_Returns400" computerName="MacBook-Pro-2" duration="00:00:00.6727818" startTime="2025-09-22T13:18:31.9346040-05:00" endTime="2025-09-22T13:18:31.9346040-05:00" testType="13cdc9d9-ddb5-4fa4-a97d-d965ccfc6d4b" outcome="Passed" testListId="8c84fa94-04c1-424b-9868-57a2d4851a1d" relativeResultsDirectory="c566875f-5c4c-4a8a-b495-1eaa5b47adae" />
    <UnitTestResult executionId="6d855a59-18bb-4aba-9bbb-31032a9b78a3" testId="fc170f06-7a65-44e3-9780-d428f13f33ad" testName="Appostolic.Api.Tests.SmokeTests.Health_ReturnsOk" computerName="MacBook-Pro-2" duration="00:00:00.2916017" startTime="2025-09-22T13:18:14.3624710-05:00" endTime="2025-09-22T13:18:14.3624710-05:00" testType="13cdc9d9-ddb5-4fa4-a97d-d965ccfc6d4b" outcome="Passed" testListId="8c84fa94-04c1-424b-9868-57a2d4851a1d" relativeResultsDirectory="6d855a59-18bb-4aba-9bbb-31032a9b78a3" />
    <UnitTestResult executionId="779706f1-61fd-42d0-8b3e-8e57be95a1b4" testId="67c9746f-1f57-937b-6598-3968df73012b" testName="Appostolic.Api.Tests.Api.DevGrantRolesEndpointTests.Updates_existing_membership_roles" computerName="MacBook-Pro-2" duration="00:00:00.0064082" startTime="2025-09-22T13:18:35.3085900-05:00" endTime="2025-09-22T13:18:35.3085900-05:00" testType="13cdc9d9-ddb5-4fa4-a97d-d965ccfc6d4b" outcome="Passed" testListId="8c84fa94-04c1-424b-9868-57a2d4851a1d" relativeResultsDirectory="779706f1-61fd-42d0-8b3e-8e57be95a1b4" />
    <UnitTestResult executionId="cad53f96-5533-41cf-accb-c2c15e232def" testId="c5bff5b6-ebf0-af02-169d-7b3aa82f66ca" testName="Appostolic.Api.AuthTests.AuthTestClientTests.UseNeutralAsync_SetsBearerHeader" computerName="MacBook-Pro-2" duration="00:00:00.0038509" startTime="2025-09-22T13:18:14.7592130-05:00" endTime="2025-09-22T13:18:14.7592130-05:00" testType="13cdc9d9-ddb5-4fa4-a97d-d965ccfc6d4b" outcome="Passed" testListId="8c84fa94-04c1-424b-9868-57a2d4851a1d" relativeResultsDirectory="cad53f96-5533-41cf-accb-c2c15e232def" />
    <UnitTestResult executionId="a318e1ee-55cf-414f-aa40-a49a8a3a3cd1" testId="e1e10047-9c95-2461-ef88-42d3da0fbb82" testName="Appostolic.Api.Tests.E2E.AgentTasksE2E_Golden.HappyPath_projection_matches_golden_fixture" computerName="MacBook-Pro-2" duration="00:00:00.2669392" startTime="2025-09-22T13:18:24.0943490-05:00" endTime="2025-09-22T13:18:24.0943490-05:00" testType="13cdc9d9-ddb5-4fa4-a97d-d965ccfc6d4b" outcome="Passed" testListId="8c84fa94-04c1-424b-9868-57a2d4851a1d" relativeResultsDirectory="a318e1ee-55cf-414f-aa40-a49a8a3a3cd1" />
    <UnitTestResult executionId="1f9c6250-5034-4017-8aa0-c5469dfa2206" testId="a11d6311-0314-291e-6c87-0745cc1eace8" testName="Appostolic.Api.Tests.Observability.TelemetrySmokeTests.HappyPath_Emits_Spans_And_Metrics" computerName="MacBook-Pro-2" duration="00:00:00.0081629" startTime="2025-09-22T13:18:13.1560470-05:00" endTime="2025-09-22T13:18:13.1560470-05:00" testType="13cdc9d9-ddb5-4fa4-a97d-d965ccfc6d4b" outcome="Passed" testListId="8c84fa94-04c1-424b-9868-57a2d4851a1d" relativeResultsDirectory="1f9c6250-5034-4017-8aa0-c5469dfa2206" />
    <UnitTestResult executionId="fb956852-cd88-481a-89bb-b8e1ecaa01ab" testId="9c020064-9cbb-7975-d5c0-9dc48d581775" testName="Appostolic.Api.Tests.Api.AgentTasksEndpointsTests.CreateTask_Returns201AndSummary" computerName="MacBook-Pro-2" duration="00:00:00.2232797" startTime="2025-09-22T13:18:11.8364620-05:00" endTime="2025-09-22T13:18:11.8364620-05:00" testType="13cdc9d9-ddb5-4fa4-a97d-d965ccfc6d4b" outcome="Passed" testListId="8c84fa94-04c1-424b-9868-57a2d4851a1d" relativeResultsDirectory="fb956852-cd88-481a-89bb-b8e1ecaa01ab" />
    <UnitTestResult executionId="2032ff7d-0a59-4406-baaa-91dbdb3c724e" testId="90c7a127-2be9-b6e7-ec52-19cb51de49c0" testName="Appostolic.Api.Tests.Notifications.AutoResendScannerTests.Creates_resend_for_old_sent_without_children" computerName="MacBook-Pro-2" duration="00:00:00.0123717" startTime="2025-09-22T13:18:22.6352810-05:00" endTime="2025-09-22T13:18:22.6352810-05:00" testType="13cdc9d9-ddb5-4fa4-a97d-d965ccfc6d4b" outcome="Passed" testListId="8c84fa94-04c1-424b-9868-57a2d4851a1d" relativeResultsDirectory="2032ff7d-0a59-4406-baaa-91dbdb3c724e" />
    <UnitTestResult executionId="52d1f582-61d9-4531-8216-5c815e262e1c" testId="86173073-5618-a9d2-83eb-7647e3c4115b" testName="Appostolic.Api.Tests.Auth.DevHeadersDisabledTests.JwtLogin_Flow_Works_When_DevHeaders_Disabled" computerName="MacBook-Pro-2" duration="00:00:00.1498877" startTime="2025-09-22T13:18:25.5326500-05:00" endTime="2025-09-22T13:18:25.5326500-05:00" testType="13cdc9d9-ddb5-4fa4-a97d-d965ccfc6d4b" outcome="Failed" testListId="8c84fa94-04c1-424b-9868-57a2d4851a1d" relativeResultsDirectory="52d1f582-61d9-4531-8216-5c815e262e1c">
      <Output>
        <ErrorInfo>
          <Message>System.Net.Http.HttpRequestException : Response status code does not indicate success: 404 (Not Found).</Message>
          <StackTrace>   at System.Net.Http.HttpResponseMessage.EnsureSuccessStatusCode()
   at Appostolic.Api.Tests.Auth.DevHeadersDisabledTests.JwtLogin_Flow_Works_When_DevHeaders_Disabled() in /Users/kevinmccreary/appostolic/apps/api.tests/Auth/DevHeadersDisabledTests.cs:line 65
--- End of stack trace from previous location ---</StackTrace>
        </ErrorInfo>
      </Output>
    </UnitTestResult>
    <UnitTestResult executionId="a27ef828-0d24-4148-8825-f1178e5bd7b7" testId="051a87a0-4947-acab-5222-3cc970dba0ba" testName="Appostolic.Api.Tests.Notifications.NotificationsResendTests.Can_insert_child_with_resend_of_fk" computerName="MacBook-Pro-2" duration="00:00:00.0060457" startTime="2025-09-22T13:18:12.0653330-05:00" endTime="2025-09-22T13:18:12.0653330-05:00" testType="13cdc9d9-ddb5-4fa4-a97d-d965ccfc6d4b" outcome="Passed" testListId="8c84fa94-04c1-424b-9868-57a2d4851a1d" relativeResultsDirectory="a27ef828-0d24-4148-8825-f1178e5bd7b7" />
    <UnitTestResult executionId="2dd141fa-8826-4344-86c0-985ff42a360d" testId="03348e85-c745-1baa-1fc9-a6f767c68de7" testName="Appostolic.Api.Tests.Auth.LogoutTests.Logout_IdempotentSecondCall" computerName="MacBook-Pro-2" duration="00:00:00.2365501" startTime="2025-09-22T13:18:31.2616270-05:00" endTime="2025-09-22T13:18:31.2616270-05:00" testType="13cdc9d9-ddb5-4fa4-a97d-d965ccfc6d4b" outcome="Passed" testListId="8c84fa94-04c1-424b-9868-57a2d4851a1d" relativeResultsDirectory="2dd141fa-8826-4344-86c0-985ff42a360d" />
    <UnitTestResult executionId="62406335-c449-4345-8e01-ec46f93eed1d" testId="12c3c514-0e1a-a711-90d4-344685873f0e" testName="Appostolic.Api.AuthTests.LoginTests.Login_InvalidCredentials_Returns401" computerName="MacBook-Pro-2" duration="00:00:00.3078291" startTime="2025-09-22T13:18:18.7777460-05:00" endTime="2025-09-22T13:18:18.7777460-05:00" testType="13cdc9d9-ddb5-4fa4-a97d-d965ccfc6d4b" outcome="Passed" testListId="8c84fa94-04c1-424b-9868-57a2d4851a1d" relativeResultsDirectory="62406335-c449-4345-8e01-ec46f93eed1d" />
    <UnitTestResult executionId="6d57ed07-6aca-41ed-b95e-6e24e61a918a" testId="cb90a4b6-5413-6334-a88c-d9e37624202c" testName="Appostolic.Api.Tests.Api.InvitesRolesFlagsTests.Create_Invite_With_Invalid_Role_Flag_Is_400" computerName="MacBook-Pro-2" duration="00:00:00.0029711" startTime="2025-09-22T13:18:27.0467870-05:00" endTime="2025-09-22T13:18:27.0467870-05:00" testType="13cdc9d9-ddb5-4fa4-a97d-d965ccfc6d4b" outcome="Passed" testListId="8c84fa94-04c1-424b-9868-57a2d4851a1d" relativeResultsDirectory="6d57ed07-6aca-41ed-b95e-6e24e61a918a" />
    <UnitTestResult executionId="a819d4e2-4c05-43c2-8860-79292d7edf01" testId="b973efc5-dbc0-83fe-9a29-a83b6705f73f" testName="Appostolic.Api.AuthTests.AuthTestClientTests.UseTenantAsync_AttachesTenantToken" computerName="MacBook-Pro-2" duration="00:00:00.0029313" startTime="2025-09-22T13:18:14.7555910-05:00" endTime="2025-09-22T13:18:14.7555910-05:00" testType="13cdc9d9-ddb5-4fa4-a97d-d965ccfc6d4b" outcome="Failed" testListId="8c84fa94-04c1-424b-9868-57a2d4851a1d" relativeResultsDirectory="a819d4e2-4c05-43c2-8860-79292d7edf01">
      <Output>
        <ErrorInfo>
          <Message>System.InvalidOperationException : Expected tenant token for slug 'kevin-personal' but helper returned null.</Message>
          <StackTrace>   at Appostolic.Api.AuthTests.AuthTestClient.UseTenantAsync(HttpClient client, String email, String tenantSlug, Nullable`1 forceAllRoles) in /Users/kevinmccreary/appostolic/apps/api.tests/Auth/AuthTestClient.cs:line 36
   at Appostolic.Api.AuthTests.AuthTestClientTests.UseTenantAsync_AttachesTenantToken() in /Users/kevinmccreary/appostolic/apps/api.tests/Auth/AuthTestClientTests.cs:line 30
--- End of stack trace from previous location ---</StackTrace>
        </ErrorInfo>
      </Output>
    </UnitTestResult>
    <UnitTestResult executionId="8b864132-4105-47c6-a838-ccf42cd79976" testId="8e86fe7c-6239-7009-e550-a3b2b1493955" testName="Appostolic.Api.Tests.Api.MembersListTests.Viewer_gets_403_for_members_list" computerName="MacBook-Pro-2" duration="00:00:00.6754840" startTime="2025-09-22T13:18:35.9942210-05:00" endTime="2025-09-22T13:18:35.9942210-05:00" testType="13cdc9d9-ddb5-4fa4-a97d-d965ccfc6d4b" outcome="Passed" testListId="8c84fa94-04c1-424b-9868-57a2d4851a1d" relativeResultsDirectory="8b864132-4105-47c6-a838-ccf42cd79976" />
    <UnitTestResult executionId="ef2b828b-c726-4220-8525-a3f2b681c6c7" testId="7c574249-6de4-087c-ac92-00dedf541e78" testName="Appostolic.Api.Tests.Api.NotificationsProdEndpointsTests.Tenant_owner_can_list_and_retry_within_tenant" computerName="MacBook-Pro-2" duration="00:00:00.1950844" startTime="2025-09-22T13:18:13.7045470-05:00" endTime="2025-09-22T13:18:13.7045470-05:00" testType="13cdc9d9-ddb5-4fa4-a97d-d965ccfc6d4b" outcome="Passed" testListId="8c84fa94-04c1-424b-9868-57a2d4851a1d" relativeResultsDirectory="ef2b828b-c726-4220-8525-a3f2b681c6c7" />
    <UnitTestResult executionId="5e7e52b0-d5ae-4a16-8998-1ae6f7dca67f" testId="593e7065-7319-4b4c-29e4-d65d9f7c6c8e" testName="Appostolic.Api.Tests.Auth.DevHeadersDisabledTests.DevHeaders_Request_Fails_When_Flag_Disabled" computerName="MacBook-Pro-2" duration="00:00:00.1411653" startTime="2025-09-22T13:18:25.3821430-05:00" endTime="2025-09-22T13:18:25.3821430-05:00" testType="13cdc9d9-ddb5-4fa4-a97d-d965ccfc6d4b" outcome="Passed" testListId="8c84fa94-04c1-424b-9868-57a2d4851a1d" relativeResultsDirectory="5e7e52b0-d5ae-4a16-8998-1ae6f7dca67f" />
    <UnitTestResult executionId="c9f91354-f231-47ab-8f6e-725882eb33a9" testId="8c322062-c901-cc6c-6cc7-399543893d6b" testName="Appostolic.Api.Tests.Privacy.PIIHasherTests.HashEmail_Differs_WithDifferentPepper" computerName="MacBook-Pro-2" duration="00:00:00.0000463" startTime="2025-09-22T13:18:29.7343660-05:00" endTime="2025-09-22T13:18:29.7343660-05:00" testType="13cdc9d9-ddb5-4fa4-a97d-d965ccfc6d4b" outcome="Passed" testListId="8c84fa94-04c1-424b-9868-57a2d4851a1d" relativeResultsDirectory="c9f91354-f231-47ab-8f6e-725882eb33a9" />
    <UnitTestResult executionId="79727603-dcd6-4169-922e-1d019082272b" testId="fdf88970-87c6-f740-810f-e878127ff782" testName="Appostolic.Api.Tests.Api.NotificationsProdEndpointsTests.Resend_returns_404_when_missing" computerName="MacBook-Pro-2" duration="00:00:00.1692020" startTime="2025-09-22T13:18:13.3255640-05:00" endTime="2025-09-22T13:18:13.3255640-05:00" testType="13cdc9d9-ddb5-4fa4-a97d-d965ccfc6d4b" outcome="Passed" testListId="8c84fa94-04c1-424b-9868-57a2d4851a1d" relativeResultsDirectory="79727603-dcd6-4169-922e-1d019082272b" />
    <UnitTestResult executionId="e7765ba5-586e-41c2-9b82-087ad80e42bc" testId="eba2e046-3c6c-f48b-f85f-b23828d8319b" testName="Appostolic.Api.Tests.AgentOrchestratorTests.ToolNotAllowed_FailsAndTracesFailure" computerName="MacBook-Pro-2" duration="00:00:00.0021362" startTime="2025-09-22T13:18:25.5345600-05:00" endTime="2025-09-22T13:18:25.5345600-05:00" testType="13cdc9d9-ddb5-4fa4-a97d-d965ccfc6d4b" outcome="Passed" testListId="8c84fa94-04c1-424b-9868-57a2d4851a1d" relativeResultsDirectory="e7765ba5-586e-41c2-9b82-087ad80e42bc" />
    <UnitTestResult executionId="4b7ab919-1529-4665-a213-82de61bed9ba" testId="e507a4d5-4aa9-7d32-05a9-ecfa3f03323d" testName="Appostolic.Api.Tests.Security.AgentTasksAuthContractTests.ListEndpoint_RequiresDevHeaders" computerName="MacBook-Pro-2" duration="00:00:00.1464853" startTime="2025-09-22T13:18:33.1302220-05:00" endTime="2025-09-22T13:18:33.1302220-05:00" testType="13cdc9d9-ddb5-4fa4-a97d-d965ccfc6d4b" outcome="Failed" testListId="8c84fa94-04c1-424b-9868-57a2d4851a1d" relativeResultsDirectory="4b7ab919-1529-4665-a213-82de61bed9ba">
      <Output>
        <ErrorInfo>
          <Message>Expected ok.StatusCode to be HttpStatusCode.OK {value: 200}, but found HttpStatusCode.Unauthorized {value: 401}.</Message>
          <StackTrace>   at FluentAssertions.Execution.XUnit2TestFramework.Throw(String message)
   at FluentAssertions.Execution.TestFrameworkProvider.Throw(String message)
   at FluentAssertions.Execution.AssertionScope.FailWith(Func`1 failReasonFunc)
   at FluentAssertions.Primitives.EnumAssertions`2.Be(TEnum expected, String because, Object[] becauseArgs)
   at Appostolic.Api.Tests.Security.AgentTasksAuthContractTests.ListEndpoint_RequiresDevHeaders() in /Users/kevinmccreary/appostolic/apps/api.tests/Security/AgentTasksAuthContractTests.cs:line 39
--- End of stack trace from previous location ---</StackTrace>
        </ErrorInfo>
      </Output>
    </UnitTestResult>
    <UnitTestResult executionId="7689e019-33fa-455b-8e54-6d9140584d6a" testId="860122fa-e148-3b20-fdb5-225e5e6bb171" testName="Appostolic.Api.AuthTests.LoginJwtNeutralTests.Login_ReturnsNeutralAccessAndRefreshToken" computerName="MacBook-Pro-2" duration="00:00:00.3835723" startTime="2025-09-22T13:18:19.9587350-05:00" endTime="2025-09-22T13:18:19.9587350-05:00" testType="13cdc9d9-ddb5-4fa4-a97d-d965ccfc6d4b" outcome="Passed" testListId="8c84fa94-04c1-424b-9868-57a2d4851a1d" relativeResultsDirectory="7689e019-33fa-455b-8e54-6d9140584d6a" />
    <UnitTestResult executionId="8c1ee2e3-f1c3-40f4-a037-3e554f4f6be3" testId="0f9fb5dc-590e-2722-6210-f13d9619e38f" testName="Appostolic.Api.Tests.Auth.LogoutTests.AccessToken_AllowsMeEndpoint_BeforeLogout" computerName="MacBook-Pro-2" duration="00:00:00.2171672" startTime="2025-09-22T13:18:32.1519460-05:00" endTime="2025-09-22T13:18:32.1519460-05:00" testType="13cdc9d9-ddb5-4fa4-a97d-d965ccfc6d4b" outcome="Passed" testListId="8c84fa94-04c1-424b-9868-57a2d4851a1d" relativeResultsDirectory="8c1ee2e3-f1c3-40f4-a037-3e554f4f6be3" />
    <UnitTestResult executionId="ec403daf-1626-4ccd-bbe2-8dfd10fa9873" testId="d9d051a9-d261-1011-dbde-e42b30d539a9" testName="Appostolic.Api.Tests.Orchestrator.AgentOrchestratorTests.ToolMissing_FailsWithToolNotFound" computerName="MacBook-Pro-2" duration="00:00:00.0011911" startTime="2025-09-22T13:18:11.4129660-05:00" endTime="2025-09-22T13:18:11.4129660-05:00" testType="13cdc9d9-ddb5-4fa4-a97d-d965ccfc6d4b" outcome="Passed" testListId="8c84fa94-04c1-424b-9868-57a2d4851a1d" relativeResultsDirectory="ec403daf-1626-4ccd-bbe2-8dfd10fa9873" />
    <UnitTestResult executionId="de942fe5-f21f-4fff-8ad6-b67db9a3e9fe" testId="04a8bdbc-fefc-28fe-9d41-eb27166daebb" testName="Appostolic.Api.Tests.Api.InvitesRolesFlagsTests.Create_Invite_With_Roles_Flags_Persists_And_Lists" computerName="MacBook-Pro-2" duration="00:00:00.1547605" startTime="2025-09-22T13:18:27.0380860-05:00" endTime="2025-09-22T13:18:27.0380860-05:00" testType="13cdc9d9-ddb5-4fa4-a97d-d965ccfc6d4b" outcome="Passed" testListId="8c84fa94-04c1-424b-9868-57a2d4851a1d" relativeResultsDirectory="de942fe5-f21f-4fff-8ad6-b67db9a3e9fe" />
    <UnitTestResult executionId="13ea7bef-d9a4-499d-a1df-b6b232836c08" testId="5fb7223b-5714-aaac-abea-c5cb06e52929" testName="Appostolic.Api.Tests.Auth.LogoutTests.SingleLogout_FollowedByRefresh_ReturnsReuse" computerName="MacBook-Pro-2" duration="00:00:00.5665763" startTime="2025-09-22T13:18:32.7186980-05:00" endTime="2025-09-22T13:18:32.7186980-05:00" testType="13cdc9d9-ddb5-4fa4-a97d-d965ccfc6d4b" outcome="Passed" testListId="8c84fa94-04c1-424b-9868-57a2d4851a1d" relativeResultsDirectory="13ea7bef-d9a4-499d-a1df-b6b232836c08" />
    <UnitTestResult executionId="8fc195c8-70fc-49cd-969f-7307e174bef9" testId="8499e5e2-c09d-d64e-ab91-715c51a15d3b" testName="Appostolic.Api.Tests.ModelMappingTests.Agent_ToolAllowlist_has_column_type_jsonb" computerName="MacBook-Pro-2" duration="00:00:00.0001731" startTime="2025-09-22T13:18:27.8490570-05:00" endTime="2025-09-22T13:18:27.8490570-05:00" testType="13cdc9d9-ddb5-4fa4-a97d-d965ccfc6d4b" outcome="Passed" testListId="8c84fa94-04c1-424b-9868-57a2d4851a1d" relativeResultsDirectory="8fc195c8-70fc-49cd-969f-7307e174bef9" />
    <UnitTestResult executionId="7b2c504d-ccb5-4e50-8b4f-0e4eb824923d" testId="15cbfaf6-f281-76a3-247c-7837115e23b9" testName="Appostolic.Api.Tests.Auth.LogoutTests.LogoutAll_RevokesAccessTokenVersion" computerName="MacBook-Pro-2" duration="00:00:00.9033446" startTime="2025-09-22T13:18:31.0249200-05:00" endTime="2025-09-22T13:18:31.0249200-05:00" testType="13cdc9d9-ddb5-4fa4-a97d-d965ccfc6d4b" outcome="Passed" testListId="8c84fa94-04c1-424b-9868-57a2d4851a1d" relativeResultsDirectory="7b2c504d-ccb5-4e50-8b4f-0e4eb824923d" />
    <UnitTestResult executionId="aebedc07-973d-4fca-b979-64cbc78e0ec5" testId="4019b427-1ede-c217-da18-40ffe6d2092f" testName="Appostolic.Api.Tests.Api.MembersManagementTests.Remove_TenantAdmin_flag_when_another_admin_exists" computerName="MacBook-Pro-2" duration="00:00:00.0050838" startTime="2025-09-22T13:18:12.5150800-05:00" endTime="2025-09-22T13:18:12.5150800-05:00" testType="13cdc9d9-ddb5-4fa4-a97d-d965ccfc6d4b" outcome="Passed" testListId="8c84fa94-04c1-424b-9868-57a2d4851a1d" relativeResultsDirectory="aebedc07-973d-4fca-b979-64cbc78e0ec5" />
    <UnitTestResult executionId="346dd668-5a58-4dcd-9aa4-82274f9b4c9c" testId="0f0c7731-d28a-bcbe-054f-641f024437ac" testName="Appostolic.Api.Tests.ModelMappingTests.AgentTask_Status_is_converted_as_string" computerName="MacBook-Pro-2" duration="00:00:00.0019481" startTime="2025-09-22T13:18:27.8092180-05:00" endTime="2025-09-22T13:18:27.8092180-05:00" testType="13cdc9d9-ddb5-4fa4-a97d-d965ccfc6d4b" outcome="Passed" testListId="8c84fa94-04c1-424b-9868-57a2d4851a1d" relativeResultsDirectory="346dd668-5a58-4dcd-9aa4-82274f9b4c9c" />
    <UnitTestResult executionId="5b18a192-3ad3-45d0-972c-890ce7914b69" testId="82433354-13b4-cc2d-0a49-7402e6830aee" testName="Appostolic.Api.Tests.Auth.RefreshPlaintextExposedFlagTests.Refresh_Omits_Plaintext_When_Flag_Disabled_Even_During_Grace" computerName="MacBook-Pro-2" duration="00:00:01.2358502" startTime="2025-09-22T13:18:07.9694780-05:00" endTime="2025-09-22T13:18:07.9694900-05:00" testType="13cdc9d9-ddb5-4fa4-a97d-d965ccfc6d4b" outcome="Passed" testListId="8c84fa94-04c1-424b-9868-57a2d4851a1d" relativeResultsDirectory="5b18a192-3ad3-45d0-972c-890ce7914b69" />
    <UnitTestResult executionId="c21980b0-3ed0-4fe4-a069-cb4ccb8f35a3" testId="a4d15e3f-72fa-7dbe-1271-22c29f57d731" testName="Appostolic.Api.Tests.Auth.RefreshCookieTests.Login_Sets_Refresh_Cookie_When_Flag_Enabled" computerName="MacBook-Pro-2" duration="00:00:00.3936540" startTime="2025-09-22T13:18:16.7790590-05:00" endTime="2025-09-22T13:18:16.7790590-05:00" testType="13cdc9d9-ddb5-4fa4-a97d-d965ccfc6d4b" outcome="Passed" testListId="8c84fa94-04c1-424b-9868-57a2d4851a1d" relativeResultsDirectory="c21980b0-3ed0-4fe4-a069-cb4ccb8f35a3" />
    <UnitTestResult executionId="8b30aec7-3c67-4ef5-82cc-d417eb7af4da" testId="6af85923-8d05-0c62-0cc5-a5120df2d8e5" testName="Appostolic.Api.Tests.Api.AgentTasksEndpointsTests.List_Pending_ReturnsCreatedFirst" computerName="MacBook-Pro-2" duration="00:00:00.0157980" startTime="2025-09-22T13:18:11.8682760-05:00" endTime="2025-09-22T13:18:11.8682760-05:00" testType="13cdc9d9-ddb5-4fa4-a97d-d965ccfc6d4b" outcome="Passed" testListId="8c84fa94-04c1-424b-9868-57a2d4851a1d" relativeResultsDirectory="8b30aec7-3c67-4ef5-82cc-d417eb7af4da" />
    <UnitTestResult executionId="e4af7424-ede5-4110-a16f-304c1452b81b" testId="545ffb6d-3098-01fc-1bfd-d18b0f6ea861" testName="Appostolic.Api.AuthTests.LoginRolesSerializationTests.Login_IncludesRolesBitmaskOnMembership" computerName="MacBook-Pro-2" duration="00:00:00.3613365" startTime="2025-09-22T13:18:29.0509000-05:00" endTime="2025-09-22T13:18:29.0509000-05:00" testType="13cdc9d9-ddb5-4fa4-a97d-d965ccfc6d4b" outcome="Passed" testListId="8c84fa94-04c1-424b-9868-57a2d4851a1d" relativeResultsDirectory="e4af7424-ede5-4110-a16f-304c1452b81b" />
    <UnitTestResult executionId="371dd201-50f5-4843-8aea-fab97a38ce5c" testId="ee7b51d2-d8a7-715d-70ab-159c7293568a" testName="Appostolic.Api.Tests.Api.NotificationsProdEndpointsTests.Tenant_owner_can_resend_within_tenant_and_is_forbidden_cross_tenant" computerName="MacBook-Pro-2" duration="00:00:00.1835066" startTime="2025-09-22T13:18:13.5092810-05:00" endTime="2025-09-22T13:18:13.5092810-05:00" testType="13cdc9d9-ddb5-4fa4-a97d-d965ccfc6d4b" outcome="Passed" testListId="8c84fa94-04c1-424b-9868-57a2d4851a1d" relativeResultsDirectory="371dd201-50f5-4843-8aea-fab97a38ce5c" />
    <UnitTestResult executionId="aa098b44-a04f-4ea8-9919-90d56cb263f2" testId="eeaccddf-52e1-1db7-6606-fc19c2721862" testName="Appostolic.Api.Tests.Api.AuthPasswordFlowsTests.ResetPassword_WithValidToken_UpdatesHashAndConsumesToken" computerName="MacBook-Pro-2" duration="00:00:00.1217989" startTime="2025-09-22T13:18:10.0600110-05:00" endTime="2025-09-22T13:18:10.0600110-05:00" testType="13cdc9d9-ddb5-4fa4-a97d-d965ccfc6d4b" outcome="Passed" testListId="8c84fa94-04c1-424b-9868-57a2d4851a1d" relativeResultsDirectory="aa098b44-a04f-4ea8-9919-90d56cb263f2" />
    <UnitTestResult executionId="89ff9dac-80b6-40c4-bf66-89693e6406e6" testId="137392e3-997c-8532-6b57-65c75651b55b" testName="Appostolic.Api.Tests.Api.DenominationsMetadataTests.ReturnsPresetList" computerName="MacBook-Pro-2" duration="00:00:00.1955793" startTime="2025-09-22T13:18:09.1566890-05:00" endTime="2025-09-22T13:18:09.1566890-05:00" testType="13cdc9d9-ddb5-4fa4-a97d-d965ccfc6d4b" outcome="Passed" testListId="8c84fa94-04c1-424b-9868-57a2d4851a1d" relativeResultsDirectory="89ff9dac-80b6-40c4-bf66-89693e6406e6" />
    <UnitTestResult executionId="f6838325-762a-4bf2-8244-5abd59ba4221" testId="eb812c29-73b3-e923-42de-8821a188e94a" testName="Appostolic.Api.Tests.Notifications.NotificationsPiiScrubTests.Scrubs_before_delete_windows_and_deletes_at_cutoff" computerName="MacBook-Pro-2" duration="00:00:00.0061777" startTime="2025-09-22T13:18:23.8252330-05:00" endTime="2025-09-22T13:18:23.8252330-05:00" testType="13cdc9d9-ddb5-4fa4-a97d-d965ccfc6d4b" outcome="Passed" testListId="8c84fa94-04c1-424b-9868-57a2d4851a1d" relativeResultsDirectory="f6838325-762a-4bf2-8244-5abd59ba4221" />
    <UnitTestResult executionId="5be4e595-4b61-480e-b6c3-26d047baa1dd" testId="1aa96e1c-162f-87b8-360d-29c19b3b2c73" testName="DbQueryToolTests.Unknown_table_fails" computerName="MacBook-Pro-2" duration="00:00:00.0087281" startTime="2025-09-22T13:18:32.9771540-05:00" endTime="2025-09-22T13:18:32.9771540-05:00" testType="13cdc9d9-ddb5-4fa4-a97d-d965ccfc6d4b" outcome="Passed" testListId="8c84fa94-04c1-424b-9868-57a2d4851a1d" relativeResultsDirectory="5be4e595-4b61-480e-b6c3-26d047baa1dd" />
    <UnitTestResult executionId="a7b8e865-153b-4684-9c4d-48e23418e0d2" testId="caeaccb8-00ea-302b-441d-17caf5fd9b5d" testName="Appostolic.Api.Tests.ModelMappingTests.Notification_resend_fields_are_mapped_with_indexes" computerName="MacBook-Pro-2" duration="00:00:00.0006981" startTime="2025-09-22T13:18:27.8488750-05:00" endTime="2025-09-22T13:18:27.8488750-05:00" testType="13cdc9d9-ddb5-4fa4-a97d-d965ccfc6d4b" outcome="Passed" testListId="8c84fa94-04c1-424b-9868-57a2d4851a1d" relativeResultsDirectory="a7b8e865-153b-4684-9c4d-48e23418e0d2" />
    <UnitTestResult executionId="18363726-5f5b-4acb-9bf9-f06c14d6c88e" testId="5404549b-a3b0-871f-9a8d-c5b5f387dff4" testName="Appostolic.Api.Tests.Api.UserProfileEndpointsTests.Get_me_returns_user_with_profile" computerName="MacBook-Pro-2" duration="00:00:00.0066772" startTime="2025-09-22T13:18:11.3415580-05:00" endTime="2025-09-22T13:18:11.3415580-05:00" testType="13cdc9d9-ddb5-4fa4-a97d-d965ccfc6d4b" outcome="Passed" testListId="8c84fa94-04c1-424b-9868-57a2d4851a1d" relativeResultsDirectory="18363726-5f5b-4acb-9bf9-f06c14d6c88e" />
    <UnitTestResult executionId="1917ea74-cd7e-4fff-92f6-150fabece5b0" testId="7e0d251c-aca1-3165-2651-f2996ab661b8" testName="DbQueryToolTests.Select_users_all_rows" computerName="MacBook-Pro-2" duration="00:00:00.0022390" startTime="2025-09-22T13:18:32.9794300-05:00" endTime="2025-09-22T13:18:32.9794300-05:00" testType="13cdc9d9-ddb5-4fa4-a97d-d965ccfc6d4b" outcome="Passed" testListId="8c84fa94-04c1-424b-9868-57a2d4851a1d" relativeResultsDirectory="1917ea74-cd7e-4fff-92f6-150fabece5b0" />
    <UnitTestResult executionId="7845ab5d-a848-4bbb-8473-0604306df813" testId="95c167d1-a09f-1a4f-5f8b-bfed1919a8c0" testName="Appostolic.Api.Tests.Api.TenantSettingsEndpointsTests.Put_Settings_Deep_Merges" computerName="MacBook-Pro-2" duration="00:00:00.0060219" startTime="2025-09-22T13:18:27.3051260-05:00" endTime="2025-09-22T13:18:27.3051260-05:00" testType="13cdc9d9-ddb5-4fa4-a97d-d965ccfc6d4b" outcome="Passed" testListId="8c84fa94-04c1-424b-9868-57a2d4851a1d" relativeResultsDirectory="7845ab5d-a848-4bbb-8473-0604306df813" />
    <UnitTestResult executionId="ae412b67-cd91-4d0a-84a5-92078b85b65e" testId="12982ac4-b6b0-e458-3676-ece493490c27" testName="Appostolic.Api.Tests.Storage.S3ObjectStorageServiceTests.UploadAsync_UploadsWithPublicReadAndCacheControl_ReturnsPublicBaseUrl" computerName="MacBook-Pro-2" duration="00:00:00.0022395" startTime="2025-09-22T13:18:27.4113790-05:00" endTime="2025-09-22T13:18:27.4113790-05:00" testType="13cdc9d9-ddb5-4fa4-a97d-d965ccfc6d4b" outcome="Passed" testListId="8c84fa94-04c1-424b-9868-57a2d4851a1d" relativeResultsDirectory="ae412b67-cd91-4d0a-84a5-92078b85b65e" />
    <UnitTestResult executionId="fd68b3c8-3e01-4648-be49-bd9f88dccd80" testId="c64a9991-8173-cdf8-9198-d5935257f1a8" testName="Appostolic.Api.Tests.E2E.AgentTasksE2E_Concurrency.Worker_Processes_Many_Tasks_Reliably" computerName="MacBook-Pro-2" duration="00:00:00.4726927" startTime="2025-09-22T13:18:15.9091570-05:00" endTime="2025-09-22T13:18:15.9091570-05:00" testType="13cdc9d9-ddb5-4fa4-a97d-d965ccfc6d4b" outcome="Passed" testListId="8c84fa94-04c1-424b-9868-57a2d4851a1d" relativeResultsDirectory="fd68b3c8-3e01-4648-be49-bd9f88dccd80" />
    <UnitTestResult executionId="1721c3e6-e9ca-465f-99d9-3fec8d2a1135" testId="15c612de-362f-873c-6b3e-94b2c6bfd929" testName="Appostolic.Api.AuthTests.LoginTenantSelectionTests.Login_MultiMembership_NoTenantParam_HasNoTenantToken" computerName="MacBook-Pro-2" duration="00:00:00.2191841" startTime="2025-09-22T13:18:20.8124630-05:00" endTime="2025-09-22T13:18:20.8124630-05:00" testType="13cdc9d9-ddb5-4fa4-a97d-d965ccfc6d4b" outcome="Passed" testListId="8c84fa94-04c1-424b-9868-57a2d4851a1d" relativeResultsDirectory="1721c3e6-e9ca-465f-99d9-3fec8d2a1135" />
    <UnitTestResult executionId="4854d1be-61dc-4d26-ae43-3e994dae4b1f" testId="d651406b-2d52-45a1-6b81-e5bff5b77f68" testName="Appostolic.Api.Tests.Api.UserAvatarEndpointsTests.UploadAvatar_Rejects_TooRectangular" computerName="MacBook-Pro-2" duration="00:00:00.1051854" startTime="2025-09-22T13:18:16.1951980-05:00" endTime="2025-09-22T13:18:16.1951980-05:00" testType="13cdc9d9-ddb5-4fa4-a97d-d965ccfc6d4b" outcome="Passed" testListId="8c84fa94-04c1-424b-9868-57a2d4851a1d" relativeResultsDirectory="4854d1be-61dc-4d26-ae43-3e994dae4b1f" />
    <UnitTestResult executionId="15948e53-5c6f-4f51-a409-7b198642a722" testId="5385030b-1302-b289-00d9-288b4f75839d" testName="Appostolic.Api.Tests.Privacy.PIIRedactorTests.RedactEmail_Works(input: &quot;user@example.com&quot;, expected: &quot;u***@example.com&quot;)" computerName="MacBook-Pro-2" duration="00:00:00.0000697" startTime="2025-09-22T13:18:29.0513220-05:00" endTime="2025-09-22T13:18:29.0513220-05:00" testType="13cdc9d9-ddb5-4fa4-a97d-d965ccfc6d4b" outcome="Passed" testListId="8c84fa94-04c1-424b-9868-57a2d4851a1d" relativeResultsDirectory="15948e53-5c6f-4f51-a409-7b198642a722" />
    <UnitTestResult executionId="d55bc533-6b5b-418c-ba9b-ebe1e46bb8a1" testId="4ee5f350-b89d-edd8-c84d-cd5d40909f15" testName="Appostolic.Api.Tests.SmtpEmailSenderTests.Sends_with_both_text_and_html" computerName="MacBook-Pro-2" duration="00:00:00.0041384" startTime="2025-09-22T13:18:09.2824650-05:00" endTime="2025-09-22T13:18:09.2824650-05:00" testType="13cdc9d9-ddb5-4fa4-a97d-d965ccfc6d4b" outcome="Passed" testListId="8c84fa94-04c1-424b-9868-57a2d4851a1d" relativeResultsDirectory="d55bc533-6b5b-418c-ba9b-ebe1e46bb8a1" />
    <UnitTestResult executionId="57de720b-9c12-4905-9f91-09995a71ab17" testId="e6dca875-c7cc-8760-96b7-d841ef24dda8" testName="Appostolic.Api.Tests.Schema.RolesBitmaskConstraintTests.Insert_membership_with_invalid_bitmask_fails" computerName="MacBook-Pro-2" duration="00:00:00.1175843" startTime="2025-09-22T13:18:09.2778960-05:00" endTime="2025-09-22T13:18:09.2778960-05:00" testType="13cdc9d9-ddb5-4fa4-a97d-d965ccfc6d4b" outcome="Passed" testListId="8c84fa94-04c1-424b-9868-57a2d4851a1d" relativeResultsDirectory="57de720b-9c12-4905-9f91-09995a71ab17" />
    <UnitTestResult executionId="05667d3f-88ac-4418-b087-02c9d5779ebe" testId="9a27b4fd-a56b-4b8b-8cae-d2972183237d" testName="Appostolic.Api.Tests.Auth.RefreshEndpointTests.Refresh_Allows_Body_Token_During_Grace" computerName="MacBook-Pro-2" duration="00:00:00.2161601" startTime="2025-09-22T13:18:33.7157460-05:00" endTime="2025-09-22T13:18:33.7157460-05:00" testType="13cdc9d9-ddb5-4fa4-a97d-d965ccfc6d4b" outcome="Passed" testListId="8c84fa94-04c1-424b-9868-57a2d4851a1d" relativeResultsDirectory="05667d3f-88ac-4418-b087-02c9d5779ebe" />
    <UnitTestResult executionId="0f8505d6-e418-461c-8386-180cc53efaee" testId="1c8df7f1-aa05-88d6-f922-5ecb50d1b5d9" testName="Appostolic.Api.Tests.ModelMappingTests.Agent_ToolAllowlist_is_jsonb_and_roundtrips_like_array" computerName="MacBook-Pro-2" duration="00:00:00.0029416" startTime="2025-09-22T13:18:27.8072450-05:00" endTime="2025-09-22T13:18:27.8072450-05:00" testType="13cdc9d9-ddb5-4fa4-a97d-d965ccfc6d4b" outcome="Passed" testListId="8c84fa94-04c1-424b-9868-57a2d4851a1d" relativeResultsDirectory="0f8505d6-e418-461c-8386-180cc53efaee" />
    <UnitTestResult executionId="8bab6343-156d-4f30-b420-311f7a4e0af4" testId="6e2b7510-d3ae-c174-2b57-710f63c82ad0" testName="TemplateRendererTests.Verification_template_renders_link_and_subject" computerName="MacBook-Pro-2" duration="00:00:00.0006328" startTime="2025-09-22T13:18:14.5957880-05:00" endTime="2025-09-22T13:18:14.5957880-05:00" testType="13cdc9d9-ddb5-4fa4-a97d-d965ccfc6d4b" outcome="Passed" testListId="8c84fa94-04c1-424b-9868-57a2d4851a1d" relativeResultsDirectory="8bab6343-156d-4f30-b420-311f7a4e0af4" />
    <UnitTestResult executionId="76d6ab05-8850-435c-bb1b-6271b7122c75" testId="9b729b7e-a306-20a1-7040-eda547fe8bec" testName="Appostolic.Api.Tests.E2E.AgentTasksE2E_HappyPath.EndToEnd_CreatesTask_RunsToSuccess_TracesAndTokensPresent" computerName="MacBook-Pro-2" duration="00:00:00.2738341" startTime="2025-09-22T13:18:19.4583520-05:00" endTime="2025-09-22T13:18:19.4583520-05:00" testType="13cdc9d9-ddb5-4fa4-a97d-d965ccfc6d4b" outcome="Passed" testListId="8c84fa94-04c1-424b-9868-57a2d4851a1d" relativeResultsDirectory="76d6ab05-8850-435c-bb1b-6271b7122c75" />
    <UnitTestResult executionId="ca259030-6731-4e68-863c-d04b547a0f5c" testId="471ada29-d1b9-b714-f87d-61c9b416c255" testName="Appostolic.Api.Tests.Privacy.PIIRedactorTests.RedactPhone_Works(input: &quot;+1 (555) 123-4567&quot;, expected: &quot;***4567&quot;)" computerName="MacBook-Pro-2" duration="00:00:00.0000020" startTime="2025-09-22T13:18:29.0515270-05:00" endTime="2025-09-22T13:18:29.0515270-05:00" testType="13cdc9d9-ddb5-4fa4-a97d-d965ccfc6d4b" outcome="Passed" testListId="8c84fa94-04c1-424b-9868-57a2d4851a1d" relativeResultsDirectory="ca259030-6731-4e68-863c-d04b547a0f5c" />
    <UnitTestResult executionId="23bf1271-4eda-46d0-afa2-2f207b52de57" testId="fc6317ac-4f9e-d443-bb9c-db2ea41d1b6d" testName="Appostolic.Api.Tests.Api.AssignmentsApiTests.Non_admin_cannot_set_roles" computerName="MacBook-Pro-2" duration="00:00:00.0031942" startTime="2025-09-22T13:18:14.0703610-05:00" endTime="2025-09-22T13:18:14.0703610-05:00" testType="13cdc9d9-ddb5-4fa4-a97d-d965ccfc6d4b" outcome="Passed" testListId="8c84fa94-04c1-424b-9868-57a2d4851a1d" relativeResultsDirectory="23bf1271-4eda-46d0-afa2-2f207b52de57" />
    <UnitTestResult executionId="b1697e91-85b2-4e0a-bb35-44ce5e8fd2dc" testId="aba3fbd3-bcbc-9249-c5c5-7eefeb58f8d5" testName="Appostolic.Api.Tests.Api.TenantSettingsEndpointsTests.Delete_Logo_Removes_Metadata" computerName="MacBook-Pro-2" duration="00:00:00.0158097" startTime="2025-09-22T13:18:27.2830400-05:00" endTime="2025-09-22T13:18:27.2830400-05:00" testType="13cdc9d9-ddb5-4fa4-a97d-d965ccfc6d4b" outcome="Passed" testListId="8c84fa94-04c1-424b-9868-57a2d4851a1d" relativeResultsDirectory="b1697e91-85b2-4e0a-bb35-44ce5e8fd2dc" />
    <UnitTestResult executionId="1d3d887f-00d1-469f-9f11-1a372634cfd2" testId="f0e4d307-078d-a4e0-f168-b961578cd197" testName="Appostolic.Api.Tests.Security.RoleAuthorizationTests.CreatorPolicy_Denies_WhenNoMembership" computerName="MacBook-Pro-2" duration="00:00:00.0013977" startTime="2025-09-22T13:18:25.2383150-05:00" endTime="2025-09-22T13:18:25.2383150-05:00" testType="13cdc9d9-ddb5-4fa4-a97d-d965ccfc6d4b" outcome="Passed" testListId="8c84fa94-04c1-424b-9868-57a2d4851a1d" relativeResultsDirectory="1d3d887f-00d1-469f-9f11-1a372634cfd2" />
    <UnitTestResult executionId="6a327390-a0df-489a-9fe6-28d3fdde7d16" testId="6a6d73d7-7d30-455c-71a4-79ea460d8c8c" testName="Appostolic.Api.Tests.Notifications.RedisTransportPrivacyTests.EnqueueFailure_LogsErrorWithoutPayloadContents" computerName="MacBook-Pro-2" duration="00:00:00.0330055" startTime="2025-09-22T13:18:25.2120900-05:00" endTime="2025-09-22T13:18:25.2120900-05:00" testType="13cdc9d9-ddb5-4fa4-a97d-d965ccfc6d4b" outcome="Passed" testListId="8c84fa94-04c1-424b-9868-57a2d4851a1d" relativeResultsDirectory="6a327390-a0df-489a-9fe6-28d3fdde7d16" />
    <UnitTestResult executionId="a7244a4c-6d79-4253-abf9-6edf1d1516eb" testId="eac43a08-1201-428f-7efa-904ba4876682" testName="Appostolic.Api.Tests.Api.UserAvatarEndpointsTests.UploadAvatar_Rejects_TooLarge" computerName="MacBook-Pro-2" duration="00:00:00.1803892" startTime="2025-09-22T13:18:16.0898550-05:00" endTime="2025-09-22T13:18:16.0898550-05:00" testType="13cdc9d9-ddb5-4fa4-a97d-d965ccfc6d4b" outcome="Passed" testListId="8c84fa94-04c1-424b-9868-57a2d4851a1d" relativeResultsDirectory="a7244a4c-6d79-4253-abf9-6edf1d1516eb" />
    <UnitTestResult executionId="dc6c22ba-2b2b-4a23-9061-7d83cfe0bd8a" testId="f0724dde-c441-a83f-2f8e-78db9d6adb66" testName="Appostolic.Api.Tests.AgentTasks.AgentTasksListFilterPaginationTests.Status_Filter_Is_CaseInsensitive" computerName="MacBook-Pro-2" duration="00:00:00.0034947" startTime="2025-09-22T13:18:12.2708930-05:00" endTime="2025-09-22T13:18:12.2708930-05:00" testType="13cdc9d9-ddb5-4fa4-a97d-d965ccfc6d4b" outcome="Failed" testListId="8c84fa94-04c1-424b-9868-57a2d4851a1d" relativeResultsDirectory="dc6c22ba-2b2b-4a23-9061-7d83cfe0bd8a">
      <Output>
        <ErrorInfo>
          <Message>System.Net.Http.HttpRequestException : Response status code does not indicate success: 401 (Unauthorized).</Message>
          <StackTrace>   at System.Net.Http.HttpResponseMessage.EnsureSuccessStatusCode()
   at Appostolic.Api.Tests.AgentTasks.AgentTasksTestBase.CreateTaskAsync(Guid agentId, Object input, Nullable`1 enqueueDelayMs, Boolean suppressEnqueue) in /Users/kevinmccreary/appostolic/apps/api.tests/AgentTasks/AgentTasksTestBase.cs:line 89
   at Appostolic.Api.Tests.AgentTasks.AgentTasksListFilterPaginationTests.Status_Filter_Is_CaseInsensitive() in /Users/kevinmccreary/appostolic/apps/api.tests/AgentTasks/AgentTasksListFilterPaginationTests.cs:line 48
--- End of stack trace from previous location ---</StackTrace>
        </ErrorInfo>
      </Output>
    </UnitTestResult>
    <UnitTestResult executionId="c78e47a7-9c80-4db0-89bf-dfd4449cee1a" testId="897896ab-cee9-9ca5-ec01-253d0f0d6b3c" testName="Appostolic.Api.Tests.Api.DevGrantRolesEndpointTests.Grants_roles_to_new_user_and_membership" computerName="MacBook-Pro-2" duration="00:00:00.1644019" startTime="2025-09-22T13:18:35.2930750-05:00" endTime="2025-09-22T13:18:35.2930750-05:00" testType="13cdc9d9-ddb5-4fa4-a97d-d965ccfc6d4b" outcome="Passed" testListId="8c84fa94-04c1-424b-9868-57a2d4851a1d" relativeResultsDirectory="c78e47a7-9c80-4db0-89bf-dfd4449cee1a" />
    <UnitTestResult executionId="6e7abb59-ab1e-4568-8d7a-8684debc6ac6" testId="efe354b5-5489-bbb2-88ee-c8f998cb6176" testName="Appostolic.Api.Tests.AgentTasks.AgentTasksListFilterPaginationTests.Agent_Filter_Returns_Only_Matching" computerName="MacBook-Pro-2" duration="00:00:00.0024856" startTime="2025-09-22T13:18:12.2735560-05:00" endTime="2025-09-22T13:18:12.2735570-05:00" testType="13cdc9d9-ddb5-4fa4-a97d-d965ccfc6d4b" outcome="Failed" testListId="8c84fa94-04c1-424b-9868-57a2d4851a1d" relativeResultsDirectory="6e7abb59-ab1e-4568-8d7a-8684debc6ac6">
      <Output>
        <ErrorInfo>
          <Message>System.Net.Http.HttpRequestException : Response status code does not indicate success: 401 (Unauthorized).</Message>
          <StackTrace>   at System.Net.Http.HttpResponseMessage.EnsureSuccessStatusCode()
   at Appostolic.Api.Tests.AgentTasks.AgentTasksTestBase.CreateTaskAsync(Guid agentId, Object input, Nullable`1 enqueueDelayMs, Boolean suppressEnqueue) in /Users/kevinmccreary/appostolic/apps/api.tests/AgentTasks/AgentTasksTestBase.cs:line 89
   at Appostolic.Api.Tests.AgentTasks.AgentTasksListFilterPaginationTests.Agent_Filter_Returns_Only_Matching() in /Users/kevinmccreary/appostolic/apps/api.tests/AgentTasks/AgentTasksListFilterPaginationTests.cs:line 66
--- End of stack trace from previous location ---</StackTrace>
        </ErrorInfo>
      </Output>
    </UnitTestResult>
    <UnitTestResult executionId="0b745d15-9a75-4294-b20b-ee7c46538eb0" testId="54bfc83b-71cd-70be-2e17-0d354a18b25a" testName="Appostolic.Api.Tests.Notifications.NotificationsRetentionTests.Purger_removes_expired_dedupes_and_old_notifications" computerName="MacBook-Pro-2" duration="00:00:00.0039941" startTime="2025-09-22T13:18:35.3184520-05:00" endTime="2025-09-22T13:18:35.3184520-05:00" testType="13cdc9d9-ddb5-4fa4-a97d-d965ccfc6d4b" outcome="Passed" testListId="8c84fa94-04c1-424b-9868-57a2d4851a1d" relativeResultsDirectory="0b745d15-9a75-4294-b20b-ee7c46538eb0" />
    <UnitTestResult executionId="776780b7-5c23-45c3-abe0-08d082085530" testId="6b0df781-2303-2b77-2cc6-dbbd4c3e9e73" testName="Appostolic.Api.Tests.Api.AuditTrailTests.Set_roles_writes_audit_row_with_old_and_new_roles" computerName="MacBook-Pro-2" duration="00:00:00.0076757" startTime="2025-09-22T13:18:14.5615660-05:00" endTime="2025-09-22T13:18:14.5615660-05:00" testType="13cdc9d9-ddb5-4fa4-a97d-d965ccfc6d4b" outcome="Passed" testListId="8c84fa94-04c1-424b-9868-57a2d4851a1d" relativeResultsDirectory="776780b7-5c23-45c3-abe0-08d082085530" />
    <UnitTestResult executionId="75710b47-9305-4e77-9cbf-2db0e043b1f6" testId="40ebd0cf-bbbb-fdf7-f5ea-fbe8917da8c5" testName="Appostolic.Api.Tests.Auth.RefreshCookieHttpsTests.RefreshCookie_NotSecure_OverHttp" computerName="MacBook-Pro-2" duration="00:00:00.8286329" startTime="2025-09-22T13:18:28.6890470-05:00" endTime="2025-09-22T13:18:28.6890470-05:00" testType="13cdc9d9-ddb5-4fa4-a97d-d965ccfc6d4b" outcome="Passed" testListId="8c84fa94-04c1-424b-9868-57a2d4851a1d" relativeResultsDirectory="75710b47-9305-4e77-9cbf-2db0e043b1f6" />
    <UnitTestResult executionId="4fad3812-1fd9-44fd-b5e1-5d7a25736f0e" testId="50bfa641-c9bd-abef-802c-d66f9615bab2" testName="Appostolic.Api.AuthTests.MagicConsumeJwtTests.MagicConsume_IssuesNeutralAndTenantTokens" computerName="MacBook-Pro-2" duration="00:00:00.0053316" startTime="2025-09-22T13:18:08.9604870-05:00" endTime="2025-09-22T13:18:08.9604870-05:00" testType="13cdc9d9-ddb5-4fa4-a97d-d965ccfc6d4b" outcome="Passed" testListId="8c84fa94-04c1-424b-9868-57a2d4851a1d" relativeResultsDirectory="4fad3812-1fd9-44fd-b5e1-5d7a25736f0e" />
    <UnitTestResult executionId="ee039a68-722b-4f47-be23-5fbaa09f067a" testId="1cbf8040-fb9a-a69f-ea84-9d0fb171e9ce" testName="Appostolic.Api.Tests.Api.DenominationsMetadataTests.RequiresAuth" computerName="MacBook-Pro-2" duration="00:00:00.0028627" startTime="2025-09-22T13:18:09.1597210-05:00" endTime="2025-09-22T13:18:09.1597210-05:00" testType="13cdc9d9-ddb5-4fa4-a97d-d965ccfc6d4b" outcome="Passed" testListId="8c84fa94-04c1-424b-9868-57a2d4851a1d" relativeResultsDirectory="ee039a68-722b-4f47-be23-5fbaa09f067a" />
    <UnitTestResult executionId="2ade3a57-49a8-441e-a484-53f1ab83b1c5" testId="044b435e-ad6a-4304-9059-6c418c0c4c86" testName="Appostolic.Api.AuthTests.SelectTenantTests.SelectTenant_Succeeds_RotatesRefreshToken" computerName="MacBook-Pro-2" duration="00:00:00.2257189" startTime="2025-09-22T13:18:26.0342160-05:00" endTime="2025-09-22T13:18:26.0342160-05:00" testType="13cdc9d9-ddb5-4fa4-a97d-d965ccfc6d4b" outcome="Passed" testListId="8c84fa94-04c1-424b-9868-57a2d4851a1d" relativeResultsDirectory="2ade3a57-49a8-441e-a484-53f1ab83b1c5" />
    <UnitTestResult executionId="86a0fb67-04b8-4a49-bb90-3a61cb24fd28" testId="d23daa8f-5725-d1c6-7d7a-83c05e893d1b" testName="Appostolic.Api.Tests.Api.NotificationsProdEndpointsTests.Superadmin_can_list_cross_tenant" computerName="MacBook-Pro-2" duration="00:00:00.1738904" startTime="2025-09-22T13:18:13.8786570-05:00" endTime="2025-09-22T13:18:13.8786570-05:00" testType="13cdc9d9-ddb5-4fa4-a97d-d965ccfc6d4b" outcome="Passed" testListId="8c84fa94-04c1-424b-9868-57a2d4851a1d" relativeResultsDirectory="86a0fb67-04b8-4a49-bb90-3a61cb24fd28" />
    <UnitTestResult executionId="7907f45c-6df2-47b1-8ec7-8e810c6a3cc7" testId="92516c71-7710-d814-eb04-be7d523d5356" testName="Appostolic.Api.AuthTests.SelectTenantTests.SelectTenant_InvalidRefresh_Returns401" computerName="MacBook-Pro-2" duration="00:00:00.2554873" startTime="2025-09-22T13:18:25.8083470-05:00" endTime="2025-09-22T13:18:25.8083470-05:00" testType="13cdc9d9-ddb5-4fa4-a97d-d965ccfc6d4b" outcome="Passed" testListId="8c84fa94-04c1-424b-9868-57a2d4851a1d" relativeResultsDirectory="7907f45c-6df2-47b1-8ec7-8e810c6a3cc7" />
    <UnitTestResult executionId="356ba7a3-74ed-4a45-ac78-0be07d1efb2b" testId="6305e689-cee9-6a31-93d8-755b6c5fc935" testName="Appostolic.Api.Tests.Notifications.FieldEncryptionTests.Encrypts_And_Decrypts_On_Lease" computerName="MacBook-Pro-2" duration="00:00:00.0104134" startTime="2025-09-22T13:18:27.8598030-05:00" endTime="2025-09-22T13:18:27.8598030-05:00" testType="13cdc9d9-ddb5-4fa4-a97d-d965ccfc6d4b" outcome="Passed" testListId="8c84fa94-04c1-424b-9868-57a2d4851a1d" relativeResultsDirectory="356ba7a3-74ed-4a45-ac78-0be07d1efb2b" />
    <UnitTestResult executionId="2cc67cb6-f4fc-41fe-a80e-ceca15a6e775" testId="b946127e-e0db-c283-d88c-1557545efae6" testName="Appostolic.Api.Tests.Schema.LegacyRoleColumnRemovalTests.Membership_entity_legacy_Role_property_is_removed" computerName="MacBook-Pro-2" duration="00:00:00.0976665" startTime="2025-09-22T13:18:27.6833280-05:00" endTime="2025-09-22T13:18:27.6833280-05:00" testType="13cdc9d9-ddb5-4fa4-a97d-d965ccfc6d4b" outcome="Passed" testListId="8c84fa94-04c1-424b-9868-57a2d4851a1d" relativeResultsDirectory="2cc67cb6-f4fc-41fe-a80e-ceca15a6e775" />
    <UnitTestResult executionId="1f7da120-ea1b-4c12-8fb0-e6d2c611c305" testId="d59725be-2270-85f4-1a24-f28884383b83" testName="Appostolic.Api.Tests.Api.NotificationsAdminEndpointsTests.Resend_history_lists_children_with_paging_and_scoping" computerName="MacBook-Pro-2" duration="00:00:00.1657032" startTime="2025-09-22T13:18:17.7886460-05:00" endTime="2025-09-22T13:18:17.7886460-05:00" testType="13cdc9d9-ddb5-4fa4-a97d-d965ccfc6d4b" outcome="Passed" testListId="8c84fa94-04c1-424b-9868-57a2d4851a1d" relativeResultsDirectory="1f7da120-ea1b-4c12-8fb0-e6d2c611c305" />
    <UnitTestResult executionId="0da82817-8a56-4992-ba0b-bdde196a7a9b" testId="515d6282-fd19-872e-c191-d3eda2049a23" testName="Appostolic.Api.Tests.Api.AuthPasswordFlowsTests.ForgotPassword_AcceptsAndStoresToken_SendsEmail" computerName="MacBook-Pro-2" duration="00:00:00.0778127" startTime="2025-09-22T13:18:09.9380220-05:00" endTime="2025-09-22T13:18:09.9380220-05:00" testType="13cdc9d9-ddb5-4fa4-a97d-d965ccfc6d4b" outcome="Passed" testListId="8c84fa94-04c1-424b-9868-57a2d4851a1d" relativeResultsDirectory="0da82817-8a56-4992-ba0b-bdde196a7a9b" />
    <UnitTestResult executionId="47d13443-59a0-4ebf-8819-8dc1944b43d0" testId="cb3a79b8-8a20-d72b-fe66-3be39a479486" testName="Appostolic.Api.Tests.AgentOrchestratorTests.Cancellation_StopsMidRun" computerName="MacBook-Pro-2" duration="00:00:00.0133075" startTime="2025-09-22T13:18:25.5525390-05:00" endTime="2025-09-22T13:18:25.5525390-05:00" testType="13cdc9d9-ddb5-4fa4-a97d-d965ccfc6d4b" outcome="Passed" testListId="8c84fa94-04c1-424b-9868-57a2d4851a1d" relativeResultsDirectory="47d13443-59a0-4ebf-8819-8dc1944b43d0" />
    <UnitTestResult executionId="5a7e3e80-efda-435f-b76a-4675cc5916ed" testId="46709c0e-39a7-32eb-a6b2-6f7ada21050d" testName="Appostolic.Api.Tests.Api.TenantSettingsEndpointsTests.Upload_Logo_Succeeds_And_Stores_Metadata" computerName="MacBook-Pro-2" duration="00:00:00.2122200" startTime="2025-09-22T13:18:27.2595030-05:00" endTime="2025-09-22T13:18:27.2595030-05:00" testType="13cdc9d9-ddb5-4fa4-a97d-d965ccfc6d4b" outcome="Passed" testListId="8c84fa94-04c1-424b-9868-57a2d4851a1d" relativeResultsDirectory="5a7e3e80-efda-435f-b76a-4675cc5916ed" />
    <UnitTestResult executionId="e78de090-4d3f-4fe6-89e5-94ebb0e622d8" testId="019214c2-5ff4-3fed-608d-44f050052b40" testName="Appostolic.Api.Tests.Api.AssignmentsApiTests.List_memberships_requires_admin_and_returns_roles" computerName="MacBook-Pro-2" duration="00:00:00.0136507" startTime="2025-09-22T13:18:14.0669890-05:00" endTime="2025-09-22T13:18:14.0669890-05:00" testType="13cdc9d9-ddb5-4fa4-a97d-d965ccfc6d4b" outcome="Passed" testListId="8c84fa94-04c1-424b-9868-57a2d4851a1d" relativeResultsDirectory="e78de090-4d3f-4fe6-89e5-94ebb0e622d8" />
    <UnitTestResult executionId="5b0ca52e-7b58-4a44-a2cd-070ca7892a6e" testId="f53587d7-cc90-0182-8a77-44034bb01e5e" testName="Appostolic.Api.Tests.ModelMappingTests.Agent_indexes_are_configured_in_model" computerName="MacBook-Pro-2" duration="00:00:00.0002272" startTime="2025-09-22T13:18:27.8492970-05:00" endTime="2025-09-22T13:18:27.8492970-05:00" testType="13cdc9d9-ddb5-4fa4-a97d-d965ccfc6d4b" outcome="Passed" testListId="8c84fa94-04c1-424b-9868-57a2d4851a1d" relativeResultsDirectory="5b0ca52e-7b58-4a44-a2cd-070ca7892a6e" />
    <UnitTestResult executionId="6a426a40-c0ca-495b-9539-17f4f5bea6ba" testId="0210a45e-88de-5f73-c8f5-588d89c200fa" testName="Appostolic.Api.Tests.Api.UserPasswordEndpointsTests.Change_password_rejects_weak_password" computerName="MacBook-Pro-2" duration="00:00:00.1218720" startTime="2025-09-22T13:18:21.7594160-05:00" endTime="2025-09-22T13:18:21.7594160-05:00" testType="13cdc9d9-ddb5-4fa4-a97d-d965ccfc6d4b" outcome="Passed" testListId="8c84fa94-04c1-424b-9868-57a2d4851a1d" relativeResultsDirectory="6a426a40-c0ca-495b-9539-17f4f5bea6ba" />
    <UnitTestResult executionId="6c7f160a-4aae-4c40-b76c-3e690c186b7d" testId="8e56ee2d-296c-f180-2ad1-a3abd5b19292" testName="Appostolic.Api.Tests.AgentOrchestratorTests.ToolMissing_FailsWithToolNotFound" computerName="MacBook-Pro-2" duration="00:00:00.0007931" startTime="2025-09-22T13:18:25.5390880-05:00" endTime="2025-09-22T13:18:25.5390880-05:00" testType="13cdc9d9-ddb5-4fa4-a97d-d965ccfc6d4b" outcome="Passed" testListId="8c84fa94-04c1-424b-9868-57a2d4851a1d" relativeResultsDirectory="6c7f160a-4aae-4c40-b76c-3e690c186b7d" />
    <UnitTestResult executionId="28598194-4376-427f-b7f1-2018a1396348" testId="66792d28-b742-2184-22b7-0db1029dfc14" testName="Appostolic.Api.AuthTests.TestTokenFactoryTests.MintTenantToken_FlagDisabled_ReturnsNotFound" computerName="MacBook-Pro-2" duration="00:00:00.1604920" startTime="2025-09-22T13:18:24.7693750-05:00" endTime="2025-09-22T13:18:24.7693750-05:00" testType="13cdc9d9-ddb5-4fa4-a97d-d965ccfc6d4b" outcome="Passed" testListId="8c84fa94-04c1-424b-9868-57a2d4851a1d" relativeResultsDirectory="28598194-4376-427f-b7f1-2018a1396348" />
    <UnitTestResult executionId="9df53696-fff6-4ab7-9c99-fd705b548524" testId="30aa5bc1-9211-739f-532d-176c6c3c3a30" testName="Appostolic.Api.Tests.Orchestrator.AgentOrchestratorTests.MaxStepsExceeded_FailsAfterCap" computerName="MacBook-Pro-2" duration="00:00:00.0021077" startTime="2025-09-22T13:18:11.4067330-05:00" endTime="2025-09-22T13:18:11.4067330-05:00" testType="13cdc9d9-ddb5-4fa4-a97d-d965ccfc6d4b" outcome="Passed" testListId="8c84fa94-04c1-424b-9868-57a2d4851a1d" relativeResultsDirectory="9df53696-fff6-4ab7-9c99-fd705b548524" />
    <UnitTestResult executionId="bc0dc030-9127-4653-bd8c-55748b9e6a86" testId="03cb9965-4934-50d0-65d4-2c790e264e80" testName="Appostolic.Api.Tests.E2E.AgentTasksE2E_List.Inbox_List_Orders_By_CreatedAt_Desc_And_Pages" computerName="MacBook-Pro-2" duration="00:00:00.3644792" startTime="2025-09-22T13:18:29.7265910-05:00" endTime="2025-09-22T13:18:29.7265910-05:00" testType="13cdc9d9-ddb5-4fa4-a97d-d965ccfc6d4b" outcome="Passed" testListId="8c84fa94-04c1-424b-9868-57a2d4851a1d" relativeResultsDirectory="bc0dc030-9127-4653-bd8c-55748b9e6a86" />
    <UnitTestResult executionId="36142a13-bb36-482a-b291-6659adb96111" testId="1cdc3975-db1c-58f2-7286-fa267b0aafb8" testName="Appostolic.Api.Tests.Auth.RefreshEndpointTests.Refresh_Fails_On_Reusing_Rotated_Token" computerName="MacBook-Pro-2" duration="00:00:00.7213245" startTime="2025-09-22T13:18:34.9042690-05:00" endTime="2025-09-22T13:18:34.9042690-05:00" testType="13cdc9d9-ddb5-4fa4-a97d-d965ccfc6d4b" outcome="Passed" testListId="8c84fa94-04c1-424b-9868-57a2d4851a1d" relativeResultsDirectory="36142a13-bb36-482a-b291-6659adb96111" />
[...]
      <StdOut>[xUnit.net 00:00:00.00] xUnit.net VSTest Adapter v2.8.1+ce9211e970 (64-bit .NET 8.0.1)
[xUnit.net 00:00:00.04]   Discovering: Appostolic.Api.Tests
[xUnit.net 00:00:00.08]   Discovered:  Appostolic.Api.Tests
[xUnit.net 00:00:00.08]   Starting:    Appostolic.Api.Tests
[xUnit.net 00:00:05.63]       System.Net.Http.HttpRequestException : Response status code does not indicate success: 401 (Unauthorized).
[xUnit.net 00:00:05.63]       Stack Trace:
[xUnit.net 00:00:05.63]            at System.Net.Http.HttpResponseMessage.EnsureSuccessStatusCode()
[xUnit.net 00:00:05.63]         /Users/kevinmccreary/appostolic/apps/api.tests/AgentTasks/AgentTasksTestBase.cs(89,0): at Appostolic.Api.Tests.AgentTasks.AgentTasksTestBase.CreateTaskAsync(Guid agentId, Object input, Nullable`1 enqueueDelayMs, Boolean suppressEnqueue)
[xUnit.net 00:00:05.63]         /Users/kevinmccreary/appostolic/apps/api.tests/AgentTasks/AgentTasksListFilterPaginationTests.cs(83,0): at Appostolic.Api.Tests.AgentTasks.AgentTasksListFilterPaginationTests.Date_Range_Filter_On_CreatedAt()
[xUnit.net 00:00:05.63]         --- End of stack trace from previous location ---
[xUnit.net 00:00:05.64]       System.Net.Http.HttpRequestException : Response status code does not indicate success: 401 (Unauthorized).
[xUnit.net 00:00:05.64]       Stack Trace:
[xUnit.net 00:00:05.64]            at System.Net.Http.HttpResponseMessage.EnsureSuccessStatusCode()
[xUnit.net 00:00:05.64]         /Users/kevinmccreary/appostolic/apps/api.tests/AgentTasks/AgentTasksTestBase.cs(89,0): at Appostolic.Api.Tests.AgentTasks.AgentTasksTestBase.CreateTaskAsync(Guid agentId, Object input, Nullable`1 enqueueDelayMs, Boolean suppressEnqueue)
[xUnit.net 00:00:05.64]         /Users/kevinmccreary/appostolic/apps/api.tests/AgentTasks/AgentTasksListFilterPaginationTests.cs(48,0): at Appostolic.Api.Tests.AgentTasks.AgentTasksListFilterPaginationTests.Status_Filter_Is_CaseInsensitive()
[xUnit.net 00:00:05.64]         --- End of stack trace from previous location ---
[xUnit.net 00:00:05.64]       System.Net.Http.HttpRequestException : Response status code does not indicate success: 401 (Unauthorized).
[xUnit.net 00:00:05.64]       Stack Trace:
[xUnit.net 00:00:05.64]            at System.Net.Http.HttpResponseMessage.EnsureSuccessStatusCode()
[xUnit.net 00:00:05.64]         /Users/kevinmccreary/appostolic/apps/api.tests/AgentTasks/AgentTasksTestBase.cs(89,0): at Appostolic.Api.Tests.AgentTasks.AgentTasksTestBase.CreateTaskAsync(Guid agentId, Object input, Nullable`1 enqueueDelayMs, Boolean suppressEnqueue)
[xUnit.net 00:00:05.64]         /Users/kevinmccreary/appostolic/apps/api.tests/AgentTasks/AgentTasksListFilterPaginationTests.cs(66,0): at Appostolic.Api.Tests.AgentTasks.AgentTasksListFilterPaginationTests.Agent_Filter_Returns_Only_Matching()
[xUnit.net 00:00:05.64]         --- End of stack trace from previous location ---
[xUnit.net 00:00:05.65]       System.Net.Http.HttpRequestException : Response status code does not indicate success: 401 (Unauthorized).
[xUnit.net 00:00:05.65]       Stack Trace:
[xUnit.net 00:00:05.65]            at System.Net.Http.HttpResponseMessage.EnsureSuccessStatusCode()
[xUnit.net 00:00:05.65]         /Users/kevinmccreary/appostolic/apps/api.tests/AgentTasks/AgentTasksTestBase.cs(89,0): at Appostolic.Api.Tests.AgentTasks.AgentTasksTestBase.CreateTaskAsync(Guid agentId, Object input, Nullable`1 enqueueDelayMs, Boolean suppressEnqueue)
[xUnit.net 00:00:05.65]         /Users/kevinmccreary/appostolic/apps/api.tests/AgentTasks/AgentTasksListFilterPaginationTests.cs(16,0): at Appostolic.Api.Tests.AgentTasks.AgentTasksListFilterPaginationTests.Paging_Returns_XTotalCount_And_DescOrdering()
[xUnit.net 00:00:05.65]         --- End of stack trace from previous location ---
[xUnit.net 00:00:05.65]       System.Net.Http.HttpRequestException : Response status code does not indicate success: 401 (Unauthorized).
[xUnit.net 00:00:05.65]       Stack Trace:
[xUnit.net 00:00:05.65]            at System.Net.Http.HttpResponseMessage.EnsureSuccessStatusCode()
[xUnit.net 00:00:05.65]         /Users/kevinmccreary/appostolic/apps/api.tests/AgentTasks/AgentTasksTestBase.cs(89,0): at Appostolic.Api.Tests.AgentTasks.AgentTasksTestBase.CreateTaskAsync(Guid agentId, Object input, Nullable`1 enqueueDelayMs, Boolean suppressEnqueue)
[xUnit.net 00:00:05.65]         /Users/kevinmccreary/appostolic/apps/api.tests/AgentTasks/AgentTasksListFilterPaginationTests.cs(105,0): at Appostolic.Api.Tests.AgentTasks.AgentTasksListFilterPaginationTests.FreeText_Q_Search_On_Input_And_User()
[xUnit.net 00:00:05.65]         --- End of stack trace from previous location ---
[xUnit.net 00:00:08.12]       System.InvalidOperationException : Expected tenant token for slug 'kevin-personal' but helper returned null.
[xUnit.net 00:00:08.12]       Stack Trace:
[xUnit.net 00:00:08.12]         /Users/kevinmccreary/appostolic/apps/api.tests/Auth/AuthTestClient.cs(36,0): at Appostolic.Api.AuthTests.AuthTestClient.UseTenantAsync(HttpClient client, String email, String tenantSlug, Nullable`1 forceAllRoles)
[xUnit.net 00:00:08.12]         /Users/kevinmccreary/appostolic/apps/api.tests/Auth/AuthTestClientTests.cs(30,0): at Appostolic.Api.AuthTests.AuthTestClientTests.UseTenantAsync_AttachesTenantToken()
[xUnit.net 00:00:08.12]         --- End of stack trace from previous location ---
[xUnit.net 00:00:08.29]       System.Net.Http.HttpRequestException : Response status code does not indicate success: 401 (Unauthorized).
[xUnit.net 00:00:08.29]       Stack Trace:
[xUnit.net 00:00:08.29]            at System.Net.Http.HttpResponseMessage.EnsureSuccessStatusCode()
[xUnit.net 00:00:08.29]         /Users/kevinmccreary/appostolic/apps/api.tests/Privacy/UserProfileLoggingTests.cs(78,0): at Appostolic.Api.Tests.Privacy.UserProfileLoggingTests.GetMe_HashingDisabled_OmitsHash()
[xUnit.net 00:00:08.29]         --- End of stack trace from previous location ---
[xUnit.net 00:00:08.47]       System.Net.Http.HttpRequestException : Response status code does not indicate success: 401 (Unauthorized).
[xUnit.net 00:00:08.47]       Stack Trace:
[xUnit.net 00:00:08.47]            at System.Net.Http.HttpResponseMessage.EnsureSuccessStatusCode()
[xUnit.net 00:00:08.47]         /Users/kevinmccreary/appostolic/apps/api.tests/Privacy/UserProfileLoggingTests.cs(44,0): at Appostolic.Api.Tests.Privacy.UserProfileLoggingTests.GetMe_EmitsRedactedAndHash_NoRawEmail()
[xUnit.net 00:00:08.47]         --- End of stack trace from previous location ---
[xUnit.net 00:00:15.96]       System.InvalidOperationException : Expected tenant token for slug 'kevin-personal' but helper returned null.
[xUnit.net 00:00:15.96]       Stack Trace:
[xUnit.net 00:00:15.96]         /Users/kevinmccreary/appostolic/apps/api.tests/Auth/AuthTestClient.cs(36,0): at Appostolic.Api.AuthTests.AuthTestClient.UseTenantAsync(HttpClient client, String email, String tenantSlug, Nullable`1 forceAllRoles)
[xUnit.net 00:00:15.96]         /Users/kevinmccreary/appostolic/apps/api.tests/Api/InvitesAcceptTests.cs(21,0): at Appostolic.Api.Tests.Api.InvitesAcceptTests.CreateTenantAuthedClientAsync(WebAppFactory f, String email, String tenantSlug)
[xUnit.net 00:00:15.96]         /Users/kevinmccreary/appostolic/apps/api.tests/Api/InvitesAcceptTests.cs(66,0): at Appostolic.Api.Tests.Api.InvitesAcceptTests.Accept_SignedIn_User_Matches_Invite_Creates_Membership()
[xUnit.net 00:00:15.96]         --- End of stack trace from previous location ---
[xUnit.net 00:00:15.99]       Expected resp.StatusCode to be HttpStatusCode.BadRequest {value: 400}, but found HttpStatusCode.Unauthorized {value: 401}.
[xUnit.net 00:00:15.99]       Stack Trace:
[xUnit.net 00:00:15.99]            at FluentAssertions.Execution.XUnit2TestFramework.Throw(String message)
[xUnit.net 00:00:15.99]            at FluentAssertions.Execution.TestFrameworkProvider.Throw(String message)
[xUnit.net 00:00:15.99]            at FluentAssertions.Execution.DefaultAssertionStrategy.HandleFailure(String message)
[xUnit.net 00:00:15.99]            at FluentAssertions.Execution.AssertionScope.FailWith(Func`1 failReasonFunc)
[xUnit.net 00:00:15.99]            at FluentAssertions.Execution.AssertionScope.FailWith(Func`1 failReasonFunc)
[xUnit.net 00:00:15.99]            at FluentAssertions.Execution.AssertionScope.FailWith(String message, Object[] args)
[xUnit.net 00:00:15.99]            at FluentAssertions.Primitives.EnumAssertions`2.Be(TEnum expected, String because, Object[] becauseArgs)
[xUnit.net 00:00:15.99]         /Users/kevinmccreary/appostolic/apps/api.tests/Api/InvitesAcceptTests.cs(94,0): at Appostolic.Api.Tests.Api.InvitesAcceptTests.Accept_With_Invalid_Token_Fails()
[xUnit.net 00:00:15.99]         --- End of stack trace from previous location ---
[xUnit.net 00:00:17.03]       Expected delResp.StatusCode to be HttpStatusCode.NoContent {value: 204}, but found HttpStatusCode.BadRequest {value: 400}.
[xUnit.net 00:00:17.03]       Stack Trace:
[xUnit.net 00:00:17.03]            at FluentAssertions.Execution.XUnit2TestFramework.Throw(String message)
[xUnit.net 00:00:17.03]            at FluentAssertions.Execution.TestFrameworkProvider.Throw(String message)
[xUnit.net 00:00:17.03]            at FluentAssertions.Execution.AssertionScope.FailWith(Func`1 failReasonFunc)
[xUnit.net 00:00:17.03]            at FluentAssertions.Primitives.EnumAssertions`2.Be(TEnum expected, String because, Object[] becauseArgs)
[xUnit.net 00:00:17.03]         /Users/kevinmccreary/appostolic/apps/api.tests/Api/InvitesEndpointsTests.cs(131,0): at Appostolic.Api.Tests.Api.InvitesEndpointsTests.Invites_Full_Lifecycle_Create_Resend_Accept_Revoke()
[xUnit.net 00:00:17.03]         --- End of stack trace from previous location ---
[xUnit.net 00:00:17.18]       System.Net.Http.HttpRequestException : Response status code does not indicate success: 401 (Unauthorized).
[xUnit.net 00:00:17.18]       Stack Trace:
[xUnit.net 00:00:17.18]            at System.Net.Http.HttpResponseMessage.EnsureSuccessStatusCode()
[xUnit.net 00:00:17.18]         /Users/kevinmccreary/appostolic/apps/api.tests/AgentTasks/AgentTasksTestBase.cs(89,0): at Appostolic.Api.Tests.AgentTasks.AgentTasksTestBase.CreateTaskAsync(Guid agentId, Object input, Nullable`1 enqueueDelayMs, Boolean suppressEnqueue)
[xUnit.net 00:00:17.18]         /Users/kevinmccreary/appostolic/apps/api.tests/AgentTasks/AgentTasksCancelRetryTests.cs(16,0): at Appostolic.Api.Tests.AgentTasks.AgentTasksCancelRetryTests.Cancel_Pending_Task_IsCanceledImmediately()
[xUnit.net 00:00:17.18]         --- End of stack trace from previous location ---
[xUnit.net 00:00:17.18]       System.Net.Http.HttpRequestException : Response status code does not indicate success: 401 (Unauthorized).
[xUnit.net 00:00:17.18]       Stack Trace:
[xUnit.net 00:00:17.18]            at System.Net.Http.HttpResponseMessage.EnsureSuccessStatusCode()
[xUnit.net 00:00:17.18]         /Users/kevinmccreary/appostolic/apps/api.tests/AgentTasks/AgentTasksTestBase.cs(89,0): at Appostolic.Api.Tests.AgentTasks.AgentTasksTestBase.CreateTaskAsync(Guid agentId, Object input, Nullable`1 enqueueDelayMs, Boolean suppressEnqueue)
[xUnit.net 00:00:17.18]         /Users/kevinmccreary/appostolic/apps/api.tests/AgentTasks/AgentTasksCancelRetryTests.cs(41,0): at Appostolic.Api.Tests.AgentTasks.AgentTasksCancelRetryTests.Cancel_Terminal_Task_Returns409()
[xUnit.net 00:00:17.18]         --- End of stack trace from previous location ---
[xUnit.net 00:00:17.18]       System.Net.Http.HttpRequestException : Response status code does not indicate success: 401 (Unauthorized).
[xUnit.net 00:00:17.18]       Stack Trace:
[xUnit.net 00:00:17.18]            at System.Net.Http.HttpResponseMessage.EnsureSuccessStatusCode()
[xUnit.net 00:00:17.18]         /Users/kevinmccreary/appostolic/apps/api.tests/AgentTasks/AgentTasksTestBase.cs(89,0): at Appostolic.Api.Tests.AgentTasks.AgentTasksTestBase.CreateTaskAsync(Guid agentId, Object input, Nullable`1 enqueueDelayMs, Boolean suppressEnqueue)
[xUnit.net 00:00:17.18]         /Users/kevinmccreary/appostolic/apps/api.tests/AgentTasks/AgentTasksCancelRetryTests.cs(54,0): at Appostolic.Api.Tests.AgentTasks.AgentTasksCancelRetryTests.Retry_From_Succeeded_Creates_New_Task_And_Runs()
[xUnit.net 00:00:17.18]         --- End of stack trace from previous location ---
[xUnit.net 00:00:18.90]       System.Net.Http.HttpRequestException : Response status code does not indicate success: 404 (Not Found).
[xUnit.net 00:00:18.90]       Stack Trace:
[xUnit.net 00:00:18.90]            at System.Net.Http.HttpResponseMessage.EnsureSuccessStatusCode()
[xUnit.net 00:00:18.90]         /Users/kevinmccreary/appostolic/apps/api.tests/Auth/DevHeadersDisabledTests.cs(65,0): at Appostolic.Api.Tests.Auth.DevHeadersDisabledTests.JwtLogin_Flow_Works_When_DevHeaders_Disabled()
[xUnit.net 00:00:18.90]         --- End of stack trace from previous location ---
[xUnit.net 00:00:20.41]       System.InvalidOperationException : Expected tenant token for slug 'kevin-personal' but helper returned null.
[xUnit.net 00:00:20.41]       Stack Trace:
[xUnit.net 00:00:20.41]         /Users/kevinmccreary/appostolic/apps/api.tests/Auth/AuthTestClient.cs(36,0): at Appostolic.Api.AuthTests.AuthTestClient.UseTenantAsync(HttpClient client, String email, String tenantSlug, Nullable`1 forceAllRoles)
[xUnit.net 00:00:20.41]         /Users/kevinmccreary/appostolic/apps/api.tests/Api/InvitesRolesFlagsTests.cs(81,0): at Appostolic.Api.Tests.Api.InvitesRolesFlagsTests.Accept_Invite_Sets_Membership_Roles_Flags()
[xUnit.net 00:00:20.41]         --- End of stack trace from previous location ---
[xUnit.net 00:00:21.23]       TestServer (in-memory) does not preserve Secure attribute even when Request.IsHttps=true via middleware. Will be validated in future Kestrel HTTPS integration/E2E layer.
Test 'Appostolic.Api.Tests.Auth.RefreshCookieHttpsTests.RefreshCookie_Secure_OverHttps' was skipped in the test run.
[xUnit.net 00:00:26.50]       Expected ok.StatusCode to be HttpStatusCode.OK {value: 200}, but found HttpStatusCode.Unauthorized {value: 401}.
[xUnit.net 00:00:26.50]       Stack Trace:
[xUnit.net 00:00:26.50]            at FluentAssertions.Execution.XUnit2TestFramework.Throw(String message)
[xUnit.net 00:00:26.50]            at FluentAssertions.Execution.TestFrameworkProvider.Throw(String message)
[xUnit.net 00:00:26.50]            at FluentAssertions.Execution.AssertionScope.FailWith(Func`1 failReasonFunc)
[xUnit.net 00:00:26.50]            at FluentAssertions.Primitives.EnumAssertions`2.Be(TEnum expected, String because, Object[] becauseArgs)
[xUnit.net 00:00:26.50]         /Users/kevinmccreary/appostolic/apps/api.tests/Security/AgentTasksAuthContractTests.cs(39,0): at Appostolic.Api.Tests.Security.AgentTasksAuthContractTests.ListEndpoint_RequiresDevHeaders()
[xUnit.net 00:00:26.50]         --- End of stack trace from previous location ---
[xUnit.net 00:00:29.37]   Finished:    Appostolic.Api.Tests
</StdOut>
    </Output>
    <RunInfos>
      <RunInfo computerName="MacBook-Pro-2" outcome="Error" timestamp="2025-09-22T13:18:12.2683320-05:00">
        <Text>[xUnit.net 00:00:05.63]     Appostolic.Api.Tests.AgentTasks.AgentTasksListFilterPaginationTests.Date_Range_Filter_On_CreatedAt [FAIL]</Text>
      </RunInfo>
      <RunInfo computerName="MacBook-Pro-2" outcome="Error" timestamp="2025-09-22T13:18:12.2708330-05:00">
        <Text>[xUnit.net 00:00:05.64]     Appostolic.Api.Tests.AgentTasks.AgentTasksListFilterPaginationTests.Status_Filter_Is_CaseInsensitive [FAIL]</Text>
      </RunInfo>
      <RunInfo computerName="MacBook-Pro-2" outcome="Error" timestamp="2025-09-22T13:18:12.2735280-05:00">
        <Text>[xUnit.net 00:00:05.64]     Appostolic.Api.Tests.AgentTasks.AgentTasksListFilterPaginationTests.Agent_Filter_Returns_Only_Matching [FAIL]</Text>
      </RunInfo>
      <RunInfo computerName="MacBook-Pro-2" outcome="Error" timestamp="2025-09-22T13:18:12.2860260-05:00">
        <Text>[xUnit.net 00:00:05.65]     Appostolic.Api.Tests.AgentTasks.AgentTasksListFilterPaginationTests.Paging_Returns_XTotalCount_And_DescOrdering [FAIL]</Text>
      </RunInfo>
      <RunInfo computerName="MacBook-Pro-2" outcome="Error" timestamp="2025-09-22T13:18:12.2883630-05:00">
        <Text>[xUnit.net 00:00:05.65]     Appostolic.Api.Tests.AgentTasks.AgentTasksListFilterPaginationTests.FreeText_Q_Search_On_Input_And_User [FAIL]</Text>
      </RunInfo>
      <RunInfo computerName="MacBook-Pro-2" outcome="Error" timestamp="2025-09-22T13:18:14.7555210-05:00">
        <Text>[xUnit.net 00:00:08.12]     Appostolic.Api.AuthTests.AuthTestClientTests.UseTenantAsync_AttachesTenantToken [FAIL]</Text>
      </RunInfo>
      <RunInfo computerName="MacBook-Pro-2" outcome="Error" timestamp="2025-09-22T13:18:14.9287400-05:00">
        <Text>[xUnit.net 00:00:08.29]     Appostolic.Api.Tests.Privacy.UserProfileLoggingTests.GetMe_HashingDisabled_OmitsHash [FAIL]</Text>
      </RunInfo>
      <RunInfo computerName="MacBook-Pro-2" outcome="Error" timestamp="2025-09-22T13:18:15.0996660-05:00">
        <Text>[xUnit.net 00:00:08.47]     Appostolic.Api.Tests.Privacy.UserProfileLoggingTests.GetMe_EmitsRedactedAndHash_NoRawEmail [FAIL]</Text>
      </RunInfo>
      <RunInfo computerName="MacBook-Pro-2" outcome="Error" timestamp="2025-09-22T13:18:22.5936760-05:00">
        <Text>[xUnit.net 00:00:15.96]     Appostolic.Api.Tests.Api.InvitesAcceptTests.Accept_SignedIn_User_Matches_Invite_Creates_Membership [FAIL]</Text>
      </RunInfo>
      <RunInfo computerName="MacBook-Pro-2" outcome="Error" timestamp="2025-09-22T13:18:22.6227770-05:00">
        <Text>[xUnit.net 00:00:15.99]     Appostolic.Api.Tests.Api.InvitesAcceptTests.Accept_With_Invalid_Token_Fails [FAIL]</Text>
      </RunInfo>
      <RunInfo computerName="MacBook-Pro-2" outcome="Error" timestamp="2025-09-22T13:18:23.6653890-05:00">
        <Text>[xUnit.net 00:00:17.03]     Appostolic.Api.Tests.Api.InvitesEndpointsTests.Invites_Full_Lifecycle_Create_Resend_Accept_Revoke [FAIL]</Text>
      </RunInfo>
      <RunInfo computerName="MacBook-Pro-2" outcome="Error" timestamp="2025-09-22T13:18:23.8118340-05:00">
        <Text>[xUnit.net 00:00:17.18]     Appostolic.Api.Tests.AgentTasks.AgentTasksCancelRetryTests.Cancel_Pending_Task_IsCanceledImmediately [FAIL]</Text>
      </RunInfo>
      <RunInfo computerName="MacBook-Pro-2" outcome="Error" timestamp="2025-09-22T13:18:23.8150140-05:00">
        <Text>[xUnit.net 00:00:17.18]     Appostolic.Api.Tests.AgentTasks.AgentTasksCancelRetryTests.Cancel_Terminal_Task_Returns409 [FAIL]</Text>
      </RunInfo>
      <RunInfo computerName="MacBook-Pro-2" outcome="Error" timestamp="2025-09-22T13:18:23.8175090-05:00">
        <Text>[xUnit.net 00:00:17.18]     Appostolic.Api.Tests.AgentTasks.AgentTasksCancelRetryTests.Retry_From_Succeeded_Creates_New_Task_And_Runs [FAIL]</Text>
      </RunInfo>
      <RunInfo computerName="MacBook-Pro-2" outcome="Error" timestamp="2025-09-22T13:18:25.5325640-05:00">
        <Text>[xUnit.net 00:00:18.90]     Appostolic.Api.Tests.Auth.DevHeadersDisabledTests.JwtLogin_Flow_Works_When_DevHeaders_Disabled [FAIL]</Text>
      </RunInfo>
      <RunInfo computerName="MacBook-Pro-2" outcome="Error" timestamp="2025-09-22T13:18:27.0438710-05:00">
        <Text>[xUnit.net 00:00:20.41]     Appostolic.Api.Tests.Api.InvitesRolesFlagsTests.Accept_Invite_Sets_Membership_Roles_Flags [FAIL]</Text>
      </RunInfo>
      <RunInfo computerName="MacBook-Pro-2" outcome="Warning" timestamp="2025-09-22T13:18:27.8607020-05:00">
        <Text>[xUnit.net 00:00:21.23]     Appostolic.Api.Tests.Auth.RefreshCookieHttpsTests.RefreshCookie_Secure_OverHttps [SKIP]</Text>
      </RunInfo>
      <RunInfo computerName="MacBook-Pro-2" outcome="Error" timestamp="2025-09-22T13:18:33.1300560-05:00">
        <Text>[xUnit.net 00:00:26.50]     Appostolic.Api.Tests.Security.AgentTasksAuthContractTests.ListEndpoint_RequiresDevHeaders [FAIL]</Text>
      </RunInfo>
    </RunInfos>
  </ResultSummary>
</TestRun>