<?xml version="1.0" encoding="utf-8"?>
<TestRun id="bb612823-2f5d-496a-a21d-4d2a5dd7aea6" name="@mac 2025-09-21 22:36:20" xmlns="http://microsoft.com/schemas/VisualStudio/TeamTest/2010">
  <Times creation="2025-09-21T22:36:20.8000070-05:00" queuing="2025-09-21T22:36:20.8000070-05:00" start="2025-09-21T22:36:19.0680130-05:00" finish="2025-09-21T22:36:47.8188940-05:00" />
  <TestSettings name="default" id="8163eae9-5f2e-4281-a840-d049eb81cdf6">
    <Deployment runDeploymentRoot="_mac_2025-09-21_22_36_20" />
  </TestSettings>
  <Results>
    <UnitTestResult executionId="0349a7af-004e-40aa-b132-4235d1757bb4" testId="c608eb38-09c4-17b8-a16b-ae9b91798432" testName="Appostolic.Api.Tests.Api.NotificationsWebhookTests.SendGridWebhook_updates_provider_status_when_token_matches" computerName="mac" duration="00:00:00.0180058" startTime="2025-09-21T22:36:37.1863900-05:00" endTime="2025-09-21T22:36:37.1863900-05:00" testType="13cdc9d9-ddb5-4fa4-a97d-d965ccfc6d4b" outcome="Passed" testListId="8c84fa94-04c1-424b-9868-57a2d4851a1d" relativeResultsDirectory="0349a7af-004e-40aa-b132-4235d1757bb4" />
    <UnitTestResult executionId="31aff43b-cdb6-45f8-a065-c9d436d1c71d" testId="f6f9c7c7-2034-4809-9600-0c0282164e3f" testName="Appostolic.Api.Tests.Api.UserPasswordEndpointsTests.Change_password_rejects_invalid_current" computerName="mac" duration="00:00:00.2716019" startTime="2025-09-21T22:36:39.1488250-05:00" endTime="2025-09-21T22:36:39.1488250-05:00" testType="13cdc9d9-ddb5-4fa4-a97d-d965ccfc6d4b" outcome="Failed" testListId="8c84fa94-04c1-424b-9868-57a2d4851a1d" relativeResultsDirectory="31aff43b-cdb6-45f8-a065-c9d436d1c71d">
      <Output>
        <ErrorInfo>
          <Message>Expected resp.StatusCode to be HttpStatusCode.BadRequest {value: 400}, but found HttpStatusCode.Unauthorized {value: 401}.</Message>
          <StackTrace>   at FluentAssertions.Execution.XUnit2TestFramework.Throw(String message)
   at FluentAssertions.Execution.TestFrameworkProvider.Throw(String message)
   at FluentAssertions.Execution.AssertionScope.FailWith(Func`1 failReasonFunc)
   at FluentAssertions.Primitives.EnumAssertions`2.Be(TEnum expected, String because, Object[] becauseArgs)
   at Appostolic.Api.Tests.Api.UserPasswordEndpointsTests.Change_password_rejects_invalid_current() in /Users/kevinmccreary/appostolic/apps/api.tests/Api/UserPasswordEndpointsTests.cs:line 54
--- End of stack trace from previous location ---</StackTrace>
        </ErrorInfo>
      </Output>
    </UnitTestResult>
    <UnitTestResult executionId="be415c8c-bb36-4be8-916a-1e2c8fcf78a4" testId="e74b4a4d-4fe0-004f-1c01-e9508924afd9" testName="Appostolic.Api.Tests.Api.AgentsEndpointsTests.Agents_Validation_Errors" computerName="mac" duration="00:00:00.1728065" startTime="2025-09-21T22:36:25.2173630-05:00" endTime="2025-09-21T22:36:25.2173630-05:00" testType="13cdc9d9-ddb5-4fa4-a97d-d965ccfc6d4b" outcome="Failed" testListId="8c84fa94-04c1-424b-9868-57a2d4851a1d" relativeResultsDirectory="be415c8c-bb36-4be8-916a-1e2c8fcf78a4">
      <Output>
        <ErrorInfo>
          <Message>Expected r1.StatusCode to be HttpStatusCode.BadRequest {value: 400}, but found HttpStatusCode.Unauthorized {value: 401}.</Message>
          <StackTrace>   at FluentAssertions.Execution.XUnit2TestFramework.Throw(String message)
   at FluentAssertions.Execution.TestFrameworkProvider.Throw(String message)
   at FluentAssertions.Execution.DefaultAssertionStrategy.HandleFailure(String message)
   at FluentAssertions.Execution.AssertionScope.FailWith(Func`1 failReasonFunc)
   at FluentAssertions.Execution.AssertionScope.FailWith(Func`1 failReasonFunc)
   at FluentAssertions.Execution.AssertionScope.FailWith(String message, Object[] args)
   at FluentAssertions.Primitives.EnumAssertions`2.Be(TEnum expected, String because, Object[] becauseArgs)
   at Appostolic.Api.Tests.Api.AgentsEndpointsTests.Agents_Validation_Errors() in /Users/kevinmccreary/appostolic/apps/api.tests/Api/AgentsEndpointsTests.cs:line 101
--- End of stack trace from previous location ---</StackTrace>
        </ErrorInfo>
      </Output>
    </UnitTestResult>
    <UnitTestResult executionId="1615ab7c-1d1e-4a52-9aab-7c68059a987b" testId="0f0c7731-d28a-bcbe-054f-641f024437ac" testName="Appostolic.Api.Tests.ModelMappingTests.AgentTask_Status_is_converted_as_string" computerName="mac" duration="00:00:00.0024586" startTime="2025-09-21T22:36:21.7674680-05:00" endTime="2025-09-21T22:36:21.7674690-05:00" testType="13cdc9d9-ddb5-4fa4-a97d-d965ccfc6d4b" outcome="Passed" testListId="8c84fa94-04c1-424b-9868-57a2d4851a1d" relativeResultsDirectory="1615ab7c-1d1e-4a52-9aab-7c68059a987b" />
    <UnitTestResult executionId="9f2ca194-0958-4944-9204-8edb4fe284e9" testId="1cde006b-fa5b-9bb3-7b8a-0a89c0448d58" testName="Appostolic.Api.Tests.Api.DevGrantRolesEndpointTests.Updates_existing_membership_roles_writes_audit" computerName="mac" duration="00:00:00.0020734" startTime="2025-09-21T22:36:37.0110590-05:00" endTime="2025-09-21T22:36:37.0110590-05:00" testType="13cdc9d9-ddb5-4fa4-a97d-d965ccfc6d4b" outcome="Failed" testListId="8c84fa94-04c1-424b-9868-57a2d4851a1d" relativeResultsDirectory="9f2ca194-0958-4944-9204-8edb4fe284e9">
      <Output>
        <ErrorInfo>
          <Message>System.Net.Http.HttpRequestException : Response status code does not indicate success: 401 (Unauthorized).</Message>
          <StackTrace>   at System.Net.Http.HttpResponseMessage.EnsureSuccessStatusCode()
   at Appostolic.Api.Tests.Api.DevGrantRolesEndpointTests.Updates_existing_membership_roles_writes_audit() in /Users/kevinmccreary/appostolic/apps/api.tests/Api/DevGrantRolesEndpointTests.cs:line 116
--- End of stack trace from previous location ---</StackTrace>
        </ErrorInfo>
      </Output>
    </UnitTestResult>
    <UnitTestResult executionId="c3c64a3c-92e7-42a7-b3b9-a5274f66dae5" testId="7bfc22d7-9c12-bb6d-b1ad-6ad8a8f51b4d" testName="Appostolic.Api.Tests.Api.InvitesAcceptTests.Accept_SignedIn_User_Matches_Invite_Creates_Membership" computerName="mac" duration="00:00:00.2003538" startTime="2025-09-21T22:36:23.7731410-05:00" endTime="2025-09-21T22:36:23.7731410-05:00" testType="13cdc9d9-ddb5-4fa4-a97d-d965ccfc6d4b" outcome="Failed" testListId="8c84fa94-04c1-424b-9868-57a2d4851a1d" relativeResultsDirectory="c3c64a3c-92e7-42a7-b3b9-a5274f66dae5">
      <Output>
        <ErrorInfo>
          <Message>Expected createResp.StatusCode to be HttpStatusCode.Created {value: 201}, but found HttpStatusCode.Unauthorized {value: 401}.</Message>
          <StackTrace>   at FluentAssertions.Execution.XUnit2TestFramework.Throw(String message)
   at FluentAssertions.Execution.TestFrameworkProvider.Throw(String message)
   at FluentAssertions.Execution.DefaultAssertionStrategy.HandleFailure(String message)
   at FluentAssertions.Execution.AssertionScope.FailWith(Func`1 failReasonFunc)
   at FluentAssertions.Execution.AssertionScope.FailWith(Func`1 failReasonFunc)
   at FluentAssertions.Execution.AssertionScope.FailWith(String message, Object[] args)
   at FluentAssertions.Primitives.EnumAssertions`2.Be(TEnum expected, String because, Object[] becauseArgs)
   at Appostolic.Api.Tests.Api.InvitesAcceptTests.Accept_SignedIn_User_Matches_Invite_Creates_Membership() in /Users/kevinmccreary/appostolic/apps/api.tests/Api/InvitesAcceptTests.cs:line 42
--- End of stack trace from previous location ---</StackTrace>
        </ErrorInfo>
      </Output>
    </UnitTestResult>
    <UnitTestResult executionId="cadd0321-269e-4829-9d3a-eaa0c586857c" testId="5404549b-a3b0-871f-9a8d-c5b5f387dff4" testName="Appostolic.Api.Tests.Api.UserProfileEndpointsTests.Get_me_returns_user_with_profile" computerName="mac" duration="00:00:00.0035685" startTime="2025-09-21T22:36:26.1103530-05:00" endTime="2025-09-21T22:36:26.1103530-05:00" testType="13cdc9d9-ddb5-4fa4-a97d-d965ccfc6d4b" outcome="Failed" testListId="8c84fa94-04c1-424b-9868-57a2d4851a1d" relativeResultsDirectory="cadd0321-269e-4829-9d3a-eaa0c586857c">
      <Output>
        <ErrorInfo>
          <Message>Expected resp.StatusCode to be HttpStatusCode.OK {value: 200}, but found HttpStatusCode.Unauthorized {value: 401}.</Message>
          <StackTrace>   at FluentAssertions.Execution.XUnit2TestFramework.Throw(String message)
   at FluentAssertions.Execution.TestFrameworkProvider.Throw(String message)
   at FluentAssertions.Execution.DefaultAssertionStrategy.HandleFailure(String message)
   at FluentAssertions.Execution.AssertionScope.FailWith(Func`1 failReasonFunc)
   at FluentAssertions.Execution.AssertionScope.FailWith(Func`1 failReasonFunc)
   at FluentAssertions.Execution.AssertionScope.FailWith(String message, Object[] args)
   at FluentAssertions.Primitives.EnumAssertions`2.Be(TEnum expected, String because, Object[] becauseArgs)
   at Appostolic.Api.Tests.Api.UserProfileEndpointsTests.Get_me_returns_user_with_profile() in /Users/kevinmccreary/appostolic/apps/api.tests/Api/UserProfileEndpointsTests.cs:line 26
--- End of stack trace from previous location ---</StackTrace>
        </ErrorInfo>
      </Output>
    </UnitTestResult>
    <UnitTestResult executionId="4710d243-6264-42f8-8ccd-715c76a32423" testId="c8cdac31-ad32-9a02-508c-02a988e5e017" testName="DbQueryToolTests.Reject_non_select" computerName="mac" duration="00:00:00.0002981" startTime="2025-09-21T22:36:23.0024860-05:00" endTime="2025-09-21T22:36:23.0024860-05:00" testType="13cdc9d9-ddb5-4fa4-a97d-d965ccfc6d4b" outcome="Passed" testListId="8c84fa94-04c1-424b-9868-57a2d4851a1d" relativeResultsDirectory="4710d243-6264-42f8-8ccd-715c76a32423" />
    <UnitTestResult executionId="679762bb-e0e1-4991-b5d7-13cd0c162fce" testId="f0e4d307-078d-a4e0-f168-b961578cd197" testName="Appostolic.Api.Tests.Security.RoleAuthorizationTests.CreatorPolicy_Denies_WhenNoMembership" computerName="mac" duration="00:00:00.0033225" startTime="2025-09-21T22:36:35.3107530-05:00" endTime="2025-09-21T22:36:35.3107530-05:00" testType="13cdc9d9-ddb5-4fa4-a97d-d965ccfc6d4b" outcome="Passed" testListId="8c84fa94-04c1-424b-9868-57a2d4851a1d" relativeResultsDirectory="679762bb-e0e1-4991-b5d7-13cd0c162fce" />
    <UnitTestResult executionId="36c857ad-a2bc-4ad2-9a74-16860d7e4512" testId="40e767b4-314a-d8ef-34b1-5c49d7ef55c4" testName="Appostolic.Api.Tests.Model.TokenEstimatorTests.EstimateTokens_Heuristic_CeilPer4Chars(text: &quot;&quot;, expected: 0)" computerName="mac" duration="00:00:00.0001409" startTime="2025-09-21T22:36:29.5716670-05:00" endTime="2025-09-21T22:36:29.5716670-05:00" testType="13cdc9d9-ddb5-4fa4-a97d-d965ccfc6d4b" outcome="Passed" testListId="8c84fa94-04c1-424b-9868-57a2d4851a1d" relativeResultsDirectory="36c857ad-a2bc-4ad2-9a74-16860d7e4512" />
    <UnitTestResult executionId="86f567ef-faa7-4003-9a50-b52603718192" testId="6af85923-8d05-0c62-0cc5-a5120df2d8e5" testName="Appostolic.Api.Tests.Api.AgentTasksEndpointsTests.List_Pending_ReturnsCreatedFirst" computerName="mac" duration="00:00:00.0034190" startTime="2025-09-21T22:36:22.9826530-05:00" endTime="2025-09-21T22:36:22.9826540-05:00" testType="13cdc9d9-ddb5-4fa4-a97d-d965ccfc6d4b" outcome="Failed" testListId="8c84fa94-04c1-424b-9868-57a2d4851a1d" relativeResultsDirectory="86f567ef-faa7-4003-9a50-b52603718192">
      <Output>
        <ErrorInfo>
          <Message>Expected resp.StatusCode to be HttpStatusCode.Created {value: 201}, but found HttpStatusCode.Unauthorized {value: 401}.</Message>
          <StackTrace>   at FluentAssertions.Execution.XUnit2TestFramework.Throw(String message)
   at FluentAssertions.Execution.TestFrameworkProvider.Throw(String message)
   at FluentAssertions.Execution.DefaultAssertionStrategy.HandleFailure(String message)
   at FluentAssertions.Execution.AssertionScope.FailWith(Func`1 failReasonFunc)
   at FluentAssertions.Execution.AssertionScope.FailWith(Func`1 failReasonFunc)
   at FluentAssertions.Execution.AssertionScope.FailWith(String message, Object[] args)
   at FluentAssertions.Primitives.EnumAssertions`2.Be(TEnum expected, String because, Object[] becauseArgs)
   at Appostolic.Api.Tests.Api.AgentTasksEndpointsTests.CreateTask_Returns201AndSummary() in /Users/kevinmccreary/appostolic/apps/api.tests/Api/AgentTasksEndpointsTests.cs:line 29
   at Appostolic.Api.Tests.Api.AgentTasksEndpointsTests.List_Pending_ReturnsCreatedFirst() in /Users/kevinmccreary/appostolic/apps/api.tests/Api/AgentTasksEndpointsTests.cs:line 57
--- End of stack trace from previous location ---</StackTrace>
        </ErrorInfo>
      </Output>
    </UnitTestResult>
    <UnitTestResult executionId="3ba1ca87-3a6c-42c9-83e2-0fb1e6ffaea9" testId="4f93dd2b-351a-bca6-2b8b-95fc20f20ddd" testName="Appostolic.Api.Tests.AgentTasks.AgentTasksListFilterPaginationTests.Paging_Returns_XTotalCount_And_DescOrdering" computerName="mac" duration="00:00:00.0084207" startTime="2025-09-21T22:36:22.3178040-05:00" endTime="2025-09-21T22:36:22.3178040-05:00" testType="13cdc9d9-ddb5-4fa4-a97d-d965ccfc6d4b" outcome="Failed" testListId="8c84fa94-04c1-424b-9868-57a2d4851a1d" relativeResultsDirectory="3ba1ca87-3a6c-42c9-83e2-0fb1e6ffaea9">
      <Output>
        <ErrorInfo>
          <Message>System.Net.Http.HttpRequestException : Response status code does not indicate success: 401 (Unauthorized).</Message>
          <StackTrace>   at System.Net.Http.HttpResponseMessage.EnsureSuccessStatusCode()
   at Appostolic.Api.Tests.AgentTasks.AgentTasksTestBase.CreateTaskAsync(Guid agentId, Object input, Nullable`1 enqueueDelayMs, Boolean suppressEnqueue) in /Users/kevinmccreary/appostolic/apps/api.tests/AgentTasks/AgentTasksTestBase.cs:line 89
   at Appostolic.Api.Tests.AgentTasks.AgentTasksListFilterPaginationTests.Paging_Returns_XTotalCount_And_DescOrdering() in /Users/kevinmccreary/appostolic/apps/api.tests/AgentTasks/AgentTasksListFilterPaginationTests.cs:line 16
--- End of stack trace from previous location ---</StackTrace>
        </ErrorInfo>
      </Output>
    </UnitTestResult>
    <UnitTestResult executionId="31633cee-27a3-4ab1-8366-e8feba4bae6c" testId="019214c2-5ff4-3fed-608d-44f050052b40" testName="Appostolic.Api.Tests.Api.AssignmentsApiTests.List_memberships_requires_admin_and_returns_roles" computerName="mac" duration="00:00:00.0022740" startTime="2025-09-21T22:36:47.2860220-05:00" endTime="2025-09-21T22:36:47.2860220-05:00" testType="13cdc9d9-ddb5-4fa4-a97d-d965ccfc6d4b" outcome="Failed" testListId="8c84fa94-04c1-424b-9868-57a2d4851a1d" relativeResultsDirectory="31633cee-27a3-4ab1-8366-e8feba4bae6c">
      <Output>
        <ErrorInfo>
          <Message>Expected ok.StatusCode to be HttpStatusCode.OK {value: 200}, but found HttpStatusCode.Unauthorized {value: 401}.</Message>
          <StackTrace>   at FluentAssertions.Execution.XUnit2TestFramework.Throw(String message)
   at FluentAssertions.Execution.TestFrameworkProvider.Throw(String message)
   at FluentAssertions.Execution.AssertionScope.FailWith(Func`1 failReasonFunc)
   at FluentAssertions.Primitives.EnumAssertions`2.Be(TEnum expected, String because, Object[] becauseArgs)
   at Appostolic.Api.Tests.Api.AssignmentsApiTests.List_memberships_requires_admin_and_returns_roles() in /Users/kevinmccreary/appostolic/apps/api.tests/Api/AssignmentsApiTests.cs:line 36
--- End of stack trace from previous location ---</StackTrace>
        </ErrorInfo>
      </Output>
    </UnitTestResult>
    <UnitTestResult executionId="5c9d7c81-bc75-4f3e-8dfd-984ee7a3a290" testId="de1a3f8c-fdc8-053c-df76-ab275a18af97" testName="Appostolic.Api.Tests.Security.RoleAuthorizationTests.ApplyRoleChange_Audits_WhenFlagsActuallyChange" computerName="mac" duration="00:00:00.0019204" startTime="2025-09-21T22:36:35.3126990-05:00" endTime="2025-09-21T22:36:35.3126990-05:00" testType="13cdc9d9-ddb5-4fa4-a97d-d965ccfc6d4b" outcome="Passed" testListId="8c84fa94-04c1-424b-9868-57a2d4851a1d" relativeResultsDirectory="5c9d7c81-bc75-4f3e-8dfd-984ee7a3a290" />
    <UnitTestResult executionId="c20b22d6-106b-43d5-ab79-7ee29e755237" testId="b973efc5-dbc0-83fe-9a29-a83b6705f73f" testName="Appostolic.Api.AuthTests.AuthTestClientTests.UseTenantAsync_AttachesTenantToken" computerName="mac" duration="00:00:00.0039217" startTime="2025-09-21T22:36:22.7137070-05:00" endTime="2025-09-21T22:36:22.7137070-05:00" testType="13cdc9d9-ddb5-4fa4-a97d-d965ccfc6d4b" outcome="Failed" testListId="8c84fa94-04c1-424b-9868-57a2d4851a1d" relativeResultsDirectory="c20b22d6-106b-43d5-ab79-7ee29e755237">
      <Output>
        <ErrorInfo>
          <Message>System.InvalidOperationException : Expected tenant token for slug 'kevin-personal' but helper returned null.</Message>
          <StackTrace>   at Appostolic.Api.AuthTests.AuthTestClient.UseTenantAsync(HttpClient client, String email, String tenantSlug) in /Users/kevinmccreary/appostolic/apps/api.tests/Auth/AuthTestClient.cs:line 34
   at Appostolic.Api.AuthTests.AuthTestClientTests.UseTenantAsync_AttachesTenantToken() in /Users/kevinmccreary/appostolic/apps/api.tests/Auth/AuthTestClientTests.cs:line 30
--- End of stack trace from previous location ---</StackTrace>
        </ErrorInfo>
      </Output>
    </UnitTestResult>
    <UnitTestResult executionId="40683495-d738-4381-8d8f-422356688a2e" testId="c64a9991-8173-cdf8-9198-d5935257f1a8" testName="Appostolic.Api.Tests.E2E.AgentTasksE2E_Concurrency.Worker_Processes_Many_Tasks_Reliably" computerName="mac" duration="00:00:00.3109728" startTime="2025-09-21T22:36:43.6618220-05:00" endTime="2025-09-21T22:36:43.6618220-05:00" testType="13cdc9d9-ddb5-4fa4-a97d-d965ccfc6d4b" outcome="Passed" testListId="8c84fa94-04c1-424b-9868-57a2d4851a1d" relativeResultsDirectory="40683495-d738-4381-8d8f-422356688a2e" />
    <UnitTestResult executionId="337b8dda-c7cd-4f3c-ba30-edf6aadde448" testId="21ae461c-c70e-da1d-6ae3-1fc6937d571a" testName="Appostolic.Api.Tests.Privacy.LoggingPIIScopeTests.PhoneScope_IncludesRedactedAndHash_WhenEnabled" computerName="mac" duration="00:00:00.0002820" startTime="2025-09-21T22:36:39.3881880-05:00" endTime="2025-09-21T22:36:39.3881880-05:00" testType="13cdc9d9-ddb5-4fa4-a97d-d965ccfc6d4b" outcome="Passed" testListId="8c84fa94-04c1-424b-9868-57a2d4851a1d" relativeResultsDirectory="337b8dda-c7cd-4f3c-ba30-edf6aadde448" />
    <UnitTestResult executionId="a32ecf77-f4fd-43d7-b62b-18f9de608382" testId="8f2edffb-b43d-5750-46cc-f6c9051abba5" testName="Appostolic.Api.AuthTests.LoginTests.Login_ValidCredentials_Returns200" computerName="mac" duration="00:00:00.2324416" startTime="2025-09-21T22:36:34.2414150-05:00" endTime="2025-09-21T22:36:34.2414150-05:00" testType="13cdc9d9-ddb5-4fa4-a97d-d965ccfc6d4b" outcome="Passed" testListId="8c84fa94-04c1-424b-9868-57a2d4851a1d" relativeResultsDirectory="a32ecf77-f4fd-43d7-b62b-18f9de608382" />
    <UnitTestResult executionId="06c47d69-e637-42ee-82ee-b7cb4b885dee" testId="4f12e680-b238-5f1e-d786-32a29acea93b" testName="Appostolic.Api.Tests.EmailProviderSelectionTests.Resolves_SendGrid_sender_when_provider_sendgrid" computerName="mac" duration="00:00:00.1032600" startTime="2025-09-21T22:36:47.7666850-05:00" endTime="2025-09-21T22:36:47.7666850-05:00" testType="13cdc9d9-ddb5-4fa4-a97d-d965ccfc6d4b" outcome="Passed" testListId="8c84fa94-04c1-424b-9868-57a2d4851a1d" relativeResultsDirectory="06c47d69-e637-42ee-82ee-b7cb4b885dee" />
    <UnitTestResult executionId="34bcbd2f-4e05-44e4-89c9-9319466faa24" testId="be1de379-3abe-1f02-3816-c02bcfed7529" testName="Appostolic.Api.Tests.Api.UserPasswordEndpointsTests.Change_password_succeeds_with_valid_current" computerName="mac" duration="00:00:00.1179465" startTime="2025-09-21T22:36:39.3849360-05:00" endTime="2025-09-21T22:36:39.3849360-05:00" testType="13cdc9d9-ddb5-4fa4-a97d-d965ccfc6d4b" outcome="Failed" testListId="8c84fa94-04c1-424b-9868-57a2d4851a1d" relativeResultsDirectory="34bcbd2f-4e05-44e4-89c9-9319466faa24">
      <Output>
        <ErrorInfo>
          <Message>Expected resp.StatusCode to be HttpStatusCode.NoContent {value: 204}, but found HttpStatusCode.Unauthorized {value: 401}.</Message>
          <StackTrace>   at FluentAssertions.Execution.XUnit2TestFramework.Throw(String message)
   at FluentAssertions.Execution.TestFrameworkProvider.Throw(String message)
   at FluentAssertions.Execution.AssertionScope.FailWith(Func`1 failReasonFunc)
   at FluentAssertions.Primitives.EnumAssertions`2.Be(TEnum expected, String because, Object[] becauseArgs)
   at Appostolic.Api.Tests.Api.UserPasswordEndpointsTests.Change_password_succeeds_with_valid_current() in /Users/kevinmccreary/appostolic/apps/api.tests/Api/UserPasswordEndpointsTests.cs:line 45
--- End of stack trace from previous location ---</StackTrace>
        </ErrorInfo>
      </Output>
    </UnitTestResult>
    <UnitTestResult executionId="760aec8b-7319-4208-b76e-a3d1e150fec3" testId="811026c2-41ce-4e18-121d-862774cd6272" testName="DbQueryToolTests.Select_lessons_where_id_param_object" computerName="mac" duration="00:00:00.0031807" startTime="2025-09-21T22:36:23.0021600-05:00" endTime="2025-09-21T22:36:23.0021600-05:00" testType="13cdc9d9-ddb5-4fa4-a97d-d965ccfc6d4b" outcome="Passed" testListId="8c84fa94-04c1-424b-9868-57a2d4851a1d" relativeResultsDirectory="760aec8b-7319-4208-b76e-a3d1e150fec3" />
    <UnitTestResult executionId="7cce8a83-3093-44de-bacc-9ed14d0775c0" testId="9e2bc8ee-63e7-247f-c2c7-e16759561a39" testName="Appostolic.Api.Tests.Api.TenantSettingsEndpointsTests.Upload_Logo_Rejects_Unsupported_Media_Type" computerName="mac" duration="00:00:00.0015823" startTime="2025-09-21T22:36:23.5677990-05:00" endTime="2025-09-21T22:36:23.5678000-05:00" testType="13cdc9d9-ddb5-4fa4-a97d-d965ccfc6d4b" outcome="Failed" testListId="8c84fa94-04c1-424b-9868-57a2d4851a1d" relativeResultsDirectory="7cce8a83-3093-44de-bacc-9ed14d0775c0">
      <Output>
        <ErrorInfo>
          <Message>Expected resp.StatusCode to be HttpStatusCode.UnsupportedMediaType {value: 415}, but found HttpStatusCode.Unauthorized {value: 401}.</Message>
          <StackTrace>   at FluentAssertions.Execution.XUnit2TestFramework.Throw(String message)
   at FluentAssertions.Execution.TestFrameworkProvider.Throw(String message)
   at FluentAssertions.Execution.DefaultAssertionStrategy.HandleFailure(String message)
   at FluentAssertions.Execution.AssertionScope.FailWith(Func`1 failReasonFunc)
   at FluentAssertions.Execution.AssertionScope.FailWith(Func`1 failReasonFunc)
   at FluentAssertions.Execution.AssertionScope.FailWith(String message, Object[] args)
   at FluentAssertions.Primitives.EnumAssertions`2.Be(TEnum expected, String because, Object[] becauseArgs)
   at Appostolic.Api.Tests.Api.TenantSettingsEndpointsTests.Upload_Logo_Rejects_Unsupported_Media_Type() in /Users/kevinmccreary/appostolic/apps/api.tests/Api/TenantSettingsEndpointsTests.cs:line 84
--- End of stack trace from previous location ---</StackTrace>
        </ErrorInfo>
      </Output>
    </UnitTestResult>
    <UnitTestResult executionId="909e9a6e-c71e-4155-bd28-0f41eb8cf244" testId="e4ef9dda-68e5-63b6-ccb6-0b8c602aab58" testName="Appostolic.Api.Tests.Notifications.AutoResendScannerTests.Skips_when_disabled" computerName="mac" duration="00:00:00.0015479" startTime="2025-09-21T22:36:29.4057250-05:00" endTime="2025-09-21T22:36:29.4057250-05:00" testType="13cdc9d9-ddb5-4fa4-a97d-d965ccfc6d4b" outcome="Passed" testListId="8c84fa94-04c1-424b-9868-57a2d4851a1d" relativeResultsDirectory="909e9a6e-c71e-4155-bd28-0f41eb8cf244" />
    <UnitTestResult executionId="3871757a-98b2-4e33-b4e9-d3720948590e" testId="c5bff5b6-ebf0-af02-169d-7b3aa82f66ca" testName="Appostolic.Api.AuthTests.AuthTestClientTests.UseNeutralAsync_SetsBearerHeader" computerName="mac" duration="00:00:00.0044312" startTime="2025-09-21T22:36:22.7178960-05:00" endTime="2025-09-21T22:36:22.7178970-05:00" testType="13cdc9d9-ddb5-4fa4-a97d-d965ccfc6d4b" outcome="Passed" testListId="8c84fa94-04c1-424b-9868-57a2d4851a1d" relativeResultsDirectory="3871757a-98b2-4e33-b4e9-d3720948590e" />
    <UnitTestResult executionId="d952fc47-09a2-4a79-9f51-2cfc4fd8e086" testId="0210a45e-88de-5f73-c8f5-588d89c200fa" testName="Appostolic.Api.Tests.Api.UserPasswordEndpointsTests.Change_password_rejects_weak_password" computerName="mac" duration="00:00:00.1178783" startTime="2025-09-21T22:36:39.2667660-05:00" endTime="2025-09-21T22:36:39.2667660-05:00" testType="13cdc9d9-ddb5-4fa4-a97d-d965ccfc6d4b" outcome="Failed" testListId="8c84fa94-04c1-424b-9868-57a2d4851a1d" relativeResultsDirectory="d952fc47-09a2-4a79-9f51-2cfc4fd8e086">
      <Output>
        <ErrorInfo>
          <Message>Expected resp.StatusCode to be HttpStatusCode.UnprocessableEntity {value: 422}, but found HttpStatusCode.Unauthorized {value: 401}.</Message>
          <StackTrace>   at FluentAssertions.Execution.XUnit2TestFramework.Throw(String message)
   at FluentAssertions.Execution.TestFrameworkProvider.Throw(String message)
   at FluentAssertions.Execution.AssertionScope.FailWith(Func`1 failReasonFunc)
   at FluentAssertions.Primitives.EnumAssertions`2.Be(TEnum expected, String because, Object[] becauseArgs)
   at Appostolic.Api.Tests.Api.UserPasswordEndpointsTests.Change_password_rejects_weak_password() in /Users/kevinmccreary/appostolic/apps/api.tests/Api/UserPasswordEndpointsTests.cs:line 63
--- End of stack trace from previous location ---</StackTrace>
        </ErrorInfo>
      </Output>
    </UnitTestResult>
    <UnitTestResult executionId="3691946f-2c7c-442e-b74f-c526635fded8" testId="61b122ca-f3a1-21e8-0492-e3c660390b05" testName="Appostolic.Api.Tests.EmailProviderSelectionTests.Resolves_Smtp_sender_when_provider_smtp" computerName="mac" duration="00:00:00.1080784" startTime="2025-09-21T22:36:47.6633960-05:00" endTime="2025-09-21T22:36:47.6633960-05:00" testType="13cdc9d9-ddb5-4fa4-a97d-d965ccfc6d4b" outcome="Passed" testListId="8c84fa94-04c1-424b-9868-57a2d4851a1d" relativeResultsDirectory="3691946f-2c7c-442e-b74f-c526635fded8" />
    <UnitTestResult executionId="617a5e65-c85d-4033-a2f5-389d77b607e0" testId="2c0e3ce9-5829-44ef-fbae-e96e2c0f5de9" testName="Appostolic.Api.Tests.Model.TokenEstimatorTests.EstimateTokens_Heuristic_CeilPer4Chars(text: &quot;abcdefgh&quot;, expected: 2)" computerName="mac" duration="00:00:00.0000697" startTime="2025-09-21T22:36:29.5717600-05:00" endTime="2025-09-21T22:36:29.5717600-05:00" testType="13cdc9d9-ddb5-4fa4-a97d-d965ccfc6d4b" outcome="Passed" testListId="8c84fa94-04c1-424b-9868-57a2d4851a1d" relativeResultsDirectory="617a5e65-c85d-4033-a2f5-389d77b607e0" />
    <UnitTestResult executionId="7dd0c50c-13a3-4cfb-bc40-43510ff6b92c" testId="1f65e069-4a6f-ccd5-bb6b-41fba0e75604" testName="Appostolic.Api.Tests.Api.NotificationsAdminEndpointsTests.Resend_metrics_emitted_for_manual_and_bulk" computerName="mac" duration="00:00:00.1475125" startTime="2025-09-21T22:36:40.1373030-05:00" endTime="2025-09-21T22:36:40.1373030-05:00" testType="13cdc9d9-ddb5-4fa4-a97d-d965ccfc6d4b" outcome="Failed" testListId="8c84fa94-04c1-424b-9868-57a2d4851a1d" relativeResultsDirectory="7dd0c50c-13a3-4cfb-bc40-43510ff6b92c">
      <Output>
        <ErrorInfo>
          <Message>Expected r1.StatusCode to be HttpStatusCode.Created {value: 201}, but found HttpStatusCode.InternalServerError {value: 500}.</Message>
          <StackTrace>   at FluentAssertions.Execution.XUnit2TestFramework.Throw(String message)
   at FluentAssertions.Execution.TestFrameworkProvider.Throw(String message)
   at FluentAssertions.Execution.AssertionScope.FailWith(Func`1 failReasonFunc)
   at FluentAssertions.Primitives.EnumAssertions`2.Be(TEnum expected, String because, Object[] becauseArgs)
   at Appostolic.Api.Tests.Api.NotificationsAdminEndpointsTests.Resend_metrics_emitted_for_manual_and_bulk() in /Users/kevinmccreary/appostolic/apps/api.tests/Api/NotificationsAdminEndpointsTests.cs:line 238
--- End of stack trace from previous location ---</StackTrace>
        </ErrorInfo>
      </Output>
    </UnitTestResult>
    <UnitTestResult executionId="a648f677-9b80-4324-961a-e16dce94672c" testId="57eb4321-b137-5017-063e-e3e669ff6aa8" testName="Appostolic.Api.Tests.E2E.NotificationsE2E_Mailhog.VerificationEmail_reaches_Mailhog_and_outbox_marks_Sent" computerName="mac" duration="00:00:00.1906786" startTime="2025-09-21T22:36:23.3919180-05:00" endTime="2025-09-21T22:36:23.3919190-05:00" testType="13cdc9d9-ddb5-4fa4-a97d-d965ccfc6d4b" outcome="Failed" testListId="8c84fa94-04c1-424b-9868-57a2d4851a1d" relativeResultsDirectory="a648f677-9b80-4324-961a-e16dce94672c">
      <Output>
        <ErrorInfo>
          <Message>System.Net.Http.HttpRequestException : Response status code does not indicate success: 500 (Internal Server Error).</Message>
          <StackTrace>   at System.Net.Http.HttpResponseMessage.EnsureSuccessStatusCode()
   at Appostolic.Api.Tests.E2E.NotificationsE2E_Mailhog.VerificationEmail_reaches_Mailhog_and_outbox_marks_Sent() in /Users/kevinmccreary/appostolic/apps/api.tests/E2E/NotificationsE2E_Mailhog.cs:line 105
--- End of stack trace from previous location ---</StackTrace>
        </ErrorInfo>
      </Output>
    </UnitTestResult>
    <UnitTestResult executionId="0cde9155-8d70-4f2e-abc5-816c95b41c1f" testId="897896ab-cee9-9ca5-ec01-253d0f0d6b3c" testName="Appostolic.Api.Tests.Api.DevGrantRolesEndpointTests.Grants_roles_to_new_user_and_membership" computerName="mac" duration="00:00:00.1601002" startTime="2025-09-21T22:36:36.9971710-05:00" endTime="2025-09-21T22:36:36.9971710-05:00" testType="13cdc9d9-ddb5-4fa4-a97d-d965ccfc6d4b" outcome="Failed" testListId="8c84fa94-04c1-424b-9868-57a2d4851a1d" relativeResultsDirectory="0cde9155-8d70-4f2e-abc5-816c95b41c1f">
      <Output>
        <ErrorInfo>
          <Message>Expected resp.StatusCode to be HttpStatusCode.OK {value: 200}, but found HttpStatusCode.Unauthorized {value: 401}.</Message>
          <StackTrace>   at FluentAssertions.Execution.XUnit2TestFramework.Throw(String message)
   at FluentAssertions.Execution.TestFrameworkProvider.Throw(String message)
   at FluentAssertions.Execution.AssertionScope.FailWith(Func`1 failReasonFunc)
   at FluentAssertions.Primitives.EnumAssertions`2.Be(TEnum expected, String because, Object[] becauseArgs)
   at Appostolic.Api.Tests.Api.DevGrantRolesEndpointTests.Grants_roles_to_new_user_and_membership() in /Users/kevinmccreary/appostolic/apps/api.tests/Api/DevGrantRolesEndpointTests.cs:line 37
--- End of stack trace from previous location ---</StackTrace>
        </ErrorInfo>
      </Output>
    </UnitTestResult>
    <UnitTestResult executionId="e27d5c49-f827-4ed7-8861-7427d6d73536" testId="40ebd0cf-bbbb-fdf7-f5ea-fbe8917da8c5" testName="Appostolic.Api.Tests.Auth.RefreshCookieHttpsTests.RefreshCookie_NotSecure_OverHttp" computerName="mac" duration="00:00:00.3901909" startTime="2025-09-21T22:36:29.0194530-05:00" endTime="2025-09-21T22:36:29.0194530-05:00" testType="13cdc9d9-ddb5-4fa4-a97d-d965ccfc6d4b" outcome="Passed" testListId="8c84fa94-04c1-424b-9868-57a2d4851a1d" relativeResultsDirectory="e27d5c49-f827-4ed7-8861-7427d6d73536" />
    <UnitTestResult executionId="3ca9fec8-c20a-4428-b1ba-2e8f109596a3" testId="12982ac4-b6b0-e458-3676-ece493490c27" testName="Appostolic.Api.Tests.Storage.S3ObjectStorageServiceTests.UploadAsync_UploadsWithPublicReadAndCacheControl_ReturnsPublicBaseUrl" computerName="mac" duration="00:00:00.0024600" startTime="2025-09-21T22:36:40.8399870-05:00" endTime="2025-09-21T22:36:40.8399880-05:00" testType="13cdc9d9-ddb5-4fa4-a97d-d965ccfc6d4b" outcome="Passed" testListId="8c84fa94-04c1-424b-9868-57a2d4851a1d" relativeResultsDirectory="3ca9fec8-c20a-4428-b1ba-2e8f109596a3" />
    <UnitTestResult executionId="e58db8f2-2c18-4cb1-8ff9-c9f7ab9f49bb" testId="aba3fbd3-bcbc-9249-c5c5-7eefeb58f8d5" testName="Appostolic.Api.Tests.Api.TenantSettingsEndpointsTests.Delete_Logo_Removes_Metadata" computerName="mac" duration="00:00:00.0029626" startTime="2025-09-21T22:36:23.5660760-05:00" endTime="2025-09-21T22:36:23.5660760-05:00" testType="13cdc9d9-ddb5-4fa4-a97d-d965ccfc6d4b" outcome="Failed" testListId="8c84fa94-04c1-424b-9868-57a2d4851a1d" relativeResultsDirectory="e58db8f2-2c18-4cb1-8ff9-c9f7ab9f49bb">
      <Output>
        <ErrorInfo>
          <Message>Expected uploadResp.StatusCode to be HttpStatusCode.OK {value: 200}, but found HttpStatusCode.Unauthorized {value: 401}.</Message>
          <StackTrace>   at FluentAssertions.Execution.XUnit2TestFramework.Throw(String message)
   at FluentAssertions.Execution.TestFrameworkProvider.Throw(String message)
   at FluentAssertions.Execution.DefaultAssertionStrategy.HandleFailure(String message)
   at FluentAssertions.Execution.AssertionScope.FailWith(Func`1 failReasonFunc)
   at FluentAssertions.Execution.AssertionScope.FailWith(Func`1 failReasonFunc)
   at FluentAssertions.Execution.AssertionScope.FailWith(String message, Object[] args)
   at FluentAssertions.Primitives.EnumAssertions`2.Be(TEnum expected, String because, Object[] becauseArgs)
   at Appostolic.Api.Tests.Api.TenantSettingsEndpointsTests.Delete_Logo_Removes_Metadata() in /Users/kevinmccreary/appostolic/apps/api.tests/Api/TenantSettingsEndpointsTests.cs:line 112
--- End of stack trace from previous location ---</StackTrace>
        </ErrorInfo>
      </Output>
    </UnitTestResult>
    <UnitTestResult executionId="62b2661b-65ed-44b1-9141-42718533e582" testId="ec039bf7-f831-a8e3-834c-89707ff2f6d2" testName="Appostolic.Api.Tests.NotificationEnqueuerTests.QueueVerification_uses_relative_when_base_missing" computerName="mac" duration="00:00:00.0024957" startTime="2025-09-21T22:36:47.5289110-05:00" endTime="2025-09-21T22:36:47.5289110-05:00" testType="13cdc9d9-ddb5-4fa4-a97d-d965ccfc6d4b" outcome="Passed" testListId="8c84fa94-04c1-424b-9868-57a2d4851a1d" relativeResultsDirectory="62b2661b-65ed-44b1-9141-42718533e582" />
    <UnitTestResult executionId="7d8af36d-4495-40a5-8ccc-c77e39d7014c" testId="c643053b-60cb-940b-5d09-78107183b82f" testName="Appostolic.Api.Tests.Api.UserAvatarEndpointsTests.UploadAvatar_TransparentLogo_PreservesDimensions_Webp" computerName="mac" duration="00:00:00.0028148" startTime="2025-09-21T22:36:33.8602760-05:00" endTime="2025-09-21T22:36:33.8602760-05:00" testType="13cdc9d9-ddb5-4fa4-a97d-d965ccfc6d4b" outcome="Failed" testListId="8c84fa94-04c1-424b-9868-57a2d4851a1d" relativeResultsDirectory="7d8af36d-4495-40a5-8ccc-c77e39d7014c">
      <Output>
        <ErrorInfo>
          <Message>Expected res.StatusCode to be HttpStatusCode.OK {value: 200}, but found HttpStatusCode.Unauthorized {value: 401}.</Message>
          <StackTrace>   at FluentAssertions.Execution.XUnit2TestFramework.Throw(String message)
   at FluentAssertions.Execution.TestFrameworkProvider.Throw(String message)
   at FluentAssertions.Execution.AssertionScope.FailWith(Func`1 failReasonFunc)
   at FluentAssertions.Execution.AssertionScope.FailWith(String message, Object[] args)
   at FluentAssertions.Primitives.EnumAssertions`2.Be(TEnum expected, String because, Object[] becauseArgs)
   at Appostolic.Api.Tests.Api.UserAvatarEndpointsTests.UploadAvatar_TransparentLogo_PreservesDimensions_Webp() in /Users/kevinmccreary/appostolic/apps/api.tests/Api/UserAvatarEndpointsTests.cs:line 157
--- End of stack trace from previous location ---</StackTrace>
        </ErrorInfo>
      </Output>
    </UnitTestResult>
    <UnitTestResult executionId="5914838b-3fd2-4a81-94a7-40d2a41b45b8" testId="5ad39d2c-d77f-b72d-621d-dc03058b3c06" testName="Appostolic.Api.Tests.Notifications.MagicLinkEmailTests.Renders_MagicLink_Snapshots_With_Link" computerName="mac" duration="00:00:00.0334942" startTime="2025-09-21T22:36:26.8315560-05:00" endTime="2025-09-21T22:36:26.8315560-05:00" testType="13cdc9d9-ddb5-4fa4-a97d-d965ccfc6d4b" outcome="Passed" testListId="8c84fa94-04c1-424b-9868-57a2d4851a1d" relativeResultsDirectory="5914838b-3fd2-4a81-94a7-40d2a41b45b8" />
    <UnitTestResult executionId="1f73d22c-f2d2-4e06-891d-f91626bda606" testId="66792d28-b742-2184-22b7-0db1029dfc14" testName="Appostolic.Api.AuthTests.TestTokenFactoryTests.MintTenantToken_FlagDisabled_ReturnsNotFound" computerName="mac" duration="00:00:00.1722349" startTime="2025-09-21T22:36:24.1290890-05:00" endTime="2025-09-21T22:36:24.1290890-05:00" testType="13cdc9d9-ddb5-4fa4-a97d-d965ccfc6d4b" outcome="Passed" testListId="8c84fa94-04c1-424b-9868-57a2d4851a1d" relativeResultsDirectory="1f73d22c-f2d2-4e06-891d-f91626bda606" />
    <UnitTestResult executionId="0b330f28-5888-407e-adab-55708201ac5f" testId="8c322062-c901-cc6c-6cc7-399543893d6b" testName="Appostolic.Api.Tests.Privacy.PIIHasherTests.HashEmail_Differs_WithDifferentPepper" computerName="mac" duration="00:00:00.0000478" startTime="2025-09-21T22:36:40.8344260-05:00" endTime="2025-09-21T22:36:40.8344260-05:00" testType="13cdc9d9-ddb5-4fa4-a97d-d965ccfc6d4b" outcome="Passed" testListId="8c84fa94-04c1-424b-9868-57a2d4851a1d" relativeResultsDirectory="0b330f28-5888-407e-adab-55708201ac5f" />
    <UnitTestResult executionId="cc276aff-c8f9-435f-8c1c-442ef812f007" testId="8a436d67-15f2-8a6f-b3c8-3df7d72a7066" testName="Appostolic.Api.Tests.E2E.AgentTasksE2E_Allowlist.Allowlist_Denied_Tool_Produces_Failed_Task_With_Error_Trace" computerName="mac" duration="00:00:00.2805482" startTime="2025-09-21T22:36:35.6003190-05:00" endTime="2025-09-21T22:36:35.6003190-05:00" testType="13cdc9d9-ddb5-4fa4-a97d-d965ccfc6d4b" outcome="Passed" testListId="8c84fa94-04c1-424b-9868-57a2d4851a1d" relativeResultsDirectory="cc276aff-c8f9-435f-8c1c-442ef812f007" />
    <UnitTestResult executionId="a3166aec-43ae-4e1c-8fc8-2488952d9179" testId="d8682838-1d38-dd8e-6c89-ae1bda81fecb" testName="Appostolic.Api.Tests.Api.MembersListTests.Owner_can_list_members" computerName="mac" duration="00:00:00.0041369" startTime="2025-09-21T22:36:43.8229540-05:00" endTime="2025-09-21T22:36:43.8229540-05:00" testType="13cdc9d9-ddb5-4fa4-a97d-d965ccfc6d4b" outcome="Failed" testListId="8c84fa94-04c1-424b-9868-57a2d4851a1d" relativeResultsDirectory="a3166aec-43ae-4e1c-8fc8-2488952d9179">
      <Output>
        <ErrorInfo>
          <Message>Expected resp.StatusCode to be HttpStatusCode.OK {value: 200}, but found HttpStatusCode.Unauthorized {value: 401}.</Message>
          <StackTrace>   at FluentAssertions.Execution.XUnit2TestFramework.Throw(String message)
   at FluentAssertions.Execution.TestFrameworkProvider.Throw(String message)
   at FluentAssertions.Execution.AssertionScope.FailWith(Func`1 failReasonFunc)
   at FluentAssertions.Primitives.EnumAssertions`2.Be(TEnum expected, String because, Object[] becauseArgs)
   at Appostolic.Api.Tests.Api.MembersListTests.Owner_can_list_members() in /Users/kevinmccreary/appostolic/apps/api.tests/Api/MembersListTests.cs:line 36
--- End of stack trace from previous location ---</StackTrace>
        </ErrorInfo>
      </Output>
    </UnitTestResult>
    <UnitTestResult executionId="8559aa35-1095-46cb-b7af-e467a92d8030" testId="f29c304c-de8d-5b22-7419-b529648ccc86" testName="Appostolic.Api.Tests.Auth.RefreshEndpointTests.Refresh_Succeeds_With_Cookie_Rotation" computerName="mac" duration="00:00:00.6996313" startTime="2025-09-21T22:36:42.1493800-05:00" endTime="2025-09-21T22:36:42.1493800-05:00" testType="13cdc9d9-ddb5-4fa4-a97d-d965ccfc6d4b" outcome="Passed" testListId="8c84fa94-04c1-424b-9868-57a2d4851a1d" relativeResultsDirectory="8559aa35-1095-46cb-b7af-e467a92d8030" />
    <UnitTestResult executionId="93435847-a906-4f05-9e4b-9dec868afa97" testId="3946d5e6-354d-0b10-e6eb-595cda5f42bd" testName="Appostolic.Api.Tests.Api.FlagsIntegrityTests.No_membership_has_zero_roles_bitmask" computerName="mac" duration="00:00:00.1435585" startTime="2025-09-21T22:36:36.6856060-05:00" endTime="2025-09-21T22:36:36.6856060-05:00" testType="13cdc9d9-ddb5-4fa4-a97d-d965ccfc6d4b" outcome="Passed" testListId="8c84fa94-04c1-424b-9868-57a2d4851a1d" relativeResultsDirectory="93435847-a906-4f05-9e4b-9dec868afa97" />
    <UnitTestResult executionId="cd5016b0-70a9-4a0a-9edb-f7271434740a" testId="f53587d7-cc90-0182-8a77-44034bb01e5e" testName="Appostolic.Api.Tests.ModelMappingTests.Agent_indexes_are_configured_in_model" computerName="mac" duration="00:00:00.0002932" startTime="2025-09-21T22:36:21.8200670-05:00" endTime="2025-09-21T22:36:21.8200670-05:00" testType="13cdc9d9-ddb5-4fa4-a97d-d965ccfc6d4b" outcome="Passed" testListId="8c84fa94-04c1-424b-9868-57a2d4851a1d" relativeResultsDirectory="cd5016b0-70a9-4a0a-9edb-f7271434740a" />
    <UnitTestResult executionId="8e8da09c-e30d-4ca5-a193-2aa09a5c21e6" testId="2e294ae5-fc9b-2692-1d65-f4ebb89ab5ef" testName="Appostolic.Api.Tests.Api.NotificationsAdminEndpointsTests.Dlq_replay_requeues_and_publishes_ids" computerName="mac" duration="00:00:00.1546585" startTime="2025-09-21T22:36:39.5437840-05:00" endTime="2025-09-21T22:36:39.5437840-05:00" testType="13cdc9d9-ddb5-4fa4-a97d-d965ccfc6d4b" outcome="Failed" testListId="8c84fa94-04c1-424b-9868-57a2d4851a1d" relativeResultsDirectory="8e8da09c-e30d-4ca5-a193-2aa09a5c21e6">
      <Output>
        <ErrorInfo>
          <Message>Expected resp.StatusCode to be HttpStatusCode.OK {value: 200}, but found HttpStatusCode.InternalServerError {value: 500}.</Message>
          <StackTrace>   at FluentAssertions.Execution.XUnit2TestFramework.Throw(String message)
   at FluentAssertions.Execution.TestFrameworkProvider.Throw(String message)
   at FluentAssertions.Execution.AssertionScope.FailWith(Func`1 failReasonFunc)
   at FluentAssertions.Primitives.EnumAssertions`2.Be(TEnum expected, String because, Object[] becauseArgs)
   at Appostolic.Api.Tests.Api.NotificationsAdminEndpointsTests.Dlq_replay_requeues_and_publishes_ids() in /Users/kevinmccreary/appostolic/apps/api.tests/Api/NotificationsAdminEndpointsTests.cs:line 308
--- End of stack trace from previous location ---</StackTrace>
        </ErrorInfo>
      </Output>
    </UnitTestResult>
    <UnitTestResult executionId="28751bcf-ac7e-4962-84ce-55f37d378cc9" testId="e7a0570b-32c5-3b4e-7767-9ca541c22b6e" testName="Appostolic.Api.Tests.Privacy.LoggingPIIScopeTests.PhoneScope_OnlyRedacted_WhenDisabled" computerName="mac" duration="00:00:00.0026675" startTime="2025-09-21T22:36:39.3878930-05:00" endTime="2025-09-21T22:36:39.3878930-05:00" testType="13cdc9d9-ddb5-4fa4-a97d-d965ccfc6d4b" outcome="Passed" testListId="8c84fa94-04c1-424b-9868-57a2d4851a1d" relativeResultsDirectory="28751bcf-ac7e-4962-84ce-55f37d378cc9" />
    <UnitTestResult executionId="6bb4710b-8211-4cc4-85bf-9fefca9783b5" testId="7e0d251c-aca1-3165-2651-f2996ab661b8" testName="DbQueryToolTests.Select_users_all_rows" computerName="mac" duration="00:00:00.0045224" startTime="2025-09-21T22:36:22.9989010-05:00" endTime="2025-09-21T22:36:22.9989010-05:00" testType="13cdc9d9-ddb5-4fa4-a97d-d965ccfc6d4b" outcome="Passed" testListId="8c84fa94-04c1-424b-9868-57a2d4851a1d" relativeResultsDirectory="6bb4710b-8211-4cc4-85bf-9fefca9783b5" />
    <UnitTestResult executionId="0d211434-22d9-4f7d-825c-0bb7f17baee2" testId="b3de0f6b-2ac2-0bee-ef58-144a8741a412" testName="Appostolic.Api.Tests.Privacy.PIIHasherTests.HashPhone_NormalizesDigits" computerName="mac" duration="00:00:00.0002242" startTime="2025-09-21T22:36:40.8334160-05:00" endTime="2025-09-21T22:36:40.8334160-05:00" testType="13cdc9d9-ddb5-4fa4-a97d-d965ccfc6d4b" outcome="Passed" testListId="8c84fa94-04c1-424b-9868-57a2d4851a1d" relativeResultsDirectory="0d211434-22d9-4f7d-825c-0bb7f17baee2" />
    <UnitTestResult executionId="85359dbb-8f8e-4383-9ad4-bc1d36ec1edc" testId="7c574249-6de4-087c-ac92-00dedf541e78" testName="Appostolic.Api.Tests.Api.NotificationsProdEndpointsTests.Tenant_owner_can_list_and_retry_within_tenant" computerName="mac" duration="00:00:00.1631122" startTime="2025-09-21T22:36:25.7558290-05:00" endTime="2025-09-21T22:36:25.7558290-05:00" testType="13cdc9d9-ddb5-4fa4-a97d-d965ccfc6d4b" outcome="Failed" testListId="8c84fa94-04c1-424b-9868-57a2d4851a1d" relativeResultsDirectory="85359dbb-8f8e-4383-9ad4-bc1d36ec1edc">
      <Output>
        <ErrorInfo>
          <Message>Expected listResp.StatusCode to be HttpStatusCode.OK {value: 200}, but found HttpStatusCode.InternalServerError {value: 500}.</Message>
          <StackTrace>   at FluentAssertions.Execution.XUnit2TestFramework.Throw(String message)
   at FluentAssertions.Execution.TestFrameworkProvider.Throw(String message)
   at FluentAssertions.Execution.DefaultAssertionStrategy.HandleFailure(String message)
   at FluentAssertions.Execution.AssertionScope.FailWith(Func`1 failReasonFunc)
   at FluentAssertions.Execution.AssertionScope.FailWith(Func`1 failReasonFunc)
   at FluentAssertions.Execution.AssertionScope.FailWith(String message, Object[] args)
   at FluentAssertions.Primitives.EnumAssertions`2.Be(TEnum expected, String because, Object[] becauseArgs)
   at Appostolic.Api.Tests.Api.NotificationsProdEndpointsTests.Tenant_owner_can_list_and_retry_within_tenant() in /Users/kevinmccreary/appostolic/apps/api.tests/Api/NotificationsProdEndpointsTests.cs:line 41
--- End of stack trace from previous location ---</StackTrace>
        </ErrorInfo>
      </Output>
    </UnitTestResult>
    <UnitTestResult executionId="7cfbeefe-a9d9-411d-982b-659c1874ae9a" testId="46709c0e-39a7-32eb-a6b2-6f7ada21050d" testName="Appostolic.Api.Tests.Api.TenantSettingsEndpointsTests.Upload_Logo_Succeeds_And_Stores_Metadata" computerName="mac" duration="00:00:00.1649029" startTime="2025-09-21T22:36:23.5573710-05:00" endTime="2025-09-21T22:36:23.5573710-05:00" testType="13cdc9d9-ddb5-4fa4-a97d-d965ccfc6d4b" outcome="Failed" testListId="8c84fa94-04c1-424b-9868-57a2d4851a1d" relativeResultsDirectory="7cfbeefe-a9d9-411d-982b-659c1874ae9a">
      <Output>
        <ErrorInfo>
          <Message>Expected resp.StatusCode to be HttpStatusCode.OK {value: 200}, but found HttpStatusCode.Unauthorized {value: 401}.</Message>
          <StackTrace>   at FluentAssertions.Execution.XUnit2TestFramework.Throw(String message)
   at FluentAssertions.Execution.TestFrameworkProvider.Throw(String message)
   at FluentAssertions.Execution.DefaultAssertionStrategy.HandleFailure(String message)
   at FluentAssertions.Execution.AssertionScope.FailWith(Func`1 failReasonFunc)
   at FluentAssertions.Execution.AssertionScope.FailWith(Func`1 failReasonFunc)
   at FluentAssertions.Execution.AssertionScope.FailWith(String message, Object[] args)
   at FluentAssertions.Primitives.EnumAssertions`2.Be(TEnum expected, String because, Object[] becauseArgs)
   at Appostolic.Api.Tests.Api.TenantSettingsEndpointsTests.Upload_Logo_Succeeds_And_Stores_Metadata() in /Users/kevinmccreary/appostolic/apps/api.tests/Api/TenantSettingsEndpointsTests.cs:line 65
--- End of stack trace from previous location ---</StackTrace>
        </ErrorInfo>
      </Output>
    </UnitTestResult>
    <UnitTestResult executionId="3bc3f599-cb13-488b-87d3-3b9c76d0f552" testId="214b8407-591b-5f7a-aa16-7961a8df13e5" testName="Appostolic.Api.Tests.Api.MembersListTests.Unauthenticated_request_returns_401_or_403" computerName="mac" duration="00:00:00.0026162" startTime="2025-09-21T22:36:43.8255990-05:00" endTime="2025-09-21T22:36:43.8255990-05:00" testType="13cdc9d9-ddb5-4fa4-a97d-d965ccfc6d4b" outcome="Passed" testListId="8c84fa94-04c1-424b-9868-57a2d4851a1d" relativeResultsDirectory="3bc3f599-cb13-488b-87d3-3b9c76d0f552" />
    <UnitTestResult executionId="5c12e740-3518-4a95-a778-2ebf931e9bac" testId="15c612de-362f-873c-6b3e-94b2c6bfd929" testName="Appostolic.Api.AuthTests.LoginTenantSelectionTests.Login_MultiMembership_NoTenantParam_HasNoTenantToken" computerName="mac" duration="00:00:00.2571319" startTime="2025-09-21T22:36:38.2462790-05:00" endTime="2025-09-21T22:36:38.2462790-05:00" testType="13cdc9d9-ddb5-4fa4-a97d-d965ccfc6d4b" outcome="Passed" testListId="8c84fa94-04c1-424b-9868-57a2d4851a1d" relativeResultsDirectory="5c12e740-3518-4a95-a778-2ebf931e9bac" />
    <UnitTestResult executionId="d1350d05-bab3-49d1-9b64-f9978833a3b6" testId="689d43e4-6cb5-4009-1ac6-7e50bf4ccc94" testName="Appostolic.Api.Tests.Api.UserAvatarEndpointsTests.UploadAvatar_Succeeds_WithPngUnder2MB" computerName="mac" duration="00:00:00.0027942" startTime="2025-09-21T22:36:33.8161910-05:00" endTime="2025-09-21T22:36:33.8161910-05:00" testType="13cdc9d9-ddb5-4fa4-a97d-d965ccfc6d4b" outcome="Failed" testListId="8c84fa94-04c1-424b-9868-57a2d4851a1d" relativeResultsDirectory="d1350d05-bab3-49d1-9b64-f9978833a3b6">
      <Output>
        <ErrorInfo>
          <Message>Expected res.StatusCode to be HttpStatusCode.OK {value: 200}, but found HttpStatusCode.Unauthorized {value: 401}.</Message>
          <StackTrace>   at FluentAssertions.Execution.XUnit2TestFramework.Throw(String message)
   at FluentAssertions.Execution.TestFrameworkProvider.Throw(String message)
   at FluentAssertions.Execution.AssertionScope.FailWith(Func`1 failReasonFunc)
   at FluentAssertions.Execution.AssertionScope.FailWith(String message, Object[] args)
   at FluentAssertions.Primitives.EnumAssertions`2.Be(TEnum expected, String because, Object[] becauseArgs)
   at Appostolic.Api.Tests.Api.UserAvatarEndpointsTests.UploadAvatar_Succeeds_WithPngUnder2MB() in /Users/kevinmccreary/appostolic/apps/api.tests/Api/UserAvatarEndpointsTests.cs:line 41
--- End of stack trace from previous location ---</StackTrace>
        </ErrorInfo>
      </Output>
    </UnitTestResult>
    <UnitTestResult executionId="90ff804f-acec-4a6b-8bba-12dd6686dba1" testId="d9d051a9-d261-1011-dbde-e42b30d539a9" testName="Appostolic.Api.Tests.Orchestrator.AgentOrchestratorTests.ToolMissing_FailsWithToolNotFound" computerName="mac" duration="00:00:00.0010520" startTime="2025-09-21T22:36:47.1136140-05:00" endTime="2025-09-21T22:36:47.1136140-05:00" testType="13cdc9d9-ddb5-4fa4-a97d-d965ccfc6d4b" outcome="Passed" testListId="8c84fa94-04c1-424b-9868-57a2d4851a1d" relativeResultsDirectory="90ff804f-acec-4a6b-8bba-12dd6686dba1" />
    <UnitTestResult executionId="1b067584-78d2-43a1-9604-57130fbabe9b" testId="9b729b7e-a306-20a1-7040-eda547fe8bec" testName="Appostolic.Api.Tests.E2E.AgentTasksE2E_HappyPath.EndToEnd_CreatesTask_RunsToSuccess_TracesAndTokensPresent" computerName="mac" duration="00:00:00.2682810" startTime="2025-09-21T22:36:46.8101810-05:00" endTime="2025-09-21T22:36:46.8101810-05:00" testType="13cdc9d9-ddb5-4fa4-a97d-d965ccfc6d4b" outcome="Passed" testListId="8c84fa94-04c1-424b-9868-57a2d4851a1d" relativeResultsDirectory="1b067584-78d2-43a1-9604-57130fbabe9b" />
    <UnitTestResult executionId="40c469cb-9465-4ff1-814e-c371e257a5f6" testId="67c9746f-1f57-937b-6598-3968df73012b" testName="Appostolic.Api.Tests.Api.DevGrantRolesEndpointTests.Updates_existing_membership_roles" computerName="mac" duration="00:00:00.0064328" startTime="2025-09-21T22:36:37.0087390-05:00" endTime="2025-09-21T22:36:37.0087390-05:00" testType="13cdc9d9-ddb5-4fa4-a97d-d965ccfc6d4b" outcome="Failed" testListId="8c84fa94-04c1-424b-9868-57a2d4851a1d" relativeResultsDirectory="40c469cb-9465-4ff1-814e-c371e257a5f6">
      <Output>
        <ErrorInfo>
          <Message>Expected resp.StatusCode to be HttpStatusCode.OK {value: 200}, but found HttpStatusCode.Unauthorized {value: 401}.</Message>
          <StackTrace>   at FluentAssertions.Execution.XUnit2TestFramework.Throw(String message)
   at FluentAssertions.Execution.TestFrameworkProvider.Throw(String message)
   at FluentAssertions.Execution.AssertionScope.FailWith(Func`1 failReasonFunc)
   at FluentAssertions.Primitives.EnumAssertions`2.Be(TEnum expected, String because, Object[] becauseArgs)
   at Appostolic.Api.Tests.Api.DevGrantRolesEndpointTests.Updates_existing_membership_roles() in /Users/kevinmccreary/appostolic/apps/api.tests/Api/DevGrantRolesEndpointTests.cs:line 82
--- End of stack trace from previous location ---</StackTrace>
        </ErrorInfo>
      </Output>
    </UnitTestResult>
    <UnitTestResult executionId="c2ca1413-d43f-48f0-b589-1ee7f753f61c" testId="ad4c69db-d5c6-f4c3-9052-619bff8dd14e" testName="Appostolic.Api.Tests.Privacy.PIIRedactorTests.RedactPhone_Works(input: &quot;1234&quot;, expected: &quot;***1234&quot;)" computerName="mac" duration="00:00:00.0000519" startTime="2025-09-21T22:36:34.7220030-05:00" endTime="2025-09-21T22:36:34.7220030-05:00" testType="13cdc9d9-ddb5-4fa4-a97d-d965ccfc6d4b" outcome="Passed" testListId="8c84fa94-04c1-424b-9868-57a2d4851a1d" relativeResultsDirectory="c2ca1413-d43f-48f0-b589-1ee7f753f61c" />
    <UnitTestResult executionId="70b81884-b254-458a-8b51-62bb2b2cc0be" testId="21127838-ea89-b283-653a-0b46d8acc590" testName="Appostolic.Api.Tests.EmailDedupeTests.Dedupe_suppresses_duplicate_messages" computerName="mac" duration="00:00:00.3033184" startTime="2025-09-21T22:36:22.1234340-05:00" endTime="2025-09-21T22:36:22.1234340-05:00" testType="13cdc9d9-ddb5-4fa4-a97d-d965ccfc6d4b" outcome="Passed" testListId="8c84fa94-04c1-424b-9868-57a2d4851a1d" relativeResultsDirectory="70b81884-b254-458a-8b51-62bb2b2cc0be" />
    <UnitTestResult executionId="8935bb84-78a8-4336-97bf-ac6b0abe2de5" testId="4e1ca1b4-b9b1-5960-9cb6-b80a113ec54d" testName="Appostolic.Api.Tests.Auth.RefreshEndpointTests.Refresh_Fails_When_Token_Expired" computerName="mac" duration="00:00:00.2612063" startTime="2025-09-21T22:36:43.3502720-05:00" endTime="2025-09-21T22:36:43.3502720-05:00" testType="13cdc9d9-ddb5-4fa4-a97d-d965ccfc6d4b" outcome="Passed" testListId="8c84fa94-04c1-424b-9868-57a2d4851a1d" relativeResultsDirectory="8935bb84-78a8-4336-97bf-ac6b0abe2de5" />
    <UnitTestResult executionId="efc65d38-f211-41f1-a9ee-4035d821cc38" testId="e7581818-0663-f767-821c-25fbea112d88" testName="Appostolic.Api.Tests.Privacy.PIIHasherTests.HashPhone_Differs_WithDifferentPepper" computerName="mac" duration="00:00:00.0009192" startTime="2025-09-21T22:36:40.8343750-05:00" endTime="2025-09-21T22:36:40.8343750-05:00" testType="13cdc9d9-ddb5-4fa4-a97d-d965ccfc6d4b" outcome="Passed" testListId="8c84fa94-04c1-424b-9868-57a2d4851a1d" relativeResultsDirectory="efc65d38-f211-41f1-a9ee-4035d821cc38" />
    <UnitTestResult executionId="fdb1ea89-9956-4306-94d5-27c832ed4460" testId="ed8d7d20-a6f1-0500-d78a-14c17a721b87" testName="Appostolic.Api.Tests.AgentOrchestratorTests.MaxStepsExceeded_FailsAfterCap" computerName="mac" duration="00:00:00.0009961" startTime="2025-09-21T22:36:47.5367160-05:00" endTime="2025-09-21T22:36:47.5367160-05:00" testType="13cdc9d9-ddb5-4fa4-a97d-d965ccfc6d4b" outcome="Passed" testListId="8c84fa94-04c1-424b-9868-57a2d4851a1d" relativeResultsDirectory="fdb1ea89-9956-4306-94d5-27c832ed4460" />
    <UnitTestResult executionId="e9bc1f30-3bdb-4688-9a00-3a78eb09b7a2" testId="f3139bd5-165e-b0d0-2da0-a0210810049e" testName="Appostolic.Api.Tests.Api.AuthPasswordFlowsTests.ResetPassword_WithInvalidToken_ReturnsBadRequest" computerName="mac" duration="00:00:00.1541490" startTime="2025-09-21T22:36:46.1857580-05:00" endTime="2025-09-21T22:36:46.1857580-05:00" testType="13cdc9d9-ddb5-4fa4-a97d-d965ccfc6d4b" outcome="Passed" testListId="8c84fa94-04c1-424b-9868-57a2d4851a1d" relativeResultsDirectory="e9bc1f30-3bdb-4688-9a00-3a78eb09b7a2" />
    <UnitTestResult executionId="44ea17ab-20e9-47eb-815c-8c3342e60d5e" testId="515d6282-fd19-872e-c191-d3eda2049a23" testName="Appostolic.Api.Tests.Api.AuthPasswordFlowsTests.ForgotPassword_AcceptsAndStoresToken_SendsEmail" computerName="mac" duration="00:00:00.0080031" startTime="2025-09-21T22:36:46.3102240-05:00" endTime="2025-09-21T22:36:46.3102240-05:00" testType="13cdc9d9-ddb5-4fa4-a97d-d965ccfc6d4b" outcome="Passed" testListId="8c84fa94-04c1-424b-9868-57a2d4851a1d" relativeResultsDirectory="44ea17ab-20e9-47eb-815c-8c3342e60d5e" />
    <UnitTestResult executionId="9504b29f-3a3f-4748-be80-47a9510db675" testId="15cbfaf6-f281-76a3-247c-7837115e23b9" testName="Appostolic.Api.Tests.Auth.LogoutTests.LogoutAll_RevokesAccessTokenVersion" computerName="mac" duration="00:00:00.3969935" startTime="2025-09-21T22:36:44.2231580-05:00" endTime="2025-09-21T22:36:44.2231580-05:00" testType="13cdc9d9-ddb5-4fa4-a97d-d965ccfc6d4b" outcome="Passed" testListId="8c84fa94-04c1-424b-9868-57a2d4851a1d" relativeResultsDirectory="9504b29f-3a3f-4748-be80-47a9510db675" />
    <UnitTestResult executionId="8409684b-442b-41ac-a24d-3ba2bac836e9" testId="cc013720-f8b7-b972-40e8-34c7328bfdae" testName="Appostolic.Api.Tests.Orchestrator.AgentOrchestratorTests.ToolNotAllowed_FailsAndTracesFailure" computerName="mac" duration="00:00:00.0049547" startTime="2025-09-21T22:36:47.1125450-05:00" endTime="2025-09-21T22:36:47.1125450-05:00" testType="13cdc9d9-ddb5-4fa4-a97d-d965ccfc6d4b" outcome="Passed" testListId="8c84fa94-04c1-424b-9868-57a2d4851a1d" relativeResultsDirectory="8409684b-442b-41ac-a24d-3ba2bac836e9" />
    <UnitTestResult executionId="c9377e33-f74c-43d2-a802-1a31cf54ed04" testId="f7ebc4d6-d0ec-6ad3-fd73-f4c53b67f8a0" testName="Appostolic.Api.AuthTests.MagicConsumeRolesSerializationTests.MagicConsume_IncludesRolesBitmaskOnMembership" computerName="mac" duration="00:00:00.7042210" startTime="2025-09-21T22:36:33.0042230-05:00" endTime="2025-09-21T22:36:33.0042230-05:00" testType="13cdc9d9-ddb5-4fa4-a97d-d965ccfc6d4b" outcome="Passed" testListId="8c84fa94-04c1-424b-9868-57a2d4851a1d" relativeResultsDirectory="c9377e33-f74c-43d2-a802-1a31cf54ed04" />
    <UnitTestResult executionId="86d140c4-c6c8-4660-9fe9-f8fb26b3e247" testId="d4f44d27-452c-a77e-5891-0807797b42c9" testName="Appostolic.Api.Tests.SwaggerEndpointTests.SwaggerUI_ReturnsHtml" computerName="mac" duration="00:00:00.1821097" startTime="2025-09-21T22:36:47.4709240-05:00" endTime="2025-09-21T22:36:47.4709240-05:00" testType="13cdc9d9-ddb5-4fa4-a97d-d965ccfc6d4b" outcome="Passed" testListId="8c84fa94-04c1-424b-9868-57a2d4851a1d" relativeResultsDirectory="86d140c4-c6c8-4660-9fe9-f8fb26b3e247" />
    <UnitTestResult executionId="2d716545-3f04-4e2f-b8fb-365210dc8780" testId="08f6a7e9-7601-1519-2953-5bafd6576a90" testName="Appostolic.Api.AuthTests.LoginTenantSelectionTests.Login_MultiMembership_TenantSlug_EmitsTenantToken" computerName="mac" duration="00:00:00.6297509" startTime="2025-09-21T22:36:38.8762470-05:00" endTime="2025-09-21T22:36:38.8762470-05:00" testType="13cdc9d9-ddb5-4fa4-a97d-d965ccfc6d4b" outcome="Passed" testListId="8c84fa94-04c1-424b-9868-57a2d4851a1d" relativeResultsDirectory="2d716545-3f04-4e2f-b8fb-365210dc8780" />
    <UnitTestResult executionId="05ca4291-b8b0-4e0e-ba2f-096f42209de3" testId="d3e47fb0-198c-5eff-c3a7-e584b9e9130b" testName="Appostolic.Api.Tests.Api.AuditsListingEndpointTests.Returns_400_on_invalid_guid_filters" computerName="mac" duration="00:00:00.0031208" startTime="2025-09-21T22:36:27.0302440-05:00" endTime="2025-09-21T22:36:27.0302440-05:00" testType="13cdc9d9-ddb5-4fa4-a97d-d965ccfc6d4b" outcome="Failed" testListId="8c84fa94-04c1-424b-9868-57a2d4851a1d" relativeResultsDirectory="05ca4291-b8b0-4e0e-ba2f-096f42209de3">
      <Output>
        <ErrorInfo>
          <Message>Expected rBadUser.StatusCode to be HttpStatusCode.BadRequest {value: 400}, but found HttpStatusCode.Unauthorized {value: 401}.</Message>
          <StackTrace>   at FluentAssertions.Execution.XUnit2TestFramework.Throw(String message)
   at FluentAssertions.Execution.TestFrameworkProvider.Throw(String message)
   at FluentAssertions.Execution.DefaultAssertionStrategy.HandleFailure(String message)
   at FluentAssertions.Execution.AssertionScope.FailWith(Func`1 failReasonFunc)
   at FluentAssertions.Execution.AssertionScope.FailWith(Func`1 failReasonFunc)
   at FluentAssertions.Execution.AssertionScope.FailWith(String message, Object[] args)
   at FluentAssertions.Primitives.EnumAssertions`2.Be(TEnum expected, String because, Object[] becauseArgs)
   at Appostolic.Api.Tests.Api.AuditsListingEndpointTests.Returns_400_on_invalid_guid_filters() in /Users/kevinmccreary/appostolic/apps/api.tests/Api/AuditsListingEndpointTests.cs:line 124
--- End of stack trace from previous location ---</StackTrace>
        </ErrorInfo>
      </Output>
    </UnitTestResult>
    <UnitTestResult executionId="4e66aead-7fb7-4be3-a40c-6377f8d7cef7" testId="ba2eb800-eb24-7df5-1df2-54952a0268c0" testName="Appostolic.Api.AuthTests.LoginTenantSelectionTests.Login_MultiMembership_TenantAuto_Returns409" computerName="mac" duration="00:00:00.7966373" startTime="2025-09-21T22:36:37.9889470-05:00" endTime="2025-09-21T22:36:37.9889470-05:00" testType="13cdc9d9-ddb5-4fa4-a97d-d965ccfc6d4b" outcome="Passed" testListId="8c84fa94-04c1-424b-9868-57a2d4851a1d" relativeResultsDirectory="4e66aead-7fb7-4be3-a40c-6377f8d7cef7" />
    <UnitTestResult executionId="104a90c0-ca49-4237-85fa-a69a17185ba1" testId="471ada29-d1b9-b714-f87d-61c9b416c255" testName="Appostolic.Api.Tests.Privacy.PIIRedactorTests.RedactPhone_Works(input: &quot;+1 (555) 123-4567&quot;, expected: &quot;***4567&quot;)" computerName="mac" duration="00:00:00.0000089" startTime="2025-09-21T22:36:34.7220180-05:00" endTime="2025-09-21T22:36:34.7220190-05:00" testType="13cdc9d9-ddb5-4fa4-a97d-d965ccfc6d4b" outcome="Passed" testListId="8c84fa94-04c1-424b-9868-57a2d4851a1d" relativeResultsDirectory="104a90c0-ca49-4237-85fa-a69a17185ba1" />
    <UnitTestResult executionId="aff0b2a4-240e-493d-9fd0-efcdfce3d670" testId="c17747a3-eb4e-63bf-0bc9-279a4928ed40" testName="Appostolic.Api.Tests.EmailDispatcherTests.Enqueue_sends_via_sender" computerName="mac" duration="00:00:00.0010317" startTime="2025-09-21T22:36:37.1920410-05:00" endTime="2025-09-21T22:36:37.1920410-05:00" testType="13cdc9d9-ddb5-4fa4-a97d-d965ccfc6d4b" outcome="Passed" testListId="8c84fa94-04c1-424b-9868-57a2d4851a1d" relativeResultsDirectory="aff0b2a4-240e-493d-9fd0-efcdfce3d670" />
    <UnitTestResult executionId="89f4017c-b407-4a75-b28e-2fcd6f11c521" testId="f0724dde-c441-a83f-2f8e-78db9d6adb66" testName="Appostolic.Api.Tests.AgentTasks.AgentTasksListFilterPaginationTests.Status_Filter_Is_CaseInsensitive" computerName="mac" duration="00:00:00.0037445" startTime="2025-09-21T22:36:22.3061990-05:00" endTime="2025-09-21T22:36:22.3061990-05:00" testType="13cdc9d9-ddb5-4fa4-a97d-d965ccfc6d4b" outcome="Failed" testListId="8c84fa94-04c1-424b-9868-57a2d4851a1d" relativeResultsDirectory="89f4017c-b407-4a75-b28e-2fcd6f11c521">
      <Output>
        <ErrorInfo>
          <Message>System.Net.Http.HttpRequestException : Response status code does not indicate success: 401 (Unauthorized).</Message>
          <StackTrace>   at System.Net.Http.HttpResponseMessage.EnsureSuccessStatusCode()
   at Appostolic.Api.Tests.AgentTasks.AgentTasksTestBase.CreateTaskAsync(Guid agentId, Object input, Nullable`1 enqueueDelayMs, Boolean suppressEnqueue) in /Users/kevinmccreary/appostolic/apps/api.tests/AgentTasks/AgentTasksTestBase.cs:line 89
   at Appostolic.Api.Tests.AgentTasks.AgentTasksListFilterPaginationTests.Status_Filter_Is_CaseInsensitive() in /Users/kevinmccreary/appostolic/apps/api.tests/AgentTasks/AgentTasksListFilterPaginationTests.cs:line 48
--- End of stack trace from previous location ---</StackTrace>
        </ErrorInfo>
      </Output>
    </UnitTestResult>
    <UnitTestResult executionId="8939137a-fcbb-4db5-8b7e-db8ea11e01b9" testId="cae1921b-1ff8-8185-1634-73062e14bb95" testName="Appostolic.Api.Tests.Auth.RefreshCookieTests.SelectTenant_Rotates_Refresh_Cookie" computerName="mac" duration="00:00:00.2377058" startTime="2025-09-21T22:36:32.2994090-05:00" endTime="2025-09-21T22:36:32.2994090-05:00" testType="13cdc9d9-ddb5-4fa4-a97d-d965ccfc6d4b" outcome="Passed" testListId="8c84fa94-04c1-424b-9868-57a2d4851a1d" relativeResultsDirectory="8939137a-fcbb-4db5-8b7e-db8ea11e01b9" />
    <UnitTestResult executionId="047efd90-5199-4712-a851-71a04a30c8a4" testId="3494b3d5-98dd-209c-c4b4-d8d0bff712f0" testName="FsWriteToolTests.Writes_file_under_root_and_returns_sha" computerName="mac" duration="00:00:00.0053794" startTime="2025-09-21T22:36:24.3068910-05:00" endTime="2025-09-21T22:36:24.3068910-05:00" testType="13cdc9d9-ddb5-4fa4-a97d-d965ccfc6d4b" outcome="Passed" testListId="8c84fa94-04c1-424b-9868-57a2d4851a1d" relativeResultsDirectory="047efd90-5199-4712-a851-71a04a30c8a4" />
    <UnitTestResult executionId="b2f95c94-e8fa-48c6-be34-47c6517e77c4" testId="c14df636-a969-3c53-ec76-0aeb4c5b250c" testName="Appostolic.Api.Tests.Api.DevGrantRolesEndpointTests.Returns_400_for_invalid_role_name" computerName="mac" duration="00:00:00.0046934" startTime="2025-09-21T22:36:37.0020880-05:00" endTime="2025-09-21T22:36:37.0020880-05:00" testType="13cdc9d9-ddb5-4fa4-a97d-d965ccfc6d4b" outcome="Failed" testListId="8c84fa94-04c1-424b-9868-57a2d4851a1d" relativeResultsDirectory="b2f95c94-e8fa-48c6-be34-47c6517e77c4">
      <Output>
        <ErrorInfo>
          <Message>Expected resp.StatusCode to be HttpStatusCode.BadRequest {value: 400}, but found HttpStatusCode.Unauthorized {value: 401}.</Message>
          <StackTrace>   at FluentAssertions.Execution.XUnit2TestFramework.Throw(String message)
   at FluentAssertions.Execution.TestFrameworkProvider.Throw(String message)
   at FluentAssertions.Execution.AssertionScope.FailWith(Func`1 failReasonFunc)
   at FluentAssertions.Primitives.EnumAssertions`2.Be(TEnum expected, String because, Object[] becauseArgs)
   at Appostolic.Api.Tests.Api.DevGrantRolesEndpointTests.Returns_400_for_invalid_role_name() in /Users/kevinmccreary/appostolic/apps/api.tests/Api/DevGrantRolesEndpointTests.cs:line 139
--- End of stack trace from previous location ---</StackTrace>
        </ErrorInfo>
      </Output>
    </UnitTestResult>
    <UnitTestResult executionId="66ad9c24-4106-43ae-bf03-909fce39ac67" testId="2f6106d4-2d27-0ec0-388a-a0a0d64b80ea" testName="Appostolic.Api.Tests.Model.TokenEstimatorTests.EstimateTokens_Heuristic_CeilPer4Chars(text: &quot;abcde&quot;, expected: 2)" computerName="mac" duration="00:00:00.0000025" startTime="2025-09-21T22:36:29.5718910-05:00" endTime="2025-09-21T22:36:29.5718910-05:00" testType="13cdc9d9-ddb5-4fa4-a97d-d965ccfc6d4b" outcome="Passed" testListId="8c84fa94-04c1-424b-9868-57a2d4851a1d" relativeResultsDirectory="66ad9c24-4106-43ae-bf03-909fce39ac67" />
    <UnitTestResult executionId="04bed12c-32cc-4ca4-b74c-41539d93019d" testId="2a9f6824-8a17-a193-b18b-3e78fa1bbbd5" testName="Appostolic.Api.Tests.Orchestrator.AgentOrchestratorTests.Cancellation_StopsMidRun" computerName="mac" duration="00:00:00.0055449" startTime="2025-09-21T22:36:47.1060360-05:00" endTime="2025-09-21T22:36:47.1060360-05:00" testType="13cdc9d9-ddb5-4fa4-a97d-d965ccfc6d4b" outcome="Passed" testListId="8c84fa94-04c1-424b-9868-57a2d4851a1d" relativeResultsDirectory="04bed12c-32cc-4ca4-b74c-41539d93019d" />
    <UnitTestResult executionId="d0d8660c-e516-497a-8675-e7709be45446" testId="8e86fe7c-6239-7009-e550-a3b2b1493955" testName="Appostolic.Api.Tests.Api.MembersListTests.Viewer_gets_403_for_members_list" computerName="mac" duration="00:00:00.1563312" startTime="2025-09-21T22:36:43.8188640-05:00" endTime="2025-09-21T22:36:43.8188640-05:00" testType="13cdc9d9-ddb5-4fa4-a97d-d965ccfc6d4b" outcome="Failed" testListId="8c84fa94-04c1-424b-9868-57a2d4851a1d" relativeResultsDirectory="d0d8660c-e516-497a-8675-e7709be45446">
      <Output>
        <ErrorInfo>
          <Message>Expected resp.StatusCode to be HttpStatusCode.Forbidden {value: 403}, but found HttpStatusCode.Unauthorized {value: 401}.</Message>
          <StackTrace>   at FluentAssertions.Execution.XUnit2TestFramework.Throw(String message)
   at FluentAssertions.Execution.TestFrameworkProvider.Throw(String message)
   at FluentAssertions.Execution.AssertionScope.FailWith(Func`1 failReasonFunc)
   at FluentAssertions.Primitives.EnumAssertions`2.Be(TEnum expected, String because, Object[] becauseArgs)
   at Appostolic.Api.Tests.Api.MembersListTests.Viewer_gets_403_for_members_list() in /Users/kevinmccreary/appostolic/apps/api.tests/Api/MembersListTests.cs:line 60
--- End of stack trace from previous location ---</StackTrace>
        </ErrorInfo>
      </Output>
    </UnitTestResult>
    <UnitTestResult executionId="1c88e4d1-a145-4bc0-9e5b-b5adf10a64eb" testId="ac2e27d5-261b-d9bd-fc37-ae04ffd02243" testName="Appostolic.Api.Tests.Auth.RefreshEndpointTests.Refresh_Fails_When_Missing_Token" computerName="mac" duration="00:00:00.0019056" startTime="2025-09-21T22:36:41.4495480-05:00" endTime="2025-09-21T22:36:41.4495480-05:00" testType="13cdc9d9-ddb5-4fa4-a97d-d965ccfc6d4b" outcome="Passed" testListId="8c84fa94-04c1-424b-9868-57a2d4851a1d" relativeResultsDirectory="1c88e4d1-a145-4bc0-9e5b-b5adf10a64eb" />
    <UnitTestResult executionId="8efb7b05-9ef1-4e2e-99fc-46b5ac54f6e6" testId="b10f1150-1593-6330-afd8-9e2dab16d270" testName="Appostolic.Api.AuthTests.LoginRolesConvergenceDisabledFlagTests.Login_DoesNotMutate_MismatchedRolesBitmask_WhenFlagEnabled" computerName="mac" duration="00:00:01.2901351" startTime="2025-09-21T22:36:20.7518450-05:00" endTime="2025-09-21T22:36:20.7518450-05:00" testType="13cdc9d9-ddb5-4fa4-a97d-d965ccfc6d4b" outcome="Passed" testListId="8c84fa94-04c1-424b-9868-57a2d4851a1d" relativeResultsDirectory="8efb7b05-9ef1-4e2e-99fc-46b5ac54f6e6" />
    <UnitTestResult executionId="9186757f-453d-404d-aa09-9474fc142df2" testId="02f4c01b-4d57-cea6-940b-91f660d6b3a5" testName="Appostolic.Api.Tests.SendGridEmailSenderTests.Sends_on_202_Accepted" computerName="mac" duration="00:00:00.0002962" startTime="2025-09-21T22:36:25.9301690-05:00" endTime="2025-09-21T22:36:25.9301690-05:00" testType="13cdc9d9-ddb5-4fa4-a97d-d965ccfc6d4b" outcome="Passed" testListId="8c84fa94-04c1-424b-9868-57a2d4851a1d" relativeResultsDirectory="9186757f-453d-404d-aa09-9474fc142df2" />
    <UnitTestResult executionId="2d8eab55-de65-440d-ab6a-283dc0d99e38" testId="d23daa8f-5725-d1c6-7d7a-83c05e893d1b" testName="Appostolic.Api.Tests.Api.NotificationsProdEndpointsTests.Superadmin_can_list_cross_tenant" computerName="mac" duration="00:00:00.1706563" startTime="2025-09-21T22:36:25.9268650-05:00" endTime="2025-09-21T22:36:25.9268650-05:00" testType="13cdc9d9-ddb5-4fa4-a97d-d965ccfc6d4b" outcome="Failed" testListId="8c84fa94-04c1-424b-9868-57a2d4851a1d" relativeResultsDirectory="2d8eab55-de65-440d-ab6a-283dc0d99e38">
      <Output>
        <ErrorInfo>
          <Message>Expected listResp.StatusCode to be HttpStatusCode.OK {value: 200}, but found HttpStatusCode.InternalServerError {value: 500}.</Message>
          <StackTrace>   at FluentAssertions.Execution.XUnit2TestFramework.Throw(String message)
   at FluentAssertions.Execution.TestFrameworkProvider.Throw(String message)
   at FluentAssertions.Execution.DefaultAssertionStrategy.HandleFailure(String message)
   at FluentAssertions.Execution.AssertionScope.FailWith(Func`1 failReasonFunc)
   at FluentAssertions.Execution.AssertionScope.FailWith(Func`1 failReasonFunc)
   at FluentAssertions.Execution.AssertionScope.FailWith(String message, Object[] args)
   at FluentAssertions.Primitives.EnumAssertions`2.Be(TEnum expected, String because, Object[] becauseArgs)
   at Appostolic.Api.Tests.Api.NotificationsProdEndpointsTests.Superadmin_can_list_cross_tenant() in /Users/kevinmccreary/appostolic/apps/api.tests/Api/NotificationsProdEndpointsTests.cs:line 75
--- End of stack trace from previous location ---</StackTrace>
        </ErrorInfo>
      </Output>
    </UnitTestResult>
    <UnitTestResult executionId="40214349-d788-4356-be5a-c147d44c0142" testId="cce5835b-2056-6d46-0527-d09fc0f9f6fc" testName="Appostolic.Api.Tests.Api.TenantSettingsEndpointsTests.Upload_Logo_Rejects_Payload_Too_Large" computerName="mac" duration="00:00:00.0050854" startTime="2025-09-21T22:36:23.5626760-05:00" endTime="2025-09-21T22:36:23.5626770-05:00" testType="13cdc9d9-ddb5-4fa4-a97d-d965ccfc6d4b" outcome="Failed" testListId="8c84fa94-04c1-424b-9868-57a2d4851a1d" relativeResultsDirectory="40214349-d788-4356-be5a-c147d44c0142">
      <Output>
        <ErrorInfo>
          <Message>Expected ((int)resp.StatusCode) to be 413, but found 401 (difference of -12).</Message>
          <StackTrace>   at FluentAssertions.Execution.XUnit2TestFramework.Throw(String message)
   at FluentAssertions.Execution.TestFrameworkProvider.Throw(String message)
   at FluentAssertions.Execution.DefaultAssertionStrategy.HandleFailure(String message)
   at FluentAssertions.Execution.AssertionScope.FailWith(Func`1 failReasonFunc)
   at FluentAssertions.Execution.AssertionScope.FailWith(Func`1 failReasonFunc)
   at FluentAssertions.Execution.AssertionScope.FailWith(String message, Object[] args)
   at FluentAssertions.Numeric.NumericAssertions`2.Be(T expected, String because, Object[] becauseArgs)
   at Appostolic.Api.Tests.Api.TenantSettingsEndpointsTests.Upload_Logo_Rejects_Payload_Too_Large() in /Users/kevinmccreary/appostolic/apps/api.tests/Api/TenantSettingsEndpointsTests.cs:line 97
--- End of stack trace from previous location ---</StackTrace>
        </ErrorInfo>
      </Output>
    </UnitTestResult>
    <UnitTestResult executionId="d95bb444-e31e-419f-9807-cd2df0ea3e06" testId="30aa5bc1-9211-739f-532d-176c6c3c3a30" testName="Appostolic.Api.Tests.Orchestrator.AgentOrchestratorTests.MaxStepsExceeded_FailsAfterCap" computerName="mac" duration="00:00:00.0014995" startTime="2025-09-21T22:36:47.1075550-05:00" endTime="2025-09-21T22:36:47.1075550-05:00" testType="13cdc9d9-ddb5-4fa4-a97d-d965ccfc6d4b" outcome="Passed" testListId="8c84fa94-04c1-424b-9868-57a2d4851a1d" relativeResultsDirectory="d95bb444-e31e-419f-9807-cd2df0ea3e06" />
    <UnitTestResult executionId="4e483e01-c85d-40d3-a4c6-50a60792f026" testId="9a27b4fd-a56b-4b8b-8cae-d2972183237d" testName="Appostolic.Api.Tests.Auth.RefreshEndpointTests.Refresh_Allows_Body_Token_During_Grace" computerName="mac" duration="00:00:00.2303936" startTime="2025-09-21T22:36:41.4475020-05:00" endTime="2025-09-21T22:36:41.4475020-05:00" testType="13cdc9d9-ddb5-4fa4-a97d-d965ccfc6d4b" outcome="Passed" testListId="8c84fa94-04c1-424b-9868-57a2d4851a1d" relativeResultsDirectory="4e483e01-c85d-40d3-a4c6-50a60792f026" />
    <UnitTestResult executionId="d34d67d2-0747-4b2a-9266-84ba89ed7a3d" testId="9c1c1d38-5e04-c1b2-1a0f-96d8d4d8348a" testName="Appostolic.Api.Tests.Api.AssignmentsApiTests.Set_roles_returns_404_when_membership_missing_and_400_for_invalid_flag" computerName="mac" duration="00:00:00.0052829" startTime="2025-09-21T22:36:47.2799010-05:00" endTime="2025-09-21T22:36:47.2799010-05:00" testType="13cdc9d9-ddb5-4fa4-a97d-d965ccfc6d4b" outcome="Failed" testListId="8c84fa94-04c1-424b-9868-57a2d4851a1d" relativeResultsDirectory="d34d67d2-0747-4b2a-9266-84ba89ed7a3d">
      <Output>
        <ErrorInfo>
          <Message>Expected missing.StatusCode to be HttpStatusCode.NotFound {value: 404}, but found HttpStatusCode.Unauthorized {value: 401}.</Message>
          <StackTrace>   at FluentAssertions.Execution.XUnit2TestFramework.Throw(String message)
   at FluentAssertions.Execution.TestFrameworkProvider.Throw(String message)
   at FluentAssertions.Execution.AssertionScope.FailWith(Func`1 failReasonFunc)
   at FluentAssertions.Primitives.EnumAssertions`2.Be(TEnum expected, String because, Object[] becauseArgs)
   at Appostolic.Api.Tests.Api.AssignmentsApiTests.Set_roles_returns_404_when_membership_missing_and_400_for_invalid_flag() in /Users/kevinmccreary/appostolic/apps/api.tests/Api/AssignmentsApiTests.cs:line 150
--- End of stack trace from previous location ---</StackTrace>
        </ErrorInfo>
      </Output>
    </UnitTestResult>
    <UnitTestResult executionId="4fcc23d5-f1be-4a9a-9ffb-efce36c2f5f4" testId="86173073-5618-a9d2-83eb-7647e3c4115b" testName="Appostolic.Api.Tests.Auth.DevHeadersDisabledTests.JwtLogin_Flow_Works_When_DevHeaders_Disabled" computerName="mac" duration="00:00:00.3145287" startTime="2025-09-21T22:36:34.7215800-05:00" endTime="2025-09-21T22:36:34.7215800-05:00" testType="13cdc9d9-ddb5-4fa4-a97d-d965ccfc6d4b" outcome="Failed" testListId="8c84fa94-04c1-424b-9868-57a2d4851a1d" relativeResultsDirectory="4fcc23d5-f1be-4a9a-9ffb-efce36c2f5f4">
      <Output>
        <ErrorInfo>
          <Message>System.Net.Http.HttpRequestException : Response status code does not indicate success: 404 (Not Found).</Message>
          <StackTrace>   at System.Net.Http.HttpResponseMessage.EnsureSuccessStatusCode()
   at Appostolic.Api.Tests.Auth.DevHeadersDisabledTests.JwtLogin_Flow_Works_When_DevHeaders_Disabled() in /Users/kevinmccreary/appostolic/apps/api.tests/Auth/DevHeadersDisabledTests.cs:line 65
--- End of stack trace from previous location ---</StackTrace>
        </ErrorInfo>
      </Output>
    </UnitTestResult>
    <UnitTestResult executionId="8e94dd55-66a2-4825-a85b-98d0cdee38f8" testId="e9aa22ea-bb1f-2db1-1f5f-4cc83d5fa1bd" testName="Appostolic.Api.Tests.Api.MembersManagementTests.TenantAdmin_can_add_TenantAdmin_flag_to_member" computerName="mac" duration="00:00:00.0034569" startTime="2025-09-21T22:36:24.4896370-05:00" endTime="2025-09-21T22:36:24.4896370-05:00" testType="13cdc9d9-ddb5-4fa4-a97d-d965ccfc6d4b" outcome="Failed" testListId="8c84fa94-04c1-424b-9868-57a2d4851a1d" relativeResultsDirectory="8e94dd55-66a2-4825-a85b-98d0cdee38f8">
      <Output>
        <ErrorInfo>
          <Message>Expected promote.StatusCode to be HttpStatusCode.OK {value: 200}, but found HttpStatusCode.Unauthorized {value: 401}.</Message>
          <StackTrace>   at FluentAssertions.Execution.XUnit2TestFramework.Throw(String message)
   at FluentAssertions.Execution.TestFrameworkProvider.Throw(String message)
   at FluentAssertions.Execution.DefaultAssertionStrategy.HandleFailure(String message)
   at FluentAssertions.Execution.AssertionScope.FailWith(Func`1 failReasonFunc)
   at FluentAssertions.Execution.AssertionScope.FailWith(Func`1 failReasonFunc)
   at FluentAssertions.Execution.AssertionScope.FailWith(String message, Object[] args)
   at FluentAssertions.Primitives.EnumAssertions`2.Be(TEnum expected, String because, Object[] becauseArgs)
   at Appostolic.Api.Tests.Api.MembersManagementTests.TenantAdmin_can_add_TenantAdmin_flag_to_member() in /Users/kevinmccreary/appostolic/apps/api.tests/Api/MembersManagementTests.cs:line 61
--- End of stack trace from previous location ---</StackTrace>
        </ErrorInfo>
      </Output>
    </UnitTestResult>
    <UnitTestResult executionId="75e20051-1892-4ea8-87cf-45bf5d9db96c" testId="eeaccddf-52e1-1db7-6606-fc19c2721862" testName="Appostolic.Api.Tests.Api.AuthPasswordFlowsTests.ResetPassword_WithValidToken_UpdatesHashAndConsumesToken" computerName="mac" duration="00:00:00.1208458" startTime="2025-09-21T22:36:46.4312080-05:00" endTime="2025-09-21T22:36:46.4312080-05:00" testType="13cdc9d9-ddb5-4fa4-a97d-d965ccfc6d4b" outcome="Passed" testListId="8c84fa94-04c1-424b-9868-57a2d4851a1d" relativeResultsDirectory="75e20051-1892-4ea8-87cf-45bf5d9db96c" />
    <UnitTestResult executionId="d515b675-d612-4400-9a35-1019feda728f" testId="044b435e-ad6a-4304-9059-6c418c0c4c86" testName="Appostolic.Api.AuthTests.SelectTenantTests.SelectTenant_Succeeds_RotatesRefreshToken" computerName="mac" duration="00:00:00.2495911" startTime="2025-09-21T22:36:30.7699270-05:00" endTime="2025-09-21T22:36:30.7699270-05:00" testType="13cdc9d9-ddb5-4fa4-a97d-d965ccfc6d4b" outcome="Passed" testListId="8c84fa94-04c1-424b-9868-57a2d4851a1d" relativeResultsDirectory="d515b675-d612-4400-9a35-1019feda728f" />
    <UnitTestResult executionId="61f45bfe-5ebb-477c-98fa-e00868c4a36f" testId="f03cc5c5-1609-8527-f708-7a0678904e86" testName="Appostolic.Api.Tests.Auth.RefreshPlaintextExposedFlagTests.Login_Hides_Plaintext_When_Flag_Disabled" computerName="mac" duration="00:00:00.5187977" startTime="2025-09-21T22:36:28.5888390-05:00" endTime="2025-09-21T22:36:28.5888390-05:00" testType="13cdc9d9-ddb5-4fa4-a97d-d965ccfc6d4b" outcome="Passed" testListId="8c84fa94-04c1-424b-9868-57a2d4851a1d" relativeResultsDirectory="61f45bfe-5ebb-477c-98fa-e00868c4a36f" />
    <UnitTestResult executionId="29997d44-6414-40ed-b6ce-06012bb41cd0" testId="03348e85-c745-1baa-1fc9-a6f767c68de7" testName="Appostolic.Api.Tests.Auth.LogoutTests.Logout_IdempotentSecondCall" computerName="mac" duration="00:00:00.2371334" startTime="2025-09-21T22:36:44.4605280-05:00" endTime="2025-09-21T22:36:44.4605280-05:00" testType="13cdc9d9-ddb5-4fa4-a97d-d965ccfc6d4b" outcome="Passed" testListId="8c84fa94-04c1-424b-9868-57a2d4851a1d" relativeResultsDirectory="29997d44-6414-40ed-b6ce-06012bb41cd0" />
[...]
      <RunInfo computerName="mac" outcome="Error" timestamp="2025-09-21T22:36:22.3178080-05:00">
        <Text>[xUnit.net 00:00:03.02]     Appostolic.Api.Tests.AgentTasks.AgentTasksListFilterPaginationTests.Paging_Returns_XTotalCount_And_DescOrdering [FAIL]</Text>
      </RunInfo>
      <RunInfo computerName="mac" outcome="Error" timestamp="2025-09-21T22:36:22.3197990-05:00">
        <Text>[xUnit.net 00:00:03.02]     Appostolic.Api.Tests.AgentTasks.AgentTasksListFilterPaginationTests.FreeText_Q_Search_On_Input_And_User [FAIL]</Text>
      </RunInfo>
      <RunInfo computerName="mac" outcome="Error" timestamp="2025-09-21T22:36:22.7137020-05:00">
        <Text>[xUnit.net 00:00:03.42]     Appostolic.Api.AuthTests.AuthTestClientTests.UseTenantAsync_AttachesTenantToken [FAIL]</Text>
      </RunInfo>
      <RunInfo computerName="mac" outcome="Error" timestamp="2025-09-21T22:36:22.9744240-05:00">
        <Text>[xUnit.net 00:00:03.68]     Appostolic.Api.Tests.Api.AgentTasksEndpointsTests.CreateTask_Returns201AndSummary [FAIL]</Text>
      </RunInfo>
      <RunInfo computerName="mac" outcome="Error" timestamp="2025-09-21T22:36:22.9785640-05:00">
        <Text>[xUnit.net 00:00:03.68]     Appostolic.Api.Tests.Api.AgentTasksEndpointsTests.GetDetails_WithTracesInitiallyEmpty [FAIL]</Text>
      </RunInfo>
      <RunInfo computerName="mac" outcome="Error" timestamp="2025-09-21T22:36:22.9825830-05:00">
        <Text>[xUnit.net 00:00:03.69]     Appostolic.Api.Tests.Api.AgentTasksEndpointsTests.List_Pending_ReturnsCreatedFirst [FAIL]</Text>
      </RunInfo>
      <RunInfo computerName="mac" outcome="Error" timestamp="2025-09-21T22:36:23.1948150-05:00">
        <Text>[xUnit.net 00:00:03.90]     Appostolic.Api.Tests.Api.LegacyRoleWritePathDeprecationTests.Invite_with_legacy_role_only_is_rejected_with_NO_FLAGS [FAIL]</Text>
      </RunInfo>
      <RunInfo computerName="mac" outcome="Error" timestamp="2025-09-21T22:36:23.2004510-05:00">
        <Text>[xUnit.net 00:00:03.90]     Appostolic.Api.Tests.Api.LegacyRoleWritePathDeprecationTests.Member_role_change_with_legacy_role_is_rejected [FAIL]</Text>
      </RunInfo>
      <RunInfo computerName="mac" outcome="Error" timestamp="2025-09-21T22:36:23.3919390-05:00">
        <Text>[xUnit.net 00:00:04.10]     Appostolic.Api.Tests.E2E.NotificationsE2E_Mailhog.VerificationEmail_reaches_Mailhog_and_outbox_marks_Sent [FAIL]</Text>
      </RunInfo>
      <RunInfo computerName="mac" outcome="Error" timestamp="2025-09-21T22:36:23.5573290-05:00">
        <Text>[xUnit.net 00:00:04.26]     Appostolic.Api.Tests.Api.TenantSettingsEndpointsTests.Upload_Logo_Succeeds_And_Stores_Metadata [FAIL]</Text>
      </RunInfo>
      <RunInfo computerName="mac" outcome="Error" timestamp="2025-09-21T22:36:23.5625970-05:00">
        <Text>[xUnit.net 00:00:04.27]     Appostolic.Api.Tests.Api.TenantSettingsEndpointsTests.Upload_Logo_Rejects_Payload_Too_Large [FAIL]</Text>
      </RunInfo>
      <RunInfo computerName="mac" outcome="Error" timestamp="2025-09-21T22:36:23.5659130-05:00">
        <Text>[xUnit.net 00:00:04.27]     Appostolic.Api.Tests.Api.TenantSettingsEndpointsTests.Delete_Logo_Removes_Metadata [FAIL]</Text>
      </RunInfo>
      <RunInfo computerName="mac" outcome="Error" timestamp="2025-09-21T22:36:23.5676770-05:00">
        <Text>[xUnit.net 00:00:04.27]     Appostolic.Api.Tests.Api.TenantSettingsEndpointsTests.Upload_Logo_Rejects_Unsupported_Media_Type [FAIL]</Text>
      </RunInfo>
      <RunInfo computerName="mac" outcome="Error" timestamp="2025-09-21T22:36:23.5692130-05:00">
        <Text>[xUnit.net 00:00:04.27]     Appostolic.Api.Tests.Api.TenantSettingsEndpointsTests.Get_Settings_Returns_Empty_Object_When_Null [FAIL]</Text>
      </RunInfo>
      <RunInfo computerName="mac" outcome="Error" timestamp="2025-09-21T22:36:23.5718190-05:00">
        <Text>[xUnit.net 00:00:04.28]     Appostolic.Api.Tests.Api.TenantSettingsEndpointsTests.Put_Settings_Deep_Merges [FAIL]</Text>
      </RunInfo>
      <RunInfo computerName="mac" outcome="Error" timestamp="2025-09-21T22:36:23.7731310-05:00">
        <Text>[xUnit.net 00:00:04.48]     Appostolic.Api.Tests.Api.InvitesAcceptTests.Accept_SignedIn_User_Matches_Invite_Creates_Membership [FAIL]</Text>
      </RunInfo>
      <RunInfo computerName="mac" outcome="Error" timestamp="2025-09-21T22:36:23.7775610-05:00">
        <Text>[xUnit.net 00:00:04.48]     Appostolic.Api.Tests.Api.InvitesAcceptTests.Accept_With_Invalid_Token_Fails [FAIL]</Text>
      </RunInfo>
      <RunInfo computerName="mac" outcome="Error" timestamp="2025-09-21T22:36:24.4807470-05:00">
        <Text>[xUnit.net 00:00:05.18]     Appostolic.Api.Tests.Api.MembersManagementTests.Cannot_remove_last_TenantAdmin [FAIL]</Text>
      </RunInfo>
      <RunInfo computerName="mac" outcome="Error" timestamp="2025-09-21T22:36:24.4858550-05:00">
        <Text>[xUnit.net 00:00:05.19]     Appostolic.Api.Tests.Api.MembersManagementTests.Remove_non_admin_member [FAIL]</Text>
      </RunInfo>
      <RunInfo computerName="mac" outcome="Error" timestamp="2025-09-21T22:36:24.4895240-05:00">
        <Text>[xUnit.net 00:00:05.19]     Appostolic.Api.Tests.Api.MembersManagementTests.TenantAdmin_can_add_TenantAdmin_flag_to_member [FAIL]</Text>
      </RunInfo>
      <RunInfo computerName="mac" outcome="Error" timestamp="2025-09-21T22:36:24.4923100-05:00">
        <Text>[xUnit.net 00:00:05.20]     Appostolic.Api.Tests.Api.MembersManagementTests.Remove_TenantAdmin_flag_when_another_admin_exists [FAIL]</Text>
      </RunInfo>
      <RunInfo computerName="mac" outcome="Error" timestamp="2025-09-21T22:36:24.4947550-05:00">
        <Text>[xUnit.net 00:00:05.20]     Appostolic.Api.Tests.Api.MembersManagementTests.Non_admin_cannot_change_roles [FAIL]</Text>
      </RunInfo>
      <RunInfo computerName="mac" outcome="Error" timestamp="2025-09-21T22:36:24.6716770-05:00">
        <Text>[xUnit.net 00:00:05.37]     Appostolic.Api.Tests.Privacy.UserProfileLoggingTests.GetMe_HashingDisabled_OmitsHash [FAIL]</Text>
      </RunInfo>
      <RunInfo computerName="mac" outcome="Error" timestamp="2025-09-21T22:36:24.8434420-05:00">
        <Text>[xUnit.net 00:00:05.55]     Appostolic.Api.Tests.Privacy.UserProfileLoggingTests.GetMe_EmitsRedactedAndHash_NoRawEmail [FAIL]</Text>
      </RunInfo>
      <RunInfo computerName="mac" outcome="Error" timestamp="2025-09-21T22:36:25.2173200-05:00">
        <Text>[xUnit.net 00:00:05.92]     Appostolic.Api.Tests.Api.AgentsEndpointsTests.Agents_Validation_Errors [FAIL]</Text>
      </RunInfo>
      <RunInfo computerName="mac" outcome="Error" timestamp="2025-09-21T22:36:25.2223200-05:00">
        <Text>[xUnit.net 00:00:05.93]     Appostolic.Api.Tests.Api.AgentsEndpointsTests.Agents_CRUD_HappyPath [FAIL]</Text>
      </RunInfo>
      <RunInfo computerName="mac" outcome="Error" timestamp="2025-09-21T22:36:25.4030200-05:00">
        <Text>[xUnit.net 00:00:06.11]     Appostolic.Api.Tests.Api.NotificationsProdEndpointsTests.Resend_returns_404_when_missing [FAIL]</Text>
      </RunInfo>
      <RunInfo computerName="mac" outcome="Error" timestamp="2025-09-21T22:36:25.5923440-05:00">
        <Text>[xUnit.net 00:00:06.30]     Appostolic.Api.Tests.Api.NotificationsProdEndpointsTests.Tenant_owner_can_resend_within_tenant_and_is_forbidden_cross_tenant [FAIL]</Text>
      </RunInfo>
      <RunInfo computerName="mac" outcome="Error" timestamp="2025-09-21T22:36:25.7557670-05:00">
        <Text>[xUnit.net 00:00:06.46]     Appostolic.Api.Tests.Api.NotificationsProdEndpointsTests.Tenant_owner_can_list_and_retry_within_tenant [FAIL]</Text>
      </RunInfo>
      <RunInfo computerName="mac" outcome="Error" timestamp="2025-09-21T22:36:25.9268120-05:00">
        <Text>[xUnit.net 00:00:06.63]     Appostolic.Api.Tests.Api.NotificationsProdEndpointsTests.Superadmin_can_list_cross_tenant [FAIL]</Text>
      </RunInfo>
      <RunInfo computerName="mac" outcome="Error" timestamp="2025-09-21T22:36:26.1065600-05:00">
        <Text>[xUnit.net 00:00:06.81]     Appostolic.Api.Tests.Api.UserProfileEndpointsTests.Put_me_merges_profile_and_trims_and_validates_social_urls [FAIL]</Text>
      </RunInfo>
      <RunInfo computerName="mac" outcome="Error" timestamp="2025-09-21T22:36:26.1102130-05:00">
        <Text>[xUnit.net 00:00:06.81]     Appostolic.Api.Tests.Api.UserProfileEndpointsTests.Get_me_returns_user_with_profile [FAIL]</Text>
      </RunInfo>
      <RunInfo computerName="mac" outcome="Error" timestamp="2025-09-21T22:36:26.1128350-05:00">
        <Text>[xUnit.net 00:00:06.82]     Appostolic.Api.Tests.Api.UserProfileEndpointsTests.Put_me_rejects_non_object_body [FAIL]</Text>
      </RunInfo>
      <RunInfo computerName="mac" outcome="Error" timestamp="2025-09-21T22:36:27.0085570-05:00">
        <Text>[xUnit.net 00:00:07.71]     Appostolic.Api.Tests.Api.AuditsListingEndpointTests.Lists_audits_with_paging_and_total_count [FAIL]</Text>
      </RunInfo>
      <RunInfo computerName="mac" outcome="Error" timestamp="2025-09-21T22:36:27.0268410-05:00">
        <Text>[xUnit.net 00:00:07.73]     Appostolic.Api.Tests.Api.AuditsListingEndpointTests.Supports_optional_filters_user_actor_and_date_range [FAIL]</Text>
      </RunInfo>
      <RunInfo computerName="mac" outcome="Error" timestamp="2025-09-21T22:36:27.0301530-05:00">
        <Text>[xUnit.net 00:00:07.73]     Appostolic.Api.Tests.Api.AuditsListingEndpointTests.Returns_400_on_invalid_guid_filters [FAIL]</Text>
      </RunInfo>
      <RunInfo computerName="mac" outcome="Warning" timestamp="2025-09-21T22:36:28.6295500-05:00">
        <Text>[xUnit.net 00:00:09.33]     Appostolic.Api.Tests.Auth.RefreshCookieHttpsTests.RefreshCookie_Secure_OverHttps [SKIP]</Text>
      </RunInfo>
      <RunInfo computerName="mac" outcome="Error" timestamp="2025-09-21T22:36:29.3690940-05:00">
        <Text>[xUnit.net 00:00:10.07]     Appostolic.Api.Tests.Api.InvitesRolesFlagsTests.Create_Invite_With_Roles_Flags_Persists_And_Lists [FAIL]</Text>
      </RunInfo>
      <RunInfo computerName="mac" outcome="Error" timestamp="2025-09-21T22:36:29.3743310-05:00">
        <Text>[xUnit.net 00:00:10.08]     Appostolic.Api.Tests.Api.InvitesRolesFlagsTests.Accept_Invite_Sets_Membership_Roles_Flags [FAIL]</Text>
      </RunInfo>
      <RunInfo computerName="mac" outcome="Error" timestamp="2025-09-21T22:36:29.3772530-05:00">
        <Text>[xUnit.net 00:00:10.08]     Appostolic.Api.Tests.Api.InvitesRolesFlagsTests.Create_Invite_With_Invalid_Role_Flag_Is_400 [FAIL]</Text>
      </RunInfo>
      <RunInfo computerName="mac" outcome="Error" timestamp="2025-09-21T22:36:29.5712560-05:00">
        <Text>[xUnit.net 00:00:10.27]     Appostolic.Api.Tests.Api.InvitesEndpointsTests.Invites_Full_Lifecycle_Create_Resend_Accept_Revoke [FAIL]</Text>
      </RunInfo>
      <RunInfo computerName="mac" outcome="Error" timestamp="2025-09-21T22:36:33.7382560-05:00">
        <Text>[xUnit.net 00:00:14.44]     Appostolic.Api.Tests.Api.UserAvatarEndpointsTests.UploadAvatar_Rejects_TooLarge [FAIL]</Text>
      </RunInfo>
      <RunInfo computerName="mac" outcome="Error" timestamp="2025-09-21T22:36:33.8132480-05:00">
        <Text>[xUnit.net 00:00:14.52]     Appostolic.Api.Tests.Api.UserAvatarEndpointsTests.UploadAvatar_Rejects_TooRectangular [FAIL]</Text>
      </RunInfo>
      <RunInfo computerName="mac" outcome="Error" timestamp="2025-09-21T22:36:33.8161770-05:00">
        <Text>[xUnit.net 00:00:14.52]     Appostolic.Api.Tests.Api.UserAvatarEndpointsTests.UploadAvatar_Succeeds_WithPngUnder2MB [FAIL]</Text>
      </RunInfo>
      <RunInfo computerName="mac" outcome="Error" timestamp="2025-09-21T22:36:33.8178010-05:00">
        <Text>[xUnit.net 00:00:14.52]     Appostolic.Api.Tests.Api.UserAvatarEndpointsTests.UploadAvatar_Rejects_UnsupportedMediaType [FAIL]</Text>
      </RunInfo>
      <RunInfo computerName="mac" outcome="Error" timestamp="2025-09-21T22:36:33.8572430-05:00">
        <Text>[xUnit.net 00:00:14.56]     Appostolic.Api.Tests.Api.UserAvatarEndpointsTests.UploadAvatar_Downscales_LargeImage_To512Webp [FAIL]</Text>
      </RunInfo>
      <RunInfo computerName="mac" outcome="Error" timestamp="2025-09-21T22:36:33.8602440-05:00">
        <Text>[xUnit.net 00:00:14.56]     Appostolic.Api.Tests.Api.UserAvatarEndpointsTests.UploadAvatar_TransparentLogo_PreservesDimensions_Webp [FAIL]</Text>
      </RunInfo>
      <RunInfo computerName="mac" outcome="Error" timestamp="2025-09-21T22:36:34.7215290-05:00">
        <Text>[xUnit.net 00:00:15.42]     Appostolic.Api.Tests.Auth.DevHeadersDisabledTests.JwtLogin_Flow_Works_When_DevHeaders_Disabled [FAIL]</Text>
      </RunInfo>
      <RunInfo computerName="mac" outcome="Error" timestamp="2025-09-21T22:36:35.2668270-05:00">
        <Text>[xUnit.net 00:00:15.97]     Appostolic.Api.Tests.AgentTasks.AgentTasksCancelRetryTests.Cancel_Pending_Task_IsCanceledImmediately [FAIL]</Text>
      </RunInfo>
      <RunInfo computerName="mac" outcome="Error" timestamp="2025-09-21T22:36:35.2701610-05:00">
        <Text>[xUnit.net 00:00:15.97]     Appostolic.Api.Tests.AgentTasks.AgentTasksCancelRetryTests.Cancel_Terminal_Task_Returns409 [FAIL]</Text>
      </RunInfo>
      <RunInfo computerName="mac" outcome="Error" timestamp="2025-09-21T22:36:35.2727940-05:00">
        <Text>[xUnit.net 00:00:15.98]     Appostolic.Api.Tests.AgentTasks.AgentTasksCancelRetryTests.Retry_From_Succeeded_Creates_New_Task_And_Runs [FAIL]</Text>
      </RunInfo>
      <RunInfo computerName="mac" outcome="Error" timestamp="2025-09-21T22:36:36.8365100-05:00">
        <Text>[xUnit.net 00:00:17.54]     Appostolic.Api.Tests.Api.ToolCatalogTests.Tools_Catalog_Lists_Registered_Tools_With_Categories [FAIL]</Text>
      </RunInfo>
      <RunInfo computerName="mac" outcome="Error" timestamp="2025-09-21T22:36:36.9972160-05:00">
        <Text>[xUnit.net 00:00:17.70]     Appostolic.Api.Tests.Api.DevGrantRolesEndpointTests.Grants_roles_to_new_user_and_membership [FAIL]</Text>
      </RunInfo>
      <RunInfo computerName="mac" outcome="Error" timestamp="2025-09-21T22:36:37.0021360-05:00">
        <Text>[xUnit.net 00:00:17.71]     Appostolic.Api.Tests.Api.DevGrantRolesEndpointTests.Returns_400_for_invalid_role_name [FAIL]</Text>
      </RunInfo>
      <RunInfo computerName="mac" outcome="Error" timestamp="2025-09-21T22:36:37.0087550-05:00">
        <Text>[xUnit.net 00:00:17.71]     Appostolic.Api.Tests.Api.DevGrantRolesEndpointTests.Updates_existing_membership_roles [FAIL]</Text>
      </RunInfo>
      <RunInfo computerName="mac" outcome="Error" timestamp="2025-09-21T22:36:37.0111300-05:00">
        <Text>[xUnit.net 00:00:17.71]     Appostolic.Api.Tests.Api.DevGrantRolesEndpointTests.Updates_existing_membership_roles_writes_audit [FAIL]</Text>
      </RunInfo>
      <RunInfo computerName="mac" outcome="Error" timestamp="2025-09-21T22:36:39.1487170-05:00">
        <Text>[xUnit.net 00:00:19.85]     Appostolic.Api.Tests.Api.UserPasswordEndpointsTests.Change_password_rejects_invalid_current [FAIL]</Text>
      </RunInfo>
      <RunInfo computerName="mac" outcome="Error" timestamp="2025-09-21T22:36:39.2668180-05:00">
        <Text>[xUnit.net 00:00:19.97]     Appostolic.Api.Tests.Api.UserPasswordEndpointsTests.Change_password_rejects_weak_password [FAIL]</Text>
      </RunInfo>
      <RunInfo computerName="mac" outcome="Error" timestamp="2025-09-21T22:36:39.3850080-05:00">
        <Text>[xUnit.net 00:00:20.09]     Appostolic.Api.Tests.Api.UserPasswordEndpointsTests.Change_password_succeeds_with_valid_current [FAIL]</Text>
      </RunInfo>
      <RunInfo computerName="mac" outcome="Error" timestamp="2025-09-21T22:36:39.5438330-05:00">
        <Text>[xUnit.net 00:00:20.25]     Appostolic.Api.Tests.Api.NotificationsAdminEndpointsTests.Dlq_replay_requeues_and_publishes_ids [FAIL]</Text>
      </RunInfo>
      <RunInfo computerName="mac" outcome="Error" timestamp="2025-09-21T22:36:39.6914920-05:00">
        <Text>[xUnit.net 00:00:20.39]     Appostolic.Api.Tests.Api.NotificationsAdminEndpointsTests.Resend_dev_endpoint_creates_and_throttles [FAIL]</Text>
      </RunInfo>
      <RunInfo computerName="mac" outcome="Error" timestamp="2025-09-21T22:36:39.8438460-05:00">
        <Text>[xUnit.net 00:00:20.55]     Appostolic.Api.Tests.Api.NotificationsAdminEndpointsTests.List_and_retry_notifications_work [FAIL]</Text>
      </RunInfo>
      <RunInfo computerName="mac" outcome="Error" timestamp="2025-09-21T22:36:39.9895520-05:00">
        <Text>[xUnit.net 00:00:20.69]     Appostolic.Api.Tests.Api.NotificationsAdminEndpointsTests.Resend_history_lists_children_with_paging_and_scoping [FAIL]</Text>
      </RunInfo>
      <RunInfo computerName="mac" outcome="Error" timestamp="2025-09-21T22:36:40.1373580-05:00">
        <Text>[xUnit.net 00:00:20.84]     Appostolic.Api.Tests.Api.NotificationsAdminEndpointsTests.Resend_metrics_emitted_for_manual_and_bulk [FAIL]</Text>
      </RunInfo>
      <RunInfo computerName="mac" outcome="Error" timestamp="2025-09-21T22:36:40.2822460-05:00">
        <Text>[xUnit.net 00:00:20.99]     Appostolic.Api.Tests.Api.NotificationsAdminEndpointsTests.Dlq_list_returns_failed_and_deadletter_with_paging [FAIL]</Text>
      </RunInfo>
      <RunInfo computerName="mac" outcome="Error" timestamp="2025-09-21T22:36:40.8332640-05:00">
        <Text>[xUnit.net 00:00:21.54]     Appostolic.Api.Tests.Api.NotificationsAdminEndpointsTests.Bulk_resend_creates_with_limit_and_counts_throttled [FAIL]</Text>
      </RunInfo>
      <RunInfo computerName="mac" outcome="Error" timestamp="2025-09-21T22:36:43.8187530-05:00">
        <Text>[xUnit.net 00:00:24.52]     Appostolic.Api.Tests.Api.MembersListTests.Viewer_gets_403_for_members_list [FAIL]</Text>
      </RunInfo>
      <RunInfo computerName="mac" outcome="Error" timestamp="2025-09-21T22:36:43.8229530-05:00">
        <Text>[xUnit.net 00:00:24.53]     Appostolic.Api.Tests.Api.MembersListTests.Owner_can_list_members [FAIL]</Text>
      </RunInfo>
      <RunInfo computerName="mac" outcome="Error" timestamp="2025-09-21T22:36:46.0266470-05:00">
        <Text>[xUnit.net 00:00:26.73]     Appostolic.Api.Tests.Api.AuditTrailTests.Set_roles_noop_second_call_does_not_duplicate_audit [FAIL]</Text>
      </RunInfo>
      <RunInfo computerName="mac" outcome="Error" timestamp="2025-09-21T22:36:46.0312440-05:00">
        <Text>[xUnit.net 00:00:26.73]     Appostolic.Api.Tests.Api.AuditTrailTests.Set_roles_writes_audit_row_with_old_and_new_roles [FAIL]</Text>
      </RunInfo>
      <RunInfo computerName="mac" outcome="Error" timestamp="2025-09-21T22:36:46.3022970-05:00">
        <Text>[xUnit.net 00:00:27.01]     Appostolic.Api.Tests.Api.AuthPasswordFlowsTests.ChangePassword_WithAuth_UpdatesPassword [FAIL]</Text>
      </RunInfo>
      <RunInfo computerName="mac" outcome="Error" timestamp="2025-09-21T22:36:47.2745060-05:00">
        <Text>[xUnit.net 00:00:27.98]     Appostolic.Api.Tests.Api.AssignmentsApiTests.Cannot_remove_last_admin_via_flags_returns_409 [FAIL]</Text>
      </RunInfo>
      <RunInfo computerName="mac" outcome="Error" timestamp="2025-09-21T22:36:47.2799970-05:00">
        <Text>[xUnit.net 00:00:27.98]     Appostolic.Api.Tests.Api.AssignmentsApiTests.Set_roles_returns_404_when_membership_missing_and_400_for_invalid_flag [FAIL]</Text>
      </RunInfo>
      <RunInfo computerName="mac" outcome="Error" timestamp="2025-09-21T22:36:47.2835820-05:00">
        <Text>[xUnit.net 00:00:27.99]     Appostolic.Api.Tests.Api.AssignmentsApiTests.Set_roles_replaces_flags_and_allows_noop [FAIL]</Text>
      </RunInfo>
      <RunInfo computerName="mac" outcome="Error" timestamp="2025-09-21T22:36:47.2860820-05:00">
        <Text>[xUnit.net 00:00:27.99]     Appostolic.Api.Tests.Api.AssignmentsApiTests.List_memberships_requires_admin_and_returns_roles [FAIL]</Text>
      </RunInfo>
      <RunInfo computerName="mac" outcome="Error" timestamp="2025-09-21T22:36:47.2885170-05:00">
        <Text>[xUnit.net 00:00:27.99]     Appostolic.Api.Tests.Api.AssignmentsApiTests.Non_admin_cannot_set_roles [FAIL]</Text>
      </RunInfo>
    </RunInfos>
  </ResultSummary>
</TestRun>