<?xml version="1.0" encoding="utf-8"?>
<TestRun id="5336ef93-e176-41c4-8f55-f293980a21c2" name="@MacBook-Pro-2 2025-09-16 17:59:32" xmlns="http://microsoft.com/schemas/VisualStudio/TeamTest/2010">
  <Times creation="2025-09-16T17:59:32.8071870-05:00" queuing="2025-09-16T17:59:32.8071870-05:00" start="2025-09-16T17:59:31.2053760-05:00" finish="2025-09-16T17:59:45.2897650-05:00" />
  <TestSettings name="default" id="40eae1cd-ac1d-4a57-8566-05abb0a7309a">
    <Deployment runDeploymentRoot="_MacBook-Pro-2_2025-09-16_17_59_32" />
  </TestSettings>
  <Results>
    <UnitTestResult executionId="e935dea0-05c3-4dd9-a6d3-d28cc443a497" testId="8e86fe7c-6239-7009-e550-a3b2b1493955" testName="Appostolic.Api.Tests.Api.MembersListTests.Viewer_gets_403_for_members_list" computerName="MacBook-Pro-2" duration="00:00:00.1996586" startTime="2025-09-16T17:59:32.7374130-05:00" endTime="2025-09-16T17:59:32.7374130-05:00" testType="13cdc9d9-ddb5-4fa4-a97d-d965ccfc6d4b" outcome="Passed" testListId="8c84fa94-04c1-424b-9868-57a2d4851a1d" relativeResultsDirectory="e935dea0-05c3-4dd9-a6d3-d28cc443a497" />
    <UnitTestResult executionId="f20600df-fdad-44b9-a6be-a9438bfeac5c" testId="03cb9965-4934-50d0-65d4-2c790e264e80" testName="Appostolic.Api.Tests.E2E.AgentTasksE2E_List.Inbox_List_Orders_By_CreatedAt_Desc_And_Pages" computerName="MacBook-Pro-2" duration="00:00:00.3475904" startTime="2025-09-16T17:59:36.5840660-05:00" endTime="2025-09-16T17:59:36.5840660-05:00" testType="13cdc9d9-ddb5-4fa4-a97d-d965ccfc6d4b" outcome="Passed" testListId="8c84fa94-04c1-424b-9868-57a2d4851a1d" relativeResultsDirectory="f20600df-fdad-44b9-a6be-a9438bfeac5c" />
    <UnitTestResult executionId="0a454cca-308e-426e-afc7-5433612a3d52" testId="b2e4b89c-c96f-83af-e281-01d9319a9bb8" testName="Appostolic.Api.Tests.Api.MembersManagementTests.Admin_cannot_assign_owner_but_owner_can" computerName="MacBook-Pro-2" duration="00:00:00.0113320" startTime="2025-09-16T17:59:40.1739970-05:00" endTime="2025-09-16T17:59:40.1739970-05:00" testType="13cdc9d9-ddb5-4fa4-a97d-d965ccfc6d4b" outcome="Passed" testListId="8c84fa94-04c1-424b-9868-57a2d4851a1d" relativeResultsDirectory="0a454cca-308e-426e-afc7-5433612a3d52" />
    <UnitTestResult executionId="dd066464-4c39-47f5-8624-d87e59ec15f5" testId="c35bbf40-7110-f612-4b6b-649678070e6a" testName="Appostolic.Api.Tests.Storage.S3ObjectStorageServiceTests.UploadAsync_FallbacksToBucketRegionUrl_WhenNoPublicBaseUrl" computerName="MacBook-Pro-2" duration="00:00:00.0268658" startTime="2025-09-16T17:59:39.8694040-05:00" endTime="2025-09-16T17:59:39.8694040-05:00" testType="13cdc9d9-ddb5-4fa4-a97d-d965ccfc6d4b" outcome="Passed" testListId="8c84fa94-04c1-424b-9868-57a2d4851a1d" relativeResultsDirectory="dd066464-4c39-47f5-8624-d87e59ec15f5" />
    <UnitTestResult executionId="334b28bb-4c8a-430f-92b0-bbe299603597" testId="b0d19a9b-4021-9eed-3094-0cb81617cae0" testName="Appostolic.Api.Tests.Api.TenantSettingsEndpointsTests.Get_Settings_Returns_Empty_Object_When_Null" computerName="MacBook-Pro-2" duration="00:00:00.0011735" startTime="2025-09-16T17:59:42.4514370-05:00" endTime="2025-09-16T17:59:42.4514370-05:00" testType="13cdc9d9-ddb5-4fa4-a97d-d965ccfc6d4b" outcome="Passed" testListId="8c84fa94-04c1-424b-9868-57a2d4851a1d" relativeResultsDirectory="334b28bb-4c8a-430f-92b0-bbe299603597" />
    <UnitTestResult executionId="ec3a1163-a2d1-4162-a6d9-49345d05d0b2" testId="cb3a79b8-8a20-d72b-fe66-3be39a479486" testName="Appostolic.Api.Tests.AgentOrchestratorTests.Cancellation_StopsMidRun" computerName="MacBook-Pro-2" duration="00:00:00.0153449" startTime="2025-09-16T17:59:38.4109190-05:00" endTime="2025-09-16T17:59:38.4109190-05:00" testType="13cdc9d9-ddb5-4fa4-a97d-d965ccfc6d4b" outcome="Passed" testListId="8c84fa94-04c1-424b-9868-57a2d4851a1d" relativeResultsDirectory="ec3a1163-a2d1-4162-a6d9-49345d05d0b2" />
    <UnitTestResult executionId="cbddd7f9-cb78-4be8-be38-0085c960eb35" testId="7c574249-6de4-087c-ac92-00dedf541e78" testName="Appostolic.Api.Tests.Api.NotificationsProdEndpointsTests.Tenant_owner_can_list_and_retry_within_tenant" computerName="MacBook-Pro-2" duration="00:00:00.1245757" startTime="2025-09-16T17:59:43.3603300-05:00" endTime="2025-09-16T17:59:43.3603310-05:00" testType="13cdc9d9-ddb5-4fa4-a97d-d965ccfc6d4b" outcome="Passed" testListId="8c84fa94-04c1-424b-9868-57a2d4851a1d" relativeResultsDirectory="cbddd7f9-cb78-4be8-be38-0085c960eb35" />
    <UnitTestResult executionId="b524817c-f30e-4766-b3f2-660553863f20" testId="da0da417-eb80-7ca8-c2a7-2b93c4d78528" testName="Appostolic.Api.Tests.Api.InvitesRolesFlagsTests.Accept_Invite_Sets_Membership_Roles_Flags" computerName="MacBook-Pro-2" duration="00:00:00.0312033" startTime="2025-09-16T17:59:33.5975880-05:00" endTime="2025-09-16T17:59:33.5975880-05:00" testType="13cdc9d9-ddb5-4fa4-a97d-d965ccfc6d4b" outcome="Passed" testListId="8c84fa94-04c1-424b-9868-57a2d4851a1d" relativeResultsDirectory="b524817c-f30e-4766-b3f2-660553863f20" />
    <UnitTestResult executionId="50f97881-8451-4783-b6c9-ef20df6912cf" testId="f7e247f1-8de7-594b-e638-b4ec989d69be" testName="Appostolic.Api.Tests.AgentTasks.AgentTasksCancelRetryTests.Cancel_Pending_Task_IsCanceledImmediately" computerName="MacBook-Pro-2" duration="00:00:00.1547989" startTime="2025-09-16T17:59:39.4309520-05:00" endTime="2025-09-16T17:59:39.4309520-05:00" testType="13cdc9d9-ddb5-4fa4-a97d-d965ccfc6d4b" outcome="Passed" testListId="8c84fa94-04c1-424b-9868-57a2d4851a1d" relativeResultsDirectory="50f97881-8451-4783-b6c9-ef20df6912cf" />
    <UnitTestResult executionId="69c5d454-04f1-466f-b8e1-e81580e4deec" testId="5385030b-1302-b289-00d9-288b4f75839d" testName="Appostolic.Api.Tests.Privacy.PIIRedactorTests.RedactEmail_Works(input: &quot;user@example.com&quot;, expected: &quot;u***@example.com&quot;)" computerName="MacBook-Pro-2" duration="00:00:00.0003459" startTime="2025-09-16T17:59:32.7799860-05:00" endTime="2025-09-16T17:59:32.7799860-05:00" testType="13cdc9d9-ddb5-4fa4-a97d-d965ccfc6d4b" outcome="Passed" testListId="8c84fa94-04c1-424b-9868-57a2d4851a1d" relativeResultsDirectory="69c5d454-04f1-466f-b8e1-e81580e4deec" />
    <UnitTestResult executionId="3e89ae7e-755e-4802-9e0c-aaa8d9b0ddf1" testId="1cbf8040-fb9a-a69f-ea84-9d0fb171e9ce" testName="Appostolic.Api.Tests.Api.DenominationsMetadataTests.RequiresAuth" computerName="MacBook-Pro-2" duration="00:00:00.0025116" startTime="2025-09-16T17:59:36.2359060-05:00" endTime="2025-09-16T17:59:36.2359060-05:00" testType="13cdc9d9-ddb5-4fa4-a97d-d965ccfc6d4b" outcome="Passed" testListId="8c84fa94-04c1-424b-9868-57a2d4851a1d" relativeResultsDirectory="3e89ae7e-755e-4802-9e0c-aaa8d9b0ddf1" />
    <UnitTestResult executionId="46b961b9-05ec-4a64-9519-7e0b47e34f4e" testId="f36e146c-5e84-0e67-2982-f20e16e0dd68" testName="Appostolic.Api.Tests.ModelMappingTests.Agent_check_constraints_are_configured_in_model" computerName="MacBook-Pro-2" duration="00:00:00.0387823" startTime="2025-09-16T17:59:33.7909880-05:00" endTime="2025-09-16T17:59:33.7909880-05:00" testType="13cdc9d9-ddb5-4fa4-a97d-d965ccfc6d4b" outcome="Passed" testListId="8c84fa94-04c1-424b-9868-57a2d4851a1d" relativeResultsDirectory="46b961b9-05ec-4a64-9519-7e0b47e34f4e" />
    <UnitTestResult executionId="1e836008-b44f-4839-b5c1-f04fd4b17ba6" testId="2c0e3ce9-5829-44ef-fbae-e96e2c0f5de9" testName="Appostolic.Api.Tests.Model.TokenEstimatorTests.EstimateTokens_Heuristic_CeilPer4Chars(text: &quot;abcdefgh&quot;, expected: 2)" computerName="MacBook-Pro-2" duration="00:00:00.0000911" startTime="2025-09-16T17:59:38.4113770-05:00" endTime="2025-09-16T17:59:38.4113780-05:00" testType="13cdc9d9-ddb5-4fa4-a97d-d965ccfc6d4b" outcome="Passed" testListId="8c84fa94-04c1-424b-9868-57a2d4851a1d" relativeResultsDirectory="1e836008-b44f-4839-b5c1-f04fd4b17ba6" />
    <UnitTestResult executionId="05aa9792-d539-42f4-b798-94e927f814f2" testId="1f65e069-4a6f-ccd5-bb6b-41fba0e75604" testName="Appostolic.Api.Tests.Api.NotificationsAdminEndpointsTests.Resend_metrics_emitted_for_manual_and_bulk" computerName="MacBook-Pro-2" duration="00:00:00.1351628" startTime="2025-09-16T17:59:37.9277640-05:00" endTime="2025-09-16T17:59:37.9277640-05:00" testType="13cdc9d9-ddb5-4fa4-a97d-d965ccfc6d4b" outcome="Passed" testListId="8c84fa94-04c1-424b-9868-57a2d4851a1d" relativeResultsDirectory="05aa9792-d539-42f4-b798-94e927f814f2" />
    <UnitTestResult executionId="4e0905d1-e82f-41d0-8273-5f795de20e50" testId="fc170f06-7a65-44e3-9780-d428f13f33ad" testName="Appostolic.Api.Tests.SmokeTests.Health_ReturnsOk" computerName="MacBook-Pro-2" duration="00:00:00.1724496" startTime="2025-09-16T17:59:38.3693760-05:00" endTime="2025-09-16T17:59:38.3693760-05:00" testType="13cdc9d9-ddb5-4fa4-a97d-d965ccfc6d4b" outcome="Passed" testListId="8c84fa94-04c1-424b-9868-57a2d4851a1d" relativeResultsDirectory="4e0905d1-e82f-41d0-8273-5f795de20e50" />
    <UnitTestResult executionId="ab26eef9-2d33-4c28-804b-54276dd5a76a" testId="d9d051a9-d261-1011-dbde-e42b30d539a9" testName="Appostolic.Api.Tests.Orchestrator.AgentOrchestratorTests.ToolMissing_FailsWithToolNotFound" computerName="MacBook-Pro-2" duration="00:00:00.0009928" startTime="2025-09-16T17:59:43.0051820-05:00" endTime="2025-09-16T17:59:43.0051820-05:00" testType="13cdc9d9-ddb5-4fa4-a97d-d965ccfc6d4b" outcome="Passed" testListId="8c84fa94-04c1-424b-9868-57a2d4851a1d" relativeResultsDirectory="ab26eef9-2d33-4c28-804b-54276dd5a76a" />
    <UnitTestResult executionId="1cce1334-f8d2-442b-bc0e-d084c5562015" testId="ed8d7d20-a6f1-0500-d78a-14c17a721b87" testName="Appostolic.Api.Tests.AgentOrchestratorTests.MaxStepsExceeded_FailsAfterCap" computerName="MacBook-Pro-2" duration="00:00:00.0015926" startTime="2025-09-16T17:59:38.3896170-05:00" endTime="2025-09-16T17:59:38.3896170-05:00" testType="13cdc9d9-ddb5-4fa4-a97d-d965ccfc6d4b" outcome="Passed" testListId="8c84fa94-04c1-424b-9868-57a2d4851a1d" relativeResultsDirectory="1cce1334-f8d2-442b-bc0e-d084c5562015" />
    <UnitTestResult executionId="0fa87375-70bc-4a77-9055-2c433143b084" testId="9c020064-9cbb-7975-d5c0-9dc48d581775" testName="Appostolic.Api.Tests.Api.AgentTasksEndpointsTests.CreateTask_Returns201AndSummary" computerName="MacBook-Pro-2" duration="00:00:00.1188772" startTime="2025-09-16T17:59:43.8591650-05:00" endTime="2025-09-16T17:59:43.8591650-05:00" testType="13cdc9d9-ddb5-4fa4-a97d-d965ccfc6d4b" outcome="Passed" testListId="8c84fa94-04c1-424b-9868-57a2d4851a1d" relativeResultsDirectory="0fa87375-70bc-4a77-9055-2c433143b084" />
    <UnitTestResult executionId="b36b1798-5898-426a-85ee-05de4695355e" testId="691bf80d-9ec7-7de8-ad81-702e4cdb8bfd" testName="WebSearchToolTests.Take_limits_results" computerName="MacBook-Pro-2" duration="00:00:00.0019983" startTime="2025-09-16T17:59:35.4832290-05:00" endTime="2025-09-16T17:59:35.4832300-05:00" testType="13cdc9d9-ddb5-4fa4-a97d-d965ccfc6d4b" outcome="Passed" testListId="8c84fa94-04c1-424b-9868-57a2d4851a1d" relativeResultsDirectory="b36b1798-5898-426a-85ee-05de4695355e" />
    <UnitTestResult executionId="923ed5c2-a47a-40ae-b3cc-56d31161d1c6" testId="c14df636-a969-3c53-ec76-0aeb4c5b250c" testName="Appostolic.Api.Tests.Api.DevGrantRolesEndpointTests.Returns_400_for_invalid_role_name" computerName="MacBook-Pro-2" duration="00:00:00.0032113" startTime="2025-09-16T17:59:42.6038090-05:00" endTime="2025-09-16T17:59:42.6038100-05:00" testType="13cdc9d9-ddb5-4fa4-a97d-d965ccfc6d4b" outcome="Passed" testListId="8c84fa94-04c1-424b-9868-57a2d4851a1d" relativeResultsDirectory="923ed5c2-a47a-40ae-b3cc-56d31161d1c6" />
    <UnitTestResult executionId="80fb704c-149e-4315-a6cb-e107d76fb153" testId="6b0df781-2303-2b77-2cc6-dbbd4c3e9e73" testName="Appostolic.Api.Tests.Api.AuditTrailTests.Set_roles_writes_audit_row_with_old_and_new_roles" computerName="MacBook-Pro-2" duration="00:00:00.1355027" startTime="2025-09-16T17:59:38.8629830-05:00" endTime="2025-09-16T17:59:38.8629830-05:00" testType="13cdc9d9-ddb5-4fa4-a97d-d965ccfc6d4b" outcome="Passed" testListId="8c84fa94-04c1-424b-9868-57a2d4851a1d" relativeResultsDirectory="80fb704c-149e-4315-a6cb-e107d76fb153" />
    <UnitTestResult executionId="e5a965a5-9c83-42b7-87e5-863fc7b8b0fb" testId="8f26075f-925c-4688-bf33-abe324c4e160" testName="Appostolic.Api.Tests.Api.ToolCatalogTests.Tools_Catalog_Lists_Registered_Tools_With_Categories" computerName="MacBook-Pro-2" duration="00:00:00.1244947" startTime="2025-09-16T17:59:38.5360800-05:00" endTime="2025-09-16T17:59:38.5360800-05:00" testType="13cdc9d9-ddb5-4fa4-a97d-d965ccfc6d4b" outcome="Passed" testListId="8c84fa94-04c1-424b-9868-57a2d4851a1d" relativeResultsDirectory="e5a965a5-9c83-42b7-87e5-863fc7b8b0fb" />
    <UnitTestResult executionId="dcf3ad02-45f9-4feb-97a1-0d902572ba17" testId="5ad39d2c-d77f-b72d-621d-dc03058b3c06" testName="Appostolic.Api.Tests.Notifications.MagicLinkEmailTests.Renders_MagicLink_Snapshots_With_Link" computerName="MacBook-Pro-2" duration="00:00:00.0055830" startTime="2025-09-16T17:59:43.8864870-05:00" endTime="2025-09-16T17:59:43.8864870-05:00" testType="13cdc9d9-ddb5-4fa4-a97d-d965ccfc6d4b" outcome="Passed" testListId="8c84fa94-04c1-424b-9868-57a2d4851a1d" relativeResultsDirectory="dcf3ad02-45f9-4feb-97a1-0d902572ba17" />
    <UnitTestResult executionId="81381dae-0d1a-4929-9f85-b79c22d37418" testId="4f12e680-b238-5f1e-d786-32a29acea93b" testName="Appostolic.Api.Tests.EmailProviderSelectionTests.Resolves_SendGrid_sender_when_provider_sendgrid" computerName="MacBook-Pro-2" duration="00:00:00.0697300" startTime="2025-09-16T17:59:32.9416520-05:00" endTime="2025-09-16T17:59:32.9416520-05:00" testType="13cdc9d9-ddb5-4fa4-a97d-d965ccfc6d4b" outcome="Passed" testListId="8c84fa94-04c1-424b-9868-57a2d4851a1d" relativeResultsDirectory="81381dae-0d1a-4929-9f85-b79c22d37418" />
    <UnitTestResult executionId="60a82f3d-7fc3-4677-a297-c4b22e938826" testId="689d43e4-6cb5-4009-1ac6-7e50bf4ccc94" testName="Appostolic.Api.Tests.Api.UserAvatarEndpointsTests.UploadAvatar_Succeeds_WithPngUnder2MB" computerName="MacBook-Pro-2" duration="00:00:00.0360405" startTime="2025-09-16T17:59:34.1502790-05:00" endTime="2025-09-16T17:59:34.1502790-05:00" testType="13cdc9d9-ddb5-4fa4-a97d-d965ccfc6d4b" outcome="Failed" testListId="8c84fa94-04c1-424b-9868-57a2d4851a1d" relativeResultsDirectory="60a82f3d-7fc3-4677-a297-c4b22e938826">
      <Output>
        <ErrorInfo>
          <Message>Expected res.StatusCode to be HttpStatusCode.OK {value: 200}, but found HttpStatusCode.BadRequest {value: 400}.</Message>
          <StackTrace>   at FluentAssertions.Execution.XUnit2TestFramework.Throw(String message)
   at FluentAssertions.Execution.TestFrameworkProvider.Throw(String message)
   at FluentAssertions.Execution.DefaultAssertionStrategy.HandleFailure(String message)
   at FluentAssertions.Execution.AssertionScope.FailWith(Func`1 failReasonFunc)
   at FluentAssertions.Execution.AssertionScope.FailWith(Func`1 failReasonFunc)
   at FluentAssertions.Execution.AssertionScope.FailWith(String message, Object[] args)
   at FluentAssertions.Primitives.EnumAssertions`2.Be(TEnum expected, String because, Object[] becauseArgs)
   at Appostolic.Api.Tests.Api.UserAvatarEndpointsTests.UploadAvatar_Succeeds_WithPngUnder2MB() in /Users/kevinmccreary/appostolic/apps/api.tests/Api/UserAvatarEndpointsTests.cs:line 41
--- End of stack trace from previous location ---</StackTrace>
        </ErrorInfo>
      </Output>
    </UnitTestResult>
    <UnitTestResult executionId="b6e753bf-c293-4cfc-a333-9fc6343c82c4" testId="caeaccb8-00ea-302b-441d-17caf5fd9b5d" testName="Appostolic.Api.Tests.ModelMappingTests.Notification_resend_fields_are_mapped_with_indexes" computerName="MacBook-Pro-2" duration="00:00:00.0007242" startTime="2025-09-16T17:59:33.7917380-05:00" endTime="2025-09-16T17:59:33.7917380-05:00" testType="13cdc9d9-ddb5-4fa4-a97d-d965ccfc6d4b" outcome="Passed" testListId="8c84fa94-04c1-424b-9868-57a2d4851a1d" relativeResultsDirectory="b6e753bf-c293-4cfc-a333-9fc6343c82c4" />
    <UnitTestResult executionId="cdd67700-e55d-4725-82bc-8447655d460a" testId="d8682838-1d38-dd8e-6c89-ae1bda81fecb" testName="Appostolic.Api.Tests.Api.MembersListTests.Owner_can_list_members" computerName="MacBook-Pro-2" duration="00:00:00.0359953" startTime="2025-09-16T17:59:32.7735650-05:00" endTime="2025-09-16T17:59:32.7735650-05:00" testType="13cdc9d9-ddb5-4fa4-a97d-d965ccfc6d4b" outcome="Passed" testListId="8c84fa94-04c1-424b-9868-57a2d4851a1d" relativeResultsDirectory="cdd67700-e55d-4725-82bc-8447655d460a" />
    <UnitTestResult executionId="fa905911-9265-445b-b33f-f5ead02aa33a" testId="21ae461c-c70e-da1d-6ae3-1fc6937d571a" testName="Appostolic.Api.Tests.Privacy.LoggingPIIScopeTests.PhoneScope_IncludesRedactedAndHash_WhenEnabled" computerName="MacBook-Pro-2" duration="00:00:00.0002074" startTime="2025-09-16T17:59:38.5382000-05:00" endTime="2025-09-16T17:59:38.5382000-05:00" testType="13cdc9d9-ddb5-4fa4-a97d-d965ccfc6d4b" outcome="Passed" testListId="8c84fa94-04c1-424b-9868-57a2d4851a1d" relativeResultsDirectory="fa905911-9265-445b-b33f-f5ead02aa33a" />
    <UnitTestResult executionId="fe46a7f2-2935-4b97-84ad-c7d12754abb1" testId="c62ff6f8-900b-a165-229e-1d83d314982c" testName="Appostolic.Api.Tests.Storage.ObjectStorageDeleteTests.S3_DeleteAsync_CallsDeleteObject" computerName="MacBook-Pro-2" duration="00:00:00.0017021" startTime="2025-09-16T17:59:40.1823610-05:00" endTime="2025-09-16T17:59:40.1823610-05:00" testType="13cdc9d9-ddb5-4fa4-a97d-d965ccfc6d4b" outcome="Passed" testListId="8c84fa94-04c1-424b-9868-57a2d4851a1d" relativeResultsDirectory="fe46a7f2-2935-4b97-84ad-c7d12754abb1" />
    <UnitTestResult executionId="e55617d7-95e4-4fad-b720-3781c6b65fec" testId="0d699ea2-79e9-9f01-d2d5-fca82a358bb0" testName="Appostolic.Api.Tests.Api.NotificationsAdminEndpointsTests.List_and_retry_notifications_work" computerName="MacBook-Pro-2" duration="00:00:00.1577250" startTime="2025-09-16T17:59:37.6605770-05:00" endTime="2025-09-16T17:59:37.6605770-05:00" testType="13cdc9d9-ddb5-4fa4-a97d-d965ccfc6d4b" outcome="Passed" testListId="8c84fa94-04c1-424b-9868-57a2d4851a1d" relativeResultsDirectory="e55617d7-95e4-4fad-b720-3781c6b65fec" />
    <UnitTestResult executionId="385f3208-577b-4663-a731-bb79f588485b" testId="eac43a08-1201-428f-7efa-904ba4876682" testName="Appostolic.Api.Tests.Api.UserAvatarEndpointsTests.UploadAvatar_Rejects_TooLarge" computerName="MacBook-Pro-2" duration="00:00:00.1681265" startTime="2025-09-16T17:59:33.9607550-05:00" endTime="2025-09-16T17:59:33.9607550-05:00" testType="13cdc9d9-ddb5-4fa4-a97d-d965ccfc6d4b" outcome="Passed" testListId="8c84fa94-04c1-424b-9868-57a2d4851a1d" relativeResultsDirectory="385f3208-577b-4663-a731-bb79f588485b" />
    <UnitTestResult executionId="35bf666e-cf93-4b9c-9b43-0a27866e1306" testId="1cfc69b2-92d0-7e18-c868-129765966147" testName="Appostolic.Api.Tests.Auth.SignupTests.Signup_SelfServe_CreatesUserAndPersonalTenant" computerName="MacBook-Pro-2" duration="00:00:00.2454033" startTime="2025-09-16T17:59:36.8394210-05:00" endTime="2025-09-16T17:59:36.8394210-05:00" testType="13cdc9d9-ddb5-4fa4-a97d-d965ccfc6d4b" outcome="Passed" testListId="8c84fa94-04c1-424b-9868-57a2d4851a1d" relativeResultsDirectory="35bf666e-cf93-4b9c-9b43-0a27866e1306" />
    <UnitTestResult executionId="70ef5dc6-bf67-4600-97be-8d3beecfd4fb" testId="f53587d7-cc90-0182-8a77-44034bb01e5e" testName="Appostolic.Api.Tests.ModelMappingTests.Agent_indexes_are_configured_in_model" computerName="MacBook-Pro-2" duration="00:00:00.0002642" startTime="2025-09-16T17:59:33.7922900-05:00" endTime="2025-09-16T17:59:33.7922910-05:00" testType="13cdc9d9-ddb5-4fa4-a97d-d965ccfc6d4b" outcome="Passed" testListId="8c84fa94-04c1-424b-9868-57a2d4851a1d" relativeResultsDirectory="70ef5dc6-bf67-4600-97be-8d3beecfd4fb" />
    <UnitTestResult executionId="a2e4517c-01a6-4b0e-8732-ec244f5ed0aa" testId="8a436d67-15f2-8a6f-b3c8-3df7d72a7066" testName="Appostolic.Api.Tests.E2E.AgentTasksE2E_Allowlist.Allowlist_Denied_Tool_Produces_Failed_Task_With_Error_Trace" computerName="MacBook-Pro-2" duration="00:00:00.2400531" startTime="2025-09-16T17:59:43.7398840-05:00" endTime="2025-09-16T17:59:43.7398840-05:00" testType="13cdc9d9-ddb5-4fa4-a97d-d965ccfc6d4b" outcome="Passed" testListId="8c84fa94-04c1-424b-9868-57a2d4851a1d" relativeResultsDirectory="a2e4517c-01a6-4b0e-8732-ec244f5ed0aa" />
    <UnitTestResult executionId="fa4be29e-a081-4ea0-937e-d421090668c7" testId="bde04400-fb2a-d1b4-e9d5-727f1b9bbed1" testName="Appostolic.Api.Tests.EmailDispatcherTests.Dispatcher_redacts_email_in_log_scope" computerName="MacBook-Pro-2" duration="00:00:00.0015831" startTime="2025-09-16T17:59:43.8727470-05:00" endTime="2025-09-16T17:59:43.8727470-05:00" testType="13cdc9d9-ddb5-4fa4-a97d-d965ccfc6d4b" outcome="Passed" testListId="8c84fa94-04c1-424b-9868-57a2d4851a1d" relativeResultsDirectory="fa4be29e-a081-4ea0-937e-d421090668c7" />
    <UnitTestResult executionId="d020bcff-e5cf-4c8b-9f67-2d129d0a7837" testId="d59725be-2270-85f4-1a24-f28884383b83" testName="Appostolic.Api.Tests.Api.NotificationsAdminEndpointsTests.Resend_history_lists_children_with_paging_and_scoping" computerName="MacBook-Pro-2" duration="00:00:00.1315716" startTime="2025-09-16T17:59:37.7923890-05:00" endTime="2025-09-16T17:59:37.7923890-05:00" testType="13cdc9d9-ddb5-4fa4-a97d-d965ccfc6d4b" outcome="Passed" testListId="8c84fa94-04c1-424b-9868-57a2d4851a1d" relativeResultsDirectory="d020bcff-e5cf-4c8b-9f67-2d129d0a7837" />
    <UnitTestResult executionId="521fd468-20af-42c6-aba3-dfcbcdde21dd" testId="eb812c29-73b3-e923-42de-8821a188e94a" testName="Appostolic.Api.Tests.Notifications.NotificationsPiiScrubTests.Scrubs_before_delete_windows_and_deletes_at_cutoff" computerName="MacBook-Pro-2" duration="00:00:00.0623509" startTime="2025-09-16T17:59:33.1590040-05:00" endTime="2025-09-16T17:59:33.1590040-05:00" testType="13cdc9d9-ddb5-4fa4-a97d-d965ccfc6d4b" outcome="Passed" testListId="8c84fa94-04c1-424b-9868-57a2d4851a1d" relativeResultsDirectory="521fd468-20af-42c6-aba3-dfcbcdde21dd" />
    <UnitTestResult executionId="63f981bf-a691-43b9-9dfe-fc93a0c78159" testId="784ad7dc-5a89-a731-4a54-d985f0ba330c" testName="Appostolic.Api.Tests.Notifications.AutoResendScannerTests.Respects_throttle_window" computerName="MacBook-Pro-2" duration="00:00:00.0012694" startTime="2025-09-16T17:59:42.6314360-05:00" endTime="2025-09-16T17:59:42.6314360-05:00" testType="13cdc9d9-ddb5-4fa4-a97d-d965ccfc6d4b" outcome="Passed" testListId="8c84fa94-04c1-424b-9868-57a2d4851a1d" relativeResultsDirectory="63f981bf-a691-43b9-9dfe-fc93a0c78159" />
    <UnitTestResult executionId="d0ee0605-0ed0-4a37-ad88-3302d9755295" testId="29cdf802-09fa-4c20-1649-a919d0e03e4d" testName="Appostolic.Api.Tests.Api.AssignmentsApiTests.Set_roles_replaces_flags_and_allows_noop" computerName="MacBook-Pro-2" duration="00:00:00.0042289" startTime="2025-09-16T17:59:39.0042330-05:00" endTime="2025-09-16T17:59:39.0042330-05:00" testType="13cdc9d9-ddb5-4fa4-a97d-d965ccfc6d4b" outcome="Passed" testListId="8c84fa94-04c1-424b-9868-57a2d4851a1d" relativeResultsDirectory="d0ee0605-0ed0-4a37-ad88-3302d9755295" />
    <UnitTestResult executionId="d1434a1c-84d1-4fc1-ab73-e3da2b2b2b71" testId="b672c70e-eca2-f979-b482-5169b705a205" testName="Appostolic.Api.Tests.Api.AgentsEndpointsTests.Agents_CRUD_HappyPath" computerName="MacBook-Pro-2" duration="00:00:00.0369478" startTime="2025-09-16T17:59:33.4041420-05:00" endTime="2025-09-16T17:59:33.4041420-05:00" testType="13cdc9d9-ddb5-4fa4-a97d-d965ccfc6d4b" outcome="Passed" testListId="8c84fa94-04c1-424b-9868-57a2d4851a1d" relativeResultsDirectory="d1434a1c-84d1-4fc1-ab73-e3da2b2b2b71" />
    <UnitTestResult executionId="da8e3c94-3e55-4d94-bf2a-b255e5b79a88" testId="e74b4a4d-4fe0-004f-1c01-e9508924afd9" testName="Appostolic.Api.Tests.Api.AgentsEndpointsTests.Agents_Validation_Errors" computerName="MacBook-Pro-2" duration="00:00:00.1307840" startTime="2025-09-16T17:59:33.3670310-05:00" endTime="2025-09-16T17:59:33.3670310-05:00" testType="13cdc9d9-ddb5-4fa4-a97d-d965ccfc6d4b" outcome="Passed" testListId="8c84fa94-04c1-424b-9868-57a2d4851a1d" relativeResultsDirectory="da8e3c94-3e55-4d94-bf2a-b255e5b79a88" />
    <UnitTestResult executionId="1fd9eaae-c3c9-4b97-bd38-d5bac9b6e7fa" testId="471ada29-d1b9-b714-f87d-61c9b416c255" testName="Appostolic.Api.Tests.Privacy.PIIRedactorTests.RedactPhone_Works(input: &quot;+1 (555) 123-4567&quot;, expected: &quot;***4567&quot;)" computerName="MacBook-Pro-2" duration="00:00:00.0000020" startTime="2025-09-16T17:59:32.7804850-05:00" endTime="2025-09-16T17:59:32.7804850-05:00" testType="13cdc9d9-ddb5-4fa4-a97d-d965ccfc6d4b" outcome="Passed" testListId="8c84fa94-04c1-424b-9868-57a2d4851a1d" relativeResultsDirectory="1fd9eaae-c3c9-4b97-bd38-d5bac9b6e7fa" />
    <UnitTestResult executionId="a7209e75-7f8a-49ec-9249-5b64976a8061" testId="e507a4d5-4aa9-7d32-05a9-ecfa3f03323d" testName="Appostolic.Api.Tests.Security.AgentTasksAuthContractTests.ListEndpoint_RequiresDevHeaders" computerName="MacBook-Pro-2" duration="00:00:00.3638071" startTime="2025-09-16T17:59:42.9954950-05:00" endTime="2025-09-16T17:59:42.9954950-05:00" testType="13cdc9d9-ddb5-4fa4-a97d-d965ccfc6d4b" outcome="Passed" testListId="8c84fa94-04c1-424b-9868-57a2d4851a1d" relativeResultsDirectory="a7209e75-7f8a-49ec-9249-5b64976a8061" />
    <UnitTestResult executionId="35d0e375-6e58-4e64-8828-d1c0911339a3" testId="33c114dd-901b-348b-cb07-4ff32816218d" testName="Appostolic.Api.Tests.AgentConstraintTests.Agent_MaxSteps_out_of_range_throws_in_domain_constructor" computerName="MacBook-Pro-2" duration="00:00:00.0007180" startTime="2025-09-16T17:59:37.0726050-05:00" endTime="2025-09-16T17:59:37.0726050-05:00" testType="13cdc9d9-ddb5-4fa4-a97d-d965ccfc6d4b" outcome="Passed" testListId="8c84fa94-04c1-424b-9868-57a2d4851a1d" relativeResultsDirectory="35d0e375-6e58-4e64-8828-d1c0911339a3" />
    <UnitTestResult executionId="36a0909e-78c6-4f46-adaf-9b2f2532b088" testId="11acc57e-e7b4-9c88-543d-dd88434937c6" testName="Appostolic.Api.Tests.Api.AuthPasswordFlowsTests.ChangePassword_WithWrongCurrent_ReturnsUnauthorized" computerName="MacBook-Pro-2" duration="00:00:00.4983341" startTime="2025-09-16T17:59:41.9020920-05:00" endTime="2025-09-16T17:59:41.9020920-05:00" testType="13cdc9d9-ddb5-4fa4-a97d-d965ccfc6d4b" outcome="Passed" testListId="8c84fa94-04c1-424b-9868-57a2d4851a1d" relativeResultsDirectory="36a0909e-78c6-4f46-adaf-9b2f2532b088" />
    <UnitTestResult executionId="60cae535-02e0-4057-9c37-0ec8261bda62" testId="e0724a8e-d699-09ac-c090-59791deb23d9" testName="Appostolic.Api.Tests.Api.NotificationsAdminEndpointsTests.Resend_dev_endpoint_creates_and_throttles" computerName="MacBook-Pro-2" duration="00:00:00.1382139" startTime="2025-09-16T17:59:37.5026350-05:00" endTime="2025-09-16T17:59:37.5026350-05:00" testType="13cdc9d9-ddb5-4fa4-a97d-d965ccfc6d4b" outcome="Passed" testListId="8c84fa94-04c1-424b-9868-57a2d4851a1d" relativeResultsDirectory="60cae535-02e0-4057-9c37-0ec8261bda62" />
    <UnitTestResult executionId="b9764605-45e9-4c1d-a624-51a6a0bb3586" testId="fdf88970-87c6-f740-810f-e878127ff782" testName="Appostolic.Api.Tests.Api.NotificationsProdEndpointsTests.Resend_returns_404_when_missing" computerName="MacBook-Pro-2" duration="00:00:00.1147785" startTime="2025-09-16T17:59:43.1222330-05:00" endTime="2025-09-16T17:59:43.1222330-05:00" testType="13cdc9d9-ddb5-4fa4-a97d-d965ccfc6d4b" outcome="Passed" testListId="8c84fa94-04c1-424b-9868-57a2d4851a1d" relativeResultsDirectory="b9764605-45e9-4c1d-a624-51a6a0bb3586" />
    <UnitTestResult executionId="7958b0d4-84a4-4af3-8d08-08f62a5deb4a" testId="95c167d1-a09f-1a4f-5f8b-bfed1919a8c0" testName="Appostolic.Api.Tests.Api.TenantSettingsEndpointsTests.Put_Settings_Deep_Merges" computerName="MacBook-Pro-2" duration="00:00:00.0059509" startTime="2025-09-16T17:59:42.4575280-05:00" endTime="2025-09-16T17:59:42.4575280-05:00" testType="13cdc9d9-ddb5-4fa4-a97d-d965ccfc6d4b" outcome="Passed" testListId="8c84fa94-04c1-424b-9868-57a2d4851a1d" relativeResultsDirectory="7958b0d4-84a4-4af3-8d08-08f62a5deb4a" />
    <UnitTestResult executionId="96a7ae21-ff11-445e-b963-3d52f703b181" testId="80cb1a83-dede-f3ba-117a-352364082463" testName="Appostolic.Api.Tests.Api.MembersManagementTests.Owner_can_promote_editor_to_admin" computerName="MacBook-Pro-2" duration="00:00:00.0099823" startTime="2025-09-16T17:59:40.1582420-05:00" endTime="2025-09-16T17:59:40.1582430-05:00" testType="13cdc9d9-ddb5-4fa4-a97d-d965ccfc6d4b" outcome="Passed" testListId="8c84fa94-04c1-424b-9868-57a2d4851a1d" relativeResultsDirectory="96a7ae21-ff11-445e-b963-3d52f703b181" />
    <UnitTestResult executionId="caba6243-818f-477c-a215-ab7df0504803" testId="ec039bf7-f831-a8e3-834c-89707ff2f6d2" testName="Appostolic.Api.Tests.NotificationEnqueuerTests.QueueVerification_uses_relative_when_base_missing" computerName="MacBook-Pro-2" duration="00:00:00.0026977" startTime="2025-09-16T17:59:39.5594300-05:00" endTime="2025-09-16T17:59:39.5594300-05:00" testType="13cdc9d9-ddb5-4fa4-a97d-d965ccfc6d4b" outcome="Passed" testListId="8c84fa94-04c1-424b-9868-57a2d4851a1d" relativeResultsDirectory="caba6243-818f-477c-a215-ab7df0504803" />
    <UnitTestResult executionId="1b11e06f-466a-4b17-be46-7f4ff3c18eca" testId="1c8df7f1-aa05-88d6-f922-5ecb50d1b5d9" testName="Appostolic.Api.Tests.ModelMappingTests.Agent_ToolAllowlist_is_jsonb_and_roundtrips_like_array" computerName="MacBook-Pro-2" duration="00:00:00.0041288" startTime="2025-09-16T17:59:33.7500980-05:00" endTime="2025-09-16T17:59:33.7500980-05:00" testType="13cdc9d9-ddb5-4fa4-a97d-d965ccfc6d4b" outcome="Passed" testListId="8c84fa94-04c1-424b-9868-57a2d4851a1d" relativeResultsDirectory="1b11e06f-466a-4b17-be46-7f4ff3c18eca" />
    <UnitTestResult executionId="aab88e66-924a-4795-9c90-d07ae9eee07e" testId="12982ac4-b6b0-e458-3676-ece493490c27" testName="Appostolic.Api.Tests.Storage.S3ObjectStorageServiceTests.UploadAsync_UploadsWithPublicReadAndCacheControl_ReturnsPublicBaseUrl" computerName="MacBook-Pro-2" duration="00:00:00.0029738" startTime="2025-09-16T17:59:39.8724000-05:00" endTime="2025-09-16T17:59:39.8724000-05:00" testType="13cdc9d9-ddb5-4fa4-a97d-d965ccfc6d4b" outcome="Passed" testListId="8c84fa94-04c1-424b-9868-57a2d4851a1d" relativeResultsDirectory="aab88e66-924a-4795-9c90-d07ae9eee07e" />
    <UnitTestResult executionId="61fa8f8b-1800-4f44-8712-c8a1736b8701" testId="f242966d-9728-e09e-ef23-e439d6a28402" testName="Appostolic.Api.Tests.Api.MembersManagementTests.Cannot_demote_or_remove_last_owner" computerName="MacBook-Pro-2" duration="00:00:00.1373449" startTime="2025-09-16T17:59:40.1481200-05:00" endTime="2025-09-16T17:59:40.1481200-05:00" testType="13cdc9d9-ddb5-4fa4-a97d-d965ccfc6d4b" outcome="Passed" testListId="8c84fa94-04c1-424b-9868-57a2d4851a1d" relativeResultsDirectory="61fa8f8b-1800-4f44-8712-c8a1736b8701" />
    <UnitTestResult executionId="6419448d-2c10-45b9-857c-d628737b6a5f" testId="2a9f6824-8a17-a193-b18b-3e78fa1bbbd5" testName="Appostolic.Api.Tests.Orchestrator.AgentOrchestratorTests.Cancellation_StopsMidRun" computerName="MacBook-Pro-2" duration="00:00:00.0046832" startTime="2025-09-16T17:59:43.0018200-05:00" endTime="2025-09-16T17:59:43.0018200-05:00" testType="13cdc9d9-ddb5-4fa4-a97d-d965ccfc6d4b" outcome="Passed" testListId="8c84fa94-04c1-424b-9868-57a2d4851a1d" relativeResultsDirectory="6419448d-2c10-45b9-857c-d628737b6a5f" />
    <UnitTestResult executionId="6b7579b4-510a-4a82-8ba7-45d92faf55cd" testId="d5afdedc-771c-29a3-fa0a-9ebd023dd2c6" testName="Appostolic.Api.Tests.Api.InvitesEndpointsTests.Invites_Full_Lifecycle_Create_Resend_Accept_Revoke" computerName="MacBook-Pro-2" duration="00:00:00.2996747" startTime="2025-09-16T17:59:36.0945900-05:00" endTime="2025-09-16T17:59:36.0945900-05:00" testType="13cdc9d9-ddb5-4fa4-a97d-d965ccfc6d4b" outcome="Passed" testListId="8c84fa94-04c1-424b-9868-57a2d4851a1d" relativeResultsDirectory="6b7579b4-510a-4a82-8ba7-45d92faf55cd" />
    <UnitTestResult executionId="a3b8d874-ef25-4150-87ad-6f3c57dedc08" testId="e4ef9dda-68e5-63b6-ccb6-0b8c602aab58" testName="Appostolic.Api.Tests.Notifications.AutoResendScannerTests.Skips_when_disabled" computerName="MacBook-Pro-2" duration="00:00:00.0016100" startTime="2025-09-16T17:59:42.6301450-05:00" endTime="2025-09-16T17:59:42.6301450-05:00" testType="13cdc9d9-ddb5-4fa4-a97d-d965ccfc6d4b" outcome="Passed" testListId="8c84fa94-04c1-424b-9868-57a2d4851a1d" relativeResultsDirectory="a3b8d874-ef25-4150-87ad-6f3c57dedc08" />
    <UnitTestResult executionId="a02530f3-f5dd-444d-8c82-f26397787864" testId="7bfc22d7-9c12-bb6d-b1ad-6ad8a8f51b4d" testName="Appostolic.Api.Tests.Api.InvitesAcceptTests.Accept_SignedIn_User_Matches_Invite_Creates_Membership" computerName="MacBook-Pro-2" duration="00:00:00.1297602" startTime="2025-09-16T17:59:44.0165150-05:00" endTime="2025-09-16T17:59:44.0165150-05:00" testType="13cdc9d9-ddb5-4fa4-a97d-d965ccfc6d4b" outcome="Passed" testListId="8c84fa94-04c1-424b-9868-57a2d4851a1d" relativeResultsDirectory="a02530f3-f5dd-444d-8c82-f26397787864" />
    <UnitTestResult executionId="667bfa99-45c5-481a-872d-4b85ba7b5aed" testId="b9af0f84-0079-b683-0d77-346a6542b5b4" testName="Appostolic.Api.Tests.NotificationEnqueuerTests.QueueInvite_enqueues_correct_message" computerName="MacBook-Pro-2" duration="00:00:00.0033606" startTime="2025-09-16T17:59:39.5629360-05:00" endTime="2025-09-16T17:59:39.5629360-05:00" testType="13cdc9d9-ddb5-4fa4-a97d-d965ccfc6d4b" outcome="Passed" testListId="8c84fa94-04c1-424b-9868-57a2d4851a1d" relativeResultsDirectory="667bfa99-45c5-481a-872d-4b85ba7b5aed" />
    <UnitTestResult executionId="05b43cb8-0551-474f-9b62-61e8e2d81940" testId="7c0f601f-632e-a9b2-aeb3-eee73bd7742c" testName="Appostolic.Api.Tests.Auth.SignupTests.Signup_WithInvalidInviteToken_ReturnsBadRequest" computerName="MacBook-Pro-2" duration="00:00:00.2278928" startTime="2025-09-16T17:59:37.0675160-05:00" endTime="2025-09-16T17:59:37.0675160-05:00" testType="13cdc9d9-ddb5-4fa4-a97d-d965ccfc6d4b" outcome="Passed" testListId="8c84fa94-04c1-424b-9868-57a2d4851a1d" relativeResultsDirectory="05b43cb8-0551-474f-9b62-61e8e2d81940" />
    <UnitTestResult executionId="5cfccfa0-f787-443f-b550-cc09fb37d5ee" testId="7831f103-663f-8d24-4a8b-6bbe466d0837" testName="Appostolic.Api.Tests.Api.AuthPasswordFlowsTests.ChangePassword_WithAuth_UpdatesPassword" computerName="MacBook-Pro-2" duration="00:00:00.6128259" startTime="2025-09-16T17:59:41.2621740-05:00" endTime="2025-09-16T17:59:41.2621740-05:00" testType="13cdc9d9-ddb5-4fa4-a97d-d965ccfc6d4b" outcome="Passed" testListId="8c84fa94-04c1-424b-9868-57a2d4851a1d" relativeResultsDirectory="5cfccfa0-f787-443f-b550-cc09fb37d5ee" />
    <UnitTestResult executionId="c9ff501e-dda4-4ff3-9902-915821a0747d" testId="66fffdff-2dff-cbe5-8750-30f31bf1db7c" testName="Appostolic.Api.Tests.Api.AuditsListingEndpointTests.Lists_audits_with_paging_and_total_count" computerName="MacBook-Pro-2" duration="00:00:00.1425750" startTime="2025-09-16T17:59:38.6814530-05:00" endTime="2025-09-16T17:59:38.6814530-05:00" testType="13cdc9d9-ddb5-4fa4-a97d-d965ccfc6d4b" outcome="Passed" testListId="8c84fa94-04c1-424b-9868-57a2d4851a1d" relativeResultsDirectory="c9ff501e-dda4-4ff3-9902-915821a0747d" />
    <UnitTestResult executionId="bc0ea8e4-80f0-47bb-bfd7-db53fed0f7ed" testId="bc29c184-0770-c9df-63be-2a52d76ad503" testName="Appostolic.Api.Tests.Notifications.NotificationEnqueuerMagicLinkTests.QueueMagicLink_HashesToken_And_Publishes" computerName="MacBook-Pro-2" duration="00:00:00.1100546" startTime="2025-09-16T17:59:37.2076430-05:00" endTime="2025-09-16T17:59:37.2076430-05:00" testType="13cdc9d9-ddb5-4fa4-a97d-d965ccfc6d4b" outcome="Passed" testListId="8c84fa94-04c1-424b-9868-57a2d4851a1d" relativeResultsDirectory="bc0ea8e4-80f0-47bb-bfd7-db53fed0f7ed" />
    <UnitTestResult executionId="bae600d9-3fda-41af-993a-5e219b9f17b0" testId="a11d6311-0314-291e-6c87-0745cc1eace8" testName="Appostolic.Api.Tests.Observability.TelemetrySmokeTests.HappyPath_Emits_Spans_And_Metrics" computerName="MacBook-Pro-2" duration="00:00:00.0247510" startTime="2025-09-16T17:59:37.0974570-05:00" endTime="2025-09-16T17:59:37.0974570-05:00" testType="13cdc9d9-ddb5-4fa4-a97d-d965ccfc6d4b" outcome="Passed" testListId="8c84fa94-04c1-424b-9868-57a2d4851a1d" relativeResultsDirectory="bae600d9-3fda-41af-993a-5e219b9f17b0" />
    <UnitTestResult executionId="66ea28a4-bb34-4755-b82e-1f7b8d82a5be" testId="431e4b70-7576-ccc6-3cf3-9bbf13c26e5b" testName="Appostolic.Api.Tests.Api.MembersManagementTests.Demote_owner_allowed_when_another_admin_exists" computerName="MacBook-Pro-2" duration="00:00:00.0051266" startTime="2025-09-16T17:59:40.1792720-05:00" endTime="2025-09-16T17:59:40.1792720-05:00" testType="13cdc9d9-ddb5-4fa4-a97d-d965ccfc6d4b" outcome="Passed" testListId="8c84fa94-04c1-424b-9868-57a2d4851a1d" relativeResultsDirectory="66ea28a4-bb34-4755-b82e-1f7b8d82a5be" />
    <UnitTestResult executionId="44c193d2-e32a-45f5-b5be-08ab9bd59df3" testId="6ac2577f-abec-ce9e-a92b-34035bd744e0" testName="FsWriteToolTests.Rejects_when_content_exceeds_max" computerName="MacBook-Pro-2" duration="00:00:00.0004583" startTime="2025-09-16T17:59:36.1035660-05:00" endTime="2025-09-16T17:59:36.1035660-05:00" testType="13cdc9d9-ddb5-4fa4-a97d-d965ccfc6d4b" outcome="Passed" testListId="8c84fa94-04c1-424b-9868-57a2d4851a1d" relativeResultsDirectory="44c193d2-e32a-45f5-b5be-08ab9bd59df3" />
    <UnitTestResult executionId="88abb6a6-85f9-4ea5-beef-69bbe67b016e" testId="ad4c69db-d5c6-f4c3-9052-619bff8dd14e" testName="Appostolic.Api.Tests.Privacy.PIIRedactorTests.RedactPhone_Works(input: &quot;1234&quot;, expected: &quot;***1234&quot;)" computerName="MacBook-Pro-2" duration="00:00:00.0000619" startTime="2025-09-16T17:59:32.7804700-05:00" endTime="2025-09-16T17:59:32.7804700-05:00" testType="13cdc9d9-ddb5-4fa4-a97d-d965ccfc6d4b" outcome="Passed" testListId="8c84fa94-04c1-424b-9868-57a2d4851a1d" relativeResultsDirectory="88abb6a6-85f9-4ea5-beef-69bbe67b016e" />
    <UnitTestResult executionId="14ba314b-95d6-468c-afb6-bcd0f30ba59e" testId="68b95691-6ef6-716d-545d-ee6cf04d94e7" testName="Appostolic.Api.Tests.Api.NotificationsAdminEndpointsTests.Dlq_list_returns_failed_and_deadletter_with_paging" computerName="MacBook-Pro-2" duration="00:00:00.1268645" startTime="2025-09-16T17:59:38.0548440-05:00" endTime="2025-09-16T17:59:38.0548440-05:00" testType="13cdc9d9-ddb5-4fa4-a97d-d965ccfc6d4b" outcome="Passed" testListId="8c84fa94-04c1-424b-9868-57a2d4851a1d" relativeResultsDirectory="14ba314b-95d6-468c-afb6-bcd0f30ba59e" />
    <UnitTestResult executionId="8cad1667-6d09-4068-95d6-79bf53c66ea5" testId="544ee02e-a795-79f3-8c38-56202dce3170" testName="Appostolic.Api.Tests.Api.MembersManagementTests.Remove_non_owner_member" computerName="MacBook-Pro-2" duration="00:00:00.0041231" startTime="2025-09-16T17:59:40.1624980-05:00" endTime="2025-09-16T17:59:40.1624980-05:00" testType="13cdc9d9-ddb5-4fa4-a97d-d965ccfc6d4b" outcome="Passed" testListId="8c84fa94-04c1-424b-9868-57a2d4851a1d" relativeResultsDirectory="8cad1667-6d09-4068-95d6-79bf53c66ea5" />
    <UnitTestResult executionId="675b1f94-704e-490a-9719-b1bcc70e611d" testId="be1de379-3abe-1f02-3816-c02bcfed7529" testName="Appostolic.Api.Tests.Api.UserPasswordEndpointsTests.Change_password_succeeds_with_valid_current" computerName="MacBook-Pro-2" duration="00:00:00.7051878" startTime="2025-09-16T17:59:45.2399010-05:00" endTime="2025-09-16T17:59:45.2399010-05:00" testType="13cdc9d9-ddb5-4fa4-a97d-d965ccfc6d4b" outcome="Passed" testListId="8c84fa94-04c1-424b-9868-57a2d4851a1d" relativeResultsDirectory="675b1f94-704e-490a-9719-b1bcc70e611d" />
    <UnitTestResult executionId="4ef18803-8a3d-4489-96bc-f3c88a290545" testId="46ad1244-cbdb-dca6-f007-7e8a232754cc" testName="Appostolic.Api.Tests.Notifications.RedisTransportPrivacyTests.NonGuidPayload_DoesNotLogPayloadContents" computerName="MacBook-Pro-2" duration="00:00:00.0130323" startTime="2025-09-16T17:59:42.3141140-05:00" endTime="2025-09-16T17:59:42.3141140-05:00" testType="13cdc9d9-ddb5-4fa4-a97d-d965ccfc6d4b" outcome="Passed" testListId="8c84fa94-04c1-424b-9868-57a2d4851a1d" relativeResultsDirectory="4ef18803-8a3d-4489-96bc-f3c88a290545" />
    <UnitTestResult executionId="364ddd9d-d14e-417d-a1fc-467ddc384d2f" testId="12c3c514-0e1a-a711-90d4-344685873f0e" testName="Appostolic.Api.AuthTests.LoginTests.Login_InvalidCredentials_Returns401" computerName="MacBook-Pro-2" duration="00:00:00.1612630" startTime="2025-09-16T17:59:35.0737250-05:00" endTime="2025-09-16T17:59:35.0737250-05:00" testType="13cdc9d9-ddb5-4fa4-a97d-d965ccfc6d4b" outcome="Passed" testListId="8c84fa94-04c1-424b-9868-57a2d4851a1d" relativeResultsDirectory="364ddd9d-d14e-417d-a1fc-467ddc384d2f" />
    <UnitTestResult executionId="3b4d7718-d13f-4fdd-ab2d-320513503563" testId="eba2e046-3c6c-f48b-f85f-b23828d8319b" testName="Appostolic.Api.Tests.AgentOrchestratorTests.ToolNotAllowed_FailsAndTracesFailure" computerName="MacBook-Pro-2" duration="00:00:00.0059522" startTime="2025-09-16T17:59:38.3879790-05:00" endTime="2025-09-16T17:59:38.3879790-05:00" testType="13cdc9d9-ddb5-4fa4-a97d-d965ccfc6d4b" outcome="Passed" testListId="8c84fa94-04c1-424b-9868-57a2d4851a1d" relativeResultsDirectory="3b4d7718-d13f-4fdd-ab2d-320513503563" />
    <UnitTestResult executionId="f2c14c42-3275-4b06-9d65-658ad7aef7d3" testId="21127838-ea89-b283-653a-0b46d8acc590" testName="Appostolic.Api.Tests.EmailDedupeTests.Dedupe_suppresses_duplicate_messages" computerName="MacBook-Pro-2" duration="00:00:00.3044514" startTime="2025-09-16T17:59:35.7943810-05:00" endTime="2025-09-16T17:59:35.7943810-05:00" testType="13cdc9d9-ddb5-4fa4-a97d-d965ccfc6d4b" outcome="Passed" testListId="8c84fa94-04c1-424b-9868-57a2d4851a1d" relativeResultsDirectory="f2c14c42-3275-4b06-9d65-658ad7aef7d3" />
    <UnitTestResult executionId="7a49b303-2713-4297-a904-8d3deb2501bf" testId="c2441ddc-565a-93d7-0c28-f73ca97b9486" testName="Appostolic.Api.Tests.Orchestrator.TokenAggregationTests.AggregatesTokens_And_ComputesCost_WhenPricingEnabled" computerName="MacBook-Pro-2" duration="00:00:00.0029714" startTime="2025-09-16T17:59:38.3819340-05:00" endTime="2025-09-16T17:59:38.3819350-05:00" testType="13cdc9d9-ddb5-4fa4-a97d-d965ccfc6d4b" outcome="Passed" testListId="8c84fa94-04c1-424b-9868-57a2d4851a1d" relativeResultsDirectory="7a49b303-2713-4297-a904-8d3deb2501bf" />
    <UnitTestResult executionId="72aa55c1-68b1-425d-93e1-b59c89e485ee" testId="37b7f024-73bb-98ae-d17f-d1c0ce9f17e8" testName="Appostolic.Api.Tests.ModelMappingTests.AgentTrace_Kind_is_mapped_as_int" computerName="MacBook-Pro-2" duration="00:00:00.1381219" startTime="2025-09-16T17:59:33.7459460-05:00" endTime="2025-09-16T17:59:33.7459460-05:00" testType="13cdc9d9-ddb5-4fa4-a97d-d965ccfc6d4b" outcome="Passed" testListId="8c84fa94-04c1-424b-9868-57a2d4851a1d" relativeResultsDirectory="72aa55c1-68b1-425d-93e1-b59c89e485ee" />
    <UnitTestResult executionId="717454ee-f153-4804-97d8-7ac7cf4e1fa6" testId="cce5835b-2056-6d46-0527-d09fc0f9f6fc" testName="Appostolic.Api.Tests.Api.TenantSettingsEndpointsTests.Upload_Logo_Rejects_Payload_Too_Large" computerName="MacBook-Pro-2" duration="00:00:00.0076952" startTime="2025-09-16T17:59:42.4378170-05:00" endTime="2025-09-16T17:59:42.4378170-05:00" testType="13cdc9d9-ddb5-4fa4-a97d-d965ccfc6d4b" outcome="Passed" testListId="8c84fa94-04c1-424b-9868-57a2d4851a1d" relativeResultsDirectory="717454ee-f153-4804-97d8-7ac7cf4e1fa6" />
    <UnitTestResult executionId="bb80aeab-cfa7-4b03-aba5-9306215c3f02" testId="5404549b-a3b0-871f-9a8d-c5b5f387dff4" testName="Appostolic.Api.Tests.Api.UserProfileEndpointsTests.Get_me_returns_user_with_profile" computerName="MacBook-Pro-2" duration="00:00:00.0063412" startTime="2025-09-16T17:59:33.0944940-05:00" endTime="2025-09-16T17:59:33.0944940-05:00" testType="13cdc9d9-ddb5-4fa4-a97d-d965ccfc6d4b" outcome="Passed" testListId="8c84fa94-04c1-424b-9868-57a2d4851a1d" relativeResultsDirectory="bb80aeab-cfa7-4b03-aba5-9306215c3f02" />
    <UnitTestResult executionId="f425736d-197e-49cc-86b3-2e8085d4a50b" testId="ee7b51d2-d8a7-715d-70ab-159c7293568a" testName="Appostolic.Api.Tests.Api.NotificationsProdEndpointsTests.Tenant_owner_can_resend_within_tenant_and_is_forbidden_cross_tenant" computerName="MacBook-Pro-2" duration="00:00:00.1130342" startTime="2025-09-16T17:59:43.2355190-05:00" endTime="2025-09-16T17:59:43.2355190-05:00" testType="13cdc9d9-ddb5-4fa4-a97d-d965ccfc6d4b" outcome="Passed" testListId="8c84fa94-04c1-424b-9868-57a2d4851a1d" relativeResultsDirectory="f425736d-197e-49cc-86b3-2e8085d4a50b" />
    <UnitTestResult executionId="d56cc4c5-80b8-4b20-9a16-a0a28e1ed5ce" testId="71d5d180-2d36-ecb9-e4eb-71ca09e46ec4" testName="Appostolic.Api.Tests.AgentConstraintTests.Agent_Temperature_out_of_range_throws_in_domain_constructor" computerName="MacBook-Pro-2" duration="00:00:00.0037273" startTime="2025-09-16T17:59:37.0718120-05:00" endTime="2025-09-16T17:59:37.0718120-05:00" testType="13cdc9d9-ddb5-4fa4-a97d-d965ccfc6d4b" outcome="Passed" testListId="8c84fa94-04c1-424b-9868-57a2d4851a1d" relativeResultsDirectory="d56cc4c5-80b8-4b20-9a16-a0a28e1ed5ce" />
    <UnitTestResult executionId="5a1f3806-3b16-4d71-8b8b-8afc60e30cd0" testId="c608eb38-09c4-17b8-a16b-ae9b91798432" testName="Appostolic.Api.Tests.Api.NotificationsWebhookTests.SendGridWebhook_updates_provider_status_when_token_matches" computerName="MacBook-Pro-2" duration="00:00:00.0239160" startTime="2025-09-16T17:59:40.0101890-05:00" endTime="2025-09-16T17:59:40.0101890-05:00" testType="13cdc9d9-ddb5-4fa4-a97d-d965ccfc6d4b" outcome="Passed" testListId="8c84fa94-04c1-424b-9868-57a2d4851a1d" relativeResultsDirectory="5a1f3806-3b16-4d71-8b8b-8afc60e30cd0" />
    <UnitTestResult executionId="40b96e02-714e-49d6-a486-b4633bd0eb7f" testId="9c1c1d38-5e04-c1b2-1a0f-96d8d4d8348a" testName="Appostolic.Api.Tests.Api.AssignmentsApiTests.Set_roles_returns_404_when_membership_missing_and_400_for_invalid_flag" computerName="MacBook-Pro-2" duration="00:00:00.0067916" startTime="2025-09-16T17:59:38.9998350-05:00" endTime="2025-09-16T17:59:38.9998350-05:00" testType="13cdc9d9-ddb5-4fa4-a97d-d965ccfc6d4b" outcome="Passed" testListId="8c84fa94-04c1-424b-9868-57a2d4851a1d" relativeResultsDirectory="40b96e02-714e-49d6-a486-b4633bd0eb7f" />
    <UnitTestResult executionId="5521e9be-fe07-4234-818b-08a6ea919547" testId="cc013720-f8b7-b972-40e8-34c7328bfdae" testName="Appostolic.Api.Tests.Orchestrator.AgentOrchestratorTests.ToolNotAllowed_FailsAndTracesFailure" computerName="MacBook-Pro-2" duration="00:00:00.0011661" startTime="2025-09-16T17:59:43.0041650-05:00" endTime="2025-09-16T17:59:43.0041650-05:00" testType="13cdc9d9-ddb5-4fa4-a97d-d965ccfc6d4b" outcome="Passed" testListId="8c84fa94-04c1-424b-9868-57a2d4851a1d" relativeResultsDirectory="5521e9be-fe07-4234-818b-08a6ea919547" />
    <UnitTestResult executionId="55181600-6e00-4d96-96f0-219324a450b9" testId="67c9746f-1f57-937b-6598-3968df73012b" testName="Appostolic.Api.Tests.Api.DevGrantRolesEndpointTests.Updates_existing_membership_roles" computerName="MacBook-Pro-2" duration="00:00:00.0046534" startTime="2025-09-16T17:59:42.6085880-05:00" endTime="2025-09-16T17:59:42.6085880-05:00" testType="13cdc9d9-ddb5-4fa4-a97d-d965ccfc6d4b" outcome="Passed" testListId="8c84fa94-04c1-424b-9868-57a2d4851a1d" relativeResultsDirectory="55181600-6e00-4d96-96f0-219324a450b9" />
    <UnitTestResult executionId="fb504a9c-65c6-437b-b8c4-a88f8a821799" testId="8c322062-c901-cc6c-6cc7-399543893d6b" testName="Appostolic.Api.Tests.Privacy.PIIHasherTests.HashEmail_Differs_WithDifferentPepper" computerName="MacBook-Pro-2" duration="00:00:00.0000493" startTime="2025-09-16T17:59:36.5936970-05:00" endTime="2025-09-16T17:59:36.5936970-05:00" testType="13cdc9d9-ddb5-4fa4-a97d-d965ccfc6d4b" outcome="Passed" testListId="8c84fa94-04c1-424b-9868-57a2d4851a1d" relativeResultsDirectory="fb504a9c-65c6-437b-b8c4-a88f8a821799" />
    <UnitTestResult executionId="192be066-b0ec-40ab-8344-9047f5b8a3ef" testId="051a87a0-4947-acab-5222-3cc970dba0ba" testName="Appostolic.Api.Tests.Notifications.NotificationsResendTests.Can_insert_child_with_resend_of_fk" computerName="MacBook-Pro-2" duration="00:00:00.0059742" startTime="2025-09-16T17:59:38.3757450-05:00" endTime="2025-09-16T17:59:38.3757450-05:00" testType="13cdc9d9-ddb5-4fa4-a97d-d965ccfc6d4b" outcome="Passed" testListId="8c84fa94-04c1-424b-9868-57a2d4851a1d" relativeResultsDirectory="192be066-b0ec-40ab-8344-9047f5b8a3ef" />
    <UnitTestResult executionId="8425e7e6-5e0a-4558-8eed-e1a477da889a" testId="94524c04-7158-8472-e876-43b26f76e4f4" testName="Appostolic.Api.Tests.AgentTasks.AgentTasksListFilterPaginationTests.FreeText_Q_Search_On_Input_And_User" computerName="MacBook-Pro-2" duration="00:00:00.0164908" startTime="2025-09-16T17:59:40.5247220-05:00" endTime="2025-09-16T17:59:40.5247220-05:00" testType="13cdc9d9-ddb5-4fa4-a97d-d965ccfc6d4b" outcome="Passed" testListId="8c84fa94-04c1-424b-9868-57a2d4851a1d" relativeResultsDirectory="8425e7e6-5e0a-4558-8eed-e1a477da889a" />
    <UnitTestResult executionId="c20ada8d-f77e-4ff6-8315-5b708c80440a" testId="54bfc83b-71cd-70be-2e17-0d354a18b25a" testName="Appostolic.Api.Tests.Notifications.NotificationsRetentionTests.Purger_removes_expired_dedupes_and_old_notifications" computerName="MacBook-Pro-2" duration="00:00:00.0118092" startTime="2025-09-16T17:59:34.9121860-05:00" endTime="2025-09-16T17:59:34.9121860-05:00" testType="13cdc9d9-ddb5-4fa4-a97d-d965ccfc6d4b" outcome="Passed" testListId="8c84fa94-04c1-424b-9868-57a2d4851a1d" relativeResultsDirectory="c20ada8d-f77e-4ff6-8315-5b708c80440a" />
    <UnitTestResult executionId="7d0455fc-4a02-41c1-b43d-112cea6de4cf" testId="f6f9c7c7-2034-4809-9600-0c0282164e3f" testName="Appostolic.Api.Tests.Api.UserPasswordEndpointsTests.Change_password_rejects_invalid_current" computerName="MacBook-Pro-2" duration="00:00:00.3758820" startTime="2025-09-16T17:59:44.3964970-05:00" endTime="2025-09-16T17:59:44.3964970-05:00" testType="13cdc9d9-ddb5-4fa4-a97d-d965ccfc6d4b" outcome="Passed" testListId="8c84fa94-04c1-424b-9868-57a2d4851a1d" relativeResultsDirectory="7d0455fc-4a02-41c1-b43d-112cea6de4cf" />
    <UnitTestResult executionId="aa02d6c8-8796-4f71-a3db-2457ba511e01" testId="80249d75-0754-365e-161d-4f69eb53fd73" testName="Appostolic.Api.Tests.Privacy.LoggingPIIScopeTests.EmailScope_OnlyRedacted_WhenHashingDisabled" computerName="MacBook-Pro-2" duration="00:00:00.0001360" startTime="2025-09-16T17:59:38.5386300-05:00" endTime="2025-09-16T17:59:38.5386300-05:00" testType="13cdc9d9-ddb5-4fa4-a97d-d965ccfc6d4b" outcome="Passed" testListId="8c84fa94-04c1-424b-9868-57a2d4851a1d" relativeResultsDirectory="aa02d6c8-8796-4f71-a3db-2457ba511e01" />
    <UnitTestResult executionId="93cca81f-f987-483c-8e64-f5ecabe68ec1" testId="6e2b7510-d3ae-c174-2b57-710f63c82ad0" testName="TemplateRendererTests.Verification_template_renders_link_and_subject" computerName="MacBook-Pro-2" duration="00:00:00.0007069" startTime="2025-09-16T17:59:43.4995060-05:00" endTime="2025-09-16T17:59:43.4995060-05:00" testType="13cdc9d9-ddb5-4fa4-a97d-d965ccfc6d4b" outcome="Passed" testListId="8c84fa94-04c1-424b-9868-57a2d4851a1d" relativeResultsDirectory="93cca81f-f987-483c-8e64-f5ecabe68ec1" />
    <UnitTestResult executionId="75ce263d-02d3-47f7-8893-d1ee827e647d" testId="f3139bd5-165e-b0d0-2da0-a0210810049e" testName="Appostolic.Api.Tests.Api.AuthPasswordFlowsTests.ResetPassword_WithInvalidToken_ReturnsBadRequest" computerName="MacBook-Pro-2" duration="00:00:00.1225640" startTime="2025-09-16T17:59:40.6491800-05:00" endTime="2025-09-16T17:59:40.6491800-05:00" testType="13cdc9d9-ddb5-4fa4-a97d-d965ccfc6d4b" outcome="Passed" testListId="8c84fa94-04c1-424b-9868-57a2d4851a1d" relativeResultsDirectory="75ce263d-02d3-47f7-8893-d1ee827e647d" />
    <UnitTestResult executionId="8f74684a-af5c-45fa-a3ec-ac662ff4edd6" testId="0f0c7731-d28a-bcbe-054f-641f024437ac" testName="Appostolic.Api.Tests.ModelMappingTests.AgentTask_Status_is_converted_as_string" computerName="MacBook-Pro-2" duration="00:00:00.0020456" startTime="2025-09-16T17:59:33.7521640-05:00" endTime="2025-09-16T17:59:33.7521640-05:00" testType="13cdc9d9-ddb5-4fa4-a97d-d965ccfc6d4b" outcome="Passed" testListId="8c84fa94-04c1-424b-9868-57a2d4851a1d" relativeResultsDirectory="8f74684a-af5c-45fa-a3ec-ac662ff4edd6" />
    <UnitTestResult executionId="4556cb80-b800-4bb3-b6bd-9e57577ff897" testId="019214c2-5ff4-3fed-608d-44f050052b40" testName="Appostolic.Api.Tests.Api.AssignmentsApiTests.List_memberships_requires_admin_and_returns_roles" computerName="MacBook-Pro-2" duration="00:00:00.0108216" startTime="2025-09-16T17:59:39.0153300-05:00" endTime="2025-09-16T17:59:39.0153300-05:00" testType="13cdc9d9-ddb5-4fa4-a97d-d965ccfc6d4b" outcome="Passed" testListId="8c84fa94-04c1-424b-9868-57a2d4851a1d" relativeResultsDirectory="4556cb80-b800-4bb3-b6bd-9e57577ff897" />
    <UnitTestResult executionId="63e035d3-56d6-4b65-94b0-97b825dfa208" testId="adb4d425-e330-40e4-2ea6-b182e56ebe7d" testName="Appostolic.Api.Tests.Api.UserProfileEndpointsTests.Put_me_merges_profile_and_trims_and_validates_social_urls" computerName="MacBook-Pro-2" duration="00:00:00.1460596" startTime="2025-09-16T17:59:33.0880060-05:00" endTime="2025-09-16T17:59:33.0880060-05:00" testType="13cdc9d9-ddb5-4fa4-a97d-d965ccfc6d4b" outcome="Passed" testListId="8c84fa94-04c1-424b-9868-57a2d4851a1d" relativeResultsDirectory="63e035d3-56d6-4b65-94b0-97b825dfa208" />
    <UnitTestResult executionId="772d53a8-a25a-4ee1-b5dc-c65d085fde8b" testId="c64a9991-8173-cdf8-9198-d5935257f1a8" testName="Appostolic.Api.Tests.E2E.AgentTasksE2E_Concurrency.Worker_Processes_Many_Tasks_Reliably" computerName="MacBook-Pro-2" duration="00:00:00.2772114" startTime="2025-09-16T17:59:39.8423280-05:00" endTime="2025-09-16T17:59:39.8423280-05:00" testType="13cdc9d9-ddb5-4fa4-a97d-d965ccfc6d4b" outcome="Passed" testListId="8c84fa94-04c1-424b-9868-57a2d4851a1d" relativeResultsDirectory="772d53a8-a25a-4ee1-b5dc-c65d085fde8b" />
    <UnitTestResult executionId="5d86a80e-cbad-4f07-9770-dbe3bc759791" testId="4f2f4974-af75-8563-a5df-aa0a73b303b0" testName="Appostolic.Api.Tests.Privacy.UserProfileLoggingTests.GetMe_HashingDisabled_OmitsHash" computerName="MacBook-Pro-2" duration="00:00:00.1301721" startTime="2025-09-16T17:59:34.7869570-05:00" endTime="2025-09-16T17:59:34.7869570-05:00" testType="13cdc9d9-ddb5-4fa4-a97d-d965ccfc6d4b" outcome="Passed" testListId="8c84fa94-04c1-424b-9868-57a2d4851a1d" relativeResultsDirectory="5d86a80e-cbad-4f07-9770-dbe3bc759791" />
    <UnitTestResult executionId="eff064d7-59f6-4698-8c1b-7ca244abc55a" testId="65bd3a03-5d21-067f-5d94-19d0f92f350a" testName="Appostolic.Api.Tests.Api.UserAvatarEndpointsTests.UploadAvatar_Rejects_UnsupportedMediaType" computerName="MacBook-Pro-2" duration="00:00:00.0016632" startTime="2025-09-16T17:59:34.1504130-05:00" endTime="2025-09-16T17:59:34.1504130-05:00" testType="13cdc9d9-ddb5-4fa4-a97d-d965ccfc6d4b" outcome="Passed" testListId="8c84fa94-04c1-424b-9868-57a2d4851a1d" relativeResultsDirectory="eff064d7-59f6-4698-8c1b-7ca244abc55a" />
    <UnitTestResult executionId="1e1ab859-cb0e-48cd-94ba-1f776d93aefc" testId="c3e1478d-2cae-8f80-3a89-04eb9dac0acb" testName="Appostolic.Api.Tests.Api.NotificationsWebhookTests.SendGridWebhook_forbidden_when_token_mismatch" computerName="MacBook-Pro-2" duration="00:00:00.1133958" startTime="2025-09-16T17:59:39.9860890-05:00" endTime="2025-09-16T17:59:39.9860890-05:00" testType="13cdc9d9-ddb5-4fa4-a97d-d965ccfc6d4b" outcome="Passed" testListId="8c84fa94-04c1-424b-9868-57a2d4851a1d" relativeResultsDirectory="1e1ab859-cb0e-48cd-94ba-1f776d93aefc" />
    <UnitTestResult executionId="4300267a-c7af-4d79-98db-ba827e44803a" testId="6447b752-ca58-5092-2c5d-d1f5fe58b5dc" testName="WebSearchToolTests.Empty_query_returns_empty" computerName="MacBook-Pro-2" duration="00:00:00.0009817" startTime="2025-09-16T17:59:35.4842780-05:00" endTime="2025-09-16T17:59:35.4842780-05:00" testType="13cdc9d9-ddb5-4fa4-a97d-d965ccfc6d4b" outcome="Passed" testListId="8c84fa94-04c1-424b-9868-57a2d4851a1d" relativeResultsDirectory="4300267a-c7af-4d79-98db-ba827e44803a" />
    <UnitTestResult executionId="867d120f-d40d-4a50-b5d0-eec41993b72c" testId="4ee5f350-b89d-edd8-c84d-cd5d40909f15" testName="Appostolic.Api.Tests.SmtpEmailSenderTests.Sends_with_both_text_and_html" computerName="MacBook-Pro-2" duration="00:00:00.0006264" startTime="2025-09-16T17:59:42.6153350-05:00" endTime="2025-09-16T17:59:42.6153360-05:00" testType="13cdc9d9-ddb5-4fa4-a97d-d965ccfc6d4b" outcome="Passed" testListId="8c84fa94-04c1-424b-9868-57a2d4851a1d" relativeResultsDirectory="867d120f-d40d-4a50-b5d0-eec41993b72c" />
    <UnitTestResult executionId="1d340ec6-7af0-4425-b6f7-0a1fdca5a271" testId="0210a45e-88de-5f73-c8f5-588d89c200fa" testName="Appostolic.Api.Tests.Api.UserPasswordEndpointsTests.Change_password_rejects_weak_password" computerName="MacBook-Pro-2" duration="00:00:00.1378198" startTime="2025-09-16T17:59:44.5345150-05:00" endTime="2025-09-16T17:59:44.5345150-05:00" testType="13cdc9d9-ddb5-4fa4-a97d-d965ccfc6d4b" outcome="Passed" testListId="8c84fa94-04c1-424b-9868-57a2d4851a1d" relativeResultsDirectory="1d340ec6-7af0-4425-b6f7-0a1fdca5a271" />
    <UnitTestResult executionId="4d0e66b8-a5e1-4cf3-bd14-ddac6a8d58d8" testId="3b3a68c1-1138-770e-4b05-0d7fb6b68738" testName="Appostolic.Api.Tests.Orchestrator.TokenAggregationTests.CostIsNull_WhenPricingDisabled" computerName="MacBook-Pro-2" duration="00:00:00.0030657" startTime="2025-09-16T17:59:38.3789260-05:00" endTime="2025-09-16T17:59:38.3789260-05:00" testType="13cdc9d9-ddb5-4fa4-a97d-d965ccfc6d4b" outcome="Passed" testListId="8c84fa94-04c1-424b-9868-57a2d4851a1d" relativeResultsDirectory="4d0e66b8-a5e1-4cf3-bd14-ddac6a8d58d8" />
    <UnitTestResult executionId="6fba7079-7578-45dd-b02a-3c382e0cd713" testId="39114ef2-4a94-0d20-df91-881c10164c3c" testName="Appostolic.Api.Tests.Model.TokenEstimatorTests.EstimateTokens_Heuristic_CeilPer4Chars(text: &quot;abcd&quot;, expected: 1)" computerName="MacBook-Pro-2" duration="00:00:00.0000013" startTime="2025-09-16T17:59:38.4114800-05:00" endTime="2025-09-16T17:59:38.4114800-05:00" testType="13cdc9d9-ddb5-4fa4-a97d-d965ccfc6d4b" outcome="Passed" testListId="8c84fa94-04c1-424b-9868-57a2d4851a1d" relativeResultsDirectory="6fba7079-7578-45dd-b02a-3c382e0cd713" />
    <UnitTestResult executionId="c93ee668-2e59-4636-8b23-36e568863957" testId="137392e3-997c-8532-6b57-65c75651b55b" testName="Appostolic.Api.Tests.Api.DenominationsMetadataTests.ReturnsPresetList" computerName="MacBook-Pro-2" duration="00:00:00.1258949" startTime="2025-09-16T17:59:36.2332510-05:00" endTime="2025-09-16T17:59:36.2332510-05:00" testType="13cdc9d9-ddb5-4fa4-a97d-d965ccfc6d4b" outcome="Passed" testListId="8c84fa94-04c1-424b-9868-57a2d4851a1d" relativeResultsDirectory="c93ee668-2e59-4636-8b23-36e568863957" />
    <UnitTestResult executionId="c366422f-5088-4522-8492-6ce2f6cc713c" testId="22ad276e-c73f-4ebf-8729-b5903439e2d9" testName="WebSearchToolTests.Query_intro_returns_expected" computerName="MacBook-Pro-2" duration="00:00:00.0021506" startTime="2025-09-16T17:59:35.4864850-05:00" endTime="2025-09-16T17:59:35.4864850-05:00" testType="13cdc9d9-ddb5-4fa4-a97d-d965ccfc6d4b" outcome="Passed" testListId="8c84fa94-04c1-424b-9868-57a2d4851a1d" relativeResultsDirectory="c366422f-5088-4522-8492-6ce2f6cc713c" />
    <UnitTestResult executionId="7f469cc6-0901-4d05-a693-9d06cefcc487" testId="4f93dd2b-351a-bca6-2b8b-95fc20f20ddd" testName="Appostolic.Api.Tests.AgentTasks.AgentTasksListFilterPaginationTests.Paging_Returns_XTotalCount_And_DescOrdering" computerName="MacBook-Pro-2" duration="00:00:00.1359745" startTime="2025-09-16T17:59:40.5080570-05:00" endTime="2025-09-16T17:59:40.5080570-05:00" testType="13cdc9d9-ddb5-4fa4-a97d-d965ccfc6d4b" outcome="Passed" testListId="8c84fa94-04c1-424b-9868-57a2d4851a1d" relativeResultsDirectory="7f469cc6-0901-4d05-a693-9d06cefcc487" />
    <UnitTestResult executionId="62ea1caf-118f-4e46-84cc-6b224a37a0bd" testId="7c805908-7267-f4aa-63a0-03f3e0715abc" testName="Appostolic.Api.Tests.Api.AssignmentsApiTests.Cannot_remove_last_admin_via_flags_returns_409" computerName="MacBook-Pro-2" duration="00:00:00.1293096" startTime="2025-09-16T17:59:38.9928700-05:00" endTime="2025-09-16T17:59:38.9928700-05:00" testType="13cdc9d9-ddb5-4fa4-a97d-d965ccfc6d4b" outcome="Passed" testListId="8c84fa94-04c1-424b-9868-57a2d4851a1d" relativeResultsDirectory="62ea1caf-118f-4e46-84cc-6b224a37a0bd" />
    <UnitTestResult executionId="904e0027-3e46-4d5e-befa-756abbb041c3" testId="e7581818-0663-f767-821c-25fbea112d88" testName="Appostolic.Api.Tests.Privacy.PIIHasherTests.HashPhone_Differs_WithDifferentPepper" computerName="MacBook-Pro-2" duration="00:00:00.0008089" startTime="2025-09-16T17:59:36.5936220-05:00" endTime="2025-09-16T17:59:36.5936220-05:00" testType="13cdc9d9-ddb5-4fa4-a97d-d965ccfc6d4b" outcome="Passed" testListId="8c84fa94-04c1-424b-9868-57a2d4851a1d" relativeResultsDirectory="904e0027-3e46-4d5e-befa-756abbb041c3" />
    <UnitTestResult executionId="a4f22762-5c69-4c7f-8eec-0567b07b7dd5" testId="a8bb0fab-56c6-938a-460b-3d46baedbbb6" testName="Appostolic.Api.Tests.Storage.ObjectStorageDeleteTests.Local_DeleteAsync_RemovesFile_WhenPresent" computerName="MacBook-Pro-2" duration="00:00:00.0009542" startTime="2025-09-16T17:59:40.1806380-05:00" endTime="2025-09-16T17:59:40.1806380-05:00" testType="13cdc9d9-ddb5-4fa4-a97d-d965ccfc6d4b" outcome="Passed" testListId="8c84fa94-04c1-424b-9868-57a2d4851a1d" relativeResultsDirectory="a4f22762-5c69-4c7f-8eec-0567b07b7dd5" />
    <UnitTestResult executionId="38bdb685-497d-45a6-9695-960546651286" testId="7b4d03a5-c5c2-9d47-3b72-108b3108a4ac" testName="Appostolic.Api.Tests.Api.UserAvatarEndpointsTests.UploadAvatar_Downscales_LargeImage_To512Webp" computerName="MacBook-Pro-2" duration="00:00:00.5060201" startTime="2025-09-16T17:59:34.6562160-05:00" endTime="2025-09-16T17:59:34.6562160-05:00" testType="13cdc9d9-ddb5-4fa4-a97d-d965ccfc6d4b" outcome="Passed" testListId="8c84fa94-04c1-424b-9868-57a2d4851a1d" relativeResultsDirectory="38bdb685-497d-45a6-9695-960546651286" />
    <UnitTestResult executionId="78116190-403d-4480-abc2-d0acc6c5ab95" testId="04a8bdbc-fefc-28fe-9d41-eb27166daebb" testName="Appostolic.Api.Tests.Api.InvitesRolesFlagsTests.Create_Invite_With_Roles_Flags_Persists_And_Lists" computerName="MacBook-Pro-2" duration="00:00:00.1615153" startTime="2025-09-16T17:59:33.5661920-05:00" endTime="2025-09-16T17:59:33.5661920-05:00" testType="13cdc9d9-ddb5-4fa4-a97d-d965ccfc6d4b" outcome="Passed" testListId="8c84fa94-04c1-424b-9868-57a2d4851a1d" relativeResultsDirectory="78116190-403d-4480-abc2-d0acc6c5ab95" />
    <UnitTestResult executionId="d066f2a9-21b2-491c-bc58-f900b9e2bda3" testId="79403e37-7823-d8d7-7290-f467456876fa" testName="Appostolic.Api.Tests.Model.TokenEstimatorTests.EstimateTokens_Heuristic_CeilPer4Chars(text: &quot;a&quot;, expected: 1)" computerName="MacBook-Pro-2" duration="00:00:00.0000012" startTime="2025-09-16T17:59:38.4115300-05:00" endTime="2025-09-16T17:59:38.4115300-05:00" testType="13cdc9d9-ddb5-4fa4-a97d-d965ccfc6d4b" outcome="Passed" testListId="8c84fa94-04c1-424b-9868-57a2d4851a1d" relativeResultsDirectory="d066f2a9-21b2-491c-bc58-f900b9e2bda3" />
    <UnitTestResult executionId="ea4ca887-3176-4a7d-91c1-0bce4d8a24dc" testId="4f65136b-b885-5c0a-1650-385c2d5ff86d" testName="Appostolic.Api.Tests.Privacy.LoggingPIIScopeTests.EmailScope_IncludesRedactedAndHash_WhenEnabled" computerName="MacBook-Pro-2" duration="00:00:00.0002616" startTime="2025-09-16T17:59:38.5385150-05:00" endTime="2025-09-16T17:59:38.5385150-05:00" testType="13cdc9d9-ddb5-4fa4-a97d-d965ccfc6d4b" outcome="Passed" testListId="8c84fa94-04c1-424b-9868-57a2d4851a1d" relativeResultsDirectory="ea4ca887-3176-4a7d-91c1-0bce4d8a24dc" />
    <UnitTestResult executionId="f2c45f17-041b-444c-ac96-2b3bf7e38253" testId="8e56ee2d-296c-f180-2ad1-a3abd5b19292" testName="Appostolic.Api.Tests.AgentOrchestratorTests.ToolMissing_FailsWithToolNotFound" computerName="MacBook-Pro-2" duration="00:00:00.0010766" startTime="2025-09-16T17:59:38.3954460-05:00" endTime="2025-09-16T17:59:38.3954460-05:00" testType="13cdc9d9-ddb5-4fa4-a97d-d965ccfc6d4b" outcome="Passed" testListId="8c84fa94-04c1-424b-9868-57a2d4851a1d" relativeResultsDirectory="f2c45f17-041b-444c-ac96-2b3bf7e38253" />
    <UnitTestResult executionId="ae5e200d-a599-48f0-be1c-f29d6a5dbc7b" testId="cb90a4b6-5413-6334-a88c-d9e37624202c" testName="Appostolic.Api.Tests.Api.InvitesRolesFlagsTests.Create_Invite_With_Invalid_Role_Flag_Is_400" computerName="MacBook-Pro-2" duration="00:00:00.0021074" startTime="2025-09-16T17:59:33.6073890-05:00" endTime="2025-09-16T17:59:33.6073890-05:00" testType="13cdc9d9-ddb5-4fa4-a97d-d965ccfc6d4b" outcome="Passed" testListId="8c84fa94-04c1-424b-9868-57a2d4851a1d" relativeResultsDirectory="ae5e200d-a599-48f0-be1c-f29d6a5dbc7b" />
    <UnitTestResult executionId="fbcaa3b0-9797-4898-a5dd-1332fe310cc6" testId="2f6106d4-2d27-0ec0-388a-a0a0d64b80ea" testName="Appostolic.Api.Tests.Model.TokenEstimatorTests.EstimateTokens_Heuristic_CeilPer4Chars(text: &quot;abcde&quot;, expected: 2)" computerName="MacBook-Pro-2" duration="00:00:00.0000025" startTime="2025-09-16T17:59:38.4115810-05:00" endTime="2025-09-16T17:59:38.4115810-05:00" testType="13cdc9d9-ddb5-4fa4-a97d-d965ccfc6d4b" outcome="Passed" testListId="8c84fa94-04c1-424b-9868-57a2d4851a1d" relativeResultsDirectory="fbcaa3b0-9797-4898-a5dd-1332fe310cc6" />
    <UnitTestResult executionId="235e0ee5-f487-440c-af82-c60c4ebce425" testId="df92ad96-32d4-9c44-0398-97a52600538f" testName="Appostolic.Api.Tests.Model.TokenEstimatorTests.EstimateTokens_Heuristic_CeilPer4Chars(text: &quot;abcdefghi&quot;, expected: 3)" computerName="MacBook-Pro-2" duration="00:00:00.0000020" startTime="2025-09-16T17:59:38.4114280-05:00" endTime="2025-09-16T17:59:38.4114280-05:00" testType="13cdc9d9-ddb5-4fa4-a97d-d965ccfc6d4b" outcome="Passed" testListId="8c84fa94-04c1-424b-9868-57a2d4851a1d" relativeResultsDirectory="235e0ee5-f487-440c-af82-c60c4ebce425" />
    <UnitTestResult executionId="7b9adbdb-b3fa-4840-8cfa-3a6b9ef9a3f7" testId="c17747a3-eb4e-63bf-0bc9-279a4928ed40" testName="Appostolic.Api.Tests.EmailDispatcherTests.Enqueue_sends_via_sender" computerName="MacBook-Pro-2" duration="00:00:00.0013104" startTime="2025-09-16T17:59:43.8741810-05:00" endTime="2025-09-16T17:59:43.8741810-05:00" testType="13cdc9d9-ddb5-4fa4-a97d-d965ccfc6d4b" outcome="Passed" testListId="8c84fa94-04c1-424b-9868-57a2d4851a1d" relativeResultsDirectory="7b9adbdb-b3fa-4840-8cfa-3a6b9ef9a3f7" />
    <UnitTestResult executionId="a32feb61-9c15-4aaa-be4c-0d25f75beb0d" testId="3ff15350-3cc9-12ef-e4db-8ff403fcec20" testName="Appostolic.Api.Tests.Privacy.PIIRedactorTests.RedactPhone_Works(input: &quot;5551234567&quot;, expected: &quot;***4567&quot;)" computerName="MacBook-Pro-2" duration="00:00:00.0002855" startTime="2025-09-16T17:59:32.7803940-05:00" endTime="2025-09-16T17:59:32.7803940-05:00" testType="13cdc9d9-ddb5-4fa4-a97d-d965ccfc6d4b" outcome="Passed" testListId="8c84fa94-04c1-424b-9868-57a2d4851a1d" relativeResultsDirectory="a32feb61-9c15-4aaa-be4c-0d25f75beb0d" />
    <UnitTestResult executionId="ac4123b0-47bf-412c-8744-70414e554976" testId="5ec8c6f8-601d-9718-1802-a15c88bb4987" testName="Appostolic.Api.Tests.AgentTasks.AgentTasksCancelRetryTests.Retry_From_Succeeded_Creates_New_Task_And_Runs" computerName="MacBook-Pro-2" duration="00:00:00.0113701" startTime="2025-09-16T17:59:39.5542940-05:00" endTime="2025-09-16T17:59:39.5542950-05:00" testType="13cdc9d9-ddb5-4fa4-a97d-d965ccfc6d4b" outcome="Passed" testListId="8c84fa94-04c1-424b-9868-57a2d4851a1d" relativeResultsDirectory="ac4123b0-47bf-412c-8744-70414e554976" />
    <UnitTestResult executionId="7af68a58-cfed-4f3c-ade0-42b8d4ad0622" testId="f5342a6b-27a3-125c-432b-bd0ce4c9f03d" testName="Appostolic.Api.Tests.Api.InvitesRolesFlagsTests.Create_Invite_Without_Roles_Derives_From_Legacy_Role" computerName="MacBook-Pro-2" duration="00:00:00.0074172" startTime="2025-09-16T17:59:33.6051630-05:00" endTime="2025-09-16T17:59:33.6051630-05:00" testType="13cdc9d9-ddb5-4fa4-a97d-d965ccfc6d4b" outcome="Passed" testListId="8c84fa94-04c1-424b-9868-57a2d4851a1d" relativeResultsDirectory="7af68a58-cfed-4f3c-ade0-42b8d4ad0622" />
    <UnitTestResult executionId="c6990ea9-d540-4b93-9ece-73f0e6b42982" testId="6af85923-8d05-0c62-0cc5-a5120df2d8e5" testName="Appostolic.Api.Tests.Api.AgentTasksEndpointsTests.List_Pending_ReturnsCreatedFirst" computerName="MacBook-Pro-2" duration="00:00:00.0024768" startTime="2025-09-16T17:59:43.8679960-05:00" endTime="2025-09-16T17:59:43.8679970-05:00" testType="13cdc9d9-ddb5-4fa4-a97d-d965ccfc6d4b" outcome="Passed" testListId="8c84fa94-04c1-424b-9868-57a2d4851a1d" relativeResultsDirectory="c6990ea9-d540-4b93-9ece-73f0e6b42982" />
    <UnitTestResult executionId="dd23a7a7-2e0a-40b8-8bfa-566a0afd643a" testId="57eb4321-b137-5017-063e-e3e669ff6aa8" testName="Appostolic.Api.Tests.E2E.NotificationsE2E_Mailhog.VerificationEmail_reaches_Mailhog_and_outbox_marks_Sent" computerName="MacBook-Pro-2" duration="00:00:00.3705175" startTime="2025-09-16T17:59:42.2732270-05:00" endTime="2025-09-16T17:59:42.2732270-05:00" testType="13cdc9d9-ddb5-4fa4-a97d-d965ccfc6d4b" outcome="Passed" testListId="8c84fa94-04c1-424b-9868-57a2d4851a1d" relativeResultsDirectory="dd23a7a7-2e0a-40b8-8bfa-566a0afd643a" />
    <UnitTestResult executionId="8db70a0d-4e59-4b27-af7c-9864049f22c6" testId="90c7a127-2be9-b6e7-ec52-19cb51de49c0" testName="Appostolic.Api.Tests.Notifications.AutoResendScannerTests.Creates_resend_for_old_sent_without_children" computerName="MacBook-Pro-2" duration="00:00:00.0130847" startTime="2025-09-16T17:59:42.6285140-05:00" endTime="2025-09-16T17:59:42.6285140-05:00" testType="13cdc9d9-ddb5-4fa4-a97d-d965ccfc6d4b" outcome="Passed" testListId="8c84fa94-04c1-424b-9868-57a2d4851a1d" relativeResultsDirectory="8db70a0d-4e59-4b27-af7c-9864049f22c6" />
    <UnitTestResult executionId="07d357a8-a70d-4e5d-a110-0de7567f405f" testId="6a6d73d7-7d30-455c-71a4-79ea460d8c8c" testName="Appostolic.Api.Tests.Notifications.RedisTransportPrivacyTests.EnqueueFailure_LogsErrorWithoutPayloadContents" computerName="MacBook-Pro-2" duration="00:00:00.0274442" startTime="2025-09-16T17:59:42.3009240-05:00" endTime="2025-09-16T17:59:42.3009240-05:00" testType="13cdc9d9-ddb5-4fa4-a97d-d965ccfc6d4b" outcome="Passed" testListId="8c84fa94-04c1-424b-9868-57a2d4851a1d" relativeResultsDirectory="07d357a8-a70d-4e5d-a110-0de7567f405f" />
    <UnitTestResult executionId="fcdbca89-d955-4aca-9fa2-7cb208428ed6" testId="d3e47fb0-198c-5eff-c3a7-e584b9e9130b" testName="Appostolic.Api.Tests.Api.AuditsListingEndpointTests.Returns_400_on_invalid_guid_filters" computerName="MacBook-Pro-2" duration="00:00:00.0079008" startTime="2025-09-16T17:59:38.7268920-05:00" endTime="2025-09-16T17:59:38.7268920-05:00" testType="13cdc9d9-ddb5-4fa4-a97d-d965ccfc6d4b" outcome="Passed" testListId="8c84fa94-04c1-424b-9868-57a2d4851a1d" relativeResultsDirectory="fcdbca89-d955-4aca-9fa2-7cb208428ed6" />
    <UnitTestResult executionId="f571b04e-3ed1-47bb-b416-8e7349c7c7ce" testId="5aebb0bd-a461-dea6-b51f-abbdbf65c34a" testName="Appostolic.Api.Tests.Api.AuditsListingEndpointTests.Supports_optional_filters_user_actor_and_date_range" computerName="MacBook-Pro-2" duration="00:00:00.0371653" startTime="2025-09-16T17:59:38.7188170-05:00" endTime="2025-09-16T17:59:38.7188170-05:00" testType="13cdc9d9-ddb5-4fa4-a97d-d965ccfc6d4b" outcome="Passed" testListId="8c84fa94-04c1-424b-9868-57a2d4851a1d" relativeResultsDirectory="f571b04e-3ed1-47bb-b416-8e7349c7c7ce" />
    <UnitTestResult executionId="4e886b02-7cc3-411a-92eb-b25306a2f7fb" testId="9a71281b-30b0-67b5-7395-398aae4c1d76" testName="Appostolic.Api.Tests.Privacy.PIIRedactorTests.RedactEmail_Works(input: &quot;U@ex.com&quot;, expected: &quot;***U@ex.com&quot;)" computerName="MacBook-Pro-2" duration="00:00:00.0000779" startTime="2025-09-16T17:59:32.7800850-05:00" endTime="2025-09-16T17:59:32.7800850-05:00" testType="13cdc9d9-ddb5-4fa4-a97d-d965ccfc6d4b" outcome="Passed" testListId="8c84fa94-04c1-424b-9868-57a2d4851a1d" relativeResultsDirectory="4e886b02-7cc3-411a-92eb-b25306a2f7fb" />
    <UnitTestResult executionId="d2c3106e-40ba-4917-ba87-39e6644223e1" testId="f0e4d307-078d-a4e0-f168-b961578cd197" testName="Appostolic.Api.Tests.Security.RoleAuthorizationTests.CreatorPolicy_Denies_WhenNoMembership" computerName="MacBook-Pro-2" duration="00:00:00.0018717" startTime="2025-09-16T17:59:35.4885020-05:00" endTime="2025-09-16T17:59:35.4885020-05:00" testType="13cdc9d9-ddb5-4fa4-a97d-d965ccfc6d4b" outcome="Passed" testListId="8c84fa94-04c1-424b-9868-57a2d4851a1d" relativeResultsDirectory="d2c3106e-40ba-4917-ba87-39e6644223e1" />
    <UnitTestResult executionId="c2be3f42-4a1e-4b13-87bc-298df3a60767" testId="40e767b4-314a-d8ef-34b1-5c49d7ef55c4" testName="Appostolic.Api.Tests.Model.TokenEstimatorTests.EstimateTokens_Heuristic_CeilPer4Chars(text: &quot;&quot;, expected: 0)" computerName="MacBook-Pro-2" duration="00:00:00.0001515" startTime="2025-09-16T17:59:38.4113210-05:00" endTime="2025-09-16T17:59:38.4113210-05:00" testType="13cdc9d9-ddb5-4fa4-a97d-d965ccfc6d4b" outcome="Passed" testListId="8c84fa94-04c1-424b-9868-57a2d4851a1d" relativeResultsDirectory="c2be3f42-4a1e-4b13-87bc-298df3a60767" />
    <UnitTestResult executionId="86c6a9cf-e93c-43c3-8ce4-0b8ff4a085b2" testId="8499e5e2-c09d-d64e-ab91-715c51a15d3b" testName="Appostolic.Api.Tests.ModelMappingTests.Agent_ToolAllowlist_has_column_type_jsonb" computerName="MacBook-Pro-2" duration="00:00:00.0002529" startTime="2025-09-16T17:59:33.7920890-05:00" endTime="2025-09-16T17:59:33.7920890-05:00" testType="13cdc9d9-ddb5-4fa4-a97d-d965ccfc6d4b" outcome="Passed" testListId="8c84fa94-04c1-424b-9868-57a2d4851a1d" relativeResultsDirectory="86c6a9cf-e93c-43c3-8ce4-0b8ff4a085b2" />
    <UnitTestResult executionId="250794ae-18bc-4b12-97ed-3ff480a57550" testId="d651406b-2d52-45a1-6b81-e5bff5b77f68" testName="Appostolic.Api.Tests.Api.UserAvatarEndpointsTests.UploadAvatar_Rejects_TooRectangular" computerName="MacBook-Pro-2" duration="00:00:00.1499568" startTime="2025-09-16T17:59:34.1108850-05:00" endTime="2025-09-16T17:59:34.1108850-05:00" testType="13cdc9d9-ddb5-4fa4-a97d-d965ccfc6d4b" outcome="Passed" testListId="8c84fa94-04c1-424b-9868-57a2d4851a1d" relativeResultsDirectory="250794ae-18bc-4b12-97ed-3ff480a57550" />
    <UnitTestResult executionId="fe990762-ab1c-43b6-b1f3-c25131eff945" testId="9b729b7e-a306-20a1-7040-eda547fe8bec" testName="Appostolic.Api.Tests.E2E.AgentTasksE2E_HappyPath.EndToEnd_CreatesTask_RunsToSuccess_TracesAndTokensPresent" computerName="MacBook-Pro-2" duration="00:00:00.9784224" startTime="2025-09-16T17:59:32.5354020-05:00" endTime="2025-09-16T17:59:32.5354110-05:00" testType="13cdc9d9-ddb5-4fa4-a97d-d965ccfc6d4b" outcome="Passed" testListId="8c84fa94-04c1-424b-9868-57a2d4851a1d" relativeResultsDirectory="fe990762-ab1c-43b6-b1f3-c25131eff945" />
    <UnitTestResult executionId="adca65a1-11e1-403c-9123-e880dc5b8c09" testId="1a80fecc-6ef5-c4ed-4650-dbe09ce92e46" testName="Appostolic.Api.Tests.Api.UserProfileEndpointsTests.Put_me_rejects_non_object_body" computerName="MacBook-Pro-2" duration="00:00:00.0016382" startTime="2025-09-16T17:59:33.0962660-05:00" endTime="2025-09-16T17:59:33.0962660-05:00" testType="13cdc9d9-ddb5-4fa4-a97d-d965ccfc6d4b" outcome="Passed" testListId="8c84fa94-04c1-424b-9868-57a2d4851a1d" relativeResultsDirectory="adca65a1-11e1-403c-9123-e880dc5b8c09" />
    <UnitTestResult executionId="acf5bb16-ae53-4ab4-97f0-11fc801205fa" testId="30aa5bc1-9211-739f-532d-176c6c3c3a30" testName="Appostolic.Api.Tests.Orchestrator.AgentOrchestratorTests.MaxStepsExceeded_FailsAfterCap" computerName="MacBook-Pro-2" duration="00:00:00.0011143" startTime="2025-09-16T17:59:43.0029680-05:00" endTime="2025-09-16T17:59:43.0029680-05:00" testType="13cdc9d9-ddb5-4fa4-a97d-d965ccfc6d4b" outcome="Passed" testListId="8c84fa94-04c1-424b-9868-57a2d4851a1d" relativeResultsDirectory="acf5bb16-ae53-4ab4-97f0-11fc801205fa" />
    <UnitTestResult executionId="21b11019-6760-4aff-97f9-4bd3bce5d739" testId="897896ab-cee9-9ca5-ec01-253d0f0d6b3c" testName="Appostolic.Api.Tests.Api.DevGrantRolesEndpointTests.Grants_roles_to_new_user_and_membership" computerName="MacBook-Pro-2" duration="00:00:00.1264778" startTime="2025-09-16T17:59:42.6004480-05:00" endTime="2025-09-16T17:59:42.6004480-05:00" testType="13cdc9d9-ddb5-4fa4-a97d-d965ccfc6d4b" outcome="Passed" testListId="8c84fa94-04c1-424b-9868-57a2d4851a1d" relativeResultsDirectory="21b11019-6760-4aff-97f9-4bd3bce5d739" />
    <UnitTestResult executionId="840dbf21-d16c-414c-9de4-8e1f46dd97e6" testId="2e294ae5-fc9b-2692-1d65-f4ebb89ab5ef" testName="Appostolic.Api.Tests.Api.NotificationsAdminEndpointsTests.Dlq_replay_requeues_and_publishes_ids" computerName="MacBook-Pro-2" duration="00:00:00.1562334" startTime="2025-09-16T17:59:37.3642110-05:00" endTime="2025-09-16T17:59:37.3642110-05:00" testType="13cdc9d9-ddb5-4fa4-a97d-d965ccfc6d4b" outcome="Passed" testListId="8c84fa94-04c1-424b-9868-57a2d4851a1d" relativeResultsDirectory="840dbf21-d16c-414c-9de4-8e1f46dd97e6" />
    <UnitTestResult executionId="53342d40-7159-47f7-9890-9c238331ae24" testId="aba3fbd3-bcbc-9249-c5c5-7eefeb58f8d5" testName="Appostolic.Api.Tests.Api.TenantSettingsEndpointsTests.Delete_Logo_Removes_Metadata" computerName="MacBook-Pro-2" duration="00:00:00.0104996" startTime="2025-09-16T17:59:42.4485120-05:00" endTime="2025-09-16T17:59:42.4485120-05:00" testType="13cdc9d9-ddb5-4fa4-a97d-d965ccfc6d4b" outcome="Passed" testListId="8c84fa94-04c1-424b-9868-57a2d4851a1d" relativeResultsDirectory="53342d40-7159-47f7-9890-9c238331ae24" />
    <UnitTestResult executionId="ea4ffe5c-25b6-4bdd-a16c-371df82c568c" testId="7e0d251c-aca1-3165-2651-f2996ab661b8" testName="DbQueryToolTests.Select_users_all_rows" computerName="MacBook-Pro-2" duration="00:00:00.0026024" startTime="2025-09-16T17:59:42.4697570-05:00" endTime="2025-09-16T17:59:42.4697570-05:00" testType="13cdc9d9-ddb5-4fa4-a97d-d965ccfc6d4b" outcome="Passed" testListId="8c84fa94-04c1-424b-9868-57a2d4851a1d" relativeResultsDirectory="ea4ffe5c-25b6-4bdd-a16c-371df82c568c" />
    <UnitTestResult executionId="98ab04b0-586b-40e9-93f9-9c0022ff6090" testId="8de6077c-5e1e-7144-f76f-09a36a8fcab6" testName="Appostolic.Api.Tests.Privacy.UserProfileLoggingTests.GetMe_EmitsRedactedAndHash_NoRawEmail" computerName="MacBook-Pro-2" duration="00:00:00.1127202" startTime="2025-09-16T17:59:34.8998660-05:00" endTime="2025-09-16T17:59:34.8998660-05:00" testType="13cdc9d9-ddb5-4fa4-a97d-d965ccfc6d4b" outcome="Passed" testListId="8c84fa94-04c1-424b-9868-57a2d4851a1d" relativeResultsDirectory="98ab04b0-586b-40e9-93f9-9c0022ff6090" />
    <UnitTestResult executionId="dfe9945a-4ce8-42e9-9044-9f0a90a7f5db" testId="a00d92b0-35aa-1e7c-b5ff-79738a042c12" testName="Appostolic.Api.Tests.SendGridEmailSenderTests.Throws_on_400" computerName="MacBook-Pro-2" duration="00:00:00.0031027" startTime="2025-09-16T17:59:36.1067780-05:00" endTime="2025-09-16T17:59:36.1067790-05:00" testType="13cdc9d9-ddb5-4fa4-a97d-d965ccfc6d4b" outcome="Passed" testListId="8c84fa94-04c1-424b-9868-57a2d4851a1d" relativeResultsDirectory="dfe9945a-4ce8-42e9-9044-9f0a90a7f5db" />
    <UnitTestResult executionId="3550b133-667b-479e-9818-6d6330fbd57e" testId="dfdd94d6-4157-31a9-a81a-18fee28467d5" testName="Appostolic.Api.Tests.AgentOrchestratorTests.HappyPath_ModelPlansToolThenFinal_SucceedsWithTwoTraces" computerName="MacBook-Pro-2" duration="00:00:00.0047003" startTime="2025-09-16T17:59:38.3943460-05:00" endTime="2025-09-16T17:59:38.3943460-05:00" testType="13cdc9d9-ddb5-4fa4-a97d-d965ccfc6d4b" outcome="Passed" testListId="8c84fa94-04c1-424b-9868-57a2d4851a1d" relativeResultsDirectory="3550b133-667b-479e-9818-6d6330fbd57e" />
[...]
    <TestEntry testId="eba2e046-3c6c-f48b-f85f-b23828d8319b" executionId="3b4d7718-d13f-4fdd-ab2d-320513503563" testListId="8c84fa94-04c1-424b-9868-57a2d4851a1d" />
    <TestEntry testId="21127838-ea89-b283-653a-0b46d8acc590" executionId="f2c14c42-3275-4b06-9d65-658ad7aef7d3" testListId="8c84fa94-04c1-424b-9868-57a2d4851a1d" />
    <TestEntry testId="c2441ddc-565a-93d7-0c28-f73ca97b9486" executionId="7a49b303-2713-4297-a904-8d3deb2501bf" testListId="8c84fa94-04c1-424b-9868-57a2d4851a1d" />
    <TestEntry testId="37b7f024-73bb-98ae-d17f-d1c0ce9f17e8" executionId="72aa55c1-68b1-425d-93e1-b59c89e485ee" testListId="8c84fa94-04c1-424b-9868-57a2d4851a1d" />
    <TestEntry testId="cce5835b-2056-6d46-0527-d09fc0f9f6fc" executionId="717454ee-f153-4804-97d8-7ac7cf4e1fa6" testListId="8c84fa94-04c1-424b-9868-57a2d4851a1d" />
    <TestEntry testId="5404549b-a3b0-871f-9a8d-c5b5f387dff4" executionId="bb80aeab-cfa7-4b03-aba5-9306215c3f02" testListId="8c84fa94-04c1-424b-9868-57a2d4851a1d" />
    <TestEntry testId="ee7b51d2-d8a7-715d-70ab-159c7293568a" executionId="f425736d-197e-49cc-86b3-2e8085d4a50b" testListId="8c84fa94-04c1-424b-9868-57a2d4851a1d" />
    <TestEntry testId="71d5d180-2d36-ecb9-e4eb-71ca09e46ec4" executionId="d56cc4c5-80b8-4b20-9a16-a0a28e1ed5ce" testListId="8c84fa94-04c1-424b-9868-57a2d4851a1d" />
    <TestEntry testId="c608eb38-09c4-17b8-a16b-ae9b91798432" executionId="5a1f3806-3b16-4d71-8b8b-8afc60e30cd0" testListId="8c84fa94-04c1-424b-9868-57a2d4851a1d" />
    <TestEntry testId="9c1c1d38-5e04-c1b2-1a0f-96d8d4d8348a" executionId="40b96e02-714e-49d6-a486-b4633bd0eb7f" testListId="8c84fa94-04c1-424b-9868-57a2d4851a1d" />
    <TestEntry testId="cc013720-f8b7-b972-40e8-34c7328bfdae" executionId="5521e9be-fe07-4234-818b-08a6ea919547" testListId="8c84fa94-04c1-424b-9868-57a2d4851a1d" />
    <TestEntry testId="67c9746f-1f57-937b-6598-3968df73012b" executionId="55181600-6e00-4d96-96f0-219324a450b9" testListId="8c84fa94-04c1-424b-9868-57a2d4851a1d" />
    <TestEntry testId="8c322062-c901-cc6c-6cc7-399543893d6b" executionId="fb504a9c-65c6-437b-b8c4-a88f8a821799" testListId="8c84fa94-04c1-424b-9868-57a2d4851a1d" />
    <TestEntry testId="051a87a0-4947-acab-5222-3cc970dba0ba" executionId="192be066-b0ec-40ab-8344-9047f5b8a3ef" testListId="8c84fa94-04c1-424b-9868-57a2d4851a1d" />
    <TestEntry testId="94524c04-7158-8472-e876-43b26f76e4f4" executionId="8425e7e6-5e0a-4558-8eed-e1a477da889a" testListId="8c84fa94-04c1-424b-9868-57a2d4851a1d" />
    <TestEntry testId="54bfc83b-71cd-70be-2e17-0d354a18b25a" executionId="c20ada8d-f77e-4ff6-8315-5b708c80440a" testListId="8c84fa94-04c1-424b-9868-57a2d4851a1d" />
    <TestEntry testId="f6f9c7c7-2034-4809-9600-0c0282164e3f" executionId="7d0455fc-4a02-41c1-b43d-112cea6de4cf" testListId="8c84fa94-04c1-424b-9868-57a2d4851a1d" />
    <TestEntry testId="80249d75-0754-365e-161d-4f69eb53fd73" executionId="aa02d6c8-8796-4f71-a3db-2457ba511e01" testListId="8c84fa94-04c1-424b-9868-57a2d4851a1d" />
    <TestEntry testId="6e2b7510-d3ae-c174-2b57-710f63c82ad0" executionId="93cca81f-f987-483c-8e64-f5ecabe68ec1" testListId="8c84fa94-04c1-424b-9868-57a2d4851a1d" />
    <TestEntry testId="f3139bd5-165e-b0d0-2da0-a0210810049e" executionId="75ce263d-02d3-47f7-8893-d1ee827e647d" testListId="8c84fa94-04c1-424b-9868-57a2d4851a1d" />
    <TestEntry testId="0f0c7731-d28a-bcbe-054f-641f024437ac" executionId="8f74684a-af5c-45fa-a3ec-ac662ff4edd6" testListId="8c84fa94-04c1-424b-9868-57a2d4851a1d" />
    <TestEntry testId="019214c2-5ff4-3fed-608d-44f050052b40" executionId="4556cb80-b800-4bb3-b6bd-9e57577ff897" testListId="8c84fa94-04c1-424b-9868-57a2d4851a1d" />
    <TestEntry testId="adb4d425-e330-40e4-2ea6-b182e56ebe7d" executionId="63e035d3-56d6-4b65-94b0-97b825dfa208" testListId="8c84fa94-04c1-424b-9868-57a2d4851a1d" />
    <TestEntry testId="c64a9991-8173-cdf8-9198-d5935257f1a8" executionId="772d53a8-a25a-4ee1-b5dc-c65d085fde8b" testListId="8c84fa94-04c1-424b-9868-57a2d4851a1d" />
    <TestEntry testId="4f2f4974-af75-8563-a5df-aa0a73b303b0" executionId="5d86a80e-cbad-4f07-9770-dbe3bc759791" testListId="8c84fa94-04c1-424b-9868-57a2d4851a1d" />
    <TestEntry testId="65bd3a03-5d21-067f-5d94-19d0f92f350a" executionId="eff064d7-59f6-4698-8c1b-7ca244abc55a" testListId="8c84fa94-04c1-424b-9868-57a2d4851a1d" />
    <TestEntry testId="c3e1478d-2cae-8f80-3a89-04eb9dac0acb" executionId="1e1ab859-cb0e-48cd-94ba-1f776d93aefc" testListId="8c84fa94-04c1-424b-9868-57a2d4851a1d" />
    <TestEntry testId="6447b752-ca58-5092-2c5d-d1f5fe58b5dc" executionId="4300267a-c7af-4d79-98db-ba827e44803a" testListId="8c84fa94-04c1-424b-9868-57a2d4851a1d" />
    <TestEntry testId="4ee5f350-b89d-edd8-c84d-cd5d40909f15" executionId="867d120f-d40d-4a50-b5d0-eec41993b72c" testListId="8c84fa94-04c1-424b-9868-57a2d4851a1d" />
    <TestEntry testId="0210a45e-88de-5f73-c8f5-588d89c200fa" executionId="1d340ec6-7af0-4425-b6f7-0a1fdca5a271" testListId="8c84fa94-04c1-424b-9868-57a2d4851a1d" />
    <TestEntry testId="3b3a68c1-1138-770e-4b05-0d7fb6b68738" executionId="4d0e66b8-a5e1-4cf3-bd14-ddac6a8d58d8" testListId="8c84fa94-04c1-424b-9868-57a2d4851a1d" />
    <TestEntry testId="39114ef2-4a94-0d20-df91-881c10164c3c" executionId="6fba7079-7578-45dd-b02a-3c382e0cd713" testListId="8c84fa94-04c1-424b-9868-57a2d4851a1d" />
    <TestEntry testId="137392e3-997c-8532-6b57-65c75651b55b" executionId="c93ee668-2e59-4636-8b23-36e568863957" testListId="8c84fa94-04c1-424b-9868-57a2d4851a1d" />
    <TestEntry testId="22ad276e-c73f-4ebf-8729-b5903439e2d9" executionId="c366422f-5088-4522-8492-6ce2f6cc713c" testListId="8c84fa94-04c1-424b-9868-57a2d4851a1d" />
    <TestEntry testId="4f93dd2b-351a-bca6-2b8b-95fc20f20ddd" executionId="7f469cc6-0901-4d05-a693-9d06cefcc487" testListId="8c84fa94-04c1-424b-9868-57a2d4851a1d" />
    <TestEntry testId="7c805908-7267-f4aa-63a0-03f3e0715abc" executionId="62ea1caf-118f-4e46-84cc-6b224a37a0bd" testListId="8c84fa94-04c1-424b-9868-57a2d4851a1d" />
    <TestEntry testId="e7581818-0663-f767-821c-25fbea112d88" executionId="904e0027-3e46-4d5e-befa-756abbb041c3" testListId="8c84fa94-04c1-424b-9868-57a2d4851a1d" />
    <TestEntry testId="a8bb0fab-56c6-938a-460b-3d46baedbbb6" executionId="a4f22762-5c69-4c7f-8eec-0567b07b7dd5" testListId="8c84fa94-04c1-424b-9868-57a2d4851a1d" />
    <TestEntry testId="7b4d03a5-c5c2-9d47-3b72-108b3108a4ac" executionId="38bdb685-497d-45a6-9695-960546651286" testListId="8c84fa94-04c1-424b-9868-57a2d4851a1d" />
    <TestEntry testId="04a8bdbc-fefc-28fe-9d41-eb27166daebb" executionId="78116190-403d-4480-abc2-d0acc6c5ab95" testListId="8c84fa94-04c1-424b-9868-57a2d4851a1d" />
    <TestEntry testId="79403e37-7823-d8d7-7290-f467456876fa" executionId="d066f2a9-21b2-491c-bc58-f900b9e2bda3" testListId="8c84fa94-04c1-424b-9868-57a2d4851a1d" />
    <TestEntry testId="4f65136b-b885-5c0a-1650-385c2d5ff86d" executionId="ea4ca887-3176-4a7d-91c1-0bce4d8a24dc" testListId="8c84fa94-04c1-424b-9868-57a2d4851a1d" />
    <TestEntry testId="8e56ee2d-296c-f180-2ad1-a3abd5b19292" executionId="f2c45f17-041b-444c-ac96-2b3bf7e38253" testListId="8c84fa94-04c1-424b-9868-57a2d4851a1d" />
    <TestEntry testId="cb90a4b6-5413-6334-a88c-d9e37624202c" executionId="ae5e200d-a599-48f0-be1c-f29d6a5dbc7b" testListId="8c84fa94-04c1-424b-9868-57a2d4851a1d" />
    <TestEntry testId="2f6106d4-2d27-0ec0-388a-a0a0d64b80ea" executionId="fbcaa3b0-9797-4898-a5dd-1332fe310cc6" testListId="8c84fa94-04c1-424b-9868-57a2d4851a1d" />
    <TestEntry testId="df92ad96-32d4-9c44-0398-97a52600538f" executionId="235e0ee5-f487-440c-af82-c60c4ebce425" testListId="8c84fa94-04c1-424b-9868-57a2d4851a1d" />
    <TestEntry testId="c17747a3-eb4e-63bf-0bc9-279a4928ed40" executionId="7b9adbdb-b3fa-4840-8cfa-3a6b9ef9a3f7" testListId="8c84fa94-04c1-424b-9868-57a2d4851a1d" />
    <TestEntry testId="3ff15350-3cc9-12ef-e4db-8ff403fcec20" executionId="a32feb61-9c15-4aaa-be4c-0d25f75beb0d" testListId="8c84fa94-04c1-424b-9868-57a2d4851a1d" />
    <TestEntry testId="5ec8c6f8-601d-9718-1802-a15c88bb4987" executionId="ac4123b0-47bf-412c-8744-70414e554976" testListId="8c84fa94-04c1-424b-9868-57a2d4851a1d" />
    <TestEntry testId="f5342a6b-27a3-125c-432b-bd0ce4c9f03d" executionId="7af68a58-cfed-4f3c-ade0-42b8d4ad0622" testListId="8c84fa94-04c1-424b-9868-57a2d4851a1d" />
    <TestEntry testId="6af85923-8d05-0c62-0cc5-a5120df2d8e5" executionId="c6990ea9-d540-4b93-9ece-73f0e6b42982" testListId="8c84fa94-04c1-424b-9868-57a2d4851a1d" />
    <TestEntry testId="57eb4321-b137-5017-063e-e3e669ff6aa8" executionId="dd23a7a7-2e0a-40b8-8bfa-566a0afd643a" testListId="8c84fa94-04c1-424b-9868-57a2d4851a1d" />
    <TestEntry testId="90c7a127-2be9-b6e7-ec52-19cb51de49c0" executionId="8db70a0d-4e59-4b27-af7c-9864049f22c6" testListId="8c84fa94-04c1-424b-9868-57a2d4851a1d" />
    <TestEntry testId="6a6d73d7-7d30-455c-71a4-79ea460d8c8c" executionId="07d357a8-a70d-4e5d-a110-0de7567f405f" testListId="8c84fa94-04c1-424b-9868-57a2d4851a1d" />
    <TestEntry testId="d3e47fb0-198c-5eff-c3a7-e584b9e9130b" executionId="fcdbca89-d955-4aca-9fa2-7cb208428ed6" testListId="8c84fa94-04c1-424b-9868-57a2d4851a1d" />
    <TestEntry testId="5aebb0bd-a461-dea6-b51f-abbdbf65c34a" executionId="f571b04e-3ed1-47bb-b416-8e7349c7c7ce" testListId="8c84fa94-04c1-424b-9868-57a2d4851a1d" />
    <TestEntry testId="9a71281b-30b0-67b5-7395-398aae4c1d76" executionId="4e886b02-7cc3-411a-92eb-b25306a2f7fb" testListId="8c84fa94-04c1-424b-9868-57a2d4851a1d" />
    <TestEntry testId="f0e4d307-078d-a4e0-f168-b961578cd197" executionId="d2c3106e-40ba-4917-ba87-39e6644223e1" testListId="8c84fa94-04c1-424b-9868-57a2d4851a1d" />
    <TestEntry testId="40e767b4-314a-d8ef-34b1-5c49d7ef55c4" executionId="c2be3f42-4a1e-4b13-87bc-298df3a60767" testListId="8c84fa94-04c1-424b-9868-57a2d4851a1d" />
    <TestEntry testId="8499e5e2-c09d-d64e-ab91-715c51a15d3b" executionId="86c6a9cf-e93c-43c3-8ce4-0b8ff4a085b2" testListId="8c84fa94-04c1-424b-9868-57a2d4851a1d" />
    <TestEntry testId="d651406b-2d52-45a1-6b81-e5bff5b77f68" executionId="250794ae-18bc-4b12-97ed-3ff480a57550" testListId="8c84fa94-04c1-424b-9868-57a2d4851a1d" />
    <TestEntry testId="9b729b7e-a306-20a1-7040-eda547fe8bec" executionId="fe990762-ab1c-43b6-b1f3-c25131eff945" testListId="8c84fa94-04c1-424b-9868-57a2d4851a1d" />
    <TestEntry testId="1a80fecc-6ef5-c4ed-4650-dbe09ce92e46" executionId="adca65a1-11e1-403c-9123-e880dc5b8c09" testListId="8c84fa94-04c1-424b-9868-57a2d4851a1d" />
    <TestEntry testId="30aa5bc1-9211-739f-532d-176c6c3c3a30" executionId="acf5bb16-ae53-4ab4-97f0-11fc801205fa" testListId="8c84fa94-04c1-424b-9868-57a2d4851a1d" />
    <TestEntry testId="897896ab-cee9-9ca5-ec01-253d0f0d6b3c" executionId="21b11019-6760-4aff-97f9-4bd3bce5d739" testListId="8c84fa94-04c1-424b-9868-57a2d4851a1d" />
    <TestEntry testId="2e294ae5-fc9b-2692-1d65-f4ebb89ab5ef" executionId="840dbf21-d16c-414c-9de4-8e1f46dd97e6" testListId="8c84fa94-04c1-424b-9868-57a2d4851a1d" />
    <TestEntry testId="aba3fbd3-bcbc-9249-c5c5-7eefeb58f8d5" executionId="53342d40-7159-47f7-9890-9c238331ae24" testListId="8c84fa94-04c1-424b-9868-57a2d4851a1d" />
    <TestEntry testId="7e0d251c-aca1-3165-2651-f2996ab661b8" executionId="ea4ffe5c-25b6-4bdd-a16c-371df82c568c" testListId="8c84fa94-04c1-424b-9868-57a2d4851a1d" />
    <TestEntry testId="8de6077c-5e1e-7144-f76f-09a36a8fcab6" executionId="98ab04b0-586b-40e9-93f9-9c0022ff6090" testListId="8c84fa94-04c1-424b-9868-57a2d4851a1d" />
    <TestEntry testId="a00d92b0-35aa-1e7c-b5ff-79738a042c12" executionId="dfe9945a-4ce8-42e9-9044-9f0a90a7f5db" testListId="8c84fa94-04c1-424b-9868-57a2d4851a1d" />
    <TestEntry testId="dfdd94d6-4157-31a9-a81a-18fee28467d5" executionId="3550b133-667b-479e-9818-6d6330fbd57e" testListId="8c84fa94-04c1-424b-9868-57a2d4851a1d" />
    <TestEntry testId="c0347afe-0c6b-b0a7-12e1-3aa76a4722fc" executionId="adb212f4-fee0-4973-91ff-378892eda82c" testListId="8c84fa94-04c1-424b-9868-57a2d4851a1d" />
    <TestEntry testId="9e2bc8ee-63e7-247f-c2c7-e16759561a39" executionId="15140493-9147-4cb2-a60d-e68f196a3eed" testListId="8c84fa94-04c1-424b-9868-57a2d4851a1d" />
    <TestEntry testId="f0724dde-c441-a83f-2f8e-78db9d6adb66" executionId="906ab5bc-cd7f-498d-ad5f-25d767053d77" testListId="8c84fa94-04c1-424b-9868-57a2d4851a1d" />
    <TestEntry testId="e8b4dc71-a5d7-b1f7-a555-6150128fc2af" executionId="2696d9b8-ea20-4e55-b3c7-537932286d81" testListId="8c84fa94-04c1-424b-9868-57a2d4851a1d" />
    <TestEntry testId="efe354b5-5489-bbb2-88ee-c8f998cb6176" executionId="8947afd3-8414-40b6-9b5b-21787f840b6f" testListId="8c84fa94-04c1-424b-9868-57a2d4851a1d" />
    <TestEntry testId="3494b3d5-98dd-209c-c4b4-d8d0bff712f0" executionId="43f16535-8859-4927-9600-1ee9327dac62" testListId="8c84fa94-04c1-424b-9868-57a2d4851a1d" />
    <TestEntry testId="c8cdac31-ad32-9a02-508c-02a988e5e017" executionId="364688af-97ec-481e-8351-57c23ebb25f5" testListId="8c84fa94-04c1-424b-9868-57a2d4851a1d" />
    <TestEntry testId="81f70a90-5f17-3107-1751-37f6a5b41791" executionId="d98575c2-1d79-4f69-ad96-64c0ab3ace60" testListId="8c84fa94-04c1-424b-9868-57a2d4851a1d" />
    <TestEntry testId="50c609b5-3f14-814d-a1e7-5260305a9b12" executionId="b1d74c59-473b-40db-90ba-294c1bcc7694" testListId="8c84fa94-04c1-424b-9868-57a2d4851a1d" />
    <TestEntry testId="1aa96e1c-162f-87b8-360d-29c19b3b2c73" executionId="3a252b49-b8e4-4261-b753-6f8be981dd35" testListId="8c84fa94-04c1-424b-9868-57a2d4851a1d" />
    <TestEntry testId="87a5b8a9-e5bd-8c6e-5a6c-5815a0bd8c39" executionId="56719d63-4d87-40fc-a9af-8bcce6ffa118" testListId="8c84fa94-04c1-424b-9868-57a2d4851a1d" />
    <TestEntry testId="6305e689-cee9-6a31-93d8-755b6c5fc935" executionId="4976d7a5-d723-47fe-908f-e3b388253a45" testListId="8c84fa94-04c1-424b-9868-57a2d4851a1d" />
    <TestEntry testId="61b122ca-f3a1-21e8-0492-e3c660390b05" executionId="210947be-0c2e-4f6a-a26d-b00a35dae454" testListId="8c84fa94-04c1-424b-9868-57a2d4851a1d" />
    <TestEntry testId="94ec43a1-8d1a-e493-b213-b33a5a6877b2" executionId="8acc8596-3f1e-4924-bb47-b22bf43e3e42" testListId="8c84fa94-04c1-424b-9868-57a2d4851a1d" />
    <TestEntry testId="8f2edffb-b43d-5750-46cc-f6c9051abba5" executionId="bf5fd8b2-effe-4d85-8df3-972277d911b2" testListId="8c84fa94-04c1-424b-9868-57a2d4851a1d" />
    <TestEntry testId="d079b60f-9bd9-c7a1-855f-178e519346dc" executionId="bf55f045-d136-42c0-afc4-7480c13f8d8c" testListId="8c84fa94-04c1-424b-9868-57a2d4851a1d" />
    <TestEntry testId="eeaccddf-52e1-1db7-6606-fc19c2721862" executionId="b9cea740-cd59-4e8f-ab49-c536a894b393" testListId="8c84fa94-04c1-424b-9868-57a2d4851a1d" />
    <TestEntry testId="90d1f61e-9ba1-ff1a-f0a6-e17acbda2dee" executionId="3a6945b1-4d9e-4cca-9528-c75cf9852897" testListId="8c84fa94-04c1-424b-9868-57a2d4851a1d" />
    <TestEntry testId="43ab37ac-8f01-34cd-35d3-1bda726822d7" executionId="93a7905f-44c2-4e24-82cf-dc1b8f746136" testListId="8c84fa94-04c1-424b-9868-57a2d4851a1d" />
    <TestEntry testId="1cde006b-fa5b-9bb3-7b8a-0a89c0448d58" executionId="a4b31797-b911-483a-8691-dfe093c6430f" testListId="8c84fa94-04c1-424b-9868-57a2d4851a1d" />
    <TestEntry testId="ad304976-430a-8b69-e0d9-931ece855b31" executionId="0051d15c-b154-4955-921c-1f0991afe8a1" testListId="8c84fa94-04c1-424b-9868-57a2d4851a1d" />
    <TestEntry testId="e7a0570b-32c5-3b4e-7767-9ca541c22b6e" executionId="07731281-af4b-4348-ade3-aba619327680" testListId="8c84fa94-04c1-424b-9868-57a2d4851a1d" />
    <TestEntry testId="02f4c01b-4d57-cea6-940b-91f660d6b3a5" executionId="e2d32428-76d4-49ce-991f-b74927fe6d7e" testListId="8c84fa94-04c1-424b-9868-57a2d4851a1d" />
    <TestEntry testId="d23daa8f-5725-d1c6-7d7a-83c05e893d1b" executionId="c06031d2-b3af-4bf7-8a1f-92ecf2475e10" testListId="8c84fa94-04c1-424b-9868-57a2d4851a1d" />
    <TestEntry testId="515d6282-fd19-872e-c191-d3eda2049a23" executionId="a3edba30-2714-4ec9-9286-8ae53f81773f" testListId="8c84fa94-04c1-424b-9868-57a2d4851a1d" />
    <TestEntry testId="b3de0f6b-2ac2-0bee-ef58-144a8741a412" executionId="376e23c1-6842-4a59-b800-e444efc97bdc" testListId="8c84fa94-04c1-424b-9868-57a2d4851a1d" />
    <TestEntry testId="811026c2-41ce-4e18-121d-862774cd6272" executionId="d0cc2455-eefd-4d41-92af-dc1b556a72e3" testListId="8c84fa94-04c1-424b-9868-57a2d4851a1d" />
    <TestEntry testId="214b8407-591b-5f7a-aa16-7961a8df13e5" executionId="a06f08b2-9f34-41a7-b010-ea3a54310a9b" testListId="8c84fa94-04c1-424b-9868-57a2d4851a1d" />
    <TestEntry testId="e654c6ff-e79b-0f0d-7ecf-a4648dc0cf91" executionId="501aea4b-b120-4cee-a7b8-10778d72e624" testListId="8c84fa94-04c1-424b-9868-57a2d4851a1d" />
    <TestEntry testId="5818c4b0-5040-ff57-2a21-3715c31b378e" executionId="a58c8c5a-2717-43bf-849a-02f4886892f0" testListId="8c84fa94-04c1-424b-9868-57a2d4851a1d" />
    <TestEntry testId="fc6317ac-4f9e-d443-bb9c-db2ea41d1b6d" executionId="b0386353-5591-4503-8169-c6c285a68252" testListId="8c84fa94-04c1-424b-9868-57a2d4851a1d" />
    <TestEntry testId="c561c2f6-8efd-4095-cbad-20238816bd9c" executionId="24fd1b22-b108-477a-97b6-a5dfb7eb656f" testListId="8c84fa94-04c1-424b-9868-57a2d4851a1d" />
    <TestEntry testId="46709c0e-39a7-32eb-a6b2-6f7ada21050d" executionId="f272d6d5-03f7-47ec-85b6-ac68dc5d0664" testListId="8c84fa94-04c1-424b-9868-57a2d4851a1d" />
    <TestEntry testId="e1e10047-9c95-2461-ef88-42d3da0fbb82" executionId="8e4e26f8-46c8-4abc-b266-683edaf77d20" testListId="8c84fa94-04c1-424b-9868-57a2d4851a1d" />
    <TestEntry testId="a2b0d89c-f17d-2c60-2870-72017089ab94" executionId="29ab6372-587e-450a-89a0-50e1186ce0b2" testListId="8c84fa94-04c1-424b-9868-57a2d4851a1d" />
  </TestEntries>
  <TestLists>
    <TestList name="Results Not in a List" id="8c84fa94-04c1-424b-9868-57a2d4851a1d" />
    <TestList name="All Loaded Results" id="19431567-8539-422a-85d7-44ee4e166bda" />
  </TestLists>
  <ResultSummary outcome="Failed">
    <Counters total="177" executed="177" passed="176" failed="1" error="0" timeout="0" aborted="0" inconclusive="0" passedButRunAborted="0" notRunnable="0" notExecuted="0" disconnected="0" warning="0" completed="0" inProgress="0" pending="0" />
    <Output>
      <StdOut>[xUnit.net 00:00:00.00] xUnit.net VSTest Adapter v2.8.1+ce9211e970 (64-bit .NET 8.0.1)
[xUnit.net 00:00:00.06]   Discovering: Appostolic.Api.Tests
[xUnit.net 00:00:00.09]   Discovered:  Appostolic.Api.Tests
[xUnit.net 00:00:00.09]   Starting:    Appostolic.Api.Tests
[xUnit.net 00:00:02.71]       Expected res.StatusCode to be HttpStatusCode.OK {value: 200}, but found HttpStatusCode.BadRequest {value: 400}.
[xUnit.net 00:00:02.71]       Stack Trace:
[xUnit.net 00:00:02.71]            at FluentAssertions.Execution.XUnit2TestFramework.Throw(String message)
[xUnit.net 00:00:02.71]            at FluentAssertions.Execution.TestFrameworkProvider.Throw(String message)
[xUnit.net 00:00:02.71]            at FluentAssertions.Execution.DefaultAssertionStrategy.HandleFailure(String message)
[xUnit.net 00:00:02.71]            at FluentAssertions.Execution.AssertionScope.FailWith(Func`1 failReasonFunc)
[xUnit.net 00:00:02.71]            at FluentAssertions.Execution.AssertionScope.FailWith(Func`1 failReasonFunc)
[xUnit.net 00:00:02.71]            at FluentAssertions.Execution.AssertionScope.FailWith(String message, Object[] args)
[xUnit.net 00:00:02.71]            at FluentAssertions.Primitives.EnumAssertions`2.Be(TEnum expected, String because, Object[] becauseArgs)
[xUnit.net 00:00:02.71]         /Users/kevinmccreary/appostolic/apps/api.tests/Api/UserAvatarEndpointsTests.cs(41,0): at Appostolic.Api.Tests.Api.UserAvatarEndpointsTests.UploadAvatar_Succeeds_WithPngUnder2MB()
[xUnit.net 00:00:02.71]         --- End of stack trace from previous location ---
[xUnit.net 00:00:13.80]   Finished:    Appostolic.Api.Tests
</StdOut>
    </Output>
    <RunInfos>
      <RunInfo computerName="MacBook-Pro-2" outcome="Error" timestamp="2025-09-16T17:59:34.1495450-05:00">
        <Text>[xUnit.net 00:00:02.71]     Appostolic.Api.Tests.Api.UserAvatarEndpointsTests.UploadAvatar_Succeeds_WithPngUnder2MB [FAIL]</Text>
      </RunInfo>
    </RunInfos>
  </ResultSummary>
</TestRun>