TN:
SF:app/dev/agents/components/AgentRunForm.tsx
FN:20,AgentRunForm
FN:32,createTask
FN:95,onSubmit
FN:109,onChange
FN:129,onChange
FNF:5
FNH:3
FNDA:9,AgentRunForm
FNDA:1,createTask
FNDA:1,onSubmit
FNDA:0,onChange
FNDA:0,onChange
DA:1,1
DA:2,1
DA:3,1
DA:4,1
DA:5,1
DA:6,1
DA:7,1
DA:8,1
DA:9,1
DA:10,1
DA:11,1
DA:12,1
DA:13,1
DA:14,1
DA:15,1
DA:16,1
DA:17,1
DA:18,1
DA:19,1
DA:20,9
DA:21,9
DA:22,9
DA:23,9
DA:24,9
DA:25,9
DA:26,9
DA:27,9
DA:28,9
DA:29,9
DA:30,9
DA:31,9
DA:32,9
DA:33,1
DA:34,1
DA:35,1
DA:36,1
DA:37,1
DA:38,1
DA:39,1
DA:40,0
DA:41,0
DA:42,0
DA:43,0
DA:44,1
DA:45,1
DA:46,1
DA:47,1
DA:48,1
DA:49,1
DA:50,1
DA:51,0
DA:52,0
DA:53,0
DA:54,0
DA:55,0
DA:56,1
DA:57,1
DA:58,1
DA:59,1
DA:60,1
DA:61,1
DA:62,9
DA:63,9
DA:64,3
DA:65,2
DA:66,2
DA:67,2
DA:68,2
DA:69,2
DA:70,3
DA:71,3
DA:72,3
DA:73,9
DA:74,9
DA:75,9
DA:76,3
DA:77,2
DA:78,2
DA:79,1
DA:80,1
DA:81,1
DA:82,0
DA:83,0
DA:84,0
DA:85,3
DA:86,3
DA:87,3
DA:88,3
DA:89,3
DA:90,9
DA:91,9
DA:92,9
DA:93,9
DA:94,9
DA:95,9
DA:96,1
DA:97,1
DA:98,1
DA:99,1
DA:100,9
DA:101,9
DA:102,9
DA:103,9
DA:104,9
DA:105,9
DA:106,9
DA:107,9
DA:108,9
DA:109,9
DA:110,9
DA:111,9
DA:112,9
DA:113,9
DA:114,9
DA:115,9
DA:116,9
DA:117,9
DA:118,9
DA:119,9
DA:120,9
DA:121,9
DA:122,9
DA:123,9
DA:124,9
DA:125,9
DA:126,9
DA:127,9
DA:128,9
DA:129,9
DA:130,9
DA:131,9
DA:132,9
DA:133,9
DA:134,9
DA:135,9
DA:136,9
DA:137,9
DA:138,9
DA:139,9
DA:140,9
DA:141,9
DA:142,9
DA:143,9
DA:144,9
DA:145,9
DA:146,9
DA:147,0
DA:148,9
DA:149,9
DA:150,9
DA:151,9
DA:152,9
DA:153,6
DA:154,6
DA:155,6
DA:156,6
DA:157,6
DA:158,5
DA:159,5
DA:160,5
DA:161,6
DA:162,6
DA:163,5
DA:164,5
DA:165,5
DA:166,5
DA:167,6
DA:168,6
DA:169,5
DA:170,5
DA:171,5
DA:172,6
DA:173,6
DA:174,6
DA:175,6
DA:176,9
DA:177,9
DA:178,9
DA:179,2
DA:180,2
DA:181,2
DA:182,2
DA:183,2
DA:184,2
DA:185,9
DA:186,9
DA:187,9
DA:188,9
DA:189,9
DA:190,9
DA:191,6
DA:192,6
DA:193,6
DA:194,9
DA:195,9
DA:196,9
DA:197,9
DA:198,9
DA:199,9
LF:199
LH:186
BRDA:20,0,0,9
BRDA:21,1,0,0
BRDA:142,2,0,6
BRDA:142,3,0,3
BRDA:144,4,0,4
BRDA:145,5,0,0
BRDA:146,6,0,4
BRDA:146,7,0,0
BRDA:152,8,0,6
BRDA:157,9,0,5
BRDA:157,10,0,5
BRDA:157,11,0,5
BRDA:162,12,0,5
BRDA:162,13,0,5
BRDA:162,14,0,5
BRDA:168,15,0,5
BRDA:168,16,0,5
BRDA:178,17,0,5
BRDA:178,18,0,2
BRDA:178,19,0,2
BRDA:32,20,0,1
BRDA:39,21,0,0
BRDA:50,22,0,0
BRDA:59,23,0,1
BRDA:63,24,0,3
BRDA:64,25,0,1
BRDA:64,26,0,2
BRDA:72,27,0,1
BRDA:75,28,0,3
BRDA:76,29,0,1
BRDA:76,30,0,2
BRDA:78,31,0,1
BRDA:79,32,0,1
BRDA:81,33,0,0
BRDA:95,34,0,1
BRDA:97,35,0,0
BRDA:113,36,0,9
BRDA:190,37,0,6
BRF:38
BRH:31
end_of_record
TN:
SF:app/dev/agents/components/TracesTable.tsx
FN:16,TracesTable
FN:47,onClick
FNF:2
FNH:1
FNDA:6,TracesTable
FNDA:0,onClick
DA:1,1
DA:2,1
DA:3,1
DA:4,1
DA:5,1
DA:6,1
DA:7,1
DA:8,1
DA:9,1
DA:10,1
DA:11,1
DA:12,1
DA:13,1
DA:14,1
DA:15,1
DA:16,6
DA:17,6
DA:18,6
DA:19,6
DA:20,6
DA:21,6
DA:22,6
DA:23,6
DA:24,6
DA:25,6
DA:26,6
DA:27,6
DA:28,6
DA:29,6
DA:30,6
DA:31,6
DA:32,6
DA:33,6
DA:34,7
DA:35,7
DA:36,7
DA:37,7
DA:38,7
DA:39,7
DA:40,7
DA:41,7
DA:42,7
DA:43,7
DA:44,7
DA:45,7
DA:46,7
DA:47,7
DA:48,7
DA:49,7
DA:50,7
DA:51,7
DA:52,7
DA:53,6
DA:54,6
DA:55,6
DA:56,6
DA:57,7
DA:58,7
DA:59,7
DA:60,7
DA:61,7
DA:62,7
DA:63,7
DA:64,7
DA:65,7
DA:66,7
DA:67,7
DA:68,7
DA:69,7
DA:70,6
DA:71,6
DA:72,6
DA:73,6
LF:73
LH:73
BRDA:16,0,0,6
BRDA:33,1,0,7
BRDA:40,2,0,5
BRDA:40,3,0,0
BRDA:40,4,0,0
BRDA:40,5,0,2
BRDA:49,6,0,0
BRDA:56,7,0,7
BRDA:59,8,0,0
BRDA:63,9,0,0
BRDA:66,10,0,0
BRF:11
BRH:5
end_of_record
TN:
SF:src/app/dev/agents/hooks/useTaskPolling.ts
FN:32,useTaskPolling
FN:53,fetchOnce
FNF:2
FNH:2
FNDA:19,useTaskPolling
FNDA:6,fetchOnce
DA:1,1
DA:2,1
DA:3,1
DA:4,1
DA:5,1
DA:6,1
DA:7,1
DA:8,1
DA:9,1
DA:10,1
DA:11,1
DA:12,1
DA:13,1
DA:14,1
DA:15,1
DA:16,1
DA:17,1
DA:18,1
DA:19,1
DA:20,1
DA:21,1
DA:22,1
DA:23,1
DA:24,1
DA:25,1
DA:26,1
DA:27,1
DA:28,1
DA:29,1
DA:30,1
DA:31,1
DA:32,1
DA:33,19
DA:34,19
DA:35,19
DA:36,19
DA:37,19
DA:38,19
DA:39,19
DA:40,19
DA:41,5
DA:42,5
DA:43,5
DA:44,5
DA:45,5
DA:46,5
DA:47,5
DA:48,2
DA:49,2
DA:50,2
DA:51,2
DA:52,3
DA:53,3
DA:54,6
DA:55,6
DA:56,6
DA:57,6
DA:58,6
DA:59,6
DA:60,6
DA:61,6
DA:62,6
DA:63,0
DA:64,0
DA:65,0
DA:66,6
DA:67,6
DA:68,6
DA:69,6
DA:70,6
DA:71,6
DA:72,6
DA:73,3
DA:74,3
DA:75,3
DA:76,6
DA:77,3
DA:78,3
DA:79,3
DA:80,3
DA:81,3
DA:82,3
DA:83,6
DA:84,0
DA:85,0
DA:86,0
DA:87,0
DA:88,0
DA:89,0
DA:90,0
DA:91,0
DA:92,0
DA:93,6
DA:94,6
DA:95,6
DA:96,6
DA:97,3
DA:98,3
DA:99,3
DA:100,5
DA:101,3
DA:102,3
DA:103,3
DA:104,3
DA:105,3
DA:106,3
DA:107,19
DA:108,19
DA:109,19
DA:110,19
LF:110
LH:98
BRDA:32,0,0,19
BRDA:40,1,0,5
BRDA:47,2,0,2
BRDA:48,3,0,0
BRDA:51,4,0,3
BRDA:100,5,0,0
BRDA:100,6,0,3
BRDA:53,7,0,6
BRDA:62,8,0,0
BRDA:68,9,0,0
BRDA:72,10,0,3
BRDA:73,11,0,3
BRDA:74,12,0,3
BRDA:76,13,0,3
BRDA:83,14,0,0
BRDA:103,15,0,3
BRDA:104,16,0,0
BRF:17
BRH:11
end_of_record
TN:
SF:src/app/studio/agents/page.tsx
FN:1,(empty-report)
FNF:1
FNH:0
FNDA:0,(empty-report)
DA:1,0
DA:2,0
DA:3,0
DA:4,0
DA:5,0
DA:6,0
DA:7,0
DA:8,0
DA:9,0
DA:10,0
DA:11,0
DA:12,0
DA:13,0
DA:14,0
DA:15,0
DA:16,0
DA:17,0
DA:18,0
DA:19,0
DA:20,0
DA:21,0
DA:22,0
DA:23,0
DA:24,0
DA:25,0
DA:26,0
DA:27,0
DA:28,0
DA:29,0
DA:30,0
LF:30
LH:0
BRDA:1,0,0,0
BRF:1
BRH:0
end_of_record
TN:
SF:src/app/studio/agents/[id]/page.tsx
FN:1,(empty-report)
FNF:1
FNH:0
FNDA:0,(empty-report)
DA:1,0
DA:2,0
DA:3,0
DA:4,0
DA:5,0
DA:6,0
DA:7,0
DA:8,0
DA:9,0
DA:10,0
DA:11,0
DA:12,0
DA:13,0
DA:14,0
DA:15,0
DA:16,0
DA:17,0
DA:18,0
DA:19,0
DA:20,0
DA:21,0
DA:22,0
DA:23,0
DA:24,0
DA:25,0
DA:26,0
DA:27,0
DA:28,0
DA:29,0
DA:30,0
DA:31,0
DA:32,0
DA:33,0
DA:34,0
DA:35,0
DA:36,0
DA:37,0
LF:37
LH:0
BRDA:1,0,0,0
BRF:1
BRH:0
end_of_record
TN:
SF:src/app/studio/agents/components/AgentForm.tsx
FN:22,estimateTokens
FN:27,impliesTools
FN:32,validate
FN:48,AgentForm
FN:74,setField
FN:78,onToggleTool
FN:87,onSubmit
FN:142,onChange
FN:158,onChange
FN:177,onChange
FN:195,onChange
FN:212,onChange
FN:245,onChange
FN:265,onClick
FNF:14
FNH:10
FNDA:16,estimateTokens
FNDA:16,impliesTools
FNDA:5,validate
FNDA:39,AgentForm
FNDA:28,setField
FNDA:1,onToggleTool
FNDA:3,onSubmit
FNDA:17,onChange
FNDA:0,onChange
FNDA:0,onChange
FNDA:0,onChange
FNDA:11,onChange
FNDA:1,onChange
FNDA:0,onClick
DA:1,1
DA:2,1
DA:3,1
DA:4,1
DA:5,1
DA:6,1
DA:7,1
DA:8,1
DA:9,1
DA:10,1
DA:11,1
DA:12,1
DA:13,1
DA:14,1
DA:15,1
DA:16,1
DA:17,1
DA:18,1
DA:19,1
DA:20,1
DA:21,1
DA:22,1
DA:23,16
DA:24,16
DA:25,16
DA:26,1
DA:27,1
DA:28,16
DA:29,16
DA:30,16
DA:31,1
DA:32,1
DA:33,5
DA:34,5
DA:35,5
DA:36,5
DA:37,5
DA:38,5
DA:39,5
DA:40,5
DA:41,1
DA:42,1
DA:43,1
DA:44,1
DA:45,1
DA:46,1
DA:47,1
DA:48,39
DA:49,39
DA:50,39
DA:51,39
DA:52,39
DA:53,39
DA:54,39
DA:55,39
DA:56,39
DA:57,39
DA:58,39
DA:59,39
DA:60,39
DA:61,39
DA:62,39
DA:63,39
DA:64,39
DA:65,39
DA:66,39
DA:67,39
DA:68,39
DA:69,7
DA:70,2
DA:71,2
DA:72,39
DA:73,39
DA:74,39
DA:75,28
DA:76,28
DA:77,39
DA:78,39
DA:79,1
DA:80,1
DA:81,1
DA:82,0
DA:83,1
DA:84,1
DA:85,1
DA:86,39
DA:87,39
DA:88,3
DA:89,3
DA:90,3
DA:91,2
DA:92,2
DA:93,2
DA:94,2
DA:95,2
DA:96,2
DA:97,2
DA:98,2
DA:99,2
DA:100,2
DA:101,2
DA:102,2
DA:103,3
DA:104,3
DA:105,3
DA:106,3
DA:107,3
DA:108,3
DA:109,3
DA:110,3
DA:111,3
DA:112,0
DA:113,0
DA:114,0
DA:115,0
DA:116,2
DA:117,2
DA:118,2
DA:119,2
DA:120,2
DA:121,2
DA:122,3
DA:123,39
DA:124,39
DA:125,39
DA:126,39
DA:127,2
DA:128,2
DA:129,2
DA:130,39
DA:131,39
DA:132,39
DA:133,39
DA:134,39
DA:135,39
DA:136,39
DA:137,39
DA:138,39
DA:139,39
DA:140,39
DA:141,39
DA:142,39
DA:143,39
DA:144,39
DA:145,39
DA:146,39
DA:147,39
DA:148,39
DA:149,39
DA:150,39
DA:151,39
DA:152,39
DA:153,39
DA:154,39
DA:155,39
DA:156,39
DA:157,39
DA:158,39
DA:159,39
DA:160,39
DA:161,39
DA:162,39
DA:163,39
DA:164,39
DA:165,39
DA:166,39
DA:167,39
DA:168,39
DA:169,39
DA:170,39
DA:171,39
DA:172,39
DA:173,39
DA:174,39
DA:175,39
DA:176,39
DA:177,39
DA:178,39
DA:179,39
DA:180,39
DA:181,39
DA:182,39
DA:183,0
DA:184,39
DA:185,39
DA:186,39
DA:187,39
DA:188,39
DA:189,39
DA:190,39
DA:191,39
DA:192,39
DA:193,39
DA:194,39
DA:195,39
DA:196,39
DA:197,39
DA:198,39
DA:199,39
DA:200,39
DA:201,39
DA:202,39
DA:203,39
DA:204,39
DA:205,39
DA:206,39
DA:207,39
DA:208,39
DA:209,39
DA:210,39
DA:211,39
DA:212,39
DA:213,39
DA:214,39
DA:215,39
DA:216,39
DA:217,39
DA:218,39
DA:219,39
DA:220,39
DA:221,39
DA:222,39
DA:223,39
DA:224,39
DA:225,39
DA:226,39
DA:227,0
DA:228,0
DA:229,0
DA:230,39
DA:231,39
DA:232,39
DA:233,39
DA:234,39
DA:235,39
DA:236,39
DA:237,39
DA:238,39
DA:239,39
DA:240,78
DA:241,78
DA:242,78
DA:243,78
DA:244,78
DA:245,78
DA:246,78
DA:247,78
DA:248,78
DA:249,78
DA:250,78
DA:251,78
DA:252,78
DA:253,78
DA:254,78
DA:255,39
DA:256,39
DA:257,39
DA:258,39
DA:259,39
DA:260,39
DA:261,39
DA:262,39
DA:263,39
DA:264,39
DA:265,39
DA:266,39
DA:267,39
DA:268,39
DA:269,39
DA:270,39
DA:271,39
DA:272,39
DA:273,39
DA:274,39
DA:275,39
DA:276,39
DA:277,39
DA:278,39
DA:279,39
DA:280,39
DA:281,39
LF:281
LH:272
BRDA:22,0,0,16
BRDA:23,1,0,0
BRDA:27,2,0,16
BRDA:29,3,0,0
BRDA:32,4,0,5
BRDA:34,5,0,4
BRDA:34,6,0,1
BRDA:35,7,0,4
BRDA:35,8,0,0
BRDA:36,9,0,0
BRDA:37,10,0,1
BRDA:38,11,0,4
BRDA:38,12,0,1
BRDA:48,13,0,39
BRDA:51,14,0,12
BRDA:51,15,0,27
BRDA:52,16,0,12
BRDA:52,17,0,27
BRDA:53,18,0,12
BRDA:53,19,0,27
BRDA:54,20,0,12
BRDA:54,21,0,27
BRDA:55,22,0,12
BRDA:55,23,0,27
BRDA:56,24,0,12
BRDA:56,25,0,27
BRDA:126,26,0,2
BRDA:147,27,0,1
BRDA:163,28,0,0
BRDA:182,29,0,0
BRDA:200,30,0,0
BRDA:226,31,0,0
BRDA:233,32,0,16
BRDA:276,33,0,2
BRDA:276,34,0,37
BRDA:62,35,0,16
BRDA:64,36,0,17
BRDA:64,37,0,16
BRDA:68,38,0,7
BRDA:69,39,0,5
BRDA:69,40,0,2
BRDA:71,41,0,2
BRDA:74,42,0,28
BRDA:75,43,0,28
BRDA:78,44,0,1
BRDA:79,45,0,1
BRDA:81,46,0,0
BRDA:87,47,0,3
BRDA:90,48,0,1
BRDA:90,49,0,2
BRDA:103,50,0,1
BRDA:104,51,0,1
BRDA:104,52,0,1
BRDA:105,53,0,1
BRDA:105,54,0,1
BRDA:110,55,0,2
BRDA:111,56,0,0
BRDA:115,57,0,2
BRDA:142,58,0,17
BRDA:212,59,0,11
BRDA:239,60,0,78
BRDA:245,61,0,1
BRF:62
BRH:52
end_of_record
TN:
SF:src/app/studio/agents/components/AgentsTable.tsx
FN:16,timeAgo
FN:30,AgentsTable
FNF:2
FNH:2
FNDA:1,timeAgo
FNDA:2,AgentsTable
DA:1,1
DA:2,1
DA:3,1
DA:4,1
DA:5,1
DA:6,1
DA:7,1
DA:8,1
DA:9,1
DA:10,1
DA:11,1
DA:12,1
DA:13,1
DA:14,1
DA:15,1
DA:16,1
DA:17,1
DA:18,1
DA:19,1
DA:20,1
DA:21,1
DA:22,0
DA:23,0
DA:24,0
DA:25,0
DA:26,0
DA:27,0
DA:28,0
DA:29,1
DA:30,1
DA:31,2
DA:32,2
DA:33,2
DA:34,1
DA:35,1
DA:36,1
DA:37,1
DA:38,1
DA:39,1
DA:40,1
DA:41,1
DA:42,1
DA:43,1
DA:44,1
DA:45,1
DA:46,1
DA:47,1
DA:48,1
DA:49,1
DA:50,1
DA:51,1
DA:52,1
DA:53,1
DA:54,1
DA:55,1
DA:56,1
DA:57,1
DA:58,1
DA:59,1
DA:60,1
DA:61,1
DA:62,1
DA:63,1
DA:64,1
DA:65,1
DA:66,1
DA:67,1
DA:68,1
DA:69,1
DA:70,1
DA:71,1
DA:72,1
DA:73,1
DA:74,1
DA:75,1
DA:76,1
DA:77,1
DA:78,1
DA:79,1
DA:80,1
DA:81,1
DA:82,1
DA:83,1
DA:84,1
DA:85,1
DA:86,1
DA:87,1
DA:88,1
DA:89,1
DA:90,1
LF:90
LH:83
BRDA:16,0,0,1
BRDA:17,1,0,0
BRDA:21,2,0,0
BRDA:30,3,0,2
BRDA:33,4,0,1
BRDA:31,5,0,2
BRDA:61,6,0,1
BRF:7
BRH:5
end_of_record
TN:
SF:src/app/studio/agents/new/page.tsx
FN:1,(empty-report)
FNF:1
FNH:0
FNDA:0,(empty-report)
DA:1,0
DA:2,0
DA:3,0
DA:4,0
DA:5,0
DA:6,0
DA:7,0
DA:8,0
DA:9,0
DA:10,0
DA:11,0
DA:12,0
DA:13,0
DA:14,0
DA:15,0
DA:16,0
DA:17,0
DA:18,0
DA:19,0
DA:20,0
DA:21,0
DA:22,0
DA:23,0
DA:24,0
DA:25,0
LF:25
LH:0
BRDA:1,0,0,0
BRF:1
BRH:0
end_of_record
TN:
SF:src/lib/serverEnv.ts
FN:1,(empty-report)
FNF:1
FNH:0
FNDA:0,(empty-report)
DA:1,0
DA:2,0
DA:3,0
DA:4,0
DA:5,0
DA:6,0
DA:7,0
DA:8,0
DA:9,0
DA:10,0
DA:11,0
DA:12,0
DA:13,0
DA:14,0
DA:15,0
LF:15
LH:0
BRDA:1,0,0,0
BRF:1
BRH:0
end_of_record
