TN:
SF:app/dev/agents/components/AgentRunForm.tsx
FN:20,AgentRunForm
FN:32,createTask
FN:95,onSubmit
FN:109,onChange
FN:129,onChange
FNF:5
FNH:3
FNDA:9,AgentRunForm
FNDA:1,createTask
FNDA:1,onSubmit
FNDA:0,onChange
FNDA:0,onChange
DA:1,1
DA:2,1
DA:3,1
DA:4,1
DA:5,1
DA:6,1
DA:7,1
DA:8,1
DA:9,1
DA:10,1
DA:11,1
DA:12,1
DA:13,1
DA:14,1
DA:15,1
DA:16,1
DA:17,1
DA:18,1
DA:19,1
DA:20,9
DA:21,9
DA:22,9
DA:23,9
DA:24,9
DA:25,9
DA:26,9
DA:27,9
DA:28,9
DA:29,9
DA:30,9
DA:31,9
DA:32,9
DA:33,1
DA:34,1
DA:35,1
DA:36,1
DA:37,1
DA:38,1
DA:39,1
DA:40,0
DA:41,0
DA:42,0
DA:43,0
DA:44,1
DA:45,1
DA:46,1
DA:47,1
DA:48,1
DA:49,1
DA:50,1
DA:51,0
DA:52,0
DA:53,0
DA:54,0
DA:55,0
DA:56,1
DA:57,1
DA:58,1
DA:59,1
DA:60,1
DA:61,1
DA:62,9
DA:63,9
DA:64,3
DA:65,2
DA:66,2
DA:67,2
DA:68,2
DA:69,2
DA:70,3
DA:71,3
DA:72,3
DA:73,9
DA:74,9
DA:75,9
DA:76,3
DA:77,2
DA:78,2
DA:79,1
DA:80,1
DA:81,1
DA:82,0
DA:83,0
DA:84,0
DA:85,3
DA:86,3
DA:87,3
DA:88,3
DA:89,3
DA:90,9
DA:91,9
DA:92,9
DA:93,9
DA:94,9
DA:95,9
DA:96,1
DA:97,1
DA:98,1
DA:99,1
DA:100,9
DA:101,9
DA:102,9
DA:103,9
DA:104,9
DA:105,9
DA:106,9
DA:107,9
DA:108,9
DA:109,9
DA:110,9
DA:111,9
DA:112,9
DA:113,9
DA:114,9
DA:115,9
DA:116,9
DA:117,9
DA:118,9
DA:119,9
DA:120,9
DA:121,9
DA:122,9
DA:123,9
DA:124,9
DA:125,9
DA:126,9
DA:127,9
DA:128,9
DA:129,9
DA:130,9
DA:131,9
DA:132,9
DA:133,9
DA:134,9
DA:135,9
DA:136,9
DA:137,9
DA:138,9
DA:139,9
DA:140,9
DA:141,9
DA:142,9
DA:143,9
DA:144,9
DA:145,9
DA:146,9
DA:147,0
DA:148,9
DA:149,9
DA:150,9
DA:151,9
DA:152,9
DA:153,6
DA:154,6
DA:155,6
DA:156,6
DA:157,6
DA:158,5
DA:159,5
DA:160,5
DA:161,6
DA:162,6
DA:163,5
DA:164,5
DA:165,5
DA:166,5
DA:167,6
DA:168,6
DA:169,5
DA:170,5
DA:171,5
DA:172,6
DA:173,6
DA:174,6
DA:175,6
DA:176,9
DA:177,9
DA:178,9
DA:179,2
DA:180,2
DA:181,2
DA:182,2
DA:183,2
DA:184,2
DA:185,9
DA:186,9
DA:187,9
DA:188,9
DA:189,9
DA:190,9
DA:191,6
DA:192,6
DA:193,6
DA:194,9
DA:195,9
DA:196,9
DA:197,9
DA:198,9
DA:199,9
LF:199
LH:186
BRDA:20,0,0,9
BRDA:21,1,0,0
BRDA:142,2,0,6
BRDA:142,3,0,3
BRDA:144,4,0,4
BRDA:145,5,0,0
BRDA:146,6,0,4
BRDA:146,7,0,0
BRDA:152,8,0,6
BRDA:157,9,0,5
BRDA:157,10,0,5
BRDA:157,11,0,5
BRDA:162,12,0,5
BRDA:162,13,0,5
BRDA:162,14,0,5
BRDA:168,15,0,5
BRDA:168,16,0,5
BRDA:178,17,0,5
BRDA:178,18,0,2
BRDA:178,19,0,2
BRDA:32,20,0,1
BRDA:39,21,0,0
BRDA:50,22,0,0
BRDA:59,23,0,1
BRDA:63,24,0,3
BRDA:64,25,0,1
BRDA:64,26,0,2
BRDA:72,27,0,1
BRDA:75,28,0,3
BRDA:76,29,0,1
BRDA:76,30,0,2
BRDA:78,31,0,1
BRDA:79,32,0,1
BRDA:81,33,0,0
BRDA:95,34,0,1
BRDA:97,35,0,0
BRDA:113,36,0,9
BRDA:190,37,0,6
BRF:38
BRH:31
end_of_record
TN:
SF:src/app/dev/agents/hooks/useTaskPolling.ts
FN:32,useTaskPolling
FN:53,fetchOnce
FNF:2
FNH:2
FNDA:19,useTaskPolling
FNDA:6,fetchOnce
DA:1,1
DA:2,1
DA:3,1
DA:4,1
DA:5,1
DA:6,1
DA:7,1
DA:8,1
DA:9,1
DA:10,1
DA:11,1
DA:12,1
DA:13,1
DA:14,1
DA:15,1
DA:16,1
DA:17,1
DA:18,1
DA:19,1
DA:20,1
DA:21,1
DA:22,1
DA:23,1
DA:24,1
DA:25,1
DA:26,1
DA:27,1
DA:28,1
DA:29,1
DA:30,1
DA:31,1
DA:32,1
DA:33,19
DA:34,19
DA:35,19
DA:36,19
DA:37,19
DA:38,19
DA:39,19
DA:40,19
DA:41,5
DA:42,5
DA:43,5
DA:44,5
DA:45,5
DA:46,5
DA:47,5
DA:48,2
DA:49,2
DA:50,2
DA:51,2
DA:52,3
DA:53,3
DA:54,6
DA:55,6
DA:56,6
DA:57,6
DA:58,6
DA:59,6
DA:60,6
DA:61,6
DA:62,6
DA:63,0
DA:64,0
DA:65,0
DA:66,6
DA:67,6
DA:68,6
DA:69,6
DA:70,6
DA:71,6
DA:72,6
DA:73,3
DA:74,3
DA:75,3
DA:76,6
DA:77,3
DA:78,3
DA:79,3
DA:80,3
DA:81,3
DA:82,3
DA:83,6
DA:84,0
DA:85,0
DA:86,0
DA:87,0
DA:88,0
DA:89,0
DA:90,0
DA:91,0
DA:92,0
DA:93,6
DA:94,6
DA:95,6
DA:96,6
DA:97,3
DA:98,3
DA:99,3
DA:100,5
DA:101,3
DA:102,3
DA:103,3
DA:104,3
DA:105,3
DA:106,3
DA:107,19
DA:108,19
DA:109,19
DA:110,19
LF:110
LH:98
BRDA:32,0,0,19
BRDA:40,1,0,5
BRDA:47,2,0,2
BRDA:48,3,0,0
BRDA:51,4,0,3
BRDA:100,5,0,0
BRDA:100,6,0,3
BRDA:53,7,0,6
BRDA:62,8,0,0
BRDA:68,9,0,0
BRDA:72,10,0,3
BRDA:73,11,0,3
BRDA:74,12,0,3
BRDA:76,13,0,3
BRDA:83,14,0,0
BRDA:103,15,0,3
BRDA:104,16,0,0
BRF:17
BRH:11
end_of_record
TN:
SF:src/app/studio/agents/components/AgentForm.tsx
FN:23,estimateTokens
FN:28,impliesTools
FN:33,validate
FN:49,AgentForm
FN:76,setField
FN:80,onToggleTool
FN:89,onSubmit
FN:145,onChange
FN:161,onChange
FN:180,onChange
FN:198,onChange
FN:213,onChange
FN:227,onChange
FN:260,onChange
FN:280,onClick
FNF:15
FNH:10
FNDA:16,estimateTokens
FNDA:16,impliesTools
FNDA:5,validate
FNDA:39,AgentForm
FNDA:28,setField
FNDA:1,onToggleTool
FNDA:3,onSubmit
FNDA:17,onChange
FNDA:0,onChange
FNDA:0,onChange
FNDA:0,onChange
FNDA:0,onChange
FNDA:11,onChange
FNDA:1,onChange
FNDA:0,onClick
DA:1,1
DA:2,1
DA:3,1
DA:4,1
DA:5,1
DA:6,1
DA:7,1
DA:8,1
DA:9,1
DA:10,1
DA:11,1
DA:12,1
DA:13,1
DA:14,1
DA:15,1
DA:16,1
DA:17,1
DA:18,1
DA:19,1
DA:20,1
DA:21,1
DA:22,1
DA:23,1
DA:24,16
DA:25,16
DA:26,16
DA:27,1
DA:28,1
DA:29,16
DA:30,16
DA:31,16
DA:32,1
DA:33,1
DA:34,5
DA:35,5
DA:36,5
DA:37,5
DA:38,5
DA:39,5
DA:40,5
DA:41,5
DA:42,1
DA:43,1
DA:44,1
DA:45,1
DA:46,1
DA:47,1
DA:48,1
DA:49,39
DA:50,39
DA:51,39
DA:52,39
DA:53,39
DA:54,39
DA:55,39
DA:56,39
DA:57,39
DA:58,39
DA:59,39
DA:60,39
DA:61,39
DA:62,39
DA:63,39
DA:64,39
DA:65,39
DA:66,39
DA:67,39
DA:68,39
DA:69,39
DA:70,39
DA:71,7
DA:72,2
DA:73,2
DA:74,39
DA:75,39
DA:76,39
DA:77,28
DA:78,28
DA:79,39
DA:80,39
DA:81,1
DA:82,1
DA:83,1
DA:84,0
DA:85,1
DA:86,1
DA:87,1
DA:88,39
DA:89,39
DA:90,3
DA:91,3
DA:92,3
DA:93,2
DA:94,2
DA:95,2
DA:96,2
DA:97,2
DA:98,2
DA:99,2
DA:100,2
DA:101,2
DA:102,2
DA:103,2
DA:104,2
DA:105,2
DA:106,3
DA:107,3
DA:108,3
DA:109,3
DA:110,3
DA:111,3
DA:112,3
DA:113,3
DA:114,3
DA:115,0
DA:116,0
DA:117,0
DA:118,0
DA:119,2
DA:120,2
DA:121,2
DA:122,2
DA:123,2
DA:124,2
DA:125,3
DA:126,39
DA:127,39
DA:128,39
DA:129,39
DA:130,2
DA:131,2
DA:132,2
DA:133,39
DA:134,39
DA:135,39
DA:136,39
DA:137,39
DA:138,39
DA:139,39
DA:140,39
DA:141,39
DA:142,39
DA:143,39
DA:144,39
DA:145,39
DA:146,39
DA:147,39
DA:148,39
DA:149,39
DA:150,39
DA:151,39
DA:152,39
DA:153,39
DA:154,39
DA:155,39
DA:156,39
DA:157,39
DA:158,39
DA:159,39
DA:160,39
DA:161,39
DA:162,39
DA:163,39
DA:164,39
DA:165,39
DA:166,39
DA:167,39
DA:168,39
DA:169,39
DA:170,39
DA:171,39
DA:172,39
DA:173,39
DA:174,39
DA:175,39
DA:176,39
DA:177,39
DA:178,39
DA:179,39
DA:180,39
DA:181,39
DA:182,39
DA:183,39
DA:184,39
DA:185,39
DA:186,0
DA:187,39
DA:188,39
DA:189,39
DA:190,39
DA:191,39
DA:192,39
DA:193,39
DA:194,39
DA:195,39
DA:196,39
DA:197,39
DA:198,39
DA:199,39
DA:200,39
DA:201,39
DA:202,39
DA:203,39
DA:204,39
DA:205,39
DA:206,39
DA:207,39
DA:208,39
DA:209,39
DA:210,39
DA:211,39
DA:212,39
DA:213,39
DA:214,39
DA:215,39
DA:216,39
DA:217,39
DA:218,39
DA:219,39
DA:220,39
DA:221,39
DA:222,39
DA:223,39
DA:224,39
DA:225,39
DA:226,39
DA:227,39
DA:228,39
DA:229,39
DA:230,39
DA:231,39
DA:232,39
DA:233,39
DA:234,39
DA:235,39
DA:236,39
DA:237,39
DA:238,39
DA:239,39
DA:240,39
DA:241,39
DA:242,0
DA:243,0
DA:244,0
DA:245,39
DA:246,39
DA:247,39
DA:248,39
DA:249,39
DA:250,39
DA:251,39
DA:252,39
DA:253,39
DA:254,39
DA:255,78
DA:256,78
DA:257,78
DA:258,78
DA:259,78
DA:260,78
DA:261,78
DA:262,78
DA:263,78
DA:264,78
DA:265,78
DA:266,78
DA:267,78
DA:268,78
DA:269,78
DA:270,39
DA:271,39
DA:272,39
DA:273,39
DA:274,39
DA:275,39
DA:276,39
DA:277,39
DA:278,39
DA:279,39
DA:280,39
DA:281,39
DA:282,39
DA:283,39
DA:284,39
DA:285,39
DA:286,39
DA:287,39
DA:288,39
DA:289,39
DA:290,39
DA:291,39
DA:292,39
DA:293,39
DA:294,39
DA:295,39
DA:296,39
LF:296
LH:287
BRDA:23,0,0,16
BRDA:24,1,0,0
BRDA:28,2,0,16
BRDA:30,3,0,0
BRDA:33,4,0,5
BRDA:35,5,0,4
BRDA:35,6,0,1
BRDA:36,7,0,4
BRDA:36,8,0,0
BRDA:37,9,0,0
BRDA:38,10,0,1
BRDA:39,11,0,4
BRDA:39,12,0,1
BRDA:49,13,0,39
BRDA:52,14,0,12
BRDA:52,15,0,27
BRDA:53,16,0,12
BRDA:53,17,0,27
BRDA:54,18,0,12
BRDA:54,19,0,27
BRDA:55,20,0,12
BRDA:55,21,0,27
BRDA:56,22,0,12
BRDA:56,23,0,27
BRDA:57,24,0,12
BRDA:57,25,0,27
BRDA:58,26,0,12
BRDA:129,27,0,2
BRDA:150,28,0,1
BRDA:166,29,0,0
BRDA:185,30,0,0
BRDA:203,31,0,0
BRDA:215,32,0,0
BRDA:241,33,0,0
BRDA:248,34,0,16
BRDA:291,35,0,2
BRDA:291,36,0,37
BRDA:64,37,0,16
BRDA:66,38,0,17
BRDA:66,39,0,16
BRDA:70,40,0,7
BRDA:71,41,0,5
BRDA:71,42,0,2
BRDA:73,43,0,2
BRDA:76,44,0,28
BRDA:77,45,0,28
BRDA:80,46,0,1
BRDA:81,47,0,1
BRDA:83,48,0,0
BRDA:89,49,0,3
BRDA:92,50,0,1
BRDA:92,51,0,2
BRDA:106,52,0,1
BRDA:107,53,0,1
BRDA:107,54,0,1
BRDA:108,55,0,1
BRDA:108,56,0,1
BRDA:113,57,0,2
BRDA:114,58,0,0
BRDA:118,59,0,2
BRDA:145,60,0,17
BRDA:227,61,0,11
BRDA:254,62,0,78
BRDA:260,63,0,1
BRF:64
BRH:53
end_of_record
TN:
SF:src/app/studio/agents/components/AgentsTable.tsx
FN:18,timeAgo
FN:32,AgentsTable
FN:63,renderCell
FN:71,valueGetter
FN:78,valueGetter
FN:88,renderCell
FN:109,getRowId
FNF:7
FNH:4
FNDA:0,timeAgo
FNDA:2,AgentsTable
FNDA:1,renderCell
FNDA:1,valueGetter
FNDA:0,valueGetter
FNDA:0,renderCell
FNDA:2,getRowId
DA:1,1
DA:2,1
DA:3,1
DA:4,1
DA:5,1
DA:6,1
DA:7,1
DA:8,1
DA:9,1
DA:10,1
DA:11,1
DA:12,1
DA:13,1
DA:14,1
DA:15,1
DA:16,1
DA:17,1
DA:18,0
DA:19,0
DA:20,0
DA:21,0
DA:22,0
DA:23,0
DA:24,0
DA:25,0
DA:26,0
DA:27,0
DA:28,0
DA:29,0
DA:30,0
DA:31,1
DA:32,1
DA:33,2
DA:34,2
DA:35,2
DA:36,1
DA:37,1
DA:38,1
DA:39,1
DA:40,1
DA:41,1
DA:42,1
DA:43,1
DA:44,1
DA:45,1
DA:46,1
DA:47,1
DA:48,1
DA:49,1
DA:50,1
DA:51,1
DA:52,1
DA:53,1
DA:54,1
DA:55,1
DA:56,1
DA:57,1
DA:58,1
DA:59,1
DA:60,1
DA:61,1
DA:62,1
DA:63,1
DA:64,1
DA:65,1
DA:66,1
DA:67,1
DA:68,1
DA:69,1
DA:70,1
DA:71,1
DA:72,1
DA:73,1
DA:74,1
DA:75,1
DA:76,1
DA:77,1
DA:78,1
DA:79,1
DA:80,1
DA:81,1
DA:82,1
DA:83,1
DA:84,1
DA:85,1
DA:86,1
DA:87,1
DA:88,1
DA:89,0
DA:90,0
DA:91,0
DA:92,0
DA:93,0
DA:94,0
DA:95,0
DA:96,0
DA:97,0
DA:98,0
DA:99,0
DA:100,0
DA:101,1
DA:102,1
DA:103,1
DA:104,1
DA:105,1
DA:106,1
DA:107,1
DA:108,1
DA:109,1
DA:110,1
DA:111,1
DA:112,1
DA:113,1
DA:114,1
DA:115,1
DA:116,1
DA:117,1
LF:117
LH:92
BRDA:32,0,0,2
BRDA:35,1,0,1
BRDA:33,2,0,2
BRDA:63,3,0,1
BRDA:71,4,0,1
BRDA:109,5,0,2
BRF:6
BRH:6
end_of_record
TN:
SF:src/app/studio/tasks/components/TaskDetail.tsx
FN:56,TaskDetail
FN:91,onCancel
FN:107,onRetry
FN:123,onExport
FN:193,renderCell
FN:208,valueGetter
FN:215,valueGetter
FN:220,friendly
FN:253,onClick
FN:287,onClick
FN:363,getDetailPanelContent
FN:373,onClick
FN:403,onClick
FN:429,getDetailPanelHeight
FN:439,onClose
FN:449,onClick
FN:464,onClose
FN:468,onClose
FNF:18
FNH:10
FNDA:12,TaskDetail
FNDA:1,onCancel
FNDA:1,onRetry
FNDA:1,onExport
FNDA:19,renderCell
FNDA:0,valueGetter
FNDA:0,valueGetter
FNDA:36,friendly
FNDA:1,onClick
FNDA:1,onClick
FNDA:9,getDetailPanelContent
FNDA:0,onClick
FNDA:0,onClick
FNDA:9,getDetailPanelHeight
FNDA:0,onClose
FNDA:0,onClick
FNDA:0,onClose
FNDA:0,onClose
DA:1,1
DA:2,1
DA:3,1
DA:4,1
DA:5,1
DA:6,1
DA:7,1
DA:8,1
DA:9,1
DA:10,1
DA:11,1
DA:12,1
DA:13,1
DA:14,1
DA:15,1
DA:16,1
DA:17,1
DA:18,1
DA:19,1
DA:20,1
DA:21,1
DA:22,1
DA:23,1
DA:24,1
DA:25,1
DA:26,1
DA:27,1
DA:28,1
DA:29,1
DA:30,1
DA:31,1
DA:32,1
DA:33,1
DA:34,1
DA:35,1
DA:36,1
DA:37,1
DA:38,1
DA:39,1
DA:40,1
DA:41,1
DA:42,1
DA:43,1
DA:44,1
DA:45,1
DA:46,1
DA:47,1
DA:48,1
DA:49,1
DA:50,1
DA:51,1
DA:52,1
DA:53,1
DA:54,1
DA:55,1
DA:56,12
DA:57,12
DA:58,12
DA:59,12
DA:60,12
DA:61,12
DA:62,12
DA:63,12
DA:64,12
DA:65,12
DA:66,12
DA:67,12
DA:68,12
DA:69,12
DA:70,12
DA:71,12
DA:72,12
DA:73,12
DA:74,12
DA:75,12
DA:76,1
DA:77,1
DA:78,1
DA:79,1
DA:80,1
DA:81,1
DA:82,1
DA:83,1
DA:84,1
DA:85,0
DA:86,0
DA:87,0
DA:88,0
DA:89,12
DA:90,12
DA:91,12
DA:92,1
DA:93,1
DA:94,1
DA:95,1
DA:96,1
DA:97,1
DA:98,1
DA:99,0
DA:100,0
DA:101,0
DA:102,1
DA:103,1
DA:104,1
DA:105,1
DA:106,12
DA:107,12
DA:108,1
DA:109,1
DA:110,1
DA:111,1
DA:112,1
DA:113,1
DA:114,1
DA:115,0
DA:116,0
DA:117,0
DA:118,1
DA:119,1
DA:120,1
DA:121,1
DA:122,12
DA:123,12
DA:124,1
DA:125,1
DA:126,1
DA:127,1
DA:128,1
DA:129,1
DA:130,1
DA:131,1
DA:132,1
DA:133,0
DA:134,0
DA:135,1
DA:136,1
DA:137,1
DA:138,1
DA:139,1
DA:140,1
DA:141,1
DA:142,1
DA:143,1
DA:144,0
DA:145,0
DA:146,1
DA:147,1
DA:148,1
DA:149,1
DA:150,1
DA:151,1
DA:152,1
DA:153,1
DA:154,1
DA:155,1
DA:156,1
DA:157,1
DA:158,1
DA:159,1
DA:160,1
DA:161,0
DA:162,0
DA:163,1
DA:164,1
DA:165,1
DA:166,1
DA:167,1
DA:168,1
DA:169,0
DA:170,0
DA:171,0
DA:172,1
DA:173,1
DA:174,1
DA:175,1
DA:176,12
DA:177,12
DA:178,12
DA:179,12
DA:180,12
DA:181,12
DA:182,12
DA:183,12
DA:184,12
DA:185,12
DA:186,12
DA:187,12
DA:188,12
DA:189,12
DA:190,12
DA:191,12
DA:192,12
DA:193,12
DA:194,19
DA:195,19
DA:196,19
DA:197,19
DA:198,19
DA:199,12
DA:200,12
DA:201,12
DA:202,12
DA:203,12
DA:204,12
DA:205,12
DA:206,12
DA:207,12
DA:208,12
DA:209,12
DA:210,12
DA:211,12
DA:212,12
DA:213,12
DA:214,12
DA:215,12
DA:216,12
DA:217,12
DA:218,12
DA:219,12
DA:220,12
DA:221,36
DA:222,12
DA:223,12
DA:224,36
DA:225,0
DA:226,0
DA:227,36
DA:228,12
DA:229,12
DA:230,12
DA:231,12
DA:232,12
DA:233,12
DA:234,12
DA:235,12
DA:236,12
DA:237,12
DA:238,12
DA:239,12
DA:240,12
DA:241,12
DA:242,12
DA:243,12
DA:244,12
DA:245,12
DA:246,12
DA:247,12
DA:248,12
DA:249,12
DA:250,12
DA:251,12
DA:252,12
DA:253,12
DA:254,1
DA:255,1
DA:256,1
DA:257,0
DA:258,0
DA:259,0
DA:260,0
DA:261,1
DA:262,12
DA:263,12
DA:264,12
DA:265,12
DA:266,12
DA:267,12
DA:268,12
DA:269,12
DA:270,12
DA:271,12
DA:272,12
DA:273,12
DA:274,12
DA:275,12
DA:276,12
DA:277,12
DA:278,12
DA:279,12
DA:280,12
DA:281,12
DA:282,12
DA:283,3
DA:284,3
DA:285,3
DA:286,3
DA:287,3
DA:288,3
DA:289,3
DA:290,3
DA:291,3
DA:292,3
DA:293,12
DA:294,12
DA:295,9
DA:296,9
DA:297,9
DA:298,9
DA:299,9
DA:300,9
DA:301,9
DA:302,9
DA:303,9
DA:304,9
DA:305,12
DA:306,12
DA:307,12
DA:308,12
DA:309,12
DA:310,12
DA:311,12
DA:312,12
DA:313,12
DA:314,12
DA:315,12
DA:316,12
DA:317,12
DA:318,12
DA:319,12
DA:320,12
DA:321,12
DA:322,12
DA:323,12
DA:324,12
DA:325,12
DA:326,12
DA:327,12
DA:328,12
DA:329,12
DA:330,12
DA:331,12
DA:332,12
DA:333,12
DA:334,12
DA:335,12
DA:336,12
DA:337,12
DA:338,12
DA:339,12
DA:340,12
DA:341,12
DA:342,12
DA:343,0
DA:344,12
DA:345,12
DA:346,12
DA:347,12
DA:348,12
DA:349,12
DA:350,12
DA:351,12
DA:352,12
DA:353,12
DA:354,12
DA:355,12
DA:356,12
DA:357,12
DA:358,12
DA:359,12
DA:360,12
DA:361,12
DA:362,12
DA:363,12
DA:364,9
DA:365,9
DA:366,9
DA:367,9
DA:368,9
DA:369,9
DA:370,9
DA:371,9
DA:372,9
DA:373,9
DA:374,0
DA:375,0
DA:376,0
DA:377,0
DA:378,0
DA:379,0
DA:380,0
DA:381,0
DA:382,0
DA:383,0
DA:384,9
DA:385,9
DA:386,9
DA:387,9
DA:388,9
DA:389,9
DA:390,9
DA:391,9
DA:392,9
DA:393,9
DA:394,9
DA:395,9
DA:396,9
DA:397,9
DA:398,9
DA:399,9
DA:400,9
DA:401,9
DA:402,9
DA:403,9
DA:404,0
DA:405,0
DA:406,0
DA:407,0
DA:408,0
DA:409,0
DA:410,0
DA:411,0
DA:412,0
DA:413,0
DA:414,9
DA:415,9
DA:416,9
DA:417,9
DA:418,9
DA:419,9
DA:420,9
DA:421,9
DA:422,9
DA:423,9
DA:424,9
DA:425,9
DA:426,9
DA:427,9
DA:428,12
DA:429,12
DA:430,12
DA:431,12
DA:432,12
DA:433,12
DA:434,12
DA:435,12
DA:436,12
DA:437,12
DA:438,12
DA:439,12
DA:440,12
DA:441,12
DA:442,12
DA:443,12
DA:444,12
DA:445,12
DA:446,12
DA:447,12
DA:448,12
DA:449,12
DA:450,12
DA:451,12
DA:452,12
DA:453,12
DA:454,12
DA:455,12
DA:456,12
DA:457,12
DA:458,12
DA:459,12
DA:460,12
DA:461,12
DA:462,12
DA:463,12
DA:464,12
DA:465,12
DA:466,12
DA:467,12
DA:468,12
DA:469,12
DA:470,12
DA:471,12
DA:472,12
DA:473,12
DA:474,12
DA:475,12
DA:476,12
DA:477,12
DA:478,12
LF:478
LH:432
BRDA:56,0,0,12
BRDA:72,1,0,5
BRDA:72,2,0,5
BRDA:275,3,0,1
BRDA:275,4,0,11
BRDA:282,5,0,3
BRDA:286,6,0,1
BRDA:286,7,0,2
BRDA:294,8,0,9
BRDA:298,9,0,1
BRDA:298,10,0,8
BRDA:342,11,0,0
BRDA:454,12,0,2
BRDA:454,13,0,10
BRDA:75,14,0,1
BRDA:80,15,0,0
BRDA:84,16,0,0
BRDA:91,17,0,1
BRDA:96,18,0,0
BRDA:98,19,0,0
BRDA:107,20,0,1
BRDA:111,21,0,0
BRDA:114,22,0,0
BRDA:123,23,0,1
BRDA:132,24,0,0
BRDA:137,25,0,0
BRDA:143,26,0,0
BRDA:148,27,0,0
BRDA:154,28,0,0
BRDA:154,29,0,0
BRDA:160,30,0,0
BRDA:167,31,0,0
BRDA:168,32,0,0
BRDA:186,33,0,5
BRDA:186,34,0,5
BRDA:193,35,0,19
BRDA:197,36,0,0
BRDA:197,37,0,0
BRDA:220,38,0,36
BRDA:221,39,0,24
BRDA:221,40,0,12
BRDA:224,41,0,0
BRDA:253,42,0,1
BRDA:256,43,0,0
BRDA:287,44,0,1
BRDA:363,45,0,9
BRDA:392,46,0,0
BRDA:422,47,0,0
BRDA:429,48,0,9
BRF:49
BRH:27
end_of_record
TN:
SF:src/app/studio/tasks/components/TasksTable.tsx
FN:21,fmtDate
FN:37,TasksTable
FN:49,renderCell
FN:64,onClick
FN:84,renderCell
FN:110,renderCell
FN:120,valueGetter
FN:126,valueGetter
FN:132,valueGetter
FN:141,valueGetter
FN:149,valueGetter
FN:191,getRowId
FNF:12
FNH:6
FNDA:0,fmtDate
FNDA:3,TasksTable
FNDA:7,renderCell
FNDA:1,onClick
FNDA:6,renderCell
FNDA:6,renderCell
FNDA:0,valueGetter
FNDA:0,valueGetter
FNDA:0,valueGetter
FNDA:0,valueGetter
FNDA:0,valueGetter
FNDA:12,getRowId
DA:1,1
DA:2,1
DA:3,1
DA:4,1
DA:5,1
DA:6,1
DA:7,1
DA:8,1
DA:9,1
DA:10,1
DA:11,1
DA:12,1
DA:13,1
DA:14,1
DA:15,1
DA:16,1
DA:17,1
DA:18,1
DA:19,1
DA:20,1
DA:21,0
DA:22,0
DA:23,0
DA:24,0
DA:25,0
DA:26,1
DA:27,1
DA:28,1
DA:29,1
DA:30,1
DA:31,1
DA:32,1
DA:33,1
DA:34,1
DA:35,1
DA:36,1
DA:37,1
DA:38,3
DA:39,3
DA:40,3
DA:41,3
DA:42,3
DA:43,3
DA:44,3
DA:45,3
DA:46,3
DA:47,3
DA:48,3
DA:49,3
DA:50,7
DA:51,7
DA:52,7
DA:53,7
DA:54,7
DA:55,7
DA:56,7
DA:57,7
DA:58,7
DA:59,7
DA:60,7
DA:61,7
DA:62,7
DA:63,7
DA:64,7
DA:65,1
DA:66,1
DA:67,1
DA:68,1
DA:69,1
DA:70,0
DA:71,0
DA:72,1
DA:73,7
DA:74,7
DA:75,7
DA:76,7
DA:77,7
DA:78,3
DA:79,3
DA:80,3
DA:81,3
DA:82,3
DA:83,3
DA:84,3
DA:85,6
DA:86,6
DA:87,6
DA:88,6
DA:89,6
DA:90,6
DA:91,3
DA:92,3
DA:93,0
DA:94,3
DA:95,3
DA:96,0
DA:97,0
DA:98,0
DA:99,6
DA:100,6
DA:101,6
DA:102,6
DA:103,3
DA:104,3
DA:105,3
DA:106,3
DA:107,3
DA:108,3
DA:109,3
DA:110,3
DA:111,6
DA:112,6
DA:113,6
DA:114,3
DA:115,3
DA:116,3
DA:117,3
DA:118,3
DA:119,3
DA:120,3
DA:121,3
DA:122,3
DA:123,3
DA:124,3
DA:125,3
DA:126,3
DA:127,3
DA:128,3
DA:129,3
DA:130,3
DA:131,3
DA:132,3
DA:133,3
DA:134,3
DA:135,3
DA:136,3
DA:137,3
DA:138,3
DA:139,3
DA:140,3
DA:141,3
DA:142,3
DA:143,3
DA:144,3
DA:145,3
DA:146,3
DA:147,3
DA:148,3
DA:149,3
DA:150,3
DA:151,3
DA:152,3
DA:153,3
DA:154,3
DA:155,3
DA:156,3
DA:157,3
DA:158,3
DA:159,3
DA:160,3
DA:161,3
DA:162,1
DA:163,1
DA:164,1
DA:165,1
DA:166,1
DA:167,3
DA:168,3
DA:169,3
DA:170,3
DA:171,0
DA:172,0
DA:173,0
DA:174,0
DA:175,0
DA:176,0
DA:177,0
DA:178,0
DA:179,0
DA:180,0
DA:181,0
DA:182,0
DA:183,0
DA:184,0
DA:185,0
DA:186,3
DA:187,3
DA:188,3
DA:189,3
DA:190,3
DA:191,3
DA:192,3
DA:193,3
DA:194,3
DA:195,3
DA:196,3
DA:197,3
DA:198,3
DA:199,3
DA:200,3
DA:201,3
DA:202,3
LF:202
LH:176
BRDA:37,0,0,3
BRDA:156,1,0,0
BRDA:157,2,0,0
BRDA:157,3,0,0
BRDA:170,4,0,0
BRDA:195,5,0,0
BRDA:38,6,0,3
BRDA:44,7,0,3
BRDA:49,8,0,7
BRDA:55,9,0,0
BRDA:57,10,0,0
BRDA:64,11,0,1
BRDA:68,12,0,0
BRDA:69,13,0,0
BRDA:84,14,0,6
BRDA:88,15,0,0
BRDA:90,16,0,3
BRDA:91,17,0,3
BRDA:92,18,0,0
BRDA:95,19,0,0
BRDA:100,20,0,0
BRDA:110,21,0,6
BRDA:112,22,0,0
BRDA:161,23,0,1
BRDA:191,24,0,12
BRF:25
BRH:11
end_of_record
TN:
SF:src/components/AppHeader.tsx
FN:1,(empty-report)
FNF:1
FNH:0
FNDA:0,(empty-report)
DA:1,0
DA:2,0
DA:3,0
DA:4,0
DA:5,0
DA:6,0
DA:7,0
DA:8,0
DA:9,0
DA:10,0
DA:11,0
DA:12,0
DA:13,0
DA:14,0
DA:15,0
DA:16,0
DA:17,0
DA:18,0
DA:19,0
DA:20,0
DA:21,0
DA:22,0
DA:23,0
DA:24,0
LF:24
LH:0
BRDA:1,0,0,0
BRF:1
BRH:0
end_of_record
TN:
SF:src/components/NavDrawer.tsx
FN:16,NavDrawer
FN:47,handleKeyDown
FN:115,onClick
FN:138,onClick
FNF:4
FNH:2
FNDA:5,NavDrawer
FNDA:1,handleKeyDown
FNDA:0,onClick
FNDA:0,onClick
DA:1,1
DA:2,1
DA:3,1
DA:4,1
DA:5,1
DA:6,1
DA:7,1
DA:8,1
DA:9,1
DA:10,1
DA:11,1
DA:12,1
DA:13,1
DA:14,1
DA:15,1
DA:16,1
DA:17,5
DA:18,5
DA:19,5
DA:20,5
DA:21,5
DA:22,5
DA:23,5
DA:24,5
DA:25,5
DA:26,5
DA:27,5
DA:28,5
DA:29,5
DA:30,5
DA:31,5
DA:32,5
DA:33,5
DA:34,5
DA:35,4
DA:36,4
DA:37,4
DA:38,5
DA:39,5
DA:40,5
DA:41,5
DA:42,3
DA:43,3
DA:44,3
DA:45,3
DA:46,3
DA:47,3
DA:48,1
DA:49,1
DA:50,1
DA:51,1
DA:52,1
DA:53,0
DA:54,0
DA:55,0
DA:56,0
DA:57,0
DA:58,0
DA:59,0
DA:60,0
DA:61,0
DA:62,0
DA:63,0
DA:64,0
DA:65,0
DA:66,0
DA:67,0
DA:68,0
DA:69,0
DA:70,0
DA:71,1
DA:72,3
DA:73,3
DA:74,3
DA:75,0
DA:76,0
DA:77,0
DA:78,5
DA:79,5
DA:80,5
DA:81,5
DA:82,5
DA:83,5
DA:84,5
DA:85,5
DA:86,5
DA:87,5
DA:88,5
DA:89,5
DA:90,5
DA:91,5
DA:92,5
DA:93,5
DA:94,5
DA:95,5
DA:96,5
DA:97,5
DA:98,5
DA:99,5
DA:100,5
DA:101,5
DA:102,5
DA:103,3
DA:104,3
DA:105,3
DA:106,3
DA:107,3
DA:108,3
DA:109,3
DA:110,3
DA:111,2
DA:112,1
DA:113,3
DA:114,3
DA:115,3
DA:116,3
DA:117,3
DA:118,3
DA:119,3
DA:120,5
DA:121,5
DA:122,5
DA:123,1
DA:124,1
DA:125,1
DA:126,1
DA:127,1
DA:128,1
DA:129,1
DA:130,1
DA:131,1
DA:132,1
DA:133,1
DA:134,0
DA:135,1
DA:136,1
DA:137,1
DA:138,1
DA:139,1
DA:140,1
DA:141,1
DA:142,1
DA:143,1
DA:144,1
DA:145,4
DA:146,5
DA:147,5
DA:148,5
DA:149,5
LF:149
LH:127
BRDA:16,0,0,5
BRDA:29,1,0,0
BRDA:80,2,0,0
BRDA:122,3,0,1
BRDA:122,4,0,1
BRDA:144,5,0,4
BRDA:34,6,0,4
BRDA:41,7,0,3
BRDA:43,8,0,0
BRDA:74,9,0,0
BRDA:47,10,0,1
BRDA:52,11,0,0
BRDA:73,12,0,3
BRDA:102,13,0,3
BRDA:103,14,0,1
BRDA:110,15,0,2
BRDA:111,16,0,1
BRDA:114,17,0,2
BRDA:114,18,0,1
BRDA:125,19,0,1
BRDA:133,20,0,0
BRDA:137,21,0,0
BRF:22
BRH:15
end_of_record
TN:
SF:src/components/NewAgentButton.tsx
FN:1,(empty-report)
FNF:1
FNH:0
FNDA:0,(empty-report)
DA:1,0
DA:2,0
DA:3,0
DA:4,0
DA:5,0
DA:6,0
DA:7,0
DA:8,0
DA:9,0
DA:10,0
DA:11,0
DA:12,0
DA:13,0
DA:14,0
DA:15,0
DA:16,0
DA:17,0
DA:18,0
LF:18
LH:0
BRDA:1,0,0,0
BRF:1
BRH:0
end_of_record
TN:
SF:src/components/ProfileMenu.tsx
FN:12,ProfileMenu
FN:20,onToggle
FN:21,onClose
FN:25,onDoc
FN:61,onClick
FN:68,onClick
FN:78,onClick
FN:84,onClose
FNF:8
FNH:6
FNDA:8,ProfileMenu
FNDA:3,onToggle
FNDA:3,onClose
FNDA:2,onDoc
FNDA:0,onClick
FNDA:1,onClick
FNDA:1,onClick
FNDA:0,onClose
DA:1,1
DA:2,1
DA:3,1
DA:4,1
DA:5,1
DA:6,1
DA:7,1
DA:8,1
DA:9,1
DA:10,1
DA:11,1
DA:12,1
DA:13,8
DA:14,8
DA:15,8
DA:16,8
DA:17,8
DA:18,8
DA:19,8
DA:20,8
DA:21,8
DA:22,8
DA:23,8
DA:24,8
DA:25,3
DA:26,2
DA:27,2
DA:28,2
DA:29,2
DA:30,2
DA:31,2
DA:32,3
DA:33,3
DA:34,8
DA:35,8
DA:36,8
DA:37,8
DA:38,8
DA:39,8
DA:40,8
DA:41,8
DA:42,8
DA:43,8
DA:44,8
DA:45,8
DA:46,8
DA:47,8
DA:48,8
DA:49,8
DA:50,0
DA:51,8
DA:52,8
DA:53,8
DA:54,3
DA:55,3
DA:56,3
DA:57,3
DA:58,3
DA:59,3
DA:60,3
DA:61,3
DA:62,3
DA:63,3
DA:64,3
DA:65,3
DA:66,3
DA:67,3
DA:68,3
DA:69,1
DA:70,1
DA:71,1
DA:72,3
DA:73,3
DA:74,3
DA:75,3
DA:76,3
DA:77,3
DA:78,3
DA:79,3
DA:80,3
DA:81,3
DA:82,3
DA:83,5
DA:84,8
DA:85,8
DA:86,8
DA:87,8
LF:87
LH:86
BRDA:12,0,0,8
BRDA:43,1,0,3
BRDA:43,2,0,5
BRDA:49,3,0,0
BRDA:53,4,0,3
BRDA:82,5,0,5
BRDA:20,6,0,3
BRDA:20,7,0,3
BRDA:21,8,0,3
BRDA:23,9,0,8
BRDA:24,10,0,5
BRDA:24,11,0,3
BRDA:25,12,0,2
BRDA:27,13,0,0
BRDA:33,14,0,3
BRDA:68,15,0,1
BRDA:78,16,0,1
BRF:17
BRH:15
end_of_record
TN:
SF:src/components/TenantSelector.tsx
FN:3,TenantSelector
FNF:1
FNH:1
FNDA:1,TenantSelector
DA:1,1
DA:2,1
DA:3,1
DA:4,1
DA:5,1
LF:5
LH:5
BRDA:3,0,0,1
BRF:1
BRH:1
end_of_record
TN:
SF:src/components/TenantSwitcher.tsx
FN:9,TenantSwitcher
FN:24,onChange
FNF:2
FNH:2
FNDA:5,TenantSwitcher
FNDA:1,onChange
DA:1,1
DA:2,1
DA:3,1
DA:4,1
DA:5,1
DA:6,1
DA:7,1
DA:8,1
DA:9,1
DA:10,5
DA:11,5
DA:12,5
DA:13,5
DA:14,5
DA:15,5
DA:16,5
DA:17,5
DA:18,5
DA:19,5
DA:20,1
DA:21,1
DA:22,5
DA:23,5
DA:24,5
DA:25,1
DA:26,1
DA:27,1
DA:28,1
DA:29,1
DA:30,1
DA:31,1
DA:32,1
DA:33,1
DA:34,1
DA:35,1
DA:36,1
DA:37,1
DA:38,1
DA:39,1
DA:40,1
DA:41,1
DA:42,1
DA:43,1
DA:44,1
DA:45,1
DA:46,1
DA:47,1
DA:48,1
DA:49,5
DA:50,5
DA:51,5
DA:52,5
DA:53,5
DA:54,5
DA:55,5
DA:56,5
DA:57,5
DA:58,5
DA:59,5
DA:60,5
DA:61,5
DA:62,5
DA:63,5
DA:64,5
DA:65,5
DA:66,5
DA:67,5
DA:68,10
DA:69,10
DA:70,10
DA:71,5
DA:72,5
DA:73,5
DA:74,5
DA:75,5
DA:76,5
DA:77,5
DA:78,5
DA:79,5
DA:80,2
DA:81,2
DA:82,2
DA:83,3
DA:84,5
DA:85,5
DA:86,5
LF:86
LH:86
BRDA:9,0,0,5
BRDA:13,1,0,0
BRDA:14,2,0,0
BRDA:50,3,0,0
BRDA:63,4,0,3
BRDA:63,5,0,2
BRDA:79,6,0,2
BRDA:82,7,0,3
BRDA:19,8,0,1
BRDA:24,9,0,1
BRDA:27,10,0,0
BRDA:67,11,0,10
BRF:12
BRH:8
end_of_record
TN:
SF:src/components/TenantSwitcherModal.tsx
FN:13,TenantSwitcherModal
FN:28,onKey
FN:41,onBackdrop
FN:46,onSelect
FN:81,onClick
FNF:5
FNH:4
FNDA:2,TenantSwitcherModal
FNDA:0,onKey
FNDA:1,onBackdrop
FNDA:1,onSelect
FNDA:1,onClick
DA:1,1
DA:2,1
DA:3,1
DA:4,1
DA:5,1
DA:6,1
DA:7,1
DA:8,1
DA:9,1
DA:10,1
DA:11,1
DA:12,1
DA:13,1
DA:14,2
DA:15,2
DA:16,2
DA:17,2
DA:18,2
DA:19,2
DA:20,2
DA:21,2
DA:22,2
DA:23,2
DA:24,2
DA:25,2
DA:26,2
DA:27,2
DA:28,2
DA:29,0
DA:30,0
DA:31,0
DA:32,0
DA:33,0
DA:34,2
DA:35,2
DA:36,2
DA:37,0
DA:38,0
DA:39,2
DA:40,2
DA:41,2
DA:42,1
DA:43,1
DA:44,1
DA:45,2
DA:46,2
DA:47,1
DA:48,0
DA:49,0
DA:50,0
DA:51,1
DA:52,1
DA:53,1
DA:54,1
DA:55,1
DA:56,1
DA:57,1
DA:58,1
DA:59,1
DA:60,2
DA:61,2
DA:62,2
DA:63,2
DA:64,2
DA:65,2
DA:66,2
DA:67,2
DA:68,2
DA:69,2
DA:70,2
DA:71,2
DA:72,2
DA:73,2
DA:74,4
DA:75,4
DA:76,4
DA:77,4
DA:78,4
DA:79,4
DA:80,4
DA:81,4
DA:82,4
DA:83,4
DA:84,4
DA:85,4
DA:86,4
DA:87,4
DA:88,2
DA:89,2
DA:90,2
DA:91,2
DA:92,2
DA:93,2
LF:93
LH:83
BRDA:13,0,0,2
BRDA:21,1,0,0
BRDA:22,2,0,0
BRDA:61,3,0,0
BRDA:24,4,0,2
BRDA:26,5,0,0
BRDA:36,6,0,0
BRDA:35,7,0,2
BRDA:41,8,0,1
BRDA:46,9,0,1
BRDA:47,10,0,0
BRDA:73,11,0,4
BRDA:80,12,0,2
BRDA:80,13,0,2
BRDA:84,14,0,2
BRDA:84,15,0,2
BRDA:81,16,0,1
BRF:17
BRH:11
end_of_record
TN:
SF:src/components/ThemeToggle.tsx
FN:7,ThemeToggle
FNF:1
FNH:1
FNDA:4,ThemeToggle
DA:1,1
DA:2,1
DA:3,1
DA:4,1
DA:5,1
DA:6,1
DA:7,1
DA:8,4
DA:9,4
DA:10,4
DA:11,4
DA:12,1
DA:13,3
DA:14,2
DA:15,1
DA:16,1
DA:17,4
DA:18,4
DA:19,4
DA:20,4
DA:21,4
DA:22,4
DA:23,4
DA:24,4
DA:25,4
DA:26,4
DA:27,4
DA:28,4
DA:29,4
DA:30,4
DA:31,4
DA:32,4
DA:33,4
DA:34,4
DA:35,4
DA:36,4
DA:37,4
DA:38,4
DA:39,4
LF:39
LH:39
BRDA:7,0,0,4
BRDA:11,1,0,1
BRDA:12,2,0,3
BRDA:13,3,0,2
BRDA:14,4,0,1
BRDA:35,5,0,1
BRDA:35,6,0,3
BRF:7
BRH:7
end_of_record
TN:
SF:src/components/TopBar.tsx
FN:14,NavLink
FN:31,TopBar
FN:54,onScroll
FN:77,onClick
FN:126,onClose
FNF:5
FNH:5
FNDA:64,NavLink
FNDA:18,TopBar
FNDA:13,onScroll
FNDA:1,onClick
FNDA:1,onClose
DA:1,1
DA:2,1
DA:3,1
DA:4,1
DA:5,1
DA:6,1
DA:7,1
DA:8,1
DA:9,1
DA:10,1
DA:11,1
DA:12,1
DA:13,1
DA:14,64
DA:15,64
DA:16,64
DA:17,64
DA:18,64
DA:19,64
DA:20,64
DA:21,64
DA:22,64
DA:23,64
DA:24,64
DA:25,64
DA:26,64
DA:27,64
DA:28,64
DA:29,64
DA:30,1
DA:31,1
DA:32,18
DA:33,18
DA:34,18
DA:35,18
DA:36,18
DA:37,18
DA:38,18
DA:39,18
DA:40,18
DA:41,18
DA:42,18
DA:43,18
DA:44,18
DA:45,18
DA:46,18
DA:47,18
DA:48,18
DA:49,18
DA:50,18
DA:51,18
DA:52,18
DA:53,18
DA:54,12
DA:55,13
DA:56,13
DA:57,13
DA:58,12
DA:59,12
DA:60,12
DA:61,18
DA:62,18
DA:63,18
DA:64,18
DA:65,18
DA:66,18
DA:67,18
DA:68,18
DA:69,18
DA:70,18
DA:71,18
DA:72,18
DA:73,18
DA:74,18
DA:75,18
DA:76,18
DA:77,18
DA:78,18
DA:79,18
DA:80,18
DA:81,18
DA:82,18
DA:83,18
DA:84,18
DA:85,18
DA:86,18
DA:87,18
DA:88,18
DA:89,18
DA:90,18
DA:91,18
DA:92,72
DA:93,72
DA:94,72
DA:95,18
DA:96,18
DA:97,0
DA:98,0
DA:99,0
DA:100,0
DA:101,0
DA:102,0
DA:103,0
DA:104,0
DA:105,0
DA:106,0
DA:107,18
DA:108,18
DA:109,18
DA:110,18
DA:111,2
DA:112,2
DA:113,2
DA:114,2
DA:115,2
DA:116,2
DA:117,16
DA:118,18
DA:119,18
DA:120,18
DA:121,18
DA:122,18
DA:123,18
DA:124,18
DA:125,18
DA:126,18
DA:127,18
DA:128,18
DA:129,18
DA:130,18
DA:131,18
DA:132,18
DA:133,18
DA:134,18
DA:135,18
DA:136,18
DA:137,18
DA:138,18
DA:139,18
LF:139
LH:129
BRDA:14,0,0,64
BRDA:15,1,0,0
BRDA:16,2,0,49
BRDA:20,3,0,15
BRDA:20,4,0,49
BRDA:31,5,0,18
BRDA:32,6,0,0
BRDA:34,7,0,2
BRDA:35,8,0,2
BRDA:65,9,0,3
BRDA:65,10,0,15
BRDA:68,11,0,3
BRDA:86,12,0,17
BRDA:86,13,0,1
BRDA:96,14,0,0
BRDA:110,15,0,2
BRDA:116,16,0,16
BRDA:119,17,0,2
BRDA:119,18,0,16
BRDA:38,19,0,52
BRDA:38,20,0,51
BRDA:53,21,0,12
BRDA:54,22,0,13
BRDA:60,23,0,12
BRDA:77,24,0,1
BRDA:91,25,0,72
BRDA:126,26,0,1
BRF:27
BRH:24
end_of_record
TN:
SF:src/components/useInviteToasts.tsx
FN:11,useInviteToasts
FNF:1
FNH:0
FNDA:0,useInviteToasts
DA:1,1
DA:2,1
DA:3,1
DA:4,1
DA:5,1
DA:6,1
DA:7,1
DA:8,1
DA:9,1
DA:10,1
DA:11,1
DA:12,0
DA:13,0
DA:14,0
DA:15,0
DA:16,0
DA:17,0
DA:18,0
DA:19,0
DA:20,0
DA:21,0
DA:22,0
DA:23,0
DA:24,0
DA:25,0
DA:26,0
DA:27,0
DA:28,0
DA:29,0
DA:30,0
DA:31,0
DA:32,0
LF:32
LH:11
BRF:0
BRH:0
end_of_record
TN:
SF:src/components/useMembersToasts.tsx
FN:6,useMembersToasts
FNF:1
FNH:1
FNDA:1,useMembersToasts
DA:1,1
DA:2,1
DA:3,1
DA:4,1
DA:5,1
DA:6,1
DA:7,1
DA:8,1
DA:9,1
DA:10,0
DA:11,0
DA:12,0
DA:13,0
DA:14,1
DA:15,0
DA:16,0
DA:17,0
DA:18,0
DA:19,1
DA:20,1
DA:21,1
LF:21
LH:13
BRDA:6,0,0,1
BRDA:8,1,0,1
BRDA:9,2,0,0
BRDA:14,3,0,0
BRDA:19,4,0,0
BRF:5
BRH:2
end_of_record
TN:
SF:src/components/useNotificationsToasts.tsx
FN:8,useNotificationsToasts
FNF:1
FNH:1
FNDA:2,useNotificationsToasts
DA:1,1
DA:2,1
DA:3,1
DA:4,1
DA:5,1
DA:6,1
DA:7,1
DA:8,1
DA:9,2
DA:10,2
DA:11,2
DA:12,2
DA:13,2
DA:14,2
DA:15,2
DA:16,2
DA:17,0
DA:18,0
DA:19,0
DA:20,0
DA:21,0
DA:22,0
DA:23,0
DA:24,0
DA:25,0
DA:26,0
DA:27,2
DA:28,2
LF:28
LH:18
BRDA:8,0,0,2
BRDA:11,1,0,2
BRDA:12,2,0,0
BRDA:16,3,0,0
BRF:4
BRH:2
end_of_record
TN:
SF:src/components/ui/ActionTile.tsx
FN:13,ActionTile
FNF:1
FNH:1
FNDA:3,ActionTile
DA:1,1
DA:2,1
DA:3,1
DA:4,1
DA:5,1
DA:6,1
DA:7,1
DA:8,1
DA:9,1
DA:10,1
DA:11,1
DA:12,1
DA:13,1
DA:14,3
DA:15,3
DA:16,3
DA:17,3
DA:18,3
DA:19,3
DA:20,3
DA:21,3
DA:22,3
DA:23,3
DA:24,3
DA:25,3
DA:26,3
DA:27,3
DA:28,0
DA:29,3
DA:30,3
DA:31,3
DA:32,3
DA:33,3
DA:34,3
DA:35,3
DA:36,3
LF:36
LH:35
BRDA:13,0,0,3
BRDA:27,1,0,0
BRF:2
BRH:1
end_of_record
TN:
SF:src/components/ui/Card.tsx
FN:9,Card
FNF:1
FNH:1
FNDA:11,Card
DA:1,1
DA:2,1
DA:3,1
DA:4,1
DA:5,1
DA:6,1
DA:7,1
DA:8,1
DA:9,1
DA:10,11
DA:11,11
DA:12,11
DA:13,11
DA:14,11
DA:15,11
DA:16,11
DA:17,11
DA:18,11
DA:19,10
DA:20,1
DA:21,11
DA:22,11
DA:23,11
DA:24,11
DA:25,11
DA:26,11
LF:26
LH:26
BRDA:9,0,0,11
BRDA:15,1,0,0
BRDA:17,2,0,0
BRDA:18,3,0,10
BRDA:19,4,0,1
BRF:5
BRH:3
end_of_record
TN:
SF:src/components/ui/Chip.tsx
FN:17,Chip
FNF:1
FNH:1
FNDA:6,Chip
DA:1,1
DA:2,1
DA:3,1
DA:4,1
DA:5,1
DA:6,1
DA:7,1
DA:8,1
DA:9,1
DA:10,1
DA:11,1
DA:12,1
DA:13,1
DA:14,1
DA:15,1
DA:16,1
DA:17,1
DA:18,6
DA:19,6
DA:20,6
DA:21,6
DA:22,6
DA:23,6
DA:24,6
DA:25,6
DA:26,6
DA:27,6
DA:28,6
DA:29,6
DA:30,6
LF:30
LH:30
BRDA:17,0,0,6
BRF:1
BRH:1
end_of_record
TN:
SF:src/components/ui/ConfirmDialog.tsx
FN:18,ConfirmDialog
FN:61,onClick
FNF:2
FNH:1
FNDA:27,ConfirmDialog
FNDA:0,onClick
DA:1,1
DA:2,1
DA:3,1
DA:4,1
DA:5,1
DA:6,1
DA:7,1
DA:8,1
DA:9,1
DA:10,1
DA:11,1
DA:12,1
DA:13,1
DA:14,1
DA:15,1
DA:16,1
DA:17,1
DA:18,1
DA:19,27
DA:20,27
DA:21,27
DA:22,27
DA:23,27
DA:24,27
DA:25,27
DA:26,27
DA:27,27
DA:28,27
DA:29,27
DA:30,0
DA:31,0
DA:32,0
DA:33,0
DA:34,27
DA:35,27
DA:36,27
DA:37,0
DA:38,0
DA:39,0
DA:40,0
DA:41,0
DA:42,0
DA:43,0
DA:44,0
DA:45,0
DA:46,0
DA:47,0
DA:48,0
DA:49,0
DA:50,0
DA:51,0
DA:52,0
DA:53,0
DA:54,27
DA:55,27
DA:56,27
DA:57,27
DA:58,27
DA:59,27
DA:60,27
DA:61,27
DA:62,0
DA:63,0
DA:64,0
DA:65,27
DA:66,27
DA:67,27
DA:68,27
DA:69,27
DA:70,27
DA:71,27
DA:72,27
LF:72
LH:48
BRDA:18,0,0,27
BRDA:36,1,0,0
BRDA:28,2,0,27
BRDA:29,3,0,0
BRF:4
BRH:2
end_of_record
TN:
SF:src/components/ui/ConfirmSubmitButton.tsx
FN:18,ConfirmSubmitButton
FN:29,onClick
FN:40,onClose
FNF:3
FNH:1
FNDA:27,ConfirmSubmitButton
FNDA:0,onClick
FNDA:0,onClose
DA:1,1
DA:2,1
DA:3,1
DA:4,1
DA:5,1
DA:6,1
DA:7,1
DA:8,1
DA:9,1
DA:10,1
DA:11,1
DA:12,1
DA:13,1
DA:14,1
DA:15,1
DA:16,1
DA:17,1
DA:18,27
DA:19,27
DA:20,27
DA:21,0
DA:22,0
DA:23,27
DA:24,27
DA:25,27
DA:26,27
DA:27,27
DA:28,27
DA:29,27
DA:30,0
DA:31,0
DA:32,0
DA:33,27
DA:34,27
DA:35,27
DA:36,27
DA:37,27
DA:38,27
DA:39,27
DA:40,27
DA:41,27
DA:42,27
DA:43,27
DA:44,27
DA:45,27
DA:46,27
DA:47,27
DA:48,27
DA:49,27
LF:49
LH:44
BRDA:18,0,0,27
BRDA:43,1,0,0
BRF:2
BRH:1
end_of_record
TN:
SF:src/components/ui/Stepper.tsx
FN:12,Stepper
FNF:1
FNH:1
FNDA:1,Stepper
DA:1,1
DA:2,1
DA:3,1
DA:4,1
DA:5,1
DA:6,1
DA:7,1
DA:8,1
DA:9,1
DA:10,1
DA:11,1
DA:12,1
DA:13,1
DA:14,1
DA:15,1
DA:16,1
DA:17,1
DA:18,1
DA:19,1
DA:20,5
DA:21,5
DA:22,5
DA:23,5
DA:24,5
DA:25,5
DA:26,5
DA:27,5
DA:28,5
DA:29,1
DA:30,4
DA:31,5
DA:32,5
DA:33,5
DA:34,5
DA:35,5
DA:36,5
DA:37,5
DA:38,1
DA:39,1
DA:40,1
DA:41,1
LF:41
LH:41
BRDA:12,0,0,1
BRDA:19,1,0,5
BRDA:24,2,0,1
BRDA:24,3,0,4
BRDA:28,4,0,1
BRDA:29,5,0,4
BRDA:35,6,0,1
BRDA:35,7,0,4
BRF:8
BRH:8
end_of_record
TN:
SF:src/components/ui/Toaster.tsx
FN:19,useToast
FN:27,useToastOptional
FN:31,ToastProvider
FNF:3
FNH:1
FNDA:0,useToast
FNDA:3,useToastOptional
FNDA:0,ToastProvider
DA:1,1
DA:2,1
DA:3,1
DA:4,1
DA:5,1
DA:6,1
DA:7,1
DA:8,1
DA:9,1
DA:10,1
DA:11,1
DA:12,1
DA:13,1
DA:14,1
DA:15,1
DA:16,1
DA:17,1
DA:18,1
DA:19,1
DA:20,0
DA:21,0
DA:22,0
DA:23,0
DA:24,1
DA:25,1
DA:26,1
DA:27,1
DA:28,3
DA:29,3
DA:30,1
DA:31,1
DA:32,0
DA:33,0
DA:34,0
DA:35,0
DA:36,0
DA:37,0
DA:38,0
DA:39,0
DA:40,0
DA:41,0
DA:42,0
DA:43,0
DA:44,0
DA:45,0
DA:46,0
DA:47,0
DA:48,0
DA:49,0
DA:50,0
DA:51,0
DA:52,0
DA:53,0
DA:54,0
DA:55,0
DA:56,0
DA:57,0
DA:58,0
DA:59,0
DA:60,0
DA:61,0
DA:62,0
DA:63,0
DA:64,0
DA:65,0
DA:66,0
DA:67,0
DA:68,0
DA:69,0
DA:70,0
DA:71,0
DA:72,0
DA:73,0
LF:73
LH:27
BRDA:27,0,0,3
BRF:1
BRH:1
end_of_record
TN:
SF:src/lib/cn.ts
FN:3,cn
FNF:1
FNH:1
FNDA:122,cn
DA:1,1
DA:2,1
DA:3,1
DA:4,122
DA:5,122
LF:5
LH:5
BRDA:3,0,0,122
BRF:1
BRH:1
end_of_record
TN:
SF:src/lib/roles.ts
FN:21,deriveFlagsFromLegacy
FN:38,getFlagRoles
FN:47,computeBooleansForTenant
FN:60,has
FN:70,dedupe
FN:84,roleNamesFromFlags
FNF:6
FNH:6
FNDA:11,deriveFlagsFromLegacy
FNDA:10,getFlagRoles
FNDA:9,computeBooleansForTenant
FNDA:54,has
FNDA:1,dedupe
FNDA:56,roleNamesFromFlags
DA:1,1
DA:2,1
DA:3,1
DA:4,1
DA:5,1
DA:6,1
DA:7,1
DA:8,1
DA:9,1
DA:10,1
DA:11,1
DA:12,1
DA:13,1
DA:14,1
DA:15,1
DA:16,1
DA:17,1
DA:18,1
DA:19,1
DA:20,1
DA:21,1
DA:22,11
DA:23,11
DA:24,11
DA:25,5
DA:26,11
DA:27,2
DA:28,11
DA:29,11
DA:30,4
DA:31,11
DA:32,11
DA:33,1
DA:34,1
DA:35,1
DA:36,1
DA:37,1
DA:38,1
DA:39,10
DA:40,10
DA:41,7
DA:42,7
DA:43,1
DA:44,1
DA:45,1
DA:46,1
DA:47,1
DA:48,9
DA:49,9
DA:50,9
DA:51,9
DA:52,9
DA:53,9
DA:54,9
DA:55,9
DA:56,9
DA:57,9
DA:58,9
DA:59,9
DA:60,9
DA:61,9
DA:62,9
DA:63,9
DA:64,9
DA:65,9
DA:66,9
DA:67,9
DA:68,9
DA:69,1
DA:70,1
DA:71,1
DA:72,1
DA:73,1
DA:74,1
DA:75,1
DA:76,1
DA:77,1
DA:78,1
DA:79,1
DA:80,1
DA:81,1
DA:82,1
DA:83,1
DA:84,1
DA:85,56
DA:86,55
DA:87,56
DA:88,55
DA:89,55
LF:89
LH:89
BRDA:21,0,0,11
BRDA:23,1,0,2
BRDA:24,2,0,5
BRDA:26,3,0,2
BRDA:28,4,0,4
BRDA:29,5,0,4
BRDA:38,6,0,10
BRDA:39,7,0,2
BRDA:39,8,0,8
BRDA:40,9,0,1
BRDA:40,10,0,1
BRDA:40,11,0,1
BRDA:40,12,0,7
BRDA:47,13,0,9
BRDA:57,14,0,0
BRDA:58,15,0,8
BRDA:58,16,0,1
BRDA:58,17,0,1
BRDA:63,18,0,6
BRDA:64,19,0,6
BRDA:65,20,0,2
BRDA:65,21,0,2
BRDA:65,22,0,2
BRDA:58,23,0,9
BRDA:60,24,0,54
BRDA:70,25,0,1
BRDA:84,26,0,56
BRDA:85,27,0,1
BRDA:85,28,0,55
BRDA:87,29,0,220
BRDA:87,30,0,59
BRDA:87,31,0,55
BRF:32
BRH:31
end_of_record
TN:
SF:src/theme/ColorSchemeContext.tsx
FN:18,applyHtmlAttributes
FN:32,ColorSchemeProvider
FN:59,handler
FN:114,useColorScheme
FNF:4
FNH:3
FNDA:4,applyHtmlAttributes
FNDA:5,ColorSchemeProvider
FNDA:0,handler
FNDA:4,useColorScheme
DA:1,1
DA:2,1
DA:3,1
DA:4,1
DA:5,1
DA:6,1
DA:7,1
DA:8,1
DA:9,1
DA:10,1
DA:11,1
DA:12,1
DA:13,1
DA:14,1
DA:15,1
DA:16,1
DA:17,1
DA:18,4
DA:19,4
DA:20,4
DA:21,4
DA:22,4
DA:23,4
DA:24,4
DA:25,4
DA:26,1
DA:27,4
DA:28,3
DA:29,3
DA:30,4
DA:31,1
DA:32,1
DA:33,5
DA:34,5
DA:35,5
DA:36,5
DA:37,5
DA:38,1
DA:39,1
DA:40,1
DA:41,1
DA:42,1
DA:43,1
DA:44,1
DA:45,0
DA:46,0
DA:47,5
DA:48,5
DA:49,5
DA:50,5
DA:51,4
DA:52,4
DA:53,1
DA:54,1
DA:55,4
DA:56,4
DA:57,4
DA:58,0
DA:59,0
DA:60,0
DA:61,4
DA:62,5
DA:63,5
DA:64,5
DA:65,5
DA:66,2
DA:67,2
DA:68,2
DA:69,2
DA:70,0
DA:71,0
DA:72,2
DA:73,2
DA:74,5
DA:75,5
DA:76,5
DA:77,5
DA:78,2
DA:79,5
DA:80,5
DA:81,5
DA:82,5
DA:83,1
DA:84,1
DA:85,1
DA:86,1
DA:87,0
DA:88,0
DA:89,1
DA:90,1
DA:91,5
DA:92,5
DA:93,5
DA:94,5
DA:95,5
DA:96,5
DA:97,5
DA:98,5
DA:99,5
DA:100,5
DA:101,4
DA:102,4
DA:103,4
DA:104,4
DA:105,4
DA:106,4
DA:107,4
DA:108,5
DA:109,5
DA:110,5
DA:111,5
DA:112,5
DA:113,1
DA:114,1
DA:115,4
DA:116,4
DA:117,4
DA:118,4
LF:118
LH:109
BRDA:18,0,0,4
BRDA:19,1,0,0
BRDA:22,2,0,0
BRDA:23,3,0,2
BRDA:23,4,0,1
BRDA:25,5,0,1
BRDA:25,6,0,1
BRDA:27,7,0,3
BRDA:32,8,0,5
BRDA:37,9,0,1
BRDA:44,10,0,0
BRDA:50,11,0,4
BRDA:52,12,0,1
BRDA:53,13,0,1
BRDA:57,14,0,0
BRDA:65,15,0,2
BRDA:69,16,0,0
BRDA:77,17,0,2
BRDA:78,18,0,1
BRDA:78,19,0,1
BRDA:78,20,0,0
BRDA:82,21,0,1
BRDA:85,22,0,0
BRDA:86,23,0,0
BRDA:95,24,0,1
BRDA:100,25,0,4
BRDA:114,26,0,4
BRDA:116,27,0,0
BRF:28
BRH:19
end_of_record
TN:
SF:src/theme/themeOptions.ts
FNF:0
FNH:0
DA:1,1
DA:2,1
DA:3,1
DA:4,1
DA:5,1
DA:6,1
DA:7,1
DA:8,1
DA:9,1
DA:10,1
DA:11,1
DA:12,1
DA:13,1
DA:14,1
DA:15,1
DA:16,1
DA:17,1
DA:18,1
DA:19,1
DA:20,1
DA:21,1
DA:22,1
DA:23,1
DA:24,1
LF:24
LH:24
BRF:0
BRH:0
end_of_record
